2019-07-18 14:54:24,404 - VD1 - INFO - ORG NAME:IPC00188
2019-07-18 14:54:31,191 - VD1 - DEBUG - {
  "versanms.sdwan-org-workflow": {
    "orgName": "IPC00188",
    "globalId": "88",
    "parentOrg": "Colt",
    "ikeAuthType": "psk",
    "sharedControlPlane": false,
    "controllers": ["NV-WC01-N1-HKG", "NV-WC02-N6-SIN", "NV-WC02-N1-HKG", "NV-WC01-N6-SIN"],
    "vrfs": [{ "name": "LAN1-VRF", "id": "1000", "enableVPN": "true", "tooltip": "" }],
    "supportedRoles": []
  }
}
2019-07-18 14:54:32,237 - VD1 - INFO - <Response [500]>
2019-07-18 14:54:32,239 - VD1 - INFO - {"error":{"http_status_code":500,"code":0,"message":"Another org workflow with the same name already exists: IPC00188","more_info":"http://nms.versa.com/errors/null"}}
2019-07-18 14:54:32,246 - VD1 - INFO - FAIL : {"error":{"http_status_code":500,"code":0,"message":"Another org workflow with the same name already exists: IPC00188","more_info":"http://nms.versa.com/errors/null"}}
2019-07-18 14:54:32,246 - VD1 - INFO - 
********************
RESULT:
ORG DEPLOYMENT : FAIL : {"error":{"http_status_code":500,"code":0,"message":"Another org workflow with the same name already exists: IPC00188","more_info":"http://nms.versa.com/errors/null"}}

********************

