2019-05-28 18:04:54,213 - VD1 - INFO - ORG NAME:SA2
2019-05-28 18:05:59,773 - VD1 - DEBUG - {
  "versanms.sdwan-org-workflow": {
    "orgName": "SA2",
    "globalId": "35",
    "parentOrg": "Colt",
    "ikeAuthType": "psk",
    "sharedControlPlane": false,
    "controllers": ["NV-WC01-N3-GGN", "NV-WC02-N1-HKG", "NV-WC01-N1-HKG"],
    "vrfs": [{ "name": "LAN1-VRF", "id": "470", "enableVPN": "true", "tooltip": "" }],
    "supportedRoles": []
  }
}
2019-05-28 18:06:33,944 - VD1 - INFO - <Response [200]>
2019-05-28 18:06:43,108 - VD1 - INFO - PASS
2019-05-28 18:07:52,387 - VD1 - INFO - 16584
2019-05-28 18:13:36,032 - VD1 - INFO - FAILED : com.versa.vnms.cdbadaptor.common.exception.ProcessingFailureException: Controller details not found for: NV-WC01-N1-HKG
2019-05-28 18:13:41,349 - VD1 - INFO - 
********************
RESULT:
ORG DEPLOYMENT : FAILED : com.versa.vnms.cdbadaptor.common.exception.ProcessingFailureException: Controller details not found for: NV-WC01-N1-HKG

********************

