2019-05-29 11:47:45,099 - VD1 - INFO - ORG NAME:SAMPLE205
2019-05-29 11:47:49,862 - VD1 - DEBUG - {
  "versanms.sdwan-org-workflow": {
    "orgName": "SAMPLE205",
    "globalId": "205",
    "parentOrg": "Colt",
    "ikeAuthType": "psk",
    "sharedControlPlane": false,
    "controllers": ["NV-WC01-N3-GGN", "NV-WC02-N1-HKG", "NV-WC01-N6-SIN", "NV-WC02-N6-SIN"],
    "vrfs": [{ "name": "LAN1-VRF", "id": "2170", "enableVPN": "true", "tooltip": "" }],
    "supportedRoles": []
  }
}
2019-05-29 11:47:51,148 - VD1 - INFO - <Response [500]>
2019-05-29 11:47:51,148 - VD1 - INFO - {"error":{"http_status_code":500,"code":0,"message":" Global Id: 205 is already configured.","more_info":"http://nms.versa.com/errors/null"}}
2019-05-29 11:47:51,148 - VD1 - INFO - FAIL : {"error":{"http_status_code":500,"code":0,"message":" Global Id: 205 is already configured.","more_info":"http://nms.versa.com/errors/null"}}
2019-05-29 11:47:51,164 - VD1 - INFO - 
********************
RESULT:
ORG DEPLOYMENT : FAIL : {"error":{"http_status_code":500,"code":0,"message":" Global Id: 205 is already configured.","more_info":"http://nms.versa.com/errors/null"}}

********************

