2020-05-07 17:10:06,368 - VD1 - DEBUG - <netmiko.versa.versa_ssh.VersaSSH object at 0x000000001064A198>
2020-05-07 17:10:11,572 - VD1 - DEBUG - versa: Automated@VDir-BLR-NEW-01>
2020-05-07 17:10:16,615 - CPE26-SIN-DUAL-CPE-HYB-IPC00190-P - DEBUG - <netmiko.versa.versa_ssh.VersaSSH object at 0x0000000010689198>
2020-05-07 17:10:21,819 - CPE26-SIN-DUAL-CPE-HYB-IPC00190-P - DEBUG - versa: Automated@VDir-BLR-NEW-01>
2020-05-07 17:10:43,822 - CPE27-SIN-DUAL-CPE-HYB-IPC00190-S - DEBUG - <netmiko.versa.versa_ssh.VersaSSH object at 0x0000000010695128>
2020-05-07 17:10:49,026 - CPE27-SIN-DUAL-CPE-HYB-IPC00190-S - DEBUG - versa: Automated@VDir-BLR-NEW-01>
2020-05-07 17:10:54,048 - CPE26-SIN-DUAL-CPE-HYB-IPC00190-P - INFO - 
DELETE Service Object

2020-05-07 17:10:56,477 - CPE26-SIN-DUAL-CPE-HYB-IPC00190-P - ERROR - 
2020-05-07 17:10:56,483 - CPE26-SIN-DUAL-CPE-HYB-IPC00190-P - INFO - 
FAIL : 
2020-05-07 17:10:56,483 - CPE26-SIN-DUAL-CPE-HYB-IPC00190-P - INFO - >>>>>>>>>> ADDRESS OBJECT DELETION FAILED. <<<<<<<<<<<
2020-05-07 17:10:56,486 - CPE26-SIN-DUAL-CPE-HYB-IPC00190-P - INFO - 
DELETE IPaddress Object

2020-05-07 17:10:57,221 - CPE26-SIN-DUAL-CPE-HYB-IPC00190-P - ERROR - 
2020-05-07 17:10:57,226 - CPE26-SIN-DUAL-CPE-HYB-IPC00190-P - INFO - 
FAIL : 
2020-05-07 17:10:57,226 - CPE26-SIN-DUAL-CPE-HYB-IPC00190-P - INFO - >>>>>>>>>> ADDRESS OBJECT DELETION FAILED. <<<<<<<<<<<
2020-05-07 17:10:57,230 - CPE26-SIN-DUAL-CPE-HYB-IPC00190-P - INFO - 
DELETE IPaddress Object

2020-05-07 17:10:57,957 - CPE26-SIN-DUAL-CPE-HYB-IPC00190-P - ERROR - 
2020-05-07 17:10:57,960 - CPE26-SIN-DUAL-CPE-HYB-IPC00190-P - INFO - 
FAIL : 
2020-05-07 17:10:57,960 - CPE26-SIN-DUAL-CPE-HYB-IPC00190-P - INFO - >>>>>>>>>> ADDRESS OBJECT DELETION FAILED. <<<<<<<<<<<
2020-05-07 17:10:57,963 - CPE26-SIN-DUAL-CPE-HYB-IPC00190-P - INFO - 
DELETE FWD PROFILE

2020-05-07 17:10:58,742 - CPE26-SIN-DUAL-CPE-HYB-IPC00190-P - ERROR - 
2020-05-07 17:10:58,746 - CPE26-SIN-DUAL-CPE-HYB-IPC00190-P - INFO - 
FAIL : 
2020-05-07 17:10:58,746 - CPE26-SIN-DUAL-CPE-HYB-IPC00190-P - INFO - >>>>>>>>>> FORWARDING PROFILE DELETION FAILED. <<<<<<<<<<<
2020-05-07 17:10:58,750 - CPE26-SIN-DUAL-CPE-HYB-IPC00190-P - INFO - 
DELETE SLA profile

2020-05-07 17:10:59,483 - CPE26-SIN-DUAL-CPE-HYB-IPC00190-P - ERROR - 
2020-05-07 17:10:59,486 - CPE26-SIN-DUAL-CPE-HYB-IPC00190-P - INFO - 
FAIL : 
2020-05-07 17:10:59,487 - CPE26-SIN-DUAL-CPE-HYB-IPC00190-P - INFO - >>>>>>>>>> DELETE SLA Profile FAILED. <<<<<<<<<<<
