2019-11-26 16:35:06,278 - CPE12-HKG-HYBRD-IPC00190 - INFO - LOG FILE PATH : /home/sathish123/PycharmProjects/NV_REPOSITORY/csit/LOGS/2019_11_26_16_35_02_976539/MAIN.log
2019-11-26 16:35:06,279 - CPE12-HKG-HYBRD-IPC00190 - INFO - CPE NAME:CPE12-HKG-HYBRD-IPC00190
2019-11-26 16:35:07,280 - CPE12-HKG-HYBRD-IPC00190 - INFO - SOLUTION SELECTED:SINGLE-CPE-HYBRID
2019-11-26 16:35:07,583 - CPE12-HKG-HYBRD-IPC00190 - DEBUG - {u'versanms.sdwan-org-workflow': {u'ikeAuthType': u'psk', u'globalId': 90, u'orgName': u'IPC00190', u'controllers': [u'NV-WC01-N1-HKG', u'NV-WC01-N6-SIN', u'NV-WC02-N1-HKG', u'NV-WC02-N6-SIN'], u'bandwidth': 10, u'parentOrg': u'Colt', u'vrfs': [{u'name': u'LAN1-VRF', u'enableVPN': True, u'id': 1020}, {u'name': u'LAN2-VRF', u'enableVPN': True, u'id': 1021}, {u'name': u'LAN3-VRF', u'enableVPN': True, u'id': 1022}, {u'name': u'LAN4-VRF', u'enableVPN': True, u'id': 1023}, {u'name': u'LAN5-VRF', u'enableVPN': True, u'id': 1024}, {u'name': u'LAN6-VRF', u'enableVPN': True, u'id': 1025}, {u'name': u'LAN7-VRF', u'enableVPN': True, u'id': 1026}, {u'name': u'LAN8-VRF', u'enableVPN': True, u'id': 1027}, {u'name': u'LAN9-VRF', u'enableVPN': True, u'id': 1028}, {u'name': u'LAN10-VRF', u'enableVPN': True, u'id': 1029}], u'solutionTier': u'base-sdwan', u'sharedControlPlane': False}}
2019-11-26 16:35:07,584 - CPE12-HKG-HYBRD-IPC00190 - INFO - 
STEP :CHECK ORG is available in Controller NV-WC01-N1-HKG
2019-11-26 16:35:07,584 - CPE12-HKG-HYBRD-IPC00190 - INFO - PASS
2019-11-26 16:35:07,849 - CPE12-HKG-HYBRD-IPC00190 - DEBUG - {u'versanms.sdwan-org-workflow': {u'ikeAuthType': u'psk', u'globalId': 90, u'orgName': u'IPC00190', u'controllers': [u'NV-WC01-N1-HKG', u'NV-WC01-N6-SIN', u'NV-WC02-N1-HKG', u'NV-WC02-N6-SIN'], u'bandwidth': 10, u'parentOrg': u'Colt', u'vrfs': [{u'name': u'LAN1-VRF', u'enableVPN': True, u'id': 1020}, {u'name': u'LAN2-VRF', u'enableVPN': True, u'id': 1021}, {u'name': u'LAN3-VRF', u'enableVPN': True, u'id': 1022}, {u'name': u'LAN4-VRF', u'enableVPN': True, u'id': 1023}, {u'name': u'LAN5-VRF', u'enableVPN': True, u'id': 1024}, {u'name': u'LAN6-VRF', u'enableVPN': True, u'id': 1025}, {u'name': u'LAN7-VRF', u'enableVPN': True, u'id': 1026}, {u'name': u'LAN8-VRF', u'enableVPN': True, u'id': 1027}, {u'name': u'LAN9-VRF', u'enableVPN': True, u'id': 1028}, {u'name': u'LAN10-VRF', u'enableVPN': True, u'id': 1029}], u'solutionTier': u'base-sdwan', u'sharedControlPlane': False}}
2019-11-26 16:35:07,850 - CPE12-HKG-HYBRD-IPC00190 - INFO - 
STEP :CHECK ORG is available in Controller NV-WC02-N6-SIN
2019-11-26 16:35:07,850 - CPE12-HKG-HYBRD-IPC00190 - INFO - PASS
2019-11-26 16:35:08,103 - CPE12-HKG-HYBRD-IPC00190 - DEBUG - {u'versanms.sdwan-org-workflow': {u'ikeAuthType': u'psk', u'globalId': 90, u'orgName': u'IPC00190', u'controllers': [u'NV-WC01-N1-HKG', u'NV-WC01-N6-SIN', u'NV-WC02-N1-HKG', u'NV-WC02-N6-SIN'], u'bandwidth': 10, u'parentOrg': u'Colt', u'vrfs': [{u'name': u'LAN1-VRF', u'enableVPN': True, u'id': 1020}, {u'name': u'LAN2-VRF', u'enableVPN': True, u'id': 1021}, {u'name': u'LAN3-VRF', u'enableVPN': True, u'id': 1022}, {u'name': u'LAN4-VRF', u'enableVPN': True, u'id': 1023}, {u'name': u'LAN5-VRF', u'enableVPN': True, u'id': 1024}, {u'name': u'LAN6-VRF', u'enableVPN': True, u'id': 1025}, {u'name': u'LAN7-VRF', u'enableVPN': True, u'id': 1026}, {u'name': u'LAN8-VRF', u'enableVPN': True, u'id': 1027}, {u'name': u'LAN9-VRF', u'enableVPN': True, u'id': 1028}, {u'name': u'LAN10-VRF', u'enableVPN': True, u'id': 1029}], u'solutionTier': u'base-sdwan', u'sharedControlPlane': False}}
2019-11-26 16:35:08,104 - CPE12-HKG-HYBRD-IPC00190 - INFO - 
STEP :CHECK ORG is available in Controller NV-WC02-N1-HKG
2019-11-26 16:35:08,104 - CPE12-HKG-HYBRD-IPC00190 - INFO - PASS
2019-11-26 16:35:08,104 - CPE12-HKG-HYBRD-IPC00190 - INFO - 
STEP :PRE-ONBOARD WORK
2019-11-26 16:35:08,157 - CPE12-HKG-HYBRD-IPC00190 - DEBUG - 
sudo /opt/versa/scripts/staging.py -w 1 -c 10.83.152.225 -s 172.16.7.46/30 -g 172.16.7.45 -l IPC00190-CPE12-HKG-HYBRD-IPC00190@colt.net -lk CPE12-HKG-HYBRD-IPC00190  -r NV-WC02-N1-HKG@colt.net -rk 1234

2019-11-26 16:35:08,158 - CPE12-HKG-HYBRD-IPC00190 - DEBUG - {
	"versanms.sdwan-device-workflow": {
		"deviceName": "CPE12-HKG-HYBRD-IPC00190",
		"siteId": "4279",
		"orgName": "IPC00190",
		"serialNumber": "CPE12NOVD90",
		"deviceGroup": "IPC00190-HKG-PS-HS-LIB-DG",
		"locationInfo": {
			"state": "karnataka",
			"country": "india",
			"longitude": "77.594563",
			"latitude": "12.971599",
			"city": "bangalore"
		},
		"postStagingTemplateInfo": {
			"templateName": "IPC00190-HKG-PS-HS-LIB",
			"templateData": {
				"device-template-variable": {
					"template": "IPC00190-HKG-PS-HS-LIB",
					"variable-binding": {
						"attrs": [{
							"name": "{$v_INT-WAN_IPv4__staticaddress}",
							"value": "172.16.6.46/30",
							"isAutogeneratable": false
						},
						
						    
						    
						    
						{ "name": "{$v_vni-0-4_LAN1_Unit-0__unit}", "value": "610", "isAutogeneratable": false},
						{ "name": "{$v_vni-0-4_LAN1_Unit-0__vlanId}", "value": "610", "isAutogeneratable": false },
						
						{
							"name": "{$v_IPC00190-Control-VR_90_Router_ID__vrRouteId}",
							"value": "20.20.90.12",
							"isAutogeneratable": true,
							"isOverwritten": false
						}, {
							"name": "{$v_IPC00190_NV-WC01-N1-HKG_Local_auth_email_key__IKELKey}",
							"value": "CPE12-HKG-HYBRD-IPC00190",
							"isAutogeneratable": true
						}, {
							"name": "{$v_IPC00190_NV-WC02-N1-HKG_Local_auth_email_key__IKELKey}",
							"value": "CPE12-HKG-HYBRD-IPC00190",
							"isAutogeneratable": true
						},
						
						
						
						{ "name": "{$v_LAN1_IPv4__staticaddress}", "value": "192.169.111.1/24", "isAutogeneratable": false},
						
						{
							"name": "{$v_IPC00190_NV-WC02-N1-HKG_Local_auth_email_identifier__IKELIdentifier}",
							"value": "CPE12-HKG-HYBRD-IPC00190@colt.net",
							"isAutogeneratable": true
						}, {
							"name": "{$v_Site_Id__siteSiteID}",
							"value": "4279",
							"isAutogeneratable": true
						}, {
							"name": "{$v_IPC00190_NV-WC01-N1-HKG_Local_auth_email_identifier__IKELIdentifier}",
							"value": "CPE12-HKG-HYBRD-IPC00190@colt.net",
							"isAutogeneratable": true
						}, {
							"name": "{$v_IPC00190_Site_Name__sitesSiteName}",
							"value": "CPE12-HKG-HYBRD-IPC00190",
							"isAutogeneratable": true
						}, {
							"name": "{$v_latitude__IdLatitude}",
							"value": "12.971599",
							"isAutogeneratable": true
						}, {
							"name": "{$v_identification__IdName}",
							"value": "CPE12-HKG-HYBRD-IPC00190",
							"isAutogeneratable": true
						}, {
							"name": "{$v_INT-WAN-Transport-VR_IPv4__vrHopAddress}",
							"value": "172.16.6.45",
							"isAutogeneratable": false
						},	{
						    "name": "{$v_tvi-0-180_-_Unit_0_Static_address__tunnelStaticAddress}",
							"value": "10.10.90.12/32",
							"isAutogeneratable": true,
							"isOverwritten": false
						}, {
							"name": "{$v_Chassis_Id__sitesChassisId}",
							"value": "CPE12NOVD90",
							"isAutogeneratable": true
						}, {
							"name": "{$v_longitude__Idlongitude}",
							"value": "77.594563",
							"isAutogeneratable": true
						}, {
							"name": "{$v_location__IdLocation}",
							"value": "bangalore,karnataka, india",
							"isAutogeneratable": true
						}, {
							"name": "{$v_IPC00190-Control-VR_90_Local_address__vrRouterAddress}",
							"value": "20.20.90.12",
							"isAutogeneratable": true,
							"isOverwritten": false
						}, {
							"name": "{$v_MPLS-WAN-Transport-VR_IPv4__vrHopAddress}",
							"value": "172.16.7.45",
							"isAutogeneratable": false
						}, {
							"name": "{$v_MPLS-WAN_IPv4__staticaddress}",
							"value": "172.16.7.46/30",
							"isAutogeneratable": false
						}, {
							"name": "{$v_tvi-0-181_-_Unit_0_Static_address__tunnelStaticAddress}",
							"value": "20.20.90.12/32",
							"isAutogeneratable": true,
							"isOverwritten": false
						}]
					}
				},
				"variableMetadata": [{
					"variable": "{$v_INT-WAN_IPv4__staticaddress}",
					"group": "Interfaces",
					"overlay": false,
					"type": "IPV4_MASK"
				},
                
                
                
				{"variable": "{$v_vni-0-4_LAN1_Unit-0__vlanId}", "group": "Vlan Info", "overlay": false, "type": "INTEGER"},
                
				{
					"variable": "{$v_IPC00190-Control-VR_90_Router_ID__vrRouteId}",
					"group": "Virtual Routers",
					"overlay": true,
					"type": "IPV4"
				}, {
					"variable": "{$v_IPC00190_NV-WC01-N1-HKG_Local_auth_email_key__IKELKey}",
					"group": "IPSEC",
					"overlay": false
				}, {
					"variable": "{$v_IPC00190_NV-WC02-N1-HKG_Local_auth_email_key__IKELKey}",
					"group": "IPSEC",
					"overlay": false
				},
			{
					"variable": "{$v_LAN1_IPv4__staticaddress}", "group": "Interfaces", "overlay": false, "type": "IPV4_MASK"
				},
            
				 {
					"variable": "{$v_IPC00190_NV-WC02-N1-HKG_Local_auth_email_identifier__IKELIdentifier}",
					"group": "IPSEC",
					"overlay": false
				}, {
					"variable": "{$v_Site_Id__siteSiteID}",
					"group": "SDWAN",
					"overlay": false
				}, {
					"variable": "{$v_IPC00190_NV-WC01-N1-HKG_Local_auth_email_identifier__IKELIdentifier}",
					"group": "IPSEC",
					"overlay": false
				}, {
					"variable": "{$v_IPC00190_Site_Name__sitesSiteName}",
					"group": "SDWAN",
					"overlay": false
				}, {
					"variable": "{$v_latitude__IdLatitude}",
					"group": "SDWAN",
					"overlay": false
				}, {
					"variable": "{$v_identification__IdName}",
					"group": "SDWAN",
					"overlay": false
				}, {
					"variable": "{$v_INT-WAN-Transport-VR_IPv4__vrHopAddress}",
					"group": "Virtual Routers",
					"overlay": false,
					"type": "IPV4_IPV6"
				}, {
					"variable": "{$v_tvi-0-180_-_Unit_0_Static_address__tunnelStaticAddress}",
					"group": "Interfaces",
					"overlay": true,
					"type": "IPV4_IPV6_MASK"
				}, {
					"variable": "{$v_Chassis_Id__sitesChassisId}",
					"group": "SDWAN",
					"overlay": false
				}, {
					"variable": "{$v_longitude__Idlongitude}",
					"group": "SDWAN",
					"overlay": false
				}, {
					"variable": "{$v_location__IdLocation}",
					"group": "SDWAN",
					"overlay": false
				}, {
					"variable": "{$v_IPC00190-Control-VR_90_Local_address__vrRouterAddress}",
					"group": "Virtual Routers",
					"overlay": true,
					"type": "IPV4"
				}, {
					"variable": "{$v_MPLS-WAN-Transport-VR_IPv4__vrHopAddress}",
					"group": "Virtual Routers",
					"overlay": false,
					"type": "IPV4_IPV6"
				}, {
					"variable": "{$v_tvi-0-181_-_Unit_0_Static_address__tunnelStaticAddress}",
					"group": "Interfaces",
					"overlay": true,
					"type": "IPV4_IPV6_MASK"
				}]
			}
		}
	}
}
2019-11-26 16:35:09,116 - CPE12-HKG-HYBRD-IPC00190 - DEBUG - <Response [200]>
2019-11-26 16:35:09,116 - CPE12-HKG-HYBRD-IPC00190 - DEBUG - 
PASS
2019-11-26 16:35:09,116 - CPE12-HKG-HYBRD-IPC00190 - INFO - >>>>>>>>>> DEVICE TEMPLATE CREATION PASSED. <<<<<<<<<<<
2019-11-26 16:35:19,277 - CPE12-HKG-HYBRD-IPC00190 - DEBUG - {"TaskResponse":{"task-id":22494,"link":{"@rel":"GET","@href":"vnms/tasks/task/22494"}}}
2019-11-26 16:35:24,282 - CPE12-HKG-HYBRD-IPC00190 - DEBUG - 22494
2019-11-26 16:35:24,397 - CPE12-HKG-HYBRD-IPC00190 - DEBUG - {u'versa-tasks.task': {u'versa-tasks.user': u'Automated', u'versa-tasks.percentage-completion': 100, u'versa-tasks.progressmessages': {u'versa-tasks.progressmessage': [{u'versa-tasks.time': u'2019-11-26 10:59:32.929', u'versa-tasks.message': u'Creating device in hardware inventory [CPE12-HKG-HYBRD-IPC00190]'}, {u'versa-tasks.time': u'2019-11-26 10:59:32.945', u'versa-tasks.message': u'Add device [CPE12-HKG-HYBRD-IPC00190] to device group [IPC00190-HKG-PS-HS-LIB-DG]'}, {u'versa-tasks.time': u'2019-11-26 10:59:32.951', u'versa-tasks.message': u'Adding device [CPE12-HKG-HYBRD-IPC00190] to template [ IPC00190-HKG-PS-HS-LIB ]'}, {u'versa-tasks.time': u'2019-11-26 10:59:32.972', u'versa-tasks.message': u'Binding device variables to template [ IPC00190-HKG-PS-HS-LIB ]'}, {u'versa-tasks.time': u'2019-11-26 10:59:33.157', u'versa-tasks.message': u'Adding post-staging configuration to controllers [NV-WC01-N1-HKG, NV-WC02-N1-HKG]'}, {u'versa-tasks.time': u'2019-11-26 10:59:36.972', u'versa-tasks.message': u'Successfully deployed device.'}]}, u'versa-tasks.object-name': u'Device Workflow', u'versa-tasks.task-status': u'COMPLETED', u'versa-tasks.task-description': u'Device workflow deployment: { CPE12-HKG-HYBRD-IPC00190 }', u'versa-tasks.task-name': u'Deploy', u'versa-tasks.domain-name': u'PROVIDER', u'versa-tasks.id': 22494, u'versa-tasks.start-time': u'2019-11-26 10:59:32.032', u'versa-tasks.end-time': u'2019-11-26 10:59:36.972', u'versa-tasks.errormessages': u''}}
2019-11-26 16:35:24,397 - CPE12-HKG-HYBRD-IPC00190 - DEBUG - 100
2019-11-26 16:35:24,398 - CPE12-HKG-HYBRD-IPC00190 - INFO - Sleeping for 5 seconds
2019-11-26 16:35:29,512 - CPE12-HKG-HYBRD-IPC00190 - DEBUG - {"versa-tasks.task":{"versa-tasks.id":22494,"versa-tasks.task-name":"Deploy","versa-tasks.object-name":"Device Workflow","versa-tasks.domain-name":"PROVIDER","versa-tasks.user":"Automated","versa-tasks.task-description":"Device workflow deployment: { CPE12-HKG-HYBRD-IPC00190 }","versa-tasks.task-status":"COMPLETED","versa-tasks.percentage-completion":100,"versa-tasks.progressmessages":{"versa-tasks.progressmessage":[{"versa-tasks.message":"Creating device in hardware inventory [CPE12-HKG-HYBRD-IPC00190]","versa-tasks.time":"2019-11-26 10:59:32.929"},{"versa-tasks.message":"Add device [CPE12-HKG-HYBRD-IPC00190] to device group [IPC00190-HKG-PS-HS-LIB-DG]","versa-tasks.time":"2019-11-26 10:59:32.945"},{"versa-tasks.message":"Adding device [CPE12-HKG-HYBRD-IPC00190] to template [ IPC00190-HKG-PS-HS-LIB ]","versa-tasks.time":"2019-11-26 10:59:32.951"},{"versa-tasks.message":"Binding device variables to template [ IPC00190-HKG-PS-HS-LIB ]","versa-tasks.time":"2019-11-26 10:59:32.972"},{"versa-tasks.message":"Adding post-staging configuration to controllers [NV-WC01-N1-HKG, NV-WC02-N1-HKG]","versa-tasks.time":"2019-11-26 10:59:33.157"},{"versa-tasks.message":"Successfully deployed device.","versa-tasks.time":"2019-11-26 10:59:36.972"}]},"versa-tasks.errormessages":"","versa-tasks.start-time":"2019-11-26 10:59:32.032","versa-tasks.end-time":"2019-11-26 10:59:36.972"}}
2019-11-26 16:35:29,512 - CPE12-HKG-HYBRD-IPC00190 - INFO - >>>>>>>>>> Device deployed  <<<<<<<<<<<
2019-11-26 16:35:30,271 - CPE12-HKG-HYBRD-IPC00190 - DEBUG - {u'versanms.sdwan-device-workflow': {u'postStagingTemplateInfo': {u'templateData': {u'device-template-variable': {u'variable-binding': {u'attrs': [{u'isAutogeneratable': False, u'name': u'{$v_INT-WAN-Transport-VR_IPv4__vrHopAddress}', u'value': u'172.16.6.45'}, {u'isAutogeneratable': True, u'isOverwritten': True, u'name': u'{$v_tvi-0-181_-_Unit_0_Static_address__tunnelStaticAddress}', u'value': u'20.20.90.12/32'}, {u'isAutogeneratable': False, u'name': u'{$v_vni-0-4_LAN1_Unit-0__vlanId}', u'value': 610}, {u'isAutogeneratable': True, u'name': u'{$v_Chassis_Id__sitesChassisId}', u'value': u'CPE12NOVD90'}, {u'isAutogeneratable': True, u'isOverwritten': True, u'name': u'{$v_IPC00190-Control-VR_90_Router_ID__vrRouteId}', u'value': u'20.20.90.12'}, {u'isAutogeneratable': False, u'name': u'{$v_INT-WAN_IPv4__staticaddress}', u'value': u'172.16.6.46/30'}, {u'isAutogeneratable': True, u'name': u'{$v_IPC00190_NV-WC01-N1-HKG_Local_auth_email_key__IKELKey}', u'value': u'CPE12-HKG-HYBRD-IPC00190'}, {u'isAutogeneratable': True, u'name': u'{$v_longitude__Idlongitude}', u'value': 77.594563}, {u'isAutogeneratable': True, u'name': u'{$v_IPC00190_NV-WC02-N1-HKG_Local_auth_email_identifier__IKELIdentifier}', u'value': u'CPE12-HKG-HYBRD-IPC00190@colt.net'}, {u'isAutogeneratable': True, u'name': u'{$v_location__IdLocation}', u'value': u'bangalore,karnataka, india'}, {u'isAutogeneratable': True, u'isOverwritten': True, u'name': u'{$v_IPC00190-Control-VR_90_Local_address__vrRouterAddress}', u'value': u'20.20.90.12'}, {u'isAutogeneratable': False, u'name': u'{$v_MPLS-WAN-Transport-VR_IPv4__vrHopAddress}', u'value': u'172.16.7.45'}, {u'isAutogeneratable': True, u'isOverwritten': True, u'name': u'{$v_tvi-0-180_-_Unit_0_Static_address__tunnelStaticAddress}', u'value': u'10.10.90.12/32'}, {u'isAutogeneratable': False, u'name': u'{$v_vni-0-4_LAN1_Unit-0__unit}', u'value': 610}, {u'isAutogeneratable': True, u'name': u'{$v_Site_Id__siteSiteID}', u'value': 4279}, {u'isAutogeneratable': True, u'name': u'{$v_IPC00190_NV-WC01-N1-HKG_Local_auth_email_identifier__IKELIdentifier}', u'value': u'CPE12-HKG-HYBRD-IPC00190@colt.net'}, {u'isAutogeneratable': False, u'name': u'{$v_MPLS-WAN_IPv4__staticaddress}', u'value': u'172.16.7.46/30'}, {u'isAutogeneratable': True, u'name': u'{$v_IPC00190_Site_Name__sitesSiteName}', u'value': u'CPE12-HKG-HYBRD-IPC00190'}, {u'isAutogeneratable': False, u'name': u'{$v_LAN1_IPv4__staticaddress}', u'value': u'192.169.111.1/24'}, {u'isAutogeneratable': True, u'name': u'{$v_latitude__IdLatitude}', u'value': 12.971599}, {u'isAutogeneratable': True, u'name': u'{$v_IPC00190_NV-WC02-N1-HKG_Local_auth_email_key__IKELKey}', u'value': u'CPE12-HKG-HYBRD-IPC00190'}, {u'isAutogeneratable': True, u'name': u'{$v_identification__IdName}', u'value': u'CPE12-HKG-HYBRD-IPC00190'}]}, u'template': u'IPC00190-HKG-PS-HS-LIB'}, u'variableMetadata': [{u'variable': u'{$v_INT-WAN-Transport-VR_IPv4__vrHopAddress}', u'type': u'IPV4', u'group': u'Virtual routers', u'overlay': False}, {u'variable': u'{$v_tvi-0-181_-_Unit_0_Static_address__tunnelStaticAddress}', u'type': u'IPV4_IPV6_MASK', u'group': u'Interfaces', u'overlay': True}, {u'variable': u'{$v_vni-0-4_LAN1_Unit-0__vlanId}', u'type': u'INTEGER', u'group': u'Vlan Info', u'overlay': False}, {u'variable': u'{$v_Chassis_Id__sitesChassisId}', u'group': u'SDWAN', u'overlay': False}, {u'variable': u'{$v_IPC00190-Control-VR_90_Router_ID__vrRouteId}', u'type': u'IPV4', u'group': u'Virtual routers', u'overlay': True}, {u'variable': u'{$v_INT-WAN_IPv4__staticaddress}', u'type': u'IPV4_MASK', u'group': u'Interfaces', u'overlay': False}, {u'variable': u'{$v_IPC00190_NV-WC01-N1-HKG_Local_auth_email_key__IKELKey}', u'group': u'IPSEC', u'overlay': False}, {u'variable': u'{$v_longitude__Idlongitude}', u'group': u'SDWAN', u'overlay': False}, {u'variable': u'{$v_IPC00190_NV-WC02-N1-HKG_Local_auth_email_identifier__IKELIdentifier}', u'group': u'IPSEC', u'overlay': False}, {u'variable': u'{$v_location__IdLocation}', u'group': u'SDWAN', u'overlay': False}, {u'variable': u'{$v_IPC00190-Control-VR_90_Local_address__vrRouterAddress}', u'type': u'IPV4', u'group': u'Virtual routers', u'overlay': True}, {u'variable': u'{$v_MPLS-WAN-Transport-VR_IPv4__vrHopAddress}', u'type': u'IPV4', u'group': u'Virtual routers', u'overlay': False}, {u'variable': u'{$v_tvi-0-180_-_Unit_0_Static_address__tunnelStaticAddress}', u'type': u'IPV4_IPV6_MASK', u'group': u'Interfaces', u'overlay': True}, {u'variable': u'{$v_vni-0-4_LAN1_Unit-0__unit}', u'type': u'INTEGER', u'group': u'Vlan Info', u'overlay': False}, {u'variable': u'{$v_Site_Id__siteSiteID}', u'group': u'SDWAN', u'overlay': False}, {u'variable': u'{$v_IPC00190_NV-WC01-N1-HKG_Local_auth_email_identifier__IKELIdentifier}', u'group': u'IPSEC', u'overlay': False}, {u'variable': u'{$v_MPLS-WAN_IPv4__staticaddress}', u'type': u'IPV4_MASK', u'group': u'Interfaces', u'overlay': False}, {u'variable': u'{$v_IPC00190_Site_Name__sitesSiteName}', u'group': u'SDWAN', u'overlay': False}, {u'variable': u'{$v_LAN1_IPv4__staticaddress}', u'type': u'IPV4_MASK', u'group': u'Interfaces', u'overlay': False}, {u'variable': u'{$v_latitude__IdLatitude}', u'group': u'SDWAN', u'overlay': False}, {u'variable': u'{$v_IPC00190_NV-WC02-N1-HKG_Local_auth_email_key__IKELKey}', u'group': u'IPSEC', u'overlay': False}, {u'variable': u'{$v_identification__IdName}', u'group': u'SDWAN', u'overlay': False}]}, u'templateName': u'IPC00190-HKG-PS-HS-LIB'}, u'deviceName': u'CPE12-HKG-HYBRD-IPC00190', u'workflowStatus': u'Deployed', u'deviceGroup': u'IPC00190-HKG-PS-HS-LIB-DG', u'orgName': u'IPC00190', u'serialNumber': u'CPE12NOVD90', u'locationInfo': {u'latitude': 12.971599, u'country': u'india', u'state': u'karnataka', u'longitude': 77.594563, u'city': u'bangalore'}, u'bandwidth': 0, u'lastUpdatedBy': u'Automated', u'siteId': 4279, u'instanceInfo': u'', u'stagingTemplateInfo': u'', u'lastModifiedTime': u'2019-11-26T10:59:36.811000+00:00', u'urlztpBasedInfo': {u'authType': u'psk', u'enableIpv4Dhcp': False, u'branchKey': u'yEdP8dHeZNiHE6Nh', u'branchId': u'CPE12-HKG-HYBRD-IPC00190@IPC00190.com', u'enableIpv6': False, u'enableIpv4': False, u'enableIpv6Dhcp': False}}}
2019-11-26 16:35:40,013 - CPE12-HKG-HYBRD-IPC00190 - DEBUG - <netmiko.versa.versa_ssh.VersaSSH object at 0x7f6e3e88ff90>
2019-11-26 16:35:45,220 - CPE12-HKG-HYBRD-IPC00190 - DEBUG - versa: Automated@VDir-BLR-NEW-01>
2019-11-26 16:35:45,531 - CPE12-HKG-HYBRD-IPC00190 - DEBUG - configure private
Entering configuration mode private
[ok][2019-11-26 10:59:58]

[edit]
Automated@VDir-BLR-NEW-01% 
2019-11-26 16:35:45,635 - CPE12-HKG-HYBRD-IPC00190 - DEBUG - True
2019-11-26 16:35:46,438 - CPE12-HKG-HYBRD-IPC00190 - DEBUG - set devices device NV-WC02-N1-HKG config orgs org-services Colt ipsec vpn-profile MPLS-WAN-NV-WC02-N1-HKG-StagingIpsec psk-auth-clients remote-client IPC00190-CPE12-HKG-HYBRD-IPC00190@colt.net id-type email
[ok][2019-11-26 10:59:59]

[edit]
Automated@VDir-BLR-NEW-01% 
2019-11-26 16:35:47,440 - CPE12-HKG-HYBRD-IPC00190 - DEBUG - set devices device NV-WC02-N1-HKG config orgs org-services Colt ipsec vpn-profile MPLS-WAN-NV-WC02-N1-HKG-StagingIpsec psk-auth-clients remote-client IPC00190-CPE12-HKG-HYBRD-IPC00190@colt.net key CPE12-HKG-HYBRD-IPC00190
[ok][2019-11-26 11:00:00]

[edit]
Automated@VDir-BLR-NEW-01% 
2019-11-26 16:35:48,643 - CPE12-HKG-HYBRD-IPC00190 - DEBUG - commit and-quit
Commit complete.
[ok][2019-11-26 11:00:01]
Automated@VDir-BLR-NEW-01> 
2019-11-26 16:35:48,644 - CPE12-HKG-HYBRD-IPC00190 - INFO - >>>>>>>>>> Staging profile config done  <<<<<<<<<<<
2019-11-26 16:35:48,708 - CPE12-HKG-HYBRD-IPC00190 - DEBUG - <netmiko.versa.versa_ssh.VersaSSH object at 0x7f6e3e88ff90> connection closed
2019-11-26 16:35:48,708 - CPE12-HKG-HYBRD-IPC00190 - INFO - 
STEP :ONBOARD CALL
2019-11-26 16:35:48,715 - CPE12-HKG-HYBRD-IPC00190 - DEBUG - 
sudo /opt/versa/scripts/staging.py -w 1 -c 10.83.152.225 -s 172.16.7.46/30 -g 172.16.7.45 -l IPC00190-CPE12-HKG-HYBRD-IPC00190@colt.net -lk CPE12-HKG-HYBRD-IPC00190  -r NV-WC02-N1-HKG@colt.net -rk 1234

2019-11-26 16:35:52,749 - CPE12-HKG-HYBRD-IPC00190 - DEBUG - <netmiko.linux.linux_ssh.LinuxSSH object at 0x7f6e3e8e6050>
2019-11-26 16:35:53,151 - CPE12-HKG-HYBRD-IPC00190 - DEBUG - [sudo] password for admin: 
2019-11-26 16:35:53,553 - CPE12-HKG-HYBRD-IPC00190 - DEBUG - 12-SIN-HYBRD2-IPC00190:~# 
2019-11-26 16:35:53,955 - CPE12-HKG-HYBRD-IPC00190 - DEBUG - exit
2019-11-26 16:35:54,156 - CPE12-HKG-HYBRD-IPC00190 - DEBUG - linux: admin@CPE12-SIN-HYBRD2-IPC00190:~$
2019-11-26 16:35:54,557 - CPE12-HKG-HYBRD-IPC00190 - DEBUG - vsh allow-cli
Enter password: 
2019-11-26 16:35:54,959 - CPE12-HKG-HYBRD-IPC00190 - DEBUG - 

CLI now allowed
admin@CPE12-SIN-HYBRD2-IPC00190:~$ 
2019-11-26 16:35:55,360 - CPE12-HKG-HYBRD-IPC00190 - DEBUG - cli
Access to this network/system is limited to users authorised by Colt for its legitimate business purposes. Unauthorised access, use, installation of files or modification of any data is prohibited. Use of this system/network will be audited

             .---.,
            (      ``.
       _     \        )    __      ________ _____   _____
      (  `.   \      /     \ \    / /  ____|  __ \ / ____|  /\
       \    `. )    /       \ \  / /| |__  | |__) | (___   /  \
        \     |    /         \ \/ / |  __| |  _  / \___ \ / /\ \
         \    |   /           \  /  | |____| | \ \ ____) / ____ \
          \   |  /             \/   |______|_|  \_\_____/_/    \_\
           \  | /
            \_|/                   _  _ ___ _______      _____  ___ _  _____
                                  | \| | __|_   _\ \    / / _ \| _ \ |/ / __|
                                  | .` | _|  | |  \ \/\/ / (_) |   / ' <\__ \
                                  |_|\_|___| |_|   \_/\_/ \___/|_|_\_|\_\___/



admin connected from 10.91.124.96 using ssh on CPE12-SIN-HYBRD2-IPC00190
[?7hadmin@CPE12-SIN-HYBRD2-IPC00190-cli> 
2019-11-26 16:35:55,962 - CPE12-HKG-HYBRD-IPC00190 - DEBUG - request erase running-config
Will delete the running config and restart Versa
Services. Are you sure? [no,yes] 
2019-11-26 16:36:09,787 - CPE12-HKG-HYBRD-IPC00190 - DEBUG - yes
status  Erasing config and restarting services 
[ok][2019-11-26 11:00:07]
admin@CPE12-SIN-HYBRD2-IPC00190-cli> 
System message at 2019-11-26 11:00:14...
    Subsystem stopped: eventd
admin@CPE12-SIN-HYBRD2-IPC00190-cli> 
System message at 2019-11-26 11:00:14...
    Subsystem stopped: acctmgrd
admin@CPE12-SIN-HYBRD2-IPC00190-cli> 
System message at 2019-11-26 11:00:14...
    Subsystem stopped: infmgr
admin@CPE12-SIN-HYBRD2-IPC00190-cli> 
System message at 2019-11-26 11:00:14...
    Subsystem stopped: router-dcl
admin@CPE12-SIN-HYBRD2-IPC00190-cli> 
System message at 2019-11-26 11:00:14...
    Subsystem stopped: snmp-config-transform
admin@CPE12-SIN-HYBRD2-IPC00190-cli> 
System message at 2019-11-26 11:00:14...
    Subsystem stopped: snmp-config-hook
admin@CPE12-SIN-HYBRD2-IPC00190-cli> 
System message at 2019-11-26 11:00:14...
    Subsystem stopped: rtd-mgmt-thread
admin@CPE12-SIN-HYBRD2-IPC00190-cli> 
System message at 2019-11-26 11:00:14...
    Subsystem stopped: versa-vmod
admin@CPE12-SIN-HYBRD2-IPC00190-cli> admin@CPE12-SIN-HYBRD2-IPC00190:~$ 
2019-11-26 16:36:10,589 - CPE12-HKG-HYBRD-IPC00190 - DEBUG - process not up. Please wait for it to come up
2019-11-26 16:36:11,391 - CPE12-HKG-HYBRD-IPC00190 - DEBUG - vsh status

~~~~~~~~~~~~~~~~~~~~~~~~~~~~~~~~~~~~~~~~~~~~~~~~~~~~~~~~~~~~~~~~~

The product evaluation period has expired.
 Please contact Versa Support (support@versa-networks.com) 

~~~~~~~~~~~~~~~~~~~~~~~~~~~~~~~~~~~~~~~~~~~~~~~~~~~~~~~~~~~~~~~~~

versa-service          is Stopped           
versa-infmgr           is Stopped           
versa-rfd              is Stopped           
versa-vmod             is Stopped           
versa-ip2user          is Stopped           
versa-imgr             is Stopped           
versa-acctmgrd         is Stopped           
versa-fltrmgr          is Stopped           
versa-vstated          is Stopped           
versa-spack            is Stopped           
versa-addrmgrd         is Stopped           
versa-rt-cli-xfm       is Stopped           
versa-rtd              is Stopped           
versa-dhcpd            is Stopped           
versa-eventd           is Stopped           
versa-vrrpd            is Stopped           
versa-dnsd             is Stopped           
versa-ppmd             is Stopped           
versa-snmp-xform       is Stopped           
versa-certd            is Stopped           
versa-ntpd             is Stopped           
versa-dhclient6        is Stopped           
versa-redis            is Stopped           
versa-av-redis         is Stopped           
versa-spackmgr         is Stopped           
versa-devmgr           is Stopped           
versa-monit            is Stopped           
versa-confd            is Running,          [-] process 1436
versa-fail2ban         is Stopped           
versa-auditd           is Stopped           
versa-nodejs           is Stopped           
admin@CPE12-SIN-HYBRD2-IPC00190:~$ 
2019-11-26 16:36:21,396 - CPE12-HKG-HYBRD-IPC00190 - DEBUG - process not up. Please wait for it to come up
2019-11-26 16:36:22,198 - CPE12-HKG-HYBRD-IPC00190 - DEBUG - vsh status

~~~~~~~~~~~~~~~~~~~~~~~~~~~~~~~~~~~~~~~~~~~~~~~~~~~~~~~~~~~~~~~~~

The product evaluation period has expired.
 Please contact Versa Support (support@versa-networks.com) 

~~~~~~~~~~~~~~~~~~~~~~~~~~~~~~~~~~~~~~~~~~~~~~~~~~~~~~~~~~~~~~~~~

versa-service          is Stopped           
versa-infmgr           is Stopped           
versa-rfd              is Stopped           
versa-vmod             is Stopped           
versa-ip2user          is Stopped           
versa-imgr             is Stopped           
versa-acctmgrd         is Stopped           
versa-fltrmgr          is Stopped           
versa-vstated          is Stopped           
versa-spack            is Stopped           
versa-addrmgrd         is Stopped           
versa-rt-cli-xfm       is Stopped           
versa-rtd              is Stopped           
versa-dhcpd            is Stopped           
versa-eventd           is Stopped           
versa-vrrpd            is Stopped           
versa-dnsd             is Stopped           
versa-ppmd             is Stopped           
versa-snmp-xform       is Stopped           
versa-certd            is Stopped           
versa-ntpd             is Stopped           
versa-dhclient6        is Stopped           
versa-redis            is Stopped           
versa-av-redis         is Stopped           
versa-spackmgr         is Stopped           
versa-devmgr           is Stopped           
versa-monit            is Stopped           
versa-confd            is Stopped           
versa-fail2ban         is Stopped           
versa-auditd           is Stopped           
versa-nodejs           is Stopped           
admin@CPE12-SIN-HYBRD2-IPC00190:~$ 
2019-11-26 16:36:32,209 - CPE12-HKG-HYBRD-IPC00190 - DEBUG - process not up. Please wait for it to come up
2019-11-26 16:36:35,816 - CPE12-HKG-HYBRD-IPC00190 - DEBUG - vsh status

~~~~~~~~~~~~~~~~~~~~~~~~~~~~~~~~~~~~~~~~~~~~~~~~~~~~~~~~~~~~~~~~~

The product evaluation period has expired.
 Please contact Versa Support (support@versa-networks.com) 

~~~~~~~~~~~~~~~~~~~~~~~~~~~~~~~~~~~~~~~~~~~~~~~~~~~~~~~~~~~~~~~~~


~~~~~~~~~~~~~~~~~~~~~~~~~~~~~~~~~~~~~~~~~~~~~~~~~~~~~~~~~~~~~~~~~

Netconf traffic yet to be allowed 

~~~~~~~~~~~~~~~~~~~~~~~~~~~~~~~~~~~~~~~~~~~~~~~~~~~~~~~~~~~~~~~~~

versa-service          is Stopped           
versa-infmgr           is Running,          [-] process 10333
versa-rfd              is Stopped           
versa-vmod             is Stopped           
versa-ip2user          is Stopped           
versa-imgr             is Stopped           
versa-acctmgrd         is Stopped           
versa-fltrmgr          is Running,          [-] process 10344
versa-vstated          is Running,          [-] process 10331
versa-spack            is Stopped           
versa-addrmgrd         is Stopped           
versa-rt-cli-xfm       is Stopped           
versa-rtd              is Stopped           
versa-dhcpd            is Running,          [-] process 10334
versa-eventd           is Stopped           
versa-vrrpd            is Running,          [-] process 10338
versa-dnsd             is Running,          [-] process 10340
versa-ppmd             is Stopped           
versa-snmp-xform       is Stopped           
versa-certd            is Stopped           
versa-ntpd             is Running,          [*] process 10321
versa-dhclient6        is Stopped           
versa-redis            is Running,          [-] process 10076
versa-av-redis         is Running,          [-] process 10077
versa-spackmgr         is Stopped           
versa-devmgr           is Stopped           
versa-monit            is Stopped           
versa-confd            is Running,          [*] process 10039
versa-fail2ban         is Stopped           
versa-auditd           is Stopped           
versa-nodejs           is Stopped           
admin@CPE12-SIN-HYBRD2-IPC00190:~$ 
2019-11-26 16:36:45,826 - CPE12-HKG-HYBRD-IPC00190 - DEBUG - process not up. Please wait for it to come up
2019-11-26 16:36:58,449 - CPE12-HKG-HYBRD-IPC00190 - DEBUG - vsh status

~~~~~~~~~~~~~~~~~~~~~~~~~~~~~~~~~~~~~~~~~~~~~~~~~~~~~~~~~~~~~~~~~

The product evaluation period has expired.
 Please contact Versa Support (support@versa-networks.com) 

~~~~~~~~~~~~~~~~~~~~~~~~~~~~~~~~~~~~~~~~~~~~~~~~~~~~~~~~~~~~~~~~~


~~~~~~~~~~~~~~~~~~~~~~~~~~~~~~~~~~~~~~~~~~~~~~~~~~~~~~~~~~~~~~~~~

Netconf traffic yet to be allowed 

~~~~~~~~~~~~~~~~~~~~~~~~~~~~~~~~~~~~~~~~~~~~~~~~~~~~~~~~~~~~~~~~~

versa-service          is Running,          [*] process 10412
versa-infmgr           is Running,          [-] process 10333
versa-rfd              is Running,          [-] process 10739
versa-vmod             is Running,          [-] process 10738
versa-ip2user          is Running,          [-] process 10753
versa-imgr             is Running,          [-] process 10757
versa-acctmgrd         is Running,          [-] process 10734
versa-fltrmgr          is Running,          [-] process 10344
versa-vstated          is Running,          [-] process 10331
versa-spack            is Running,          [-] process 10980
versa-addrmgrd         is Running,          [-] process 10754
versa-rt-cli-xfm       is Running,          [-] process 10702
versa-rtd              is Running,          [-] process 10728
versa-dhcpd            is Running,          [-] process 10334
versa-eventd           is Running,          [-] process 10747
versa-vrrpd            is Running,          [-] process 10338
versa-dnsd             is Running,          [-] process 10340
versa-ppmd             is Running,          [-] process 10692
versa-snmp-xform       is Running,          [-] process 10710
versa-certd            is Running,          [-] process 10743
versa-ntpd             is Running,          [*] process 10321
versa-dhclient6        is Running,          [-] process 10712
versa-redis            is Running,          [-] process 10076
versa-av-redis         is Running,          [-] process 10077
versa-spackmgr         is Running,          [-] process 10731
versa-devmgr           is Running,          [-] process 10865
versa-monit            is Running,          [*] process 10899
versa-confd            is Running,          [*] process 10039
versa-fail2ban         is Running,          [*] process 10929
versa-auditd           is Running,          [*] process 10944
versa-nodejs           is Running,          [-] process 10650
admin@CPE12-SIN-HYBRD2-IPC00190:~$ 
2019-11-26 16:37:08,454 - CPE12-HKG-HYBRD-IPC00190 - DEBUG - process not up. Please wait for it to come up
2019-11-26 16:37:14,873 - CPE12-HKG-HYBRD-IPC00190 - DEBUG - vsh status

~~~~~~~~~~~~~~~~~~~~~~~~~~~~~~~~~~~~~~~~~~~~~~~~~~~~~~~~~~~~~~~~~

The product evaluation period has expired.
 Please contact Versa Support (support@versa-networks.com) 

~~~~~~~~~~~~~~~~~~~~~~~~~~~~~~~~~~~~~~~~~~~~~~~~~~~~~~~~~~~~~~~~~


~~~~~~~~~~~~~~~~~~~~~~~~~~~~~~~~~~~~~~~~~~~~~~~~~~~~~~~~~~~~~~~~~

Netconf traffic yet to be allowed 

~~~~~~~~~~~~~~~~~~~~~~~~~~~~~~~~~~~~~~~~~~~~~~~~~~~~~~~~~~~~~~~~~

versa-service          is Running,          [*] process 10412
versa-infmgr           is Running,          [-] process 10333
versa-rfd              is Running,          [-] process 10739
versa-vmod             is Running,          [-] process 10738
versa-ip2user          is Running,          [-] process 10753
versa-imgr             is Running,          [-] process 10757
versa-acctmgrd         is Running,          [-] process 10734
versa-fltrmgr          is Running,          [-] process 10344
versa-vstated          is Running,          [-] process 10331
versa-spack            is Running,          [-] process 10980
versa-addrmgrd         is Running,          [-] process 10754
versa-rt-cli-xfm       is Running,          [-] process 10702
versa-rtd              is Running,          [-] process 10728
versa-dhcpd            is Running,          [-] process 10334
versa-eventd           is Running,          [-] process 10747
versa-vrrpd            is Running,          [-] process 10338
versa-dnsd             is Running,          [-] process 10340
versa-ppmd             is Running,          [-] process 10692
versa-snmp-xform       is Running,          [-] process 10710
versa-certd            is Running,          [-] process 10743
versa-ntpd             is Running,          [*] process 10321
versa-dhclient6        is Running,          [-] process 10712
versa-redis            is Running,          [-] process 11795
versa-av-redis         is Running,          [-] process 10077
versa-spackmgr         is Running,          [-] process 10731
versa-devmgr           is Running,          [-] process 10865
versa-monit            is Running,          [*] process 10899
versa-confd            is Running,          [*] process 10039
versa-fail2ban         is Running,          [*] process 10929
versa-auditd           is Running,          [*] process 10944
versa-nodejs           is Running,          [-] process 10650
admin@CPE12-SIN-HYBRD2-IPC00190:~$ 
2019-11-26 16:37:24,884 - CPE12-HKG-HYBRD-IPC00190 - DEBUG - process not up. Please wait for it to come up
2019-11-26 16:37:29,695 - CPE12-HKG-HYBRD-IPC00190 - DEBUG - vsh status

~~~~~~~~~~~~~~~~~~~~~~~~~~~~~~~~~~~~~~~~~~~~~~~~~~~~~~~~~~~~~~~~~

The product evaluation period has expired.
 Please contact Versa Support (support@versa-networks.com) 

~~~~~~~~~~~~~~~~~~~~~~~~~~~~~~~~~~~~~~~~~~~~~~~~~~~~~~~~~~~~~~~~~

versa-service          is Running,          [*] process 10412
versa-infmgr           is Running,          [-] process 10333
versa-rfd              is Running,          [-] process 10739
versa-vmod             is Running,          [-] process 10738
versa-ip2user          is Running,          [-] process 10753
versa-imgr             is Running,          [-] process 10757
versa-acctmgrd         is Running,          [-] process 10734
versa-fltrmgr          is Running,          [-] process 10344
versa-vstated          is Running,          [-] process 10331
versa-spack            is Running,          [-] process 10980
versa-addrmgrd         is Running,          [-] process 10754
versa-rt-cli-xfm       is Running,          [-] process 10702
versa-rtd              is Running,          [-] process 10728
versa-dhcpd            is Running,          [-] process 10334
versa-eventd           is Running,          [-] process 10747
versa-vrrpd            is Running,          [-] process 10338
versa-dnsd             is Running,          [-] process 10340
versa-ppmd             is Running,          [-] process 10692
versa-snmp-xform       is Running,          [-] process 10710
versa-certd            is Running,          [-] process 10743
versa-ntpd             is Running,          [*] process 10321
versa-dhclient6        is Running,          [-] process 10712
versa-redis            is Running,          [-] process 11795
versa-av-redis         is Running,          [-] process 10077
versa-spackmgr         is Running,          [-] process 10731
versa-devmgr           is Running,          [-] process 10865
versa-monit            is Running,          [*] process 10899
versa-confd            is Running,          [*] process 10039
versa-fail2ban         is Running,          [*] process 10929
versa-auditd           is Running,          [*] process 10944
versa-nodejs           is Running,          [-] process 10650
admin@CPE12-SIN-HYBRD2-IPC00190:~$ 
2019-11-26 16:37:39,703 - CPE12-HKG-HYBRD-IPC00190 - DEBUG - After breaking while
2019-11-26 16:37:44,114 - CPE12-HKG-HYBRD-IPC00190 - DEBUG - 
~~~~~~~~~~~~~~~~~~~~~~~~~~~~~~~~~~~~~~~~~~~~~~~~~~~~~~~~~~~~~~~~~

The product evaluation period has expired.
 Please contact Versa Support (support@versa-networks.com) 

~~~~~~~~~~~~~~~~~~~~~~~~~~~~~~~~~~~~~~~~~~~~~~~~~~~~~~~~~~~~~~~~~

versa-service          is Running,          [*] process 10412
versa-infmgr           is Running,          [-] process 10333
versa-rfd              is Running,          [-] process 10739
versa-vmod             is Running,          [-] process 10738
versa-ip2user          is Running,          [-] process 10753
versa-imgr             is Running,          [-] process 10757
versa-acctmgrd         is Running,          [-] process 10734
versa-fltrmgr          is Running,          [-] process 10344
versa-vstated          is Running,          [-] process 10331
versa-spack            is Running,          [-] process 10980
versa-addrmgrd         is Running,          [-] process 10754
versa-rt-cli-xfm       is Running,          [-] process 10702
versa-rtd              is Running,          [-] process 10728
versa-dhcpd            is Running,          [-] process 10334
versa-eventd           is Running,          [-] process 10747
versa-vrrpd            is Running,          [-] process 10338
versa-dnsd             is Running,          [-] process 10340
versa-ppmd             is Running,          [-] process 10692
versa-snmp-xform       is Running,          [-] process 10710
versa-certd            is Running,          [-] process 10743
versa-ntpd             is Running,          [*] process 10321
versa-dhclient6        is Running,          [-] process 10712
versa-redis            is Running,          [-] process 11795
versa-av-redis         is Running,          [-] process 10077
versa-spackmgr         is Running,          [-] process 10731
versa-devmgr           is Running,          [-] process 10865
versa-monit            is Running,          [*] process 10899
versa-confd            is Running,          [*] process 10039
versa-fail2ban         is Running,          [*] process 10929
versa-auditd           is Running,          [*] process 10944
versa-nodejs           is Running,          [-] process 10650
2019-11-26 16:37:44,515 - CPE12-HKG-HYBRD-IPC00190 - DEBUG - CPE12NOVC90
2019-11-26 16:37:44,917 - CPE12-HKG-HYBRD-IPC00190 - DEBUG - CPE12NOVD90
2019-11-26 16:37:45,318 - CPE12-HKG-HYBRD-IPC00190 - DEBUG - CPE12NOVD90
2019-11-26 16:37:45,720 - CPE12-HKG-HYBRD-IPC00190 - DEBUG - 0  -r NV-WC02-N1-HKG@colt.net -rk 1234

2019-11-26 16:38:06,452 - CPE12-HKG-HYBRD-IPC00190 - INFO - checking device info in VD.
2019-11-26 16:38:06,452 - CPE12-HKG-HYBRD-IPC00190 - INFO - sleeping 60 secs
2019-11-26 16:39:07,262 - CPE12-HKG-HYBRD-IPC00190 - INFO - checking device info in VD.
2019-11-26 16:39:07,263 - CPE12-HKG-HYBRD-IPC00190 - INFO - sleeping 60 secs
2019-11-26 16:40:07,998 - CPE12-HKG-HYBRD-IPC00190 - INFO - checking device info in VD.
2019-11-26 16:40:07,998 - CPE12-HKG-HYBRD-IPC00190 - INFO - sleeping 60 secs
2019-11-26 16:41:08,736 - CPE12-HKG-HYBRD-IPC00190 - INFO - checking device info in VD.
2019-11-26 16:41:08,736 - CPE12-HKG-HYBRD-IPC00190 - INFO - sleeping 60 secs
2019-11-26 16:42:09,463 - CPE12-HKG-HYBRD-IPC00190 - INFO - checking device info in VD.
2019-11-26 16:42:09,464 - CPE12-HKG-HYBRD-IPC00190 - INFO - sleeping 60 secs
2019-11-26 16:43:10,203 - CPE12-HKG-HYBRD-IPC00190 - INFO - checking device info in VD.
2019-11-26 16:43:10,203 - CPE12-HKG-HYBRD-IPC00190 - INFO - sleeping 60 secs
2019-11-26 16:44:10,858 - CPE12-HKG-HYBRD-IPC00190 - INFO - checking device info in VD.
2019-11-26 16:44:10,858 - CPE12-HKG-HYBRD-IPC00190 - INFO - sleeping 60 secs
2019-11-26 16:45:11,668 - CPE12-HKG-HYBRD-IPC00190 - INFO - 
 	 >>>>>>>>>>>> CPE ONBOARDING PASSED <<<<<<<<<<<<
 	 >>>>>>>>>>>>    CPE DETAILS        <<<<<<<<<<<<
2019-11-26 16:45:12,359 - CPE12-HKG-HYBRD-IPC00190 - INFO - None
2019-11-26 16:45:12,359 - CPE12-HKG-HYBRD-IPC00190 - INFO - CPE ONBOARDINIG SCRIPT COMPLETED
2019-11-26 16:45:12,359 - CPE12-HKG-HYBRD-IPC00190 - INFO - Time elapsed: 0:10:09.382567

2019-11-26 16:45:12,360 - CPE12-HKG-HYBRD-IPC00190 - INFO - LOG FILE PATH : /home/sathish123/PycharmProjects/NV_REPOSITORY/csit/LOGS/2019_11_26_16_35_02_976539/MAIN.log
