2019-02-12 16:05:15,589 - VD1 - INFO - ORG NAME:BH
2019-02-12 16:05:18,748 - VD1 - DEBUG - {
  "versanms.sdwan-org-workflow": {
    "orgName": "BH",
    "globalId": "123",
    "parentOrg": "Colt",
    "ikeAuthType": "psk",
    "sharedControlPlane": false,
    "controllers": ["NV-WC01-N2-BLR", "NV-WC02-N4-MUM", "NV-WC02-N2-BLR"],
    "vrfs": [{ "name": "LAN1-VRF", "id": "1350", "enableVPN": "true", "tooltip": "" }],
    "supportedRoles": []
  }
}
2019-02-12 16:05:19,004 - VD1 - INFO - <Response [500]>
2019-02-12 16:05:19,004 - VD1 - INFO - {"error":{"http_status_code":500,"code":0,"message":" Global Id: 123 is already configured.","more_info":"http://nms.versa.com/errors/null"}}
2019-02-12 16:05:19,005 - VD1 - INFO - FAIL : {"error":{"http_status_code":500,"code":0,"message":" Global Id: 123 is already configured.","more_info":"http://nms.versa.com/errors/null"}}
2019-02-12 16:05:19,005 - VD1 - INFO - 
********************
RESULT:
ORG DEPLOYMENT : FAIL : {"error":{"http_status_code":500,"code":0,"message":" Global Id: 123 is already configured.","more_info":"http://nms.versa.com/errors/null"}}

********************

