2020-05-27 12:33:04,946 - VD1 - DEBUG - <netmiko.versa.versa_ssh.VersaSSH object at 0x000000000E354160>
2020-05-27 12:33:10,151 - VD1 - DEBUG - versa: Automated@VDir-BLR-NEW-01>
2020-05-27 12:33:41,704 - CPE26-SIN-DUAL-CPE-DUAL-INTERNET-IPC00190-P - DEBUG - <netmiko.versa.versa_ssh.VersaSSH object at 0x000000000E535DA0>
2020-05-27 12:33:46,910 - CPE26-SIN-DUAL-CPE-DUAL-INTERNET-IPC00190-P - DEBUG - versa: Automated@VDir-BLR-NEW-01>
2020-05-27 12:34:11,145 - CPE27-SIN-DUAL-CPE-DUAL-INTERNET-IPC00190-S - DEBUG - <netmiko.versa.versa_ssh.VersaSSH object at 0x000000000E4B8B00>
2020-05-27 12:34:16,348 - CPE27-SIN-DUAL-CPE-DUAL-INTERNET-IPC00190-S - DEBUG - versa: Automated@VDir-BLR-NEW-01>
2020-05-27 12:34:40,707 - CPE11-HKG-HYBRD-IPC00190 - DEBUG - <netmiko.versa.versa_ssh.VersaSSH object at 0x000000000E485978>
2020-05-27 12:34:45,911 - CPE11-HKG-HYBRD-IPC00190 - DEBUG - versa: Automated@VDir-BLR-NEW-01>
2020-05-27 12:36:37,308 - CPE26-SIN-DUAL-CPE-DUAL-INTERNET-IPC00190-P - INFO - 
DELETE Service Object

2020-05-27 12:36:38,065 - CPE26-SIN-DUAL-CPE-DUAL-INTERNET-IPC00190-P - ERROR - 
2020-05-27 12:36:38,069 - CPE26-SIN-DUAL-CPE-DUAL-INTERNET-IPC00190-P - INFO - 
FAIL : 
2020-05-27 12:36:38,071 - CPE26-SIN-DUAL-CPE-DUAL-INTERNET-IPC00190-P - INFO - >>>>>>>>>> ADDRESS OBJECT DELETION FAILED. <<<<<<<<<<<
2020-05-27 12:36:38,073 - CPE26-SIN-DUAL-CPE-DUAL-INTERNET-IPC00190-P - INFO - 
DELETE IPaddress Object

2020-05-27 12:36:38,799 - CPE26-SIN-DUAL-CPE-DUAL-INTERNET-IPC00190-P - ERROR - 
2020-05-27 12:36:38,801 - CPE26-SIN-DUAL-CPE-DUAL-INTERNET-IPC00190-P - INFO - 
FAIL : 
2020-05-27 12:36:38,802 - CPE26-SIN-DUAL-CPE-DUAL-INTERNET-IPC00190-P - INFO - >>>>>>>>>> ADDRESS OBJECT DELETION FAILED. <<<<<<<<<<<
2020-05-27 12:36:38,803 - CPE26-SIN-DUAL-CPE-DUAL-INTERNET-IPC00190-P - INFO - 
DELETE IPaddress Object

2020-05-27 12:36:39,529 - CPE26-SIN-DUAL-CPE-DUAL-INTERNET-IPC00190-P - ERROR - 
2020-05-27 12:36:39,529 - CPE26-SIN-DUAL-CPE-DUAL-INTERNET-IPC00190-P - INFO - 
FAIL : 
2020-05-27 12:36:39,529 - CPE26-SIN-DUAL-CPE-DUAL-INTERNET-IPC00190-P - INFO - >>>>>>>>>> ADDRESS OBJECT DELETION FAILED. <<<<<<<<<<<
2020-05-27 12:36:39,530 - CPE26-SIN-DUAL-CPE-DUAL-INTERNET-IPC00190-P - INFO - 
DELETE FWD PROFILE

2020-05-27 12:36:40,243 - CPE26-SIN-DUAL-CPE-DUAL-INTERNET-IPC00190-P - ERROR - 
2020-05-27 12:36:40,243 - CPE26-SIN-DUAL-CPE-DUAL-INTERNET-IPC00190-P - INFO - 
FAIL : 
2020-05-27 12:36:40,244 - CPE26-SIN-DUAL-CPE-DUAL-INTERNET-IPC00190-P - INFO - >>>>>>>>>> FORWARDING PROFILE DELETION FAILED. <<<<<<<<<<<
2020-05-27 12:36:40,246 - CPE26-SIN-DUAL-CPE-DUAL-INTERNET-IPC00190-P - INFO - 
DELETE SLA profile

2020-05-27 12:36:40,934 - CPE26-SIN-DUAL-CPE-DUAL-INTERNET-IPC00190-P - ERROR - 
2020-05-27 12:36:40,934 - CPE26-SIN-DUAL-CPE-DUAL-INTERNET-IPC00190-P - INFO - 
FAIL : 
2020-05-27 12:36:40,934 - CPE26-SIN-DUAL-CPE-DUAL-INTERNET-IPC00190-P - INFO - >>>>>>>>>> DELETE SLA Profile FAILED. <<<<<<<<<<<
