2020-03-31 18:26:58,890 - CPE26-HKG-SINGLE-CPE-MPLSONLY-IPC00190 - INFO - LOG FILE PATH : C:\Softwares_mine\stefano\NV_REPOSITORY\csit/LOGS/2020_03_31_18_26_55_967000/MAIN.log
2020-03-31 18:26:58,890 - CPE26-HKG-SINGLE-CPE-MPLSONLY-IPC00190 - INFO - CPE NAME:CPE26-HKG-SINGLE-CPE-MPLSONLY-IPC00190
2020-03-31 18:26:59,905 - CPE26-HKG-SINGLE-CPE-MPLSONLY-IPC00190 - INFO - SOLUTION SELECTED:SINGLE-CPE-MPLS-ONLY
2020-03-31 18:27:01,081 - CPE26-HKG-SINGLE-CPE-MPLSONLY-IPC00190 - DEBUG - {u'versanms.sdwan-org-workflow': {u'ikeAuthType': u'psk', u'globalId': 90, u'orgName': u'IPC00190', u'controllers': [u'NV-WC01-N1-HKG', u'NV-WC01-N6-SIN', u'NV-WC02-N1-HKG', u'NV-WC02-N6-SIN'], u'bandwidth': 10, u'parentOrg': u'Colt', u'vrfs': [{u'name': u'LAN1-VRF', u'enableVPN': True, u'id': 1020}, {u'name': u'LAN2-VRF', u'enableVPN': True, u'id': 1021}, {u'name': u'LAN3-VRF', u'enableVPN': True, u'id': 1022}, {u'name': u'LAN4-VRF', u'enableVPN': True, u'id': 1023}, {u'name': u'LAN5-VRF', u'enableVPN': True, u'id': 1024}, {u'name': u'LAN6-VRF', u'enableVPN': True, u'id': 1025}, {u'name': u'LAN7-VRF', u'enableVPN': True, u'id': 1026}, {u'name': u'LAN8-VRF', u'enableVPN': True, u'id': 1027}, {u'name': u'LAN9-VRF', u'enableVPN': True, u'id': 1028}, {u'name': u'LAN10-VRF', u'enableVPN': True, u'id': 1029}], u'solutionTier': u'base-sdwan', u'sharedControlPlane': False}}
2020-03-31 18:27:01,081 - CPE26-HKG-SINGLE-CPE-MPLSONLY-IPC00190 - INFO - 
STEP :CHECK ORG is available in Controller NV-WC01-N1-HKG
2020-03-31 18:27:01,081 - CPE26-HKG-SINGLE-CPE-MPLSONLY-IPC00190 - INFO - PASS
2020-03-31 18:27:01,417 - CPE26-HKG-SINGLE-CPE-MPLSONLY-IPC00190 - DEBUG - {u'versanms.sdwan-org-workflow': {u'ikeAuthType': u'psk', u'globalId': 90, u'orgName': u'IPC00190', u'controllers': [u'NV-WC01-N1-HKG', u'NV-WC01-N6-SIN', u'NV-WC02-N1-HKG', u'NV-WC02-N6-SIN'], u'bandwidth': 10, u'parentOrg': u'Colt', u'vrfs': [{u'name': u'LAN1-VRF', u'enableVPN': True, u'id': 1020}, {u'name': u'LAN2-VRF', u'enableVPN': True, u'id': 1021}, {u'name': u'LAN3-VRF', u'enableVPN': True, u'id': 1022}, {u'name': u'LAN4-VRF', u'enableVPN': True, u'id': 1023}, {u'name': u'LAN5-VRF', u'enableVPN': True, u'id': 1024}, {u'name': u'LAN6-VRF', u'enableVPN': True, u'id': 1025}, {u'name': u'LAN7-VRF', u'enableVPN': True, u'id': 1026}, {u'name': u'LAN8-VRF', u'enableVPN': True, u'id': 1027}, {u'name': u'LAN9-VRF', u'enableVPN': True, u'id': 1028}, {u'name': u'LAN10-VRF', u'enableVPN': True, u'id': 1029}], u'solutionTier': u'base-sdwan', u'sharedControlPlane': False}}
2020-03-31 18:27:01,417 - CPE26-HKG-SINGLE-CPE-MPLSONLY-IPC00190 - INFO - 
STEP :CHECK ORG is available in Controller NV-WC02-N6-SIN
2020-03-31 18:27:01,417 - CPE26-HKG-SINGLE-CPE-MPLSONLY-IPC00190 - INFO - PASS
2020-03-31 18:27:01,713 - CPE26-HKG-SINGLE-CPE-MPLSONLY-IPC00190 - DEBUG - {u'versanms.sdwan-org-workflow': {u'ikeAuthType': u'psk', u'globalId': 90, u'orgName': u'IPC00190', u'controllers': [u'NV-WC01-N1-HKG', u'NV-WC01-N6-SIN', u'NV-WC02-N1-HKG', u'NV-WC02-N6-SIN'], u'bandwidth': 10, u'parentOrg': u'Colt', u'vrfs': [{u'name': u'LAN1-VRF', u'enableVPN': True, u'id': 1020}, {u'name': u'LAN2-VRF', u'enableVPN': True, u'id': 1021}, {u'name': u'LAN3-VRF', u'enableVPN': True, u'id': 1022}, {u'name': u'LAN4-VRF', u'enableVPN': True, u'id': 1023}, {u'name': u'LAN5-VRF', u'enableVPN': True, u'id': 1024}, {u'name': u'LAN6-VRF', u'enableVPN': True, u'id': 1025}, {u'name': u'LAN7-VRF', u'enableVPN': True, u'id': 1026}, {u'name': u'LAN8-VRF', u'enableVPN': True, u'id': 1027}, {u'name': u'LAN9-VRF', u'enableVPN': True, u'id': 1028}, {u'name': u'LAN10-VRF', u'enableVPN': True, u'id': 1029}], u'solutionTier': u'base-sdwan', u'sharedControlPlane': False}}
2020-03-31 18:27:01,713 - CPE26-HKG-SINGLE-CPE-MPLSONLY-IPC00190 - INFO - 
STEP :CHECK ORG is available in Controller NV-WC02-N1-HKG
2020-03-31 18:27:01,713 - CPE26-HKG-SINGLE-CPE-MPLSONLY-IPC00190 - INFO - PASS
2020-03-31 18:27:01,713 - CPE26-HKG-SINGLE-CPE-MPLSONLY-IPC00190 - INFO - 
STEP :POST STAGING TEMPLATE CREATION AND DEPLOYMENT
2020-03-31 18:27:01,727 - CPE26-HKG-SINGLE-CPE-MPLSONLY-IPC00190 - DEBUG - {
	"versanms.sdwan-template-workflow": {
		"templateName": "IPC00190-HKG01-NEW-PS-MPLS",
		"templateType": "sdwan-post-staging",
		"controllers": ["NV-WC01-N1-HKG", "NV-WC02-N1-HKG"],
		"providerOrg": {
			"name": "IPC00190",
			"statefulFW": true,
			"nextGenFW": false
		},
		"analyticsCluster": "LogCollectors-GGN",
		"deviceFirmfactor": "6",
		"wanInterfaces": [{
			"interfaceName": "vni-0/1",
			"pppoe": false,
			"unitInfo": [{
				"subUnit": 0,
				"vlanId": 0,
				"networkName": "MPLS-WAN",
				"ipv4Static": true,
				"ipv4Dhcp": false,
				"ipv6Static": false,
				"ipv6Dhcp": false,
				"allowSSH": false,
				"monitor": {},
				"linkPriority": "",
				"transportDomains": ["MPLS-TD"]
			}]
		}],
		"deviceType": "full-mesh",
		"redundantPair": {
			"enable": false
		},
		"lanInterfaces": [{
			"interfaceName": "vni-0/4",
			"unitInfo": [
			{
				"subUnit": "{$v_vni-0-4_LAN1_Unit-0__unit}",
				"vlanId": "{$v_vni-0-4_LAN1_Unit-0__vlanId}",
				"networkName": "LAN1",
				"subOrganization": "IPC00190",
				"ipv4Static": true,
				"ipv4Dhcp": false,
				"ip6Static": false,
				"ipv6Dhcp": false,
				"vrfName": "LAN1-VRF",
				"zoneName": ""
			}
            
        ]
		}],
		"solutionTier": "standard-sdwan-plus-ngfw",
		"bandwidth": 1000,
		"customParams": [],
		"minimumImageVersion": "16.1R2-S9",
		"isAnalyticsEnabled": true,
		"isPrimary": true,
		"diaConfig": {
			"loadBalance": false
		},
		"inBoundNats": []
	}
}

2020-03-31 18:27:02,384 - CPE26-HKG-SINGLE-CPE-MPLSONLY-IPC00190 - DEBUG - <Response [200]>
2020-03-31 18:27:02,384 - CPE26-HKG-SINGLE-CPE-MPLSONLY-IPC00190 - DEBUG - 
PASS
2020-03-31 18:27:02,384 - CPE26-HKG-SINGLE-CPE-MPLSONLY-IPC00190 - INFO - >>>>>>>>>> POST STAGING TEMPLATE CREATION PASSED. <<<<<<<<<<<
2020-03-31 18:27:07,484 - CPE26-HKG-SINGLE-CPE-MPLSONLY-IPC00190 - DEBUG - [{"organization":"IPC00190","serviceTemplate":"GENERIC-SFW-TEMPLATE1"}]
2020-03-31 18:27:07,617 - CPE26-HKG-SINGLE-CPE-MPLSONLY-IPC00190 - DEBUG - <Response [200]>
2020-03-31 18:27:07,617 - CPE26-HKG-SINGLE-CPE-MPLSONLY-IPC00190 - DEBUG - 
PASS
2020-03-31 18:27:07,617 - CPE26-HKG-SINGLE-CPE-MPLSONLY-IPC00190 - INFO - >>>>>>>>>> FW PROFILE ASSOCIATION WITH POST STAGING TEMPLATE PASSED. <<<<<<<<<<<
2020-03-31 18:27:24,496 - CPE26-HKG-SINGLE-CPE-MPLSONLY-IPC00190 - DEBUG - <Response [200]>
2020-03-31 18:27:29,510 - CPE26-HKG-SINGLE-CPE-MPLSONLY-IPC00190 - DEBUG - 
PASS
2020-03-31 18:27:29,510 - CPE26-HKG-SINGLE-CPE-MPLSONLY-IPC00190 - INFO - >>>>>>>>>> POST STAGING TEMPLATE DEPLOY PASSED. <<<<<<<<<<<
2020-03-31 18:27:34,868 - CPE26-HKG-SINGLE-CPE-MPLSONLY-IPC00190 - DEBUG - {u'versanms.sdwan-template-workflow': {u'providerOrg': {u'nextGenFW': False, u'name': u'IPC00190', u'statefulFW': True}, u'snmp': {u'snmpV1': False, u'snmpV2': False, u'snmpV3': False}, u'minimumImageVersion': u'16.1R2-S9', u'wanInterfaces': [{u'unitInfo': [{u'ipv6Dhcp': False, u'monitor': {u'monitorNexthop': False}, u'allowSSH': False, u'ipv4Static': True, u'DIA': False, u'vlanId': 0, u'transportDomains': [u'MPLS-TD'], u'ipv4Dhcp': False, u'ipv6rs': False, u'subUnit': 0, u'networkName': u'MPLS-WAN', u'ipv6Static': False}], u'interfaceName': u'vni-0/1', u'pppoe': False}], u'diaConfig': {u'loadBalance': False, u'dia': False}, u'templateName': u'IPC00190-HKG01-NEW-PS-MPLS', u'isPrimary': True, u'isAnalyticsEnabled': True, u'lanInterfaces': [{u'unitInfo': [{u'ipv6Dhcp': False, u'ipv4DhcpServer': False, u'vrfName': u'LAN1-VRF', u'ipv6ra': False, u'ipv4Static': True, u'DIA': False, u'vlanId': u'{$v_vni-0-4_LAN1_Unit-0__vlanId}', u'ip6Static': False, u'ipv4Dhcp': False, u'subOrganization': u'IPC00190', u'subUnit': u'{$v_vni-0-4_LAN1_Unit-0__unit}', u'networkName': u'LAN1', u'dhcpV4Relay': False}], u'interfaceName': u'vni-0/4'}], u'bandwidth': 1000, u'controllers': [u'NV-WC01-N1-HKG', u'NV-WC02-N1-HKG'], u'templateType': u'sdwan-post-staging', u'deviceType': u'full-mesh', u'redundantPair': {u'vrrp': True, u'enable': False, u'cloudCPE': False}, u'solutionTier': u'standard-sdwan-plus-ngfw', u'deviceFirmfactor': 6, u'analyticsCluster': u'LogCollectors-GGN'}}
2020-03-31 18:27:35,015 - CPE26-HKG-SINGLE-CPE-MPLSONLY-IPC00190 - DEBUG - [{u'category': u'stateful-firewall', u'organization': u'IPC00190', u'serviceTemplate': u'GENERIC-SFW-TEMPLATE1', u'id': 521, u'templateName': u'IPC00190-HKG01-NEW-PS-MPLS'}]
2020-03-31 18:27:44,823 - CPE26-HKG-SINGLE-CPE-MPLSONLY-IPC00190 - DEBUG - <netmiko.versa.versa_ssh.VersaSSH object at 0x000000000DD62E10>
2020-03-31 18:27:50,042 - CPE26-HKG-SINGLE-CPE-MPLSONLY-IPC00190 - DEBUG - versa: Automated@VDir-BLR-NEW-01>
2020-03-31 18:27:50,042 - CPE26-HKG-SINGLE-CPE-MPLSONLY-IPC00190 - DEBUG - set devices template IPC00190-HKG01-NEW-PS-MPLS config interfaces vni vni-0/1 description "MPLS-WAN"
set devices template IPC00190-HKG01-NEW-PS-MPLS config interfaces vni vni-0/1 bandwidth uplink "5000"
set devices template IPC00190-HKG01-NEW-PS-MPLS config interfaces vni vni-0/1 bandwidth downlink "5000"

set devices template IPC00190-HKG01-NEW-PS-MPLS config system vnf-manager ip-addresses [ 10.92.116.67/32 10.92.116.68/32 ]
set devices template IPC00190-HKG01-NEW-PS-MPLS config system service-options qos-frame-overhead auto-adjust true
set devices template IPC00190-HKG01-NEW-PS-MPLS config routing-instances routing-instance IPC00190-Control-VR protocols bgp bgp 90 hold-time 90
set devices template IPC00190-HKG01-NEW-PS-MPLS config routing-instances routing-instance IPC00190-Control-VR protocols bgp bgp 90 graceful-restart enable
set devices template IPC00190-HKG01-NEW-PS-MPLS config routing-instances routing-instance IPC00190-Control-VR protocols bgp bgp 90 graceful-restart maximum-restart-time 15
set devices template IPC00190-HKG01-NEW-PS-MPLS config routing-instances routing-instance IPC00190-Control-VR protocols bgp bgp 90 graceful-restart recovery-time 15
set devices template IPC00190-HKG01-NEW-PS-MPLS config routing-instances routing-instance IPC00190-Control-VR protocols bgp bgp 90 graceful-restart select-defer-time 15
set devices template IPC00190-HKG01-NEW-PS-MPLS config routing-instances routing-instance IPC00190-Control-VR protocols bgp bgp 90 graceful-restart stalepath-time 15
set devices template IPC00190-HKG01-NEW-PS-MPLS config routing-instances routing-instance IPC00190-Control-VR protocols bgp bgp 90 graceful-restart dynamic-peer-restart-time 0

set devices template IPC00190-HKG01-NEW-PS-MPLS config routing-instances routing-instance IPC00190-Control-VR protocols bgp bgp 90 routing-peer-policy Import-From-SDWAN-Policy term 1GW1 match family inet-vpn
set devices template IPC00190-HKG01-NEW-PS-MPLS config routing-instances routing-instance IPC00190-Control-VR protocols bgp bgp 90 routing-peer-policy Import-From-SDWAN-Policy term 1GW1 match community "(^|,)([0-9]*:11)($|,)"
set devices template IPC00190-HKG01-NEW-PS-MPLS config routing-instances routing-instance IPC00190-Control-VR protocols bgp bgp 90 routing-peer-policy Import-From-SDWAN-Policy term 1GW1 action filter accept
set devices template IPC00190-HKG01-NEW-PS-MPLS config routing-instances routing-instance IPC00190-Control-VR protocols bgp bgp 90 routing-peer-policy Import-From-SDWAN-Policy term 1GW1 action community 8009:8009
set devices template IPC00190-HKG01-NEW-PS-MPLS config routing-instances routing-instance IPC00190-Control-VR protocols bgp bgp 90 routing-peer-policy Import-From-SDWAN-Policy term 1GW1 action community-action set-specific
set devices template IPC00190-HKG01-NEW-PS-MPLS config routing-instances routing-instance IPC00190-Control-VR protocols bgp bgp 90 routing-peer-policy Import-From-SDWAN-Policy term 1GW1 action set-local-preference 80
set devices template IPC00190-HKG01-NEW-PS-MPLS config routing-instances routing-instance IPC00190-Control-VR protocols bgp bgp 90 routing-peer-policy Import-From-SDWAN-Policy term 2GW2 match family inet-vpn
set devices template IPC00190-HKG01-NEW-PS-MPLS config routing-instances routing-instance IPC00190-Control-VR protocols bgp bgp 90 routing-peer-policy Import-From-SDWAN-Policy term 2GW2 match community "(^|,)([0-9]*:12)($|,)"
set devices template IPC00190-HKG01-NEW-PS-MPLS config routing-instances routing-instance IPC00190-Control-VR protocols bgp bgp 90 routing-peer-policy Import-From-SDWAN-Policy term 2GW2 action filter accept
set devices template IPC00190-HKG01-NEW-PS-MPLS config routing-instances routing-instance IPC00190-Control-VR protocols bgp bgp 90 routing-peer-policy Import-From-SDWAN-Policy term 2GW2 action community 8009:8009
set devices template IPC00190-HKG01-NEW-PS-MPLS config routing-instances routing-instance IPC00190-Control-VR protocols bgp bgp 90 routing-peer-policy Import-From-SDWAN-Policy term 2GW2 action community-action set-specific
set devices template IPC00190-HKG01-NEW-PS-MPLS config routing-instances routing-instance IPC00190-Control-VR protocols bgp bgp 90 routing-peer-policy Import-From-SDWAN-Policy term 2GW2 action set-local-preference 60
move devices template IPC00190-HKG01-NEW-PS-MPLS config routing-instances routing-instance IPC00190-Control-VR protocols bgp bgp 90 routing-peer-policy Import-From-SDWAN-Policy term 2GW2 first
move devices template IPC00190-HKG01-NEW-PS-MPLS config routing-instances routing-instance IPC00190-Control-VR protocols bgp bgp 90 routing-peer-policy Import-From-SDWAN-Policy term 1GW1 first

set devices template IPC00190-HKG01-NEW-PS-MPLS config routing-instances routing-instance IPC00190-Control-VR protocols bgp bgp 90 routing-peer-policy TO_SDWAN term Wildcard match family inet-vpn
set devices template IPC00190-HKG01-NEW-PS-MPLS config routing-instances routing-instance IPC00190-Control-VR protocols bgp bgp 90 routing-peer-policy TO_SDWAN term Wildcard action filter accept
set devices template IPC00190-HKG01-NEW-PS-MPLS config routing-instances routing-instance IPC00190-Control-VR protocols bgp bgp 90 routing-peer-policy TO_SDWAN term Wildcard action community 852:10
set devices template IPC00190-HKG01-NEW-PS-MPLS config routing-instances routing-instance IPC00190-Control-VR protocols bgp bgp 90 routing-peer-policy TO_SDWAN term Wildcard action community-action set-specific
set devices template IPC00190-HKG01-NEW-PS-MPLS config routing-instances routing-instance IPC00190-Control-VR protocols bgp bgp 90 routing-peer-policy TO_SDWAN term VersaPvt-Wildcard match family versa-private
set devices template IPC00190-HKG01-NEW-PS-MPLS config routing-instances routing-instance IPC00190-Control-VR protocols bgp bgp 90 routing-peer-policy TO_SDWAN term VersaPvt-Wildcard action filter accept
set devices template IPC00190-HKG01-NEW-PS-MPLS config routing-instances routing-instance IPC00190-Control-VR protocols bgp bgp 90 routing-peer-policy TO_SDWAN term VersaPvt-Wildcard action community 852:10
set devices template IPC00190-HKG01-NEW-PS-MPLS config routing-instances routing-instance IPC00190-Control-VR protocols bgp bgp 90 routing-peer-policy TO_SDWAN term VersaPvt-Wildcard action community-action set-specific
set devices template IPC00190-HKG01-NEW-PS-MPLS config routing-instances routing-instance IPC00190-Control-VR protocols bgp bgp 90 group Controllers-Group family inet unicast
set devices template IPC00190-HKG01-NEW-PS-MPLS config routing-instances routing-instance IPC00190-Control-VR protocols bgp bgp 90 group Controllers-Group export TO_SDWAN
set devices template IPC00190-HKG01-NEW-PS-MPLS config orgs org IPC00190 sd-wan site wan-interfaces vni vni-0/1.0 sla-monitoring fc fc_nc interval 10
set devices template IPC00190-HKG01-NEW-PS-MPLS config orgs org IPC00190 sd-wan site wan-interfaces vni vni-0/1.0 sla-monitoring fc fc_nc logging-interval 30
set devices template IPC00190-HKG01-NEW-PS-MPLS config orgs org IPC00190 sd-wan site wan-interfaces vni vni-0/1.0 sla-monitoring fc fc_nc send-to controller
set devices template IPC00190-HKG01-NEW-PS-MPLS config orgs org IPC00190 sd-wan site wan-interfaces vni vni-0/1.0 sla-monitoring fc fc_ef interval 10
set devices template IPC00190-HKG01-NEW-PS-MPLS config orgs org IPC00190 sd-wan site wan-interfaces vni vni-0/1.0 sla-monitoring fc fc_ef logging-interval 30
set devices template IPC00190-HKG01-NEW-PS-MPLS config orgs org IPC00190 sd-wan site wan-interfaces vni vni-0/1.0 sla-monitoring fc fc_ef send-to branches
set devices template IPC00190-HKG01-NEW-PS-MPLS config orgs org IPC00190 sd-wan site wan-interfaces vni vni-0/1.0 sla-monitoring fc fc_be interval 10
set devices template IPC00190-HKG01-NEW-PS-MPLS config orgs org IPC00190 sd-wan site wan-interfaces vni vni-0/1.0 sla-monitoring fc fc_be logging-interval 30
set devices template IPC00190-HKG01-NEW-PS-MPLS config orgs org IPC00190 sd-wan site wan-interfaces vni vni-0/1.0 sla-monitoring fc fc_be send-to branches
set devices template IPC00190-HKG01-NEW-PS-MPLS config orgs org IPC00190 sd-wan site wan-interfaces vni vni-0/1.0 sla-monitoring fc fc13 interval 10
set devices template IPC00190-HKG01-NEW-PS-MPLS config orgs org IPC00190 sd-wan site wan-interfaces vni vni-0/1.0 sla-monitoring fc fc13 logging-interval 30
set devices template IPC00190-HKG01-NEW-PS-MPLS config orgs org IPC00190 sd-wan site wan-interfaces vni vni-0/1.0 sla-monitoring fc fc13 send-to branches
set devices template IPC00190-HKG01-NEW-PS-MPLS config orgs org IPC00190 sd-wan site wan-interfaces vni vni-0/1.0 sla-monitoring fc fc14 interval 10
set devices template IPC00190-HKG01-NEW-PS-MPLS config orgs org IPC00190 sd-wan site wan-interfaces vni vni-0/1.0 sla-monitoring fc fc14 logging-interval 30
set devices template IPC00190-HKG01-NEW-PS-MPLS config orgs org IPC00190 sd-wan site wan-interfaces vni vni-0/1.0 sla-monitoring fc fc14 send-to branches
set devices template IPC00190-HKG01-NEW-PS-MPLS config orgs org IPC00190 sd-wan site wan-interfaces vni vni-0/1.0 sla-monitoring fc fc15 interval 10
set devices template IPC00190-HKG01-NEW-PS-MPLS config orgs org IPC00190 sd-wan site wan-interfaces vni vni-0/1.0 sla-monitoring fc fc15 logging-interval 30
set devices template IPC00190-HKG01-NEW-PS-MPLS config orgs org IPC00190 sd-wan site wan-interfaces vni vni-0/1.0 sla-monitoring fc fc15 send-to branches
set devices template IPC00190-HKG01-NEW-PS-MPLS config orgs org IPC00190 sd-wan site wan-interfaces vni vni-0/1.0 management-traffic priority 0

set devices template IPC00190-HKG01-NEW-PS-MPLS config orgs org-services IPC00190 class-of-service qos-policies qos-policy-group Default-Policy rules qos-policy IPSEC_IN match source zone zone-list [ Intf-MPLS-WAN-Zone ]
set devices template IPC00190-HKG01-NEW-PS-MPLS config orgs org-services IPC00190 class-of-service qos-policies qos-policy-group Default-Policy rules qos-policy IPSEC_IN match services predefined-services-list [ ESP ICMP ]
set devices template IPC00190-HKG01-NEW-PS-MPLS config orgs org-services IPC00190 class-of-service qos-policies qos-policy-group Default-Policy rules qos-policy IPSEC_IN match services services-list [ IPSEC IPSecAH ]
set devices template IPC00190-HKG01-NEW-PS-MPLS config orgs org-services IPC00190 class-of-service qos-policies qos-policy-group Default-Policy rules qos-policy IPSEC_IN set action allow
set devices template IPC00190-HKG01-NEW-PS-MPLS config orgs org-services IPC00190 class-of-service qos-policies qos-policy-group Default-Policy rules qos-policy IPSEC_OUT match destination zone zone-list [ Intf-MPLS-WAN-Zone ]
set devices template IPC00190-HKG01-NEW-PS-MPLS config orgs org-services IPC00190 class-of-service qos-policies qos-policy-group Default-Policy rules qos-policy IPSEC_OUT match services predefined-services-list [ ESP ICMP ]
set devices template IPC00190-HKG01-NEW-PS-MPLS config orgs org-services IPC00190 class-of-service qos-policies qos-policy-group Default-Policy rules qos-policy IPSEC_OUT match services services-list [ IPSEC IPSIPSecAH ]
set devices template IPC00190-HKG01-NEW-PS-MPLS config orgs org-services IPC00190 class-of-service qos-policies qos-policy-group Default-Policy rules qos-policy IPSEC_OUT set action allow
set devices template IPC00190-HKG01-NEW-PS-MPLS config orgs org-services IPC00190 class-of-service qos-policies qos-policy-group Default-Policy rules qos-policy ARP_IN match source zone zone-list [ Intf-MPLS-WAN-Zone ]
set devices template IPC00190-HKG01-NEW-PS-MPLS config orgs org-services IPC00190 class-of-service qos-policies qos-policy-group Default-Policy rules qos-policy ARP_IN match ether-type ARP
set devices template IPC00190-HKG01-NEW-PS-MPLS config orgs org-services IPC00190 class-of-service qos-policies qos-policy-group Default-Policy rules qos-policy ARP_IN set action allow
set devices template IPC00190-HKG01-NEW-PS-MPLS config orgs org-services IPC00190 class-of-service qos-policies qos-policy-group Default-Policy rules qos-policy ARP_OUT match destination zone zone-list [ Intf-MPLS-WAN-Zone ]
set devices template IPC00190-HKG01-NEW-PS-MPLS config orgs org-services IPC00190 class-of-service qos-policies qos-policy-group Default-Policy rules qos-policy ARP_OUT match ether-type ARP
set devices template IPC00190-HKG01-NEW-PS-MPLS config orgs org-services IPC00190 class-of-service qos-policies qos-policy-group Default-Policy rules qos-policy ARP_OUT set action allow

set devices template IPC00190-HKG01-NEW-PS-MPLS config orgs org-services IPC00190 class-of-service qos-policies qos-policy-group Default-Policy rules qos-policy WAN_IN match source zone zone-list [ Intf-MPLS-WAN-Zone ]
set devices template IPC00190-HKG01-NEW-PS-MPLS config orgs org-services IPC00190 class-of-service qos-policies qos-policy-group Default-Policy rules qos-policy WAN_IN set action deny
set devices template IPC00190-HKG01-NEW-PS-MPLS config orgs org-services IPC00190 class-of-service qos-policies qos-policy-group Default-Policy rules qos-policy WAN_OUT match destination zone zone-list [ Intf-MPLS-WAN-Zone ]
set devices template IPC00190-HKG01-NEW-PS-MPLS config orgs org-services IPC00190 class-of-service qos-policies qos-policy-group Default-Policy rules qos-policy WAN_OUT set action deny
set devices template IPC00190-HKG01-NEW-PS-MPLS config orgs org-services IPC00190 class-of-service app-qos-policies app-qos-policy-group Default-Policy
set devices template IPC00190-HKG01-NEW-PS-MPLS config orgs org-services IPC00190 class-of-service qos-profiles qos-profile Business1 forwarding-class fc13
set devices template IPC00190-HKG01-NEW-PS-MPLS config orgs org-services IPC00190 class-of-service qos-profiles qos-profile Business1 loss-priority high
set devices template IPC00190-HKG01-NEW-PS-MPLS config orgs org-services IPC00190 class-of-service qos-profiles qos-profile Business1 dscp-rw-enable yes
set devices template IPC00190-HKG01-NEW-PS-MPLS config orgs org-services IPC00190 class-of-service qos-profiles qos-profile Business1 dot1p-rw-enable no
set devices template IPC00190-HKG01-NEW-PS-MPLS config orgs org-services IPC00190 class-of-service qos-profiles qos-profile Business2 forwarding-class fc14
set devices template IPC00190-HKG01-NEW-PS-MPLS config orgs org-services IPC00190 class-of-service qos-profiles qos-profile Business2 loss-priority high
set devices template IPC00190-HKG01-NEW-PS-MPLS config orgs org-services IPC00190 class-of-service qos-profiles qos-profile Business2 dscp-rw-enable yes
set devices template IPC00190-HKG01-NEW-PS-MPLS config orgs org-services IPC00190 class-of-service qos-profiles qos-profile Business2 dot1p-rw-enable no
set devices template IPC00190-HKG01-NEW-PS-MPLS config orgs org-services IPC00190 class-of-service qos-profiles qos-profile Business3 forwarding-class fc15
set devices template IPC00190-HKG01-NEW-PS-MPLS config orgs org-services IPC00190 class-of-service qos-profiles qos-profile Business3 loss-priority high
set devices template IPC00190-HKG01-NEW-PS-MPLS config orgs org-services IPC00190 class-of-service qos-profiles qos-profile Business3 dscp-rw-enable yes
set devices template IPC00190-HKG01-NEW-PS-MPLS config orgs org-services IPC00190 class-of-service qos-profiles qos-profile Business3 dot1p-rw-enable no
set devices template IPC00190-HKG01-NEW-PS-MPLS config orgs org-services IPC00190 class-of-service qos-profiles qos-profile Internet-Default forwarding-class fc_be
set devices template IPC00190-HKG01-NEW-PS-MPLS config orgs org-services IPC00190 class-of-service qos-profiles qos-profile Internet-Default loss-priority high
set devices template IPC00190-HKG01-NEW-PS-MPLS config orgs org-services IPC00190 class-of-service qos-profiles qos-profile Internet-Default dscp-rw-enable no
set devices template IPC00190-HKG01-NEW-PS-MPLS config orgs org-services IPC00190 class-of-service qos-profiles qos-profile Internet-Default dot1p-rw-enable no
set devices template IPC00190-HKG01-NEW-PS-MPLS config orgs org-services IPC00190 class-of-service qos-profiles qos-profile Premium forwarding-class fc_ef
set devices template IPC00190-HKG01-NEW-PS-MPLS config orgs org-services IPC00190 class-of-service qos-profiles qos-profile Premium loss-priority low
set devices template IPC00190-HKG01-NEW-PS-MPLS config orgs org-services IPC00190 class-of-service qos-profiles qos-profile Premium dscp-rw-enable yes
set devices template IPC00190-HKG01-NEW-PS-MPLS config orgs org-services IPC00190 class-of-service qos-profiles qos-profile Premium dot1p-rw-enable no
set devices template IPC00190-HKG01-NEW-PS-MPLS config orgs org-services IPC00190 class-of-service qos-profiles qos-profile Routing-Management forwarding-class fc_nc
set devices template IPC00190-HKG01-NEW-PS-MPLS config orgs org-services IPC00190 class-of-service qos-profiles qos-profile Routing-Management loss-priority low
set devices template IPC00190-HKG01-NEW-PS-MPLS config orgs org-services IPC00190 class-of-service qos-profiles qos-profile Routing-Management dscp-rw-enable yes
set devices template IPC00190-HKG01-NEW-PS-MPLS config orgs org-services IPC00190 class-of-service qos-profiles qos-profile Routing-Management dot1p-rw-enable no

set devices template IPC00190-HKG01-NEW-PS-MPLS config orgs org-services IPC00190 objects services service IPSEC protocol UDP
set devices template IPC00190-HKG01-NEW-PS-MPLS config orgs org-services IPC00190 objects services service IPSEC destination-port 4790,4500,500
set devices template IPC00190-HKG01-NEW-PS-MPLS config orgs org-services IPC00190 objects services service IPSecAH protocol AH
set devices template IPC00190-HKG01-NEW-PS-MPLS config orgs org-services IPC00190 objects services service IPSIPSecAH protocol AH
set devices template IPC00190-HKG01-NEW-PS-MPLS config orgs org-services IPC00190 objects services service DHCP-67 protocol UDP
set devices template IPC00190-HKG01-NEW-PS-MPLS config orgs org-services IPC00190 objects services service DHCP-67 port 67
set devices template IPC00190-HKG01-NEW-PS-MPLS config orgs org-services IPC00190 objects services service DHCP-68 protocol UDP
set devices template IPC00190-HKG01-NEW-PS-MPLS config orgs org-services IPC00190 objects services service DHCP-68 port 68

delete devices template IPC00190-HKG01-NEW-PS-MPLS config routing-instances routing-instance IPC00190-Control-VR routing-options static route
delete devices template IPC00190-HKG01-NEW-PS-MPLS config orgs org-services IPC00190 security access-policies access-policy-group Default-Policy

set devices template IPC00190-HKG01-NEW-PS-MPLS config routing-instances routing-instance LAN1-VRF vrf-import-target target:1020L:10202
set devices template IPC00190-HKG01-NEW-PS-MPLS config routing-instances routing-instance LAN1-VRF policy-options redistribution-policy Default-Policy-To-BGP term T3-STATIC match protocol static
set devices template IPC00190-HKG01-NEW-PS-MPLS config routing-instances routing-instance LAN1-VRF policy-options redistribution-policy Default-Policy-To-BGP term T3-STATIC action filter accept
set devices template IPC00190-HKG01-NEW-PS-MPLS config routing-instances routing-instance LAN1-VRF policy-options redistribution-policy Default-Policy-To-BGP term T3-STATIC action set-origin igp
set devices template IPC00190-HKG01-NEW-PS-MPLS config routing-instances routing-instance LAN1-VRF policy-options redistribution-policy Default-Policy-To-BGP term T3-STATIC action set-local-preference 110
set devices template IPC00190-HKG01-NEW-PS-MPLS config snmp usm local user coltuser auth sha password Colt1234

set devices template IPC00190-HKG01-NEW-PS-MPLS config system time-zone Greenwich
set devices template IPC00190-HKG01-NEW-PS-MPLS config confdConfig cli banner "Access to this network/system is limited to users authorised by Colt for its legitimate business purposes. Unauthorised access, use, installation of files or modification of any data is prohibited. Use of this system/network will be audited"
set devices template IPC00190-HKG01-NEW-PS-MPLS config system users portal login shell role admin password yA:D#{}Vn9JE-?Qa
set devices template IPC00190-HKG01-NEW-PS-MPLS config system users portal ssh-public-key portal contents "ssh-rsa AAAAB3NzaC1yc2EAAAADAQABAAABAQDo+WWU8BDyqZCYadUGElffuy1pkOo4nrg/yfOqV84G+ukVGf+SF48h+543zMxMmKTauHEqmSp+74IbSpN9buBom/BFpBTm3c66BErMmLNariqvfItG7CO9UBPqoXpUBAXnF/muohwe145jEyRRI4Lof2wK6F6qYjzTQHK+zp5IpV6D+VurfQ6fIQB2oUIj9c8OG3Zfyp33l9utdLCzR7Uo4OGt9GidMrO2mXSBWXb+L5o6MAiOB4EhKvVyG9O8+So7zHEcUI65bq3JWzLzM7w705ySVwitEeqCx2wS7v/2KNuHmI8kSQVOuXQ539V3PJThvlVPY7ABmrY5+4MZT+Fv novitas@colt.net"
2020-03-31 18:28:42,522 - CPE26-HKG-SINGLE-CPE-MPLSONLY-IPC00190 - DEBUG - configure
Entering configuration mode private
[ok][2020-03-31 12:59:14]

[edit]
Automated@VDir-BLR-NEW-01% set devices template IPC00190-HKG01-NEW-PS-MPLS config interfaces vni vni-0/1 description "MPLS-WAN"
[ok][2020-03-31 12:59:15]

[edit]
Automated@VDir-BLR-NEW-01% set devices template IPC00190-HKG01-NEW-PS-MPLS config interfaces vni vni-0/1 bandwidth uplink "5000"
[ok][2020-03-31 12:59:15]

[edit]
Automated@VDir-BLR-NEW-01% set devices template IPC00190-HKG01-NEW-PS-MPLS config interfaces vni vni-0/1 bandwidth downlink "5000"
[ok][2020-03-31 12:59:15]

[edit]
Automated@VDir-BLR-NEW-01% 

[edit]
Automated@VDir-BLR-NEW-01% set devices template IPC00190-HKG01-NEW-PS-MPLS config system vnf-manager ip-addresses [ 10.92.116.67/32 10.92.116.68/32 ]
[ok][2020-03-31 12:59:16]

[edit]
Automated@VDir-BLR-NEW-01% set devices template IPC00190-HKG01-NEW-PS-MPLS config system service-options qos-frame-overhead auto-adjust true
[ok][2020-03-31 12:59:16]

[edit]
Automated@VDir-BLR-NEW-01% set devices template IPC00190-HKG01-NEW-PS-MPLS config routing-instances routing-instance IPC00190-Control-VR protocols bgp bgp 90 hold-time 90
[ok][2020-03-31 12:59:16]

[edit]
Automated@VDir-BLR-NEW-01% set devices template IPC00190-HKG01-NEW-PS-MPLS config routing-instances routing-instance IPC00190-Control-VR protocols bgp bgp 90 graceful-restart enable
[ok][2020-03-31 12:59:17]

[edit]
Automated@VDir-BLR-NEW-01% set devices template IPC00190-HKG01-NEW-PS-MPLS config routing-instances routing-instance IPC00190-Control-VR protocols bgp bgp 90 graceful-restart maximum-restart-time 15
[ok][2020-03-31 12:59:17]

[edit]
Automated@VDir-BLR-NEW-01% set devices template IPC00190-HKG01-NEW-PS-MPLS config routing-instances routing-instance IPC00190-Control-VR protocols bgp bgp 90 graceful-restart recovery-time 15
[ok][2020-03-31 12:59:17]

[edit]
Automated@VDir-BLR-NEW-01% set devices template IPC00190-HKG01-NEW-PS-MPLS config routing-instances routing-instance IPC00190-Control-VR protocols bgp bgp 90 graceful-restart select-defer-time 15
[ok][2020-03-31 12:59:17]

[edit]
Automated@VDir-BLR-NEW-01% set devices template IPC00190-HKG01-NEW-PS-MPLS config routing-instances routing-instance IPC00190-Control-VR protocols bgp bgp 90 graceful-restart stalepath-time 15
[ok][2020-03-31 12:59:18]

[edit]
Automated@VDir-BLR-NEW-01% set devices template IPC00190-HKG01-NEW-PS-MPLS config routing-instances routing-instance IPC00190-Control-VR protocols bgp bgp 90 graceful-restart dynamic-peer-restart-time 0
[ok][2020-03-31 12:59:18]

[edit]
Automated@VDir-BLR-NEW-01% 

[edit]
Automated@VDir-BLR-NEW-01% set devices template IPC00190-HKG01-NEW-PS-MPLS config routing-instances routing-instance IPC00190-Control-VR protocols bgp bgp 90 routing-peer-policy Import-From-SDWAN-Policy term 1GW1 match family inet-vpn
[ok][2020-03-31 12:59:19]

[edit]
Automated@VDir-BLR-NEW-01% set devices template IPC00190-HKG01-NEW-PS-MPLS config routing-instances routing-instance IPC00190-Control-VR protocols bgp bgp 90 routing-peer-policy Import-From-SDWAN-Policy term 1GW1 match community "(^|,)([0-9]*:11)($|,)"
[ok][2020-03-31 12:59:19]

[edit]
Automated@VDir-BLR-NEW-01% set devices template IPC00190-HKG01-NEW-PS-MPLS config routing-instances routing-instance IPC00190-Control-VR protocols bgp bgp 90 routing-peer-policy Import-From-SDWAN-Policy term 1GW1 action filter accept
[ok][2020-03-31 12:59:20]

[edit]
Automated@VDir-BLR-NEW-01% set devices template IPC00190-HKG01-NEW-PS-MPLS config routing-instances routing-instance IPC00190-Control-VR protocols bgp bgp 90 routing-peer-policy Import-From-SDWAN-Policy term 1GW1 action community 8009:8009
[ok][2020-03-31 12:59:20]

[edit]
Automated@VDir-BLR-NEW-01% set devices template IPC00190-HKG01-NEW-PS-MPLS config routing-instances routing-instance IPC00190-Control-VR protocols bgp bgp 90 routing-peer-policy Import-From-SDWAN-Policy term 1GW1 action community-action set-specific
[ok][2020-03-31 12:59:21]

[edit]
Automated@VDir-BLR-NEW-01% set devices template IPC00190-HKG01-NEW-PS-MPLS config routing-instances routing-instance IPC00190-Control-VR protocols bgp bgp 90 routing-peer-policy Import-From-SDWAN-Policy term 1GW1 action set-local-preference  80
[ok][2020-03-31 12:59:22]

[edit]
Automated@VDir-BLR-NEW-01% set devices template IPC00190-HKG01-NEW-PS-MPLS config routing-instances routing-instance IPC00190-Control-VR protocols bgp bgp 90 routing-peer-policy Import-From-SDWAN-Policy term 2GW2 match family inet-vpn
[ok][2020-03-31 12:59:22]

[edit]
Automated@VDir-BLR-NEW-01% set devices template IPC00190-HKG01-NEW-PS-MPLS config routing-instances routing-instance IPC00190-Control-VR protocols bgp bgp 90 routing-peer-policy Import-From-SDWAN-Policy term 2GW2 match community "(^|,)([0-9]*:12)($|,)"
[ok][2020-03-31 12:59:23]

[edit]
Automated@VDir-BLR-NEW-01% set devices template IPC00190-HKG01-NEW-PS-MPLS config routing-instances routing-instance IPC00190-Control-VR protocols bgp bgp 90 routing-peer-policy Import-From-SDWAN-Policy term 2GW2 action filter accept
[ok][2020-03-31 12:59:23]

[edit]
Automated@VDir-BLR-NEW-01% set devices template IPC00190-HKG01-NEW-PS-MPLS config routing-instances routing-instance IPC00190-Control-VR protocols bgp bgp 90 routing-peer-policy Import-From-SDWAN-Policy term 2GW2 action community 8009:8009
[ok][2020-03-31 12:59:24]

[edit]
Automated@VDir-BLR-NEW-01% set devices template IPC00190-HKG01-NEW-PS-MPLS config routing-instances routing-instance IPC00190-Control-VR protocols bgp bgp 90 routing-peer-policy Import-From-SDWAN-Policy term 2GW2 action community-action set-specific
[ok][2020-03-31 12:59:24]

[edit]
Automated@VDir-BLR-NEW-01% set devices template IPC00190-HKG01-NEW-PS-MPLS config routing-instances routing-instance IPC00190-Control-VR protocols bgp bgp 90 routing-peer-policy Import-From-SDWAN-Policy term 2GW2 action set-local-preference  60
[ok][2020-03-31 12:59:25]

[edit]
Automated@VDir-BLR-NEW-01% move devices template IPC00190-HKG01-NEW-PS-MPLS config routing-instances routing-instance IPC00190-Control-VR protocols bgp bgp 90 routing-peer-policy Import-From-SDWAN-Policy term 2GW2 first
[ok][2020-03-31 12:59:25]

[edit]
Automated@VDir-BLR-NEW-01% move devices template IPC00190-HKG01-NEW-PS-MPLS config routing-instances routing-instance IPC00190-Control-VR protocols bgp bgp 90 routing-peer-policy Import-From-SDWAN-Policy term 1GW1 first
[ok][2020-03-31 12:59:26]

[edit]
Automated@VDir-BLR-NEW-01% 

[edit]
Automated@VDir-BLR-NEW-01% set devices template IPC00190-HKG01-NEW-PS-MPLS config routing-instances routing-instance IPC00190-Control-VR protocols bgp bgp 90 routing-peer-policy TO_SDWAN term Wildcard match family inet-vpn
[ok][2020-03-31 12:59:27]

[edit]
Automated@VDir-BLR-NEW-01% set devices template IPC00190-HKG01-NEW-PS-MPLS config routing-instances routing-instance IPC00190-Control-VR protocols bgp bgp 90 routing-peer-policy TO_SDWAN term Wildcard action filter accept
[ok][2020-03-31 12:59:27]

[edit]
Automated@VDir-BLR-NEW-01% set devices template IPC00190-HKG01-NEW-PS-MPLS config routing-instances routing-instance IPC00190-Control-VR protocols bgp bgp 90 routing-peer-policy TO_SDWAN term Wildcard action community 852:10
[ok][2020-03-31 12:59:28]

[edit]
Automated@VDir-BLR-NEW-01% set devices template IPC00190-HKG01-NEW-PS-MPLS config routing-instances routing-instance IPC00190-Control-VR protocols bgp bgp 90 routing-peer-policy TO_SDWAN term Wildcard action community-action set-specific
[ok][2020-03-31 12:59:28]

[edit]
Automated@VDir-BLR-NEW-01% set devices template IPC00190-HKG01-NEW-PS-MPLS config routing-instances routing-instance IPC00190-Control-VR protocols bgp bgp 90 routing-peer-policy TO_SDWAN term VersaPvt-Wildcard match family versa-private
[ok][2020-03-31 12:59:29]

[edit]
Automated@VDir-BLR-NEW-01% set devices template IPC00190-HKG01-NEW-PS-MPLS config routing-instances routing-instance IPC00190-Control-VR protocols bgp bgp 90 routing-peer-policy TO_SDWAN term VersaPvt-Wildcard action filter accept
[ok][2020-03-31 12:59:29]

[edit]
Automated@VDir-BLR-NEW-01% set devices template IPC00190-HKG01-NEW-PS-MPLS config routing-instances routing-instance IPC00190-Control-VR protocols bgp bgp 90 routing-peer-policy TO_SDWAN term VersaPvt-Wildcard action community 852:10
[ok][2020-03-31 12:59:29]

[edit]
Automated@VDir-BLR-NEW-01% set devices template IPC00190-HKG01-NEW-PS-MPLS config routing-instances routing-instance IPC00190-Control-VR protocols bgp bgp 90 routing-peer-policy TO_SDWAN term VersaPvt-Wildcard action community-action set-specific
[ok][2020-03-31 12:59:30]

[edit]
Automated@VDir-BLR-NEW-01% set devices template IPC00190-HKG01-NEW-PS-MPLS config routing-instances routing-instance IPC00190-Control-VR protocols bgp bgp 90 group Controllers-Group family inet unicast
[ok][2020-03-31 12:59:30]

[edit]
Automated@VDir-BLR-NEW-01% set devices template IPC00190-HKG01-NEW-PS-MPLS config routing-instances routing-instance IPC00190-Control-VR protocols bgp bgp 90 group Controllers-Group export TO_SDWAN
[ok][2020-03-31 12:59:31]

[edit]
Automated@VDir-BLR-NEW-01% set devices template IPC00190-HKG01-NEW-PS-MPLS config orgs org IPC00190 sd-wan site wan-interfaces vni vni-0/1.0 sla-monitoring fc fc_nc interval 10
[ok][2020-03-31 12:59:31]

[edit]
Automated@VDir-BLR-NEW-01% set devices template IPC00190-HKG01-NEW-PS-MPLS config orgs org IPC00190 sd-wan site wan-interfaces vni vni-0/1.0 sla-monitoring fc fc_nc logging-interval 30
[ok][2020-03-31 12:59:32]

[edit]
Automated@VDir-BLR-NEW-01% set devices template IPC00190-HKG01-NEW-PS-MPLS config orgs org IPC00190 sd-wan site wan-interfaces vni vni-0/1.0 sla-monitoring fc fc_nc send-to controller
[ok][2020-03-31 12:59:32]

[edit]
Automated@VDir-BLR-NEW-01% set devices template IPC00190-HKG01-NEW-PS-MPLS config orgs org IPC00190 sd-wan site wan-interfaces vni vni-0/1.0 sla-monitoring fc fc_ef interval 10
[ok][2020-03-31 12:59:33]

[edit]
Automated@VDir-BLR-NEW-01% set devices template IPC00190-HKG01-NEW-PS-MPLS config orgs org IPC00190 sd-wan site wan-interfaces vni vni-0/1.0 sla-monitoring fc fc_ef logging-interval 30
[ok][2020-03-31 12:59:33]

[edit]
Automated@VDir-BLR-NEW-01% set devices template IPC00190-HKG01-NEW-PS-MPLS config orgs org IPC00190 sd-wan site wan-interfaces vni vni-0/1.0 sla-monitoring fc fc_ef send-to branches
[ok][2020-03-31 12:59:34]

[edit]
Automated@VDir-BLR-NEW-01% set devices template IPC00190-HKG01-NEW-PS-MPLS config orgs org IPC00190 sd-wan site wan-interfaces vni vni-0/1.0 sla-monitoring fc fc_be interval 10
[ok][2020-03-31 12:59:34]

[edit]
Automated@VDir-BLR-NEW-01% set devices template IPC00190-HKG01-NEW-PS-MPLS config orgs org IPC00190 sd-wan site wan-interfaces vni vni-0/1.0 sla-monitoring fc fc_be logging-interval 30
[ok][2020-03-31 12:59:34]

[edit]
Automated@VDir-BLR-NEW-01% set devices template IPC00190-HKG01-NEW-PS-MPLS config orgs org IPC00190 sd-wan site wan-interfaces vni vni-0/1.0 sla-monitoring fc fc_be send-to branches
[ok][2020-03-31 12:59:35]

[edit]
Automated@VDir-BLR-NEW-01% set devices template IPC00190-HKG01-NEW-PS-MPLS config orgs org IPC00190 sd-wan site wan-interfaces vni vni-0/1.0 sla-monitoring fc fc13 interval 10
[ok][2020-03-31 12:59:35]

[edit]
Automated@VDir-BLR-NEW-01% set devices template IPC00190-HKG01-NEW-PS-MPLS config orgs org IPC00190 sd-wan site wan-interfaces vni vni-0/1.0 sla-monitoring fc fc13 logging-interval 30
[ok][2020-03-31 12:59:36]

[edit]
Automated@VDir-BLR-NEW-01% set devices template IPC00190-HKG01-NEW-PS-MPLS config orgs org IPC00190 sd-wan site wan-interfaces vni vni-0/1.0 sla-monitoring fc fc13 send-to branches
[ok][2020-03-31 12:59:36]

[edit]
Automated@VDir-BLR-NEW-01% set devices template IPC00190-HKG01-NEW-PS-MPLS config orgs org IPC00190 sd-wan site wan-interfaces vni vni-0/1.0 sla-monitoring fc fc14 interval 10
[ok][2020-03-31 12:59:36]

[edit]
Automated@VDir-BLR-NEW-01% set devices template IPC00190-HKG01-NEW-PS-MPLS config orgs org IPC00190 sd-wan site wan-interfaces vni vni-0/1.0 sla-monitoring fc fc14 logging-interval 30
[ok][2020-03-31 12:59:37]

[edit]
Automated@VDir-BLR-NEW-01% set devices template IPC00190-HKG01-NEW-PS-MPLS config orgs org IPC00190 sd-wan site wan-interfaces vni vni-0/1.0 sla-monitoring fc fc14 send-to branches
[ok][2020-03-31 12:59:38]

[edit]
Automated@VDir-BLR-NEW-01% set devices template IPC00190-HKG01-NEW-PS-MPLS config orgs org IPC00190 sd-wan site wan-interfaces vni vni-0/1.0 sla-monitoring fc fc15 interval 10
[ok][2020-03-31 12:59:38]

[edit]
Automated@VDir-BLR-NEW-01% set devices template IPC00190-HKG01-NEW-PS-MPLS config orgs org IPC00190 sd-wan site wan-interfaces vni vni-0/1.0 sla-monitoring fc fc15 logging-interval 30
[ok][2020-03-31 12:59:38]

[edit]
Automated@VDir-BLR-NEW-01% set devices template IPC00190-HKG01-NEW-PS-MPLS config orgs org IPC00190 sd-wan site wan-interfaces vni vni-0/1.0 sla-monitoring fc fc15 send-to branches
[ok][2020-03-31 12:59:39]

[edit]
Automated@VDir-BLR-NEW-01% set devices template IPC00190-HKG01-NEW-PS-MPLS config orgs org IPC00190 sd-wan site wan-interfaces vni vni-0/1.0 management-traffic  priority 0
[ok][2020-03-31 12:59:39]

[edit]
Automated@VDir-BLR-NEW-01% 

[edit]
Automated@VDir-BLR-NEW-01% set devices template IPC00190-HKG01-NEW-PS-MPLS config orgs org-services IPC00190 class-of-service qos-policies qos-policy-group Default-Policy rules qos-policy IPSEC_IN match source zone zone-list [ Intf-MPLS-WAN -Zone ]
[ok][2020-03-31 12:59:40]

[edit]
Automated@VDir-BLR-NEW-01% set devices template IPC00190-HKG01-NEW-PS-MPLS config orgs org-services IPC00190 class-of-service qos-policies qos-policy-group Default-Policy rules qos-policy IPSEC_IN match services predefined-services-list [ ESP ICMP ]
[ok][2020-03-31 12:59:40]

[edit]
Automated@VDir-BLR-NEW-01% set devices template IPC00190-HKG01-NEW-PS-MPLS config orgs org-services IPC00190 class-of-service qos-policies qos-policy-group Default-Policy rules qos-policy IPSEC_IN match services services-list [ IPSEC IPSecAH ]
[ok][2020-03-31 12:59:40]

[edit]
Automated@VDir-BLR-NEW-01% set devices template IPC00190-HKG01-NEW-PS-MPLS config orgs org-services IPC00190 class-of-service qos-policies qos-policy-group Default-Policy rules qos-policy IPSEC_IN set action allow
[ok][2020-03-31 12:59:41]

[edit]
Automated@VDir-BLR-NEW-01% set devices template IPC00190-HKG01-NEW-PS-MPLS config orgs org-services IPC00190 class-of-service qos-policies qos-policy-group Default-Policy rules qos-policy IPSEC_OUT match destination zone zone-list [ Intf-MPLS-WAN-Zone ]
[ok][2020-03-31 12:59:42]

[edit]
Automated@VDir-BLR-NEW-01% set devices template IPC00190-HKG01-NEW-PS-MPLS config orgs org-services IPC00190 class-of-service qos-policies qos-policy-group Default-Policy rules qos-policy IPSEC_OUT match services predefined-services-list [  ESP ICMP ]
[ok][2020-03-31 12:59:42]

[edit]
Automated@VDir-BLR-NEW-01% set devices template IPC00190-HKG01-NEW-PS-MPLS config orgs org-services IPC00190 class-of-service qos-policies qos-policy-group Default-Policy rules qos-policy IPSEC_OUT match services services-list [ IPSEC IPSIPSecAH ]
[ok][2020-03-31 12:59:43]

[edit]
Automated@VDir-BLR-NEW-01% set devices template IPC00190-HKG01-NEW-PS-MPLS config orgs org-services IPC00190 class-of-service qos-policies qos-policy-group Default-Policy rules qos-policy IPSEC_OUT set action allow
[ok][2020-03-31 12:59:44]

[edit]
Automated@VDir-BLR-NEW-01% set devices template IPC00190-HKG01-NEW-PS-MPLS config orgs org-services IPC00190 class-of-service qos-policies qos-policy-group Default-Policy rules qos-policy ARP_IN match source zone zone-list [ Intf-MPLS-WAN-Zone ]
[ok][2020-03-31 12:59:44]

[edit]
Automated@VDir-BLR-NEW-01% set devices template IPC00190-HKG01-NEW-PS-MPLS config orgs org-services IPC00190 class-of-service qos-policies qos-policy-group Default-Policy rules qos-policy ARP_IN match ether-type ARP
[ok][2020-03-31 12:59:45]

[edit]
Automated@VDir-BLR-NEW-01% set devices template IPC00190-HKG01-NEW-PS-MPLS config orgs org-services IPC00190 class-of-service qos-policies qos-policy-group Default-Policy rules qos-policy ARP_IN set action allow
[ok][2020-03-31 12:59:45]

[edit]
Automated@VDir-BLR-NEW-01% set devices template IPC00190-HKG01-NEW-PS-MPLS config orgs org-services IPC00190 class-of-service qos-policies qos-policy-group Default-Policy rules qos-policy ARP_OUT match destination zone zone-list [ Intf-MPLS-WAN-Zone ]
[ok][2020-03-31 12:59:46]

[edit]
Automated@VDir-BLR-NEW-01% set devices template IPC00190-HKG01-NEW-PS-MPLS config orgs org-services IPC00190 class-of-service qos-policies qos-policy-group Default-Policy rules qos-policy ARP_OUT match ether-type ARP
[ok][2020-03-31 12:59:47]

[edit]
Automated@VDir-BLR-NEW-01% set devices template IPC00190-HKG01-NEW-PS-MPLS config orgs org-services IPC00190 class-of-service qos-policies qos-policy-group Default-Policy rules qos-policy ARP_OUT set action allow
[ok][2020-03-31 12:59:47]

[edit]
Automated@VDir-BLR-NEW-01% 

[edit]
Automated@VDir-BLR-NEW-01% set devices template IPC00190-HKG01-NEW-PS-MPLS config orgs org-services IPC00190 class-of-service qos-policies qos-policy-group Default-Policy rules qos-policy WAN_IN match source zone zone-list [ Intf-MPLS-WAN-Zone ]
[ok][2020-03-31 12:59:48]

[edit]
Automated@VDir-BLR-NEW-01% set devices template IPC00190-HKG01-NEW-PS-MPLS config orgs org-services IPC00190 class-of-service qos-policies qos-policy-group Default-Policy rules qos-policy WAN_IN set action deny
[ok][2020-03-31 12:59:48]

[edit]
Automated@VDir-BLR-NEW-01% set devices template IPC00190-HKG01-NEW-PS-MPLS config orgs org-services IPC00190 class-of-service qos-policies qos-policy-group Default-Policy rules qos-policy WAN_OUT match destination zone zone-list [ Intf-MPLS-WAN-Zone ]
[ok][2020-03-31 12:59:49]

[edit]
Automated@VDir-BLR-NEW-01% set devices template IPC00190-HKG01-NEW-PS-MPLS config orgs org-services IPC00190 class-of-service qos-policies qos-policy-group Default-Policy rules qos-policy WAN_OUT set action deny
[ok][2020-03-31 12:59:49]

[edit]
Automated@VDir-BLR-NEW-01% set devices template IPC00190-HKG01-NEW-PS-MPLS config orgs org-services IPC00190 class-of-service app-qos-policies app-qos-policy-group Default-Policy
[ok][2020-03-31 12:59:49]

[edit]
Automated@VDir-BLR-NEW-01% set devices template IPC00190-HKG01-NEW-PS-MPLS config orgs org-services IPC00190 class-of-service qos-profiles qos-profile Business1  forwarding-class fc13
[ok][2020-03-31 12:59:49]

[edit]
Automated@VDir-BLR-NEW-01% set devices template IPC00190-HKG01-NEW-PS-MPLS config orgs org-services IPC00190 class-of-service qos-profiles qos-profile Business1  loss-priority high
[ok][2020-03-31 12:59:50]

[edit]
Automated@VDir-BLR-NEW-01% set devices template IPC00190-HKG01-NEW-PS-MPLS config orgs org-services IPC00190 class-of-service qos-profiles qos-profile Business1  dscp-rw-enable yes
[ok][2020-03-31 12:59:50]

[edit]
Automated@VDir-BLR-NEW-01% set devices template IPC00190-HKG01-NEW-PS-MPLS config orgs org-services IPC00190 class-of-service qos-profiles qos-profile Business1  dot1p-rw-enable no
[ok][2020-03-31 12:59:50]

[edit]
Automated@VDir-BLR-NEW-01% set devices template IPC00190-HKG01-NEW-PS-MPLS config orgs org-services IPC00190 class-of-service qos-profiles qos-profile Business2  forwarding-class fc14
[ok][2020-03-31 12:59:51]

[edit]
Automated@VDir-BLR-NEW-01% set devices template IPC00190-HKG01-NEW-PS-MPLS config orgs org-services IPC00190 class-of-service qos-profiles qos-profile Business2  loss-priority high
[ok][2020-03-31 12:59:51]

[edit]
Automated@VDir-BLR-NEW-01% set devices template IPC00190-HKG01-NEW-PS-MPLS config orgs org-services IPC00190 class-of-service qos-profiles qos-profile Business2  dscp-rw-enable yes
[ok][2020-03-31 12:59:51]

[edit]
Automated@VDir-BLR-NEW-01% set devices template IPC00190-HKG01-NEW-PS-MPLS config orgs org-services IPC00190 class-of-service qos-profiles qos-profile Business2  dot1p-rw-enable no
[ok][2020-03-31 12:59:52]

[edit]
Automated@VDir-BLR-NEW-01% set devices template IPC00190-HKG01-NEW-PS-MPLS config orgs org-services IPC00190 class-of-service qos-profiles qos-profile Business3  forwarding-class fc15
[ok][2020-03-31 12:59:52]

[edit]
Automated@VDir-BLR-NEW-01% set devices template IPC00190-HKG01-NEW-PS-MPLS config orgs org-services IPC00190 class-of-service qos-profiles qos-profile Business3  loss-priority high
[ok][2020-03-31 12:59:52]

[edit]
Automated@VDir-BLR-NEW-01% set devices template IPC00190-HKG01-NEW-PS-MPLS config orgs org-services IPC00190 class-of-service qos-profiles qos-profile Business3  dscp-rw-enable yes
[ok][2020-03-31 12:59:53]

[edit]
Automated@VDir-BLR-NEW-01% set devices template IPC00190-HKG01-NEW-PS-MPLS config orgs org-services IPC00190 class-of-service qos-profiles qos-profile Business3  dot1p-rw-enable no
[ok][2020-03-31 12:59:53]

[edit]
Automated@VDir-BLR-NEW-01% set devices template IPC00190-HKG01-NEW-PS-MPLS config orgs org-services IPC00190 class-of-service qos-profiles qos-profile Internet-Default forwarding-class fc_be
[ok][2020-03-31 12:59:53]

[edit]
Automated@VDir-BLR-NEW-01% set devices template IPC00190-HKG01-NEW-PS-MPLS config orgs org-services IPC00190 class-of-service qos-profiles qos-profile Internet-Default loss-priority high
[ok][2020-03-31 12:59:54]

[edit]
Automated@VDir-BLR-NEW-01% set devices template IPC00190-HKG01-NEW-PS-MPLS config orgs org-services IPC00190 class-of-service qos-profiles qos-profile Internet-Default dscp-rw-enable no
[ok][2020-03-31 12:59:54]

[edit]
Automated@VDir-BLR-NEW-01% set devices template IPC00190-HKG01-NEW-PS-MPLS config orgs org-services IPC00190 class-of-service qos-profiles qos-profile Internet-Default dot1p-rw-enable no
[ok][2020-03-31 12:59:55]

[edit]
Automated@VDir-BLR-NEW-01% set devices template IPC00190-HKG01-NEW-PS-MPLS config orgs org-services IPC00190 class-of-service qos-profiles qos-profile Premium forwarding-class fc_ef
[ok][2020-03-31 12:59:55]

[edit]
Automated@VDir-BLR-NEW-01% set devices template IPC00190-HKG01-NEW-PS-MPLS config orgs org-services IPC00190 class-of-service qos-profiles qos-profile Premium loss-priority low
[ok][2020-03-31 12:59:55]

[edit]
Automated@VDir-BLR-NEW-01% set devices template IPC00190-HKG01-NEW-PS-MPLS config orgs org-services IPC00190 class-of-service qos-profiles qos-profile Premium dscp-rw-enable yes
[ok][2020-03-31 12:59:56]

[edit]
Automated@VDir-BLR-NEW-01% set devices template IPC00190-HKG01-NEW-PS-MPLS config orgs org-services IPC00190 class-of-service qos-profiles qos-profile Premium dot1p-rw-enable no
[ok][2020-03-31 12:59:56]

[edit]
Automated@VDir-BLR-NEW-01% set devices template IPC00190-HKG01-NEW-PS-MPLS config orgs org-services IPC00190 class-of-service qos-profiles qos-profile Routing-Management forwarding-class fc_nc
[ok][2020-03-31 12:59:57]

[edit]
Automated@VDir-BLR-NEW-01% set devices template IPC00190-HKG01-NEW-PS-MPLS config orgs org-services IPC00190 class-of-service qos-profiles qos-profile Routing-Management loss-priority low
[ok][2020-03-31 12:59:57]

[edit]
Automated@VDir-BLR-NEW-01% set devices template IPC00190-HKG01-NEW-PS-MPLS config orgs org-services IPC00190 class-of-service qos-profiles qos-profile Routing-Management dscp-rw-enable yes
[ok][2020-03-31 12:59:57]

[edit]
Automated@VDir-BLR-NEW-01% set devices template IPC00190-HKG01-NEW-PS-MPLS config orgs org-services IPC00190 class-of-service qos-profiles qos-profile Routing-Management dot1p-rw-enable no
[ok][2020-03-31 12:59:58]

[edit]
Automated@VDir-BLR-NEW-01% 

[edit]
Automated@VDir-BLR-NEW-01% set devices template IPC00190-HKG01-NEW-PS-MPLS config orgs org-services IPC00190 objects services service IPSEC protocol UDP
[ok][2020-03-31 12:59:58]

[edit]
Automated@VDir-BLR-NEW-01% set devices template IPC00190-HKG01-NEW-PS-MPLS config orgs org-services IPC00190 objects services service IPSEC destination-port 4790,4500,500
[ok][2020-03-31 12:59:58]

[edit]
Automated@VDir-BLR-NEW-01% set devices template IPC00190-HKG01-NEW-PS-MPLS config orgs org-services IPC00190 objects services service IPSecAH protocol AH
[ok][2020-03-31 12:59:59]

[edit]
Automated@VDir-BLR-NEW-01% set devices template IPC00190-HKG01-NEW-PS-MPLS config orgs org-services IPC00190 objects services service IPSIPSecAH protocol AH
[ok][2020-03-31 12:59:59]

[edit]
Automated@VDir-BLR-NEW-01% set devices template IPC00190-HKG01-NEW-PS-MPLS config orgs org-services IPC00190 objects services service DHCP-67 protocol UDP
[ok][2020-03-31 13:00:00]

[edit]
Automated@VDir-BLR-NEW-01% set devices template IPC00190-HKG01-NEW-PS-MPLS config orgs org-services IPC00190 objects services service DHCP-67 port 67
[ok][2020-03-31 13:00:00]

[edit]
Automated@VDir-BLR-NEW-01% set devices template IPC00190-HKG01-NEW-PS-MPLS config orgs org-services IPC00190 objects services service DHCP-68 protocol UDP
[ok][2020-03-31 13:00:00]

[edit]
Automated@VDir-BLR-NEW-01% set devices template IPC00190-HKG01-NEW-PS-MPLS config orgs org-services IPC00190 objects services service DHCP-68 port 68
[ok][2020-03-31 13:00:01]

[edit]
Automated@VDir-BLR-NEW-01% 

[edit]
Automated@VDir-BLR-NEW-01% delete devices template IPC00190-HKG01-NEW-PS-MPLS config routing-instances routing-instance IPC00190-Control-VR routing-options static route
[ok][2020-03-31 13:00:01]

[edit]
Automated@VDir-BLR-NEW-01% delete devices template IPC00190-HKG01-NEW-PS-MPLS config orgs org-services IPC00190 security access-policies access-policy-group Default-Policy
[ok][2020-03-31 13:00:01]

[edit]
Automated@VDir-BLR-NEW-01% 

[edit]
Automated@VDir-BLR-NEW-01% set devices template IPC00190-HKG01-NEW-PS-MPLS config routing-instances routing-instance LAN1-VRF vrf-import-target target:1020L:10202
[ok][2020-03-31 13:00:01]

[edit]
Automated@VDir-BLR-NEW-01% set devices template IPC00190-HKG01-NEW-PS-MPLS config routing-instances routing-instance LAN1-VRF policy-options redistribution-policy Default-Policy-To-BGP term T3-STATIC match protocol static
[ok][2020-03-31 13:00:02]

[edit]
Automated@VDir-BLR-NEW-01% set devices template IPC00190-HKG01-NEW-PS-MPLS config routing-instances routing-instance LAN1-VRF policy-options redistribution-policy Default-Policy-To-BGP term T3-STATIC action filter accept
[ok][2020-03-31 13:00:02]

[edit]
Automated@VDir-BLR-NEW-01% set devices template IPC00190-HKG01-NEW-PS-MPLS config routing-instances routing-instance LAN1-VRF policy-options redistribution-policy Default-Policy-To-BGP term T3-STATIC action set-origin igp
[ok][2020-03-31 13:00:03]

[edit]
Automated@VDir-BLR-NEW-01% set devices template IPC00190-HKG01-NEW-PS-MPLS config routing-instances routing-instance LAN1-VRF policy-options redistribution-policy Default-Policy-To-BGP term T3-STATIC action set-local-preference 110
[ok][2020-03-31 13:00:03]

[edit]
Automated@VDir-BLR-NEW-01% set devices template IPC00190-HKG01-NEW-PS-MPLS config snmp usm local user coltuser auth sha password Colt1234
[ok][2020-03-31 13:00:04]

[edit]
Automated@VDir-BLR-NEW-01% 

[edit]
Automated@VDir-BLR-NEW-01% set devices template IPC00190-HKG01-NEW-PS-MPLS config system time-zone Greenwich
[ok][2020-03-31 13:00:04]

[edit]
Automated@VDir-BLR-NEW-01% set devices template IPC00190-HKG01-NEW-PS-MPLS config confdConfig cli banner "Access to this network/system is limited to users authorised by Colt for its legitimate business purposes. Unauthorised access, use, installation of files or modification of any data is prohibited. Use of this system/network will be audited"
[ok][2020-03-31 13:00:04]

[edit]
Automated@VDir-BLR-NEW-01% set devices template IPC00190-HKG01-NEW-PS-MPLS config system users portal login shell role admin password yA:D#{}Vn9JE-?Qa
[ok][2020-03-31 13:00:04]

[edit]
Automated@VDir-BLR-NEW-01% set devices template IPC00190-HKG01-NEW-PS-MPLS config system users portal ssh-public-key portal contents "ssh-rsa AAAAB3NzaC1yc2EAAAADAQABAAABAQDo+WWU8BDyqZCYadUGElffuy1pkOo4nrg/yfOqV84G+ukVGf+SF48h+543zMxMmKTauHEqmSp+74IbSpN9buBom/BFpBTm3c66BErMmLNariqvfItG7CO9UBPqoXpUBAXnF/muohwe145jEyRRI4Lof2wK6F6qYjzTQHK+zp5IpV6D+VurfQ6fIQB2oUIj9c8OG3Zfyp33l9utdLCzR7Uo4OGt9GidMrO2mXSBWXb+L5o6MAiOB4EhKvVyG9O8+So7zHEcUI65bq3JWzLzM7w705ySVwitEeqCx2wS7v/2KNuHmI8kSQVOuXQ539V3PJThvlVPY7ABmrY5+4MZT+Fv novitas@colt.net"
[ok][2020-03-31 13:00:05]

[edit]
Automated@VDir-BLR-NEW-01% 
2020-03-31 18:28:43,125 - CPE26-HKG-SINGLE-CPE-MPLSONLY-IPC00190 - DEBUG - commit
Commit complete.
[ok][2020-03-31 13:00:07]

[edit]
Automated@VDir-BLR-NEW-01% 
2020-03-31 18:28:43,158 - CPE26-HKG-SINGLE-CPE-MPLSONLY-IPC00190 - DEBUG - <netmiko.versa.versa_ssh.VersaSSH object at 0x000000000DD62E10> connection closed
2020-03-31 18:28:43,158 - CPE26-HKG-SINGLE-CPE-MPLSONLY-IPC00190 - DEBUG - 
CPE26-HKG-SINGLE-CPE-MPLSONLY-IPC00190 : Commit success.
2020-03-31 18:28:43,160 - CPE26-HKG-SINGLE-CPE-MPLSONLY-IPC00190 - INFO - >>>>>>>>>> PS MAIN TEMPLATE MODIFY PASSED. <<<<<<<<<<<
2020-03-31 18:28:48,170 - CPE26-HKG-SINGLE-CPE-MPLSONLY-IPC00190 - INFO - 
STEP :DEVICE GROUP CREATION AND DEPLOYMENT
2020-03-31 18:28:48,170 - CPE26-HKG-SINGLE-CPE-MPLSONLY-IPC00190 - DEBUG - {
	"device-group": {
		"name": "IPC00190-HKG01-NEW-PS-MPLS-DG",
		"dg:organization": "IPC00190",
		"dg:enable-2factor-auth": false,
		"dg:enable-staging-url": false,
		"dg:poststaging-template": "IPC00190-HKG01-NEW-PS-MPLS"
	}
}
2020-03-31 18:28:48,357 - CPE26-HKG-SINGLE-CPE-MPLSONLY-IPC00190 - DEBUG - <Response [201]>
2020-03-31 18:28:48,357 - CPE26-HKG-SINGLE-CPE-MPLSONLY-IPC00190 - DEBUG - 
PASS
2020-03-31 18:28:48,357 - CPE26-HKG-SINGLE-CPE-MPLSONLY-IPC00190 - INFO - >>>>>>>>>> DEVICE GROUP TEMPLATE CREATION PASSED. <<<<<<<<<<<
2020-03-31 18:28:53,357 - CPE26-HKG-SINGLE-CPE-MPLSONLY-IPC00190 - INFO - 
STEP :PRE-ONBOARD WORK
2020-03-31 18:28:53,404 - CPE26-HKG-SINGLE-CPE-MPLSONLY-IPC00190 - DEBUG - 
sudo /opt/versa/scripts/staging.py -w 1 -c 10.83.152.225 -s 172.16.7.102/30 -g 172.16.7.101 -l IPC00190-CPE26-HKG-SINGLE-CPE-MPLSONLY-IPC00190@colt.net -lk CPE26-HKG-SINGLE-CPE-MPLSONLY-IPC00190  -r NV-WC02-N1-HKG@colt.net -rk 1234

2020-03-31 18:28:53,404 - CPE26-HKG-SINGLE-CPE-MPLSONLY-IPC00190 - DEBUG - {
	"versanms.sdwan-device-workflow": {
		"deviceName": "CPE26-HKG-SINGLE-CPE-MPLSONLY-IPC00190",
		"siteId": "4298",
		"orgName": "IPC00190",
		"serialNumber": "CPE26MArch312hkg",
		"deviceGroup": "IPC00190-HKG01-NEW-PS-MPLS-DG",
		"locationInfo": {
			"state": "karnataka",
			"country": "india",
			"longitude": "77.594563",
			"latitude": "12.971599",
			"city": "bangalore"
		},
		"postStagingTemplateInfo": {
			"templateName": "IPC00190-HKG01-NEW-PS-MPLS",
			"templateData": {
				"device-template-variable": {
					"template": "IPC00190-HKG01-NEW-PS-MPLS",
					"variable-binding": {
						"attrs": [
						
						    
						    
						    
						{ "name": "{$v_vni-0-4_LAN1_Unit-0__unit}", "value": "750", "isAutogeneratable": false},
						{ "name": "{$v_vni-0-4_LAN1_Unit-0__vlanId}", "value": "750", "isAutogeneratable": false },
						
						{
							"name": "{$v_IPC00190-Control-VR_16_Router_ID__vrRouteId}",
							"value": "20.20.90.26",
							"isAutogeneratable": true,
							"isOverwritten": false
						}, {
							"name": "{$v_IPC00190_NV-WC01-N1-HKG_Local_auth_email_key__IKELKey}",
							"value": "CPE26-HKG-SINGLE-CPE-MPLSONLY-IPC00190",
							"isAutogeneratable": true
						}, {
							"name": "{$v_IPC00190_NV-WC02-N1-HKG_Local_auth_email_key__IKELKey}",
							"value": "CPE26-HKG-SINGLE-CPE-MPLSONLY-IPC00190",
							"isAutogeneratable": true
						},
						
						
						
						{ "name": "{$v_LAN1_IPv4__staticaddress}", "value": "192.170.1.1/24", "isAutogeneratable": false},
						
						{
							"name": "{$v_IPC00190_NV-WC02-N1-HKG_Local_auth_email_identifier__IKELIdentifier}",
							"value": "CPE26-HKG-SINGLE-CPE-MPLSONLY-IPC00190@colt.net",
							"isAutogeneratable": true
						}, {
							"name": "{$v_Site_Id__siteSiteID}",
							"value": "4298",
							"isAutogeneratable": true
						}, {
							"name": "{$v_IPC00190_NV-WC01-N1-HKG_Local_auth_email_identifier__IKELIdentifier}",
							"value": "CPE26-HKG-SINGLE-CPE-MPLSONLY-IPC00190@colt.net",
							"isAutogeneratable": true
						}, {
							"name": "{$v_IPC00190_Site_Name__sitesSiteName}",
							"value": "CPE26-HKG-SINGLE-CPE-MPLSONLY-IPC00190",
							"isAutogeneratable": true
						}, {
							"name": "{$v_latitude__IdLatitude}",
							"value": "12.971599",
							"isAutogeneratable": true
						}, {
							"name": "{$v_identification__IdName}",
							"value": "CPE26-HKG-SINGLE-CPE-MPLSONLY-IPC00190",
							"isAutogeneratable": true
						}, {
						    "name": "{$v_tvi-0-180_-_Unit_0_Static_address__tunnelStaticAddress}",
							"value": "10.10.90.26/32",
							"isAutogeneratable": true,
							"isOverwritten": false
						}, {
							"name": "{$v_Chassis_Id__sitesChassisId}",
							"value": "CPE26MArch312hkg",
							"isAutogeneratable": true
						}, {
							"name": "{$v_longitude__Idlongitude}",
							"value": "77.594563",
							"isAutogeneratable": true
						}, {
							"name": "{$v_location__IdLocation}",
							"value": "bangalore,karnataka, india",
							"isAutogeneratable": true
						}, {
							"name": "{$v_IPC00190-Control-VR_90_Local_address__vrRouterAddress}",
							"value": "20.20.90.26",
							"isAutogeneratable": true,
							"isOverwritten": false
						}, {
							"name": "{$v_MPLS-WAN-Transport-VR_IPv4__vrHopAddress}",
							"value": "172.16.7.101",
							"isAutogeneratable": false
						}, {
							"name": "{$v_MPLS-WAN_IPv4__staticaddress}",
							"value": "172.16.7.102/30",
							"isAutogeneratable": false
						}, {
							"name": "{$v_tvi-0-181_-_Unit_0_Static_address__tunnelStaticAddress}",
							"value": "20.20.90.26/32",
							"isAutogeneratable": true,
							"isOverwritten": false
						}]
					}
				},
				"variableMetadata": [
                
                
                
				{"variable": "{$v_vni-0-4_LAN1_Unit-0__vlanId}", "group": "Vlan Info", "overlay": false, "type": "INTEGER"},
                
				{
					"variable": "{$v_IPC00190-Control-VR_90_Router_ID__vrRouteId}",
					"group": "Virtual Routers",
					"overlay": true,
					"type": "IPV4"
				}, {
					"variable": "{$v_IPC00190_NV-WC01-N1-HKG_Local_auth_email_key__IKELKey}",
					"group": "IPSEC",
					"overlay": false
				}, {
					"variable": "{$v_IPC00190_NV-WC02-N1-HKG_Local_auth_email_key__IKELKey}",
					"group": "IPSEC",
					"overlay": false
				},
			{
					"variable": "{$v_LAN1_IPv4__staticaddress}", "group": "Interfaces", "overlay": false, "type": "IPV4_MASK"
				},
            
				 {
					"variable": "{$v_IPC00190_NV-WC02-N1-HKG_Local_auth_email_identifier__IKELIdentifier}",
					"group": "IPSEC",
					"overlay": false
				}, {
					"variable": "{$v_Site_Id__siteSiteID}",
					"group": "SDWAN",
					"overlay": false
				}, {
					"variable": "{$v_IPC00190_NV-WC01-N1-HKG_Local_auth_email_identifier__IKELIdentifier}",
					"group": "IPSEC",
					"overlay": false
				}, {
					"variable": "{$v_IPC00190_Site_Name__sitesSiteName}",
					"group": "SDWAN",
					"overlay": false
				}, {
					"variable": "{$v_latitude__IdLatitude}",
					"group": "SDWAN",
					"overlay": false
				}, {
					"variable": "{$v_identification__IdName}",
					"group": "SDWAN",
					"overlay": false
				}, {
					"variable": "{$v_tvi-0-180_-_Unit_0_Static_address__tunnelStaticAddress}",
					"group": "Interfaces",
					"overlay": true,
					"type": "IPV4_IPV6_MASK"
				}, {
					"variable": "{$v_Chassis_Id__sitesChassisId}",
					"group": "SDWAN",
					"overlay": false
				}, {
					"variable": "{$v_longitude__Idlongitude}",
					"group": "SDWAN",
					"overlay": false
				}, {
					"variable": "{$v_location__IdLocation}",
					"group": "SDWAN",
					"overlay": false
				}, {
					"variable": "{$v_IPC00190-Control-VR_90_Local_address__vrRouterAddress}",
					"group": "Virtual Routers",
					"overlay": true,
					"type": "IPV4"
				}, {
					"variable": "{$v_MPLS-WAN-Transport-VR_IPv4__vrHopAddress}",
					"group": "Virtual Routers",
					"overlay": false,
					"type": "IPV4_IPV6"
				}, {
					"variable": "{$v_tvi-0-181_-_Unit_0_Static_address__tunnelStaticAddress}",
					"group": "Interfaces",
					"overlay": true,
					"type": "IPV4_IPV6_MASK"
				}]
			}
		}
	}
}
2020-03-31 18:28:54,210 - CPE26-HKG-SINGLE-CPE-MPLSONLY-IPC00190 - DEBUG - <Response [200]>
2020-03-31 18:28:54,210 - CPE26-HKG-SINGLE-CPE-MPLSONLY-IPC00190 - DEBUG - 
PASS
2020-03-31 18:28:54,210 - CPE26-HKG-SINGLE-CPE-MPLSONLY-IPC00190 - INFO - >>>>>>>>>> DEVICE TEMPLATE CREATION PASSED. <<<<<<<<<<<
2020-03-31 18:29:04,413 - CPE26-HKG-SINGLE-CPE-MPLSONLY-IPC00190 - DEBUG - {"TaskResponse":{"task-id":24216,"link":{"@rel":"GET","@href":"vnms/tasks/task/24216"}}}
2020-03-31 18:29:09,424 - CPE26-HKG-SINGLE-CPE-MPLSONLY-IPC00190 - DEBUG - 24216
2020-03-31 18:29:09,595 - CPE26-HKG-SINGLE-CPE-MPLSONLY-IPC00190 - DEBUG - {u'versa-tasks.task': {u'versa-tasks.user': u'Automated', u'versa-tasks.percentage-completion': 100, u'versa-tasks.progressmessages': {u'versa-tasks.progressmessage': [{u'versa-tasks.time': u'2020-03-31 13:00:29.945', u'versa-tasks.message': u'Creating device in hardware inventory [CPE26-HKG-SINGLE-CPE-MPLSONLY-IPC00190]'}, {u'versa-tasks.time': u'2020-03-31 13:00:29.956', u'versa-tasks.message': u'Add device [CPE26-HKG-SINGLE-CPE-MPLSONLY-IPC00190] to device group [IPC00190-HKG01-NEW-PS-MPLS-DG]'}, {u'versa-tasks.time': u'2020-03-31 13:00:29.959', u'versa-tasks.message': u'Adding device [CPE26-HKG-SINGLE-CPE-MPLSONLY-IPC00190] to template [ IPC00190-HKG01-NEW-PS-MPLS ]'}, {u'versa-tasks.time': u'2020-03-31 13:00:29.975', u'versa-tasks.message': u'Binding device variables to template [ IPC00190-HKG01-NEW-PS-MPLS ]'}, {u'versa-tasks.time': u'2020-03-31 13:00:30.099', u'versa-tasks.message': u'Adding post-staging configuration to controllers [NV-WC01-N1-HKG, NV-WC02-N1-HKG]'}, {u'versa-tasks.time': u'2020-03-31 13:00:30.729', u'versa-tasks.message': u'Successfully deployed device.'}]}, u'versa-tasks.object-name': u'Device Workflow', u'versa-tasks.task-status': u'COMPLETED', u'versa-tasks.task-description': u'Device workflow deployment: { CPE26-HKG-SINGLE-CPE-MPLSONLY-IPC00190 }', u'versa-tasks.task-name': u'Deploy', u'versa-tasks.domain-name': u'PROVIDER', u'versa-tasks.id': 24216, u'versa-tasks.start-time': u'2020-03-31 13:00:29.246', u'versa-tasks.end-time': u'2020-03-31 13:00:30.729', u'versa-tasks.errormessages': u''}}
2020-03-31 18:29:09,595 - CPE26-HKG-SINGLE-CPE-MPLSONLY-IPC00190 - DEBUG - 100
2020-03-31 18:29:09,595 - CPE26-HKG-SINGLE-CPE-MPLSONLY-IPC00190 - INFO - Sleeping for 5 seconds
2020-03-31 18:29:14,779 - CPE26-HKG-SINGLE-CPE-MPLSONLY-IPC00190 - DEBUG - {"versa-tasks.task":{"versa-tasks.id":24216,"versa-tasks.task-name":"Deploy","versa-tasks.object-name":"Device Workflow","versa-tasks.domain-name":"PROVIDER","versa-tasks.user":"Automated","versa-tasks.task-description":"Device workflow deployment: { CPE26-HKG-SINGLE-CPE-MPLSONLY-IPC00190 }","versa-tasks.task-status":"COMPLETED","versa-tasks.percentage-completion":100,"versa-tasks.progressmessages":{"versa-tasks.progressmessage":[{"versa-tasks.message":"Creating device in hardware inventory [CPE26-HKG-SINGLE-CPE-MPLSONLY-IPC00190]","versa-tasks.time":"2020-03-31 13:00:29.945"},{"versa-tasks.message":"Add device [CPE26-HKG-SINGLE-CPE-MPLSONLY-IPC00190] to device group [IPC00190-HKG01-NEW-PS-MPLS-DG]","versa-tasks.time":"2020-03-31 13:00:29.956"},{"versa-tasks.message":"Adding device [CPE26-HKG-SINGLE-CPE-MPLSONLY-IPC00190] to template [ IPC00190-HKG01-NEW-PS-MPLS ]","versa-tasks.time":"2020-03-31 13:00:29.959"},{"versa-tasks.message":"Binding device variables to template [ IPC00190-HKG01-NEW-PS-MPLS ]","versa-tasks.time":"2020-03-31 13:00:29.975"},{"versa-tasks.message":"Adding post-staging configuration to controllers [NV-WC01-N1-HKG, NV-WC02-N1-HKG]","versa-tasks.time":"2020-03-31 13:00:30.099"},{"versa-tasks.message":"Successfully deployed device.","versa-tasks.time":"2020-03-31 13:00:30.729"}]},"versa-tasks.errormessages":"","versa-tasks.start-time":"2020-03-31 13:00:29.246","versa-tasks.end-time":"2020-03-31 13:00:30.729"}}
2020-03-31 18:29:14,779 - CPE26-HKG-SINGLE-CPE-MPLSONLY-IPC00190 - INFO - >>>>>>>>>> Device deployed  <<<<<<<<<<<
2020-03-31 18:29:15,533 - CPE26-HKG-SINGLE-CPE-MPLSONLY-IPC00190 - DEBUG - {u'versanms.sdwan-device-workflow': {u'postStagingTemplateInfo': {u'templateData': {u'device-template-variable': {u'variable-binding': {u'attrs': [{u'isAutogeneratable': True, u'isOverwritten': True, u'name': u'{$v_tvi-0-181_-_Unit_0_Static_address__tunnelStaticAddress}', u'value': u'20.20.90.26/32'}, {u'isAutogeneratable': False, u'name': u'{$v_vni-0-4_LAN1_Unit-0__vlanId}', u'value': 750}, {u'isAutogeneratable': True, u'name': u'{$v_Chassis_Id__sitesChassisId}', u'value': u'CPE26MArch312hkg'}, {u'isAutogeneratable': True, u'isOverwritten': False, u'name': u'{$v_IPC00190-Control-VR_90_Router_ID__vrRouteId}', u'value': u'10.90.80.202'}, {u'isAutogeneratable': True, u'name': u'{$v_IPC00190_NV-WC01-N1-HKG_Local_auth_email_key__IKELKey}', u'value': u'CPE26-HKG-SINGLE-CPE-MPLSONLY-IPC00190'}, {u'isAutogeneratable': True, u'name': u'{$v_longitude__Idlongitude}', u'value': 77.594563}, {u'isAutogeneratable': True, u'name': u'{$v_IPC00190_NV-WC02-N1-HKG_Local_auth_email_identifier__IKELIdentifier}', u'value': u'CPE26-HKG-SINGLE-CPE-MPLSONLY-IPC00190@colt.net'}, {u'isAutogeneratable': True, u'name': u'{$v_location__IdLocation}', u'value': u'bangalore,karnataka, india'}, {u'isAutogeneratable': True, u'isOverwritten': True, u'name': u'{$v_IPC00190-Control-VR_90_Local_address__vrRouterAddress}', u'value': u'20.20.90.26'}, {u'isAutogeneratable': False, u'name': u'{$v_MPLS-WAN-Transport-VR_IPv4__vrHopAddress}', u'value': u'172.16.7.101'}, {u'isAutogeneratable': False, u'name': u'{$v_vni-0-4_LAN1_Unit-0__unit}', u'value': 750}, {u'isAutogeneratable': True, u'isOverwritten': True, u'name': u'{$v_tvi-0-180_-_Unit_0_Static_address__tunnelStaticAddress}', u'value': u'10.10.90.26/32'}, {u'isAutogeneratable': True, u'name': u'{$v_Site_Id__siteSiteID}', u'value': 4298}, {u'isAutogeneratable': True, u'name': u'{$v_IPC00190_NV-WC01-N1-HKG_Local_auth_email_identifier__IKELIdentifier}', u'value': u'CPE26-HKG-SINGLE-CPE-MPLSONLY-IPC00190@colt.net'}, {u'isAutogeneratable': False, u'name': u'{$v_MPLS-WAN_IPv4__staticaddress}', u'value': u'172.16.7.102/30'}, {u'isAutogeneratable': True, u'name': u'{$v_IPC00190_Site_Name__sitesSiteName}', u'value': u'CPE26-HKG-SINGLE-CPE-MPLSONLY-IPC00190'}, {u'isAutogeneratable': False, u'name': u'{$v_LAN1_IPv4__staticaddress}', u'value': u'192.170.1.1/24'}, {u'isAutogeneratable': True, u'name': u'{$v_latitude__IdLatitude}', u'value': 12.971599}, {u'isAutogeneratable': True, u'name': u'{$v_IPC00190_NV-WC02-N1-HKG_Local_auth_email_key__IKELKey}', u'value': u'CPE26-HKG-SINGLE-CPE-MPLSONLY-IPC00190'}, {u'isAutogeneratable': True, u'name': u'{$v_identification__IdName}', u'value': u'CPE26-HKG-SINGLE-CPE-MPLSONLY-IPC00190'}]}, u'template': u'IPC00190-HKG01-NEW-PS-MPLS'}, u'variableMetadata': [{u'variable': u'{$v_tvi-0-181_-_Unit_0_Static_address__tunnelStaticAddress}', u'type': u'IPV4_IPV6_MASK', u'group': u'Interfaces', u'overlay': True}, {u'variable': u'{$v_vni-0-4_LAN1_Unit-0__vlanId}', u'type': u'INTEGER', u'group': u'Vlan Info', u'overlay': False}, {u'variable': u'{$v_Chassis_Id__sitesChassisId}', u'group': u'SDWAN', u'overlay': False}, {u'variable': u'{$v_IPC00190-Control-VR_90_Router_ID__vrRouteId}', u'type': u'IPV4', u'group': u'Virtual routers', u'overlay': True}, {u'variable': u'{$v_IPC00190_NV-WC01-N1-HKG_Local_auth_email_key__IKELKey}', u'group': u'IPSEC', u'overlay': False}, {u'variable': u'{$v_longitude__Idlongitude}', u'group': u'SDWAN', u'overlay': False}, {u'variable': u'{$v_IPC00190_NV-WC02-N1-HKG_Local_auth_email_identifier__IKELIdentifier}', u'group': u'IPSEC', u'overlay': False}, {u'variable': u'{$v_location__IdLocation}', u'group': u'SDWAN', u'overlay': False}, {u'variable': u'{$v_IPC00190-Control-VR_90_Local_address__vrRouterAddress}', u'type': u'IPV4', u'group': u'Virtual routers', u'overlay': True}, {u'variable': u'{$v_MPLS-WAN-Transport-VR_IPv4__vrHopAddress}', u'type': u'IPV4', u'group': u'Virtual routers', u'overlay': False}, {u'variable': u'{$v_vni-0-4_LAN1_Unit-0__unit}', u'type': u'INTEGER', u'group': u'Vlan Info', u'overlay': False}, {u'variable': u'{$v_tvi-0-180_-_Unit_0_Static_address__tunnelStaticAddress}', u'type': u'IPV4_IPV6_MASK', u'group': u'Interfaces', u'overlay': True}, {u'variable': u'{$v_Site_Id__siteSiteID}', u'group': u'SDWAN', u'overlay': False}, {u'variable': u'{$v_IPC00190_NV-WC01-N1-HKG_Local_auth_email_identifier__IKELIdentifier}', u'group': u'IPSEC', u'overlay': False}, {u'variable': u'{$v_MPLS-WAN_IPv4__staticaddress}', u'type': u'IPV4_MASK', u'group': u'Interfaces', u'overlay': False}, {u'variable': u'{$v_IPC00190_Site_Name__sitesSiteName}', u'group': u'SDWAN', u'overlay': False}, {u'variable': u'{$v_LAN1_IPv4__staticaddress}', u'type': u'IPV4_MASK', u'group': u'Interfaces', u'overlay': False}, {u'variable': u'{$v_latitude__IdLatitude}', u'group': u'SDWAN', u'overlay': False}, {u'variable': u'{$v_IPC00190_NV-WC02-N1-HKG_Local_auth_email_key__IKELKey}', u'group': u'IPSEC', u'overlay': False}, {u'variable': u'{$v_identification__IdName}', u'group': u'SDWAN', u'overlay': False}]}, u'templateName': u'IPC00190-HKG01-NEW-PS-MPLS'}, u'deviceName': u'CPE26-HKG-SINGLE-CPE-MPLSONLY-IPC00190', u'workflowStatus': u'Deployed', u'deviceGroup': u'IPC00190-HKG01-NEW-PS-MPLS-DG', u'orgName': u'IPC00190', u'serialNumber': u'CPE26MArch312hkg', u'locationInfo': {u'latitude': 12.971599, u'country': u'india', u'state': u'karnataka', u'longitude': 77.594563, u'city': u'bangalore'}, u'bandwidth': 0, u'lastUpdatedBy': u'Automated', u'siteId': 4298, u'instanceInfo': u'', u'stagingTemplateInfo': u'', u'lastModifiedTime': u'2020-03-31T13:00:30.621000+00:00', u'urlztpBasedInfo': {u'authType': u'psk', u'enableIpv4Dhcp': False, u'branchKey': u'lzJO90t7mhYHvpRS', u'branchId': u'CPE26-HKG-SINGLE-CPE-MPLSONLY-IPC00190@IPC00190.com', u'enableIpv6': False, u'enableIpv4': False, u'enableIpv6Dhcp': False}}}
2020-03-31 18:29:25,338 - CPE26-HKG-SINGLE-CPE-MPLSONLY-IPC00190 - DEBUG - <netmiko.versa.versa_ssh.VersaSSH object at 0x000000000DD67630>
2020-03-31 18:29:30,542 - CPE26-HKG-SINGLE-CPE-MPLSONLY-IPC00190 - DEBUG - versa: Automated@VDir-BLR-NEW-01>
2020-03-31 18:29:30,696 - CPE26-HKG-SINGLE-CPE-MPLSONLY-IPC00190 - DEBUG - configure private
Entering configuration mode private
[ok][2020-03-31 13:00:55]

[edit]
Automated@VDir-BLR-NEW-01% 
2020-03-31 18:29:30,716 - CPE26-HKG-SINGLE-CPE-MPLSONLY-IPC00190 - DEBUG - True
2020-03-31 18:29:31,517 - CPE26-HKG-SINGLE-CPE-MPLSONLY-IPC00190 - DEBUG - set devices device NV-WC02-N1-HKG config orgs org-services Colt ipsec vpn-profile MPLS-WAN-NV-WC02-N1-HKG-StagingIpsec psk-auth-clients remote-client IPC00190-CPE26-HKG-SINGLE-CPE-MPLSONLY-IPC00190@colt.net id-type email
[ok][2020-03-31 13:00:56]

[edit]
Automated@VDir-BLR-NEW-01% 
2020-03-31 18:29:32,319 - CPE26-HKG-SINGLE-CPE-MPLSONLY-IPC00190 - DEBUG - set devices device NV-WC02-N1-HKG config orgs org-services Colt ipsec vpn-profile MPLS-WAN-NV-WC02-N1-HKG-StagingIpsec psk-auth-clients remote-client IPC00190-CPE26-HKG-SINGLE-CPE-MPLSONLY-IPC00190@colt.net key CPE26-HKG-SINGLE-CPE-MPLSONLY-IPC00190
[ok][2020-03-31 13:00:56]

[edit]
Automated@VDir-BLR-NEW-01% 
2020-03-31 18:29:33,121 - CPE26-HKG-SINGLE-CPE-MPLSONLY-IPC00190 - DEBUG - commit and-quit
Commit complete.
[ok][2020-03-31 13:00:57]
Automated@VDir-BLR-NEW-01> 
2020-03-31 18:29:33,121 - CPE26-HKG-SINGLE-CPE-MPLSONLY-IPC00190 - INFO - >>>>>>>>>> Staging profile config done  <<<<<<<<<<<
2020-03-31 18:29:33,138 - CPE26-HKG-SINGLE-CPE-MPLSONLY-IPC00190 - DEBUG - <netmiko.versa.versa_ssh.VersaSSH object at 0x000000000DD67630> connection closed
2020-03-31 18:29:33,138 - CPE26-HKG-SINGLE-CPE-MPLSONLY-IPC00190 - INFO - 
STEP :ONBOARD CALL
2020-03-31 18:29:33,153 - CPE26-HKG-SINGLE-CPE-MPLSONLY-IPC00190 - DEBUG - 
sudo /opt/versa/scripts/staging.py -w 1 -c 10.83.152.225 -s 172.16.7.102/30 -g 172.16.7.101 -l IPC00190-CPE26-HKG-SINGLE-CPE-MPLSONLY-IPC00190@colt.net -lk CPE26-HKG-SINGLE-CPE-MPLSONLY-IPC00190  -r NV-WC02-N1-HKG@colt.net -rk 1234

2020-03-31 18:29:37,188 - CPE26-HKG-SINGLE-CPE-MPLSONLY-IPC00190 - DEBUG - <netmiko.linux.linux_ssh.LinuxSSH object at 0x000000000DD67C18>
2020-03-31 18:29:37,605 - CPE26-HKG-SINGLE-CPE-MPLSONLY-IPC00190 - DEBUG - [sudo] password for admin: 
2020-03-31 18:29:38,006 - CPE26-HKG-SINGLE-CPE-MPLSONLY-IPC00190 - DEBUG - E26-SING-SINGLE-CPE-MPLSONLY-IPC00190: ~] $ 
2020-03-31 18:29:38,417 - CPE26-HKG-SINGLE-CPE-MPLSONLY-IPC00190 - DEBUG - exit
2020-03-31 18:29:38,640 - CPE26-HKG-SINGLE-CPE-MPLSONLY-IPC00190 - DEBUG - linux: [admin@CPE26-SING-SINGLE-CPE-MPLSONLY-IPC00190: ~] $
2020-03-31 18:29:39,063 - CPE26-HKG-SINGLE-CPE-MPLSONLY-IPC00190 - DEBUG - vsh allow-cli
Enter password: 
2020-03-31 18:29:39,464 - CPE26-HKG-SINGLE-CPE-MPLSONLY-IPC00190 - DEBUG - 

CLI now allowed
[admin@CPE26-SING-SINGLE-CPE-MPLSONLY-IPC00190: ~] $ 
2020-03-31 18:29:39,881 - CPE26-HKG-SINGLE-CPE-MPLSONLY-IPC00190 - DEBUG - cli
Access to this network/system is limited to users authorised by Colt for its legitimate business purposes. Unauthorised access, use, installation of files or modification of any data is prohibited. Use of this system/network will be audited

             .---.,
            (      ``.
       _     \        )    __      ________ _____   _____
      (  `.   \      /     \ \    / /  ____|  __ \ / ____|  /\
       \    `. )    /       \ \  / /| |__  | |__) | (___   /  \
        \     |    /         \ \/ / |  __| |  _  / \___ \ / /\ \
         \    |   /           \  /  | |____| | \ \ ____) / ____ \
          \   |  /             \/   |______|_|  \_\_____/_/    \_\
           \  | /
            \_|/                   _  _ ___ _______      _____  ___ _  _____
                                  | \| | __|_   _\ \    / / _ \| _ \ |/ / __|
                                  | .` | _|  | |  \ \/\/ / (_) |   / ' <\__ \
                                  |_|\_|___| |_|   \_/\_/ \___/|_|_\_|\_\___/



admin connected from 10.91.194.71 using ssh on CPE26-SING-SINGLE-CPE-MPLSONLY-IPC00190
[?7hadmin@CPE26-SING-SINGLE-CPE-MPLSONLY-IPC00190-cli> 
2020-03-31 18:29:40,298 - CPE26-HKG-SINGLE-CPE-MPLSONLY-IPC00190 - DEBUG - request erase running-config
Will delete the running config and restart Versa
Services. Are you sure? [no,yes] 
2020-03-31 18:29:50,213 - CPE26-HKG-SINGLE-CPE-MPLSONLY-IPC00190 - DEBUG - yes
status  Erasing config and restarting services 
[ok][2020-03-31 13:01:04]
admin@CPE26-SING-SINGLE-CPE-MPLSONLY-IPC00190-cli> 
System message at 2020-03-31 13:01:07...
    Subsystem stopped: eventd
admin@CPE26-SING-SINGLE-CPE-MPLSONLY-IPC00190-cli> 
System message at 2020-03-31 13:01:07...
    Subsystem stopped: acctmgrd
admin@CPE26-SING-SINGLE-CPE-MPLSONLY-IPC00190-cli> 
System message at 2020-03-31 13:01:07...
    Subsystem stopped: versa-vmod

System message at 2020-03-31 13:01:07...
    Subsystem stopped: rtd-mgmt-thread
admin@CPE26-SING-SINGLE-CPE-MPLSONLY-IPC00190-cli> admin@CPE26-SING-SINGLE-CPE-MPLSONLY-IPC00190-cli> 
System message at 2020-03-31 13:01:07...
    Subsystem stopped: router-dcl
admin@CPE26-SING-SINGLE-CPE-MPLSONLY-IPC00190-cli> 
System message at 2020-03-31 13:01:07...
    Subsystem stopped: infmgr

System message at 2020-03-31 13:01:07...
    Subsystem stopped: snmp-config-transform
admin@CPE26-SING-SINGLE-CPE-MPLSONLY-IPC00190-cli> admin@CPE26-SING-SINGLE-CPE-MPLSONLY-IPC00190-cli> 
System message at 2020-03-31 13:01:07...
    Subsystem stopped: snmp-config-hook
admin@CPE26-SING-SINGLE-CPE-MPLSONLY-IPC00190-cli> [admin@CPE26-SING-SINGLE-CPE-MPLSONLY-IPC00190: ~] $ 
2020-03-31 18:29:50,813 - CPE26-HKG-SINGLE-CPE-MPLSONLY-IPC00190 - DEBUG - process not up. Please wait for it to come up
2020-03-31 18:29:51,417 - CPE26-HKG-SINGLE-CPE-MPLSONLY-IPC00190 - DEBUG - vsh status
versa-service          is Stopped           
versa-infmgr           is Stopped           
versa-rfd              is Stopped           
versa-vmod             is Stopped           
versa-ip2user          is Stopped           
versa-imgr             is Stopped           
versa-acctmgrd         is Stopped           
versa-fltrmgr          is Stopped           
versa-vstated          is Stopped           
versa-spack            is Stopped           
versa-addrmgrd         is Stopped           
versa-rt-cli-xfm       is Stopped           
versa-rtd              is Stopped           
versa-dhcpd            is Stopped           
versa-eventd           is Stopped           
versa-vrrpd            is Stopped           
versa-dnsd             is Stopped           
versa-ppmd             is Stopped           
versa-snmp-xform       is Stopped           
versa-certd            is Stopped           
versa-ntpd             is Stopped           
versa-dhclient6        is Stopped           
versa-redis            is Stopped           
versa-av-redis         is Stopped           
versa-spackmgr         is Stopped           
versa-devmgr           is Stopped           
versa-monit            is Stopped           
versa-confd            is Running,          [-] process 1693
versa-fail2ban         is Stopped           
versa-auditd           is Stopped           
versa-nodejs           is Stopped           
[admin@CPE26-SING-SINGLE-CPE-MPLSONLY-IPC00190: ~] $ 
2020-03-31 18:30:01,417 - CPE26-HKG-SINGLE-CPE-MPLSONLY-IPC00190 - DEBUG - process not up. Please wait for it to come up
2020-03-31 18:30:02,046 - CPE26-HKG-SINGLE-CPE-MPLSONLY-IPC00190 - DEBUG - vsh status
versa-service          is Stopped           
versa-infmgr           is Stopped           
versa-rfd              is Stopped           
versa-vmod             is Stopped           
versa-ip2user          is Stopped           
versa-imgr             is Stopped           
versa-acctmgrd         is Stopped           
versa-fltrmgr          is Stopped           
versa-vstated          is Stopped           
versa-spack            is Stopped           
versa-addrmgrd         is Stopped           
versa-rt-cli-xfm       is Stopped           
versa-rtd              is Stopped           
versa-dhcpd            is Stopped           
versa-eventd           is Stopped           
versa-vrrpd            is Stopped           
versa-dnsd             is Stopped           
versa-ppmd             is Stopped           
versa-snmp-xform       is Stopped           
versa-certd            is Stopped           
versa-ntpd             is Stopped           
versa-dhclient6        is Stopped           
versa-redis            is Stopped           
versa-av-redis         is Stopped           
versa-spackmgr         is Stopped           
versa-devmgr           is Stopped           
versa-monit            is Stopped           
versa-confd            is Stopped           
versa-fail2ban         is Stopped           
versa-auditd           is Stopped           
versa-nodejs           is Stopped           
[admin@CPE26-SING-SINGLE-CPE-MPLSONLY-IPC00190: ~] $ 
2020-03-31 18:30:12,046 - CPE26-HKG-SINGLE-CPE-MPLSONLY-IPC00190 - DEBUG - process not up. Please wait for it to come up
2020-03-31 18:30:12,848 - CPE26-HKG-SINGLE-CPE-MPLSONLY-IPC00190 - DEBUG - vsh status

~~~~~~~~~~~~~~~~~~~~~~~~~~~~~~~~~~~~~~~~~~~~~~~~~~~~~~~~~~~~~~~~~

Netconf traffic yet to be allowed 

~~~~~~~~~~~~~~~~~~~~~~~~~~~~~~~~~~~~~~~~~~~~~~~~~~~~~~~~~~~~~~~~~

versa-service          is Running,          [*] process 8028
versa-infmgr           is Running,          [-] process 7853
versa-rfd              is Stopped           
versa-vmod             is Stopped           
versa-ip2user          is Stopped           
versa-imgr             is Stopped           
versa-acctmgrd         is Stopped           
versa-fltrmgr          is Running,          [-] process 7859
versa-vstated          is Running,          [-] process 7849
versa-spack            is Stopped           
versa-addrmgrd         is Stopped           
versa-rt-cli-xfm       is Stopped           
versa-rtd              is Stopped           
versa-dhcpd            is Running,          [-] process 7852
versa-eventd           is Stopped           
versa-vrrpd            is Running,          [-] process 7857
versa-dnsd             is Running,          [-] process 7858
versa-ppmd             is Stopped           
versa-snmp-xform       is Stopped           
versa-certd            is Stopped           
versa-ntpd             is Running,          [*] process 7840
versa-dhclient6        is Stopped           
versa-redis            is Running,          [-] process 7626
versa-av-redis         is Running,          [-] process 7624
versa-spackmgr         is Stopped           
versa-devmgr           is Stopped           
versa-monit            is Stopped           
versa-confd            is Running,          [*] process 7588
versa-fail2ban         is Stopped           
versa-auditd           is Stopped           
versa-nodejs           is Stopped           
[admin@CPE26-SING-SINGLE-CPE-MPLSONLY-IPC00190: ~] $ 
2020-03-31 18:30:22,848 - CPE26-HKG-SINGLE-CPE-MPLSONLY-IPC00190 - DEBUG - process not up. Please wait for it to come up
2020-03-31 18:30:24,052 - CPE26-HKG-SINGLE-CPE-MPLSONLY-IPC00190 - DEBUG - vsh status

~~~~~~~~~~~~~~~~~~~~~~~~~~~~~~~~~~~~~~~~~~~~~~~~~~~~~~~~~~~~~~~~~

Netconf traffic yet to be allowed 

~~~~~~~~~~~~~~~~~~~~~~~~~~~~~~~~~~~~~~~~~~~~~~~~~~~~~~~~~~~~~~~~~

versa-service          is Running,          [*] process 8028
versa-infmgr           is Running,          [-] process 7853
versa-rfd              is Running,          [-] process 8391
versa-vmod             is Running,          [-] process 8386
versa-ip2user          is Running,          [-] process 8399
versa-imgr             is Running,          [-] process 8397
versa-acctmgrd         is Running,          [-] process 8380
versa-fltrmgr          is Running,          [-] process 7859
versa-vstated          is Running,          [-] process 7849
versa-spack            is Running,          [-] process 8632
versa-addrmgrd         is Running,          [-] process 8389
versa-rt-cli-xfm       is Running,          [-] process 8349
versa-rtd              is Running,          [-] process 8371
versa-dhcpd            is Running,          [-] process 7852
versa-eventd           is Running,          [-] process 8379
versa-vrrpd            is Running,          [-] process 7857
versa-dnsd             is Running,          [-] process 7858
versa-ppmd             is Running,          [-] process 8342
versa-snmp-xform       is Running,          [-] process 8353
versa-certd            is Running,          [-] process 8390
versa-ntpd             is Running,          [*] process 7840
versa-dhclient6        is Running,          [-] process 8355
versa-redis            is Running,          [-] process 7626
versa-av-redis         is Running,          [-] process 7624
versa-spackmgr         is Running,          [-] process 8374
versa-devmgr           is Running,          [-] process 8532
versa-monit            is Running,          [*] process 8537
versa-confd            is Running,          [*] process 7588
versa-fail2ban         is Running,          [*] process 8570
versa-auditd           is Running,          [*] process 8586
versa-nodejs           is Running,          [-] process 8290
[admin@CPE26-SING-SINGLE-CPE-MPLSONLY-IPC00190: ~] $ 
2020-03-31 18:30:34,052 - CPE26-HKG-SINGLE-CPE-MPLSONLY-IPC00190 - DEBUG - process not up. Please wait for it to come up
2020-03-31 18:30:36,061 - CPE26-HKG-SINGLE-CPE-MPLSONLY-IPC00190 - DEBUG - vsh status
versa-service          is Running,          [*] process 8028
versa-infmgr           is Running,          [-] process 7853
versa-rfd              is Running,          [-] process 8391
versa-vmod             is Running,          [-] process 8386
versa-ip2user          is Running,          [-] process 8399
versa-imgr             is Running,          [-] process 8397
versa-acctmgrd         is Running,          [-] process 8380
versa-fltrmgr          is Running,          [-] process 7859
versa-vstated          is Running,          [-] process 7849
versa-spack            is Running,          [-] process 8632
versa-addrmgrd         is Running,          [-] process 8389
versa-rt-cli-xfm       is Running,          [-] process 8349
versa-rtd              is Running,          [-] process 8371
versa-dhcpd            is Running,          [-] process 7852
versa-eventd           is Running,          [-] process 8379
versa-vrrpd            is Running,          [-] process 7857
versa-dnsd             is Running,          [-] process 7858
versa-ppmd             is Running,          [-] process 8342
versa-snmp-xform       is Running,          [-] process 8353
versa-certd            is Running,          [-] process 8390
versa-ntpd             is Running,          [*] process 7840
versa-dhclient6        is Running,          [-] process 8355
versa-redis            is Running,          [-] process 9418
versa-av-redis         is Running,          [-] process 7624
versa-spackmgr         is Running,          [-] process 8374
versa-devmgr           is Running,          [-] process 8532
versa-monit            is Running,          [*] process 8537
versa-confd            is Running,          [*] process 7588
versa-fail2ban         is Running,          [*] process 8570
versa-auditd           is Running,          [*] process 8586
versa-nodejs           is Running,          [-] process 8290
[admin@CPE26-SING-SINGLE-CPE-MPLSONLY-IPC00190: ~] $ 
2020-03-31 18:30:46,062 - CPE26-HKG-SINGLE-CPE-MPLSONLY-IPC00190 - DEBUG - After breaking while
2020-03-31 18:30:47,265 - CPE26-HKG-SINGLE-CPE-MPLSONLY-IPC00190 - DEBUG - versa-service          is Running,          [*] process 8028
versa-infmgr           is Running,          [-] process 7853
versa-rfd              is Running,          [-] process 8391
versa-vmod             is Running,          [-] process 8386
versa-ip2user          is Running,          [-] process 8399
versa-imgr             is Running,          [-] process 8397
versa-acctmgrd         is Running,          [-] process 8380
versa-fltrmgr          is Running,          [-] process 7859
versa-vstated          is Running,          [-] process 7849
versa-spack            is Running,          [-] process 8632
versa-addrmgrd         is Running,          [-] process 8389
versa-rt-cli-xfm       is Running,          [-] process 8349
versa-rtd              is Running,          [-] process 8371
versa-dhcpd            is Running,          [-] process 7852
versa-eventd           is Running,          [-] process 8379
versa-vrrpd            is Running,          [-] process 7857
versa-dnsd             is Running,          [-] process 7858
versa-ppmd             is Running,          [-] process 8342
versa-snmp-xform       is Running,          [-] process 8353
versa-certd            is Running,          [-] process 8390
versa-ntpd             is Running,          [*] process 7840
versa-dhclient6        is Running,          [-] process 8355
versa-redis            is Running,          [-] process 9418
versa-av-redis         is Running,          [-] process 7624
versa-spackmgr         is Running,          [-] process 8374
versa-devmgr           is Running,          [-] process 8532
versa-monit            is Running,          [*] process 8537
versa-confd            is Running,          [*] process 7588
versa-fail2ban         is Running,          [*] process 8570
versa-auditd           is Running,          [*] process 8586
versa-nodejs           is Running,          [-] process 8290
2020-03-31 18:30:47,665 - CPE26-HKG-SINGLE-CPE-MPLSONLY-IPC00190 - DEBUG - CPE26MArch312hkg
2020-03-31 18:30:48,069 - CPE26-HKG-SINGLE-CPE-MPLSONLY-IPC00190 - DEBUG - g
CPE26MArch312hkg
2020-03-31 18:30:48,470 - CPE26-HKG-SINGLE-CPE-MPLSONLY-IPC00190 - DEBUG - CPE26MArch312hkg
2020-03-31 18:30:48,871 - CPE26-HKG-SINGLE-CPE-MPLSONLY-IPC00190 - DEBUG - E-MPLSONLY-I 
PC00190  -r NV-WC02-N1-HKG@colt.net -rk 1234

2020-03-31 18:31:09,747 - CPE26-HKG-SINGLE-CPE-MPLSONLY-IPC00190 - INFO - checking device info in VD.
2020-03-31 18:31:09,747 - CPE26-HKG-SINGLE-CPE-MPLSONLY-IPC00190 - INFO - sleeping 60 secs
2020-03-31 18:32:10,637 - CPE26-HKG-SINGLE-CPE-MPLSONLY-IPC00190 - INFO - checking device info in VD.
2020-03-31 18:32:10,637 - CPE26-HKG-SINGLE-CPE-MPLSONLY-IPC00190 - INFO - sleeping 60 secs
2020-03-31 18:33:11,668 - CPE26-HKG-SINGLE-CPE-MPLSONLY-IPC00190 - INFO - checking device info in VD.
2020-03-31 18:33:11,668 - CPE26-HKG-SINGLE-CPE-MPLSONLY-IPC00190 - INFO - sleeping 60 secs
2020-03-31 18:34:12,664 - CPE26-HKG-SINGLE-CPE-MPLSONLY-IPC00190 - INFO - checking device info in VD.
2020-03-31 18:34:12,664 - CPE26-HKG-SINGLE-CPE-MPLSONLY-IPC00190 - INFO - sleeping 60 secs
2020-03-31 18:35:13,605 - CPE26-HKG-SINGLE-CPE-MPLSONLY-IPC00190 - INFO - checking device info in VD.
2020-03-31 18:35:13,605 - CPE26-HKG-SINGLE-CPE-MPLSONLY-IPC00190 - INFO - sleeping 60 secs
2020-03-31 18:36:14,816 - CPE26-HKG-SINGLE-CPE-MPLSONLY-IPC00190 - INFO - 
 	 >>>>>>>>>>>> CPE ONBOARDING PASSED <<<<<<<<<<<<
 	 >>>>>>>>>>>>    CPE DETAILS        <<<<<<<<<<<<
2020-03-31 18:36:15,818 - CPE26-HKG-SINGLE-CPE-MPLSONLY-IPC00190 - INFO - None
2020-03-31 18:36:15,818 - CPE26-HKG-SINGLE-CPE-MPLSONLY-IPC00190 - INFO - CPE ONBOARDINIG SCRIPT COMPLETED
2020-03-31 18:36:15,818 - CPE26-HKG-SINGLE-CPE-MPLSONLY-IPC00190 - INFO - Time elapsed: 0:09:19.851000

2020-03-31 18:36:15,818 - CPE26-HKG-SINGLE-CPE-MPLSONLY-IPC00190 - INFO - LOG FILE PATH : C:\Softwares_mine\stefano\NV_REPOSITORY\csit/LOGS/2020_03_31_18_26_55_967000/MAIN.log
