2019-06-07 12:54:46,483 - VD1 - INFO - ORG NAME:IPC00151
2019-06-07 12:54:51,769 - VD1 - DEBUG - {
  "versanms.sdwan-org-workflow": {
    "orgName": "IPC00151",
    "globalId": "51",
    "parentOrg": "Colt",
    "ikeAuthType": "psk",
    "sharedControlPlane": false,
    "controllers": ["NV-WC01-N1-HKG", "NV-WC02-N6-SIN", "NV-WC02-N1-HKG", "NV-WC01-N6-SIN"],
    "vrfs": [{ "name": "LAN1-VRF", "id": "630", "enableVPN": "true", "tooltip": "" },{ "name": "LAN2-VRF", "id": "631", "enableVPN": "true", "tooltip": "" }],
    "supportedRoles": []
  }
}
2019-06-07 12:54:59,174 - VD1 - INFO - <Response [200]>
2019-06-07 12:54:59,174 - VD1 - INFO - PASS
2019-06-07 12:55:09,348 - VD1 - INFO - 20557
2019-06-07 12:55:40,371 - VD1 - INFO - FAILED : illegal reference /ncs:devices/device{NV-WC01-N3-GGN}/config/orgs/org-services{IPC00151}/name
2019-06-07 12:55:40,377 - VD1 - INFO - 
********************
RESULT:
ORG DEPLOYMENT : FAILED : illegal reference /ncs:devices/device{NV-WC01-N3-GGN}/config/orgs/org-services{IPC00151}/name

********************

