2019-04-01 16:21:13,162 - CPE11-BLR - INFO - CPE NAME:CPE11-BLR
2019-04-01 16:21:15,734 - CPE11-BLR - INFO - SOLUTION SELECTED:SINGLE-CPE-HYBRID
2019-04-01 16:21:15,780 - CPE11-BLR - INFO - 
STEP : POST STAGING TEMPLATE CREATION AND DEPLOYMENT

2019-04-01 16:21:15,805 - CPE11-BLR - INFO - {
	"versanms.sdwan-template-workflow": {
		"templateName": "JAPAN-BLR-PS-HS-LIB",
		"templateType": "sdwan-post-staging",
		"controllers": ["NV-WC01-N2-BLR", "NV-WC02-N2-BLR"],
		"providerOrg": {
			"name": "JAPAN",
			"statefulFW": true,
			"nextGenFW": false
		},
		"analyticsCluster": "LogCollectors",
		"deviceFirmfactor": "6",
		"wanInterfaces": [{
			"interfaceName": "vni-0/1",
			"pppoe": false,
			"unitInfo": [{
				"subUnit": 0,
				"vlanId": 0,
				"networkName": "MPLS-WAN",
				"ipv4Static": true,
				"ipv4Dhcp": false,
				"ipv6Static": false,
				"ipv6Dhcp": false,
				"allowSSH": false,
				"monitor": {},
				"linkPriority": "",
				"transportDomains": ["MPLS-TD"]
			}]
		}, {
			"interfaceName": "vni-0/2",
			"pppoe": false,
			"unitInfo": [{
				"subUnit": 0,
				"vlanId": 0,
				"networkName": "INT-WAN","ipv4Static": true,
				"ipv4Dhcp": false,
				"ipv6Static": false,
				"ipv6Dhcp": false,
				"allowSSH": false,
				"monitor": {},
				"linkPriority": "",
				"transportDomains": ["INTERNET-TD"]
			}]
		}],
		"deviceType": "full-mesh",
		"redundantPair": {
			"enable": false
		},
		"lanInterfaces": [{
			"interfaceName": "vni-0/4",
			"unitInfo": [
			{
				"subUnit": "{$v_vni-0-4_LAN1_Unit-0__unit}",
				"vlanId": "{$v_vni-0-4_LAN1_Unit-0__vlanId}",
				"networkName": "LAN1",
				"subOrganization": "JAPAN",
				"ipv4Static": true,
				"ipv4Dhcp": false,
				"ip6Static": false,
				"ipv6Dhcp": false,
				"vrfName": "LAN1-VRF",
				"zoneName": ""
			}
            
                    ,{
				"subUnit": "{$v_vni-0-4_LAN2_Unit-1__unit}",
				"vlanId": "{$v_vni-0-4_LAN2_Unit-1__vlanId}",
				"networkName": "LAN2",
				"subOrganization": "JAPAN",
				"ipv4Static": true,
				"ipv4Dhcp": false,
				"ip6Static": false,
				"ipv6Dhcp": false,
				"vrfName": "LAN2-VRF",
				"zoneName": ""
			}
            
                    ,{
				"subUnit": "{$v_vni-0-4_LAN3_Unit-2__unit}",
				"vlanId": "{$v_vni-0-4_LAN3_Unit-2__vlanId}",
				"networkName": "LAN3",
				"subOrganization": "JAPAN",
				"ipv4Static": true,
				"ipv4Dhcp": false,
				"ip6Static": false,
				"ipv6Dhcp": false,
				"vrfName": "LAN3-VRF",
				"zoneName": ""
			}
            
                    ,{
				"subUnit": "{$v_vni-0-4_LAN4_Unit-3__unit}",
				"vlanId": "{$v_vni-0-4_LAN4_Unit-3__vlanId}",
				"networkName": "LAN4",
				"subOrganization": "JAPAN",
				"ipv4Static": true,
				"ipv4Dhcp": false,
				"ip6Static": false,
				"ipv6Dhcp": false,
				"vrfName": "LAN4-VRF",
				"zoneName": ""
			}
            
                    ,{
				"subUnit": "{$v_vni-0-4_LAN5_Unit-4__unit}",
				"vlanId": "{$v_vni-0-4_LAN5_Unit-4__vlanId}",
				"networkName": "LAN5",
				"subOrganization": "JAPAN",
				"ipv4Static": true,
				"ipv4Dhcp": false,
				"ip6Static": false,
				"ipv6Dhcp": false,
				"vrfName": "LAN5-VRF",
				"zoneName": ""
			}
            
        ]
		}],
		"solutionTier": "standard-sdwan-plus-ngfw",
		"bandwidth": 1000,
		"customParams": [],
		"minimumImageVersion": "16.1R2-S2.2",
		"isAnalyticsEnabled": true,
		"isPrimary": true,
		"diaConfig": {
			"loadBalance": false
		},
		"splitTunnels": [
        {
			"vrfName": "LAN1-VRF",
			"wanNetworkName": "INT-WAN",
			"dia": true,
			"gateway": false
		}
        
        ,{
			"vrfName": "LAN2-VRF",
			"wanNetworkName": "INT-WAN",
			"dia": true,
			"gateway": false
		}
        
        ,{
			"vrfName": "LAN3-VRF",
			"wanNetworkName": "INT-WAN",
			"dia": true,
			"gateway": false
		}
        
        ,{
			"vrfName": "LAN4-VRF",
			"wanNetworkName": "INT-WAN",
			"dia": true,
			"gateway": false
		}
        
        ,{
			"vrfName": "LAN5-VRF",
			"wanNetworkName": "INT-WAN",
			"dia": true,
			"gateway": false
		}
        
		],
		"inBoundNats": []
	}
}

2019-04-01 16:21:16,106 - CPE11-BLR - INFO - <Response [500]>
2019-04-01 16:21:16,106 - CPE11-BLR - INFO - {"error":{"http_status_code":500,"code":0,"message":"Template workflow [ JAPAN-BLR-PS-HS-LIB] already exists. Please choose another name.","more_info":"http://nms.versa.com/errors/null"}}
2019-04-01 16:21:16,106 - CPE11-BLR - INFO - 
FAIL : {"error":{"http_status_code":500,"code":0,"message":"Template workflow [ JAPAN-BLR-PS-HS-LIB] already exists. Please choose another name.","more_info":"http://nms.versa.com/errors/null"}}
2019-04-01 16:21:16,107 - CPE11-BLR - INFO - 
 >>>>>>>>>> POST STAGING TEMPLATE CREATION FAILED. <<<<<<<<<<<

