2019-03-04 16:08:46,471 - CPE12 - DEBUG - CPE NAME:CPE12
2019-03-04 16:09:32,893 - CPE12 - INFO - sudo /opt/versa/scripts/staging.py -w 1 -c 10.63.151.90 -s 172.16.7.46/30 -g 172.16.7.45 -l JAPAN-CPE12@colt.net -lk CPE12  -r NV-WC02-N2-BLR@colt.net -rk NV-WC02-N2-BLR
2019-03-04 16:09:32,893 - CPE12 - INFO - sudo /opt/versa/scripts/staging.py -w 1 -c 10.63.151.90 -s 172.16.7.46/30 -g 172.16.7.45 -l JAPAN-CPE12@colt.net -lk CPE12  -r NV-WC02-N2-BLR@colt.net -rk NV-WC02-N2-BLR
2019-03-04 16:09:32,893 - CPE12 - INFO - {
	"versanms.sdwan-device-workflow": {
		"deviceName": "CPE12",
		"siteId": "1627",
		"orgName": "JAPAN",
		"serialNumber": "AUTOKSA1812012",
		"deviceGroup": "JAPAN-BLR-PS-HS-LIB-DG",
		"locationInfo": {
			"state": "karnataka",
			"country": "india",
			"longitude": "77.594563",
			"latitude": "12.971599",
			"city": "bangalore"
		},
		"postStagingTemplateInfo": {
			"templateName": "JAPAN-BLR-PS-HS-LIB",
			"templateData": {
				"device-template-variable": {
					"template": "JAPAN-BLR-PS-HS-LIB",
					"variable-binding": {
						"attrs": [{
							"name": "{$v_INT-WAN_IPv4__staticaddress}",
							"value": "172.16.6.46/30",
							"isAutogeneratable": false
						},
						
						    
						    
						{ "name": "{$v_vni-0-4_LAN1_Unit-0__unit}", "value": "610", "isAutogeneratable": false},
						{ "name": "{$v_vni-0-4_LAN1_Unit-0__vlanId}", "value": "610", "isAutogeneratable": false },
						
						    
						    
						{ "name": "{$v_vni-0-4_LAN2_Unit-1__unit}", "value": "611", "isAutogeneratable": false},
						{ "name": "{$v_vni-0-4_LAN2_Unit-1__vlanId}", "value": "611", "isAutogeneratable": false },
						
						    
						    
						{ "name": "{$v_vni-0-4_LAN3_Unit-2__unit}", "value": "612", "isAutogeneratable": false},
						{ "name": "{$v_vni-0-4_LAN3_Unit-2__vlanId}", "value": "612", "isAutogeneratable": false },
						
						    
						    
						{ "name": "{$v_vni-0-4_LAN4_Unit-3__unit}", "value": "613", "isAutogeneratable": false},
						{ "name": "{$v_vni-0-4_LAN4_Unit-3__vlanId}", "value": "613", "isAutogeneratable": false },
						
						    
						    
						{ "name": "{$v_vni-0-4_LAN5_Unit-4__unit}", "value": "614", "isAutogeneratable": false},
						{ "name": "{$v_vni-0-4_LAN5_Unit-4__vlanId}", "value": "614", "isAutogeneratable": false },
						
						    
						    
						{ "name": "{$v_vni-0-4_LAN6_Unit-5__unit}", "value": "615", "isAutogeneratable": false},
						{ "name": "{$v_vni-0-4_LAN6_Unit-5__vlanId}", "value": "615", "isAutogeneratable": false },
						
						    
						    
						{ "name": "{$v_vni-0-4_LAN7_Unit-6__unit}", "value": "616", "isAutogeneratable": false},
						{ "name": "{$v_vni-0-4_LAN7_Unit-6__vlanId}", "value": "616", "isAutogeneratable": false },
						
						    
						    
						{ "name": "{$v_vni-0-4_LAN8_Unit-7__unit}", "value": "617", "isAutogeneratable": false},
						{ "name": "{$v_vni-0-4_LAN8_Unit-7__vlanId}", "value": "617", "isAutogeneratable": false },
						
						    
						    
						{ "name": "{$v_vni-0-4_LAN9_Unit-8__unit}", "value": "618", "isAutogeneratable": false},
						{ "name": "{$v_vni-0-4_LAN9_Unit-8__vlanId}", "value": "618", "isAutogeneratable": false },
						
						    
						    
						{ "name": "{$v_vni-0-4_LAN10_Unit-9__unit}", "value": "619", "isAutogeneratable": false},
						{ "name": "{$v_vni-0-4_LAN10_Unit-9__vlanId}", "value": "619", "isAutogeneratable": false },
						
						    
						    
						{ "name": "{$v_vni-0-4_LAN11_Unit-10__unit}", "value": "620", "isAutogeneratable": false},
						{ "name": "{$v_vni-0-4_LAN11_Unit-10__vlanId}", "value": "620", "isAutogeneratable": false },
						
						{
							"name": "{$v_JAPAN-Control-VR_16_Router_ID__vrRouteId}",
							"value": "20.20.125.12",
							"isAutogeneratable": true,
							"isOverwritten": false
						}, {
							"name": "{$v_JAPAN_NV-WC01-N2-BLR_Local_auth_email_key__IKELKey}",
							"value": "CPE12",
							"isAutogeneratable": true
						}, {
							"name": "{$v_JAPAN_NV-WC02-N2-BLR_Local_auth_email_key__IKELKey}",
							"value": "CPE12",
							"isAutogeneratable": true
						},
						
						
						
						{ "name": "{$v_LAN1_IPv4__staticaddress}", "value": "192.169.111.1/24", "isAutogeneratable": false},
						
						
						
						{ "name": "{$v_LAN2_IPv4__staticaddress}", "value": "192.169.112.1/24", "isAutogeneratable": false},
						
						
						
						{ "name": "{$v_LAN3_IPv4__staticaddress}", "value": "192.169.113.1/24", "isAutogeneratable": false},
						
						
						
						{ "name": "{$v_LAN4_IPv4__staticaddress}", "value": "192.169.114.1/24", "isAutogeneratable": false},
						
						
						
						{ "name": "{$v_LAN5_IPv4__staticaddress}", "value": "192.169.115.1/24", "isAutogeneratable": false},
						
						
						
						{ "name": "{$v_LAN6_IPv4__staticaddress}", "value": "192.169.116.1/24", "isAutogeneratable": false},
						
						
						
						{ "name": "{$v_LAN7_IPv4__staticaddress}", "value": "192.169.117.1/24", "isAutogeneratable": false},
						
						
						
						{ "name": "{$v_LAN8_IPv4__staticaddress}", "value": "192.169.118.1/24", "isAutogeneratable": false},
						
						
						
						{ "name": "{$v_LAN9_IPv4__staticaddress}", "value": "192.169.119.1/24", "isAutogeneratable": false},
						
						
						
						{ "name": "{$v_LAN10_IPv4__staticaddress}", "value": "192.169.120.1/24", "isAutogeneratable": false},
						
						{
							"name": "{$v_JAPAN_NV-WC02-N2-BLR_Local_auth_email_identifier__IKELIdentifier}",
							"value": "CPE12@colt.net",
							"isAutogeneratable": true
						}, {
							"name": "{$v_Site_Id__siteSiteID}",
							"value": "1627",
							"isAutogeneratable": true
						}, {
							"name": "{$v_JAPAN_NV-WC01-N2-BLR_Local_auth_email_identifier__IKELIdentifier}",
							"value": "CPE12@colt.net",
							"isAutogeneratable": true
						}, {
							"name": "{$v_JAPAN_Site_Name__sitesSiteName}",
							"value": "CPE12",
							"isAutogeneratable": true
						}, {
							"name": "{$v_latitude__IdLatitude}",
							"value": "12.971599",
							"isAutogeneratable": true
						}, {
							"name": "{$v_identification__IdName}",
							"value": "CPE12",
							"isAutogeneratable": true
						}, {
							"name": "{$v_INT-WAN-Transport-VR_IPv4__vrHopAddress}",
							"value": "172.16.6.45",
							"isAutogeneratable": false
						},	{
						    "name": "{$v_tvi-0-250_-_Unit_0_Static_address__tunnelStaticAddress}",
							"value": "10.10.125.12/32",
							"isAutogeneratable": true,
							"isOverwritten": false
						}, {
							"name": "{$v_Chassis_Id__sitesChassisId}",
							"value": "AUTOKSA1812012",
							"isAutogeneratable": true
						}, {
							"name": "{$v_longitude__Idlongitude}",
							"value": "77.594563",
							"isAutogeneratable": true
						}, {
							"name": "{$v_location__IdLocation}",
							"value": "bangalore,karnataka, india",
							"isAutogeneratable": true
						}, {
							"name": "{$v_JAPAN-Control-VR_125_Local_address__vrRouterAddress}",
							"value": "20.20.125.12",
							"isAutogeneratable": true,
							"isOverwritten": false
						}, {
							"name": "{$v_MPLS-WAN-Transport-VR_IPv4__vrHopAddress}",
							"value": "172.16.7.45",
							"isAutogeneratable": false
						}, {
							"name": "{$v_MPLS-WAN_IPv4__staticaddress}",
							"value": "172.16.7.46/30",
							"isAutogeneratable": false
						}, {
							"name": "{$v_tvi-0-251_-_Unit_0_Static_address__tunnelStaticAddress}",
							"value": "20.20.125.12/32",
							"isAutogeneratable": true,
							"isOverwritten": false
						}]
					}
				},
				"variableMetadata": [{
					"variable": "{$v_INT-WAN_IPv4__staticaddress}",
					"group": "Interfaces",
					"overlay": false,
					"type": "IPV4_MASK"
				},
                
                
                
				{"variable": "{$v_vni-0-4_LAN1_Unit-0__vlanId}", "group": "Vlan Info", "overlay": false, "type": "INTEGER"},
                
                
                
				{"variable": "{$v_vni-0-4_LAN2_Unit-1__vlanId}", "group": "Vlan Info", "overlay": false, "type": "INTEGER"},
                
                
                
				{"variable": "{$v_vni-0-4_LAN3_Unit-2__vlanId}", "group": "Vlan Info", "overlay": false, "type": "INTEGER"},
                
                
                
				{"variable": "{$v_vni-0-4_LAN4_Unit-3__vlanId}", "group": "Vlan Info", "overlay": false, "type": "INTEGER"},
                
                
                
				{"variable": "{$v_vni-0-4_LAN5_Unit-4__vlanId}", "group": "Vlan Info", "overlay": false, "type": "INTEGER"},
                
                
                
				{"variable": "{$v_vni-0-4_LAN6_Unit-5__vlanId}", "group": "Vlan Info", "overlay": false, "type": "INTEGER"},
                
                
                
				{"variable": "{$v_vni-0-4_LAN7_Unit-6__vlanId}", "group": "Vlan Info", "overlay": false, "type": "INTEGER"},
                
                
                
				{"variable": "{$v_vni-0-4_LAN8_Unit-7__vlanId}", "group": "Vlan Info", "overlay": false, "type": "INTEGER"},
                
                
                
				{"variable": "{$v_vni-0-4_LAN9_Unit-8__vlanId}", "group": "Vlan Info", "overlay": false, "type": "INTEGER"},
                
                
                
				{"variable": "{$v_vni-0-4_LAN10_Unit-9__vlanId}", "group": "Vlan Info", "overlay": false, "type": "INTEGER"},
                
                
                
				{"variable": "{$v_vni-0-4_LAN11_Unit-10__vlanId}", "group": "Vlan Info", "overlay": false, "type": "INTEGER"},
                
				{
					"variable": "{$v_JAPAN-Control-VR_125_Router_ID__vrRouteId}",
					"group": "Virtual Routers",
					"overlay": true,
					"type": "IPV4"
				}, {
					"variable": "{$v_JAPAN_NV-WC01-N2-BLR_Local_auth_email_key__IKELKey}",
					"group": "IPSEC",
					"overlay": false
				}, {
					"variable": "{$v_JAPAN_NV-WC02-N2-BLR_Local_auth_email_key__IKELKey}",
					"group": "IPSEC",
					"overlay": false
				}, {
					"variable": "{$v_LAN10_IPv4__staticaddress}",
					"group": "Interfaces",
					"overlay": false,
					"type": "IPV4_MASK"
				}, {
					"variable": "{$v_LAN9_IPv4__staticaddress}",
					"group": "Interfaces",
					"overlay": false,
					"type": "IPV4_MASK"
				}, {
					"variable": "{$v_LAN5_IPv4__staticaddress}",
					"group": "Interfaces",
					"overlay": false,
					"type": "IPV4_MASK"
				}, {
					"variable": "{$v_LAN1_IPv4__staticaddress}",
					"group": "Interfaces",
					"overlay": false,
					"type": "IPV4_MASK"
				}, {
					"variable": "{$v_LAN7_IPv4__staticaddress}",
					"group": "Interfaces",
					"overlay": false,
					"type": "IPV4_MASK"
				}, {
					"variable": "{$v_JAPAN_NV-WC02-N2-BLR_Local_auth_email_identifier__IKELIdentifier}",
					"group": "IPSEC",
					"overlay": false
				}, {
					"variable": "{$v_vni-0-4_LAN10_Unit-9__unit}",
					"group": "Vlan Info",
					"overlay": false,
					"type": "INTEGER"
				}, {
					"variable": "{$v_Site_Id__siteSiteID}",
					"group": "SDWAN",
					"overlay": false
				}, {
					"variable": "{$v_LAN6_IPv4__staticaddress}",
					"group": "Interfaces",
					"overlay": false,
					"type": "IPV4_MASK"
				}, {
					"variable": "{$v_JAPAN_NV-WC01-N2-BLR_Local_auth_email_identifier__IKELIdentifier}",
					"group": "IPSEC",
					"overlay": false
				}, {
					"variable": "{$v_LAN2_IPv4__staticaddress}",
					"group": "Interfaces",
					"overlay": false,
					"type": "IPV4_MASK"
				}, {
					"variable": "{$v_LAN4_IPv4__staticaddress}",
					"group": "Interfaces",
					"overlay": false,
					"type": "IPV4_MASK"
				}, {
					"variable": "{$v_JAPAN_Site_Name__sitesSiteName}",
					"group": "SDWAN",
					"overlay": false
				}, {
					"variable": "{$v_latitude__IdLatitude}",
					"group": "SDWAN",
					"overlay": false
				}, {
					"variable": "{$v_identification__IdName}",
					"group": "SDWAN",
					"overlay": false
				}, {
					"variable": "{$v_LAN3_IPv4__staticaddress}",
					"group": "Interfaces",
					"overlay": false,
					"type": "IPV4_MASK"
				}, {
					"variable": "{$v_INT-WAN-Transport-VR_IPv4__vrHopAddress}",
					"group": "Virtual Routers",
					"overlay": false,
					"type": "IPV4_IPV6"
				}, {
					"variable": "{$v_tvi-0-250_-_Unit_0_Static_address__tunnelStaticAddress}",
					"group": "Interfaces",
					"overlay": true,
					"type": "IPV4_IPV6_MASK"
				}, {
					"variable": "{$v_Chassis_Id__sitesChassisId}",
					"group": "SDWAN",
					"overlay": false
				}, {
					"variable": "{$v_longitude__Idlongitude}",
					"group": "SDWAN",
					"overlay": false
				}, {
					"variable": "{$v_LAN8_IPv4__staticaddress}",
					"group": "Interfaces",
					"overlay": false,
					"type": "IPV4_MASK"
				}, {
					"variable": "{$v_location__IdLocation}",
					"group": "SDWAN",
					"overlay": false
				}, {
					"variable": "{$v_JAPAN-Control-VR_125_Local_address__vrRouterAddress}",
					"group": "Virtual Routers",
					"overlay": true,
					"type": "IPV4"
				}, {
					"variable": "{$v_MPLS-WAN-Transport-VR_IPv4__vrHopAddress}",
					"group": "Virtual Routers",
					"overlay": false,
					"type": "IPV4_IPV6"
				}, {
					"variable": "{$v_MPLS-WAN_IPv4__staticaddress}",
					"group": "Interfaces",
					"overlay": false,
					"type": "IPV4_MASK"
				}, {
					"variable": "{$v_tvi-0-251_-_Unit_0_Static_address__tunnelStaticAddress}",
					"group": "Interfaces",
					"overlay": true,
					"type": "IPV4_IPV6_MASK"
				}]
			}
		}
	}
}
2019-03-04 16:09:32,893 - CPE12 - INFO - {
	"versanms.sdwan-device-workflow": {
		"deviceName": "CPE12",
		"siteId": "1627",
		"orgName": "JAPAN",
		"serialNumber": "AUTOKSA1812012",
		"deviceGroup": "JAPAN-BLR-PS-HS-LIB-DG",
		"locationInfo": {
			"state": "karnataka",
			"country": "india",
			"longitude": "77.594563",
			"latitude": "12.971599",
			"city": "bangalore"
		},
		"postStagingTemplateInfo": {
			"templateName": "JAPAN-BLR-PS-HS-LIB",
			"templateData": {
				"device-template-variable": {
					"template": "JAPAN-BLR-PS-HS-LIB",
					"variable-binding": {
						"attrs": [{
							"name": "{$v_INT-WAN_IPv4__staticaddress}",
							"value": "172.16.6.46/30",
							"isAutogeneratable": false
						},
						
						    
						    
						{ "name": "{$v_vni-0-4_LAN1_Unit-0__unit}", "value": "610", "isAutogeneratable": false},
						{ "name": "{$v_vni-0-4_LAN1_Unit-0__vlanId}", "value": "610", "isAutogeneratable": false },
						
						    
						    
						{ "name": "{$v_vni-0-4_LAN2_Unit-1__unit}", "value": "611", "isAutogeneratable": false},
						{ "name": "{$v_vni-0-4_LAN2_Unit-1__vlanId}", "value": "611", "isAutogeneratable": false },
						
						    
						    
						{ "name": "{$v_vni-0-4_LAN3_Unit-2__unit}", "value": "612", "isAutogeneratable": false},
						{ "name": "{$v_vni-0-4_LAN3_Unit-2__vlanId}", "value": "612", "isAutogeneratable": false },
						
						    
						    
						{ "name": "{$v_vni-0-4_LAN4_Unit-3__unit}", "value": "613", "isAutogeneratable": false},
						{ "name": "{$v_vni-0-4_LAN4_Unit-3__vlanId}", "value": "613", "isAutogeneratable": false },
						
						    
						    
						{ "name": "{$v_vni-0-4_LAN5_Unit-4__unit}", "value": "614", "isAutogeneratable": false},
						{ "name": "{$v_vni-0-4_LAN5_Unit-4__vlanId}", "value": "614", "isAutogeneratable": false },
						
						    
						    
						{ "name": "{$v_vni-0-4_LAN6_Unit-5__unit}", "value": "615", "isAutogeneratable": false},
						{ "name": "{$v_vni-0-4_LAN6_Unit-5__vlanId}", "value": "615", "isAutogeneratable": false },
						
						    
						    
						{ "name": "{$v_vni-0-4_LAN7_Unit-6__unit}", "value": "616", "isAutogeneratable": false},
						{ "name": "{$v_vni-0-4_LAN7_Unit-6__vlanId}", "value": "616", "isAutogeneratable": false },
						
						    
						    
						{ "name": "{$v_vni-0-4_LAN8_Unit-7__unit}", "value": "617", "isAutogeneratable": false},
						{ "name": "{$v_vni-0-4_LAN8_Unit-7__vlanId}", "value": "617", "isAutogeneratable": false },
						
						    
						    
						{ "name": "{$v_vni-0-4_LAN9_Unit-8__unit}", "value": "618", "isAutogeneratable": false},
						{ "name": "{$v_vni-0-4_LAN9_Unit-8__vlanId}", "value": "618", "isAutogeneratable": false },
						
						    
						    
						{ "name": "{$v_vni-0-4_LAN10_Unit-9__unit}", "value": "619", "isAutogeneratable": false},
						{ "name": "{$v_vni-0-4_LAN10_Unit-9__vlanId}", "value": "619", "isAutogeneratable": false },
						
						    
						    
						{ "name": "{$v_vni-0-4_LAN11_Unit-10__unit}", "value": "620", "isAutogeneratable": false},
						{ "name": "{$v_vni-0-4_LAN11_Unit-10__vlanId}", "value": "620", "isAutogeneratable": false },
						
						{
							"name": "{$v_JAPAN-Control-VR_16_Router_ID__vrRouteId}",
							"value": "20.20.125.12",
							"isAutogeneratable": true,
							"isOverwritten": false
						}, {
							"name": "{$v_JAPAN_NV-WC01-N2-BLR_Local_auth_email_key__IKELKey}",
							"value": "CPE12",
							"isAutogeneratable": true
						}, {
							"name": "{$v_JAPAN_NV-WC02-N2-BLR_Local_auth_email_key__IKELKey}",
							"value": "CPE12",
							"isAutogeneratable": true
						},
						
						
						
						{ "name": "{$v_LAN1_IPv4__staticaddress}", "value": "192.169.111.1/24", "isAutogeneratable": false},
						
						
						
						{ "name": "{$v_LAN2_IPv4__staticaddress}", "value": "192.169.112.1/24", "isAutogeneratable": false},
						
						
						
						{ "name": "{$v_LAN3_IPv4__staticaddress}", "value": "192.169.113.1/24", "isAutogeneratable": false},
						
						
						
						{ "name": "{$v_LAN4_IPv4__staticaddress}", "value": "192.169.114.1/24", "isAutogeneratable": false},
						
						
						
						{ "name": "{$v_LAN5_IPv4__staticaddress}", "value": "192.169.115.1/24", "isAutogeneratable": false},
						
						
						
						{ "name": "{$v_LAN6_IPv4__staticaddress}", "value": "192.169.116.1/24", "isAutogeneratable": false},
						
						
						
						{ "name": "{$v_LAN7_IPv4__staticaddress}", "value": "192.169.117.1/24", "isAutogeneratable": false},
						
						
						
						{ "name": "{$v_LAN8_IPv4__staticaddress}", "value": "192.169.118.1/24", "isAutogeneratable": false},
						
						
						
						{ "name": "{$v_LAN9_IPv4__staticaddress}", "value": "192.169.119.1/24", "isAutogeneratable": false},
						
						
						
						{ "name": "{$v_LAN10_IPv4__staticaddress}", "value": "192.169.120.1/24", "isAutogeneratable": false},
						
						{
							"name": "{$v_JAPAN_NV-WC02-N2-BLR_Local_auth_email_identifier__IKELIdentifier}",
							"value": "CPE12@colt.net",
							"isAutogeneratable": true
						}, {
							"name": "{$v_Site_Id__siteSiteID}",
							"value": "1627",
							"isAutogeneratable": true
						}, {
							"name": "{$v_JAPAN_NV-WC01-N2-BLR_Local_auth_email_identifier__IKELIdentifier}",
							"value": "CPE12@colt.net",
							"isAutogeneratable": true
						}, {
							"name": "{$v_JAPAN_Site_Name__sitesSiteName}",
							"value": "CPE12",
							"isAutogeneratable": true
						}, {
							"name": "{$v_latitude__IdLatitude}",
							"value": "12.971599",
							"isAutogeneratable": true
						}, {
							"name": "{$v_identification__IdName}",
							"value": "CPE12",
							"isAutogeneratable": true
						}, {
							"name": "{$v_INT-WAN-Transport-VR_IPv4__vrHopAddress}",
							"value": "172.16.6.45",
							"isAutogeneratable": false
						},	{
						    "name": "{$v_tvi-0-250_-_Unit_0_Static_address__tunnelStaticAddress}",
							"value": "10.10.125.12/32",
							"isAutogeneratable": true,
							"isOverwritten": false
						}, {
							"name": "{$v_Chassis_Id__sitesChassisId}",
							"value": "AUTOKSA1812012",
							"isAutogeneratable": true
						}, {
							"name": "{$v_longitude__Idlongitude}",
							"value": "77.594563",
							"isAutogeneratable": true
						}, {
							"name": "{$v_location__IdLocation}",
							"value": "bangalore,karnataka, india",
							"isAutogeneratable": true
						}, {
							"name": "{$v_JAPAN-Control-VR_125_Local_address__vrRouterAddress}",
							"value": "20.20.125.12",
							"isAutogeneratable": true,
							"isOverwritten": false
						}, {
							"name": "{$v_MPLS-WAN-Transport-VR_IPv4__vrHopAddress}",
							"value": "172.16.7.45",
							"isAutogeneratable": false
						}, {
							"name": "{$v_MPLS-WAN_IPv4__staticaddress}",
							"value": "172.16.7.46/30",
							"isAutogeneratable": false
						}, {
							"name": "{$v_tvi-0-251_-_Unit_0_Static_address__tunnelStaticAddress}",
							"value": "20.20.125.12/32",
							"isAutogeneratable": true,
							"isOverwritten": false
						}]
					}
				},
				"variableMetadata": [{
					"variable": "{$v_INT-WAN_IPv4__staticaddress}",
					"group": "Interfaces",
					"overlay": false,
					"type": "IPV4_MASK"
				},
                
                
                
				{"variable": "{$v_vni-0-4_LAN1_Unit-0__vlanId}", "group": "Vlan Info", "overlay": false, "type": "INTEGER"},
                
                
                
				{"variable": "{$v_vni-0-4_LAN2_Unit-1__vlanId}", "group": "Vlan Info", "overlay": false, "type": "INTEGER"},
                
                
                
				{"variable": "{$v_vni-0-4_LAN3_Unit-2__vlanId}", "group": "Vlan Info", "overlay": false, "type": "INTEGER"},
                
                
                
				{"variable": "{$v_vni-0-4_LAN4_Unit-3__vlanId}", "group": "Vlan Info", "overlay": false, "type": "INTEGER"},
                
                
                
				{"variable": "{$v_vni-0-4_LAN5_Unit-4__vlanId}", "group": "Vlan Info", "overlay": false, "type": "INTEGER"},
                
                
                
				{"variable": "{$v_vni-0-4_LAN6_Unit-5__vlanId}", "group": "Vlan Info", "overlay": false, "type": "INTEGER"},
                
                
                
				{"variable": "{$v_vni-0-4_LAN7_Unit-6__vlanId}", "group": "Vlan Info", "overlay": false, "type": "INTEGER"},
                
                
                
				{"variable": "{$v_vni-0-4_LAN8_Unit-7__vlanId}", "group": "Vlan Info", "overlay": false, "type": "INTEGER"},
                
                
                
				{"variable": "{$v_vni-0-4_LAN9_Unit-8__vlanId}", "group": "Vlan Info", "overlay": false, "type": "INTEGER"},
                
                
                
				{"variable": "{$v_vni-0-4_LAN10_Unit-9__vlanId}", "group": "Vlan Info", "overlay": false, "type": "INTEGER"},
                
                
                
				{"variable": "{$v_vni-0-4_LAN11_Unit-10__vlanId}", "group": "Vlan Info", "overlay": false, "type": "INTEGER"},
                
				{
					"variable": "{$v_JAPAN-Control-VR_125_Router_ID__vrRouteId}",
					"group": "Virtual Routers",
					"overlay": true,
					"type": "IPV4"
				}, {
					"variable": "{$v_JAPAN_NV-WC01-N2-BLR_Local_auth_email_key__IKELKey}",
					"group": "IPSEC",
					"overlay": false
				}, {
					"variable": "{$v_JAPAN_NV-WC02-N2-BLR_Local_auth_email_key__IKELKey}",
					"group": "IPSEC",
					"overlay": false
				}, {
					"variable": "{$v_LAN10_IPv4__staticaddress}",
					"group": "Interfaces",
					"overlay": false,
					"type": "IPV4_MASK"
				}, {
					"variable": "{$v_LAN9_IPv4__staticaddress}",
					"group": "Interfaces",
					"overlay": false,
					"type": "IPV4_MASK"
				}, {
					"variable": "{$v_LAN5_IPv4__staticaddress}",
					"group": "Interfaces",
					"overlay": false,
					"type": "IPV4_MASK"
				}, {
					"variable": "{$v_LAN1_IPv4__staticaddress}",
					"group": "Interfaces",
					"overlay": false,
					"type": "IPV4_MASK"
				}, {
					"variable": "{$v_LAN7_IPv4__staticaddress}",
					"group": "Interfaces",
					"overlay": false,
					"type": "IPV4_MASK"
				}, {
					"variable": "{$v_JAPAN_NV-WC02-N2-BLR_Local_auth_email_identifier__IKELIdentifier}",
					"group": "IPSEC",
					"overlay": false
				}, {
					"variable": "{$v_vni-0-4_LAN10_Unit-9__unit}",
					"group": "Vlan Info",
					"overlay": false,
					"type": "INTEGER"
				}, {
					"variable": "{$v_Site_Id__siteSiteID}",
					"group": "SDWAN",
					"overlay": false
				}, {
					"variable": "{$v_LAN6_IPv4__staticaddress}",
					"group": "Interfaces",
					"overlay": false,
					"type": "IPV4_MASK"
				}, {
					"variable": "{$v_JAPAN_NV-WC01-N2-BLR_Local_auth_email_identifier__IKELIdentifier}",
					"group": "IPSEC",
					"overlay": false
				}, {
					"variable": "{$v_LAN2_IPv4__staticaddress}",
					"group": "Interfaces",
					"overlay": false,
					"type": "IPV4_MASK"
				}, {
					"variable": "{$v_LAN4_IPv4__staticaddress}",
					"group": "Interfaces",
					"overlay": false,
					"type": "IPV4_MASK"
				}, {
					"variable": "{$v_JAPAN_Site_Name__sitesSiteName}",
					"group": "SDWAN",
					"overlay": false
				}, {
					"variable": "{$v_latitude__IdLatitude}",
					"group": "SDWAN",
					"overlay": false
				}, {
					"variable": "{$v_identification__IdName}",
					"group": "SDWAN",
					"overlay": false
				}, {
					"variable": "{$v_LAN3_IPv4__staticaddress}",
					"group": "Interfaces",
					"overlay": false,
					"type": "IPV4_MASK"
				}, {
					"variable": "{$v_INT-WAN-Transport-VR_IPv4__vrHopAddress}",
					"group": "Virtual Routers",
					"overlay": false,
					"type": "IPV4_IPV6"
				}, {
					"variable": "{$v_tvi-0-250_-_Unit_0_Static_address__tunnelStaticAddress}",
					"group": "Interfaces",
					"overlay": true,
					"type": "IPV4_IPV6_MASK"
				}, {
					"variable": "{$v_Chassis_Id__sitesChassisId}",
					"group": "SDWAN",
					"overlay": false
				}, {
					"variable": "{$v_longitude__Idlongitude}",
					"group": "SDWAN",
					"overlay": false
				}, {
					"variable": "{$v_LAN8_IPv4__staticaddress}",
					"group": "Interfaces",
					"overlay": false,
					"type": "IPV4_MASK"
				}, {
					"variable": "{$v_location__IdLocation}",
					"group": "SDWAN",
					"overlay": false
				}, {
					"variable": "{$v_JAPAN-Control-VR_125_Local_address__vrRouterAddress}",
					"group": "Virtual Routers",
					"overlay": true,
					"type": "IPV4"
				}, {
					"variable": "{$v_MPLS-WAN-Transport-VR_IPv4__vrHopAddress}",
					"group": "Virtual Routers",
					"overlay": false,
					"type": "IPV4_IPV6"
				}, {
					"variable": "{$v_MPLS-WAN_IPv4__staticaddress}",
					"group": "Interfaces",
					"overlay": false,
					"type": "IPV4_MASK"
				}, {
					"variable": "{$v_tvi-0-251_-_Unit_0_Static_address__tunnelStaticAddress}",
					"group": "Interfaces",
					"overlay": true,
					"type": "IPV4_IPV6_MASK"
				}]
			}
		}
	}
}
2019-03-04 16:09:34,440 - CPE12 - INFO - <Response [200]>
2019-03-04 16:09:34,440 - CPE12 - INFO - <Response [200]>
2019-03-04 16:09:34,440 - CPE12 - INFO - PASS
2019-03-04 16:09:34,440 - CPE12 - INFO - PASS
2019-03-04 16:09:44,579 - CPE12 - INFO - 15415
2019-03-04 16:09:44,579 - CPE12 - INFO - 15415
2019-03-04 16:10:05,135 - CPE12 - INFO - Device deployed
2019-03-04 16:10:05,135 - CPE12 - INFO - Device deployed
2019-03-04 16:10:06,383 - CPE12 - INFO - {u'versanms.sdwan-device-workflow': {u'postStagingTemplateInfo': {u'templateData': {u'device-template-variable': {u'variable-binding': {u'attrs': [{u'isAutogeneratable': False, u'name': u'{$v_vni-0-4_LAN1_Unit-0__vlanId}', u'value': 610}, {u'isAutogeneratable': False, u'name': u'{$v_INT-WAN_IPv4__staticaddress}', u'value': u'172.16.6.46/30'}, {u'isAutogeneratable': True, u'isOverwritten': True, u'name': u'{$v_JAPAN-Control-VR_125_Local_address__vrRouterAddress}', u'value': u'20.20.125.12'}, {u'isAutogeneratable': False, u'name': u'{$v_vni-0-4_LAN6_Unit-5__vlanId}', u'value': 615}, {u'isAutogeneratable': False, u'name': u'{$v_vni-0-4_LAN9_Unit-8__vlanId}', u'value': 618}, {u'isAutogeneratable': False, u'name': u'{$v_LAN2_IPv4__staticaddress}', u'value': u'192.169.112.1/24'}, {u'isAutogeneratable': True, u'isOverwritten': True, u'name': u'{$v_tvi-0-251_-_Unit_0_Static_address__tunnelStaticAddress}', u'value': u'20.20.125.12/32'}, {u'isAutogeneratable': False, u'name': u'{$v_vni-0-4_LAN10_Unit-9__vlanId}', u'value': 619}, {u'isAutogeneratable': True, u'name': u'{$v_JAPAN_NV-WC01-N2-BLR_Local_auth_email_identifier__IKELIdentifier}', u'value': u'CPE12@colt.net'}, {u'isAutogeneratable': False, u'name': u'{$v_vni-0-4_LAN2_Unit-1__unit}', u'value': 611}, {u'isAutogeneratable': False, u'name': u'{$v_vni-0-4_LAN5_Unit-4__unit}', u'value': 614}, {u'isAutogeneratable': False, u'name': u'{$v_LAN10_IPv4__staticaddress}', u'value': u'192.169.120.1/24'}, {u'isAutogeneratable': True, u'isOverwritten': False, u'name': u'{$v_JAPAN-Control-VR_125_Router_ID__vrRouteId}', u'value': u'10.125.70.91'}, {u'isAutogeneratable': False, u'name': u'{$v_vni-0-4_LAN8_Unit-7__vlanId}', u'value': 617}, {u'isAutogeneratable': False, u'name': u'{$v_LAN4_IPv4__staticaddress}', u'value': u'192.169.114.1/24'}, {u'isAutogeneratable': False, u'name': u'{$v_vni-0-4_LAN2_Unit-1__vlanId}', u'value': 611}, {u'isAutogeneratable': False, u'name': u'{$v_LAN9_IPv4__staticaddress}', u'value': u'192.169.119.1/24'}, {u'isAutogeneratable': False, u'name': u'{$v_LAN1_IPv4__staticaddress}', u'value': u'192.169.111.1/24'}, {u'isAutogeneratable': False, u'name': u'{$v_LAN5_IPv4__staticaddress}', u'value': u'192.169.115.1/24'}, {u'isAutogeneratable': False, u'name': u'{$v_vni-0-4_LAN3_Unit-2__vlanId}', u'value': 612}, {u'isAutogeneratable': True, u'name': u'{$v_latitude__IdLatitude}', u'value': 12.971599}, {u'isAutogeneratable': True, u'name': u'{$v_identification__IdName}', u'value': u'CPE12'}, {u'isAutogeneratable': False, u'name': u'{$v_vni-0-4_LAN4_Unit-3__vlanId}', u'value': 613}, {u'isAutogeneratable': False, u'name': u'{$v_LAN7_IPv4__staticaddress}', u'value': u'192.169.117.1/24'}, {u'isAutogeneratable': True, u'isOverwritten': True, u'name': u'{$v_tvi-0-250_-_Unit_0_Static_address__tunnelStaticAddress}', u'value': u'10.10.125.12/32'}, {u'isAutogeneratable': False, u'name': u'{$v_INT-WAN-Transport-VR_IPv4__vrHopAddress}', u'value': u'172.16.6.45'}, {u'isAutogeneratable': False, u'name': u'{$v_LAN3_IPv4__staticaddress}', u'value': u'192.169.113.1/24'}, {u'isAutogeneratable': False, u'name': u'{$v_vni-0-4_LAN7_Unit-6__unit}', u'value': 616}, {u'isAutogeneratable': False, u'name': u'{$v_vni-0-4_LAN4_Unit-3__unit}', u'value': 613}, {u'isAutogeneratable': True, u'name': u'{$v_Chassis_Id__sitesChassisId}', u'value': u'AUTOKSA1812012'}, {u'isAutogeneratable': True, u'name': u'{$v_JAPAN_Site_Name__sitesSiteName}', u'value': u'CPE12'}, {u'isAutogeneratable': True, u'name': u'{$v_longitude__Idlongitude}', u'value': 77.594563}, {u'isAutogeneratable': False, u'name': u'{$v_vni-0-4_LAN10_Unit-9__unit}', u'value': 619}, {u'isAutogeneratable': False, u'name': u'{$v_LAN8_IPv4__staticaddress}', u'value': u'192.169.118.1/24'}, {u'isAutogeneratable': True, u'name': u'{$v_JAPAN_NV-WC02-N2-BLR_Local_auth_email_identifier__IKELIdentifier}', u'value': u'CPE12@colt.net'}, {u'isAutogeneratable': True, u'name': u'{$v_location__IdLocation}', u'value': u'bangalore,karnataka, india'}, {u'isAutogeneratable': False, u'name': u'{$v_vni-0-4_LAN9_Unit-8__unit}', u'value': 618}, {u'isAutogeneratable': False, u'name': u'{$v_vni-0-4_LAN5_Unit-4__vlanId}', u'value': 614}, {u'isAutogeneratable': False, u'name': u'{$v_MPLS-WAN-Transport-VR_IPv4__vrHopAddress}', u'value': u'172.16.7.45'}, {u'isAutogeneratable': False, u'name': u'{$v_vni-0-4_LAN8_Unit-7__unit}', u'value': 617}, {u'isAutogeneratable': False, u'name': u'{$v_vni-0-4_LAN1_Unit-0__unit}', u'value': 610}, {u'isAutogeneratable': True, u'name': u'{$v_Site_Id__siteSiteID}', u'value': 1627}, {u'isAutogeneratable': False, u'name': u'{$v_vni-0-4_LAN3_Unit-2__unit}', u'value': 612}, {u'isAutogeneratable': False, u'name': u'{$v_MPLS-WAN_IPv4__staticaddress}', u'value': u'172.16.7.46/30'}, {u'isAutogeneratable': True, u'name': u'{$v_JAPAN_NV-WC01-N2-BLR_Local_auth_email_key__IKELKey}', u'value': u'CPE12'}, {u'isAutogeneratable': False, u'name': u'{$v_vni-0-4_LAN7_Unit-6__vlanId}', u'value': 616}, {u'isAutogeneratable': False, u'name': u'{$v_vni-0-4_LAN6_Unit-5__unit}', u'value': 615}, {u'isAutogeneratable': False, u'name': u'{$v_LAN6_IPv4__staticaddress}', u'value': u'192.169.116.1/24'}, {u'isAutogeneratable': True, u'name': u'{$v_JAPAN_NV-WC02-N2-BLR_Local_auth_email_key__IKELKey}', u'value': u'CPE12'}]}, u'template': u'JAPAN-BLR-PS-HS-LIB'}, u'variableMetadata': [{u'variable': u'{$v_vni-0-4_LAN1_Unit-0__vlanId}', u'type': u'INTEGER', u'group': u'Vlan Info', u'overlay': False}, {u'variable': u'{$v_INT-WAN_IPv4__staticaddress}', u'type': u'IPV4_MASK', u'group': u'Interfaces', u'overlay': False}, {u'variable': u'{$v_JAPAN-Control-VR_125_Local_address__vrRouterAddress}', u'type': u'IPV4', u'group': u'Virtual routers', u'overlay': True}, {u'variable': u'{$v_vni-0-4_LAN6_Unit-5__vlanId}', u'type': u'INTEGER', u'group': u'Vlan Info', u'overlay': False}, {u'variable': u'{$v_vni-0-4_LAN9_Unit-8__vlanId}', u'type': u'INTEGER', u'group': u'Vlan Info', u'overlay': False}, {u'variable': u'{$v_LAN2_IPv4__staticaddress}', u'type': u'IPV4_MASK', u'group': u'Interfaces', u'overlay': False}, {u'variable': u'{$v_tvi-0-251_-_Unit_0_Static_address__tunnelStaticAddress}', u'type': u'IPV4_IPV6_MASK', u'group': u'Interfaces', u'overlay': True}, {u'variable': u'{$v_vni-0-4_LAN10_Unit-9__vlanId}', u'type': u'INTEGER', u'group': u'Vlan Info', u'overlay': False}, {u'variable': u'{$v_JAPAN_NV-WC01-N2-BLR_Local_auth_email_identifier__IKELIdentifier}', u'group': u'IPSEC', u'overlay': False}, {u'variable': u'{$v_vni-0-4_LAN2_Unit-1__unit}', u'type': u'INTEGER', u'group': u'Vlan Info', u'overlay': False}, {u'variable': u'{$v_vni-0-4_LAN5_Unit-4__unit}', u'type': u'INTEGER', u'group': u'Vlan Info', u'overlay': False}, {u'variable': u'{$v_LAN10_IPv4__staticaddress}', u'type': u'IPV4_MASK', u'group': u'Interfaces', u'overlay': False}, {u'variable': u'{$v_JAPAN-Control-VR_125_Router_ID__vrRouteId}', u'type': u'IPV4', u'group': u'Virtual routers', u'overlay': True}, {u'variable': u'{$v_vni-0-4_LAN8_Unit-7__vlanId}', u'type': u'INTEGER', u'group': u'Vlan Info', u'overlay': False}, {u'variable': u'{$v_LAN4_IPv4__staticaddress}', u'type': u'IPV4_MASK', u'group': u'Interfaces', u'overlay': False}, {u'variable': u'{$v_vni-0-4_LAN2_Unit-1__vlanId}', u'type': u'INTEGER', u'group': u'Vlan Info', u'overlay': False}, {u'variable': u'{$v_LAN9_IPv4__staticaddress}', u'type': u'IPV4_MASK', u'group': u'Interfaces', u'overlay': False}, {u'variable': u'{$v_LAN1_IPv4__staticaddress}', u'type': u'IPV4_MASK', u'group': u'Interfaces', u'overlay': False}, {u'variable': u'{$v_LAN5_IPv4__staticaddress}', u'type': u'IPV4_MASK', u'group': u'Interfaces', u'overlay': False}, {u'variable': u'{$v_vni-0-4_LAN3_Unit-2__vlanId}', u'type': u'INTEGER', u'group': u'Vlan Info', u'overlay': False}, {u'variable': u'{$v_latitude__IdLatitude}', u'group': u'SDWAN', u'overlay': False}, {u'variable': u'{$v_identification__IdName}', u'group': u'SDWAN', u'overlay': False}, {u'variable': u'{$v_vni-0-4_LAN4_Unit-3__vlanId}', u'type': u'INTEGER', u'group': u'Vlan Info', u'overlay': False}, {u'variable': u'{$v_LAN7_IPv4__staticaddress}', u'type': u'IPV4_MASK', u'group': u'Interfaces', u'overlay': False}, {u'variable': u'{$v_tvi-0-250_-_Unit_0_Static_address__tunnelStaticAddress}', u'type': u'IPV4_IPV6_MASK', u'group': u'Interfaces', u'overlay': True}, {u'variable': u'{$v_INT-WAN-Transport-VR_IPv4__vrHopAddress}', u'type': u'IPV4_IPV6', u'group': u'Virtual routers', u'overlay': False}, {u'variable': u'{$v_LAN3_IPv4__staticaddress}', u'type': u'IPV4_MASK', u'group': u'Interfaces', u'overlay': False}, {u'variable': u'{$v_vni-0-4_LAN7_Unit-6__unit}', u'type': u'INTEGER', u'group': u'Vlan Info', u'overlay': False}, {u'variable': u'{$v_vni-0-4_LAN4_Unit-3__unit}', u'type': u'INTEGER', u'group': u'Vlan Info', u'overlay': False}, {u'variable': u'{$v_Chassis_Id__sitesChassisId}', u'group': u'SDWAN', u'overlay': False}, {u'variable': u'{$v_JAPAN_Site_Name__sitesSiteName}', u'group': u'SDWAN', u'overlay': False}, {u'variable': u'{$v_longitude__Idlongitude}', u'group': u'SDWAN', u'overlay': False}, {u'variable': u'{$v_vni-0-4_LAN10_Unit-9__unit}', u'type': u'INTEGER', u'group': u'Vlan Info', u'overlay': False}, {u'variable': u'{$v_LAN8_IPv4__staticaddress}', u'type': u'IPV4_MASK', u'group': u'Interfaces', u'overlay': False}, {u'variable': u'{$v_JAPAN_NV-WC02-N2-BLR_Local_auth_email_identifier__IKELIdentifier}', u'group': u'IPSEC', u'overlay': False}, {u'variable': u'{$v_location__IdLocation}', u'group': u'SDWAN', u'overlay': False}, {u'variable': u'{$v_vni-0-4_LAN9_Unit-8__unit}', u'type': u'INTEGER', u'group': u'Vlan Info', u'overlay': False}, {u'variable': u'{$v_vni-0-4_LAN5_Unit-4__vlanId}', u'type': u'INTEGER', u'group': u'Vlan Info', u'overlay': False}, {u'variable': u'{$v_MPLS-WAN-Transport-VR_IPv4__vrHopAddress}', u'type': u'IPV4_IPV6', u'group': u'Virtual routers', u'overlay': False}, {u'variable': u'{$v_vni-0-4_LAN8_Unit-7__unit}', u'type': u'INTEGER', u'group': u'Vlan Info', u'overlay': False}, {u'variable': u'{$v_vni-0-4_LAN1_Unit-0__unit}', u'type': u'INTEGER', u'group': u'Vlan Info', u'overlay': False}, {u'variable': u'{$v_Site_Id__siteSiteID}', u'group': u'SDWAN', u'overlay': False}, {u'variable': u'{$v_vni-0-4_LAN3_Unit-2__unit}', u'type': u'INTEGER', u'group': u'Vlan Info', u'overlay': False}, {u'variable': u'{$v_MPLS-WAN_IPv4__staticaddress}', u'type': u'IPV4_MASK', u'group': u'Interfaces', u'overlay': False}, {u'variable': u'{$v_JAPAN_NV-WC01-N2-BLR_Local_auth_email_key__IKELKey}', u'group': u'IPSEC', u'overlay': False}, {u'variable': u'{$v_vni-0-4_LAN7_Unit-6__vlanId}', u'type': u'INTEGER', u'group': u'Vlan Info', u'overlay': False}, {u'variable': u'{$v_vni-0-4_LAN6_Unit-5__unit}', u'type': u'INTEGER', u'group': u'Vlan Info', u'overlay': False}, {u'variable': u'{$v_LAN6_IPv4__staticaddress}', u'type': u'IPV4_MASK', u'group': u'Interfaces', u'overlay': False}, {u'variable': u'{$v_JAPAN_NV-WC02-N2-BLR_Local_auth_email_key__IKELKey}', u'group': u'IPSEC', u'overlay': False}]}, u'templateName': u'JAPAN-BLR-PS-HS-LIB'}, u'deviceName': u'CPE12', u'deviceGroup': u'JAPAN-BLR-PS-HS-LIB-DG', u'orgName': u'JAPAN', u'serialNumber': u'AUTOKSA1812012', u'locationInfo': {u'latitude': 12.971599, u'country': u'india', u'state': u'karnataka', u'longitude': 77.594563, u'city': u'bangalore'}, u'siteId': 1627, u'instanceInfo': u'', u'stagingTemplateInfo': u'', u'urlztpBasedInfo': {u'authType': u'psk', u'enableIpv4Dhcp': False, u'branchKey': u'pA04xTWJdbcwD4Oe', u'branchId': u'CPE12@JAPAN.com', u'enableIpv6': False, u'enableIpv4': False, u'enableIpv6Dhcp': False}}}
2019-03-04 16:10:06,383 - CPE12 - INFO - {u'versanms.sdwan-device-workflow': {u'postStagingTemplateInfo': {u'templateData': {u'device-template-variable': {u'variable-binding': {u'attrs': [{u'isAutogeneratable': False, u'name': u'{$v_vni-0-4_LAN1_Unit-0__vlanId}', u'value': 610}, {u'isAutogeneratable': False, u'name': u'{$v_INT-WAN_IPv4__staticaddress}', u'value': u'172.16.6.46/30'}, {u'isAutogeneratable': True, u'isOverwritten': True, u'name': u'{$v_JAPAN-Control-VR_125_Local_address__vrRouterAddress}', u'value': u'20.20.125.12'}, {u'isAutogeneratable': False, u'name': u'{$v_vni-0-4_LAN6_Unit-5__vlanId}', u'value': 615}, {u'isAutogeneratable': False, u'name': u'{$v_vni-0-4_LAN9_Unit-8__vlanId}', u'value': 618}, {u'isAutogeneratable': False, u'name': u'{$v_LAN2_IPv4__staticaddress}', u'value': u'192.169.112.1/24'}, {u'isAutogeneratable': True, u'isOverwritten': True, u'name': u'{$v_tvi-0-251_-_Unit_0_Static_address__tunnelStaticAddress}', u'value': u'20.20.125.12/32'}, {u'isAutogeneratable': False, u'name': u'{$v_vni-0-4_LAN10_Unit-9__vlanId}', u'value': 619}, {u'isAutogeneratable': True, u'name': u'{$v_JAPAN_NV-WC01-N2-BLR_Local_auth_email_identifier__IKELIdentifier}', u'value': u'CPE12@colt.net'}, {u'isAutogeneratable': False, u'name': u'{$v_vni-0-4_LAN2_Unit-1__unit}', u'value': 611}, {u'isAutogeneratable': False, u'name': u'{$v_vni-0-4_LAN5_Unit-4__unit}', u'value': 614}, {u'isAutogeneratable': False, u'name': u'{$v_LAN10_IPv4__staticaddress}', u'value': u'192.169.120.1/24'}, {u'isAutogeneratable': True, u'isOverwritten': False, u'name': u'{$v_JAPAN-Control-VR_125_Router_ID__vrRouteId}', u'value': u'10.125.70.91'}, {u'isAutogeneratable': False, u'name': u'{$v_vni-0-4_LAN8_Unit-7__vlanId}', u'value': 617}, {u'isAutogeneratable': False, u'name': u'{$v_LAN4_IPv4__staticaddress}', u'value': u'192.169.114.1/24'}, {u'isAutogeneratable': False, u'name': u'{$v_vni-0-4_LAN2_Unit-1__vlanId}', u'value': 611}, {u'isAutogeneratable': False, u'name': u'{$v_LAN9_IPv4__staticaddress}', u'value': u'192.169.119.1/24'}, {u'isAutogeneratable': False, u'name': u'{$v_LAN1_IPv4__staticaddress}', u'value': u'192.169.111.1/24'}, {u'isAutogeneratable': False, u'name': u'{$v_LAN5_IPv4__staticaddress}', u'value': u'192.169.115.1/24'}, {u'isAutogeneratable': False, u'name': u'{$v_vni-0-4_LAN3_Unit-2__vlanId}', u'value': 612}, {u'isAutogeneratable': True, u'name': u'{$v_latitude__IdLatitude}', u'value': 12.971599}, {u'isAutogeneratable': True, u'name': u'{$v_identification__IdName}', u'value': u'CPE12'}, {u'isAutogeneratable': False, u'name': u'{$v_vni-0-4_LAN4_Unit-3__vlanId}', u'value': 613}, {u'isAutogeneratable': False, u'name': u'{$v_LAN7_IPv4__staticaddress}', u'value': u'192.169.117.1/24'}, {u'isAutogeneratable': True, u'isOverwritten': True, u'name': u'{$v_tvi-0-250_-_Unit_0_Static_address__tunnelStaticAddress}', u'value': u'10.10.125.12/32'}, {u'isAutogeneratable': False, u'name': u'{$v_INT-WAN-Transport-VR_IPv4__vrHopAddress}', u'value': u'172.16.6.45'}, {u'isAutogeneratable': False, u'name': u'{$v_LAN3_IPv4__staticaddress}', u'value': u'192.169.113.1/24'}, {u'isAutogeneratable': False, u'name': u'{$v_vni-0-4_LAN7_Unit-6__unit}', u'value': 616}, {u'isAutogeneratable': False, u'name': u'{$v_vni-0-4_LAN4_Unit-3__unit}', u'value': 613}, {u'isAutogeneratable': True, u'name': u'{$v_Chassis_Id__sitesChassisId}', u'value': u'AUTOKSA1812012'}, {u'isAutogeneratable': True, u'name': u'{$v_JAPAN_Site_Name__sitesSiteName}', u'value': u'CPE12'}, {u'isAutogeneratable': True, u'name': u'{$v_longitude__Idlongitude}', u'value': 77.594563}, {u'isAutogeneratable': False, u'name': u'{$v_vni-0-4_LAN10_Unit-9__unit}', u'value': 619}, {u'isAutogeneratable': False, u'name': u'{$v_LAN8_IPv4__staticaddress}', u'value': u'192.169.118.1/24'}, {u'isAutogeneratable': True, u'name': u'{$v_JAPAN_NV-WC02-N2-BLR_Local_auth_email_identifier__IKELIdentifier}', u'value': u'CPE12@colt.net'}, {u'isAutogeneratable': True, u'name': u'{$v_location__IdLocation}', u'value': u'bangalore,karnataka, india'}, {u'isAutogeneratable': False, u'name': u'{$v_vni-0-4_LAN9_Unit-8__unit}', u'value': 618}, {u'isAutogeneratable': False, u'name': u'{$v_vni-0-4_LAN5_Unit-4__vlanId}', u'value': 614}, {u'isAutogeneratable': False, u'name': u'{$v_MPLS-WAN-Transport-VR_IPv4__vrHopAddress}', u'value': u'172.16.7.45'}, {u'isAutogeneratable': False, u'name': u'{$v_vni-0-4_LAN8_Unit-7__unit}', u'value': 617}, {u'isAutogeneratable': False, u'name': u'{$v_vni-0-4_LAN1_Unit-0__unit}', u'value': 610}, {u'isAutogeneratable': True, u'name': u'{$v_Site_Id__siteSiteID}', u'value': 1627}, {u'isAutogeneratable': False, u'name': u'{$v_vni-0-4_LAN3_Unit-2__unit}', u'value': 612}, {u'isAutogeneratable': False, u'name': u'{$v_MPLS-WAN_IPv4__staticaddress}', u'value': u'172.16.7.46/30'}, {u'isAutogeneratable': True, u'name': u'{$v_JAPAN_NV-WC01-N2-BLR_Local_auth_email_key__IKELKey}', u'value': u'CPE12'}, {u'isAutogeneratable': False, u'name': u'{$v_vni-0-4_LAN7_Unit-6__vlanId}', u'value': 616}, {u'isAutogeneratable': False, u'name': u'{$v_vni-0-4_LAN6_Unit-5__unit}', u'value': 615}, {u'isAutogeneratable': False, u'name': u'{$v_LAN6_IPv4__staticaddress}', u'value': u'192.169.116.1/24'}, {u'isAutogeneratable': True, u'name': u'{$v_JAPAN_NV-WC02-N2-BLR_Local_auth_email_key__IKELKey}', u'value': u'CPE12'}]}, u'template': u'JAPAN-BLR-PS-HS-LIB'}, u'variableMetadata': [{u'variable': u'{$v_vni-0-4_LAN1_Unit-0__vlanId}', u'type': u'INTEGER', u'group': u'Vlan Info', u'overlay': False}, {u'variable': u'{$v_INT-WAN_IPv4__staticaddress}', u'type': u'IPV4_MASK', u'group': u'Interfaces', u'overlay': False}, {u'variable': u'{$v_JAPAN-Control-VR_125_Local_address__vrRouterAddress}', u'type': u'IPV4', u'group': u'Virtual routers', u'overlay': True}, {u'variable': u'{$v_vni-0-4_LAN6_Unit-5__vlanId}', u'type': u'INTEGER', u'group': u'Vlan Info', u'overlay': False}, {u'variable': u'{$v_vni-0-4_LAN9_Unit-8__vlanId}', u'type': u'INTEGER', u'group': u'Vlan Info', u'overlay': False}, {u'variable': u'{$v_LAN2_IPv4__staticaddress}', u'type': u'IPV4_MASK', u'group': u'Interfaces', u'overlay': False}, {u'variable': u'{$v_tvi-0-251_-_Unit_0_Static_address__tunnelStaticAddress}', u'type': u'IPV4_IPV6_MASK', u'group': u'Interfaces', u'overlay': True}, {u'variable': u'{$v_vni-0-4_LAN10_Unit-9__vlanId}', u'type': u'INTEGER', u'group': u'Vlan Info', u'overlay': False}, {u'variable': u'{$v_JAPAN_NV-WC01-N2-BLR_Local_auth_email_identifier__IKELIdentifier}', u'group': u'IPSEC', u'overlay': False}, {u'variable': u'{$v_vni-0-4_LAN2_Unit-1__unit}', u'type': u'INTEGER', u'group': u'Vlan Info', u'overlay': False}, {u'variable': u'{$v_vni-0-4_LAN5_Unit-4__unit}', u'type': u'INTEGER', u'group': u'Vlan Info', u'overlay': False}, {u'variable': u'{$v_LAN10_IPv4__staticaddress}', u'type': u'IPV4_MASK', u'group': u'Interfaces', u'overlay': False}, {u'variable': u'{$v_JAPAN-Control-VR_125_Router_ID__vrRouteId}', u'type': u'IPV4', u'group': u'Virtual routers', u'overlay': True}, {u'variable': u'{$v_vni-0-4_LAN8_Unit-7__vlanId}', u'type': u'INTEGER', u'group': u'Vlan Info', u'overlay': False}, {u'variable': u'{$v_LAN4_IPv4__staticaddress}', u'type': u'IPV4_MASK', u'group': u'Interfaces', u'overlay': False}, {u'variable': u'{$v_vni-0-4_LAN2_Unit-1__vlanId}', u'type': u'INTEGER', u'group': u'Vlan Info', u'overlay': False}, {u'variable': u'{$v_LAN9_IPv4__staticaddress}', u'type': u'IPV4_MASK', u'group': u'Interfaces', u'overlay': False}, {u'variable': u'{$v_LAN1_IPv4__staticaddress}', u'type': u'IPV4_MASK', u'group': u'Interfaces', u'overlay': False}, {u'variable': u'{$v_LAN5_IPv4__staticaddress}', u'type': u'IPV4_MASK', u'group': u'Interfaces', u'overlay': False}, {u'variable': u'{$v_vni-0-4_LAN3_Unit-2__vlanId}', u'type': u'INTEGER', u'group': u'Vlan Info', u'overlay': False}, {u'variable': u'{$v_latitude__IdLatitude}', u'group': u'SDWAN', u'overlay': False}, {u'variable': u'{$v_identification__IdName}', u'group': u'SDWAN', u'overlay': False}, {u'variable': u'{$v_vni-0-4_LAN4_Unit-3__vlanId}', u'type': u'INTEGER', u'group': u'Vlan Info', u'overlay': False}, {u'variable': u'{$v_LAN7_IPv4__staticaddress}', u'type': u'IPV4_MASK', u'group': u'Interfaces', u'overlay': False}, {u'variable': u'{$v_tvi-0-250_-_Unit_0_Static_address__tunnelStaticAddress}', u'type': u'IPV4_IPV6_MASK', u'group': u'Interfaces', u'overlay': True}, {u'variable': u'{$v_INT-WAN-Transport-VR_IPv4__vrHopAddress}', u'type': u'IPV4_IPV6', u'group': u'Virtual routers', u'overlay': False}, {u'variable': u'{$v_LAN3_IPv4__staticaddress}', u'type': u'IPV4_MASK', u'group': u'Interfaces', u'overlay': False}, {u'variable': u'{$v_vni-0-4_LAN7_Unit-6__unit}', u'type': u'INTEGER', u'group': u'Vlan Info', u'overlay': False}, {u'variable': u'{$v_vni-0-4_LAN4_Unit-3__unit}', u'type': u'INTEGER', u'group': u'Vlan Info', u'overlay': False}, {u'variable': u'{$v_Chassis_Id__sitesChassisId}', u'group': u'SDWAN', u'overlay': False}, {u'variable': u'{$v_JAPAN_Site_Name__sitesSiteName}', u'group': u'SDWAN', u'overlay': False}, {u'variable': u'{$v_longitude__Idlongitude}', u'group': u'SDWAN', u'overlay': False}, {u'variable': u'{$v_vni-0-4_LAN10_Unit-9__unit}', u'type': u'INTEGER', u'group': u'Vlan Info', u'overlay': False}, {u'variable': u'{$v_LAN8_IPv4__staticaddress}', u'type': u'IPV4_MASK', u'group': u'Interfaces', u'overlay': False}, {u'variable': u'{$v_JAPAN_NV-WC02-N2-BLR_Local_auth_email_identifier__IKELIdentifier}', u'group': u'IPSEC', u'overlay': False}, {u'variable': u'{$v_location__IdLocation}', u'group': u'SDWAN', u'overlay': False}, {u'variable': u'{$v_vni-0-4_LAN9_Unit-8__unit}', u'type': u'INTEGER', u'group': u'Vlan Info', u'overlay': False}, {u'variable': u'{$v_vni-0-4_LAN5_Unit-4__vlanId}', u'type': u'INTEGER', u'group': u'Vlan Info', u'overlay': False}, {u'variable': u'{$v_MPLS-WAN-Transport-VR_IPv4__vrHopAddress}', u'type': u'IPV4_IPV6', u'group': u'Virtual routers', u'overlay': False}, {u'variable': u'{$v_vni-0-4_LAN8_Unit-7__unit}', u'type': u'INTEGER', u'group': u'Vlan Info', u'overlay': False}, {u'variable': u'{$v_vni-0-4_LAN1_Unit-0__unit}', u'type': u'INTEGER', u'group': u'Vlan Info', u'overlay': False}, {u'variable': u'{$v_Site_Id__siteSiteID}', u'group': u'SDWAN', u'overlay': False}, {u'variable': u'{$v_vni-0-4_LAN3_Unit-2__unit}', u'type': u'INTEGER', u'group': u'Vlan Info', u'overlay': False}, {u'variable': u'{$v_MPLS-WAN_IPv4__staticaddress}', u'type': u'IPV4_MASK', u'group': u'Interfaces', u'overlay': False}, {u'variable': u'{$v_JAPAN_NV-WC01-N2-BLR_Local_auth_email_key__IKELKey}', u'group': u'IPSEC', u'overlay': False}, {u'variable': u'{$v_vni-0-4_LAN7_Unit-6__vlanId}', u'type': u'INTEGER', u'group': u'Vlan Info', u'overlay': False}, {u'variable': u'{$v_vni-0-4_LAN6_Unit-5__unit}', u'type': u'INTEGER', u'group': u'Vlan Info', u'overlay': False}, {u'variable': u'{$v_LAN6_IPv4__staticaddress}', u'type': u'IPV4_MASK', u'group': u'Interfaces', u'overlay': False}, {u'variable': u'{$v_JAPAN_NV-WC02-N2-BLR_Local_auth_email_key__IKELKey}', u'group': u'IPSEC', u'overlay': False}]}, u'templateName': u'JAPAN-BLR-PS-HS-LIB'}, u'deviceName': u'CPE12', u'deviceGroup': u'JAPAN-BLR-PS-HS-LIB-DG', u'orgName': u'JAPAN', u'serialNumber': u'AUTOKSA1812012', u'locationInfo': {u'latitude': 12.971599, u'country': u'india', u'state': u'karnataka', u'longitude': 77.594563, u'city': u'bangalore'}, u'siteId': 1627, u'instanceInfo': u'', u'stagingTemplateInfo': u'', u'urlztpBasedInfo': {u'authType': u'psk', u'enableIpv4Dhcp': False, u'branchKey': u'pA04xTWJdbcwD4Oe', u'branchId': u'CPE12@JAPAN.com', u'enableIpv6': False, u'enableIpv4': False, u'enableIpv6Dhcp': False}}}
2019-03-04 16:10:21,311 - CPE12 - INFO - configure private
Entering configuration mode private
[ok][2019-03-04 12:14:15]

[edit]
Administrator@Versa-Dir-BLR-1% 
2019-03-04 16:10:21,311 - CPE12 - INFO - configure private
Entering configuration mode private
[ok][2019-03-04 12:14:15]

[edit]
Administrator@Versa-Dir-BLR-1% 
2019-03-04 16:10:21,413 - CPE12 - INFO - True
2019-03-04 16:10:21,413 - CPE12 - INFO - True
2019-03-04 16:10:22,216 - CPE12 - INFO - set devices device NV-WC02-N2-BLR config orgs org-services Colt ipsec vpn-profile STAGING-MPLS psk-auth-clients remote-client JAPAN-CPE12@colt.net id-type email
[ok][2019-03-04 12:14:16]

[edit]
Administrator@Versa-Dir-BLR-1% 
2019-03-04 16:10:22,216 - CPE12 - INFO - set devices device NV-WC02-N2-BLR config orgs org-services Colt ipsec vpn-profile STAGING-MPLS psk-auth-clients remote-client JAPAN-CPE12@colt.net id-type email
[ok][2019-03-04 12:14:16]

[edit]
Administrator@Versa-Dir-BLR-1% 
2019-03-04 16:10:23,018 - CPE12 - INFO - set devices device NV-WC02-N2-BLR config orgs org-services Colt ipsec vpn-profile STAGING-MPLS psk-auth-clients remote-client JAPAN-CPE12@colt.net key CPE12
[ok][2019-03-04 12:14:17]

[edit]
Administrator@Versa-Dir-BLR-1% 
2019-03-04 16:10:23,018 - CPE12 - INFO - set devices device NV-WC02-N2-BLR config orgs org-services Colt ipsec vpn-profile STAGING-MPLS psk-auth-clients remote-client JAPAN-CPE12@colt.net key CPE12
[ok][2019-03-04 12:14:17]

[edit]
Administrator@Versa-Dir-BLR-1% 
2019-03-04 16:10:23,420 - CPE12 - INFO - commit and-quit
No modifications to commit.
[ok][2019-03-04 12:14:17]
Administrator@Versa-Dir-BLR-1> 
2019-03-04 16:10:23,420 - CPE12 - INFO - commit and-quit
No modifications to commit.
[ok][2019-03-04 12:14:17]
Administrator@Versa-Dir-BLR-1> 
2019-03-04 16:13:11,367 - CPE12 - INFO - sudo /opt/versa/scripts/staging.py -w 1 -c 10.63.151.90 -s 172.16.7.46/30 -g 172.16.7.45 -l JAPAN-CPE12@colt.net -lk CPE12  -r NV-WC02-N2-BLR@colt.net -rk NV-WC02-N2-BLR
2019-03-04 16:13:11,367 - CPE12 - INFO - sudo /opt/versa/scripts/staging.py -w 1 -c 10.63.151.90 -s 172.16.7.46/30 -g 172.16.7.45 -l JAPAN-CPE12@colt.net -lk CPE12  -r NV-WC02-N2-BLR@colt.net -rk NV-WC02-N2-BLR
2019-03-04 16:26:02,964 - CPE12 - INFO - {'ownerOrg': u'JAPAN', 'name': u'CPE12', 'ipAddress': u'20.20.125.12', 'packageName': u'versa-flexvnf-20180508-110517-d1653f6-16.1R2S2.2-wsm', 'ping_status': u'REACHABLE', 'controllers': [u'NV-WC01-N2-BLR'], 'softwareVersion': u'16.1-R2-S2.2 d1653f6 20180508', 'sync_status': u'IN_SYNC', 'model': u'FWA-2320', 'type': u'branch', 'serialNo': u'AUTOKSA1812012', 'uuid': u'49ea431f-1272-45a7-9de2-00345120277d'}
2019-03-04 16:26:02,964 - CPE12 - INFO - {'ownerOrg': u'JAPAN', 'name': u'CPE12', 'ipAddress': u'20.20.125.12', 'packageName': u'versa-flexvnf-20180508-110517-d1653f6-16.1R2S2.2-wsm', 'ping_status': u'REACHABLE', 'controllers': [u'NV-WC01-N2-BLR'], 'softwareVersion': u'16.1-R2-S2.2 d1653f6 20180508', 'sync_status': u'IN_SYNC', 'model': u'FWA-2320', 'type': u'branch', 'serialNo': u'AUTOKSA1812012', 'uuid': u'49ea431f-1272-45a7-9de2-00345120277d'}
