2019-09-16 15:55:16,684 - CPE27-HKG2-SINGLE-CPE-DUAL-INTERNET15 - INFO - LOG FILE PATH : C:\Softwares_mine\stefano\NV_REPOSITORY\csit/LOGS/2019_09_16_15_55_13_761000/MAIN.log
2019-09-16 15:55:16,684 - CPE27-HKG2-SINGLE-CPE-DUAL-INTERNET15 - INFO - CPE NAME:CPE27-HKG2-SINGLE-CPE-DUAL-INTERNET15
2019-09-16 15:55:17,687 - CPE27-HKG2-SINGLE-CPE-DUAL-INTERNET15 - INFO - SOLUTION SELECTED:SINGLE-CPE-DUAL-INTERNET
2019-09-16 15:55:18,861 - CPE27-HKG2-SINGLE-CPE-DUAL-INTERNET15 - DEBUG - {u'versanms.sdwan-org-workflow': {u'ikeAuthType': u'psk', u'globalId': 90, u'orgName': u'IPC00190', u'controllers': [u'NV-WC01-N1-HKG', u'NV-WC01-N6-SIN', u'NV-WC02-N1-HKG', u'NV-WC02-N6-SIN'], u'bandwidth': 10, u'parentOrg': u'Colt', u'vrfs': [{u'name': u'LAN1-VRF', u'enableVPN': True, u'id': 1020}, {u'name': u'LAN2-VRF', u'enableVPN': True, u'id': 1021}, {u'name': u'LAN3-VRF', u'enableVPN': True, u'id': 1022}, {u'name': u'LAN4-VRF', u'enableVPN': True, u'id': 1023}, {u'name': u'LAN5-VRF', u'enableVPN': True, u'id': 1024}, {u'name': u'LAN6-VRF', u'enableVPN': True, u'id': 1025}, {u'name': u'LAN7-VRF', u'enableVPN': True, u'id': 1026}, {u'name': u'LAN8-VRF', u'enableVPN': True, u'id': 1027}, {u'name': u'LAN9-VRF', u'enableVPN': True, u'id': 1028}, {u'name': u'LAN10-VRF', u'enableVPN': True, u'id': 1029}], u'solutionTier': u'base-sdwan', u'sharedControlPlane': False}}
2019-09-16 15:55:18,875 - CPE27-HKG2-SINGLE-CPE-DUAL-INTERNET15 - INFO - STEP : CHECK ORG is available in Controller NV-WC01-N1-HKG
2019-09-16 15:55:18,875 - CPE27-HKG2-SINGLE-CPE-DUAL-INTERNET15 - INFO - PASS
2019-09-16 15:55:19,176 - CPE27-HKG2-SINGLE-CPE-DUAL-INTERNET15 - DEBUG - {u'versanms.sdwan-org-workflow': {u'ikeAuthType': u'psk', u'globalId': 90, u'orgName': u'IPC00190', u'controllers': [u'NV-WC01-N1-HKG', u'NV-WC01-N6-SIN', u'NV-WC02-N1-HKG', u'NV-WC02-N6-SIN'], u'bandwidth': 10, u'parentOrg': u'Colt', u'vrfs': [{u'name': u'LAN1-VRF', u'enableVPN': True, u'id': 1020}, {u'name': u'LAN2-VRF', u'enableVPN': True, u'id': 1021}, {u'name': u'LAN3-VRF', u'enableVPN': True, u'id': 1022}, {u'name': u'LAN4-VRF', u'enableVPN': True, u'id': 1023}, {u'name': u'LAN5-VRF', u'enableVPN': True, u'id': 1024}, {u'name': u'LAN6-VRF', u'enableVPN': True, u'id': 1025}, {u'name': u'LAN7-VRF', u'enableVPN': True, u'id': 1026}, {u'name': u'LAN8-VRF', u'enableVPN': True, u'id': 1027}, {u'name': u'LAN9-VRF', u'enableVPN': True, u'id': 1028}, {u'name': u'LAN10-VRF', u'enableVPN': True, u'id': 1029}], u'solutionTier': u'base-sdwan', u'sharedControlPlane': False}}
2019-09-16 15:55:19,176 - CPE27-HKG2-SINGLE-CPE-DUAL-INTERNET15 - INFO - STEP : CHECK ORG is available in Controller NV-WC02-N6-SIN
2019-09-16 15:55:19,176 - CPE27-HKG2-SINGLE-CPE-DUAL-INTERNET15 - INFO - PASS
2019-09-16 15:55:19,532 - CPE27-HKG2-SINGLE-CPE-DUAL-INTERNET15 - DEBUG - {u'versanms.sdwan-org-workflow': {u'ikeAuthType': u'psk', u'globalId': 90, u'orgName': u'IPC00190', u'controllers': [u'NV-WC01-N1-HKG', u'NV-WC01-N6-SIN', u'NV-WC02-N1-HKG', u'NV-WC02-N6-SIN'], u'bandwidth': 10, u'parentOrg': u'Colt', u'vrfs': [{u'name': u'LAN1-VRF', u'enableVPN': True, u'id': 1020}, {u'name': u'LAN2-VRF', u'enableVPN': True, u'id': 1021}, {u'name': u'LAN3-VRF', u'enableVPN': True, u'id': 1022}, {u'name': u'LAN4-VRF', u'enableVPN': True, u'id': 1023}, {u'name': u'LAN5-VRF', u'enableVPN': True, u'id': 1024}, {u'name': u'LAN6-VRF', u'enableVPN': True, u'id': 1025}, {u'name': u'LAN7-VRF', u'enableVPN': True, u'id': 1026}, {u'name': u'LAN8-VRF', u'enableVPN': True, u'id': 1027}, {u'name': u'LAN9-VRF', u'enableVPN': True, u'id': 1028}, {u'name': u'LAN10-VRF', u'enableVPN': True, u'id': 1029}], u'solutionTier': u'base-sdwan', u'sharedControlPlane': False}}
2019-09-16 15:55:19,532 - CPE27-HKG2-SINGLE-CPE-DUAL-INTERNET15 - INFO - STEP : CHECK ORG is available in Controller NV-WC01-N6-SIN
2019-09-16 15:55:19,532 - CPE27-HKG2-SINGLE-CPE-DUAL-INTERNET15 - INFO - PASS
2019-09-16 15:55:19,532 - CPE27-HKG2-SINGLE-CPE-DUAL-INTERNET15 - INFO - STEP : POST STAGING TEMPLATE CREATION AND DEPLOYMENT

2019-09-16 15:55:19,563 - CPE27-HKG2-SINGLE-CPE-DUAL-INTERNET15 - DEBUG - {
  "versanms.sdwan-template-workflow": {
    "templateName": "YUT",
    "templateType": "sdwan-post-staging",
    "controllers": ["NV-WC01-N6-SIN", "NV-WC02-N6-SIN"],
    "providerOrg": {
      "name": "IPC00190",
      "statefulFW": true,
      "nextGenFW": false
    },
    "analyticsCluster": "LogCollectors-GGN",
    "deviceFirmfactor": "6",
    "wanInterfaces": [
      {
        "interfaceName": "vni-0/1",
        "pppoe": false,
        "unitInfo": [
          {
            "subUnit": 0,
            "vlanId": 0,
            "networkName": "INT-WAN1",
            "ipv4Static": true,
            "ipv4Dhcp": false,
            "ipv6Static": false,
            "ipv6Dhcp": false,
            "allowSSH": false,
            "monitor": {},
            "linkPriority": "",
            "transportDomains": [
              "INTERNET-TD"
            ]
          }
        ]
      },
      {
        "interfaceName": "vni-0/2",
        "pppoe": false,
        "unitInfo": [
          {
            "subUnit": 0,
            "vlanId": 0,
            "networkName": "INT-WAN2",
            "ipv4Static": true,
            "ipv4Dhcp": false,
            "ipv6Static": false,
            "ipv6Dhcp": false,
            "allowSSH": false,
            "monitor": {},
            "linkPriority": "",
            "transportDomains": [
              "INTERNET-TD"
            ]
          }
        ]
      }
    ],
    "deviceType": "full-mesh",
    "redundantPair": {
      "enable": false
    },
    "lanInterfaces": [
      {
		"interfaceName": "vni-0/4",
		"unitInfo": [
		{
			"subUnit": "{$v_vni-0-4_LAN1_Unit-0__unit}",
			"vlanId": "{$v_vni-0-4_LAN1_Unit-0__vlanId}",
			"networkName": "LAN1",
			"subOrganization": "IPC00190",
			"ipv4Static": true,
			"ipv4Dhcp": false,
			"ip6Static": false,
			"ipv6Dhcp": false,
			"vrfName": "LAN1-VRF",
			"zoneName": ""
		}
		
				,{
			"subUnit": "{$v_vni-0-4_LAN2_Unit-1__unit}",
			"vlanId": "{$v_vni-0-4_LAN2_Unit-1__vlanId}",
			"networkName": "LAN2",
			"subOrganization": "IPC00190",
			"ipv4Static": true,
			"ipv4Dhcp": false,
			"ip6Static": false,
			"ipv6Dhcp": false,
			"vrfName": "LAN2-VRF",
			"zoneName": ""
		}
		
	]
	}
    ],
    "solutionTier": "standard-sdwan",
    "bandwidth": 1000,
    "customParams": [],
    "minimumImageVersion": "16.1R2-S9",
    "isAnalyticsEnabled": true,
    "isPrimary": true,
    "diaConfig": {
      
      "loadBalance": false},
    "splitTunnels": [
    {
        "vrfName": "LAN1-VRF",
        "wanNetworkName": "INT-WAN1",
        "dia": true,
        "gateway": false
      },
      {
        "vrfName": "LAN1-VRF",
        "wanNetworkName": "INT-WAN2",
        "dia": true,
        "gateway": false
      }
    
    ,{
        "vrfName": "LAN2-VRF",
        "wanNetworkName": "INT-WAN1",
        "dia": true,
        "gateway": false
      },
      {
        "vrfName": "LAN2-VRF",
        "wanNetworkName": "INT-WAN2",
        "dia": true,
        "gateway": false
      }
    
    ],
    "inBoundNats": []
  }
}
2019-09-16 15:55:20,598 - CPE27-HKG2-SINGLE-CPE-DUAL-INTERNET15 - DEBUG - <Response [200]>
2019-09-16 15:55:20,598 - CPE27-HKG2-SINGLE-CPE-DUAL-INTERNET15 - DEBUG - 
PASS
2019-09-16 15:55:20,598 - CPE27-HKG2-SINGLE-CPE-DUAL-INTERNET15 - INFO - 
 >>>>>>>>>> POST STAGING TEMPLATE CREATION PASSED. <<<<<<<<<<<

2019-09-16 15:55:25,668 - CPE27-HKG2-SINGLE-CPE-DUAL-INTERNET15 - DEBUG - [{"organization":"IPC00190","serviceTemplate":"COMMON-SFW-TEMPLATE2"}]
2019-09-16 15:55:25,792 - CPE27-HKG2-SINGLE-CPE-DUAL-INTERNET15 - DEBUG - <Response [200]>
2019-09-16 15:55:25,792 - CPE27-HKG2-SINGLE-CPE-DUAL-INTERNET15 - DEBUG - 
PASS
2019-09-16 15:55:25,792 - CPE27-HKG2-SINGLE-CPE-DUAL-INTERNET15 - INFO - 
 >>>>>>>>>> FW ASSOCIATION WITH POST STAGING TEMPLATE PASSED. <<<<<<<<<<<

2019-09-16 15:55:44,881 - CPE27-HKG2-SINGLE-CPE-DUAL-INTERNET15 - DEBUG - <Response [200]>
2019-09-16 15:55:49,894 - CPE27-HKG2-SINGLE-CPE-DUAL-INTERNET15 - DEBUG - 
PASS
2019-09-16 15:55:49,894 - CPE27-HKG2-SINGLE-CPE-DUAL-INTERNET15 - INFO - 
 >>>>>>>>>> POST STAGING TEMPLATE DEPLOY PASSED. <<<<<<<<<<<

2019-09-16 15:55:55,372 - CPE27-HKG2-SINGLE-CPE-DUAL-INTERNET15 - DEBUG - {u'versanms.sdwan-template-workflow': {u'providerOrg': {u'nextGenFW': False, u'name': u'IPC00190', u'statefulFW': True}, u'snmp': {u'snmpV1': False, u'snmpV2': False, u'snmpV3': False}, u'minimumImageVersion': u'16.1R2-S9', u'wanInterfaces': [{u'unitInfo': [{u'ipv6Dhcp': False, u'monitor': {u'monitorNexthop': False}, u'allowSSH': False, u'ipv4Static': True, u'DIA': False, u'vlanId': 0, u'transportDomains': [u'INTERNET-TD'], u'ipv4Dhcp': False, u'ipv6rs': False, u'subUnit': 0, u'networkName': u'INT-WAN1', u'ipv6Static': False}], u'interfaceName': u'vni-0/1', u'pppoe': False}, {u'unitInfo': [{u'ipv6Dhcp': False, u'monitor': {u'monitorNexthop': False}, u'allowSSH': False, u'ipv4Static': True, u'DIA': False, u'vlanId': 0, u'transportDomains': [u'INTERNET-TD'], u'ipv4Dhcp': False, u'ipv6rs': False, u'subUnit': 0, u'networkName': u'INT-WAN2', u'ipv6Static': False}], u'interfaceName': u'vni-0/2', u'pppoe': False}], u'diaConfig': {u'loadBalance': False, u'dia': False}, u'templateName': u'YUT', u'isPrimary': True, u'isAnalyticsEnabled': True, u'lanInterfaces': [{u'unitInfo': [{u'ipv6Dhcp': False, u'ipv4DhcpServer': False, u'vrfName': u'LAN1-VRF', u'ipv6ra': False, u'ipv4Static': True, u'DIA': False, u'vlanId': u'{$v_vni-0-4_LAN1_Unit-0__vlanId}', u'ip6Static': False, u'ipv4Dhcp': False, u'subOrganization': u'IPC00190', u'subUnit': u'{$v_vni-0-4_LAN1_Unit-0__unit}', u'networkName': u'LAN1', u'dhcpV4Relay': False}, {u'ipv6Dhcp': False, u'ipv4DhcpServer': False, u'vrfName': u'LAN2-VRF', u'ipv6ra': False, u'ipv4Static': True, u'DIA': False, u'vlanId': u'{$v_vni-0-4_LAN2_Unit-1__vlanId}', u'ip6Static': False, u'ipv4Dhcp': False, u'subOrganization': u'IPC00190', u'subUnit': u'{$v_vni-0-4_LAN2_Unit-1__unit}', u'networkName': u'LAN2', u'dhcpV4Relay': False}], u'interfaceName': u'vni-0/4'}], u'bandwidth': 1000, u'controllers': [u'NV-WC01-N6-SIN', u'NV-WC02-N6-SIN'], u'templateType': u'sdwan-post-staging', u'deviceType': u'full-mesh', u'redundantPair': {u'vrrp': True, u'enable': False, u'cloudCPE': False}, u'solutionTier': u'standard-sdwan', u'deviceFirmfactor': 6, u'analyticsCluster': u'LogCollectors-GGN', u'splitTunnels': [{u'wanNetworkName': u'INT-WAN1', u'vrfName': u'LAN1-VRF', u'dia': True, u'gateway': False}, {u'wanNetworkName': u'INT-WAN2', u'vrfName': u'LAN1-VRF', u'dia': True, u'gateway': False}, {u'wanNetworkName': u'INT-WAN1', u'vrfName': u'LAN2-VRF', u'dia': True, u'gateway': False}, {u'wanNetworkName': u'INT-WAN2', u'vrfName': u'LAN2-VRF', u'dia': True, u'gateway': False}]}}
2019-09-16 15:55:55,512 - CPE27-HKG2-SINGLE-CPE-DUAL-INTERNET15 - DEBUG - [{u'category': u'stateful-firewall', u'organization': u'IPC00190', u'serviceTemplate': u'COMMON-SFW-TEMPLATE2', u'id': 273, u'templateName': u'YUT'}]
2019-09-16 15:56:05,325 - CPE27-HKG2-SINGLE-CPE-DUAL-INTERNET15 - DEBUG - <netmiko.versa.versa.VersaSSH object at 0x000000000D490F28>
2019-09-16 15:56:10,546 - CPE27-HKG2-SINGLE-CPE-DUAL-INTERNET15 - DEBUG - versa: Automated@VDir-BLR-NEW-01>
2019-09-16 15:56:10,548 - CPE27-HKG2-SINGLE-CPE-DUAL-INTERNET15 - DEBUG - set devices template YUT config interfaces vni vni-0/1 description "INT-WAN1"
set devices template YUT config interfaces vni vni-0/2 description "INT-WAN2"

set devices template YUT config system vnf-manager ip-addresses [ 10.92.116.67/32 10.92.116.68/32 ]
set devices template YUT config routing-instances routing-instance IPC00190-Control-VR protocols bgp bgp 90 hold-time 90
set devices template YUT config routing-instances routing-instance IPC00190-Control-VR protocols bgp bgp 90 graceful-restart enable
set devices template YUT config routing-instances routing-instance IPC00190-Control-VR protocols bgp bgp 90 graceful-restart maximum-restart-time 120
set devices template YUT config routing-instances routing-instance IPC00190-Control-VR protocols bgp bgp 90 graceful-restart recovery-time 120
set devices template YUT config routing-instances routing-instance IPC00190-Control-VR protocols bgp bgp 90 graceful-restart select-defer-time 120
set devices template YUT config routing-instances routing-instance IPC00190-Control-VR protocols bgp bgp 90 graceful-restart stalepath-time 120
set devices template YUT config routing-instances routing-instance IPC00190-Control-VR protocols bgp bgp 90 graceful-restart dynamic-peer-restart-time 0

set devices template YUT config routing-instances routing-instance IPC00190-Control-VR protocols bgp bgp 90 routing-peer-policy Import-From-SDWAN-Policy term 1GW1 match family inet-vpn
set devices template YUT config routing-instances routing-instance IPC00190-Control-VR protocols bgp bgp 90 routing-peer-policy Import-From-SDWAN-Policy term 1GW1 match community "(^|,)([0-9]*:11)($|,)"
set devices template YUT config routing-instances routing-instance IPC00190-Control-VR protocols bgp bgp 90 routing-peer-policy Import-From-SDWAN-Policy term 1GW1 action filter accept
set devices template YUT config routing-instances routing-instance IPC00190-Control-VR protocols bgp bgp 90 routing-peer-policy Import-From-SDWAN-Policy term 1GW1 action community 8009:8009
set devices template YUT config routing-instances routing-instance IPC00190-Control-VR protocols bgp bgp 90 routing-peer-policy Import-From-SDWAN-Policy term 1GW1 action community-action set-specific
set devices template YUT config routing-instances routing-instance IPC00190-Control-VR protocols bgp bgp 90 routing-peer-policy Import-From-SDWAN-Policy term 1GW1 action set-local-preference 80
set devices template YUT config routing-instances routing-instance IPC00190-Control-VR protocols bgp bgp 90 routing-peer-policy Import-From-SDWAN-Policy term 2GW2 match family inet-vpn
set devices template YUT config routing-instances routing-instance IPC00190-Control-VR protocols bgp bgp 90 routing-peer-policy Import-From-SDWAN-Policy term 2GW2 match community "(^|,)([0-9]*:12)($|,)"
set devices template YUT config routing-instances routing-instance IPC00190-Control-VR protocols bgp bgp 90 routing-peer-policy Import-From-SDWAN-Policy term 2GW2 action filter accept
set devices template YUT config routing-instances routing-instance IPC00190-Control-VR protocols bgp bgp 90 routing-peer-policy Import-From-SDWAN-Policy term 2GW2 action community 8009:8009
set devices template YUT config routing-instances routing-instance IPC00190-Control-VR protocols bgp bgp 90 routing-peer-policy Import-From-SDWAN-Policy term 2GW2 action community-action set-specific
set devices template YUT config routing-instances routing-instance IPC00190-Control-VR protocols bgp bgp 90 routing-peer-policy Import-From-SDWAN-Policy term 2GW2 action set-local-preference 60
move devices template YUT config routing-instances routing-instance IPC00190-Control-VR protocols bgp bgp 90 routing-peer-policy Import-From-SDWAN-Policy term 2GW2 first
move devices template YUT config routing-instances routing-instance IPC00190-Control-VR protocols bgp bgp 90 routing-peer-policy Import-From-SDWAN-Policy term 1GW1 first

set devices template YUT config routing-instances routing-instance IPC00190-Control-VR protocols bgp bgp 90 routing-peer-policy TO_SDWAN term Wildcard match family inet-vpn
set devices template YUT config routing-instances routing-instance IPC00190-Control-VR protocols bgp bgp 90 routing-peer-policy TO_SDWAN term Wildcard action filter accept
set devices template YUT config routing-instances routing-instance IPC00190-Control-VR protocols bgp bgp 90 routing-peer-policy TO_SDWAN term Wildcard action community 65:10
set devices template YUT config routing-instances routing-instance IPC00190-Control-VR protocols bgp bgp 90 routing-peer-policy TO_SDWAN term Wildcard action community-action set-specific
set devices template YUT config routing-instances routing-instance IPC00190-Control-VR protocols bgp bgp 90 routing-peer-policy TO_SDWAN term VersaPvt-Wildcard match family versa-private
set devices template YUT config routing-instances routing-instance IPC00190-Control-VR protocols bgp bgp 90 routing-peer-policy TO_SDWAN term VersaPvt-Wildcard action filter accept
set devices template YUT config routing-instances routing-instance IPC00190-Control-VR protocols bgp bgp 90 routing-peer-policy TO_SDWAN term VersaPvt-Wildcard action community 65:10
set devices template YUT config routing-instances routing-instance IPC00190-Control-VR protocols bgp bgp 90 routing-peer-policy TO_SDWAN term VersaPvt-Wildcard action community-action set-specific
set devices template YUT config routing-instances routing-instance IPC00190-Control-VR protocols bgp bgp 90 group Controllers-Group family inet unicast
set devices template YUT config routing-instances routing-instance IPC00190-Control-VR protocols bgp bgp 90 group Controllers-Group export TO_SDWAN

set devices template YUT config orgs org-services IPC00190 class-of-service qos-policies qos-policy-group Default-Policy rules qos-policy IPSEC_IN match source zone zone-list [ Intf-INT-WAN1-Zone Intf-INT-WAN2-Zone ]
set devices template YUT config orgs org-services IPC00190 class-of-service qos-policies qos-policy-group Default-Policy rules qos-policy IPSEC_IN match services predefined-services-list [ ESP ICMP ]
set devices template YUT config orgs org-services IPC00190 class-of-service qos-policies qos-policy-group Default-Policy rules qos-policy IPSEC_IN match services services-list [ IPSEC IPSecAH ]
set devices template YUT config orgs org-services IPC00190 class-of-service qos-policies qos-policy-group Default-Policy rules qos-policy IPSEC_IN set action allow
set devices template YUT config orgs org-services IPC00190 class-of-service qos-policies qos-policy-group Default-Policy rules qos-policy IPSEC_OUT match destination zone zone-list [ Intf-INT-WAN1-Zone Intf-INT-WAN2-Zone ]
set devices template YUT config orgs org-services IPC00190 class-of-service qos-policies qos-policy-group Default-Policy rules qos-policy IPSEC_OUT match services predefined-services-list [ ESP ICMP ]
set devices template YUT config orgs org-services IPC00190 class-of-service qos-policies qos-policy-group Default-Policy rules qos-policy IPSEC_OUT match services services-list [ IPSEC IPSIPSecAH ]
set devices template YUT config orgs org-services IPC00190 class-of-service qos-policies qos-policy-group Default-Policy rules qos-policy IPSEC_OUT set action allow
set devices template YUT config orgs org-services IPC00190 class-of-service qos-policies qos-policy-group Default-Policy rules qos-policy ARP_IN match source zone zone-list [ Intf-INT-WAN1-Zone Intf-INT-WAN2-Zone ]
set devices template YUT config orgs org-services IPC00190 class-of-service qos-policies qos-policy-group Default-Policy rules qos-policy ARP_IN match ether-type ARP
set devices template YUT config orgs org-services IPC00190 class-of-service qos-policies qos-policy-group Default-Policy rules qos-policy ARP_IN set action allow
set devices template YUT config orgs org-services IPC00190 class-of-service qos-policies qos-policy-group Default-Policy rules qos-policy ARP_OUT match destination zone zone-list [ Intf-INT-WAN1-Zone Intf-INT-WAN2-Zone ]
set devices template YUT config orgs org-services IPC00190 class-of-service qos-policies qos-policy-group Default-Policy rules qos-policy ARP_OUT match ether-type ARP
set devices template YUT config orgs org-services IPC00190 class-of-service qos-policies qos-policy-group Default-Policy rules qos-policy ARP_OUT set action allow
set devices template YUT config orgs org-services IPC00190 class-of-service qos-policies qos-policy-group Default-Policy rules qos-policy DHCP_IN match source zone zone-list [ Intf-INT-WAN1-Zone Intf-INT-WAN2-Zone ]
set devices template YUT config orgs org-services IPC00190 class-of-service qos-policies qos-policy-group Default-Policy rules qos-policy DHCP_IN match services services-list [ DHCP-67 DHCP-68 ]
set devices template YUT config orgs org-services IPC00190 class-of-service qos-policies qos-policy-group Default-Policy rules qos-policy DHCP_IN set action allow
set devices template YUT config orgs org-services IPC00190 class-of-service qos-policies qos-policy-group Default-Policy rules qos-policy DHCP_OUT match destination zone zone-list [ Intf-INT-WAN1-Zone Intf-INT-WAN2-Zone ]
set devices template YUT config orgs org-services IPC00190 class-of-service qos-policies qos-policy-group Default-Policy rules qos-policy DHCP_OUT match services services-list [ DHCP-67 DHCP-68 ]
set devices template YUT config orgs org-services IPC00190 class-of-service qos-policies qos-policy-group Default-Policy rules qos-policy DHCP_OUT set action allow

set devices template YUT config orgs org-services IPC00190 class-of-service qos-policies qos-policy-group Default-Policy rules qos-policy INT_OUT match source zone zone-list [ Intf-LAN1-Zone W-ST-LAN1-VRF-INT-WAN1 W-ST-LAN1-VRF-INT-WAN2 ]
set devices template YUT config orgs org-services IPC00190 class-of-service qos-policies qos-policy-group Default-Policy rules qos-policy INT_OUT match destination zone zone-list [ Intf-INT-WAN1-Zone Intf-INT-WAN2-Zone L-ST-LAN1-VRF-INT-WAN1 L-ST-LAN1-VRF-INT-WAN2 ]
set devices template YUT config orgs org-services IPC00190 class-of-service qos-policies qos-policy-group Default-Policy rules qos-policy INT_OUT set action allow
set devices template YUT config orgs org-services IPC00190 class-of-service qos-policies qos-policy-group Default-Policy rules qos-policy INT_IN match source zone zone-list [ Intf-INT-WAN1-Zone Intf-INT-WAN2-Zone L-ST-LAN1-VRF-INT-WAN1 L-ST-LAN1-VRF-INT-WAN2 ]
set devices template YUT config orgs org-services IPC00190 class-of-service qos-policies qos-policy-group Default-Policy rules qos-policy INT_IN set action allow

####################################################
#Note: INT_OUT and INT_IN are only incase of LIB. Also we need to modify the INT-OUT and INT_IN rules based on the number of VRFs required for LIBs.
####################################################

set devices template YUT config orgs org-services IPC00190 class-of-service qos-policies qos-policy-group Default-Policy rules qos-policy WAN_IN match source zone zone-list [ Intf-INT-WAN1-Zone Intf-INT-WAN2-Zone ]
set devices template YUT config orgs org-services IPC00190 class-of-service qos-policies qos-policy-group Default-Policy rules qos-policy WAN_IN set action deny
set devices template YUT config orgs org-services IPC00190 class-of-service qos-policies qos-policy-group Default-Policy rules qos-policy WAN_OUT match destination zone zone-list [ Intf-INT-WAN1-Zone Intf-INT-WAN2-Zone ]
set devices template YUT config orgs org-services IPC00190 class-of-service qos-policies qos-policy-group Default-Policy rules qos-policy WAN_OUT set action deny

set devices template YUT config orgs org-services IPC00190 objects services service IPSEC protocol UDP
set devices template YUT config orgs org-services IPC00190 objects services service IPSEC destination-port 4790,4500,500
set devices template YUT config orgs org-services IPC00190 objects services service IPSecAH protocol AH
set devices template YUT config orgs org-services IPC00190 objects services service IPSIPSecAH protocol AH
set devices template YUT config orgs org-services IPC00190 objects services service DHCP-67 protocol UDP
set devices template YUT config orgs org-services IPC00190 objects services service DHCP-67 port 67
set devices template YUT config orgs org-services IPC00190 objects services service DHCP-68 protocol UDP
set devices template YUT config orgs org-services IPC00190 objects services service DHCP-68 port 68

delete device template YUT config org org-services IPC00190 sd-wan policies sdwan-policy-group Default-Policy rules rule Default-Rule
set devices template YUT config org org-services IPC00190 sd-wan forwarding-profiles forwarding-profile DEFAULT-TRAFFIC-PROFILE circuit-priorities priority 1 circuit-names local [ INT-WAN1 INT-WAN2 ]
set devices template YUT config org org-services IPC00190 sd-wan forwarding-profiles forwarding-profile DEFAULT-TRAFFIC-PROFILE circuit-priorities priority 1 circuit-names remote [ INT-WAN INT-WAN1 INT-WAN2 ]
set devices template YUT config org org-services IPC00190 sd-wan forwarding-profiles forwarding-profile DEFAULT-TRAFFIC-PROFILE circuit-priorities priority 2 circuit-names local [ INT-WAN1 INT-WAN2 ]
set devices template YUT config org org-services IPC00190 sd-wan forwarding-profiles forwarding-profile DEFAULT-TRAFFIC-PROFILE circuit-priorities priority 2 circuit-names remote [ LTE-WAN ]
set devices template YUT config org org-services IPC00190 sd-wan forwarding-profiles forwarding-profile DEFAULT-TRAFFIC-PROFILE connection-selection-method weighted-round-robin
set devices template YUT config org org-services IPC00190 sd-wan forwarding-profiles forwarding-profile DEFAULT-TRAFFIC-PROFILE recompute-timer 40
set devices template YUT config org org-services IPC00190 sd-wan forwarding-profiles forwarding-profile DEFAULT-TRAFFIC-PROFILE encryption optional
set devices template YUT config org org-services IPC00190 sd-wan forwarding-profiles forwarding-profile DEFAULT-TRAFFIC-PROFILE symmetric-forwarding enable
set devices template YUT config org org-services IPC00190 sd-wan policies sdwan-policy-group Default-Policy rules rule DEFAULT-TRAFFIC-RULE description DEFAULT-TRAFFIC-RULE
set devices template YUT config org org-services IPC00190 sd-wan policies sdwan-policy-group Default-Policy rules rule DEFAULT-TRAFFIC-RULE set action allow
set devices template YUT config org org-services IPC00190 sd-wan policies sdwan-policy-group Default-Policy rules rule DEFAULT-TRAFFIC-RULE set forwarding-profile DEFAULT-TRAFFIC-PROFILE
delete devices template YUT config routing-instances routing-instance IPC00190-Control-VR routing-options static route
delete devices template YUT config orgs org-services IPC00190 security access-policies access-policy-group Default-Policy


#Below Lines should be applied depending on the Number LAN VRFs available. Below is the example for 10VRFs.

set devices template YUT config routing-instances routing-instance LAN1-VRF vrf-import-target target:1020L:10202
set devices template YUT config routing-instances routing-instance LAN1-VRF policy-options redistribution-policy Default-Policy-To-BGP term T3-STATIC match protocol static
set devices template YUT config routing-instances routing-instance LAN1-VRF policy-options redistribution-policy Default-Policy-To-BGP term T3-STATIC action filter accept
set devices template YUT config routing-instances routing-instance LAN1-VRF policy-options redistribution-policy Default-Policy-To-BGP term T3-STATIC action set-origin igp
set devices template YUT config routing-instances routing-instance LAN1-VRF policy-options redistribution-policy Default-Policy-To-BGP term T3-STATIC action set-local-preference 110
set devices template YUT config routing-instances routing-instance LAN2-VRF vrf-import-target target:1021L:10212
set devices template YUT config routing-instances routing-instance LAN2-VRF policy-options redistribution-policy Default-Policy-To-BGP term T3-STATIC match protocol static
set devices template YUT config routing-instances routing-instance LAN2-VRF policy-options redistribution-policy Default-Policy-To-BGP term T3-STATIC action filter accept
set devices template YUT config routing-instances routing-instance LAN2-VRF policy-options redistribution-policy Default-Policy-To-BGP term T3-STATIC action set-origin igp
set devices template YUT config routing-instances routing-instance LAN2-VRF policy-options redistribution-policy Default-Policy-To-BGP term T3-STATIC action set-local-preference 110
set devices template YUT config snmp usm local user coltuser auth sha password Colt1234

set devices template YUT config system time-zone Greenwich
set devices template YUT config confdConfig cli banner "Access to this network/system is limited to users authorised by Colt for its legitimate business purposes. Unauthorised access, use, installation of files or modification of any data is prohibited. Use of this system/network will be audited"
set devices template YUT config system users portal login shell role admin password yA:D#{}Vn9JE-?Qa
set devices template YUT config system users portal ssh-public-key portal contents "ssh-rsa AAAAB3NzaC1yc2EAAAADAQABAAABAQDo+WWU8BDyqZCYadUGElffuy1pkOo4nrg/yfOqV84G+ukVGf+SF48h+543zMxMmKTauHEqmSp+74IbSpN9buBom/BFpBTm3c66BErMmLNariqvfItG7CO9UBPqoXpUBAXnF/muohwe145jEyRRI4Lof2wK6F6qYjzTQHK+zp5IpV6D+VurfQ6fIQB2oUIj9c8OG3Zfyp33l9utdLCzR7Uo4OGt9GidMrO2mXSBWXb+L5o6MAiOB4EhKvVyG9O8+So7zHEcUI65bq3JWzLzM7w705ySVwitEeqCx2wS7v/2KNuHmI8kSQVOuXQ539V3PJThvlVPY7ABmrY5+4MZT+Fv novitas@colt.net"

set devices template YUT config system external-aaa auth-order remote-then-local
#set devices template YUT config system external-aaa tacacs-plus server 10.5.22.116 key C:ifiiape.
#set devices template YUT config system external-aaa tacacs-plus server 10.5.22.117 key C:ifiiape.
#set devices template YUT config system external-aaa tacacs-plus action [ accounting authentication ]
2019-09-16 15:57:00,404 - CPE27-HKG2-SINGLE-CPE-DUAL-INTERNET15 - DEBUG - configure
Entering configuration mode private
[ok][2019-09-16 10:26:12]

[edit]
Automated@VDir-BLR-NEW-01% set devices template YUT config interfaces vni vni-0/1 description "INT-WAN1"
[ok][2019-09-16 10:26:15]

[edit]
Automated@VDir-BLR-NEW-01% set devices template YUT config interfaces vni vni-0/2 description "INT-WAN2"
[ok][2019-09-16 10:26:15]

[edit]
Automated@VDir-BLR-NEW-01% 

[edit]
Automated@VDir-BLR-NEW-01% set devices template YUT config system vnf-manager ip-addresses [ 10.92.116.67/32 10.92.116.68/32 ]
[ok][2019-09-16 10:26:16]

[edit]
Automated@VDir-BLR-NEW-01% set devices template YUT config routing-instances routing-instance IPC00190-Control-VR protocols bgp bgp 90 hold-time 90
[ok][2019-09-16 10:26:16]

[edit]
Automated@VDir-BLR-NEW-01% set devices template YUT config routing-instances routing-instance IPC00190-Control-VR protocols bgp bgp 90 graceful-restart enable
[ok][2019-09-16 10:26:16]

[edit]
Automated@VDir-BLR-NEW-01% set devices template YUT config routing-instances routing-instance IPC00190-Control-VR protocols bgp bgp 90 graceful-restart maximum-restart-time 120
[ok][2019-09-16 10:26:17]

[edit]
Automated@VDir-BLR-NEW-01% set devices template YUT config routing-instances routing-instance IPC00190-Control-VR protocols bgp bgp 90 graceful-restart recovery-time 120
[ok][2019-09-16 10:26:17]

[edit]
Automated@VDir-BLR-NEW-01% set devices template YUT config routing-instances routing-instance IPC00190-Control-VR protocols bgp bgp 90 graceful-restart select-defer-time 120
[ok][2019-09-16 10:26:17]

[edit]
Automated@VDir-BLR-NEW-01% set devices template YUT config routing-instances routing-instance IPC00190-Control-VR protocols bgp bgp 90 graceful-restart stalepath-time 120
[ok][2019-09-16 10:26:18]

[edit]
Automated@VDir-BLR-NEW-01% set devices template YUT config routing-instances routing-instance IPC00190-Control-VR protocols bgp bgp 90 graceful-restart dynamic-peer-restart-time 0
[ok][2019-09-16 10:26:18]

[edit]
Automated@VDir-BLR-NEW-01% 

[edit]
Automated@VDir-BLR-NEW-01% set devices template YUT config routing-instances routing-instance IPC00190-Control-VR protocols bgp bgp 90 routing-peer-policy Import-From-SDWAN-Policy term 1GW1 match family inet-vpn
[ok][2019-09-16 10:26:18]

[edit]
Automated@VDir-BLR-NEW-01% set devices template YUT config routing-instances routing-instance IPC00190-Control-VR protocols bgp bgp 90 routing-peer-policy Import-From-SDWAN-Policy term 1GW1 match community "(^|,)([0-9]*:11)($|,)"
[ok][2019-09-16 10:26:19]

[edit]
Automated@VDir-BLR-NEW-01% set devices template YUT config routing-instances routing-instance IPC00190-Control-VR protocols bgp bgp 90 routing-peer-policy Import-From-SDWAN-Policy term 1GW1 action filter accept
[ok][2019-09-16 10:26:19]

[edit]
Automated@VDir-BLR-NEW-01% set devices template YUT config routing-instances routing-instance IPC00190-Control-VR protocols bgp bgp 90 routing-peer-policy Import-From-SDWAN-Policy term 1GW1 action community 8009:8009
[ok][2019-09-16 10:26:19]

[edit]
Automated@VDir-BLR-NEW-01% set devices template YUT config routing-instances routing-instance IPC00190-Control-VR protocols bgp bgp 90 routing-peer-policy Import-From-SDWAN-Policy term 1GW1 action community-action set-specific
[ok][2019-09-16 10:26:20]

[edit]
Automated@VDir-BLR-NEW-01% set devices template YUT config routing-instances routing-instance IPC00190-Control-VR protocols bgp bgp 90 routing-peer-policy Import-From-SDWAN-Policy term 1GW1 action set-local-preference 80
[ok][2019-09-16 10:26:20]

[edit]
Automated@VDir-BLR-NEW-01% set devices template YUT config routing-instances routing-instance IPC00190-Control-VR protocols bgp bgp 90 routing-peer-policy Import-From-SDWAN-Policy term 2GW2 match family inet-vpn
[ok][2019-09-16 10:26:20]

[edit]
Automated@VDir-BLR-NEW-01% set devices template YUT config routing-instances routing-instance IPC00190-Control-VR protocols bgp bgp 90 routing-peer-policy Import-From-SDWAN-Policy term 2GW2 match community "(^|,)([0-9]*:12)($|,)"
[ok][2019-09-16 10:26:21]

[edit]
Automated@VDir-BLR-NEW-01% set devices template YUT config routing-instances routing-instance IPC00190-Control-VR protocols bgp bgp 90 routing-peer-policy Import-From-SDWAN-Policy term 2GW2 action filter accept
[ok][2019-09-16 10:26:21]

[edit]
Automated@VDir-BLR-NEW-01% set devices template YUT config routing-instances routing-instance IPC00190-Control-VR protocols bgp bgp 90 routing-peer-policy Import-From-SDWAN-Policy term 2GW2 action community 8009:8009
[ok][2019-09-16 10:26:22]

[edit]
Automated@VDir-BLR-NEW-01% set devices template YUT config routing-instances routing-instance IPC00190-Control-VR protocols bgp bgp 90 routing-peer-policy Import-From-SDWAN-Policy term 2GW2 action community-action set-specific
[ok][2019-09-16 10:26:22]

[edit]
Automated@VDir-BLR-NEW-01% set devices template YUT config routing-instances routing-instance IPC00190-Control-VR protocols bgp bgp 90 routing-peer-policy Import-From-SDWAN-Policy term 2GW2 action set-local-preference 60
[ok][2019-09-16 10:26:22]

[edit]
Automated@VDir-BLR-NEW-01% move devices template YUT config routing-instances routing-instance IPC00190-Control-VR protocols bgp bgp 90 routing-peer-policy Import-From-SDWAN-Policy term 2GW2 first
[ok][2019-09-16 10:26:23]

[edit]
Automated@VDir-BLR-NEW-01% move devices template YUT config routing-instances routing-instance IPC00190-Control-VR protocols bgp bgp 90 routing-peer-policy Import-From-SDWAN-Policy term 1GW1 first
[ok][2019-09-16 10:26:24]

[edit]
Automated@VDir-BLR-NEW-01% 

[edit]
Automated@VDir-BLR-NEW-01% set devices template YUT config routing-instances routing-instance IPC00190-Control-VR protocols bgp bgp 90 routing-peer-policy TO_SDWAN term Wildcard match family inet-vpn
[ok][2019-09-16 10:26:24]

[edit]
Automated@VDir-BLR-NEW-01% set devices template YUT config routing-instances routing-instance IPC00190-Control-VR protocols bgp bgp 90 routing-peer-policy TO_SDWAN term Wildcard action filter accept
[ok][2019-09-16 10:26:24]

[edit]
Automated@VDir-BLR-NEW-01% set devices template YUT config routing-instances routing-instance IPC00190-Control-VR protocols bgp bgp 90 routing-peer-policy TO_SDWAN term Wildcard action community 65:10
[ok][2019-09-16 10:26:25]

[edit]
Automated@VDir-BLR-NEW-01% set devices template YUT config routing-instances routing-instance IPC00190-Control-VR protocols bgp bgp 90 routing-peer-policy TO_SDWAN term Wildcard action community-action set-specific
[ok][2019-09-16 10:26:25]

[edit]
Automated@VDir-BLR-NEW-01% set devices template YUT config routing-instances routing-instance IPC00190-Control-VR protocols bgp bgp 90 routing-peer-policy TO_SDWAN term VersaPvt-Wildcard match family versa-private
[ok][2019-09-16 10:26:26]

[edit]
Automated@VDir-BLR-NEW-01% set devices template YUT config routing-instances routing-instance IPC00190-Control-VR protocols bgp bgp 90 routing-peer-policy TO_SDWAN term VersaPvt-Wildcard action filter accept
[ok][2019-09-16 10:26:26]

[edit]
Automated@VDir-BLR-NEW-01% set devices template YUT config routing-instances routing-instance IPC00190-Control-VR protocols bgp bgp 90 routing-peer-policy TO_SDWAN term VersaPvt-Wildcard action community 65:10
[ok][2019-09-16 10:26:27]

[edit]
Automated@VDir-BLR-NEW-01% set devices template YUT config routing-instances routing-instance IPC00190-Control-VR protocols bgp bgp 90 routing-peer-policy TO_SDWAN term VersaPvt-Wildcard action community-action set-specific
[ok][2019-09-16 10:26:27]

[edit]
Automated@VDir-BLR-NEW-01% set devices template YUT config routing-instances routing-instance IPC00190-Control-VR protocols bgp bgp 90 group Controllers-Group family inet unicast
[ok][2019-09-16 10:26:27]

[edit]
Automated@VDir-BLR-NEW-01% set devices template YUT config routing-instances routing-instance IPC00190-Control-VR protocols bgp bgp 90 group Controllers-Group export TO_SDWAN
[ok][2019-09-16 10:26:28]

[edit]
Automated@VDir-BLR-NEW-01% 

[edit]
Automated@VDir-BLR-NEW-01% set devices template YUT config orgs org-services IPC00190 class-of-service qos-policies qos-policy-group Default-Policy rules qos-policy IPSEC_IN match source zone zone-list [ Intf-INT-WAN1-Zone Intf-INT-WAN2-Zone ]
[ok][2019-09-16 10:26:28]

[edit]
Automated@VDir-BLR-NEW-01% set devices template YUT config orgs org-services IPC00190 class-of-service qos-policies qos-policy-group Default-Policy rules qos-policy IPSEC_IN match services predefined-services-list [ ESP ICMP ]
[ok][2019-09-16 10:26:29]

[edit]
Automated@VDir-BLR-NEW-01% set devices template YUT config orgs org-services IPC00190 class-of-service qos-policies qos-policy-group Default-Policy rules qos-policy IPSEC_IN match services services-list [ IPSEC IPSecAH ]
[ok][2019-09-16 10:26:29]

[edit]
Automated@VDir-BLR-NEW-01% set devices template YUT config orgs org-services IPC00190 class-of-service qos-policies qos-policy-group Default-Policy rules qos-policy IPSEC_IN set action allow
[ok][2019-09-16 10:26:29]

[edit]
Automated@VDir-BLR-NEW-01% set devices template YUT config orgs org-services IPC00190 class-of-service qos-policies qos-policy-group Default-Policy rules qos-policy IPSEC_OUT match destination zone zone-list [ Intf-INT-WAN1-Zone Intf-INT-WAN2-Zone ]
[ok][2019-09-16 10:26:30]

[edit]
Automated@VDir-BLR-NEW-01% set devices template YUT config orgs org-services IPC00190 class-of-service qos-policies qos-policy-group Default-Policy rules qos-policy IPSEC_OUT match services predefined-services-list [ ESP ICMP ]
[ok][2019-09-16 10:26:31]

[edit]
Automated@VDir-BLR-NEW-01% set devices template YUT config orgs org-services IPC00190 class-of-service qos-policies qos-policy-group Default-Policy rules qos-policy IPSEC_OUT match services services-list [ IPSEC IPSIPSecAH ]
[ok][2019-09-16 10:26:32]

[edit]
Automated@VDir-BLR-NEW-01% set devices template YUT config orgs org-services IPC00190 class-of-service qos-policies qos-policy-group Default-Policy rules qos-policy IPSEC_OUT set action allow
[ok][2019-09-16 10:26:32]

[edit]
Automated@VDir-BLR-NEW-01% set devices template YUT config orgs org-services IPC00190 class-of-service qos-policies qos-policy-group Default-Policy rules qos-policy ARP_IN match source zone zone-list [ Intf-INT-WAN1-Zone Intf-INT-WAN2-Zone  ]
[ok][2019-09-16 10:26:33]

[edit]
Automated@VDir-BLR-NEW-01% set devices template YUT config orgs org-services IPC00190 class-of-service qos-policies qos-policy-group Default-Policy rules qos-policy ARP_IN match ether-type ARP
[ok][2019-09-16 10:26:34]

[edit]
Automated@VDir-BLR-NEW-01% set devices template YUT config orgs org-services IPC00190 class-of-service qos-policies qos-policy-group Default-Policy rules qos-policy ARP_IN set action allow
[ok][2019-09-16 10:26:34]

[edit]
Automated@VDir-BLR-NEW-01% set devices template YUT config orgs org-services IPC00190 class-of-service qos-policies qos-policy-group Default-Policy rules qos-policy ARP_OUT match destination zone zone-list [ Intf-INT-WAN1-Zone Intf-INT-WAN2-Zone ]
[ok][2019-09-16 10:26:35]

[edit]
Automated@VDir-BLR-NEW-01% set devices template YUT config orgs org-services IPC00190 class-of-service qos-policies qos-policy-group Default-Policy rules qos-policy ARP_OUT match ether-type ARP
[ok][2019-09-16 10:26:35]

[edit]
Automated@VDir-BLR-NEW-01% set devices template YUT config orgs org-services IPC00190 class-of-service qos-policies qos-policy-group Default-Policy rules qos-policy ARP_OUT set action allow
[ok][2019-09-16 10:26:36]

[edit]
Automated@VDir-BLR-NEW-01% set devices template YUT config orgs org-services IPC00190 class-of-service qos-policies qos-policy-group Default-Policy rules qos-policy DHCP_IN match source zone zone-list [ Intf-INT-WAN1-Zone Intf-INT-WAN2-Zone  ]
[ok][2019-09-16 10:26:37]

[edit]
Automated@VDir-BLR-NEW-01% set devices template YUT config orgs org-services IPC00190 class-of-service qos-policies qos-policy-group Default-Policy rules qos-policy DHCP_IN match services services-list [ DHCP-67 DHCP-68 ]
[ok][2019-09-16 10:26:37]

[edit]
Automated@VDir-BLR-NEW-01% set devices template YUT config orgs org-services IPC00190 class-of-service qos-policies qos-policy-group Default-Policy rules qos-policy DHCP_IN set action allow
[ok][2019-09-16 10:26:38]

[edit]
Automated@VDir-BLR-NEW-01% set devices template YUT config orgs org-services IPC00190 class-of-service qos-policies qos-policy-group Default-Policy rules qos-policy DHCP_OUT match destination zone zone-list [ Intf-INT-WAN1-Zone Intf-INT-WAN2-Zone ]
[ok][2019-09-16 10:26:38]

[edit]
Automated@VDir-BLR-NEW-01% set devices template YUT config orgs org-services IPC00190 class-of-service qos-policies qos-policy-group Default-Policy rules qos-policy DHCP_OUT match services services-list [ DHCP-67 DHCP-68 ]
[ok][2019-09-16 10:26:39]

[edit]
Automated@VDir-BLR-NEW-01% set devices template YUT config orgs org-services IPC00190 class-of-service qos-policies qos-policy-group Default-Policy rules qos-policy DHCP_OUT set action allow
[ok][2019-09-16 10:26:39]

[edit]
Automated@VDir-BLR-NEW-01% 

[edit]
Automated@VDir-BLR-NEW-01% set devices template YUT config orgs org-services IPC00190 class-of-service qos-policies qos-policy-group Default-Policy rules qos-policy INT_OUT match source zone zone-list [ Intf-LAN1-Zone W-ST-LAN1-VRF-INT-WAN1  W-ST-LAN1-VRF-INT-WAN2 ]
[ok][2019-09-16 10:26:40]

[edit]
Automated@VDir-BLR-NEW-01% set devices template YUT config orgs org-services IPC00190 class-of-service qos-policies qos-policy-group Default-Policy rules qos-policy INT_OUT match destination zone zone-list [ Intf-INT-WAN1-Zone Intf-INT-WAN2-Zone L-ST-LAN1-VRF-INT-WAN1 L-ST-LAN1-VRF-INT-WAN2 ]
[ok][2019-09-16 10:26:40]

[edit]
Automated@VDir-BLR-NEW-01% set devices template YUT config orgs org-services IPC00190 class-of-service qos-policies qos-policy-group Default-Policy rules qos-policy INT_OUT set action allow
[ok][2019-09-16 10:26:41]

[edit]
Automated@VDir-BLR-NEW-01% set devices template YUT config orgs org-services IPC00190 class-of-service qos-policies qos-policy-group Default-Policy rules qos-policy INT_IN match source zone zone-list [ Intf-INT-WAN1-Zone Intf-INT-WAN2-Zone  L-ST-LAN1-VRF-INT-WAN1 L-ST-LAN1-VRF-INT-WAN2 ]
[ok][2019-09-16 10:26:42]

[edit]
Automated@VDir-BLR-NEW-01% set devices template YUT config orgs org-services IPC00190 class-of-service qos-policies qos-policy-group Default-Policy rules qos-policy INT_IN set action allow
[ok][2019-09-16 10:26:42]

[edit]
Automated@VDir-BLR-NEW-01% 

[edit]
Automated@VDir-BLR-NEW-01% ####################################################
[ok][2019-09-16 10:26:42]

[edit]
Automated@VDir-BLR-NEW-01% #Note: INT_OUT and INT_IN are only incase of LIB. Also we need to modify the INT-OUT and INT_IN rules based on the number of VRFs required for LIBs.
[ok][2019-09-16 10:26:42]

[edit]
Automated@VDir-BLR-NEW-01% ####################################################
[ok][2019-09-16 10:26:42]

[edit]
Automated@VDir-BLR-NEW-01% 

[edit]
Automated@VDir-BLR-NEW-01% set devices template YUT config orgs org-services IPC00190 class-of-service qos-policies qos-policy-group Default-Policy rules qos-policy WAN_IN match source zone zone-list [ Intf-INT-WAN1-Zone Intf-INT-WAN2-Zone  ]
[ok][2019-09-16 10:26:43]

[edit]
Automated@VDir-BLR-NEW-01% set devices template YUT config orgs org-services IPC00190 class-of-service qos-policies qos-policy-group Default-Policy rules qos-policy WAN_IN set action deny
[ok][2019-09-16 10:26:43]

[edit]
Automated@VDir-BLR-NEW-01% set devices template YUT config orgs org-services IPC00190 class-of-service qos-policies qos-policy-group Default-Policy rules qos-policy WAN_OUT match destination zone zone-list [ Intf-INT-WAN1-Zone Intf-INT-WAN2-Zone ]
[ok][2019-09-16 10:26:44]

[edit]
Automated@VDir-BLR-NEW-01% set devices template YUT config orgs org-services IPC00190 class-of-service qos-policies qos-policy-group Default-Policy rules qos-policy WAN_OUT set action deny
[ok][2019-09-16 10:26:44]

[edit]
Automated@VDir-BLR-NEW-01% 

[edit]
Automated@VDir-BLR-NEW-01% set devices template YUT config orgs org-services IPC00190 objects services service IPSEC protocol UDP
[ok][2019-09-16 10:26:44]

[edit]
Automated@VDir-BLR-NEW-01% set devices template YUT config orgs org-services IPC00190 objects services service IPSEC destination-port 4790,4500,500
[ok][2019-09-16 10:26:45]

[edit]
Automated@VDir-BLR-NEW-01% set devices template YUT config orgs org-services IPC00190 objects services service IPSecAH protocol AH
[ok][2019-09-16 10:26:45]

[edit]
Automated@VDir-BLR-NEW-01% set devices template YUT config orgs org-services IPC00190 objects services service IPSIPSecAH protocol AH
[ok][2019-09-16 10:26:45]

[edit]
Automated@VDir-BLR-NEW-01% set devices template YUT config orgs org-services IPC00190 objects services service DHCP-67 protocol UDP
[ok][2019-09-16 10:26:46]

[edit]
Automated@VDir-BLR-NEW-01% set devices template YUT config orgs org-services IPC00190 objects services service DHCP-67 port 67
[ok][2019-09-16 10:26:46]

[edit]
Automated@VDir-BLR-NEW-01% set devices template YUT config orgs org-services IPC00190 objects services service DHCP-68 protocol UDP
[ok][2019-09-16 10:26:46]

[edit]
Automated@VDir-BLR-NEW-01% set devices template YUT config orgs org-services IPC00190 objects services service DHCP-68 port 68
[ok][2019-09-16 10:26:47]

[edit]
Automated@VDir-BLR-NEW-01% 

[edit]
Automated@VDir-BLR-NEW-01% delete devices template YUT config orgs org-services  IPC00190 sd-wan policies sdwan-policy-group Default-Policy rules rule Default-Rule
Error: element not found
[error][2019-09-16 10:26:47]

[edit]
Automated@VDir-BLR-NEW-01% set devices template YUT config orgs org-services IPC00190 sd-wan forwarding-profiles forwarding-profile DEFAULT-TRAFFIC-PROFILE circuit-priorities priority 1 circuit-names local [ INT-WAN1 INT-WAN2 ]
[ok][2019-09-16 10:26:48]

[edit]
Automated@VDir-BLR-NEW-01% set devices template YUT config orgs org-services IPC00190 sd-wan forwarding-profiles forwarding-profile DEFAULT-TRAFFIC-PROFILE circuit-priorities priority 1 circuit-names remote [ INT-WAN INT-WAN1 INT-WAN2 ]
[ok][2019-09-16 10:26:49]

[edit]
Automated@VDir-BLR-NEW-01% set devices template YUT config orgs org-services IPC00190 sd-wan forwarding-profiles forwarding-profile DEFAULT-TRAFFIC-PROFILE circuit-priorities priority 2 circuit-names local [ INT-WAN1 INT-WAN2 ]
[ok][2019-09-16 10:26:50]

[edit]
Automated@VDir-BLR-NEW-01% set devices template YUT config orgs org-services IPC00190 sd-wan forwarding-profiles forwarding-profile DEFAULT-TRAFFIC-PROFILE circuit-priorities priority 2 circuit-names remote [ LTE-WAN ]
[ok][2019-09-16 10:26:50]

[edit]
Automated@VDir-BLR-NEW-01% set devices template YUT config orgs org-services IPC00190 sd-wan forwarding-profiles forwarding-profile DEFAULT-TRAFFIC-PROFILE connection-selection-method weighted-round-robin
[ok][2019-09-16 10:26:50]

[edit]
Automated@VDir-BLR-NEW-01% set devices template YUT config orgs org-services IPC00190 sd-wan forwarding-profiles forwarding-profile DEFAULT-TRAFFIC-PROFILE recompute-timer 40
[ok][2019-09-16 10:26:51]

[edit]
Automated@VDir-BLR-NEW-01% set devices template YUT config orgs org-services IPC00190 sd-wan forwarding-profiles forwarding-profile DEFAULT-TRAFFIC-PROFILE encryption optional
[ok][2019-09-16 10:26:51]

[edit]
Automated@VDir-BLR-NEW-01% set devices template YUT config orgs org-services IPC00190 sd-wan forwarding-profiles forwarding-profile DEFAULT-TRAFFIC-PROFILE symmetric-forwarding enable
[ok][2019-09-16 10:26:51]

[edit]
Automated@VDir-BLR-NEW-01% set devices template YUT config orgs org-services IPC00190 sd-wan policies sdwan-policy-group Default-Policy rules rule DEFAULT-TRAFFIC-RULE description DEFAULT-TRAFFIC-RULE
[ok][2019-09-16 10:26:51]

[edit]
Automated@VDir-BLR-NEW-01% set devices template YUT config orgs org-services IPC00190 sd-wan policies sdwan-policy-group Default-Policy rules rule DEFAULT-TRAFFIC-RULE set action allow
[ok][2019-09-16 10:26:52]

[edit]
Automated@VDir-BLR-NEW-01% set devices template YUT config orgs org-services IPC00190 sd-wan policies sdwan-policy-group Default-Policy rules rule DEFAULT-TRAFFIC-RULE set forwarding-profile DEFAULT-TRAFFIC-PROFILE
[ok][2019-09-16 10:26:52]

[edit]
Automated@VDir-BLR-NEW-01% delete devices template YUT config routing-instances  routing-instance IPC00190-Control-VR routing-options static route
[ok][2019-09-16 10:26:52]

[edit]
Automated@VDir-BLR-NEW-01% delete devices template YUT config orgs org-services  IPC00190 security access-policies access-policy-group Default-Policy
[ok][2019-09-16 10:26:53]

[edit]
Automated@VDir-BLR-NEW-01% 

[edit]
Automated@VDir-BLR-NEW-01% 

[edit]
Automated@VDir-BLR-NEW-01% #Below Lines should be applied depending on the Number LAN VRFs available. Below is the example for 10VRFs.
[ok][2019-09-16 10:26:53]

[edit]
Automated@VDir-BLR-NEW-01% 

[edit]
Automated@VDir-BLR-NEW-01% set devices template YUT config routing-instances routing-instance LAN1-VRF vrf-import-target target:1020L:10202
[ok][2019-09-16 10:26:53]

[edit]
Automated@VDir-BLR-NEW-01% set devices template YUT config routing-instances routing-instance LAN1-VRF policy-options redistribution-policy Default-Policy-To-BGP term T3-STATIC match protocol static
[ok][2019-09-16 10:26:53]

[edit]
Automated@VDir-BLR-NEW-01% set devices template YUT config routing-instances routing-instance LAN1-VRF policy-options redistribution-policy Default-Policy-To-BGP term T3-STATIC action filter accept
[ok][2019-09-16 10:26:54]

[edit]
Automated@VDir-BLR-NEW-01% set devices template YUT config routing-instances routing-instance LAN1-VRF policy-options redistribution-policy Default-Policy-To-BGP term T3-STATIC action set-origin igp
[ok][2019-09-16 10:26:54]

[edit]
Automated@VDir-BLR-NEW-01% set devices template YUT config routing-instances routing-instance LAN1-VRF policy-options redistribution-policy Default-Policy-To-BGP term T3-STATIC action set-local-preference 110
[ok][2019-09-16 10:26:55]

[edit]
Automated@VDir-BLR-NEW-01% set devices template YUT config routing-instances routing-instance LAN2-VRF vrf-import-target target:1021L:10212
[ok][2019-09-16 10:26:55]

[edit]
Automated@VDir-BLR-NEW-01% set devices template YUT config routing-instances routing-instance LAN2-VRF policy-options redistribution-policy Default-Policy-To-BGP term T3-STATIC match protocol static
[ok][2019-09-16 10:26:55]

[edit]
Automated@VDir-BLR-NEW-01% set devices template YUT config routing-instances routing-instance LAN2-VRF policy-options redistribution-policy Default-Policy-To-BGP term T3-STATIC action filter accept
[ok][2019-09-16 10:26:56]

[edit]
Automated@VDir-BLR-NEW-01% set devices template YUT config routing-instances routing-instance LAN2-VRF policy-options redistribution-policy Default-Policy-To-BGP term T3-STATIC action set-origin igp
[ok][2019-09-16 10:26:56]

[edit]
Automated@VDir-BLR-NEW-01% set devices template YUT config routing-instances routing-instance LAN2-VRF policy-options redistribution-policy Default-Policy-To-BGP term T3-STATIC action set-local-preference 110
[ok][2019-09-16 10:26:56]

[edit]
Automated@VDir-BLR-NEW-01% set devices template YUT config snmp usm local user coltuser auth sha password Colt1234
[ok][2019-09-16 10:26:57]

[edit]
Automated@VDir-BLR-NEW-01% 

[edit]
Automated@VDir-BLR-NEW-01% set devices template YUT config system time-zone Greenwich
[ok][2019-09-16 10:26:57]

[edit]
Automated@VDir-BLR-NEW-01% set devices template YUT config confdConfig cli banner "Access to this network/system is limited to users authorised by Colt for its  legitimate business purposes. Unauthorised access, use, installation of files or  modification of any data is prohibited. Use of this system/network will be audited"
[ok][2019-09-16 10:26:57]

[edit]
Automated@VDir-BLR-NEW-01% set devices template YUT config system users portal login shell role admin password yA:D#{}Vn9JE-?Qa
[ok][2019-09-16 10:26:57]

[edit]
Automated@VDir-BLR-NEW-01% set devices template YUT config system users portal ssh-public-key portal contents "ssh-rsa AAAAB3NzaC1yc2EAAAADAQABAAABAQDo+WWU8BDyqZCYadUGElffuy1pkOo4nrg/yfOqV84G+ukVGf+SF48h+543zMxMmKTauHEqmSp+74IbSpN9buBom/BFpBTm3c66BErMmLNariqvfItG7CO9UBPqoXpUBAXnF/muohwe145jEyRRI4Lof2wK6F6qYjzTQHK+zp5IpV6D+VurfQ6fIQB2oUIj9c8OG3Zfyp33l9utdLCzR7Uo4OGt9GidMrO2mXSBWXb+L5o6MAiOB4EhKvVyG9O8+So7zHEcUI65bq3JWzLzM7w705ySVwitEeqCx2wS7v/2KNuHmI8kSQVOuXQ539V3PJThvlVPY7ABmrY5+4MZT+Fv novitas@colt.net"
[ok][2019-09-16 10:26:58]

[edit]
Automated@VDir-BLR-NEW-01% 

[edit]
Automated@VDir-BLR-NEW-01% set devices template YUT config system external-aaa auth-order remote-then-local
[ok][2019-09-16 10:26:58]

[edit]
Automated@VDir-BLR-NEW-01% #set devices template YUT config system external-aaa  tacacs-plus server 10.5.22.116 key C:ifiiape.
[ok][2019-09-16 10:26:58]

[edit]
Automated@VDir-BLR-NEW-01% #set devices template YUT config system external-aaa  tacacs-plus server 10.5.22.117 key C:ifiiape.
[ok][2019-09-16 10:26:58]

[edit]
Automated@VDir-BLR-NEW-01% #set devices template YUT config system external-aaa  tacacs-plus action [ accounting authentication ]
[ok][2019-09-16 10:26:58]

[edit]
Automated@VDir-BLR-NEW-01% 
2019-09-16 15:57:01,224 - CPE27-HKG2-SINGLE-CPE-DUAL-INTERNET15 - INFO - commit
Commit complete.
[ok][2019-09-16 10:27:01]

[edit]
Automated@VDir-BLR-NEW-01% 
2019-09-16 15:57:01,339 - CPE27-HKG2-SINGLE-CPE-DUAL-INTERNET15 - DEBUG - <netmiko.versa.versa.VersaSSH object at 0x000000000D490F28> connection closed
2019-09-16 15:57:01,339 - CPE27-HKG2-SINGLE-CPE-DUAL-INTERNET15 - DEBUG - 
CPE27-HKG2-SINGLE-CPE-DUAL-INTERNET15 : element not found error.Commit success.
2019-09-16 15:57:01,339 - CPE27-HKG2-SINGLE-CPE-DUAL-INTERNET15 - INFO - 
 >>>>>>>>>> PS MAIN TEMPLATE MODIFY PASSED. <<<<<<<<<<<

2019-09-16 15:57:06,341 - CPE27-HKG2-SINGLE-CPE-DUAL-INTERNET15 - INFO - STEP : DEVICE GROUP CREATION AND DEPLOYMENT
2019-09-16 15:57:06,341 - CPE27-HKG2-SINGLE-CPE-DUAL-INTERNET15 - DEBUG - {
	"device-group": {
		"name": "YUT-DG",
		"dg:organization": "IPC00190",
		"dg:enable-2factor-auth": false,
		"dg:enable-staging-url": false,
		"dg:poststaging-template": "YUT"
	}
}
2019-09-16 15:57:06,526 - CPE27-HKG2-SINGLE-CPE-DUAL-INTERNET15 - DEBUG - <Response [201]>
2019-09-16 15:57:06,526 - CPE27-HKG2-SINGLE-CPE-DUAL-INTERNET15 - DEBUG - 
PASS
2019-09-16 15:57:06,526 - CPE27-HKG2-SINGLE-CPE-DUAL-INTERNET15 - INFO -  >>>>>>>>>> DEVICE GROUP TEMPLATE CREATION PASSED. <<<<<<<<<<<
2019-09-16 15:57:11,529 - CPE27-HKG2-SINGLE-CPE-DUAL-INTERNET15 - INFO - STEP : PRE-ONBOARD WORK
2019-09-16 15:57:11,592 - CPE27-HKG2-SINGLE-CPE-DUAL-INTERNET15 - DEBUG - 
sudo /opt/versa/scripts/staging.py -w 2 -c 10.83.77.10 -s 172.16.6.106/30 -g 172.16.6.105 -l IPC00190-CPE27-HKG2-SINGLE-CPE-DUAL-INTERNET15@colt.net -lk CPE27-HKG2-SINGLE-CPE-DUAL-INTERNET15  -r NV-WC01-N6-SIN@colt.net -rk 1234

2019-09-16 15:57:11,592 - CPE27-HKG2-SINGLE-CPE-DUAL-INTERNET15 - DEBUG - {
	"versanms.sdwan-device-workflow": {
		"deviceName": "CPE27-HKG2-SINGLE-CPE-DUAL-INTERNET15",
		"siteId": "4259",
		"orgName": "IPC00190",
		"serialNumber": "CPE27tSAB9",
		"deviceGroup": "YUT-DG",
		"locationInfo": {
			"state": "karnataka",
			"country": "india",
			"longitude": "77.594563",
			"latitude": "12.971599",
			"city": "bangalore"
		},
		"postStagingTemplateInfo": {
			"templateName": "YUT",
			"templateData": {
				"device-template-variable": {
					"template": "YUT",
					"variable-binding": {
						"attrs": [{
							"name": "{$v_INT-WAN2_IPv4__staticaddress}",
							"value": "172.16.6.106/30",
							"isAutogeneratable": false
						},
						
						    
						    
						    
						{ "name": "{$v_vni-0-4_LAN1_Unit-0__unit}", "value": "750", "isAutogeneratable": false},
						{ "name": "{$v_vni-0-4_LAN1_Unit-0__vlanId}", "value": "750", "isAutogeneratable": false },
						
						    
						    
						    
						{ "name": "{$v_vni-0-4_LAN2_Unit-1__unit}", "value": "751", "isAutogeneratable": false},
						{ "name": "{$v_vni-0-4_LAN2_Unit-1__vlanId}", "value": "751", "isAutogeneratable": false },
						
						{
							"name": "{$v_IPC00190-Control-VR_90_Router_ID__vrRouteId}",
							"value": "20.20.90.27",
							"isAutogeneratable": true,
							"isOverwritten": false
						}, {
							"name": "{$v_IPC00190_NV-WC01-N6-SIN_Local_auth_email_key__IKELKey}",
							"value": "CPE27-HKG2-SINGLE-CPE-DUAL-INTERNET15",
							"isAutogeneratable": true
						}, {
							"name": "{$v_IPC00190_NV-WC02-N6-SIN_Local_auth_email_key__IKELKey}",
							"value": "CPE27-HKG2-SINGLE-CPE-DUAL-INTERNET15",
							"isAutogeneratable": true
						},
						
						
						
						{ "name": "{$v_LAN1_IPv4__staticaddress}", "value": "192.170.1.1/24", "isAutogeneratable": false},
						
						
						
						{ "name": "{$v_LAN2_IPv4__staticaddress}", "value": "192.170.2.1/24", "isAutogeneratable": false},
						
						{
							"name": "{$v_IPC00190_NV-WC02-N6-SIN_Local_auth_email_identifier__IKELIdentifier}",
							"value": "CPE27-HKG2-SINGLE-CPE-DUAL-INTERNET15@colt.net",
							"isAutogeneratable": true
						}, {
							"name": "{$v_Site_Id__siteSiteID}",
							"value": "4259",
							"isAutogeneratable": true
						}, {
							"name": "{$v_IPC00190_NV-WC01-N6-SIN_Local_auth_email_identifier__IKELIdentifier}",
							"value": "CPE27-HKG2-SINGLE-CPE-DUAL-INTERNET15@colt.net",
							"isAutogeneratable": true
						}, {
							"name": "{$v_IPC00190_Site_Name__sitesSiteName}",
							"value": "CPE27-HKG2-SINGLE-CPE-DUAL-INTERNET15",
							"isAutogeneratable": true
						}, {
							"name": "{$v_latitude__IdLatitude}",
							"value": "12.971599",
							"isAutogeneratable": true
						}, {
							"name": "{$v_identification__IdName}",
							"value": "CPE27-HKG2-SINGLE-CPE-DUAL-INTERNET15",
							"isAutogeneratable": true
						}, {
							"name": "{$v_INT-WAN2-Transport-VR_IPv4__vrHopAddress}",
							"value": "172.16.6.105",
							"isAutogeneratable": false
						},	{
						    "name": "{$v_tvi-0-180_-_Unit_0_Static_address__tunnelStaticAddress}",
							"value": "10.10.90.27/32",
							"isAutogeneratable": true,
							"isOverwritten": false
						}, {
							"name": "{$v_Chassis_Id__sitesChassisId}",
							"value": "CPE27tSAB9",
							"isAutogeneratable": true
						}, {
							"name": "{$v_longitude__Idlongitude}",
							"value": "77.594563",
							"isAutogeneratable": true
						}, {
							"name": "{$v_location__IdLocation}",
							"value": "bangalore,karnataka, india",
							"isAutogeneratable": true
						}, {
							"name": "{$v_IPC00190-Control-VR_90_Local_address__vrRouterAddress}",
							"value": "20.20.90.27",
							"isAutogeneratable": true,
							"isOverwritten": false
						}, {
							"name": "{$v_INT-WAN1-Transport-VR_IPv4__vrHopAddress}",
							"value": "172.16.7.105",
							"isAutogeneratable": false
						}, {
							"name": "{$v_INT-WAN1_IPv4__staticaddress}",
							"value": "172.16.7.106/30",
							"isAutogeneratable": false
						}, {
							"name": "{$v_tvi-0-181_-_Unit_0_Static_address__tunnelStaticAddress}",
							"value": "20.20.90.27/32",
							"isAutogeneratable": true,
							"isOverwritten": false
						}]
					}
				},
				"variableMetadata": [{
					"variable": "{$v_INT-WAN2_IPv4__staticaddress}",
					"group": "Interfaces",
					"overlay": false,
					"type": "IPV4_MASK"
				},
                
                
                
				{"variable": "{$v_vni-0-4_LAN1_Unit-0__vlanId}", "group": "Vlan Info", "overlay": false, "type": "INTEGER"},
                
                
                
				{"variable": "{$v_vni-0-4_LAN2_Unit-1__vlanId}", "group": "Vlan Info", "overlay": false, "type": "INTEGER"},
                
				{
					"variable": "{$v_IPC00190-Control-VR_90_Router_ID__vrRouteId}",
					"group": "Virtual Routers",
					"overlay": true,
					"type": "IPV4"
				}, {
					"variable": "{$v_IPC00190_NV-WC01-N6-SIN_Local_auth_email_key__IKELKey}",
					"group": "IPSEC",
					"overlay": false
				}, {
					"variable": "{$v_IPC00190_NV-WC02-N6-SIN_Local_auth_email_key__IKELKey}",
					"group": "IPSEC",
					"overlay": false
				},
			{
					"variable": "{$v_LAN1_IPv4__staticaddress}", "group": "Interfaces", "overlay": false, "type": "IPV4_MASK"
				},
            {
					"variable": "{$v_LAN2_IPv4__staticaddress}", "group": "Interfaces", "overlay": false, "type": "IPV4_MASK"
				},
            
				 {
					"variable": "{$v_IPC00190_NV-WC02-N6-SIN_Local_auth_email_identifier__IKELIdentifier}",
					"group": "IPSEC",
					"overlay": false
				}, {
					"variable": "{$v_Site_Id__siteSiteID}",
					"group": "SDWAN",
					"overlay": false
				}, {
					"variable": "{$v_IPC00190_NV-WC01-N6-SIN_Local_auth_email_identifier__IKELIdentifier}",
					"group": "IPSEC",
					"overlay": false
				}, {
					"variable": "{$v_IPC00190_Site_Name__sitesSiteName}",
					"group": "SDWAN",
					"overlay": false
				}, {
					"variable": "{$v_latitude__IdLatitude}",
					"group": "SDWAN",
					"overlay": false
				}, {
					"variable": "{$v_identification__IdName}",
					"group": "SDWAN",
					"overlay": false
				}, {
					"variable": "{$v_INT-WAN2-Transport-VR_IPv4__vrHopAddress}",
					"group": "Virtual Routers",
					"overlay": false,
					"type": "IPV4_IPV6"
				}, {
					"variable": "{$v_tvi-0-180_-_Unit_0_Static_address__tunnelStaticAddress}",
					"group": "Interfaces",
					"overlay": true,
					"type": "IPV4_IPV6_MASK"
				}, {
					"variable": "{$v_Chassis_Id__sitesChassisId}",
					"group": "SDWAN",
					"overlay": false
				}, {
					"variable": "{$v_longitude__Idlongitude}",
					"group": "SDWAN",
					"overlay": false
				}, {
					"variable": "{$v_location__IdLocation}",
					"group": "SDWAN",
					"overlay": false
				}, {
					"variable": "{$v_IPC00190-Control-VR_90_Local_address__vrRouterAddress}",
					"group": "Virtual Routers",
					"overlay": true,
					"type": "IPV4"
				}, {
					"variable": "{$v_INT-WAN1-Transport-VR_IPv4__vrHopAddress}",
					"group": "Virtual Routers",
					"overlay": false,
					"type": "IPV4_IPV6"
				}, {
					"variable": "{$v_tvi-0-181_-_Unit_0_Static_address__tunnelStaticAddress}",
					"group": "Interfaces",
					"overlay": true,
					"type": "IPV4_IPV6_MASK"
				}]
			}
		}
	}
}
2019-09-16 15:57:12,517 - CPE27-HKG2-SINGLE-CPE-DUAL-INTERNET15 - DEBUG - <Response [200]>
2019-09-16 15:57:12,517 - CPE27-HKG2-SINGLE-CPE-DUAL-INTERNET15 - DEBUG - 
PASS
2019-09-16 15:57:12,517 - CPE27-HKG2-SINGLE-CPE-DUAL-INTERNET15 - INFO -  >>>>>>>>>> DEVICE TEMPLATE CREATION PASSED. <<<<<<<<<<<
2019-09-16 15:57:22,690 - CPE27-HKG2-SINGLE-CPE-DUAL-INTERNET15 - DEBUG - {"TaskResponse":{"task-id":21641,"link":{"@rel":"GET","@href":"vnms/tasks/task/21641"}}}
2019-09-16 15:57:27,690 - CPE27-HKG2-SINGLE-CPE-DUAL-INTERNET15 - DEBUG - 21641
2019-09-16 15:57:27,854 - CPE27-HKG2-SINGLE-CPE-DUAL-INTERNET15 - DEBUG - {u'versa-tasks.task': {u'versa-tasks.user': u'Automated', u'versa-tasks.percentage-completion': 100, u'versa-tasks.progressmessages': {u'versa-tasks.progressmessage': [{u'versa-tasks.time': u'2019-09-16 10:27:23.616', u'versa-tasks.message': u'Creating device in hardware inventory [CPE27-HKG2-SINGLE-CPE-DUAL-INTERNET15]'}, {u'versa-tasks.time': u'2019-09-16 10:27:23.632', u'versa-tasks.message': u'Add device [CPE27-HKG2-SINGLE-CPE-DUAL-INTERNET15] to device group [YUT-DG]'}, {u'versa-tasks.time': u'2019-09-16 10:27:23.637', u'versa-tasks.message': u'Adding device [CPE27-HKG2-SINGLE-CPE-DUAL-INTERNET15] to template [ YUT ]'}, {u'versa-tasks.time': u'2019-09-16 10:27:23.662', u'versa-tasks.message': u'Binding device variables to template [ YUT ]'}, {u'versa-tasks.time': u'2019-09-16 10:27:23.803', u'versa-tasks.message': u'Adding post-staging configuration to controllers [NV-WC02-N6-SIN, NV-WC01-N6-SIN]'}, {u'versa-tasks.time': u'2019-09-16 10:27:26.809', u'versa-tasks.message': u'Successfully deployed device.'}]}, u'versa-tasks.object-name': u'Device Workflow', u'versa-tasks.task-status': u'COMPLETED', u'versa-tasks.task-description': u'Device workflow deployment: { CPE27-HKG2-SINGLE-CPE-DUAL-INTERNET15 }', u'versa-tasks.task-name': u'Deploy', u'versa-tasks.domain-name': u'PROVIDER', u'versa-tasks.id': 21641, u'versa-tasks.start-time': u'2019-09-16 10:27:22.688', u'versa-tasks.end-time': u'2019-09-16 10:27:26.809', u'versa-tasks.errormessages': u''}}
2019-09-16 15:57:27,854 - CPE27-HKG2-SINGLE-CPE-DUAL-INTERNET15 - DEBUG - 100
2019-09-16 15:57:27,854 - CPE27-HKG2-SINGLE-CPE-DUAL-INTERNET15 - INFO - Sleeping for 5 seconds
2019-09-16 15:57:33,023 - CPE27-HKG2-SINGLE-CPE-DUAL-INTERNET15 - DEBUG - {"versa-tasks.task":{"versa-tasks.id":21641,"versa-tasks.task-name":"Deploy","versa-tasks.object-name":"Device Workflow","versa-tasks.domain-name":"PROVIDER","versa-tasks.user":"Automated","versa-tasks.task-description":"Device workflow deployment: { CPE27-HKG2-SINGLE-CPE-DUAL-INTERNET15 }","versa-tasks.task-status":"COMPLETED","versa-tasks.percentage-completion":100,"versa-tasks.progressmessages":{"versa-tasks.progressmessage":[{"versa-tasks.message":"Creating device in hardware inventory [CPE27-HKG2-SINGLE-CPE-DUAL-INTERNET15]","versa-tasks.time":"2019-09-16 10:27:23.616"},{"versa-tasks.message":"Add device [CPE27-HKG2-SINGLE-CPE-DUAL-INTERNET15] to device group [YUT-DG]","versa-tasks.time":"2019-09-16 10:27:23.632"},{"versa-tasks.message":"Adding device [CPE27-HKG2-SINGLE-CPE-DUAL-INTERNET15] to template [ YUT ]","versa-tasks.time":"2019-09-16 10:27:23.637"},{"versa-tasks.message":"Binding device variables to template [ YUT ]","versa-tasks.time":"2019-09-16 10:27:23.662"},{"versa-tasks.message":"Adding post-staging configuration to controllers [NV-WC02-N6-SIN, NV-WC01-N6-SIN]","versa-tasks.time":"2019-09-16 10:27:23.803"},{"versa-tasks.message":"Successfully deployed device.","versa-tasks.time":"2019-09-16 10:27:26.809"}]},"versa-tasks.errormessages":"","versa-tasks.start-time":"2019-09-16 10:27:22.688","versa-tasks.end-time":"2019-09-16 10:27:26.809"}}
2019-09-16 15:57:33,023 - CPE27-HKG2-SINGLE-CPE-DUAL-INTERNET15 - INFO - >>>>>>>>>> Device deployed  <<<<<<<<<<<
2019-09-16 15:57:33,868 - CPE27-HKG2-SINGLE-CPE-DUAL-INTERNET15 - DEBUG - {u'versanms.sdwan-device-workflow': {u'postStagingTemplateInfo': {u'templateData': {u'device-template-variable': {u'variable-binding': {u'attrs': [{u'isAutogeneratable': False, u'name': u'{$v_INT-WAN2_IPv4__staticaddress}', u'value': u'172.16.6.106/30'}, {u'isAutogeneratable': True, u'isOverwritten': True, u'name': u'{$v_tvi-0-181_-_Unit_0_Static_address__tunnelStaticAddress}', u'value': u'20.20.90.27/32'}, {u'isAutogeneratable': False, u'name': u'{$v_vni-0-4_LAN1_Unit-0__vlanId}', u'value': 750}, {u'isAutogeneratable': True, u'name': u'{$v_Chassis_Id__sitesChassisId}', u'value': u'CPE27tSAB9'}, {u'isAutogeneratable': True, u'isOverwritten': True, u'name': u'{$v_IPC00190-Control-VR_90_Router_ID__vrRouteId}', u'value': u'20.20.90.27'}, {u'isAutogeneratable': True, u'name': u'{$v_IPC00190_NV-WC01-N6-SIN_Local_auth_email_identifier__IKELIdentifier}', u'value': u'CPE27-HKG2-SINGLE-CPE-DUAL-INTERNET15@colt.net'}, {u'isAutogeneratable': True, u'name': u'{$v_longitude__Idlongitude}', u'value': 77.594563}, {u'isAutogeneratable': False, u'name': u'{$v_INT-WAN2-Transport-VR_IPv4__vrHopAddress}', u'value': u'172.16.6.105'}, {u'isAutogeneratable': True, u'name': u'{$v_IPC00190_NV-WC01-N6-SIN_Local_auth_email_key__IKELKey}', u'value': u'CPE27-HKG2-SINGLE-CPE-DUAL-INTERNET15'}, {u'isAutogeneratable': False, u'name': u'{$v_INT-WAN1-Transport-VR_IPv4__vrHopAddress}', u'value': u'172.16.7.105'}, {u'isAutogeneratable': False, u'name': u'{$v_INT-WAN1_IPv4__staticaddress}', u'value': u'172.16.7.106/30'}, {u'isAutogeneratable': False, u'name': u'{$v_LAN2_IPv4__staticaddress}', u'value': u'192.170.2.1/24'}, {u'isAutogeneratable': True, u'name': u'{$v_IPC00190_NV-WC02-N6-SIN_Local_auth_email_key__IKELKey}', u'value': u'CPE27-HKG2-SINGLE-CPE-DUAL-INTERNET15'}, {u'isAutogeneratable': True, u'name': u'{$v_location__IdLocation}', u'value': u'bangalore,karnataka, india'}, {u'isAutogeneratable': False, u'name': u'{$v_vni-0-4_LAN2_Unit-1__unit}', u'value': 751}, {u'isAutogeneratable': True, u'name': u'{$v_IPC00190_NV-WC02-N6-SIN_Local_auth_email_identifier__IKELIdentifier}', u'value': u'CPE27-HKG2-SINGLE-CPE-DUAL-INTERNET15@colt.net'}, {u'isAutogeneratable': True, u'isOverwritten': True, u'name': u'{$v_IPC00190-Control-VR_90_Local_address__vrRouterAddress}', u'value': u'20.20.90.27'}, {u'isAutogeneratable': True, u'isOverwritten': True, u'name': u'{$v_tvi-0-180_-_Unit_0_Static_address__tunnelStaticAddress}', u'value': u'10.10.90.27/32'}, {u'isAutogeneratable': False, u'name': u'{$v_vni-0-4_LAN2_Unit-1__vlanId}', u'value': 751}, {u'isAutogeneratable': False, u'name': u'{$v_vni-0-4_LAN1_Unit-0__unit}', u'value': 750}, {u'isAutogeneratable': True, u'name': u'{$v_Site_Id__siteSiteID}', u'value': 4259}, {u'isAutogeneratable': True, u'name': u'{$v_IPC00190_Site_Name__sitesSiteName}', u'value': u'CPE27-HKG2-SINGLE-CPE-DUAL-INTERNET15'}, {u'isAutogeneratable': False, u'name': u'{$v_LAN1_IPv4__staticaddress}', u'value': u'192.170.1.1/24'}, {u'isAutogeneratable': True, u'name': u'{$v_latitude__IdLatitude}', u'value': 12.971599}, {u'isAutogeneratable': True, u'name': u'{$v_identification__IdName}', u'value': u'CPE27-HKG2-SINGLE-CPE-DUAL-INTERNET15'}]}, u'template': u'YUT'}, u'variableMetadata': [{u'variable': u'{$v_INT-WAN2_IPv4__staticaddress}', u'type': u'IPV4_MASK', u'group': u'Interfaces', u'overlay': False}, {u'variable': u'{$v_tvi-0-181_-_Unit_0_Static_address__tunnelStaticAddress}', u'type': u'IPV4_IPV6_MASK', u'group': u'Interfaces', u'overlay': True}, {u'variable': u'{$v_vni-0-4_LAN1_Unit-0__vlanId}', u'type': u'INTEGER', u'group': u'Vlan Info', u'overlay': False}, {u'variable': u'{$v_Chassis_Id__sitesChassisId}', u'group': u'SDWAN', u'overlay': False}, {u'variable': u'{$v_IPC00190-Control-VR_90_Router_ID__vrRouteId}', u'type': u'IPV4', u'group': u'Virtual routers', u'overlay': True}, {u'variable': u'{$v_IPC00190_NV-WC01-N6-SIN_Local_auth_email_identifier__IKELIdentifier}', u'group': u'IPSEC', u'overlay': False}, {u'variable': u'{$v_longitude__Idlongitude}', u'group': u'SDWAN', u'overlay': False}, {u'variable': u'{$v_INT-WAN2-Transport-VR_IPv4__vrHopAddress}', u'type': u'IPV4', u'group': u'Virtual routers', u'overlay': False}, {u'variable': u'{$v_IPC00190_NV-WC01-N6-SIN_Local_auth_email_key__IKELKey}', u'group': u'IPSEC', u'overlay': False}, {u'variable': u'{$v_INT-WAN1-Transport-VR_IPv4__vrHopAddress}', u'type': u'IPV4', u'group': u'Virtual routers', u'overlay': False}, {u'variable': u'{$v_INT-WAN1_IPv4__staticaddress}', u'type': u'IPV4_MASK', u'group': u'Interfaces', u'overlay': False}, {u'variable': u'{$v_LAN2_IPv4__staticaddress}', u'type': u'IPV4_MASK', u'group': u'Interfaces', u'overlay': False}, {u'variable': u'{$v_IPC00190_NV-WC02-N6-SIN_Local_auth_email_key__IKELKey}', u'group': u'IPSEC', u'overlay': False}, {u'variable': u'{$v_location__IdLocation}', u'group': u'SDWAN', u'overlay': False}, {u'variable': u'{$v_vni-0-4_LAN2_Unit-1__unit}', u'type': u'INTEGER', u'group': u'Vlan Info', u'overlay': False}, {u'variable': u'{$v_IPC00190_NV-WC02-N6-SIN_Local_auth_email_identifier__IKELIdentifier}', u'group': u'IPSEC', u'overlay': False}, {u'variable': u'{$v_IPC00190-Control-VR_90_Local_address__vrRouterAddress}', u'type': u'IPV4', u'group': u'Virtual routers', u'overlay': True}, {u'variable': u'{$v_tvi-0-180_-_Unit_0_Static_address__tunnelStaticAddress}', u'type': u'IPV4_IPV6_MASK', u'group': u'Interfaces', u'overlay': True}, {u'variable': u'{$v_vni-0-4_LAN2_Unit-1__vlanId}', u'type': u'INTEGER', u'group': u'Vlan Info', u'overlay': False}, {u'variable': u'{$v_vni-0-4_LAN1_Unit-0__unit}', u'type': u'INTEGER', u'group': u'Vlan Info', u'overlay': False}, {u'variable': u'{$v_Site_Id__siteSiteID}', u'group': u'SDWAN', u'overlay': False}, {u'variable': u'{$v_IPC00190_Site_Name__sitesSiteName}', u'group': u'SDWAN', u'overlay': False}, {u'variable': u'{$v_LAN1_IPv4__staticaddress}', u'type': u'IPV4_MASK', u'group': u'Interfaces', u'overlay': False}, {u'variable': u'{$v_latitude__IdLatitude}', u'group': u'SDWAN', u'overlay': False}, {u'variable': u'{$v_identification__IdName}', u'group': u'SDWAN', u'overlay': False}]}, u'templateName': u'YUT'}, u'deviceName': u'CPE27-HKG2-SINGLE-CPE-DUAL-INTERNET15', u'workflowStatus': u'Deployed', u'deviceGroup': u'YUT-DG', u'orgName': u'IPC00190', u'serialNumber': u'CPE27tSAB9', u'locationInfo': {u'latitude': 12.971599, u'country': u'india', u'state': u'karnataka', u'longitude': 77.594563, u'city': u'bangalore'}, u'bandwidth': 0, u'lastUpdatedBy': u'Automated', u'siteId': 4259, u'instanceInfo': u'', u'stagingTemplateInfo': u'', u'lastModifiedTime': u'2019-09-16T10:27:26.655000+00:00', u'urlztpBasedInfo': {u'authType': u'psk', u'enableIpv4Dhcp': False, u'branchKey': u'3a0tfN3ygJdRm3RV', u'branchId': u'CPE27-HKG2-SINGLE-CPE-DUAL-INTERNET15@IPC00190.com', u'enableIpv6': False, u'enableIpv4': False, u'enableIpv6Dhcp': False}}}
2019-09-16 15:57:43,661 - CPE27-HKG2-SINGLE-CPE-DUAL-INTERNET15 - DEBUG - <netmiko.versa.versa.VersaSSH object at 0x000000000D490550>
2019-09-16 15:57:48,885 - CPE27-HKG2-SINGLE-CPE-DUAL-INTERNET15 - DEBUG - versa: Automated@VDir-BLR-NEW-01>
2019-09-16 15:57:53,424 - CPE27-HKG2-SINGLE-CPE-DUAL-INTERNET15 - DEBUG - configure private
Entering configuration mode private
[ok][2019-09-16 10:27:51]

[edit]
Automated@VDir-BLR-NEW-01% 
2019-09-16 15:57:55,647 - CPE27-HKG2-SINGLE-CPE-DUAL-INTERNET15 - DEBUG - True
2019-09-16 15:57:56,674 - CPE27-HKG2-SINGLE-CPE-DUAL-INTERNET15 - DEBUG - set devices device NV-WC01-N6-SIN config orgs org-services Colt ipsec vpn-profile INT-WAN-NV-WC01-N6-SIN-StagingIpsec psk-auth-clients remote-client IPC00190-CPE27-HKG2-SINGLE-CPE-DUAL-INTERNET15@colt.net id-type  email
[ok][2019-09-16 10:27:56]

[edit]
Automated@VDir-BLR-NEW-01% 
2019-09-16 15:57:57,289 - CPE27-HKG2-SINGLE-CPE-DUAL-INTERNET15 - DEBUG - set devices device NV-WC01-N6-SIN config orgs org-services Colt ipsec vpn-profile INT-WAN-NV-WC01-N6-SIN-StagingIpsec psk-auth-clients remote-client IPC00190-CPE27-HKG2-SINGLE-CPE-DUAL-INTERNET15@colt.net key CPE27-HKG2-SINGLE-CPE-DUAL-INTERNET15
[ok][2019-09-16 10:27:57]

[edit]
Automated@VDir-BLR-NEW-01% 
2019-09-16 15:57:58,105 - CPE27-HKG2-SINGLE-CPE-DUAL-INTERNET15 - DEBUG - commit and-quit
Commit complete.
[ok][2019-09-16 10:27:57]
Automated@VDir-BLR-NEW-01> 
2019-09-16 15:57:58,105 - CPE27-HKG2-SINGLE-CPE-DUAL-INTERNET15 - INFO - >>>>>>>>>> Staging profile config done  <<<<<<<<<<<
2019-09-16 15:57:58,119 - CPE27-HKG2-SINGLE-CPE-DUAL-INTERNET15 - DEBUG - <netmiko.versa.versa.VersaSSH object at 0x000000000D490550> connection closed
2019-09-16 15:57:58,119 - CPE27-HKG2-SINGLE-CPE-DUAL-INTERNET15 - INFO - STEP : ONBOARD CALL
2019-09-16 15:57:58,119 - CPE27-HKG2-SINGLE-CPE-DUAL-INTERNET15 - DEBUG - 
sudo /opt/versa/scripts/staging.py -w 2 -c 10.83.77.10 -s 172.16.6.106/30 -g 172.16.6.105 -l IPC00190-CPE27-HKG2-SINGLE-CPE-DUAL-INTERNET15@colt.net -lk CPE27-HKG2-SINGLE-CPE-DUAL-INTERNET15  -r NV-WC01-N6-SIN@colt.net -rk 1234

2019-09-16 15:58:02,178 - CPE27-HKG2-SINGLE-CPE-DUAL-INTERNET15 - DEBUG - <netmiko.linux.linux_ssh.LinuxSSH object at 0x000000000D490BA8>
2019-09-16 15:58:02,599 - CPE27-HKG2-SINGLE-CPE-DUAL-INTERNET15 - DEBUG - [sudo] password for admin: 
2019-09-16 15:58:03,003 - CPE27-HKG2-SINGLE-CPE-DUAL-INTERNET15 - DEBUG - E27-HKG2-SINGLE-CPE-DUAL-INTERNET14: ~] # 
2019-09-16 15:58:03,418 - CPE27-HKG2-SINGLE-CPE-DUAL-INTERNET15 - DEBUG - exit
2019-09-16 15:58:03,635 - CPE27-HKG2-SINGLE-CPE-DUAL-INTERNET15 - DEBUG - linux: [admin@CPE27-HKG2-SINGLE-CPE-DUAL-INTERNET14: ~] #
2019-09-16 15:58:04,039 - CPE27-HKG2-SINGLE-CPE-DUAL-INTERNET15 - DEBUG - vsh allow-cli
Enter password: 
2019-09-16 15:58:04,453 - CPE27-HKG2-SINGLE-CPE-DUAL-INTERNET15 - DEBUG - 

CLI now allowed
[admin@CPE27-HKG2-SINGLE-CPE-DUAL-INTERNET14: ~] # 
2019-09-16 15:58:04,855 - CPE27-HKG2-SINGLE-CPE-DUAL-INTERNET15 - DEBUG - cli
Access to this network/system is limited to users authorised by Colt for its legitimate business purposes. Unauthorised access, use, installation of files or modification of any data is prohibited. Use of this system/network will be audited

             .---.,
            (      ``.
       _     \        )    __      ________ _____   _____
      (  `.   \      /     \ \    / /  ____|  __ \ / ____|  /\
       \    `. )    /       \ \  / /| |__  | |__) | (___   /  \
        \     |    /         \ \/ / |  __| |  _  / \___ \ / /\ \
         \    |   /           \  /  | |____| | \ \ ____) / ____ \
          \   |  /             \/   |______|_|  \_\_____/_/    \_\
           \  | /
            \_|/                   _  _ ___ _______      _____  ___ _  _____
                                  | \| | __|_   _\ \    / / _ \| _ \ |/ / __|
                                  | .` | _|  | |  \ \/\/ / (_) |   / ' <\__ \
                                  |_|\_|___| |_|   \_/\_/ \___/|_|_\_|\_\___/



admin connected from 10.91.192.178 using ssh on CPE27-HKG2-SINGLE-CPE-DUAL-INTERNET14
[?7hadmin@CPE27-HKG2-SINGLE-CPE-DUAL-INTERNET14-cli> 
2019-09-16 15:58:05,273 - CPE27-HKG2-SINGLE-CPE-DUAL-INTERNET15 - DEBUG - request erase running-config
Will delete the running config and restart Versa
Services. Are you sure? [no,yes] 
2019-09-16 15:58:14,821 - CPE27-HKG2-SINGLE-CPE-DUAL-INTERNET15 - DEBUG - yes
status  Erasing config and restarting services 
[ok][2019-09-16 10:28:05]
admin@CPE27-HKG2-SINGLE-CPE-DUAL-INTERNET14-cli> 
System message at 2019-09-16 10:28:08...
    Subsystem stopped: eventd
admin@CPE27-HKG2-SINGLE-CPE-DUAL-INTERNET14-cli> 
System message at 2019-09-16 10:28:08...
    Subsystem stopped: router-dcl
admin@CPE27-HKG2-SINGLE-CPE-DUAL-INTERNET14-cli> 
System message at 2019-09-16 10:28:08...
    Subsystem stopped: acctmgrd
admin@CPE27-HKG2-SINGLE-CPE-DUAL-INTERNET14-cli> 
System message at 2019-09-16 10:28:08...
    Subsystem stopped: snmp-config-transform
admin@CPE27-HKG2-SINGLE-CPE-DUAL-INTERNET14-cli> 
System message at 2019-09-16 10:28:08...
    Subsystem stopped: snmp-config-hook
admin@CPE27-HKG2-SINGLE-CPE-DUAL-INTERNET14-cli> 
System message at 2019-09-16 10:28:08...
    Subsystem stopped: infmgr
admin@CPE27-HKG2-SINGLE-CPE-DUAL-INTERNET14-cli> 
System message at 2019-09-16 10:28:08...
    Subsystem stopped: versa-vmod
admin@CPE27-HKG2-SINGLE-CPE-DUAL-INTERNET14-cli> 
System message at 2019-09-16 10:28:08...
    Subsystem stopped: rtd-mgmt-thread
admin@CPE27-HKG2-SINGLE-CPE-DUAL-INTERNET14-cli> [admin@CPE27-HKG2-SINGLE-CPE-DUAL-INTERNET14: ~] # 
2019-09-16 15:58:15,424 - CPE27-HKG2-SINGLE-CPE-DUAL-INTERNET15 - DEBUG - process not up. Please wait for it to come up
2019-09-16 15:58:16,026 - CPE27-HKG2-SINGLE-CPE-DUAL-INTERNET15 - DEBUG - vsh status

~~~~~~~~~~~~~~~~~~~~~~~~~~~~~~~~~~~~~~~~~~~~~~~~~~~~~~~~~~~~~~~~~

The product evaluation period has expired.
 Please contact Versa Support (support@versa-networks.com) 

~~~~~~~~~~~~~~~~~~~~~~~~~~~~~~~~~~~~~~~~~~~~~~~~~~~~~~~~~~~~~~~~~

versa-service          is Stopped           
versa-infmgr           is Stopped           
versa-rfd              is Stopped           
versa-vmod             is Stopped           
versa-ip2user          is Stopped           
versa-imgr             is Stopped           
versa-acctmgrd         is Stopped           
versa-fltrmgr          is Stopped           
versa-vstated          is Stopped           
versa-spack            is Stopped           
versa-addrmgrd         is Stopped           
versa-rt-cli-xfm       is Stopped           
versa-rtd              is Stopped           
versa-dhcpd            is Stopped           
versa-eventd           is Stopped           
versa-vrrpd            is Stopped           
versa-dnsd             is Stopped           
versa-ppmd             is Stopped           
versa-snmp-xform       is Stopped           
versa-certd            is Stopped           
versa-ntpd             is Stopped           
versa-dhclient6        is Stopped           
versa-redis            is Stopped           
versa-av-redis         is Stopped           
versa-spackmgr         is Stopped           
versa-devmgr           is Stopped           
versa-monit            is Stopped           
versa-confd            is Running,          [-] process 1574
versa-fail2ban         is Stopped           
versa-auditd           is Stopped           
versa-nodejs           is Stopped           
[admin@CPE27-HKG2-SINGLE-CPE-DUAL-INTERNET14: ~] # 
2019-09-16 15:58:26,029 - CPE27-HKG2-SINGLE-CPE-DUAL-INTERNET15 - DEBUG - process not up. Please wait for it to come up
2019-09-16 15:58:26,648 - CPE27-HKG2-SINGLE-CPE-DUAL-INTERNET15 - DEBUG - vsh status

~~~~~~~~~~~~~~~~~~~~~~~~~~~~~~~~~~~~~~~~~~~~~~~~~~~~~~~~~~~~~~~~~

The product evaluation period has expired.
 Please contact Versa Support (support@versa-networks.com) 

~~~~~~~~~~~~~~~~~~~~~~~~~~~~~~~~~~~~~~~~~~~~~~~~~~~~~~~~~~~~~~~~~

versa-service          is Stopped           
versa-infmgr           is Stopped           
versa-rfd              is Stopped           
versa-vmod             is Stopped           
versa-ip2user          is Stopped           
versa-imgr             is Stopped           
versa-acctmgrd         is Stopped           
versa-fltrmgr          is Stopped           
versa-vstated          is Stopped           
versa-spack            is Stopped           
versa-addrmgrd         is Stopped           
versa-rt-cli-xfm       is Stopped           
versa-rtd              is Stopped           
versa-dhcpd            is Stopped           
versa-eventd           is Stopped           
versa-vrrpd            is Stopped           
versa-dnsd             is Stopped           
versa-ppmd             is Stopped           
versa-snmp-xform       is Stopped           
versa-certd            is Stopped           
versa-ntpd             is Stopped           
versa-dhclient6        is Stopped           
versa-redis            is Stopped           
versa-av-redis         is Stopped           
versa-spackmgr         is Stopped           
versa-devmgr           is Stopped           
versa-monit            is Stopped           
versa-confd            is Stopped           
versa-fail2ban         is Stopped           
versa-auditd           is Stopped           
versa-nodejs           is Stopped           
[admin@CPE27-HKG2-SINGLE-CPE-DUAL-INTERNET14: ~] # 
2019-09-16 15:58:36,648 - CPE27-HKG2-SINGLE-CPE-DUAL-INTERNET15 - DEBUG - process not up. Please wait for it to come up
2019-09-16 15:58:38,102 - CPE27-HKG2-SINGLE-CPE-DUAL-INTERNET15 - DEBUG - vsh status

~~~~~~~~~~~~~~~~~~~~~~~~~~~~~~~~~~~~~~~~~~~~~~~~~~~~~~~~~~~~~~~~~

The product evaluation period has expired.
 Please contact Versa Support (support@versa-networks.com) 

~~~~~~~~~~~~~~~~~~~~~~~~~~~~~~~~~~~~~~~~~~~~~~~~~~~~~~~~~~~~~~~~~


~~~~~~~~~~~~~~~~~~~~~~~~~~~~~~~~~~~~~~~~~~~~~~~~~~~~~~~~~~~~~~~~~

Netconf traffic yet to be allowed 

~~~~~~~~~~~~~~~~~~~~~~~~~~~~~~~~~~~~~~~~~~~~~~~~~~~~~~~~~~~~~~~~~

versa-service          is Stopped           
versa-infmgr           is Running,          [-] process 7697
versa-rfd              is Stopped           
versa-vmod             is Stopped           
versa-ip2user          is Stopped           
versa-imgr             is Stopped           
versa-acctmgrd         is Stopped           
versa-fltrmgr          is Running,          [-] process 7704
versa-vstated          is Running,          [-] process 7696
versa-spack            is Stopped           
versa-addrmgrd         is Stopped           
versa-rt-cli-xfm       is Stopped           
versa-rtd              is Stopped           
versa-dhcpd            is Running,          [-] process 7705
versa-eventd           is Stopped           
versa-vrrpd            is Running,          [-] process 7698
versa-dnsd             is Running,          [-] process 7699
versa-ppmd             is Stopped           
versa-snmp-xform       is Stopped           
versa-certd            is Stopped           
versa-ntpd             is Running,          [*] process 7684
versa-dhclient6        is Stopped           
versa-redis            is Running,          [-] process 7460
versa-av-redis         is Running,          [-] process 7461
versa-spackmgr         is Stopped           
versa-devmgr           is Stopped           
versa-monit            is Stopped           
versa-confd            is Running,          [*] process 7423
versa-fail2ban         is Stopped           
versa-auditd           is Stopped           
versa-nodejs           is Stopped           
[admin@CPE27-HKG2-SINGLE-CPE-DUAL-INTERNET14: ~] # 
2019-09-16 15:58:48,114 - CPE27-HKG2-SINGLE-CPE-DUAL-INTERNET15 - DEBUG - process not up. Please wait for it to come up
2019-09-16 15:58:50,572 - CPE27-HKG2-SINGLE-CPE-DUAL-INTERNET15 - DEBUG - vsh status

~~~~~~~~~~~~~~~~~~~~~~~~~~~~~~~~~~~~~~~~~~~~~~~~~~~~~~~~~~~~~~~~~

The product evaluation period has expired.
 Please contact Versa Support (support@versa-networks.com) 

~~~~~~~~~~~~~~~~~~~~~~~~~~~~~~~~~~~~~~~~~~~~~~~~~~~~~~~~~~~~~~~~~


~~~~~~~~~~~~~~~~~~~~~~~~~~~~~~~~~~~~~~~~~~~~~~~~~~~~~~~~~~~~~~~~~

Netconf traffic yet to be allowed 

~~~~~~~~~~~~~~~~~~~~~~~~~~~~~~~~~~~~~~~~~~~~~~~~~~~~~~~~~~~~~~~~~

versa-service          is Running,          [*] process 7941
versa-infmgr           is Running,          [-] process 7697
versa-rfd              is Running,          [-] process 8272
versa-vmod             is Running,          [-] process 8267
versa-ip2user          is Running,          [-] process 8276
versa-imgr             is Running,          [-] process 8284
versa-acctmgrd         is Running,          [-] process 8262
versa-fltrmgr          is Running,          [-] process 7704
versa-vstated          is Running,          [-] process 7696
versa-spack            is Running,          [-] process 8543
versa-addrmgrd         is Running,          [-] process 8277
versa-rt-cli-xfm       is Running,          [-] process 8233
versa-rtd              is Running,          [-] process 8255
versa-dhcpd            is Running,          [-] process 7705
versa-eventd           is Running,          [-] process 8263
versa-vrrpd            is Running,          [-] process 7698
versa-dnsd             is Running,          [-] process 7699
versa-ppmd             is Running,          [-] process 8222
versa-snmp-xform       is Running,          [-] process 8237
versa-certd            is Running,          [-] process 8282
versa-ntpd             is Running,          [*] process 7684
versa-dhclient6        is Running,          [-] process 8240
versa-redis            is Running,          [-] process 7460
versa-av-redis         is Running,          [-] process 7461
versa-spackmgr         is Running,          [-] process 8258
versa-devmgr           is Running,          [-] process 8412
versa-monit            is Running,          [*] process 8426
versa-confd            is Running,          [*] process 7423
versa-fail2ban         is Running,          [*] process 8454
versa-auditd           is Running,          [*] process 8469
versa-nodejs           is Running,          [-] process 8168
[admin@CPE27-HKG2-SINGLE-CPE-DUAL-INTERNET14: ~] # 
2019-09-16 15:59:00,572 - CPE27-HKG2-SINGLE-CPE-DUAL-INTERNET15 - DEBUG - process not up. Please wait for it to come up
2019-09-16 15:59:02,415 - CPE27-HKG2-SINGLE-CPE-DUAL-INTERNET15 - DEBUG - vsh status

~~~~~~~~~~~~~~~~~~~~~~~~~~~~~~~~~~~~~~~~~~~~~~~~~~~~~~~~~~~~~~~~~

The product evaluation period has expired.
 Please contact Versa Support (support@versa-networks.com) 

~~~~~~~~~~~~~~~~~~~~~~~~~~~~~~~~~~~~~~~~~~~~~~~~~~~~~~~~~~~~~~~~~

versa-service          is Running,          [*] process 7941
versa-infmgr           is Running,          [-] process 7697
versa-rfd              is Running,          [-] process 8272
versa-vmod             is Running,          [-] process 8267
versa-ip2user          is Running,          [-] process 8276
versa-imgr             is Running,          [-] process 8284
versa-acctmgrd         is Running,          [-] process 8262
versa-fltrmgr          is Running,          [-] process 7704
versa-vstated          is Running,          [-] process 7696
versa-spack            is Running,          [-] process 8543
versa-addrmgrd         is Running,          [-] process 8277
versa-rt-cli-xfm       is Running,          [-] process 8233
versa-rtd              is Running,          [-] process 8255
versa-dhcpd            is Running,          [-] process 7705
versa-eventd           is Running,          [-] process 8263
versa-vrrpd            is Running,          [-] process 7698
versa-dnsd             is Running,          [-] process 7699
versa-ppmd             is Running,          [-] process 8222
versa-snmp-xform       is Running,          [-] process 8237
versa-certd            is Running,          [-] process 8282
versa-ntpd             is Running,          [*] process 7684
versa-dhclient6        is Running,          [-] process 8240
versa-redis            is Running,          [-] process 9307
versa-av-redis         is Running,          [-] process 7461
versa-spackmgr         is Running,          [-] process 8258
versa-devmgr           is Running,          [-] process 8412
versa-monit            is Running,          [*] process 8426
versa-confd            is Running,          [*] process 7423
versa-fail2ban         is Running,          [*] process 8454
versa-auditd           is Running,          [*] process 8469
versa-nodejs           is Running,          [-] process 8168
[admin@CPE27-HKG2-SINGLE-CPE-DUAL-INTERNET14: ~] # 
2019-09-16 15:59:12,418 - CPE27-HKG2-SINGLE-CPE-DUAL-INTERNET15 - DEBUG - After breaking while
2019-09-16 15:59:14,030 - CPE27-HKG2-SINGLE-CPE-DUAL-INTERNET15 - DEBUG - 
~~~~~~~~~~~~~~~~~~~~~~~~~~~~~~~~~~~~~~~~~~~~~~~~~~~~~~~~~~~~~~~~~

The product evaluation period has expired.
 Please contact Versa Support (support@versa-networks.com) 

~~~~~~~~~~~~~~~~~~~~~~~~~~~~~~~~~~~~~~~~~~~~~~~~~~~~~~~~~~~~~~~~~

versa-service          is Running,          [*] process 7941
versa-infmgr           is Running,          [-] process 7697
versa-rfd              is Running,          [-] process 8272
versa-vmod             is Running,          [-] process 8267
versa-ip2user          is Running,          [-] process 8276
versa-imgr             is Running,          [-] process 8284
versa-acctmgrd         is Running,          [-] process 8262
versa-fltrmgr          is Running,          [-] process 7704
versa-vstated          is Running,          [-] process 7696
versa-spack            is Running,          [-] process 8543
versa-addrmgrd         is Running,          [-] process 8277
versa-rt-cli-xfm       is Running,          [-] process 8233
versa-rtd              is Running,          [-] process 8255
versa-dhcpd            is Running,          [-] process 7705
versa-eventd           is Running,          [-] process 8263
versa-vrrpd            is Running,          [-] process 7698
versa-dnsd             is Running,          [-] process 7699
versa-ppmd             is Running,          [-] process 8222
versa-snmp-xform       is Running,          [-] process 8237
versa-certd            is Running,          [-] process 8282
versa-ntpd             is Running,          [*] process 7684
versa-dhclient6        is Running,          [-] process 8240
versa-redis            is Running,          [-] process 9307
versa-av-redis         is Running,          [-] process 7461
versa-spackmgr         is Running,          [-] process 8258
versa-devmgr           is Running,          [-] process 8412
versa-monit            is Running,          [*] process 8426
versa-confd            is Running,          [*] process 7423
versa-fail2ban         is Running,          [*] process 8454
versa-auditd           is Running,          [*] process 8469
versa-nodejs           is Running,          [-] process 8168
2019-09-16 15:59:14,446 - CPE27-HKG2-SINGLE-CPE-DUAL-INTERNET15 - DEBUG - CPE27sSAB9
2019-09-16 15:59:14,861 - CPE27-HKG2-SINGLE-CPE-DUAL-INTERNET15 - DEBUG - CPE27tSAB9
2019-09-16 15:59:15,278 - CPE27-HKG2-SINGLE-CPE-DUAL-INTERNET15 - DEBUG - CPE27tSAB9
2019-09-16 15:59:15,680 - CPE27-HKG2-SINGLE-CPE-DUAL-INTERNET15 - DEBUG - E-DUAL-INTERNET1 
5  -r NV-WC01-N6-SIN@colt.net -rk 1234

2019-09-16 15:59:36,470 - CPE27-HKG2-SINGLE-CPE-DUAL-INTERNET15 - INFO - checking device info in VD.
2019-09-16 15:59:36,470 - CPE27-HKG2-SINGLE-CPE-DUAL-INTERNET15 - INFO - sleeping 50 secs
2019-09-16 16:00:27,259 - CPE27-HKG2-SINGLE-CPE-DUAL-INTERNET15 - INFO - checking device info in VD.
2019-09-16 16:00:27,259 - CPE27-HKG2-SINGLE-CPE-DUAL-INTERNET15 - INFO - sleeping 50 secs
2019-09-16 16:01:18,138 - CPE27-HKG2-SINGLE-CPE-DUAL-INTERNET15 - INFO - checking device info in VD.
2019-09-16 16:01:18,138 - CPE27-HKG2-SINGLE-CPE-DUAL-INTERNET15 - INFO - sleeping 50 secs
2019-09-16 16:02:08,918 - CPE27-HKG2-SINGLE-CPE-DUAL-INTERNET15 - INFO - checking device info in VD.
2019-09-16 16:02:08,918 - CPE27-HKG2-SINGLE-CPE-DUAL-INTERNET15 - INFO - sleeping 50 secs
2019-09-16 16:02:59,720 - CPE27-HKG2-SINGLE-CPE-DUAL-INTERNET15 - INFO - checking device info in VD.
2019-09-16 16:02:59,720 - CPE27-HKG2-SINGLE-CPE-DUAL-INTERNET15 - INFO - sleeping 50 secs
2019-09-16 16:03:50,512 - CPE27-HKG2-SINGLE-CPE-DUAL-INTERNET15 - INFO - checking device info in VD.
2019-09-16 16:03:50,512 - CPE27-HKG2-SINGLE-CPE-DUAL-INTERNET15 - INFO - sleeping 50 secs
2019-09-16 16:04:41,289 - CPE27-HKG2-SINGLE-CPE-DUAL-INTERNET15 - INFO - checking device info in VD.
2019-09-16 16:04:41,289 - CPE27-HKG2-SINGLE-CPE-DUAL-INTERNET15 - INFO - sleeping 50 secs
2019-09-16 16:05:32,148 - CPE27-HKG2-SINGLE-CPE-DUAL-INTERNET15 - INFO - checking device info in VD.
2019-09-16 16:05:32,148 - CPE27-HKG2-SINGLE-CPE-DUAL-INTERNET15 - INFO - sleeping 50 secs
2019-09-16 16:06:23,167 - CPE27-HKG2-SINGLE-CPE-DUAL-INTERNET15 - INFO - checking device info in VD.
2019-09-16 16:06:23,168 - CPE27-HKG2-SINGLE-CPE-DUAL-INTERNET15 - INFO - sleeping 50 secs
2019-09-16 16:07:14,006 - CPE27-HKG2-SINGLE-CPE-DUAL-INTERNET15 - INFO - checking device info in VD.
2019-09-16 16:07:14,006 - CPE27-HKG2-SINGLE-CPE-DUAL-INTERNET15 - INFO - sleeping 50 secs
2019-09-16 16:08:04,782 - CPE27-HKG2-SINGLE-CPE-DUAL-INTERNET15 - INFO - checking device info in VD.
2019-09-16 16:08:04,782 - CPE27-HKG2-SINGLE-CPE-DUAL-INTERNET15 - INFO - sleeping 50 secs
2019-09-16 16:08:55,595 - CPE27-HKG2-SINGLE-CPE-DUAL-INTERNET15 - INFO - checking device info in VD.
2019-09-16 16:08:55,595 - CPE27-HKG2-SINGLE-CPE-DUAL-INTERNET15 - INFO - sleeping 50 secs
2019-09-16 16:09:46,355 - CPE27-HKG2-SINGLE-CPE-DUAL-INTERNET15 - INFO - checking device info in VD.
2019-09-16 16:09:46,355 - CPE27-HKG2-SINGLE-CPE-DUAL-INTERNET15 - INFO - sleeping 50 secs
2019-09-16 16:10:40,789 - CPE27-HKG2-SINGLE-CPE-DUAL-INTERNET15 - INFO - checking device info in VD.
2019-09-16 16:10:40,789 - CPE27-HKG2-SINGLE-CPE-DUAL-INTERNET15 - INFO - sleeping 50 secs
2019-09-16 16:11:31,842 - CPE27-HKG2-SINGLE-CPE-DUAL-INTERNET15 - INFO - checking device info in VD.
2019-09-16 16:11:31,842 - CPE27-HKG2-SINGLE-CPE-DUAL-INTERNET15 - INFO - sleeping 50 secs
2019-09-16 16:12:22,671 - CPE27-HKG2-SINGLE-CPE-DUAL-INTERNET15 - INFO - 
 	 >>>>>>>>>>>> CPE ONBOARDING PASSED <<<<<<<<<<<<
 	 >>>>>>>>>>>>    CPE DETAILS        <<<<<<<<<<<<
2019-09-16 16:12:23,545 - CPE27-HKG2-SINGLE-CPE-DUAL-INTERNET15 - INFO - None
2019-09-16 16:12:23,545 - CPE27-HKG2-SINGLE-CPE-DUAL-INTERNET15 - INFO - CPE ONBOARDINIG SCRIPT COMPLETED
2019-09-16 16:12:23,545 - CPE27-HKG2-SINGLE-CPE-DUAL-INTERNET15 - INFO - Time elapsed: 0:17:09.784000

2019-09-16 16:12:23,545 - CPE27-HKG2-SINGLE-CPE-DUAL-INTERNET15 - INFO - LOG FILE PATH : C:\Softwares_mine\stefano\NV_REPOSITORY\csit/LOGS/2019_09_16_15_55_13_761000/MAIN.log
