2020-01-16 18:25:12,029 - VD1 - DEBUG - <netmiko.versa.versa_ssh.VersaSSH object at 0x000000000D608710>
2020-01-16 18:25:17,233 - VD1 - DEBUG - versa: Automated@VDir-BLR-NEW-01>
2020-01-16 18:25:17,233 - CPE11-HKG-HYBRD-IPC00190 - INFO - CPE NAME:CPE11-HKG-HYBRD-IPC00190
2020-01-16 18:25:18,233 - CPE11-HKG-HYBRD-IPC00190 - INFO - SOLUTION SELECTED:SINGLE-CPE-HYBRID
2020-01-16 18:25:18,581 - VD1 - DEBUG - configure private
Entering configuration mode private
[ok][2020-01-16 12:55:30]

[edit]
Automated@VDir-BLR-NEW-01% 
2020-01-16 18:25:18,588 - VD1 - DEBUG - True
2020-01-16 18:25:18,992 - VD1 - DEBUG - move devices device CPE11-HKG-HYBRD-IPC00190config orgs org-services IPC00190sd-wan policies Default-Policyrules DSTIP_MATCHfirst
-----------------------------------------------^
syntax error: element does not exist
[error][2020-01-16 12:55:31]

[edit]
Automated@VDir-BLR-NEW-01% 
2020-01-16 18:25:19,401 - VD1 - DEBUG - commit and-quit
No modifications to commit.
[ok][2020-01-16 12:55:31]
Automated@VDir-BLR-NEW-01> 
2020-01-16 18:25:19,401 - VD1 - INFO - >>>>>>>>>> CREATE POLICY RULE PASSED. <<<<<<<<<<<
