2020-03-31 15:34:55,809 - CPE27-HKG1-SINGLE-CPE-INTONLY-IPC00190 - INFO - LOG FILE PATH : C:\Softwares_mine\stefano\NV_REPOSITORY\csit/LOGS/2020_03_31_15_34_43_909000/MAIN.log
2020-03-31 15:34:55,809 - CPE27-HKG1-SINGLE-CPE-INTONLY-IPC00190 - INFO - CPE NAME:CPE27-HKG1-SINGLE-CPE-INTONLY-IPC00190
2020-03-31 15:34:56,811 - CPE27-HKG1-SINGLE-CPE-INTONLY-IPC00190 - INFO - SOLUTION SELECTED:SINGLE-CPE-INTERNET-ONLY
2020-03-31 15:34:58,141 - CPE27-HKG1-SINGLE-CPE-INTONLY-IPC00190 - DEBUG - {u'versanms.sdwan-org-workflow': {u'ikeAuthType': u'psk', u'globalId': 90, u'orgName': u'IPC00190', u'controllers': [u'NV-WC01-N1-HKG', u'NV-WC01-N6-SIN', u'NV-WC02-N1-HKG', u'NV-WC02-N6-SIN'], u'bandwidth': 10, u'parentOrg': u'Colt', u'vrfs': [{u'name': u'LAN1-VRF', u'enableVPN': True, u'id': 1020}, {u'name': u'LAN2-VRF', u'enableVPN': True, u'id': 1021}, {u'name': u'LAN3-VRF', u'enableVPN': True, u'id': 1022}, {u'name': u'LAN4-VRF', u'enableVPN': True, u'id': 1023}, {u'name': u'LAN5-VRF', u'enableVPN': True, u'id': 1024}, {u'name': u'LAN6-VRF', u'enableVPN': True, u'id': 1025}, {u'name': u'LAN7-VRF', u'enableVPN': True, u'id': 1026}, {u'name': u'LAN8-VRF', u'enableVPN': True, u'id': 1027}, {u'name': u'LAN9-VRF', u'enableVPN': True, u'id': 1028}, {u'name': u'LAN10-VRF', u'enableVPN': True, u'id': 1029}], u'solutionTier': u'base-sdwan', u'sharedControlPlane': False}}
2020-03-31 15:34:58,148 - CPE27-HKG1-SINGLE-CPE-INTONLY-IPC00190 - INFO - 
STEP :CHECK ORG is available in Controller NV-WC01-N1-HKG
2020-03-31 15:34:58,148 - CPE27-HKG1-SINGLE-CPE-INTONLY-IPC00190 - INFO - PASS
2020-03-31 15:34:58,549 - CPE27-HKG1-SINGLE-CPE-INTONLY-IPC00190 - DEBUG - {u'versanms.sdwan-org-workflow': {u'ikeAuthType': u'psk', u'globalId': 90, u'orgName': u'IPC00190', u'controllers': [u'NV-WC01-N1-HKG', u'NV-WC01-N6-SIN', u'NV-WC02-N1-HKG', u'NV-WC02-N6-SIN'], u'bandwidth': 10, u'parentOrg': u'Colt', u'vrfs': [{u'name': u'LAN1-VRF', u'enableVPN': True, u'id': 1020}, {u'name': u'LAN2-VRF', u'enableVPN': True, u'id': 1021}, {u'name': u'LAN3-VRF', u'enableVPN': True, u'id': 1022}, {u'name': u'LAN4-VRF', u'enableVPN': True, u'id': 1023}, {u'name': u'LAN5-VRF', u'enableVPN': True, u'id': 1024}, {u'name': u'LAN6-VRF', u'enableVPN': True, u'id': 1025}, {u'name': u'LAN7-VRF', u'enableVPN': True, u'id': 1026}, {u'name': u'LAN8-VRF', u'enableVPN': True, u'id': 1027}, {u'name': u'LAN9-VRF', u'enableVPN': True, u'id': 1028}, {u'name': u'LAN10-VRF', u'enableVPN': True, u'id': 1029}], u'solutionTier': u'base-sdwan', u'sharedControlPlane': False}}
2020-03-31 15:34:58,549 - CPE27-HKG1-SINGLE-CPE-INTONLY-IPC00190 - INFO - 
STEP :CHECK ORG is available in Controller NV-WC02-N6-SIN
2020-03-31 15:34:58,549 - CPE27-HKG1-SINGLE-CPE-INTONLY-IPC00190 - INFO - PASS
2020-03-31 15:34:58,921 - CPE27-HKG1-SINGLE-CPE-INTONLY-IPC00190 - DEBUG - {u'versanms.sdwan-org-workflow': {u'ikeAuthType': u'psk', u'globalId': 90, u'orgName': u'IPC00190', u'controllers': [u'NV-WC01-N1-HKG', u'NV-WC01-N6-SIN', u'NV-WC02-N1-HKG', u'NV-WC02-N6-SIN'], u'bandwidth': 10, u'parentOrg': u'Colt', u'vrfs': [{u'name': u'LAN1-VRF', u'enableVPN': True, u'id': 1020}, {u'name': u'LAN2-VRF', u'enableVPN': True, u'id': 1021}, {u'name': u'LAN3-VRF', u'enableVPN': True, u'id': 1022}, {u'name': u'LAN4-VRF', u'enableVPN': True, u'id': 1023}, {u'name': u'LAN5-VRF', u'enableVPN': True, u'id': 1024}, {u'name': u'LAN6-VRF', u'enableVPN': True, u'id': 1025}, {u'name': u'LAN7-VRF', u'enableVPN': True, u'id': 1026}, {u'name': u'LAN8-VRF', u'enableVPN': True, u'id': 1027}, {u'name': u'LAN9-VRF', u'enableVPN': True, u'id': 1028}, {u'name': u'LAN10-VRF', u'enableVPN': True, u'id': 1029}], u'solutionTier': u'base-sdwan', u'sharedControlPlane': False}}
2020-03-31 15:34:58,921 - CPE27-HKG1-SINGLE-CPE-INTONLY-IPC00190 - INFO - 
STEP :CHECK ORG is available in Controller NV-WC02-N1-HKG
2020-03-31 15:34:58,923 - CPE27-HKG1-SINGLE-CPE-INTONLY-IPC00190 - INFO - PASS
2020-03-31 15:34:58,923 - CPE27-HKG1-SINGLE-CPE-INTONLY-IPC00190 - INFO - 
STEP :POST STAGING TEMPLATE CREATION AND DEPLOYMENT
2020-03-31 15:34:58,944 - CPE27-HKG1-SINGLE-CPE-INTONLY-IPC00190 - DEBUG - {
	"versanms.sdwan-template-workflow": {
		"templateName": "IPC00190-HKG01-NEW-PS-INT",
		"templateType": "sdwan-post-staging",
		"controllers": ["NV-WC01-N1-HKG", "NV-WC02-N1-HKG"],
		"providerOrg": {
			"name": "IPC00190",
			"statefulFW": true,
			"nextGenFW": false
		},
		"analyticsCluster": "LogCollectors-GGN",
		"deviceFirmfactor": "6",
		"wanInterfaces": [{
			"interfaceName": "vni-0/1",
			"pppoe": false,
			"unitInfo": [{
				"subUnit": 0,
				"vlanId": 0,
				"networkName": "INT-WAN","ipv4Static": true,
				"ipv4Dhcp": false,
				"ipv6Static": false,
				"ipv6Dhcp": false,
				"allowSSH": false,
				"monitor": {},
				"linkPriority": "",
				"transportDomains": ["INTERNET-TD"]
			}]
		}],
		"deviceType": "full-mesh",
		"redundantPair": {
			"enable": false
		},
		"lanInterfaces": [{
			"interfaceName": "vni-0/4",
			"unitInfo": [
			{
				"subUnit": "{$v_vni-0-4_LAN1_Unit-0__unit}",
				"vlanId": "{$v_vni-0-4_LAN1_Unit-0__vlanId}",
				"networkName": "LAN1",
				"subOrganization": "IPC00190",
				"ipv4Static": true,
				"ipv4Dhcp": false,
				"ip6Static": false,
				"ipv6Dhcp": false,
				"vrfName": "LAN1-VRF",
				"zoneName": ""
			}
            
                    ,{
				"subUnit": "{$v_vni-0-4_LAN2_Unit-1__unit}",
				"vlanId": "{$v_vni-0-4_LAN2_Unit-1__vlanId}",
				"networkName": "LAN2",
				"subOrganization": "IPC00190",
				"ipv4Static": true,
				"ipv4Dhcp": false,
				"ip6Static": false,
				"ipv6Dhcp": false,
				"vrfName": "LAN2-VRF",
				"zoneName": ""
			}
            
                    ,{
				"subUnit": "{$v_vni-0-4_LAN3_Unit-2__unit}",
				"vlanId": "{$v_vni-0-4_LAN3_Unit-2__vlanId}",
				"networkName": "LAN3",
				"subOrganization": "IPC00190",
				"ipv4Static": true,
				"ipv4Dhcp": false,
				"ip6Static": false,
				"ipv6Dhcp": false,
				"vrfName": "LAN3-VRF",
				"zoneName": ""
			}
            
                    ,{
				"subUnit": "{$v_vni-0-4_LAN4_Unit-3__unit}",
				"vlanId": "{$v_vni-0-4_LAN4_Unit-3__vlanId}",
				"networkName": "LAN4",
				"subOrganization": "IPC00190",
				"ipv4Static": true,
				"ipv4Dhcp": false,
				"ip6Static": false,
				"ipv6Dhcp": false,
				"vrfName": "LAN4-VRF",
				"zoneName": ""
			}
            
                    ,{
				"subUnit": "{$v_vni-0-4_LAN5_Unit-4__unit}",
				"vlanId": "{$v_vni-0-4_LAN5_Unit-4__vlanId}",
				"networkName": "LAN5",
				"subOrganization": "IPC00190",
				"ipv4Static": true,
				"ipv4Dhcp": false,
				"ip6Static": false,
				"ipv6Dhcp": false,
				"vrfName": "LAN5-VRF",
				"zoneName": ""
			}
            
        ]
		}],
		"solutionTier": "standard-sdwan-plus-ngfw",
		"bandwidth": 1000,
		"customParams": [],
		"minimumImageVersion": "16.1R2-S9",
		"isAnalyticsEnabled": true,
		"isPrimary": true,
		"diaConfig": {
			"loadBalance": false
		},
		"splitTunnels": [
        {
			"vrfName": "LAN1-VRF",
			"wanNetworkName": "INT-WAN",
			"dia": true,
			"gateway": false
		}
        
        ,{
			"vrfName": "LAN2-VRF",
			"wanNetworkName": "INT-WAN",
			"dia": true,
			"gateway": false
		}
        
        ,{
			"vrfName": "LAN3-VRF",
			"wanNetworkName": "INT-WAN",
			"dia": true,
			"gateway": false
		}
        
        ,{
			"vrfName": "LAN4-VRF",
			"wanNetworkName": "INT-WAN",
			"dia": true,
			"gateway": false
		}
        
        ,{
			"vrfName": "LAN5-VRF",
			"wanNetworkName": "INT-WAN",
			"dia": true,
			"gateway": false
		}
        
		],
		"inBoundNats": []
	}
}

2020-03-31 15:35:00,436 - CPE27-HKG1-SINGLE-CPE-INTONLY-IPC00190 - DEBUG - <Response [200]>
2020-03-31 15:35:00,437 - CPE27-HKG1-SINGLE-CPE-INTONLY-IPC00190 - DEBUG - 
PASS
2020-03-31 15:35:00,437 - CPE27-HKG1-SINGLE-CPE-INTONLY-IPC00190 - INFO - >>>>>>>>>> POST STAGING TEMPLATE CREATION PASSED. <<<<<<<<<<<
2020-03-31 15:35:05,489 - CPE27-HKG1-SINGLE-CPE-INTONLY-IPC00190 - DEBUG - [{"organization":"IPC00190","serviceTemplate":"COMMON-SFW-TEMPLATE5"}]
2020-03-31 15:35:05,625 - CPE27-HKG1-SINGLE-CPE-INTONLY-IPC00190 - DEBUG - <Response [500]>
2020-03-31 15:35:05,625 - CPE27-HKG1-SINGLE-CPE-INTONLY-IPC00190 - ERROR - {"timestamp":1585649190318,"status":500,"error":"Internal Server Error","exception":"org.springframework.orm.jpa.JpaSystemException","message":"Error while committing the transaction; nested exception is javax.persistence.RollbackException: Error while committing the transaction","path":"/nextgen/template/IPC00190-HKG01-NEW-PS-INT/associations"}
2020-03-31 15:35:05,625 - CPE27-HKG1-SINGLE-CPE-INTONLY-IPC00190 - DEBUG - 
FAIL : {"timestamp":1585649190318,"status":500,"error":"Internal Server Error","exception":"org.springframework.orm.jpa.JpaSystemException","message":"Error while committing the transaction; nested exception is javax.persistence.RollbackException: Error while committing the transaction","path":"/nextgen/template/IPC00190-HKG01-NEW-PS-INT/associations"}
2020-03-31 15:35:05,625 - CPE27-HKG1-SINGLE-CPE-INTONLY-IPC00190 - INFO - >>>>>>>>>> FW PROFILE ASSOCIATION WITH POST STAGING TEMPLATE FAILED. <<<<<<<<<<<
