2020-02-18 12:21:38,499 - VD1 - DEBUG - <netmiko.versa.versa_ssh.VersaSSH object at 0x000000000D9CDBA8>
2020-02-18 12:21:43,700 - VD1 - DEBUG - versa: Automated@VDir-BLR-NEW-01>
2020-02-18 12:21:48,482 - CPE11-HKG-HYBRD-IPC00190 - DEBUG - <netmiko.versa.versa_ssh.VersaSSH object at 0x000000000DA49BA8>
2020-02-18 12:21:53,706 - CPE11-HKG-HYBRD-IPC00190 - DEBUG - versa: Automated@VDir-BLR-NEW-01>
2020-02-18 12:22:17,667 - CPE12-HKG-HYBRD-IPC00190 - DEBUG - <netmiko.versa.versa_ssh.VersaSSH object at 0x000000000DA6B9B0>
2020-02-18 12:22:22,868 - CPE12-HKG-HYBRD-IPC00190 - DEBUG - versa: Automated@VDir-BLR-NEW-01>
2020-02-18 12:23:19,388 - CPE11-HKG-HYBRD-IPC00190 - INFO - 
CREATE SLA profile

2020-02-18 12:23:21,954 - CPE11-HKG-HYBRD-IPC00190 - DEBUG - <Response [201]>
2020-02-18 12:23:21,956 - CPE11-HKG-HYBRD-IPC00190 - INFO - 
PASS
2020-02-18 12:23:21,957 - CPE11-HKG-HYBRD-IPC00190 - INFO - >>>>>>>>>> CREATE SLA Profile PASSED. <<<<<<<<<<<
2020-02-18 12:23:21,964 - CPE11-HKG-HYBRD-IPC00190 - INFO - 
CREATE FWD PROFILE

2020-02-18 12:23:23,839 - CPE11-HKG-HYBRD-IPC00190 - DEBUG - <Response [201]>
2020-02-18 12:23:23,839 - CPE11-HKG-HYBRD-IPC00190 - INFO - 
PASS
2020-02-18 12:23:23,839 - CPE11-HKG-HYBRD-IPC00190 - INFO - >>>>>>>>>> FORWARDING PROFILE CREATION PASSED. <<<<<<<<<<<
2020-02-18 12:23:23,842 - CPE11-HKG-HYBRD-IPC00190 - INFO - 
CREATE IPaddress Object

2020-02-18 12:23:25,500 - CPE11-HKG-HYBRD-IPC00190 - DEBUG - <Response [201]>
2020-02-18 12:23:25,500 - CPE11-HKG-HYBRD-IPC00190 - INFO - 
PASS
2020-02-18 12:23:25,500 - CPE11-HKG-HYBRD-IPC00190 - INFO - >>>>>>>>>> ADDRESS OBJECT CREATION PASSED. <<<<<<<<<<<
2020-02-18 12:23:25,500 - CPE11-HKG-HYBRD-IPC00190 - INFO - 
CREATE Policy rule

2020-02-18 12:23:27,749 - CPE11-HKG-HYBRD-IPC00190 - DEBUG - <Response [201]>
2020-02-18 12:23:27,749 - CPE11-HKG-HYBRD-IPC00190 - INFO - 
PASS
2020-02-18 12:23:27,749 - CPE11-HKG-HYBRD-IPC00190 - INFO - >>>>>>>>>> CREATE POLICY RULE PASSED. <<<<<<<<<<<
2020-02-18 12:26:29,686 - CPE11-HKG-HYBRD-IPC00190 - INFO - 
DELETE IPaddress Object

2020-02-18 12:26:33,088 - CPE11-HKG-HYBRD-IPC00190 - INFO - 
PASS
2020-02-18 12:26:33,088 - CPE11-HKG-HYBRD-IPC00190 - INFO - >>>>>>>>>> Policy rule DELETION PASSED. <<<<<<<<<<<
2020-02-18 12:26:33,092 - CPE11-HKG-HYBRD-IPC00190 - INFO - 
DELETE IPaddress Object

2020-02-18 12:26:35,434 - CPE11-HKG-HYBRD-IPC00190 - INFO - 
PASS
2020-02-18 12:26:35,434 - CPE11-HKG-HYBRD-IPC00190 - INFO - >>>>>>>>>> ADDRESS OBJECT DELETION PASSED. <<<<<<<<<<<
2020-02-18 12:26:35,437 - CPE11-HKG-HYBRD-IPC00190 - INFO - 
DELETE FWD PROFILE

2020-02-18 12:26:37,918 - CPE11-HKG-HYBRD-IPC00190 - INFO - 
PASS
2020-02-18 12:26:37,920 - CPE11-HKG-HYBRD-IPC00190 - INFO - >>>>>>>>>> FORWARDING PROFILE DELETION PASSED. <<<<<<<<<<<
2020-02-18 12:26:37,926 - CPE11-HKG-HYBRD-IPC00190 - INFO - 
DELETE SLA profile

2020-02-18 12:26:40,177 - CPE11-HKG-HYBRD-IPC00190 - INFO - 
PASS
2020-02-18 12:26:40,177 - CPE11-HKG-HYBRD-IPC00190 - INFO - >>>>>>>>>> DELETE SLA Profile PASSED. <<<<<<<<<<<
