2019-05-29 12:43:23,651 - VD1 - INFO - ORG NAME:SAMPLE199
2019-05-29 12:43:27,194 - VD1 - DEBUG - {
  "versanms.sdwan-org-workflow": {
    "orgName": "SAMPLE199",
    "globalId": "199",
    "parentOrg": "Colt",
    "ikeAuthType": "psk",
    "sharedControlPlane": false,
    "controllers": ["NV-WC01-N3-GGN", "NV-WC02-N1-HKG", "NV-WC01-N1-HKG"],
    "vrfs": [{ "name": "LAN1-VRF", "id": "2110", "enableVPN": "true", "tooltip": "" }],
    "supportedRoles": []
  }
}
2019-05-29 12:45:20,437 - VD1 - INFO - <Response [200]>
2019-05-29 12:45:20,437 - VD1 - INFO - PASS
2019-05-29 12:45:30,612 - VD1 - INFO - 20386
2019-05-29 12:45:56,684 - VD1 - INFO - FAILED : illegal reference /ncs:devices/device{NV-WC02-N3-GGN}/config/orgs/org-services{SAMPLE199}/name
2019-05-29 12:45:56,693 - VD1 - INFO - 
********************
RESULT:
ORG DEPLOYMENT : FAILED : illegal reference /ncs:devices/device{NV-WC02-N3-GGN}/config/orgs/org-services{SAMPLE199}/name

********************

