2019-05-29 11:23:29,424 - VD1 - INFO - ORG NAME:SAMPLE6
2019-05-29 11:23:32,351 - VD1 - DEBUG - {
  "versanms.sdwan-org-workflow": {
    "orgName": "SAMPLE6",
    "globalId": "206",
    "parentOrg": "Colt",
    "ikeAuthType": "psk",
    "sharedControlPlane": false,
    "controllers": ["NV-WC01-N3-GGN", "NV-WC02-N1-HKG", "NV-WC01-N1-HKG"],
    "vrfs": [{ "name": "LAN1-VRF", "id": "2180", "enableVPN": "true", "tooltip": "" }],
    "supportedRoles": []
  }
}
2019-05-29 11:23:33,651 - VD1 - INFO - <Response [200]>
2019-05-29 11:23:33,651 - VD1 - INFO - PASS
2019-05-29 11:23:43,828 - VD1 - INFO - 16585
2019-05-29 11:23:54,285 - VD1 - INFO - FAILED : com.versa.vnms.cdbadaptor.common.exception.ProcessingFailureException: Controller details not found for: NV-WC01-N1-HKG
2019-05-29 11:23:54,285 - VD1 - INFO - 
********************
RESULT:
ORG DEPLOYMENT : FAILED : com.versa.vnms.cdbadaptor.common.exception.ProcessingFailureException: Controller details not found for: NV-WC01-N1-HKG

********************

