2019-02-12 11:13:04,207 - VD1 - INFO - ORG NAME:LONBUN
2019-02-12 11:13:08,906 - VD1 - DEBUG - {
  "versanms.sdwan-org-workflow": {
    "orgName": "LONBUN",
    "globalId": "152",
    "parentOrg": "Colt",
    "ikeAuthType": "psk",
    "sharedControlPlane": false,
    "controllers": ["NV-WC01-N2-BLR", "NV-WC02-N4-MUM", "NV-WC01-N5-LON", "NV-WC02-N5-LON"],
    "vrfs": [{ "name": "LAN1-VRF", "id": "1640", "enableVPN": "true", "tooltip": "" }],
    "supportedRoles": []
  }
}
2019-02-12 11:13:09,441 - VD1 - INFO - <Response [200]>
2019-02-12 11:13:09,441 - VD1 - INFO - PASS
2019-02-12 11:13:19,558 - VD1 - INFO - 15085
2019-02-12 11:13:50,378 - VD1 - INFO - FAILED : com.versa.vnms.cdbadaptor.common.exception.ProcessingFailureException: Failed to fetch org-id for org: ServiceProvider
2019-02-12 11:13:50,379 - VD1 - INFO - 
********************
RESULT:
ORG DEPLOYMENT : FAILED : com.versa.vnms.cdbadaptor.common.exception.ProcessingFailureException: Failed to fetch org-id for org: ServiceProvider

********************

