2019-07-17 17:54:26,290 - VD1 - INFO - ORG NAME:IPC00185
2019-07-17 17:54:34,638 - VD1 - DEBUG - {
  "versanms.sdwan-org-workflow": {
    "orgName": "IPC00185",
    "globalId": "85",
    "parentOrg": "Colt",
    "ikeAuthType": "psk",
    "sharedControlPlane": false,
    "controllers": ["NV-WC01-N1-HKG", "NV-WC02-N6-SIN", "NV-WC02-N1-HKG", "NV-WC01-N6-SIN"],
    "vrfs": [{ "name": "LAN1-VRF", "id": "970", "enableVPN": "true", "tooltip": "" }],
    "supportedRoles": []
  }
}
2019-07-17 17:54:42,490 - VD1 - INFO - <Response [401]>
2019-07-17 17:54:42,492 - VD1 - INFO - {"error":{"http_status_code":401,"code":4001,"message":"Unauthenticated","description":"Invalid user name or password.","more_info":"http://nms.versa.com/errors/4001"}}
2019-07-17 17:54:42,499 - VD1 - INFO - FAIL : {"error":{"http_status_code":401,"code":4001,"message":"Unauthenticated","description":"Invalid user name or password.","more_info":"http://nms.versa.com/errors/4001"}}
2019-07-17 17:54:42,499 - VD1 - INFO - 
********************
RESULT:
ORG DEPLOYMENT : FAIL : {"error":{"http_status_code":401,"code":4001,"message":"Unauthenticated","description":"Invalid user name or password.","more_info":"http://nms.versa.com/errors/4001"}}

********************

