2019-06-04 14:49:26,460 - CPE25-GGN-HYBRID - INFO - CPE NAME:CPE25-GGN-HYBRID
2019-06-04 14:49:27,467 - CPE25-GGN-HYBRID - INFO - SOLUTION SELECTED:SINGLE-CPE-HYBRID
2019-06-04 14:49:28,680 - CPE25-GGN-HYBRID - INFO - {u'versanms.sdwan-org-workflow': {u'ikeAuthType': u'psk', u'globalId': 42, u'orgName': u'IPC00142', u'controllers': [u'NV-WC01-N3-GGN', u'NV-WC01-N6-SIN', u'NV-WC02-N3-GGN', u'NV-WC02-N6-SIN'], u'bandwidth': 10, u'parentOrg': u'Colt', u'vrfs': [{u'name': u'LAN1-VRF', u'enableVPN': True, u'id': 540}, {u'name': u'LAN2-VRF', u'enableVPN': True, u'id': 541}], u'solutionTier': u'base-sdwan', u'sharedControlPlane': False}}
2019-06-04 14:49:28,892 - CPE25-GGN-HYBRID - INFO - {u'versanms.sdwan-org-workflow': {u'ikeAuthType': u'psk', u'globalId': 42, u'orgName': u'IPC00142', u'controllers': [u'NV-WC01-N3-GGN', u'NV-WC01-N6-SIN', u'NV-WC02-N3-GGN', u'NV-WC02-N6-SIN'], u'bandwidth': 10, u'parentOrg': u'Colt', u'vrfs': [{u'name': u'LAN1-VRF', u'enableVPN': True, u'id': 540}, {u'name': u'LAN2-VRF', u'enableVPN': True, u'id': 541}], u'solutionTier': u'base-sdwan', u'sharedControlPlane': False}}
2019-06-04 14:49:29,098 - CPE25-GGN-HYBRID - INFO - {u'versanms.sdwan-org-workflow': {u'ikeAuthType': u'psk', u'globalId': 42, u'orgName': u'IPC00142', u'controllers': [u'NV-WC01-N3-GGN', u'NV-WC01-N6-SIN', u'NV-WC02-N3-GGN', u'NV-WC02-N6-SIN'], u'bandwidth': 10, u'parentOrg': u'Colt', u'vrfs': [{u'name': u'LAN1-VRF', u'enableVPN': True, u'id': 540}, {u'name': u'LAN2-VRF', u'enableVPN': True, u'id': 541}], u'solutionTier': u'base-sdwan', u'sharedControlPlane': False}}
2019-06-04 14:49:29,098 - CPE25-GGN-HYBRID - INFO - 
STEP : POST STAGING TEMPLATE CREATION AND DEPLOYMENT

2019-06-04 14:49:29,118 - CPE25-GGN-HYBRID - INFO - {
	"versanms.sdwan-template-workflow": {
		"templateName": "IPC00142-GGN-PS-HS-LIB",
		"templateType": "sdwan-post-staging",
		"controllers": ["NV-WC01-N3-GGN", "NV-WC02-N3-GGN"],
		"providerOrg": {
			"name": "IPC00142",
			"statefulFW": true,
			"nextGenFW": false
		},
		"analyticsCluster": "VAN-Cluster",
		"deviceFirmfactor": "6",
		"wanInterfaces": [{
			"interfaceName": "vni-0/1",
			"pppoe": false,
			"unitInfo": [{
				"subUnit": 0,
				"vlanId": 0,
				"networkName": "MPLS-WAN",
				"ipv4Static": true,
				"ipv4Dhcp": false,
				"ipv6Static": false,
				"ipv6Dhcp": false,
				"allowSSH": false,
				"monitor": {},
				"linkPriority": "",
				"transportDomains": ["MPLS-TD"]
			}]
		}, {
			"interfaceName": "vni-0/2",
			"pppoe": false,
			"unitInfo": [{
				"subUnit": 0,
				"vlanId": 0,
				"networkName": "INT-WAN","ipv4Static": true,
				"ipv4Dhcp": false,
				"ipv6Static": false,
				"ipv6Dhcp": false,
				"allowSSH": false,
				"monitor": {},
				"linkPriority": "",
				"transportDomains": ["INTERNET-TD"]
			}]
		}],
		"deviceType": "full-mesh",
		"redundantPair": {
			"enable": false
		},
		"lanInterfaces": [{
			"interfaceName": "vni-0/4",
			"unitInfo": [
			{
				"subUnit": "{$v_vni-0-4_LAN1_Unit-0__unit}",
				"vlanId": "{$v_vni-0-4_LAN1_Unit-0__vlanId}",
				"networkName": "LAN1",
				"subOrganization": "IPC00142",
				"ipv4Static": true,
				"ipv4Dhcp": false,
				"ip6Static": false,
				"ipv6Dhcp": false,
				"vrfName": "LAN1-VRF",
				"zoneName": ""
			}
            
                    ,{
				"subUnit": "{$v_vni-0-4_LAN2_Unit-1__unit}",
				"vlanId": "{$v_vni-0-4_LAN2_Unit-1__vlanId}",
				"networkName": "LAN2",
				"subOrganization": "IPC00142",
				"ipv4Static": true,
				"ipv4Dhcp": false,
				"ip6Static": false,
				"ipv6Dhcp": false,
				"vrfName": "LAN2-VRF",
				"zoneName": ""
			}
            
                    ,{
				"subUnit": "{$v_vni-0-4_LAN3_Unit-2__unit}",
				"vlanId": "{$v_vni-0-4_LAN3_Unit-2__vlanId}",
				"networkName": "LAN3",
				"subOrganization": "IPC00142",
				"ipv4Static": true,
				"ipv4Dhcp": false,
				"ip6Static": false,
				"ipv6Dhcp": false,
				"vrfName": "LAN3-VRF",
				"zoneName": ""
			}
            
                    ,{
				"subUnit": "{$v_vni-0-4_LAN4_Unit-3__unit}",
				"vlanId": "{$v_vni-0-4_LAN4_Unit-3__vlanId}",
				"networkName": "LAN4",
				"subOrganization": "IPC00142",
				"ipv4Static": true,
				"ipv4Dhcp": false,
				"ip6Static": false,
				"ipv6Dhcp": false,
				"vrfName": "LAN4-VRF",
				"zoneName": ""
			}
            
                    ,{
				"subUnit": "{$v_vni-0-4_LAN5_Unit-4__unit}",
				"vlanId": "{$v_vni-0-4_LAN5_Unit-4__vlanId}",
				"networkName": "LAN5",
				"subOrganization": "IPC00142",
				"ipv4Static": true,
				"ipv4Dhcp": false,
				"ip6Static": false,
				"ipv6Dhcp": false,
				"vrfName": "LAN5-VRF",
				"zoneName": ""
			}
            
                    ,{
				"subUnit": "{$v_vni-0-4_LAN6_Unit-5__unit}",
				"vlanId": "{$v_vni-0-4_LAN6_Unit-5__vlanId}",
				"networkName": "LAN6",
				"subOrganization": "IPC00142",
				"ipv4Static": true,
				"ipv4Dhcp": false,
				"ip6Static": false,
				"ipv6Dhcp": false,
				"vrfName": "LAN6-VRF",
				"zoneName": ""
			}
            
                    ,{
				"subUnit": "{$v_vni-0-4_LAN7_Unit-6__unit}",
				"vlanId": "{$v_vni-0-4_LAN7_Unit-6__vlanId}",
				"networkName": "LAN7",
				"subOrganization": "IPC00142",
				"ipv4Static": true,
				"ipv4Dhcp": false,
				"ip6Static": false,
				"ipv6Dhcp": false,
				"vrfName": "LAN7-VRF",
				"zoneName": ""
			}
            
                    ,{
				"subUnit": "{$v_vni-0-4_LAN8_Unit-7__unit}",
				"vlanId": "{$v_vni-0-4_LAN8_Unit-7__vlanId}",
				"networkName": "LAN8",
				"subOrganization": "IPC00142",
				"ipv4Static": true,
				"ipv4Dhcp": false,
				"ip6Static": false,
				"ipv6Dhcp": false,
				"vrfName": "LAN8-VRF",
				"zoneName": ""
			}
            
                    ,{
				"subUnit": "{$v_vni-0-4_LAN9_Unit-8__unit}",
				"vlanId": "{$v_vni-0-4_LAN9_Unit-8__vlanId}",
				"networkName": "LAN9",
				"subOrganization": "IPC00142",
				"ipv4Static": true,
				"ipv4Dhcp": false,
				"ip6Static": false,
				"ipv6Dhcp": false,
				"vrfName": "LAN9-VRF",
				"zoneName": ""
			}
            
                    ,{
				"subUnit": "{$v_vni-0-4_LAN10_Unit-9__unit}",
				"vlanId": "{$v_vni-0-4_LAN10_Unit-9__vlanId}",
				"networkName": "LAN10",
				"subOrganization": "IPC00142",
				"ipv4Static": true,
				"ipv4Dhcp": false,
				"ip6Static": false,
				"ipv6Dhcp": false,
				"vrfName": "LAN10-VRF",
				"zoneName": ""
			}
            
        ]
		}],
		"solutionTier": "standard-sdwan-plus-ngfw",
		"bandwidth": 1000,
		"customParams": [],
		"minimumImageVersion": "16.1R2-S2.2",
		"isAnalyticsEnabled": true,
		"isPrimary": true,
		"diaConfig": {
			"loadBalance": false
		},
		"splitTunnels": [
        {
			"vrfName": "LAN1-VRF",
			"wanNetworkName": "INT-WAN",
			"dia": true,
			"gateway": false
		}
        
        ,{
			"vrfName": "LAN2-VRF",
			"wanNetworkName": "INT-WAN",
			"dia": true,
			"gateway": false
		}
        
        ,{
			"vrfName": "LAN3-VRF",
			"wanNetworkName": "INT-WAN",
			"dia": true,
			"gateway": false
		}
        
        ,{
			"vrfName": "LAN4-VRF",
			"wanNetworkName": "INT-WAN",
			"dia": true,
			"gateway": false
		}
        
        ,{
			"vrfName": "LAN5-VRF",
			"wanNetworkName": "INT-WAN",
			"dia": true,
			"gateway": false
		}
        
        ,{
			"vrfName": "LAN6-VRF",
			"wanNetworkName": "INT-WAN",
			"dia": true,
			"gateway": false
		}
        
        ,{
			"vrfName": "LAN7-VRF",
			"wanNetworkName": "INT-WAN",
			"dia": true,
			"gateway": false
		}
        
        ,{
			"vrfName": "LAN8-VRF",
			"wanNetworkName": "INT-WAN",
			"dia": true,
			"gateway": false
		}
        
        ,{
			"vrfName": "LAN9-VRF",
			"wanNetworkName": "INT-WAN",
			"dia": true,
			"gateway": false
		}
        
        ,{
			"vrfName": "LAN10-VRF",
			"wanNetworkName": "INT-WAN",
			"dia": true,
			"gateway": false
		}
        
		],
		"inBoundNats": []
	}
}

2019-06-04 14:49:29,780 - CPE25-GGN-HYBRID - INFO - <Response [500]>
2019-06-04 14:49:29,780 - CPE25-GGN-HYBRID - INFO - {"error":{"http_status_code":500,"code":0,"message":"VRF [LAN3-VRF] could not be found","more_info":"http://nms.versa.com/errors/null"}}
2019-06-04 14:49:29,780 - CPE25-GGN-HYBRID - INFO - 
FAIL : {"error":{"http_status_code":500,"code":0,"message":"VRF [LAN3-VRF] could not be found","more_info":"http://nms.versa.com/errors/null"}}
2019-06-04 14:49:29,780 - CPE25-GGN-HYBRID - INFO - 
 >>>>>>>>>> POST STAGING TEMPLATE CREATION FAILED. <<<<<<<<<<<

