2020-02-28 11:30:17,269 - VD1 - DEBUG - <netmiko.versa.versa_ssh.VersaSSH object at 0x000000000E1C94A8>
2020-02-28 11:30:22,482 - VD1 - DEBUG - versa: Automated@VDir-BLR-NEW-01>
2020-02-28 11:30:27,256 - CPE11-HKG-HYBRD-IPC00190 - DEBUG - <netmiko.versa.versa_ssh.VersaSSH object at 0x000000000E253550>
2020-02-28 11:30:32,457 - CPE11-HKG-HYBRD-IPC00190 - DEBUG - versa: Automated@VDir-BLR-NEW-01>
2020-02-28 11:30:56,533 - CPE12-HKG-HYBRD-IPC00190 - DEBUG - <netmiko.versa.versa_ssh.VersaSSH object at 0x000000000E26B0B8>
2020-02-28 11:31:01,733 - CPE12-HKG-HYBRD-IPC00190 - DEBUG - versa: Automated@VDir-BLR-NEW-01>
2020-02-28 11:32:04,282 - CPE11-HKG-HYBRD-IPC00190 - INFO - 
CREATE SLA profile

2020-02-28 11:32:06,180 - CPE11-HKG-HYBRD-IPC00190 - DEBUG - <Response [201]>
2020-02-28 11:32:06,187 - CPE11-HKG-HYBRD-IPC00190 - INFO - 
PASS
2020-02-28 11:32:06,188 - CPE11-HKG-HYBRD-IPC00190 - INFO - >>>>>>>>>> CREATE SLA Profile PASSED. <<<<<<<<<<<
2020-02-28 11:32:06,193 - CPE11-HKG-HYBRD-IPC00190 - INFO - 
CREATE FWD PROFILE

2020-02-28 11:32:07,874 - CPE11-HKG-HYBRD-IPC00190 - DEBUG - <Response [201]>
2020-02-28 11:32:07,875 - CPE11-HKG-HYBRD-IPC00190 - INFO - 
PASS
2020-02-28 11:32:07,875 - CPE11-HKG-HYBRD-IPC00190 - INFO - >>>>>>>>>> FORWARDING PROFILE CREATION PASSED. <<<<<<<<<<<
2020-02-28 11:32:07,881 - CPE11-HKG-HYBRD-IPC00190 - INFO - 
CREATE IPaddress Object

2020-02-28 11:32:09,415 - CPE11-HKG-HYBRD-IPC00190 - DEBUG - <Response [201]>
2020-02-28 11:32:09,417 - CPE11-HKG-HYBRD-IPC00190 - INFO - 
PASS
2020-02-28 11:32:09,417 - CPE11-HKG-HYBRD-IPC00190 - INFO - >>>>>>>>>> ADDRESS OBJECT CREATION PASSED. <<<<<<<<<<<
2020-02-28 11:32:09,421 - CPE11-HKG-HYBRD-IPC00190 - INFO - 
CREATE Policy rule

2020-02-28 11:32:11,526 - CPE11-HKG-HYBRD-IPC00190 - DEBUG - <Response [201]>
2020-02-28 11:32:11,528 - CPE11-HKG-HYBRD-IPC00190 - INFO - 
PASS
2020-02-28 11:32:11,530 - CPE11-HKG-HYBRD-IPC00190 - INFO - >>>>>>>>>> CREATE POLICY RULE PASSED. <<<<<<<<<<<
2020-02-28 11:35:17,214 - CPE11-HKG-HYBRD-IPC00190 - INFO - 
DELETE IPaddress Object

2020-02-28 11:35:20,950 - CPE11-HKG-HYBRD-IPC00190 - INFO - 
PASS
2020-02-28 11:35:20,951 - CPE11-HKG-HYBRD-IPC00190 - INFO - >>>>>>>>>> Policy rule DELETION PASSED. <<<<<<<<<<<
2020-02-28 11:35:20,953 - CPE11-HKG-HYBRD-IPC00190 - INFO - 
DELETE IPaddress Object

2020-02-28 11:35:23,486 - CPE11-HKG-HYBRD-IPC00190 - INFO - 
PASS
2020-02-28 11:35:23,486 - CPE11-HKG-HYBRD-IPC00190 - INFO - >>>>>>>>>> ADDRESS OBJECT DELETION PASSED. <<<<<<<<<<<
2020-02-28 11:35:23,490 - CPE11-HKG-HYBRD-IPC00190 - INFO - 
DELETE FWD PROFILE

2020-02-28 11:35:26,375 - CPE11-HKG-HYBRD-IPC00190 - INFO - 
PASS
2020-02-28 11:35:26,375 - CPE11-HKG-HYBRD-IPC00190 - INFO - >>>>>>>>>> FORWARDING PROFILE DELETION PASSED. <<<<<<<<<<<
2020-02-28 11:35:26,378 - CPE11-HKG-HYBRD-IPC00190 - INFO - 
DELETE SLA profile

2020-02-28 11:35:28,776 - CPE11-HKG-HYBRD-IPC00190 - INFO - 
PASS
2020-02-28 11:35:28,776 - CPE11-HKG-HYBRD-IPC00190 - INFO - >>>>>>>>>> DELETE SLA Profile PASSED. <<<<<<<<<<<
