2019-09-17 11:11:52,132 - CPE27-HKG2-SINGLE-CPE-DUAL-INTERNET18 - INFO - LOG FILE PATH : C:\Softwares_mine\stefano\NV_REPOSITORY\csit/LOGS/2019_09_17_11_10_51_150000/MAIN.log
2019-09-17 11:11:52,132 - CPE27-HKG2-SINGLE-CPE-DUAL-INTERNET18 - INFO - CPE NAME:CPE27-HKG2-SINGLE-CPE-DUAL-INTERNET18
2019-09-17 11:11:53,137 - CPE27-HKG2-SINGLE-CPE-DUAL-INTERNET18 - INFO - SOLUTION SELECTED:SINGLE-CPE-DUAL-INTERNET
2019-09-17 11:11:54,299 - CPE27-HKG2-SINGLE-CPE-DUAL-INTERNET18 - DEBUG - {u'versanms.sdwan-org-workflow': {u'ikeAuthType': u'psk', u'globalId': 90, u'orgName': u'IPC00190', u'controllers': [u'NV-WC01-N1-HKG', u'NV-WC01-N6-SIN', u'NV-WC02-N1-HKG', u'NV-WC02-N6-SIN'], u'bandwidth': 10, u'parentOrg': u'Colt', u'vrfs': [{u'name': u'LAN1-VRF', u'enableVPN': True, u'id': 1020}, {u'name': u'LAN2-VRF', u'enableVPN': True, u'id': 1021}, {u'name': u'LAN3-VRF', u'enableVPN': True, u'id': 1022}, {u'name': u'LAN4-VRF', u'enableVPN': True, u'id': 1023}, {u'name': u'LAN5-VRF', u'enableVPN': True, u'id': 1024}, {u'name': u'LAN6-VRF', u'enableVPN': True, u'id': 1025}, {u'name': u'LAN7-VRF', u'enableVPN': True, u'id': 1026}, {u'name': u'LAN8-VRF', u'enableVPN': True, u'id': 1027}, {u'name': u'LAN9-VRF', u'enableVPN': True, u'id': 1028}, {u'name': u'LAN10-VRF', u'enableVPN': True, u'id': 1029}], u'solutionTier': u'base-sdwan', u'sharedControlPlane': False}}
2019-09-17 11:11:54,299 - CPE27-HKG2-SINGLE-CPE-DUAL-INTERNET18 - INFO - 
STEP :CHECK ORG is available in Controller NV-WC01-N1-HKG
2019-09-17 11:11:54,299 - CPE27-HKG2-SINGLE-CPE-DUAL-INTERNET18 - INFO - PASS
2019-09-17 11:11:54,621 - CPE27-HKG2-SINGLE-CPE-DUAL-INTERNET18 - DEBUG - {u'versanms.sdwan-org-workflow': {u'ikeAuthType': u'psk', u'globalId': 90, u'orgName': u'IPC00190', u'controllers': [u'NV-WC01-N1-HKG', u'NV-WC01-N6-SIN', u'NV-WC02-N1-HKG', u'NV-WC02-N6-SIN'], u'bandwidth': 10, u'parentOrg': u'Colt', u'vrfs': [{u'name': u'LAN1-VRF', u'enableVPN': True, u'id': 1020}, {u'name': u'LAN2-VRF', u'enableVPN': True, u'id': 1021}, {u'name': u'LAN3-VRF', u'enableVPN': True, u'id': 1022}, {u'name': u'LAN4-VRF', u'enableVPN': True, u'id': 1023}, {u'name': u'LAN5-VRF', u'enableVPN': True, u'id': 1024}, {u'name': u'LAN6-VRF', u'enableVPN': True, u'id': 1025}, {u'name': u'LAN7-VRF', u'enableVPN': True, u'id': 1026}, {u'name': u'LAN8-VRF', u'enableVPN': True, u'id': 1027}, {u'name': u'LAN9-VRF', u'enableVPN': True, u'id': 1028}, {u'name': u'LAN10-VRF', u'enableVPN': True, u'id': 1029}], u'solutionTier': u'base-sdwan', u'sharedControlPlane': False}}
2019-09-17 11:11:54,621 - CPE27-HKG2-SINGLE-CPE-DUAL-INTERNET18 - INFO - 
STEP :CHECK ORG is available in Controller NV-WC02-N6-SIN
2019-09-17 11:11:54,621 - CPE27-HKG2-SINGLE-CPE-DUAL-INTERNET18 - INFO - PASS
2019-09-17 11:11:54,921 - CPE27-HKG2-SINGLE-CPE-DUAL-INTERNET18 - DEBUG - {u'versanms.sdwan-org-workflow': {u'ikeAuthType': u'psk', u'globalId': 90, u'orgName': u'IPC00190', u'controllers': [u'NV-WC01-N1-HKG', u'NV-WC01-N6-SIN', u'NV-WC02-N1-HKG', u'NV-WC02-N6-SIN'], u'bandwidth': 10, u'parentOrg': u'Colt', u'vrfs': [{u'name': u'LAN1-VRF', u'enableVPN': True, u'id': 1020}, {u'name': u'LAN2-VRF', u'enableVPN': True, u'id': 1021}, {u'name': u'LAN3-VRF', u'enableVPN': True, u'id': 1022}, {u'name': u'LAN4-VRF', u'enableVPN': True, u'id': 1023}, {u'name': u'LAN5-VRF', u'enableVPN': True, u'id': 1024}, {u'name': u'LAN6-VRF', u'enableVPN': True, u'id': 1025}, {u'name': u'LAN7-VRF', u'enableVPN': True, u'id': 1026}, {u'name': u'LAN8-VRF', u'enableVPN': True, u'id': 1027}, {u'name': u'LAN9-VRF', u'enableVPN': True, u'id': 1028}, {u'name': u'LAN10-VRF', u'enableVPN': True, u'id': 1029}], u'solutionTier': u'base-sdwan', u'sharedControlPlane': False}}
2019-09-17 11:11:54,921 - CPE27-HKG2-SINGLE-CPE-DUAL-INTERNET18 - INFO - 
STEP :CHECK ORG is available in Controller NV-WC01-N6-SIN
2019-09-17 11:11:54,921 - CPE27-HKG2-SINGLE-CPE-DUAL-INTERNET18 - INFO - PASS
2019-09-17 11:11:54,921 - CPE27-HKG2-SINGLE-CPE-DUAL-INTERNET18 - INFO - 
STEP :PRE-ONBOARD WORK
2019-09-17 11:11:55,000 - CPE27-HKG2-SINGLE-CPE-DUAL-INTERNET18 - DEBUG - 
sudo /opt/versa/scripts/staging.py -w 2 -c 10.83.77.10 -s 172.16.6.106/30 -g 172.16.6.105 -l IPC00190-CPE27-HKG2-SINGLE-CPE-DUAL-INTERNET18@colt.net -lk CPE27-HKG2-SINGLE-CPE-DUAL-INTERNET18  -r NV-WC01-N6-SIN@colt.net -rk 1234

2019-09-17 11:11:55,000 - CPE27-HKG2-SINGLE-CPE-DUAL-INTERNET18 - DEBUG - {
	"versanms.sdwan-device-workflow": {
		"deviceName": "CPE27-HKG2-SINGLE-CPE-DUAL-INTERNET18",
		"siteId": "4262",
		"orgName": "IPC00190",
		"serialNumber": "CPE27ySAB9",
		"deviceGroup": "YUT4-DG",
		"locationInfo": {
			"state": "karnataka",
			"country": "india",
			"longitude": "77.594563",
			"latitude": "12.971599",
			"city": "bangalore"
		},
		"postStagingTemplateInfo": {
			"templateName": "YUT4",
			"templateData": {
				"device-template-variable": {
					"template": "YUT4",
					"variable-binding": {
						"attrs": [{
							"name": "{$v_INT-WAN2_IPv4__staticaddress}",
							"value": "172.16.6.106/30",
							"isAutogeneratable": false
						},
						
						    
						    
						    
						{ "name": "{$v_vni-0-4_LAN1_Unit-0__unit}", "value": "750", "isAutogeneratable": false},
						{ "name": "{$v_vni-0-4_LAN1_Unit-0__vlanId}", "value": "750", "isAutogeneratable": false },
						
						    
						    
						    
						{ "name": "{$v_vni-0-4_LAN2_Unit-1__unit}", "value": "751", "isAutogeneratable": false},
						{ "name": "{$v_vni-0-4_LAN2_Unit-1__vlanId}", "value": "751", "isAutogeneratable": false },
						
						{
							"name": "{$v_IPC00190-Control-VR_90_Router_ID__vrRouteId}",
							"value": "20.20.90.27",
							"isAutogeneratable": true,
							"isOverwritten": false
						}, {
							"name": "{$v_IPC00190_NV-WC01-N6-SIN_Local_auth_email_key__IKELKey}",
							"value": "CPE27-HKG2-SINGLE-CPE-DUAL-INTERNET18",
							"isAutogeneratable": true
						}, {
							"name": "{$v_IPC00190_NV-WC02-N6-SIN_Local_auth_email_key__IKELKey}",
							"value": "CPE27-HKG2-SINGLE-CPE-DUAL-INTERNET18",
							"isAutogeneratable": true
						},
						
						
						
						{ "name": "{$v_LAN1_IPv4__staticaddress}", "value": "192.170.1.1/24", "isAutogeneratable": false},
						
						
						
						{ "name": "{$v_LAN2_IPv4__staticaddress}", "value": "192.170.2.1/24", "isAutogeneratable": false},
						
						{
							"name": "{$v_IPC00190_NV-WC02-N6-SIN_Local_auth_email_identifier__IKELIdentifier}",
							"value": "CPE27-HKG2-SINGLE-CPE-DUAL-INTERNET18@colt.net",
							"isAutogeneratable": true
						}, {
							"name": "{$v_Site_Id__siteSiteID}",
							"value": "4262",
							"isAutogeneratable": true
						}, {
							"name": "{$v_IPC00190_NV-WC01-N6-SIN_Local_auth_email_identifier__IKELIdentifier}",
							"value": "CPE27-HKG2-SINGLE-CPE-DUAL-INTERNET18@colt.net",
							"isAutogeneratable": true
						}, {
							"name": "{$v_IPC00190_Site_Name__sitesSiteName}",
							"value": "CPE27-HKG2-SINGLE-CPE-DUAL-INTERNET18",
							"isAutogeneratable": true
						}, {
							"name": "{$v_latitude__IdLatitude}",
							"value": "12.971599",
							"isAutogeneratable": true
						}, {
							"name": "{$v_identification__IdName}",
							"value": "CPE27-HKG2-SINGLE-CPE-DUAL-INTERNET18",
							"isAutogeneratable": true
						}, {
							"name": "{$v_INT-WAN2-Transport-VR_IPv4__vrHopAddress}",
							"value": "172.16.6.105",
							"isAutogeneratable": false
						},	{
						    "name": "{$v_tvi-0-180_-_Unit_0_Static_address__tunnelStaticAddress}",
							"value": "10.10.90.27/32",
							"isAutogeneratable": true,
							"isOverwritten": false
						}, {
							"name": "{$v_Chassis_Id__sitesChassisId}",
							"value": "CPE27ySAB9",
							"isAutogeneratable": true
						}, {
							"name": "{$v_longitude__Idlongitude}",
							"value": "77.594563",
							"isAutogeneratable": true
						}, {
							"name": "{$v_location__IdLocation}",
							"value": "bangalore,karnataka, india",
							"isAutogeneratable": true
						}, {
							"name": "{$v_IPC00190-Control-VR_90_Local_address__vrRouterAddress}",
							"value": "20.20.90.27",
							"isAutogeneratable": true,
							"isOverwritten": false
						}, {
							"name": "{$v_INT-WAN1-Transport-VR_IPv4__vrHopAddress}",
							"value": "172.16.7.105",
							"isAutogeneratable": false
						}, {
							"name": "{$v_INT-WAN1_IPv4__staticaddress}",
							"value": "172.16.7.106/30",
							"isAutogeneratable": false
						}, {
							"name": "{$v_tvi-0-181_-_Unit_0_Static_address__tunnelStaticAddress}",
							"value": "20.20.90.27/32",
							"isAutogeneratable": true,
							"isOverwritten": false
						}]
					}
				},
				"variableMetadata": [{
					"variable": "{$v_INT-WAN2_IPv4__staticaddress}",
					"group": "Interfaces",
					"overlay": false,
					"type": "IPV4_MASK"
				},
                
                
                
				{"variable": "{$v_vni-0-4_LAN1_Unit-0__vlanId}", "group": "Vlan Info", "overlay": false, "type": "INTEGER"},
                
                
                
				{"variable": "{$v_vni-0-4_LAN2_Unit-1__vlanId}", "group": "Vlan Info", "overlay": false, "type": "INTEGER"},
                
				{
					"variable": "{$v_IPC00190-Control-VR_90_Router_ID__vrRouteId}",
					"group": "Virtual Routers",
					"overlay": true,
					"type": "IPV4"
				}, {
					"variable": "{$v_IPC00190_NV-WC01-N6-SIN_Local_auth_email_key__IKELKey}",
					"group": "IPSEC",
					"overlay": false
				}, {
					"variable": "{$v_IPC00190_NV-WC02-N6-SIN_Local_auth_email_key__IKELKey}",
					"group": "IPSEC",
					"overlay": false
				},
			{
					"variable": "{$v_LAN1_IPv4__staticaddress}", "group": "Interfaces", "overlay": false, "type": "IPV4_MASK"
				},
            {
					"variable": "{$v_LAN2_IPv4__staticaddress}", "group": "Interfaces", "overlay": false, "type": "IPV4_MASK"
				},
            
				 {
					"variable": "{$v_IPC00190_NV-WC02-N6-SIN_Local_auth_email_identifier__IKELIdentifier}",
					"group": "IPSEC",
					"overlay": false
				}, {
					"variable": "{$v_Site_Id__siteSiteID}",
					"group": "SDWAN",
					"overlay": false
				}, {
					"variable": "{$v_IPC00190_NV-WC01-N6-SIN_Local_auth_email_identifier__IKELIdentifier}",
					"group": "IPSEC",
					"overlay": false
				}, {
					"variable": "{$v_IPC00190_Site_Name__sitesSiteName}",
					"group": "SDWAN",
					"overlay": false
				}, {
					"variable": "{$v_latitude__IdLatitude}",
					"group": "SDWAN",
					"overlay": false
				}, {
					"variable": "{$v_identification__IdName}",
					"group": "SDWAN",
					"overlay": false
				}, {
					"variable": "{$v_INT-WAN2-Transport-VR_IPv4__vrHopAddress}",
					"group": "Virtual Routers",
					"overlay": false,
					"type": "IPV4_IPV6"
				}, {
					"variable": "{$v_tvi-0-180_-_Unit_0_Static_address__tunnelStaticAddress}",
					"group": "Interfaces",
					"overlay": true,
					"type": "IPV4_IPV6_MASK"
				}, {
					"variable": "{$v_Chassis_Id__sitesChassisId}",
					"group": "SDWAN",
					"overlay": false
				}, {
					"variable": "{$v_longitude__Idlongitude}",
					"group": "SDWAN",
					"overlay": false
				}, {
					"variable": "{$v_location__IdLocation}",
					"group": "SDWAN",
					"overlay": false
				}, {
					"variable": "{$v_IPC00190-Control-VR_90_Local_address__vrRouterAddress}",
					"group": "Virtual Routers",
					"overlay": true,
					"type": "IPV4"
				}, {
					"variable": "{$v_INT-WAN1-Transport-VR_IPv4__vrHopAddress}",
					"group": "Virtual Routers",
					"overlay": false,
					"type": "IPV4_IPV6"
				}, {
					"variable": "{$v_tvi-0-181_-_Unit_0_Static_address__tunnelStaticAddress}",
					"group": "Interfaces",
					"overlay": true,
					"type": "IPV4_IPV6_MASK"
				}]
			}
		}
	}
}
2019-09-17 11:11:56,319 - CPE27-HKG2-SINGLE-CPE-DUAL-INTERNET18 - DEBUG - <Response [200]>
2019-09-17 11:11:56,319 - CPE27-HKG2-SINGLE-CPE-DUAL-INTERNET18 - DEBUG - 
PASS
2019-09-17 11:11:56,319 - CPE27-HKG2-SINGLE-CPE-DUAL-INTERNET18 - INFO - >>>>>>>>>> DEVICE TEMPLATE CREATION PASSED. <<<<<<<<<<<
2019-09-17 11:12:06,483 - CPE27-HKG2-SINGLE-CPE-DUAL-INTERNET18 - DEBUG - {"TaskResponse":{"task-id":21657,"link":{"@rel":"GET","@href":"vnms/tasks/task/21657"}}}
2019-09-17 11:12:11,490 - CPE27-HKG2-SINGLE-CPE-DUAL-INTERNET18 - DEBUG - 21657
2019-09-17 11:12:11,642 - CPE27-HKG2-SINGLE-CPE-DUAL-INTERNET18 - DEBUG - {u'versa-tasks.task': {u'versa-tasks.user': u'Automated', u'versa-tasks.percentage-completion': 100, u'versa-tasks.progressmessages': {u'versa-tasks.progressmessage': [{u'versa-tasks.time': u'2019-09-17 05:42:07.457', u'versa-tasks.message': u'Creating device in hardware inventory [CPE27-HKG2-SINGLE-CPE-DUAL-INTERNET18]'}, {u'versa-tasks.time': u'2019-09-17 05:42:07.469', u'versa-tasks.message': u'Add device [CPE27-HKG2-SINGLE-CPE-DUAL-INTERNET18] to device group [YUT4-DG]'}, {u'versa-tasks.time': u'2019-09-17 05:42:07.473', u'versa-tasks.message': u'Adding device [CPE27-HKG2-SINGLE-CPE-DUAL-INTERNET18] to template [ YUT4 ]'}, {u'versa-tasks.time': u'2019-09-17 05:42:07.488', u'versa-tasks.message': u'Binding device variables to template [ YUT4 ]'}, {u'versa-tasks.time': u'2019-09-17 05:42:07.646', u'versa-tasks.message': u'Adding post-staging configuration to controllers [NV-WC02-N6-SIN, NV-WC01-N6-SIN]'}, {u'versa-tasks.time': u'2019-09-17 05:42:08.332', u'versa-tasks.message': u'Successfully deployed device.'}]}, u'versa-tasks.object-name': u'Device Workflow', u'versa-tasks.task-status': u'COMPLETED', u'versa-tasks.task-description': u'Device workflow deployment: { CPE27-HKG2-SINGLE-CPE-DUAL-INTERNET18 }', u'versa-tasks.task-name': u'Deploy', u'versa-tasks.domain-name': u'PROVIDER', u'versa-tasks.id': 21657, u'versa-tasks.start-time': u'2019-09-17 05:42:06.618', u'versa-tasks.end-time': u'2019-09-17 05:42:08.332', u'versa-tasks.errormessages': u''}}
2019-09-17 11:12:11,642 - CPE27-HKG2-SINGLE-CPE-DUAL-INTERNET18 - DEBUG - 100
2019-09-17 11:12:11,642 - CPE27-HKG2-SINGLE-CPE-DUAL-INTERNET18 - INFO - Sleeping for 5 seconds
2019-09-17 11:12:16,809 - CPE27-HKG2-SINGLE-CPE-DUAL-INTERNET18 - DEBUG - {"versa-tasks.task":{"versa-tasks.id":21657,"versa-tasks.task-name":"Deploy","versa-tasks.object-name":"Device Workflow","versa-tasks.domain-name":"PROVIDER","versa-tasks.user":"Automated","versa-tasks.task-description":"Device workflow deployment: { CPE27-HKG2-SINGLE-CPE-DUAL-INTERNET18 }","versa-tasks.task-status":"COMPLETED","versa-tasks.percentage-completion":100,"versa-tasks.progressmessages":{"versa-tasks.progressmessage":[{"versa-tasks.message":"Creating device in hardware inventory [CPE27-HKG2-SINGLE-CPE-DUAL-INTERNET18]","versa-tasks.time":"2019-09-17 05:42:07.457"},{"versa-tasks.message":"Add device [CPE27-HKG2-SINGLE-CPE-DUAL-INTERNET18] to device group [YUT4-DG]","versa-tasks.time":"2019-09-17 05:42:07.469"},{"versa-tasks.message":"Adding device [CPE27-HKG2-SINGLE-CPE-DUAL-INTERNET18] to template [ YUT4 ]","versa-tasks.time":"2019-09-17 05:42:07.473"},{"versa-tasks.message":"Binding device variables to template [ YUT4 ]","versa-tasks.time":"2019-09-17 05:42:07.488"},{"versa-tasks.message":"Adding post-staging configuration to controllers [NV-WC02-N6-SIN, NV-WC01-N6-SIN]","versa-tasks.time":"2019-09-17 05:42:07.646"},{"versa-tasks.message":"Successfully deployed device.","versa-tasks.time":"2019-09-17 05:42:08.332"}]},"versa-tasks.errormessages":"","versa-tasks.start-time":"2019-09-17 05:42:06.618","versa-tasks.end-time":"2019-09-17 05:42:08.332"}}
2019-09-17 11:12:16,809 - CPE27-HKG2-SINGLE-CPE-DUAL-INTERNET18 - INFO - >>>>>>>>>> Device deployed  <<<<<<<<<<<
2019-09-17 11:12:17,729 - CPE27-HKG2-SINGLE-CPE-DUAL-INTERNET18 - DEBUG - {u'versanms.sdwan-device-workflow': {u'postStagingTemplateInfo': {u'templateData': {u'device-template-variable': {u'variable-binding': {u'attrs': [{u'isAutogeneratable': False, u'name': u'{$v_INT-WAN2_IPv4__staticaddress}', u'value': u'172.16.6.106/30'}, {u'isAutogeneratable': True, u'isOverwritten': True, u'name': u'{$v_tvi-0-181_-_Unit_0_Static_address__tunnelStaticAddress}', u'value': u'20.20.90.27/32'}, {u'isAutogeneratable': False, u'name': u'{$v_vni-0-4_LAN1_Unit-0__vlanId}', u'value': 750}, {u'isAutogeneratable': True, u'name': u'{$v_Chassis_Id__sitesChassisId}', u'value': u'CPE27ySAB9'}, {u'isAutogeneratable': True, u'isOverwritten': True, u'name': u'{$v_IPC00190-Control-VR_90_Router_ID__vrRouteId}', u'value': u'20.20.90.27'}, {u'isAutogeneratable': True, u'name': u'{$v_IPC00190_NV-WC01-N6-SIN_Local_auth_email_identifier__IKELIdentifier}', u'value': u'CPE27-HKG2-SINGLE-CPE-DUAL-INTERNET18@colt.net'}, {u'isAutogeneratable': True, u'name': u'{$v_longitude__Idlongitude}', u'value': 77.594563}, {u'isAutogeneratable': False, u'name': u'{$v_INT-WAN2-Transport-VR_IPv4__vrHopAddress}', u'value': u'172.16.6.105'}, {u'isAutogeneratable': True, u'name': u'{$v_IPC00190_NV-WC01-N6-SIN_Local_auth_email_key__IKELKey}', u'value': u'CPE27-HKG2-SINGLE-CPE-DUAL-INTERNET18'}, {u'isAutogeneratable': False, u'name': u'{$v_INT-WAN1-Transport-VR_IPv4__vrHopAddress}', u'value': u'172.16.7.105'}, {u'isAutogeneratable': False, u'name': u'{$v_INT-WAN1_IPv4__staticaddress}', u'value': u'172.16.7.106/30'}, {u'isAutogeneratable': False, u'name': u'{$v_LAN2_IPv4__staticaddress}', u'value': u'192.170.2.1/24'}, {u'isAutogeneratable': True, u'name': u'{$v_IPC00190_NV-WC02-N6-SIN_Local_auth_email_key__IKELKey}', u'value': u'CPE27-HKG2-SINGLE-CPE-DUAL-INTERNET18'}, {u'isAutogeneratable': True, u'name': u'{$v_location__IdLocation}', u'value': u'bangalore,karnataka, india'}, {u'isAutogeneratable': False, u'name': u'{$v_vni-0-4_LAN2_Unit-1__unit}', u'value': 751}, {u'isAutogeneratable': True, u'name': u'{$v_IPC00190_NV-WC02-N6-SIN_Local_auth_email_identifier__IKELIdentifier}', u'value': u'CPE27-HKG2-SINGLE-CPE-DUAL-INTERNET18@colt.net'}, {u'isAutogeneratable': True, u'isOverwritten': True, u'name': u'{$v_IPC00190-Control-VR_90_Local_address__vrRouterAddress}', u'value': u'20.20.90.27'}, {u'isAutogeneratable': True, u'isOverwritten': True, u'name': u'{$v_tvi-0-180_-_Unit_0_Static_address__tunnelStaticAddress}', u'value': u'10.10.90.27/32'}, {u'isAutogeneratable': False, u'name': u'{$v_vni-0-4_LAN2_Unit-1__vlanId}', u'value': 751}, {u'isAutogeneratable': False, u'name': u'{$v_vni-0-4_LAN1_Unit-0__unit}', u'value': 750}, {u'isAutogeneratable': True, u'name': u'{$v_Site_Id__siteSiteID}', u'value': 4262}, {u'isAutogeneratable': True, u'name': u'{$v_IPC00190_Site_Name__sitesSiteName}', u'value': u'CPE27-HKG2-SINGLE-CPE-DUAL-INTERNET18'}, {u'isAutogeneratable': False, u'name': u'{$v_LAN1_IPv4__staticaddress}', u'value': u'192.170.1.1/24'}, {u'isAutogeneratable': True, u'name': u'{$v_latitude__IdLatitude}', u'value': 12.971599}, {u'isAutogeneratable': True, u'name': u'{$v_identification__IdName}', u'value': u'CPE27-HKG2-SINGLE-CPE-DUAL-INTERNET18'}]}, u'template': u'YUT4'}, u'variableMetadata': [{u'variable': u'{$v_INT-WAN2_IPv4__staticaddress}', u'type': u'IPV4_MASK', u'group': u'Interfaces', u'overlay': False}, {u'variable': u'{$v_tvi-0-181_-_Unit_0_Static_address__tunnelStaticAddress}', u'type': u'IPV4_IPV6_MASK', u'group': u'Interfaces', u'overlay': True}, {u'variable': u'{$v_vni-0-4_LAN1_Unit-0__vlanId}', u'type': u'INTEGER', u'group': u'Vlan Info', u'overlay': False}, {u'variable': u'{$v_Chassis_Id__sitesChassisId}', u'group': u'SDWAN', u'overlay': False}, {u'variable': u'{$v_IPC00190-Control-VR_90_Router_ID__vrRouteId}', u'type': u'IPV4', u'group': u'Virtual routers', u'overlay': True}, {u'variable': u'{$v_IPC00190_NV-WC01-N6-SIN_Local_auth_email_identifier__IKELIdentifier}', u'group': u'IPSEC', u'overlay': False}, {u'variable': u'{$v_longitude__Idlongitude}', u'group': u'SDWAN', u'overlay': False}, {u'variable': u'{$v_INT-WAN2-Transport-VR_IPv4__vrHopAddress}', u'type': u'IPV4', u'group': u'Virtual routers', u'overlay': False}, {u'variable': u'{$v_IPC00190_NV-WC01-N6-SIN_Local_auth_email_key__IKELKey}', u'group': u'IPSEC', u'overlay': False}, {u'variable': u'{$v_INT-WAN1-Transport-VR_IPv4__vrHopAddress}', u'type': u'IPV4', u'group': u'Virtual routers', u'overlay': False}, {u'variable': u'{$v_INT-WAN1_IPv4__staticaddress}', u'type': u'IPV4_MASK', u'group': u'Interfaces', u'overlay': False}, {u'variable': u'{$v_LAN2_IPv4__staticaddress}', u'type': u'IPV4_MASK', u'group': u'Interfaces', u'overlay': False}, {u'variable': u'{$v_IPC00190_NV-WC02-N6-SIN_Local_auth_email_key__IKELKey}', u'group': u'IPSEC', u'overlay': False}, {u'variable': u'{$v_location__IdLocation}', u'group': u'SDWAN', u'overlay': False}, {u'variable': u'{$v_vni-0-4_LAN2_Unit-1__unit}', u'type': u'INTEGER', u'group': u'Vlan Info', u'overlay': False}, {u'variable': u'{$v_IPC00190_NV-WC02-N6-SIN_Local_auth_email_identifier__IKELIdentifier}', u'group': u'IPSEC', u'overlay': False}, {u'variable': u'{$v_IPC00190-Control-VR_90_Local_address__vrRouterAddress}', u'type': u'IPV4', u'group': u'Virtual routers', u'overlay': True}, {u'variable': u'{$v_tvi-0-180_-_Unit_0_Static_address__tunnelStaticAddress}', u'type': u'IPV4_IPV6_MASK', u'group': u'Interfaces', u'overlay': True}, {u'variable': u'{$v_vni-0-4_LAN2_Unit-1__vlanId}', u'type': u'INTEGER', u'group': u'Vlan Info', u'overlay': False}, {u'variable': u'{$v_vni-0-4_LAN1_Unit-0__unit}', u'type': u'INTEGER', u'group': u'Vlan Info', u'overlay': False}, {u'variable': u'{$v_Site_Id__siteSiteID}', u'group': u'SDWAN', u'overlay': False}, {u'variable': u'{$v_IPC00190_Site_Name__sitesSiteName}', u'group': u'SDWAN', u'overlay': False}, {u'variable': u'{$v_LAN1_IPv4__staticaddress}', u'type': u'IPV4_MASK', u'group': u'Interfaces', u'overlay': False}, {u'variable': u'{$v_latitude__IdLatitude}', u'group': u'SDWAN', u'overlay': False}, {u'variable': u'{$v_identification__IdName}', u'group': u'SDWAN', u'overlay': False}]}, u'templateName': u'YUT4'}, u'deviceName': u'CPE27-HKG2-SINGLE-CPE-DUAL-INTERNET18', u'workflowStatus': u'Deployed', u'deviceGroup': u'YUT4-DG', u'orgName': u'IPC00190', u'serialNumber': u'CPE27ySAB9', u'locationInfo': {u'latitude': 12.971599, u'country': u'india', u'state': u'karnataka', u'longitude': 77.594563, u'city': u'bangalore'}, u'bandwidth': 0, u'lastUpdatedBy': u'Automated', u'siteId': 4262, u'instanceInfo': u'', u'stagingTemplateInfo': u'', u'lastModifiedTime': u'2019-09-17T05:42:08.177000+00:00', u'urlztpBasedInfo': {u'authType': u'psk', u'enableIpv4Dhcp': False, u'branchKey': u'sC4S5NlJeTgIboKF', u'branchId': u'CPE27-HKG2-SINGLE-CPE-DUAL-INTERNET18@IPC00190.com', u'enableIpv6': False, u'enableIpv4': False, u'enableIpv6Dhcp': False}}}
2019-09-17 11:12:27,549 - CPE27-HKG2-SINGLE-CPE-DUAL-INTERNET18 - DEBUG - <netmiko.versa.versa.VersaSSH object at 0x000000000D23EDA0>
2019-09-17 11:12:32,759 - CPE27-HKG2-SINGLE-CPE-DUAL-INTERNET18 - DEBUG - versa: Automated@VDir-BLR-NEW-01>
2019-09-17 11:12:37,299 - CPE27-HKG2-SINGLE-CPE-DUAL-INTERNET18 - DEBUG - configure private
Entering configuration mode private
[ok][2019-09-17 05:42:35]

[edit]
Automated@VDir-BLR-NEW-01% 
2019-09-17 11:12:39,506 - CPE27-HKG2-SINGLE-CPE-DUAL-INTERNET18 - DEBUG - True
2019-09-17 11:12:40,311 - CPE27-HKG2-SINGLE-CPE-DUAL-INTERNET18 - DEBUG - set devices device NV-WC01-N6-SIN config orgs org-services Colt ipsec vpn-profile INT-WAN-NV-WC01-N6-SIN-StagingIpsec psk-auth-clients remote-client IPC00190-CPE27-HKG2-SINGLE-CPE-DUAL-INTERNET18@colt.net id-type  email
[ok][2019-09-17 05:42:40]

[edit]
Automated@VDir-BLR-NEW-01% 
2019-09-17 11:12:41,114 - CPE27-HKG2-SINGLE-CPE-DUAL-INTERNET18 - DEBUG - set devices device NV-WC01-N6-SIN config orgs org-services Colt ipsec vpn-profile INT-WAN-NV-WC01-N6-SIN-StagingIpsec psk-auth-clients remote-client IPC00190-CPE27-HKG2-SINGLE-CPE-DUAL-INTERNET18@colt.net key CPE27-HKG2-SINGLE-CPE-DUAL-INTERNET18
[ok][2019-09-17 05:42:41]

[edit]
Automated@VDir-BLR-NEW-01% 
2019-09-17 11:12:41,920 - CPE27-HKG2-SINGLE-CPE-DUAL-INTERNET18 - DEBUG - commit and-quit
Commit complete.
[ok][2019-09-17 05:42:41]
Automated@VDir-BLR-NEW-01> 
2019-09-17 11:12:41,920 - CPE27-HKG2-SINGLE-CPE-DUAL-INTERNET18 - INFO - >>>>>>>>>> Staging profile config done  <<<<<<<<<<<
2019-09-17 11:12:42,039 - CPE27-HKG2-SINGLE-CPE-DUAL-INTERNET18 - DEBUG - <netmiko.versa.versa.VersaSSH object at 0x000000000D23EDA0> connection closed
2019-09-17 11:12:42,039 - CPE27-HKG2-SINGLE-CPE-DUAL-INTERNET18 - INFO - 
STEP :ONBOARD CALL
2019-09-17 11:12:42,039 - CPE27-HKG2-SINGLE-CPE-DUAL-INTERNET18 - DEBUG - 
sudo /opt/versa/scripts/staging.py -w 2 -c 10.83.77.10 -s 172.16.6.106/30 -g 172.16.6.105 -l IPC00190-CPE27-HKG2-SINGLE-CPE-DUAL-INTERNET18@colt.net -lk CPE27-HKG2-SINGLE-CPE-DUAL-INTERNET18  -r NV-WC01-N6-SIN@colt.net -rk 1234

2019-09-17 11:12:46,019 - CPE27-HKG2-SINGLE-CPE-DUAL-INTERNET18 - DEBUG - <netmiko.linux.linux_ssh.LinuxSSH object at 0x000000000D23E240>
2019-09-17 11:12:46,437 - CPE27-HKG2-SINGLE-CPE-DUAL-INTERNET18 - DEBUG - [sudo] password for admin: 
2019-09-17 11:12:46,841 - CPE27-HKG2-SINGLE-CPE-DUAL-INTERNET18 - DEBUG - E27-HKG2-SINGLE-CPE-DUAL-INTERNET16: ~] # 
2019-09-17 11:12:47,257 - CPE27-HKG2-SINGLE-CPE-DUAL-INTERNET18 - DEBUG - exit
2019-09-17 11:12:47,473 - CPE27-HKG2-SINGLE-CPE-DUAL-INTERNET18 - DEBUG - linux: [admin@CPE27-HKG2-SINGLE-CPE-DUAL-INTERNET16: ~] #
2019-09-17 11:12:47,891 - CPE27-HKG2-SINGLE-CPE-DUAL-INTERNET18 - DEBUG - vsh allow-cli
Enter password: 
2019-09-17 11:12:48,293 - CPE27-HKG2-SINGLE-CPE-DUAL-INTERNET18 - DEBUG - 

CLI now allowed
[admin@CPE27-HKG2-SINGLE-CPE-DUAL-INTERNET16: ~] # 
2019-09-17 11:12:48,696 - CPE27-HKG2-SINGLE-CPE-DUAL-INTERNET18 - DEBUG - cli


             .---.,
            (      ``.
       _     \        )    __      ________ _____   _____
      (  `.   \      /     \ \    / /  ____|  __ \ / ____|  /\
       \    `. )    /       \ \  / /| |__  | |__) | (___   /  \
        \     |    /         \ \/ / |  __| |  _  / \___ \ / /\ \
         \    |   /           \  /  | |____| | \ \ ____) / ____ \
          \   |  /             \/   |______|_|  \_\_____/_/    \_\
           \  | /
            \_|/                   _  _ ___ _______      _____  ___ _  _____
                                  | \| | __|_   _\ \    / / _ \| _ \ |/ / __|
                                  | .` | _|  | |  \ \/\/ / (_) |   / ' <\__ \
                                  |_|\_|___| |_|   \_/\_/ \___/|_|_\_|\_\___/



admin connected from 10.91.192.246 using ssh on CPE27-HKG2-SINGLE-CPE-DUAL-INTERNET16
[?7hadmin@CPE27-HKG2-SINGLE-CPE-DUAL-INTERNET16-cli> 
2019-09-17 11:12:49,098 - CPE27-HKG2-SINGLE-CPE-DUAL-INTERNET18 - DEBUG - request erase running-config
Will delete the running config and restart Versa
Services. Are you sure? [no,yes] 
2019-09-17 11:12:58,585 - CPE27-HKG2-SINGLE-CPE-DUAL-INTERNET18 - DEBUG - yes
status  Erasing config and restarting services 
[ok][2019-09-17 05:42:48]
admin@CPE27-HKG2-SINGLE-CPE-DUAL-INTERNET16-cli> 
System message at 2019-09-17 05:42:51...
    Subsystem stopped: eventd
admin@CPE27-HKG2-SINGLE-CPE-DUAL-INTERNET16-cli> 
System message at 2019-09-17 05:42:51...
    Subsystem stopped: router-dcl
admin@CPE27-HKG2-SINGLE-CPE-DUAL-INTERNET16-cli> 
System message at 2019-09-17 05:42:51...
    Subsystem stopped: rtd-mgmt-thread
admin@CPE27-HKG2-SINGLE-CPE-DUAL-INTERNET16-cli> 
System message at 2019-09-17 05:42:51...
    Subsystem stopped: versa-vmod
admin@CPE27-HKG2-SINGLE-CPE-DUAL-INTERNET16-cli> 
System message at 2019-09-17 05:42:51...
    Subsystem stopped: acctmgrd

System message at 2019-09-17 05:42:51...
    Subsystem stopped: infmgr
admin@CPE27-HKG2-SINGLE-CPE-DUAL-INTERNET16-cli> admin@CPE27-HKG2-SINGLE-CPE-DUAL-INTERNET16-cli> 
System message at 2019-09-17 05:42:51...
    Subsystem stopped: snmp-config-transform
admin@CPE27-HKG2-SINGLE-CPE-DUAL-INTERNET16-cli> 
System message at 2019-09-17 05:42:51...
    Subsystem stopped: snmp-config-hook
admin@CPE27-HKG2-SINGLE-CPE-DUAL-INTERNET16-cli> [admin@CPE27-HKG2-SINGLE-CPE-DUAL-INTERNET16: ~] # 
2019-09-17 11:12:59,190 - CPE27-HKG2-SINGLE-CPE-DUAL-INTERNET18 - DEBUG - process not up. Please wait for it to come up
2019-09-17 11:12:59,806 - CPE27-HKG2-SINGLE-CPE-DUAL-INTERNET18 - DEBUG - vsh status

~~~~~~~~~~~~~~~~~~~~~~~~~~~~~~~~~~~~~~~~~~~~~~~~~~~~~~~~~~~~~~~~~

The product evaluation period has expired.
 Please contact Versa Support (support@versa-networks.com) 

~~~~~~~~~~~~~~~~~~~~~~~~~~~~~~~~~~~~~~~~~~~~~~~~~~~~~~~~~~~~~~~~~

versa-service          is Stopped           
versa-infmgr           is Stopped           
versa-rfd              is Stopped           
versa-vmod             is Stopped           
versa-ip2user          is Stopped           
versa-imgr             is Stopped           
versa-acctmgrd         is Stopped           
versa-fltrmgr          is Stopped           
versa-vstated          is Stopped           
versa-spack            is Stopped           
versa-addrmgrd         is Stopped           
versa-rt-cli-xfm       is Stopped           
versa-rtd              is Stopped           
versa-dhcpd            is Stopped           
versa-eventd           is Stopped           
versa-vrrpd            is Stopped           
versa-dnsd             is Stopped           
versa-ppmd             is Stopped           
versa-snmp-xform       is Stopped           
versa-certd            is Stopped           
versa-ntpd             is Stopped           
versa-dhclient6        is Stopped           
versa-redis            is Stopped           
versa-av-redis         is Stopped           
versa-spackmgr         is Stopped           
versa-devmgr           is Stopped           
versa-monit            is Stopped           
versa-confd            is Running,          [-] process 7543
versa-fail2ban         is Stopped           
versa-auditd           is Stopped           
versa-nodejs           is Stopped           
[admin@CPE27-HKG2-SINGLE-CPE-DUAL-INTERNET16: ~] # 
2019-09-17 11:13:09,819 - CPE27-HKG2-SINGLE-CPE-DUAL-INTERNET18 - DEBUG - process not up. Please wait for it to come up
2019-09-17 11:13:10,437 - CPE27-HKG2-SINGLE-CPE-DUAL-INTERNET18 - DEBUG - vsh status

~~~~~~~~~~~~~~~~~~~~~~~~~~~~~~~~~~~~~~~~~~~~~~~~~~~~~~~~~~~~~~~~~

The product evaluation period has expired.
 Please contact Versa Support (support@versa-networks.com) 

~~~~~~~~~~~~~~~~~~~~~~~~~~~~~~~~~~~~~~~~~~~~~~~~~~~~~~~~~~~~~~~~~

versa-service          is Stopped           
versa-infmgr           is Stopped           
versa-rfd              is Stopped           
versa-vmod             is Stopped           
versa-ip2user          is Stopped           
versa-imgr             is Stopped           
versa-acctmgrd         is Stopped           
versa-fltrmgr          is Stopped           
versa-vstated          is Stopped           
versa-spack            is Stopped           
versa-addrmgrd         is Stopped           
versa-rt-cli-xfm       is Stopped           
versa-rtd              is Stopped           
versa-dhcpd            is Stopped           
versa-eventd           is Stopped           
versa-vrrpd            is Stopped           
versa-dnsd             is Stopped           
versa-ppmd             is Stopped           
versa-snmp-xform       is Stopped           
versa-certd            is Stopped           
versa-ntpd             is Stopped           
versa-dhclient6        is Stopped           
versa-redis            is Stopped           
versa-av-redis         is Stopped           
versa-spackmgr         is Stopped           
versa-devmgr           is Stopped           
versa-monit            is Stopped           
versa-confd            is Stopped           
versa-fail2ban         is Stopped           
versa-auditd           is Stopped           
versa-nodejs           is Stopped           
[admin@CPE27-HKG2-SINGLE-CPE-DUAL-INTERNET16: ~] # 
2019-09-17 11:13:20,440 - CPE27-HKG2-SINGLE-CPE-DUAL-INTERNET18 - DEBUG - process not up. Please wait for it to come up
2019-09-17 11:13:21,888 - CPE27-HKG2-SINGLE-CPE-DUAL-INTERNET18 - DEBUG - vsh status

~~~~~~~~~~~~~~~~~~~~~~~~~~~~~~~~~~~~~~~~~~~~~~~~~~~~~~~~~~~~~~~~~

The product evaluation period has expired.
 Please contact Versa Support (support@versa-networks.com) 

~~~~~~~~~~~~~~~~~~~~~~~~~~~~~~~~~~~~~~~~~~~~~~~~~~~~~~~~~~~~~~~~~


~~~~~~~~~~~~~~~~~~~~~~~~~~~~~~~~~~~~~~~~~~~~~~~~~~~~~~~~~~~~~~~~~

Netconf traffic yet to be allowed 

~~~~~~~~~~~~~~~~~~~~~~~~~~~~~~~~~~~~~~~~~~~~~~~~~~~~~~~~~~~~~~~~~

versa-service          is Stopped           
versa-infmgr           is Running,          [-] process 9225
versa-rfd              is Stopped           
versa-vmod             is Stopped           
versa-ip2user          is Stopped           
versa-imgr             is Stopped           
versa-acctmgrd         is Stopped           
versa-fltrmgr          is Running,          [-] process 9236
versa-vstated          is Running,          [-] process 9226
versa-spack            is Stopped           
versa-addrmgrd         is Stopped           
versa-rt-cli-xfm       is Stopped           
versa-rtd              is Stopped           
versa-dhcpd            is Running,          [-] process 9228
versa-eventd           is Stopped           
versa-vrrpd            is Running,          [-] process 9230
versa-dnsd             is Running,          [-] process 9235
versa-ppmd             is Stopped           
versa-snmp-xform       is Stopped           
versa-certd            is Stopped           
versa-ntpd             is Running,          [*] process 9206
versa-dhclient6        is Stopped           
versa-redis            is Running,          [-] process 8988
versa-av-redis         is Running,          [-] process 8987
versa-spackmgr         is Stopped           
versa-devmgr           is Stopped           
versa-monit            is Stopped           
versa-confd            is Running,          [*] process 8950
versa-fail2ban         is Stopped           
versa-auditd           is Stopped           
versa-nodejs           is Stopped           
[admin@CPE27-HKG2-SINGLE-CPE-DUAL-INTERNET16: ~] # 
2019-09-17 11:13:31,891 - CPE27-HKG2-SINGLE-CPE-DUAL-INTERNET18 - DEBUG - process not up. Please wait for it to come up
2019-09-17 11:13:34,322 - CPE27-HKG2-SINGLE-CPE-DUAL-INTERNET18 - DEBUG - vsh status

~~~~~~~~~~~~~~~~~~~~~~~~~~~~~~~~~~~~~~~~~~~~~~~~~~~~~~~~~~~~~~~~~

The product evaluation period has expired.
 Please contact Versa Support (support@versa-networks.com) 

~~~~~~~~~~~~~~~~~~~~~~~~~~~~~~~~~~~~~~~~~~~~~~~~~~~~~~~~~~~~~~~~~


~~~~~~~~~~~~~~~~~~~~~~~~~~~~~~~~~~~~~~~~~~~~~~~~~~~~~~~~~~~~~~~~~

Netconf traffic yet to be allowed 

~~~~~~~~~~~~~~~~~~~~~~~~~~~~~~~~~~~~~~~~~~~~~~~~~~~~~~~~~~~~~~~~~

versa-service          is Running,          [*] process 9468
versa-infmgr           is Running,          [-] process 9225
versa-rfd              is Running,          [-] process 9803
versa-vmod             is Running,          [-] process 9797
versa-ip2user          is Running,          [-] process 9815
versa-imgr             is Running,          [-] process 9809
versa-acctmgrd         is Running,          [-] process 9789
versa-fltrmgr          is Running,          [-] process 9236
versa-vstated          is Running,          [-] process 9226
versa-spack            is Running,          [-] process 9993
versa-addrmgrd         is Running,          [-] process 9805
versa-rt-cli-xfm       is Running,          [-] process 9758
versa-rtd              is Running,          [-] process 9782
versa-dhcpd            is Running,          [-] process 9228
versa-eventd           is Running,          [-] process 9795
versa-vrrpd            is Running,          [-] process 9230
versa-dnsd             is Running,          [-] process 9235
versa-ppmd             is Running,          [-] process 9743
versa-snmp-xform       is Running,          [-] process 9764
versa-certd            is Running,          [-] process 9816
versa-ntpd             is Running,          [*] process 9206
versa-dhclient6        is Running,          [-] process 9766
versa-redis            is Running,          [-] process 8988
versa-av-redis         is Running,          [-] process 8987
versa-spackmgr         is Running,          [-] process 9785
versa-devmgr           is Running,          [-] process 9927
versa-monit            is Running,          [*] process 10022
versa-confd            is Running,          [*] process 8950
versa-fail2ban         is Running,          [*] process 10037
versa-auditd           is Running,          [*] process 10050
versa-nodejs           is Running,          [-] process 9725
[admin@CPE27-HKG2-SINGLE-CPE-DUAL-INTERNET16: ~] # 
2019-09-17 11:13:44,328 - CPE27-HKG2-SINGLE-CPE-DUAL-INTERNET18 - DEBUG - process not up. Please wait for it to come up
2019-09-17 11:13:46,161 - CPE27-HKG2-SINGLE-CPE-DUAL-INTERNET18 - DEBUG - vsh status

~~~~~~~~~~~~~~~~~~~~~~~~~~~~~~~~~~~~~~~~~~~~~~~~~~~~~~~~~~~~~~~~~

The product evaluation period has expired.
 Please contact Versa Support (support@versa-networks.com) 

~~~~~~~~~~~~~~~~~~~~~~~~~~~~~~~~~~~~~~~~~~~~~~~~~~~~~~~~~~~~~~~~~

versa-service          is Running,          [*] process 9468
versa-infmgr           is Running,          [-] process 9225
versa-rfd              is Running,          [-] process 9803
versa-vmod             is Running,          [-] process 9797
versa-ip2user          is Running,          [-] process 9815
versa-imgr             is Running,          [-] process 9809
versa-acctmgrd         is Running,          [-] process 9789
versa-fltrmgr          is Running,          [-] process 9236
versa-vstated          is Running,          [-] process 9226
versa-spack            is Running,          [-] process 9993
versa-addrmgrd         is Running,          [-] process 9805
versa-rt-cli-xfm       is Running,          [-] process 9758
versa-rtd              is Running,          [-] process 9782
versa-dhcpd            is Running,          [-] process 9228
versa-eventd           is Running,          [-] process 9795
versa-vrrpd            is Running,          [-] process 9230
versa-dnsd             is Running,          [-] process 9235
versa-ppmd             is Running,          [-] process 9743
versa-snmp-xform       is Running,          [-] process 9764
versa-certd            is Running,          [-] process 9816
versa-ntpd             is Running,          [*] process 9206
versa-dhclient6        is Running,          [-] process 9766
versa-redis            is Running,          [-] process 10835
versa-av-redis         is Running,          [-] process 8987
versa-spackmgr         is Running,          [-] process 9785
versa-devmgr           is Running,          [-] process 9927
versa-monit            is Running,          [*] process 10022
versa-confd            is Running,          [*] process 8950
versa-fail2ban         is Running,          [*] process 10037
versa-auditd           is Running,          [*] process 10050
versa-nodejs           is Running,          [-] process 9725
[admin@CPE27-HKG2-SINGLE-CPE-DUAL-INTERNET16: ~] # 
2019-09-17 11:13:56,177 - CPE27-HKG2-SINGLE-CPE-DUAL-INTERNET18 - DEBUG - After breaking while
2019-09-17 11:13:57,812 - CPE27-HKG2-SINGLE-CPE-DUAL-INTERNET18 - DEBUG - 
~~~~~~~~~~~~~~~~~~~~~~~~~~~~~~~~~~~~~~~~~~~~~~~~~~~~~~~~~~~~~~~~~

The product evaluation period has expired.
 Please contact Versa Support (support@versa-networks.com) 

~~~~~~~~~~~~~~~~~~~~~~~~~~~~~~~~~~~~~~~~~~~~~~~~~~~~~~~~~~~~~~~~~

versa-service          is Running,          [*] process 9468
versa-infmgr           is Running,          [-] process 9225
versa-rfd              is Running,          [-] process 9803
versa-vmod             is Running,          [-] process 9797
versa-ip2user          is Running,          [-] process 9815
versa-imgr             is Running,          [-] process 9809
versa-acctmgrd         is Running,          [-] process 9789
versa-fltrmgr          is Running,          [-] process 9236
versa-vstated          is Running,          [-] process 9226
versa-spack            is Running,          [-] process 9993
versa-addrmgrd         is Running,          [-] process 9805
versa-rt-cli-xfm       is Running,          [-] process 9758
versa-rtd              is Running,          [-] process 9782
versa-dhcpd            is Running,          [-] process 9228
versa-eventd           is Running,          [-] process 9795
versa-vrrpd            is Running,          [-] process 9230
versa-dnsd             is Running,          [-] process 9235
versa-ppmd             is Running,          [-] process 9743
versa-snmp-xform       is Running,          [-] process 9764
versa-certd            is Running,          [-] process 9816
versa-ntpd             is Running,          [*] process 9206
versa-dhclient6        is Running,          [-] process 9766
versa-redis            is Running,          [-] process 10835
versa-av-redis         is Running,          [-] process 8987
versa-spackmgr         is Running,          [-] process 9785
versa-devmgr           is Running,          [-] process 9927
versa-monit            is Running,          [*] process 10022
versa-confd            is Running,          [*] process 8950
versa-fail2ban         is Running,          [*] process 10037
versa-auditd           is Running,          [*] process 10050
versa-nodejs           is Running,          [-] process 9725
2019-09-17 11:13:58,214 - CPE27-HKG2-SINGLE-CPE-DUAL-INTERNET18 - DEBUG - CPE27uSAB9
2019-09-17 11:13:58,615 - CPE27-HKG2-SINGLE-CPE-DUAL-INTERNET18 - DEBUG - CPE27ySAB9
2019-09-17 11:13:59,022 - CPE27-HKG2-SINGLE-CPE-DUAL-INTERNET18 - DEBUG - CPE27ySAB9
2019-09-17 11:13:59,427 - CPE27-HKG2-SINGLE-CPE-DUAL-INTERNET18 - DEBUG - E-DUAL-INTERNET1 
8  -r NV-WC01-N6-SIN@colt.net -rk 1234

2019-09-17 11:14:20,315 - CPE27-HKG2-SINGLE-CPE-DUAL-INTERNET18 - INFO - checking device info in VD.
2019-09-17 11:14:20,315 - CPE27-HKG2-SINGLE-CPE-DUAL-INTERNET18 - INFO - sleeping 50 secs
2019-09-17 11:15:11,183 - CPE27-HKG2-SINGLE-CPE-DUAL-INTERNET18 - INFO - checking device info in VD.
2019-09-17 11:15:11,183 - CPE27-HKG2-SINGLE-CPE-DUAL-INTERNET18 - INFO - sleeping 50 secs
2019-09-17 11:16:01,993 - CPE27-HKG2-SINGLE-CPE-DUAL-INTERNET18 - INFO - checking device info in VD.
2019-09-17 11:16:01,993 - CPE27-HKG2-SINGLE-CPE-DUAL-INTERNET18 - INFO - sleeping 50 secs
2019-09-17 11:16:52,780 - CPE27-HKG2-SINGLE-CPE-DUAL-INTERNET18 - INFO - checking device info in VD.
2019-09-17 11:16:52,780 - CPE27-HKG2-SINGLE-CPE-DUAL-INTERNET18 - INFO - sleeping 50 secs
2019-09-17 11:17:43,615 - CPE27-HKG2-SINGLE-CPE-DUAL-INTERNET18 - INFO - checking device info in VD.
2019-09-17 11:17:43,615 - CPE27-HKG2-SINGLE-CPE-DUAL-INTERNET18 - INFO - sleeping 50 secs
2019-09-17 11:18:34,404 - CPE27-HKG2-SINGLE-CPE-DUAL-INTERNET18 - INFO - checking device info in VD.
2019-09-17 11:18:34,404 - CPE27-HKG2-SINGLE-CPE-DUAL-INTERNET18 - INFO - sleeping 50 secs
2019-09-17 11:19:25,135 - CPE27-HKG2-SINGLE-CPE-DUAL-INTERNET18 - INFO - checking device info in VD.
2019-09-17 11:19:25,135 - CPE27-HKG2-SINGLE-CPE-DUAL-INTERNET18 - INFO - sleeping 50 secs
2019-09-17 11:20:15,885 - CPE27-HKG2-SINGLE-CPE-DUAL-INTERNET18 - INFO - checking device info in VD.
2019-09-17 11:20:15,885 - CPE27-HKG2-SINGLE-CPE-DUAL-INTERNET18 - INFO - sleeping 50 secs
2019-09-17 11:21:06,684 - CPE27-HKG2-SINGLE-CPE-DUAL-INTERNET18 - INFO - checking device info in VD.
2019-09-17 11:21:06,700 - CPE27-HKG2-SINGLE-CPE-DUAL-INTERNET18 - INFO - sleeping 50 secs
2019-09-17 11:21:57,543 - CPE27-HKG2-SINGLE-CPE-DUAL-INTERNET18 - INFO - 
 	 >>>>>>>>>>>> CPE ONBOARDING PASSED <<<<<<<<<<<<
 	 >>>>>>>>>>>>    CPE DETAILS        <<<<<<<<<<<<
2019-09-17 11:21:58,348 - CPE27-HKG2-SINGLE-CPE-DUAL-INTERNET18 - INFO - None
2019-09-17 11:21:58,348 - CPE27-HKG2-SINGLE-CPE-DUAL-INTERNET18 - INFO - CPE ONBOARDINIG SCRIPT COMPLETED
2019-09-17 11:21:58,348 - CPE27-HKG2-SINGLE-CPE-DUAL-INTERNET18 - INFO - Time elapsed: 0:11:07.198000

2019-09-17 11:21:58,348 - CPE27-HKG2-SINGLE-CPE-DUAL-INTERNET18 - INFO - LOG FILE PATH : C:\Softwares_mine\stefano\NV_REPOSITORY\csit/LOGS/2019_09_17_11_10_51_150000/MAIN.log
