2020-03-19 17:26:51,401 - VD1 - DEBUG - <netmiko.versa.versa_ssh.VersaSSH object at 0x000000000E555AC8>
2020-03-19 17:26:56,604 - VD1 - DEBUG - versa: Automated@VDir-BLR-NEW-01>
2020-03-19 17:27:01,457 - CPE11-HKG-HYBRD-IPC00190 - DEBUG - <netmiko.versa.versa_ssh.VersaSSH object at 0x000000000E592B70>
2020-03-19 17:27:06,660 - CPE11-HKG-HYBRD-IPC00190 - DEBUG - versa: Automated@VDir-BLR-NEW-01>
2020-03-19 17:27:31,430 - CPE12-HKG-HYBRD-IPC00190 - DEBUG - <netmiko.versa.versa_ssh.VersaSSH object at 0x000000000E5C8A90>
2020-03-19 17:27:36,631 - CPE12-HKG-HYBRD-IPC00190 - DEBUG - versa: Automated@VDir-BLR-NEW-01>
2020-03-19 17:28:52,375 - CPE11-HKG-HYBRD-IPC00190 - INFO - 
CREATE SLA profile

2020-03-19 17:28:53,790 - CPE11-HKG-HYBRD-IPC00190 - DEBUG - <Response [201]>
2020-03-19 17:28:53,798 - CPE11-HKG-HYBRD-IPC00190 - INFO - 
PASS
2020-03-19 17:28:53,798 - CPE11-HKG-HYBRD-IPC00190 - INFO - >>>>>>>>>> CREATE SLA Profile PASSED. <<<<<<<<<<<
2020-03-19 17:28:53,799 - CPE11-HKG-HYBRD-IPC00190 - INFO - 
CREATE FWD PROFILE

2020-03-19 17:28:55,226 - CPE11-HKG-HYBRD-IPC00190 - DEBUG - <Response [201]>
2020-03-19 17:28:55,226 - CPE11-HKG-HYBRD-IPC00190 - INFO - 
PASS
2020-03-19 17:28:55,227 - CPE11-HKG-HYBRD-IPC00190 - INFO - >>>>>>>>>> FORWARDING PROFILE CREATION PASSED. <<<<<<<<<<<
2020-03-19 17:28:55,227 - CPE11-HKG-HYBRD-IPC00190 - INFO - 
CREATE IPaddress Object

2020-03-19 17:28:56,335 - CPE11-HKG-HYBRD-IPC00190 - DEBUG - <Response [201]>
2020-03-19 17:28:56,335 - CPE11-HKG-HYBRD-IPC00190 - INFO - 
PASS
2020-03-19 17:28:56,335 - CPE11-HKG-HYBRD-IPC00190 - INFO - >>>>>>>>>> ADDRESS OBJECT CREATION PASSED. <<<<<<<<<<<
2020-03-19 17:28:56,335 - CPE11-HKG-HYBRD-IPC00190 - INFO - 
CREATE IPaddress Object

2020-03-19 17:28:57,509 - CPE11-HKG-HYBRD-IPC00190 - DEBUG - <Response [201]>
2020-03-19 17:28:57,509 - CPE11-HKG-HYBRD-IPC00190 - INFO - 
PASS
2020-03-19 17:28:57,509 - CPE11-HKG-HYBRD-IPC00190 - INFO - >>>>>>>>>> ADDRESS OBJECT CREATION PASSED. <<<<<<<<<<<
2020-03-19 17:28:57,509 - CPE11-HKG-HYBRD-IPC00190 - INFO - 
CREATE Service Object

2020-03-19 17:29:02,736 - CPE11-HKG-HYBRD-IPC00190 - DEBUG - <Response [201]>
2020-03-19 17:29:02,737 - CPE11-HKG-HYBRD-IPC00190 - INFO - 
PASS
2020-03-19 17:29:02,737 - CPE11-HKG-HYBRD-IPC00190 - INFO - >>>>>>>>>> Service OBJECT CREATION PASSED. <<<<<<<<<<<
2020-03-19 17:32:05,898 - CPE11-HKG-HYBRD-IPC00190 - INFO - 
CREATE Policy rule

2020-03-19 17:32:08,387 - CPE11-HKG-HYBRD-IPC00190 - DEBUG - <Response [201]>
2020-03-19 17:32:08,387 - CPE11-HKG-HYBRD-IPC00190 - INFO - 
PASS
2020-03-19 17:32:08,387 - CPE11-HKG-HYBRD-IPC00190 - INFO - >>>>>>>>>> CREATE POLICY RULE PASSED. <<<<<<<<<<<
2020-03-19 17:35:20,155 - CPE11-HKG-HYBRD-IPC00190 - INFO - 
DELETE IPaddress Object

2020-03-19 17:35:22,868 - CPE11-HKG-HYBRD-IPC00190 - INFO - 
PASS
2020-03-19 17:35:22,868 - CPE11-HKG-HYBRD-IPC00190 - INFO - >>>>>>>>>> Policy rule DELETION PASSED. <<<<<<<<<<<
2020-03-19 17:35:22,871 - CPE11-HKG-HYBRD-IPC00190 - INFO - 
CREATE Policy rule

2020-03-19 17:35:24,608 - CPE11-HKG-HYBRD-IPC00190 - DEBUG - <Response [201]>
2020-03-19 17:35:24,608 - CPE11-HKG-HYBRD-IPC00190 - INFO - 
PASS
2020-03-19 17:35:24,608 - CPE11-HKG-HYBRD-IPC00190 - INFO - >>>>>>>>>> CREATE POLICY RULE PASSED. <<<<<<<<<<<
2020-03-19 17:38:39,039 - CPE11-HKG-HYBRD-IPC00190 - INFO - 
DELETE IPaddress Object

2020-03-19 17:38:41,657 - CPE11-HKG-HYBRD-IPC00190 - INFO - 
PASS
2020-03-19 17:38:41,657 - CPE11-HKG-HYBRD-IPC00190 - INFO - >>>>>>>>>> Policy rule DELETION PASSED. <<<<<<<<<<<
2020-03-19 17:38:41,663 - CPE11-HKG-HYBRD-IPC00190 - INFO - 
CREATE Policy rule

2020-03-19 17:38:43,230 - CPE11-HKG-HYBRD-IPC00190 - DEBUG - <Response [201]>
2020-03-19 17:38:43,230 - CPE11-HKG-HYBRD-IPC00190 - INFO - 
PASS
2020-03-19 17:38:43,232 - CPE11-HKG-HYBRD-IPC00190 - INFO - >>>>>>>>>> CREATE POLICY RULE PASSED. <<<<<<<<<<<
2020-03-19 17:40:05,596 - CPE11-HKG-HYBRD-IPC00190 - INFO - 
DELETE IPaddress Object

2020-03-19 17:40:07,911 - CPE11-HKG-HYBRD-IPC00190 - INFO - 
PASS
2020-03-19 17:40:07,911 - CPE11-HKG-HYBRD-IPC00190 - INFO - >>>>>>>>>> Policy rule DELETION PASSED. <<<<<<<<<<<
2020-03-19 17:40:07,927 - CPE11-HKG-HYBRD-IPC00190 - INFO - 
CREATE Policy rule

2020-03-19 17:40:09,499 - CPE11-HKG-HYBRD-IPC00190 - DEBUG - <Response [201]>
2020-03-19 17:40:09,499 - CPE11-HKG-HYBRD-IPC00190 - INFO - 
PASS
2020-03-19 17:40:09,499 - CPE11-HKG-HYBRD-IPC00190 - INFO - >>>>>>>>>> CREATE POLICY RULE PASSED. <<<<<<<<<<<
2020-03-19 17:41:02,167 - CPE11-HKG-HYBRD-IPC00190 - INFO - 
DELETE IPaddress Object

2020-03-19 17:41:04,562 - CPE11-HKG-HYBRD-IPC00190 - INFO - 
PASS
2020-03-19 17:41:04,563 - CPE11-HKG-HYBRD-IPC00190 - INFO - >>>>>>>>>> Policy rule DELETION PASSED. <<<<<<<<<<<
2020-03-19 17:41:04,571 - CPE11-HKG-HYBRD-IPC00190 - INFO - 
DELETE Service Object

2020-03-19 17:41:06,194 - CPE11-HKG-HYBRD-IPC00190 - INFO - 
PASS
2020-03-19 17:41:06,194 - CPE11-HKG-HYBRD-IPC00190 - INFO - >>>>>>>>>> ADDRESS OBJECT DELETION PASSED. <<<<<<<<<<<
2020-03-19 17:41:06,196 - CPE11-HKG-HYBRD-IPC00190 - INFO - 
DELETE IPaddress Object

2020-03-19 17:41:07,750 - CPE11-HKG-HYBRD-IPC00190 - INFO - 
PASS
2020-03-19 17:41:07,750 - CPE11-HKG-HYBRD-IPC00190 - INFO - >>>>>>>>>> ADDRESS OBJECT DELETION PASSED. <<<<<<<<<<<
2020-03-19 17:41:07,750 - CPE11-HKG-HYBRD-IPC00190 - INFO - 
DELETE IPaddress Object

2020-03-19 17:41:09,076 - CPE11-HKG-HYBRD-IPC00190 - INFO - 
PASS
2020-03-19 17:41:09,076 - CPE11-HKG-HYBRD-IPC00190 - INFO - >>>>>>>>>> ADDRESS OBJECT DELETION PASSED. <<<<<<<<<<<
2020-03-19 17:41:09,078 - CPE11-HKG-HYBRD-IPC00190 - INFO - 
DELETE FWD PROFILE

2020-03-19 17:41:11,957 - CPE11-HKG-HYBRD-IPC00190 - INFO - 
PASS
2020-03-19 17:41:11,957 - CPE11-HKG-HYBRD-IPC00190 - INFO - >>>>>>>>>> FORWARDING PROFILE DELETION PASSED. <<<<<<<<<<<
2020-03-19 17:41:11,957 - CPE11-HKG-HYBRD-IPC00190 - INFO - 
DELETE SLA profile

2020-03-19 17:41:13,190 - CPE11-HKG-HYBRD-IPC00190 - INFO - 
PASS
2020-03-19 17:41:13,191 - CPE11-HKG-HYBRD-IPC00190 - INFO - >>>>>>>>>> DELETE SLA Profile PASSED. <<<<<<<<<<<
