2019-07-18 13:12:22,362 - VD1 - INFO - ORG NAME:IPC00187
2019-07-18 13:12:27,081 - VD1 - DEBUG - {
  "versanms.sdwan-org-workflow": {
    "orgName": "IPC00187",
    "globalId": "87",
    "parentOrg": "Colt",
    "ikeAuthType": "psk",
    "sharedControlPlane": false,
    "controllers": ["NV-WC01-N1-HKG", "NV-WC02-N6-SIN", "NV-WC02-N1-HKG", "NV-WC01-N6-SIN"],
    "vrfs": [{ "name": "LAN1-VRF", "id": "990", "enableVPN": "true", "tooltip": "" }],
    "supportedRoles": []
  }
}
2019-07-18 13:12:39,618 - VD1 - INFO - <Response [200]>
2019-07-18 13:12:39,618 - VD1 - INFO - PASS
2019-07-18 13:12:49,753 - VD1 - INFO - 20902
2019-07-18 13:13:05,427 - VD1 - INFO - FAILED : Network Element Driver: device NV-WC01-N1-HKG: out of sync
2019-07-18 13:13:05,434 - VD1 - INFO - 
********************
RESULT:
ORG DEPLOYMENT : FAILED : Network Element Driver: device NV-WC01-N1-HKG: out of sync

********************

