2020-01-21 17:52:29,753 - VD1 - DEBUG - <netmiko.versa.versa_ssh.VersaSSH object at 0x000000000E759EF0>
2020-01-21 17:52:34,956 - VD1 - DEBUG - versa: Automated@VDir-BLR-NEW-01>
2020-01-21 17:52:34,957 - CPE11-HKG-HYBRD-IPC00190 - INFO - CPE NAME:CPE11-HKG-HYBRD-IPC00190
2020-01-21 17:52:35,959 - CPE11-HKG-HYBRD-IPC00190 - INFO - SOLUTION SELECTED:SINGLE-CPE-HYBRID
2020-01-21 17:52:36,130 - CPE11-HKG-HYBRD-IPC00190 - INFO - 
CREATE FWD PROFILE

2020-01-21 17:52:40,256 - CPE11-HKG-HYBRD-IPC00190 - DEBUG - <Response [201]>
2020-01-21 17:52:40,257 - CPE11-HKG-HYBRD-IPC00190 - INFO - 
PASS
2020-01-21 17:52:40,259 - CPE11-HKG-HYBRD-IPC00190 - INFO - >>>>>>>>>> FORWARDING PROFILE CREATION PASSED. <<<<<<<<<<<
2020-01-21 18:03:47,075 - CPE11-HKG-HYBRD-IPC00190 - INFO - 
CREATE IPaddress Object

2020-01-21 18:03:49,681 - CPE11-HKG-HYBRD-IPC00190 - DEBUG - <Response [201]>
2020-01-21 18:03:49,683 - CPE11-HKG-HYBRD-IPC00190 - INFO - 
PASS
2020-01-21 18:03:49,683 - CPE11-HKG-HYBRD-IPC00190 - INFO - >>>>>>>>>> ADDRESS OBJECT CREATION PASSED. <<<<<<<<<<<
2020-01-21 18:03:50,644 - CPE11-HKG-HYBRD-IPC00190 - INFO - 
CREATE Policy rule

2020-01-21 18:03:52,671 - CPE11-HKG-HYBRD-IPC00190 - DEBUG - <Response [201]>
2020-01-21 18:03:52,671 - CPE11-HKG-HYBRD-IPC00190 - INFO - 
PASS
2020-01-21 18:03:52,673 - CPE11-HKG-HYBRD-IPC00190 - INFO - >>>>>>>>>> CREATE POLICY RULE PASSED. <<<<<<<<<<<
