2019-02-08 15:02:49,705 - VD1 - INFO - ORG NAME:FINAL
2019-02-08 15:02:52,320 - VD1 - DEBUG - {
  "versanms.sdwan-org-workflow": {
    "orgName": "FINAL",
    "globalId": "119",
    "parentOrg": "Colt",
    "ikeAuthType": "psk",
    "sharedControlPlane": false,
    "controllers": ["NV-WC01-N2-BLR", "NV-WC02-N4-MUM", "NV-WC02-N2-BLR"],
    "vrfs": [{ "name": "LAN1-VRF", "id": "1310", "enableVPN": "true", "tooltip": "" },{ "name": "LAN2-VRF", "id": "1311", "enableVPN": "true", "tooltip": "" },{ "name": "LAN3-VRF", "id": "1312", "enableVPN": "true", "tooltip": "" }],
    "supportedRoles": []
  }
}
2019-02-08 15:07:52,482 - VD1 - INFO - <Response [500]>
2019-02-08 15:07:52,483 - VD1 - INFO - 
2019-02-08 15:07:52,483 - VD1 - INFO - FAIL : 
2019-02-08 15:08:02,607 - VD1 - INFO - 15024
2019-02-08 15:09:50,045 - VD1 - INFO - FAILED : Global ID must be between 1 and 512 
2019-02-08 15:09:50,045 - VD1 - INFO - 
********************
RESULT:
ORG DEPLOYMENT : FAILED : Global ID must be between 1 and 512 

********************

