2020-02-11 17:36:59,096 - VD1 - DEBUG - <netmiko.versa.versa_ssh.VersaSSH object at 0x000000000E705940>
2020-02-11 17:37:04,299 - VD1 - DEBUG - versa: Automated@VDir-BLR-NEW-01>
2020-02-11 17:37:04,299 - CPE11-HKG-HYBRD-IPC00190 - INFO - CPE NAME:CPE11-HKG-HYBRD-IPC00190
2020-02-11 17:37:05,301 - CPE11-HKG-HYBRD-IPC00190 - INFO - SOLUTION SELECTED:SINGLE-CPE-HYBRID
2020-02-11 17:37:17,424 - CPE11-HKG-HYBRD-IPC00190 - DEBUG - <netmiko.versa.versa_ssh.VersaSSH object at 0x0000000002BE8EF0>
2020-02-11 17:37:22,658 - CPE11-HKG-HYBRD-IPC00190 - DEBUG - versa: Automated@VDir-BLR-NEW-01>
2020-02-11 17:37:52,496 - CPE11-HKG-HYBRD-IPC00190 - INFO - 
CREATE SLA profile

2020-02-11 17:37:55,313 - CPE11-HKG-HYBRD-IPC00190 - DEBUG - <Response [201]>
2020-02-11 17:37:55,322 - CPE11-HKG-HYBRD-IPC00190 - INFO - 
PASS
2020-02-11 17:37:55,323 - CPE11-HKG-HYBRD-IPC00190 - INFO - >>>>>>>>>> CREATE SLA Profile PASSED. <<<<<<<<<<<
2020-02-11 17:39:54,667 - CPE11-HKG-HYBRD-IPC00190 - INFO - 
CREATE FWD PROFILE

2020-02-11 17:39:57,582 - CPE11-HKG-HYBRD-IPC00190 - DEBUG - <Response [201]>
2020-02-11 17:39:57,582 - CPE11-HKG-HYBRD-IPC00190 - INFO - 
PASS
2020-02-11 17:39:57,582 - CPE11-HKG-HYBRD-IPC00190 - INFO - >>>>>>>>>> FORWARDING PROFILE CREATION PASSED. <<<<<<<<<<<
2020-02-11 17:39:58,729 - CPE11-HKG-HYBRD-IPC00190 - INFO - 
CREATE IPaddress Object

2020-02-11 17:40:00,417 - CPE11-HKG-HYBRD-IPC00190 - DEBUG - <Response [201]>
2020-02-11 17:40:00,418 - CPE11-HKG-HYBRD-IPC00190 - INFO - 
PASS
2020-02-11 17:40:00,420 - CPE11-HKG-HYBRD-IPC00190 - INFO - >>>>>>>>>> ADDRESS OBJECT CREATION PASSED. <<<<<<<<<<<
2020-02-11 17:40:01,240 - CPE11-HKG-HYBRD-IPC00190 - INFO - 
CREATE Policy rule

2020-02-11 17:40:03,309 - CPE11-HKG-HYBRD-IPC00190 - DEBUG - <Response [201]>
2020-02-11 17:40:03,309 - CPE11-HKG-HYBRD-IPC00190 - INFO - 
PASS
2020-02-11 17:40:03,309 - CPE11-HKG-HYBRD-IPC00190 - INFO - >>>>>>>>>> CREATE POLICY RULE PASSED. <<<<<<<<<<<
2020-02-11 17:40:53,257 - CPE11-HKG-HYBRD-IPC00190 - INFO - 
DELETE IPaddress Object

2020-02-11 17:40:55,711 - CPE11-HKG-HYBRD-IPC00190 - INFO - 
PASS
2020-02-11 17:40:55,713 - CPE11-HKG-HYBRD-IPC00190 - INFO - >>>>>>>>>> Policy rule DELETION PASSED. <<<<<<<<<<<
2020-02-11 17:40:57,849 - CPE11-HKG-HYBRD-IPC00190 - INFO - 
DELETE IPaddress Object

2020-02-11 17:41:00,448 - CPE11-HKG-HYBRD-IPC00190 - INFO - 
PASS
2020-02-11 17:41:00,450 - CPE11-HKG-HYBRD-IPC00190 - INFO - >>>>>>>>>> ADDRESS OBJECT DELETION PASSED. <<<<<<<<<<<
2020-02-11 17:41:03,323 - CPE11-HKG-HYBRD-IPC00190 - INFO - 
DELETE FWD PROFILE

2020-02-11 17:41:07,019 - CPE11-HKG-HYBRD-IPC00190 - INFO - 
PASS
2020-02-11 17:41:12,440 - CPE11-HKG-HYBRD-IPC00190 - INFO - >>>>>>>>>> FORWARDING PROFILE DELETION PASSED. <<<<<<<<<<<
