2020-05-08 10:13:14,612 - CPE26-SIN-DUAL-CPE-HYB-IPC00190-P - INFO - 
DELETE Service Object

2020-05-08 10:13:23,848 - CPE26-SIN-DUAL-CPE-HYB-IPC00190-P - ERROR - 
2020-05-08 10:13:23,848 - CPE26-SIN-DUAL-CPE-HYB-IPC00190-P - INFO - 
FAIL : 
2020-05-08 10:13:23,849 - CPE26-SIN-DUAL-CPE-HYB-IPC00190-P - INFO - >>>>>>>>>> ADDRESS OBJECT DELETION FAILED. <<<<<<<<<<<
2020-05-08 10:13:23,851 - CPE26-SIN-DUAL-CPE-HYB-IPC00190-P - INFO - 
DELETE IPaddress Object

2020-05-08 10:13:24,492 - CPE26-SIN-DUAL-CPE-HYB-IPC00190-P - ERROR - 
2020-05-08 10:13:24,493 - CPE26-SIN-DUAL-CPE-HYB-IPC00190-P - INFO - 
FAIL : 
2020-05-08 10:13:24,493 - CPE26-SIN-DUAL-CPE-HYB-IPC00190-P - INFO - >>>>>>>>>> ADDRESS OBJECT DELETION FAILED. <<<<<<<<<<<
2020-05-08 10:13:24,494 - CPE26-SIN-DUAL-CPE-HYB-IPC00190-P - INFO - 
DELETE IPaddress Object

2020-05-08 10:13:25,221 - CPE26-SIN-DUAL-CPE-HYB-IPC00190-P - ERROR - 
2020-05-08 10:13:25,223 - CPE26-SIN-DUAL-CPE-HYB-IPC00190-P - INFO - 
FAIL : 
2020-05-08 10:13:25,223 - CPE26-SIN-DUAL-CPE-HYB-IPC00190-P - INFO - >>>>>>>>>> ADDRESS OBJECT DELETION FAILED. <<<<<<<<<<<
2020-05-08 10:13:25,226 - CPE26-SIN-DUAL-CPE-HYB-IPC00190-P - INFO - 
DELETE FWD PROFILE

2020-05-08 10:13:25,992 - CPE26-SIN-DUAL-CPE-HYB-IPC00190-P - ERROR - 
2020-05-08 10:13:25,993 - CPE26-SIN-DUAL-CPE-HYB-IPC00190-P - INFO - 
FAIL : 
2020-05-08 10:13:25,993 - CPE26-SIN-DUAL-CPE-HYB-IPC00190-P - INFO - >>>>>>>>>> FORWARDING PROFILE DELETION FAILED. <<<<<<<<<<<
2020-05-08 10:13:25,993 - CPE26-SIN-DUAL-CPE-HYB-IPC00190-P - INFO - 
DELETE SLA profile

2020-05-08 10:13:26,752 - CPE26-SIN-DUAL-CPE-HYB-IPC00190-P - ERROR - 
2020-05-08 10:13:26,753 - CPE26-SIN-DUAL-CPE-HYB-IPC00190-P - INFO - 
FAIL : 
2020-05-08 10:13:26,753 - CPE26-SIN-DUAL-CPE-HYB-IPC00190-P - INFO - >>>>>>>>>> DELETE SLA Profile FAILED. <<<<<<<<<<<
