2019-05-29 11:22:08,805 - VD1 - INFO - ORG NAME:SAMPLE10
2019-05-29 11:22:17,848 - VD1 - DEBUG - {
  "versanms.sdwan-org-workflow": {
    "orgName": "SAMPLE10",
    "globalId": "6",
    "parentOrg": "Colt",
    "ikeAuthType": "psk",
    "sharedControlPlane": false,
    "controllers": ["NV-WC01-N3-GGN", "NV-WC02-N1-HKG", "NV-WC01-N1-HKG"],
    "vrfs": [{ "name": "LAN1-VRF", "id": "180", "enableVPN": "true", "tooltip": "" }],
    "supportedRoles": []
  }
}
2019-05-29 11:22:18,990 - VD1 - INFO - <Response [500]>
2019-05-29 11:22:18,990 - VD1 - INFO - {"error":{"http_status_code":500,"code":0,"message":" Global Id: 6 is already configured.","more_info":"http://nms.versa.com/errors/null"}}
2019-05-29 11:22:18,990 - VD1 - INFO - FAIL : {"error":{"http_status_code":500,"code":0,"message":" Global Id: 6 is already configured.","more_info":"http://nms.versa.com/errors/null"}}
2019-05-29 11:22:18,990 - VD1 - INFO - 
********************
RESULT:
ORG DEPLOYMENT : FAIL : {"error":{"http_status_code":500,"code":0,"message":" Global Id: 6 is already configured.","more_info":"http://nms.versa.com/errors/null"}}

********************

