2019-04-15 16:13:48,654 - CPE12-BLR-MPLS - INFO - CPE NAME:CPE12-BLR-MPLS
2019-04-15 16:13:52,573 - CPE12-BLR-MPLS - INFO - SOLUTION SELECTED:SINGLE-CPE-MPLS-ONLY
2019-04-15 16:13:53,762 - CPE12-BLR-MPLS - INFO - {u'versanms.sdwan-org-workflow': {u'ikeAuthType': u'psk', u'globalId': 125, u'orgName': u'JAPAN', u'controllers': [u'NV-WC01-N2-BLR', u'NV-WC02-N2-BLR', u'NV-WC02-N4-MUM'], u'bandwidth': 10, u'parentOrg': u'Colt', u'vrfs': [{u'name': u'LAN1-VRF', u'enableVPN': True, u'id': 1370}, {u'name': u'LAN2-VRF', u'enableVPN': True, u'id': 1371}, {u'name': u'LAN3-VRF', u'enableVPN': True, u'id': 1372}, {u'name': u'LAN4-VRF', u'enableVPN': True, u'id': 1373}, {u'name': u'LAN5-VRF', u'enableVPN': True, u'id': 1374}, {u'name': u'LAN6-VRF', u'enableVPN': True, u'id': 1375}, {u'name': u'LAN7-VRF', u'enableVPN': True, u'id': 1376}, {u'name': u'LAN8-VRF', u'enableVPN': True, u'id': 1377}, {u'name': u'LAN9-VRF', u'enableVPN': True, u'id': 1378}, {u'name': u'LAN10-VRF', u'enableVPN': True, u'id': 1379}], u'solutionTier': u'base-sdwan', u'sharedControlPlane': False}}
2019-04-15 16:13:54,157 - CPE12-BLR-MPLS - INFO - {u'versanms.sdwan-org-workflow': {u'ikeAuthType': u'psk', u'globalId': 125, u'orgName': u'JAPAN', u'controllers': [u'NV-WC01-N2-BLR', u'NV-WC02-N2-BLR', u'NV-WC02-N4-MUM'], u'bandwidth': 10, u'parentOrg': u'Colt', u'vrfs': [{u'name': u'LAN1-VRF', u'enableVPN': True, u'id': 1370}, {u'name': u'LAN2-VRF', u'enableVPN': True, u'id': 1371}, {u'name': u'LAN3-VRF', u'enableVPN': True, u'id': 1372}, {u'name': u'LAN4-VRF', u'enableVPN': True, u'id': 1373}, {u'name': u'LAN5-VRF', u'enableVPN': True, u'id': 1374}, {u'name': u'LAN6-VRF', u'enableVPN': True, u'id': 1375}, {u'name': u'LAN7-VRF', u'enableVPN': True, u'id': 1376}, {u'name': u'LAN8-VRF', u'enableVPN': True, u'id': 1377}, {u'name': u'LAN9-VRF', u'enableVPN': True, u'id': 1378}, {u'name': u'LAN10-VRF', u'enableVPN': True, u'id': 1379}], u'solutionTier': u'base-sdwan', u'sharedControlPlane': False}}
2019-04-15 16:13:54,505 - CPE12-BLR-MPLS - INFO - {u'versanms.sdwan-org-workflow': {u'ikeAuthType': u'psk', u'globalId': 125, u'orgName': u'JAPAN', u'controllers': [u'NV-WC01-N2-BLR', u'NV-WC02-N2-BLR', u'NV-WC02-N4-MUM'], u'bandwidth': 10, u'parentOrg': u'Colt', u'vrfs': [{u'name': u'LAN1-VRF', u'enableVPN': True, u'id': 1370}, {u'name': u'LAN2-VRF', u'enableVPN': True, u'id': 1371}, {u'name': u'LAN3-VRF', u'enableVPN': True, u'id': 1372}, {u'name': u'LAN4-VRF', u'enableVPN': True, u'id': 1373}, {u'name': u'LAN5-VRF', u'enableVPN': True, u'id': 1374}, {u'name': u'LAN6-VRF', u'enableVPN': True, u'id': 1375}, {u'name': u'LAN7-VRF', u'enableVPN': True, u'id': 1376}, {u'name': u'LAN8-VRF', u'enableVPN': True, u'id': 1377}, {u'name': u'LAN9-VRF', u'enableVPN': True, u'id': 1378}, {u'name': u'LAN10-VRF', u'enableVPN': True, u'id': 1379}], u'solutionTier': u'base-sdwan', u'sharedControlPlane': False}}
2019-04-15 16:13:54,505 - CPE12-BLR-MPLS - INFO - 
STEP : DEVICE GROUP CREATION AND DEPLOYMENT

2019-04-15 16:13:54,691 - CPE12-BLR-MPLS - INFO - <Response [201]>
2019-04-15 16:13:54,693 - CPE12-BLR-MPLS - INFO - 
PASS
2019-04-15 16:13:54,693 - CPE12-BLR-MPLS - INFO - 
 >>>>>>>>>> DEVICE GROUP TEMPLATE CREATION PASSED. <<<<<<<<<<<

2019-04-15 16:13:59,694 - CPE12-BLR-MPLS - INFO - 
STEP : PRE-ONBOARD WORK

2019-04-15 16:13:59,775 - CPE12-BLR-MPLS - INFO - 
sudo /opt/versa/scripts/staging.py -w 1 -c 10.63.151.90 -s 172.16.7.46/30 -g 172.16.7.45 -l JAPAN-CPE12-BLR-MPLS@colt.net -lk CPE12-BLR-MPLS  -r NV-WC02-N2-BLR@colt.net -rk NV-WC02-N2-BLR

2019-04-15 16:13:59,776 - CPE12-BLR-MPLS - INFO - {
	"versanms.sdwan-device-workflow": {
		"deviceName": "CPE12-BLR-MPLS",
		"siteId": "1630",
		"orgName": "JAPAN",
		"serialNumber": "CPE12INTERNETKSA1812013",
		"deviceGroup": "JAPAN-BLR-PS-M-DG",
		"locationInfo": {
			"state": "karnataka",
			"country": "india",
			"longitude": "77.594563",
			"latitude": "12.971599",
			"city": "bangalore"
		},
		"postStagingTemplateInfo": {
			"templateName": "JAPAN-BLR-PS-M",
			"templateData": {
				"device-template-variable": {
					"template": "JAPAN-BLR-PS-M",
					"variable-binding": {
						"attrs": [
						
						    
						    
						    
						{ "name": "{$v_vni-0-4_LAN1_Unit-0__unit}", "value": "610", "isAutogeneratable": false},
						{ "name": "{$v_vni-0-4_LAN1_Unit-0__vlanId}", "value": "610", "isAutogeneratable": false },
						
						    
						    
						    
						{ "name": "{$v_vni-0-4_LAN2_Unit-1__unit}", "value": "611", "isAutogeneratable": false},
						{ "name": "{$v_vni-0-4_LAN2_Unit-1__vlanId}", "value": "611", "isAutogeneratable": false },
						
						    
						    
						    
						{ "name": "{$v_vni-0-4_LAN3_Unit-2__unit}", "value": "612", "isAutogeneratable": false},
						{ "name": "{$v_vni-0-4_LAN3_Unit-2__vlanId}", "value": "612", "isAutogeneratable": false },
						
						    
						    
						    
						{ "name": "{$v_vni-0-4_LAN4_Unit-3__unit}", "value": "613", "isAutogeneratable": false},
						{ "name": "{$v_vni-0-4_LAN4_Unit-3__vlanId}", "value": "613", "isAutogeneratable": false },
						
						    
						    
						    
						{ "name": "{$v_vni-0-4_LAN5_Unit-4__unit}", "value": "614", "isAutogeneratable": false},
						{ "name": "{$v_vni-0-4_LAN5_Unit-4__vlanId}", "value": "614", "isAutogeneratable": false },
						
						{
							"name": "{$v_JAPAN-Control-VR_16_Router_ID__vrRouteId}",
							"value": "20.20.125.12",
							"isAutogeneratable": true,
							"isOverwritten": false
						}, {
							"name": "{$v_JAPAN_NV-WC01-N2-BLR_Local_auth_email_key__IKELKey}",
							"value": "CPE12-BLR-MPLS",
							"isAutogeneratable": true
						}, {
							"name": "{$v_JAPAN_NV-WC02-N2-BLR_Local_auth_email_key__IKELKey}",
							"value": "CPE12-BLR-MPLS",
							"isAutogeneratable": true
						},
						
						
						
						{ "name": "{$v_LAN1_IPv4__staticaddress}", "value": "192.169.111.1/24", "isAutogeneratable": false},
						
						
						
						{ "name": "{$v_LAN2_IPv4__staticaddress}", "value": "192.169.112.1/24", "isAutogeneratable": false},
						
						
						
						{ "name": "{$v_LAN3_IPv4__staticaddress}", "value": "192.169.113.1/24", "isAutogeneratable": false},
						
						
						
						{ "name": "{$v_LAN4_IPv4__staticaddress}", "value": "192.169.114.1/24", "isAutogeneratable": false},
						
						
						
						{ "name": "{$v_LAN5_IPv4__staticaddress}", "value": "192.169.115.1/24", "isAutogeneratable": false},
						
						{
							"name": "{$v_JAPAN_NV-WC02-N2-BLR_Local_auth_email_identifier__IKELIdentifier}",
							"value": "CPE12-BLR-MPLS@colt.net",
							"isAutogeneratable": true
						}, {
							"name": "{$v_Site_Id__siteSiteID}",
							"value": "1630",
							"isAutogeneratable": true
						}, {
							"name": "{$v_JAPAN_NV-WC01-N2-BLR_Local_auth_email_identifier__IKELIdentifier}",
							"value": "CPE12-BLR-MPLS@colt.net",
							"isAutogeneratable": true
						}, {
							"name": "{$v_JAPAN_Site_Name__sitesSiteName}",
							"value": "CPE12-BLR-MPLS",
							"isAutogeneratable": true
						}, {
							"name": "{$v_latitude__IdLatitude}",
							"value": "12.971599",
							"isAutogeneratable": true
						}, {
							"name": "{$v_identification__IdName}",
							"value": "CPE12-BLR-MPLS",
							"isAutogeneratable": true
						}, {
						    "name": "{$v_tvi-0-250_-_Unit_0_Static_address__tunnelStaticAddress}",
							"value": "10.10.125.12/32",
							"isAutogeneratable": true,
							"isOverwritten": false
						}, {
							"name": "{$v_Chassis_Id__sitesChassisId}",
							"value": "CPE12INTERNETKSA1812013",
							"isAutogeneratable": true
						}, {
							"name": "{$v_longitude__Idlongitude}",
							"value": "77.594563",
							"isAutogeneratable": true
						}, {
							"name": "{$v_location__IdLocation}",
							"value": "bangalore,karnataka, india",
							"isAutogeneratable": true
						}, {
							"name": "{$v_JAPAN-Control-VR_125_Local_address__vrRouterAddress}",
							"value": "20.20.125.12",
							"isAutogeneratable": true,
							"isOverwritten": false
						}, {
							"name": "{$v_MPLS-WAN-Transport-VR_IPv4__vrHopAddress}",
							"value": "172.16.7.45",
							"isAutogeneratable": false
						}, {
							"name": "{$v_MPLS-WAN_IPv4__staticaddress}",
							"value": "172.16.7.46/30",
							"isAutogeneratable": false
						}, {
							"name": "{$v_tvi-0-251_-_Unit_0_Static_address__tunnelStaticAddress}",
							"value": "20.20.125.12/32",
							"isAutogeneratable": true,
							"isOverwritten": false
						}]
					}
				},
				"variableMetadata": [
                
                
                
				{"variable": "{$v_vni-0-4_LAN1_Unit-0__vlanId}", "group": "Vlan Info", "overlay": false, "type": "INTEGER"},
                
                
                
				{"variable": "{$v_vni-0-4_LAN2_Unit-1__vlanId}", "group": "Vlan Info", "overlay": false, "type": "INTEGER"},
                
                
                
				{"variable": "{$v_vni-0-4_LAN3_Unit-2__vlanId}", "group": "Vlan Info", "overlay": false, "type": "INTEGER"},
                
                
                
				{"variable": "{$v_vni-0-4_LAN4_Unit-3__vlanId}", "group": "Vlan Info", "overlay": false, "type": "INTEGER"},
                
                
                
				{"variable": "{$v_vni-0-4_LAN5_Unit-4__vlanId}", "group": "Vlan Info", "overlay": false, "type": "INTEGER"},
                
				{
					"variable": "{$v_JAPAN-Control-VR_125_Router_ID__vrRouteId}",
					"group": "Virtual Routers",
					"overlay": true,
					"type": "IPV4"
				}, {
					"variable": "{$v_JAPAN_NV-WC01-N2-BLR_Local_auth_email_key__IKELKey}",
					"group": "IPSEC",
					"overlay": false
				}, {
					"variable": "{$v_JAPAN_NV-WC02-N2-BLR_Local_auth_email_key__IKELKey}",
					"group": "IPSEC",
					"overlay": false
				},
			{
					"variable": "{$v_LAN1_IPv4__staticaddress}", "group": "Interfaces", "overlay": false, "type": "IPV4_MASK"
				},
            {
					"variable": "{$v_LAN2_IPv4__staticaddress}", "group": "Interfaces", "overlay": false, "type": "IPV4_MASK"
				},
            {
					"variable": "{$v_LAN3_IPv4__staticaddress}", "group": "Interfaces", "overlay": false, "type": "IPV4_MASK"
				},
            {
					"variable": "{$v_LAN4_IPv4__staticaddress}", "group": "Interfaces", "overlay": false, "type": "IPV4_MASK"
				},
            {
					"variable": "{$v_LAN5_IPv4__staticaddress}", "group": "Interfaces", "overlay": false, "type": "IPV4_MASK"
				},
            
				 {
					"variable": "{$v_JAPAN_NV-WC02-N2-BLR_Local_auth_email_identifier__IKELIdentifier}",
					"group": "IPSEC",
					"overlay": false
				}, {
					"variable": "{$v_Site_Id__siteSiteID}",
					"group": "SDWAN",
					"overlay": false
				}, {
					"variable": "{$v_JAPAN_NV-WC01-N2-BLR_Local_auth_email_identifier__IKELIdentifier}",
					"group": "IPSEC",
					"overlay": false
				}, {
					"variable": "{$v_JAPAN_Site_Name__sitesSiteName}",
					"group": "SDWAN",
					"overlay": false
				}, {
					"variable": "{$v_latitude__IdLatitude}",
					"group": "SDWAN",
					"overlay": false
				}, {
					"variable": "{$v_identification__IdName}",
					"group": "SDWAN",
					"overlay": false
				}, {
					"variable": "{$v_tvi-0-250_-_Unit_0_Static_address__tunnelStaticAddress}",
					"group": "Interfaces",
					"overlay": true,
					"type": "IPV4_IPV6_MASK"
				}, {
					"variable": "{$v_Chassis_Id__sitesChassisId}",
					"group": "SDWAN",
					"overlay": false
				}, {
					"variable": "{$v_longitude__Idlongitude}",
					"group": "SDWAN",
					"overlay": false
				}, {
					"variable": "{$v_location__IdLocation}",
					"group": "SDWAN",
					"overlay": false
				}, {
					"variable": "{$v_JAPAN-Control-VR_125_Local_address__vrRouterAddress}",
					"group": "Virtual Routers",
					"overlay": true,
					"type": "IPV4"
				}, {
					"variable": "{$v_MPLS-WAN-Transport-VR_IPv4__vrHopAddress}",
					"group": "Virtual Routers",
					"overlay": false,
					"type": "IPV4_IPV6"
				}, {
					"variable": "{$v_tvi-0-251_-_Unit_0_Static_address__tunnelStaticAddress}",
					"group": "Interfaces",
					"overlay": true,
					"type": "IPV4_IPV6_MASK"
				}]
			}
		}
	}
}
2019-04-15 16:14:00,711 - CPE12-BLR-MPLS - INFO - <Response [500]>
2019-04-15 16:14:00,713 - CPE12-BLR-MPLS - INFO - {"error":{"http_status_code":500,"code":0,"message":"Global Device Id 1630 is already in use.","more_info":"http://nms.versa.com/errors/null"}}
2019-04-15 16:14:00,713 - CPE12-BLR-MPLS - INFO - FAIL : {"error":{"http_status_code":500,"code":0,"message":"Global Device Id 1630 is already in use.","more_info":"http://nms.versa.com/errors/null"}}
