2019-06-13 17:06:54,928 - CPE100-SIN-INTONLY - INFO - CPE NAME:CPE100-SIN-INTONLY
2019-06-13 17:06:55,930 - CPE100-SIN-INTONLY - INFO - SOLUTION SELECTED:SINGLE-CPE-INTERNET-ONLY
2019-06-13 17:06:57,098 - CPE100-SIN-INTONLY - INFO - {u'versanms.sdwan-org-workflow': {u'ikeAuthType': u'psk', u'globalId': 74, u'orgName': u'IPC00174', u'controllers': [u'NV-WC01-N1-HKG', u'NV-WC01-N6-SIN', u'NV-WC02-N1-HKG', u'NV-WC02-N6-SIN'], u'bandwidth': 10, u'parentOrg': u'Colt', u'vrfs': [{u'name': u'LAN1-VRF', u'enableVPN': True, u'id': 860}, {u'name': u'LAN2-VRF', u'enableVPN': True, u'id': 861}], u'solutionTier': u'base-sdwan', u'sharedControlPlane': False}}
2019-06-13 17:06:57,302 - CPE100-SIN-INTONLY - INFO - {u'versanms.sdwan-org-workflow': {u'ikeAuthType': u'psk', u'globalId': 74, u'orgName': u'IPC00174', u'controllers': [u'NV-WC01-N1-HKG', u'NV-WC01-N6-SIN', u'NV-WC02-N1-HKG', u'NV-WC02-N6-SIN'], u'bandwidth': 10, u'parentOrg': u'Colt', u'vrfs': [{u'name': u'LAN1-VRF', u'enableVPN': True, u'id': 860}, {u'name': u'LAN2-VRF', u'enableVPN': True, u'id': 861}], u'solutionTier': u'base-sdwan', u'sharedControlPlane': False}}
2019-06-13 17:06:57,505 - CPE100-SIN-INTONLY - INFO - {u'versanms.sdwan-org-workflow': {u'ikeAuthType': u'psk', u'globalId': 74, u'orgName': u'IPC00174', u'controllers': [u'NV-WC01-N1-HKG', u'NV-WC01-N6-SIN', u'NV-WC02-N1-HKG', u'NV-WC02-N6-SIN'], u'bandwidth': 10, u'parentOrg': u'Colt', u'vrfs': [{u'name': u'LAN1-VRF', u'enableVPN': True, u'id': 860}, {u'name': u'LAN2-VRF', u'enableVPN': True, u'id': 861}], u'solutionTier': u'base-sdwan', u'sharedControlPlane': False}}
2019-06-13 17:06:57,506 - CPE100-SIN-INTONLY - INFO - 
STEP : POST STAGING TEMPLATE CREATION AND DEPLOYMENT

2019-06-13 17:06:57,549 - CPE100-SIN-INTONLY - INFO - {
	"versanms.sdwan-template-workflow": {
		"templateName": "IPC00174-SIN-PS-IS-LIB",
		"templateType": "sdwan-post-staging",
		"controllers": ["NV-WC01-N6-SIN", "NV-WC02-N6-SIN"],
		"providerOrg": {
			"name": "IPC00174",
			"statefulFW": true,
			"nextGenFW": false
		},
		"analyticsCluster": "VAN-Cluster",
		"deviceFirmfactor": "6",
		"wanInterfaces": [{
			"interfaceName": "vni-0/0",
			"pppoe": false,
			"unitInfo": [{
				"subUnit": 0,
				"vlanId": 0,
				"networkName": "INT-WAN","ipv4Static": true,
				"ipv4Dhcp": false,
				"ipv6Static": false,
				"ipv6Dhcp": false,
				"allowSSH": false,
				"monitor": {},
				"linkPriority": "",
				"transportDomains": ["INTERNET-TD"]
			}]
		}],
		"deviceType": "full-mesh",
		"redundantPair": {
			"enable": false
		},
		"lanInterfaces": [{
			"interfaceName": "vni-0/4",
			"unitInfo": [
			{
				"subUnit": "{$v_vni-0-4_LAN1_Unit-0__unit}",
				"vlanId": "{$v_vni-0-4_LAN1_Unit-0__vlanId}",
				"networkName": "LAN1",
				"subOrganization": "IPC00174",
				"ipv4Static": true,
				"ipv4Dhcp": false,
				"ip6Static": false,
				"ipv6Dhcp": false,
				"vrfName": "LAN1-VRF",
				"zoneName": ""
			}
            
        ]
		}],
		"solutionTier": "standard-sdwan-plus-ngfw",
		"bandwidth": 1000,
		"customParams": [],
		"minimumImageVersion": "16.1R2-S2.2",
		"isAnalyticsEnabled": true,
		"isPrimary": true,
		"diaConfig": {
			"loadBalance": false
		},
		"splitTunnels": [
        {
			"vrfName": "LAN1-VRF",
			"wanNetworkName": "INT-WAN",
			"dia": true,
			"gateway": false
		}
        
		],
		"inBoundNats": []
	}
}

2019-06-13 17:07:05,434 - CPE100-SIN-INTONLY - INFO - <Response [200]>
2019-06-13 17:07:05,436 - CPE100-SIN-INTONLY - INFO - 
PASS
2019-06-13 17:07:05,436 - CPE100-SIN-INTONLY - INFO - 
 >>>>>>>>>> POST STAGING TEMPLATE CREATION PASSED. <<<<<<<<<<<

2019-06-13 17:07:10,575 - CPE100-SIN-INTONLY - INFO - <Response [200]>
2019-06-13 17:07:10,575 - CPE100-SIN-INTONLY - INFO - 
PASS
2019-06-13 17:07:10,575 - CPE100-SIN-INTONLY - INFO - 
 >>>>>>>>>> FW ASSOCIATION WITH POST STAGING TEMPLATE PASSED. <<<<<<<<<<<

2019-06-13 17:07:28,352 - CPE100-SIN-INTONLY - INFO - <Response [200]>
2019-06-13 17:07:33,354 - CPE100-SIN-INTONLY - INFO - 
PASS
2019-06-13 17:07:33,354 - CPE100-SIN-INTONLY - INFO - 
 >>>>>>>>>> POST STAGING TEMPLATE DEPLOY PASSED. <<<<<<<<<<<

2019-06-13 17:07:38,687 - CPE100-SIN-INTONLY - INFO - {u'versanms.sdwan-template-workflow': {u'providerOrg': {u'nextGenFW': False, u'name': u'IPC00174', u'statefulFW': True}, u'snmp': {u'snmpV1': False, u'snmpV2': False, u'snmpV3': False}, u'minimumImageVersion': u'16.1R2-S2.2', u'wanInterfaces': [{u'unitInfo': [{u'ipv6Dhcp': False, u'monitor': {u'monitorNexthop': False}, u'allowSSH': False, u'ipv4Static': True, u'DIA': False, u'vlanId': 0, u'transportDomains': [u'INTERNET-TD'], u'ipv4Dhcp': False, u'ipv6rs': False, u'subUnit': 0, u'networkName': u'INT-WAN', u'ipv6Static': False}], u'interfaceName': u'vni-0/0', u'pppoe': False}], u'diaConfig': {u'loadBalance': False, u'dia': False}, u'templateName': u'IPC00174-SIN-PS-IS-LIB', u'isPrimary': True, u'isAnalyticsEnabled': True, u'lanInterfaces': [{u'unitInfo': [{u'ipv6Dhcp': False, u'ipv4DhcpServer': False, u'vrfName': u'LAN1-VRF', u'ipv6ra': False, u'ipv4Static': True, u'DIA': False, u'vlanId': u'{$v_vni-0-4_LAN1_Unit-0__vlanId}', u'ip6Static': False, u'ipv4Dhcp': False, u'subOrganization': u'IPC00174', u'subUnit': u'{$v_vni-0-4_LAN1_Unit-0__unit}', u'networkName': u'LAN1', u'dhcpV4Relay': False}], u'interfaceName': u'vni-0/4'}], u'bandwidth': 1000, u'controllers': [u'NV-WC01-N6-SIN', u'NV-WC02-N6-SIN'], u'templateType': u'sdwan-post-staging', u'deviceType': u'full-mesh', u'redundantPair': {u'vrrp': True, u'enable': False, u'cloudCPE': False}, u'solutionTier': u'standard-sdwan-plus-ngfw', u'deviceFirmfactor': 6, u'analyticsCluster': u'VAN-Cluster', u'splitTunnels': [{u'wanNetworkName': u'INT-WAN', u'vrfName': u'LAN1-VRF', u'dia': True, u'gateway': False}]}}
2019-06-13 17:07:38,793 - CPE100-SIN-INTONLY - INFO - [{u'category': u'stateful-firewall', u'organization': u'IPC00174', u'serviceTemplate': u'COMMON-SFW-TEMPLATE1', u'id': 71, u'templateName': u'IPC00174-SIN-PS-IS-LIB'}]
2019-06-13 17:07:54,191 - CPE100-SIN-INTONLY - INFO - set devices template IPC00174-SIN-PS-IS-LIB config interfaces vni vni-0/0 description "INT-WAN"

set devices template IPC00174-SIN-PS-IS-LIB config system vnf-manager ip-addresses [ 10.92.116.67/32 10.92.116.68/32 ]
delete devices template IPC00174-SIN-PS-IS-LIB config routing-instances routing-instance INT-WAN-Transport-VR routing-options static route rti-static-route-list 0.0.0.0/0 "{$v_INT-WAN-Transport-VR_IPv4__vrHopAddress}" none icmp
set devices template IPC00174-SIN-PS-IS-LIB config routing-instances routing-instance IPC00174-Control-VR protocols bgp bgp 74 hold-time 90
set devices template IPC00174-SIN-PS-IS-LIB config routing-instances routing-instance IPC00174-Control-VR protocols bgp bgp 74 graceful-restart enable
set devices template IPC00174-SIN-PS-IS-LIB config routing-instances routing-instance IPC00174-Control-VR protocols bgp bgp 74 graceful-restart maximum-restart-time 15
set devices template IPC00174-SIN-PS-IS-LIB config routing-instances routing-instance IPC00174-Control-VR protocols bgp bgp 74 graceful-restart recovery-time 15
set devices template IPC00174-SIN-PS-IS-LIB config routing-instances routing-instance IPC00174-Control-VR protocols bgp bgp 74 graceful-restart select-defer-time 15
set devices template IPC00174-SIN-PS-IS-LIB config routing-instances routing-instance IPC00174-Control-VR protocols bgp bgp 74 graceful-restart stalepath-time 15
set devices template IPC00174-SIN-PS-IS-LIB config routing-instances routing-instance IPC00174-Control-VR protocols bgp bgp 74 graceful-restart dynamic-peer-restart-time 0

set devices template IPC00174-SIN-PS-IS-LIB config routing-instances routing-instance IPC00174-Control-VR protocols bgp bgp 74 routing-peer-policy Import-From-SDWAN-Policy term 1GW1 match family inet-vpn
set devices template IPC00174-SIN-PS-IS-LIB config routing-instances routing-instance IPC00174-Control-VR protocols bgp bgp 74 routing-peer-policy Import-From-SDWAN-Policy term 1GW1 match community "(^|,)([0-9]*:11)($|,)"
set devices template IPC00174-SIN-PS-IS-LIB config routing-instances routing-instance IPC00174-Control-VR protocols bgp bgp 74 routing-peer-policy Import-From-SDWAN-Policy term 1GW1 action filter accept
set devices template IPC00174-SIN-PS-IS-LIB config routing-instances routing-instance IPC00174-Control-VR protocols bgp bgp 74 routing-peer-policy Import-From-SDWAN-Policy term 1GW1 action community 8009:8009
set devices template IPC00174-SIN-PS-IS-LIB config routing-instances routing-instance IPC00174-Control-VR protocols bgp bgp 74 routing-peer-policy Import-From-SDWAN-Policy term 1GW1 action community-action set-specific
set devices template IPC00174-SIN-PS-IS-LIB config routing-instances routing-instance IPC00174-Control-VR protocols bgp bgp 74 routing-peer-policy Import-From-SDWAN-Policy term 1GW1 action set-local-preference 80
set devices template IPC00174-SIN-PS-IS-LIB config routing-instances routing-instance IPC00174-Control-VR protocols bgp bgp 74 routing-peer-policy Import-From-SDWAN-Policy term 2GW2 match family inet-vpn
set devices template IPC00174-SIN-PS-IS-LIB config routing-instances routing-instance IPC00174-Control-VR protocols bgp bgp 74 routing-peer-policy Import-From-SDWAN-Policy term 2GW2 match community "(^|,)([0-9]*:12)($|,)"
set devices template IPC00174-SIN-PS-IS-LIB config routing-instances routing-instance IPC00174-Control-VR protocols bgp bgp 74 routing-peer-policy Import-From-SDWAN-Policy term 2GW2 action filter accept
set devices template IPC00174-SIN-PS-IS-LIB config routing-instances routing-instance IPC00174-Control-VR protocols bgp bgp 74 routing-peer-policy Import-From-SDWAN-Policy term 2GW2 action community 8009:8009
set devices template IPC00174-SIN-PS-IS-LIB config routing-instances routing-instance IPC00174-Control-VR protocols bgp bgp 74 routing-peer-policy Import-From-SDWAN-Policy term 2GW2 action community-action set-specific
set devices template IPC00174-SIN-PS-IS-LIB config routing-instances routing-instance IPC00174-Control-VR protocols bgp bgp 74 routing-peer-policy Import-From-SDWAN-Policy term 2GW2 action set-local-preference 60
move devices template IPC00174-SIN-PS-IS-LIB config routing-instances routing-instance IPC00174-Control-VR protocols bgp bgp 74 routing-peer-policy Import-From-SDWAN-Policy term 2GW2 first
move devices template IPC00174-SIN-PS-IS-LIB config routing-instances routing-instance IPC00174-Control-VR protocols bgp bgp 74 routing-peer-policy Import-From-SDWAN-Policy term 1GW1 first

set devices template IPC00174-SIN-PS-IS-LIB config routing-instances routing-instance IPC00174-Control-VR protocols bgp bgp 74 routing-peer-policy TO_SDWAN term Wildcard match family inet-vpn
set devices template IPC00174-SIN-PS-IS-LIB config routing-instances routing-instance IPC00174-Control-VR protocols bgp bgp 74 routing-peer-policy TO_SDWAN term Wildcard action filter accept
set devices template IPC00174-SIN-PS-IS-LIB config routing-instances routing-instance IPC00174-Control-VR protocols bgp bgp 74 routing-peer-policy TO_SDWAN term Wildcard action community 65:10
set devices template IPC00174-SIN-PS-IS-LIB config routing-instances routing-instance IPC00174-Control-VR protocols bgp bgp 74 routing-peer-policy TO_SDWAN term Wildcard action community-action set-specific
set devices template IPC00174-SIN-PS-IS-LIB config routing-instances routing-instance IPC00174-Control-VR protocols bgp bgp 74 routing-peer-policy TO_SDWAN term VersaPvt-Wildcard match family versa-private
set devices template IPC00174-SIN-PS-IS-LIB config routing-instances routing-instance IPC00174-Control-VR protocols bgp bgp 74 routing-peer-policy TO_SDWAN term VersaPvt-Wildcard action filter accept
set devices template IPC00174-SIN-PS-IS-LIB config routing-instances routing-instance IPC00174-Control-VR protocols bgp bgp 74 routing-peer-policy TO_SDWAN term VersaPvt-Wildcard action community 65:10
set devices template IPC00174-SIN-PS-IS-LIB config routing-instances routing-instance IPC00174-Control-VR protocols bgp bgp 74 routing-peer-policy TO_SDWAN term VersaPvt-Wildcard action community-action set-specific
set devices template IPC00174-SIN-PS-IS-LIB config routing-instances routing-instance IPC00174-Control-VR protocols bgp bgp 74 group Controllers-Group family inet unicast
set devices template IPC00174-SIN-PS-IS-LIB config routing-instances routing-instance IPC00174-Control-VR protocols bgp bgp 74 group Controllers-Group export TO_SDWAN

set devices template IPC00174-SIN-PS-IS-LIB config orgs org IPC00174 sd-wan site wan-interfaces vni vni-0/0.0 sla-monitoring fc fc_nc interval 10
set devices template IPC00174-SIN-PS-IS-LIB config orgs org IPC00174 sd-wan site wan-interfaces vni vni-0/0.0 sla-monitoring fc fc_nc logging-interval 30
set devices template IPC00174-SIN-PS-IS-LIB config orgs org IPC00174 sd-wan site wan-interfaces vni vni-0/0.0 sla-monitoring fc fc_nc send-to controller
set devices template IPC00174-SIN-PS-IS-LIB config orgs org IPC00174 sd-wan site wan-interfaces vni vni-0/0.0 sla-monitoring fc fc_be interval 10
set devices template IPC00174-SIN-PS-IS-LIB config orgs org IPC00174 sd-wan site wan-interfaces vni vni-0/0.0 sla-monitoring fc fc_be logging-interval 30
set devices template IPC00174-SIN-PS-IS-LIB config orgs org IPC00174 sd-wan site wan-interfaces vni vni-0/0.0 sla-monitoring fc fc_be send-to branches
set devices template IPC00174-SIN-PS-IS-LIB config orgs org IPC00174 sd-wan site wan-interfaces vni vni-0/0.0 management-traffic priority 0

set devices template IPC00174-SIN-PS-IS-LIB config orgs org-services IPC00174 class-of-service qos-policies qos-policy-group Default-Policy rules qos-policy IPSEC_IN match source zone zone-list [ Intf-INT-WAN-Zone ]
set devices template IPC00174-SIN-PS-IS-LIB config orgs org-services IPC00174 class-of-service qos-policies qos-policy-group Default-Policy rules qos-policy IPSEC_IN match services predefined-services-list [ ESP ICMP ]
set devices template IPC00174-SIN-PS-IS-LIB config orgs org-services IPC00174 class-of-service qos-policies qos-policy-group Default-Policy rules qos-policy IPSEC_IN match services services-list [ IPSEC IPSecAH ]
set devices template IPC00174-SIN-PS-IS-LIB config orgs org-services IPC00174 class-of-service qos-policies qos-policy-group Default-Policy rules qos-policy IPSEC_IN set action allow
set devices template IPC00174-SIN-PS-IS-LIB config orgs org-services IPC00174 class-of-service qos-policies qos-policy-group Default-Policy rules qos-policy IPSEC_OUT match destination zone zone-list [ Intf-INT-WAN-Zone ]
set devices template IPC00174-SIN-PS-IS-LIB config orgs org-services IPC00174 class-of-service qos-policies qos-policy-group Default-Policy rules qos-policy IPSEC_OUT match services predefined-services-list [ ESP ICMP ]
set devices template IPC00174-SIN-PS-IS-LIB config orgs org-services IPC00174 class-of-service qos-policies qos-policy-group Default-Policy rules qos-policy IPSEC_OUT match services services-list [ IPSEC IPSIPSecAH ]
set devices template IPC00174-SIN-PS-IS-LIB config orgs org-services IPC00174 class-of-service qos-policies qos-policy-group Default-Policy rules qos-policy IPSEC_OUT set action allow
set devices template IPC00174-SIN-PS-IS-LIB config orgs org-services IPC00174 class-of-service qos-policies qos-policy-group Default-Policy rules qos-policy ARP_IN match source zone zone-list [ Intf-INT-WAN-Zone ]
set devices template IPC00174-SIN-PS-IS-LIB config orgs org-services IPC00174 class-of-service qos-policies qos-policy-group Default-Policy rules qos-policy ARP_IN match ether-type ARP
set devices template IPC00174-SIN-PS-IS-LIB config orgs org-services IPC00174 class-of-service qos-policies qos-policy-group Default-Policy rules qos-policy ARP_IN set action allow
set devices template IPC00174-SIN-PS-IS-LIB config orgs org-services IPC00174 class-of-service qos-policies qos-policy-group Default-Policy rules qos-policy ARP_OUT match destination zone zone-list [ Intf-INT-WAN-Zone ]
set devices template IPC00174-SIN-PS-IS-LIB config orgs org-services IPC00174 class-of-service qos-policies qos-policy-group Default-Policy rules qos-policy ARP_OUT match ether-type ARP
set devices template IPC00174-SIN-PS-IS-LIB config orgs org-services IPC00174 class-of-service qos-policies qos-policy-group Default-Policy rules qos-policy ARP_OUT set action allow
set devices template IPC00174-SIN-PS-IS-LIB config orgs org-services IPC00174 class-of-service qos-policies qos-policy-group Default-Policy rules qos-policy DHCP_IN match source zone zone-list [ Intf-INT-WAN-Zone ]
set devices template IPC00174-SIN-PS-IS-LIB config orgs org-services IPC00174 class-of-service qos-policies qos-policy-group Default-Policy rules qos-policy DHCP_IN match services services-list [ DHCP-67 DHCP-68 ]
set devices template IPC00174-SIN-PS-IS-LIB config orgs org-services IPC00174 class-of-service qos-policies qos-policy-group Default-Policy rules qos-policy DHCP_IN set action allow
set devices template IPC00174-SIN-PS-IS-LIB config orgs org-services IPC00174 class-of-service qos-policies qos-policy-group Default-Policy rules qos-policy DHCP_OUT match destination zone zone-list [ Intf-INT-WAN-Zone ]
set devices template IPC00174-SIN-PS-IS-LIB config orgs org-services IPC00174 class-of-service qos-policies qos-policy-group Default-Policy rules qos-policy DHCP_OUT match services services-list [ DHCP-67 DHCP-68 ]
set devices template IPC00174-SIN-PS-IS-LIB config orgs org-services IPC00174 class-of-service qos-policies qos-policy-group Default-Policy rules qos-policy DHCP_OUT set action allow

set devices template IPC00174-SIN-PS-IS-LIB config orgs org-services IPC00174 class-of-service qos-policies qos-policy-group Default-Policy rules qos-policy INT_OUT match source zone zone-list [ Intf-LAN1-Zone W-ST-LAN1-VRF-INT-WAN ]
set devices template IPC00174-SIN-PS-IS-LIB config orgs org-services IPC00174 class-of-service qos-policies qos-policy-group Default-Policy rules qos-policy INT_OUT match destination zone zone-list [ Intf-INT-WAN-Zone L-ST-LAN1-VRF-INT-WAN ]
set devices template IPC00174-SIN-PS-IS-LIB config orgs org-services IPC00174 class-of-service qos-policies qos-policy-group Default-Policy rules qos-policy INT_OUT set action allow
set devices template IPC00174-SIN-PS-IS-LIB config orgs org-services IPC00174 class-of-service qos-policies qos-policy-group Default-Policy rules qos-policy INT_IN match source zone zone-list [ Intf-INT-WAN-Zone L-ST-LAN1-VRF-INT-WAN ]
set devices template IPC00174-SIN-PS-IS-LIB config orgs org-services IPC00174 class-of-service qos-policies qos-policy-group Default-Policy rules qos-policy INT_IN set action allow



set devices template IPC00174-SIN-PS-IS-LIB config orgs org-services IPC00174 class-of-service qos-policies qos-policy-group Default-Policy rules qos-policy WAN_IN match source zone zone-list [ Intf-INT-WAN-Zone ]
set devices template IPC00174-SIN-PS-IS-LIB config orgs org-services IPC00174 class-of-service qos-policies qos-policy-group Default-Policy rules qos-policy WAN_IN set action deny
set devices template IPC00174-SIN-PS-IS-LIB config orgs org-services IPC00174 class-of-service qos-policies qos-policy-group Default-Policy rules qos-policy WAN_OUT match destination zone zone-list [ Intf-INT-WAN-Zone ]
set devices template IPC00174-SIN-PS-IS-LIB config orgs org-services IPC00174 class-of-service qos-policies qos-policy-group Default-Policy rules qos-policy WAN_OUT set action deny

delete devices template IPC00174-SIN-PS-IS-LIB config orgs org-services IPC00174 cgnat rules rule RFC_1918_NoTranslate
delete devices template IPC00174-SIN-PS-IS-LIB config orgs org-services IPC00174 cgnat rules rule DIA-Rule-LAN1-VRF-INT-WAN from
set devices template IPC00174-SIN-PS-IS-LIB config orgs org-services IPC00174 cgnat rules rule DIA-Rule-LAN1-VRF-INT-WAN match source-zone [ W-ST-LAN1-VRF-INT-WAN ]
set devices template IPC00174-SIN-PS-IS-LIB config orgs org-services IPC00174 cgnat rules rule DIA-Rule-LAN1-VRF-INT-WAN match destination-zone [ Intf-INT-WAN-Zone ]


delete device template IPC00174-SIN-PS-IS-LIB config org org-services IPC00174 sd-wan policies sdwan-policy-group Default-Policy rules rule Default-Rule
set devices template IPC00174-SIN-PS-IS-LIB config org org-services IPC00174 sd-wan forwarding-profiles forwarding-profile DEFAULT-TRAFFIC-PROFILE circuit-priorities priority 1 circuit-names local [ INT-WAN ]
set devices template IPC00174-SIN-PS-IS-LIB config org org-services IPC00174 sd-wan forwarding-profiles forwarding-profile DEFAULT-TRAFFIC-PROFILE circuit-priorities priority 1 circuit-names remote [ INT-WAN INT-WAN1 INT-WAN2 ]
set devices template IPC00174-SIN-PS-IS-LIB config org org-services IPC00174 sd-wan forwarding-profiles forwarding-profile DEFAULT-TRAFFIC-PROFILE circuit-priorities priority 2 circuit-names local [ INT-WAN ]
set devices template IPC00174-SIN-PS-IS-LIB config org org-services IPC00174 sd-wan forwarding-profiles forwarding-profile DEFAULT-TRAFFIC-PROFILE circuit-priorities priority 2 circuit-names remote [ LTE-WAN ]
set devices template IPC00174-SIN-PS-IS-LIB config org org-services IPC00174 sd-wan forwarding-profiles forwarding-profile DEFAULT-TRAFFIC-PROFILE connection-selection-method weighted-round-robin
set devices template IPC00174-SIN-PS-IS-LIB config org org-services IPC00174 sd-wan forwarding-profiles forwarding-profile DEFAULT-TRAFFIC-PROFILE recompute-timer 40
set devices template IPC00174-SIN-PS-IS-LIB config org org-services IPC00174 sd-wan forwarding-profiles forwarding-profile DEFAULT-TRAFFIC-PROFILE encryption optional
set devices template IPC00174-SIN-PS-IS-LIB config org org-services IPC00174 sd-wan forwarding-profiles forwarding-profile DEFAULT-TRAFFIC-PROFILE symmetric-forwarding enable
set devices template IPC00174-SIN-PS-IS-LIB config org org-services IPC00174 sd-wan policies sdwan-policy-group Default-Policy rules rule DEFAULT-TRAFFIC-RULE description DEFAULT-TRAFFIC-RULE
set devices template IPC00174-SIN-PS-IS-LIB config org org-services IPC00174 sd-wan policies sdwan-policy-group Default-Policy rules rule DEFAULT-TRAFFIC-RULE set action allow
set devices template IPC00174-SIN-PS-IS-LIB config org org-services IPC00174 sd-wan policies sdwan-policy-group Default-Policy rules rule DEFAULT-TRAFFIC-RULE set forwarding-profile DEFAULT-TRAFFIC-PROFILE
set devices template IPC00174-SIN-PS-IS-LIB config orgs org-services IPC00174 objects services service IPSEC protocol UDP
set devices template IPC00174-SIN-PS-IS-LIB config orgs org-services IPC00174 objects services service IPSEC destination-port 4790,4500,500
set devices template IPC00174-SIN-PS-IS-LIB config orgs org-services IPC00174 objects services service IPSecAH protocol AH
set devices template IPC00174-SIN-PS-IS-LIB config orgs org-services IPC00174 objects services service IPSIPSecAH protocol AH
set devices template IPC00174-SIN-PS-IS-LIB config orgs org-services IPC00174 objects services service DHCP-67 protocol UDP
set devices template IPC00174-SIN-PS-IS-LIB config orgs org-services IPC00174 objects services service DHCP-67 port 67
set devices template IPC00174-SIN-PS-IS-LIB config orgs org-services IPC00174 objects services service DHCP-68 protocol UDP
set devices template IPC00174-SIN-PS-IS-LIB config orgs org-services IPC00174 objects services service DHCP-68 port 68

delete devices template IPC00174-SIN-PS-IS-LIB config routing-instances routing-instance IPC00174-Control-VR routing-options static route
delete devices template IPC00174-SIN-PS-IS-LIB config orgs org-services IPC00174 security access-policies access-policy-group Default-Policy

set devices template IPC00174-SIN-PS-IS-LIB config routing-instances routing-instance LAN1-VRF vrf-import-target target:860L:8602
set devices template IPC00174-SIN-PS-IS-LIB config routing-instances routing-instance LAN1-VRF policy-options redistribution-policy Default-Policy-To-BGP term T3-STATIC match protocol static
set devices template IPC00174-SIN-PS-IS-LIB config routing-instances routing-instance LAN1-VRF policy-options redistribution-policy Default-Policy-To-BGP term T3-STATIC action filter accept
set devices template IPC00174-SIN-PS-IS-LIB config routing-instances routing-instance LAN1-VRF policy-options redistribution-policy Default-Policy-To-BGP term T3-STATIC action set-origin igp
set devices template IPC00174-SIN-PS-IS-LIB config routing-instances routing-instance LAN1-VRF policy-options redistribution-policy Default-Policy-To-BGP term T3-STATIC action set-local-preference 110
set devices template IPC00174-SIN-PS-IS-LIB config snmp usm local user coltuser auth sha password Colt1234

set devices template IPC00174-SIN-PS-IS-LIB config system time-zone Greenwich
set devices template IPC00174-SIN-PS-IS-LIB config confdConfig cli banner "Access to this network/system is limited to users authorised by Colt for its legitimate business purposes. Unauthorised access, use, installation of files or modification of any data is prohibited. Use of this system/network will be audited"
set devices template IPC00174-SIN-PS-IS-LIB config system users portal login shell role admin password yA:D#{}Vn9JE-?Qa
set devices template IPC00174-SIN-PS-IS-LIB config system users portal ssh-public-key portal contents "ssh-rsa AAAAB3NzaC1yc2EAAAADAQABAAABAQDo+WWU8BDyqZCYadUGElffuy1pkOo4nrg/yfOqV84G+ukVGf+SF48h+543zMxMmKTauHEqmSp+74IbSpN9buBom/BFpBTm3c66BErMmLNariqvfItG7CO9UBPqoXpUBAXnF/muohwe145jEyRRI4Lof2wK6F6qYjzTQHK+zp5IpV6D+VurfQ6fIQB2oUIj9c8OG3Zfyp33l9utdLCzR7Uo4OGt9GidMrO2mXSBWXb+L5o6MAiOB4EhKvVyG9O8+So7zHEcUI65bq3JWzLzM7w705ySVwitEeqCx2wS7v/2KNuHmI8kSQVOuXQ539V3PJThvlVPY7ABmrY5+4MZT+Fv novitas@colt.net"
2019-06-13 17:08:42,486 - CPE100-SIN-INTONLY - INFO - configure
Entering configuration mode private
Current configuration users:
admin tcp (maapi from 127.0.0.1) on since 2019-06-13 08:21:21 private mode
[ok][2019-06-13 08:21:58]

[edit]
Administrator@VDir-BLR-NEW-01% set devices template IPC00174-SIN-PS-IS-LIB config interfaces vni vni-0/0 description "INT-WAN"
[ok][2019-06-13 08:22:00]

[edit]
Administrator@VDir-BLR-NEW-01% 

[edit]
Administrator@VDir-BLR-NEW-01% set devices template IPC00174-SIN-PS-IS-LIB config system vnf-manager ip-addresses [ 10.92.116.67/32 10.92.116.68/32 ]
[ok][2019-06-13 08:22:00]

[edit]
Administrator@VDir-BLR-NEW-01% delete devices template IPC00174-SIN-PS-IS-LIB config routing-instances routing-instance INT-WAN-Transport-VR routing-options static route rti-static-route-list 0.0.0.0/0 "{$v_INT-WAN-Transport-VR_IPv4__vrHopAddress}"[1A[34C{$v_INT-WAN-Transport-VR_IPv4__vrHopAddress}  [1Dnone icmp
Error: element not found
[error][2019-06-13 08:22:01]

[edit]
Administrator@VDir-BLR-NEW-01% set devices template IPC00174-SIN-PS-IS-LIB config routing-instances routing-instance IPC00174-Control-VR protocols bgp bgp 74 hold-time 90
[ok][2019-06-13 08:22:01]

[edit]
Administrator@VDir-BLR-NEW-01% set devices template IPC00174-SIN-PS-IS-LIB config routing-instances routing-instance IPC00174-Control-VR protocols bgp bgp 74 graceful-restart enable
[ok][2019-06-13 08:22:01]

[edit]
Administrator@VDir-BLR-NEW-01% set devices template IPC00174-SIN-PS-IS-LIB config routing-instances routing-instance IPC00174-Control-VR protocols bgp bgp 74 graceful-restart maximum-restart-time 15
[ok][2019-06-13 08:22:02]

[edit]
Administrator@VDir-BLR-NEW-01% set devices template IPC00174-SIN-PS-IS-LIB config routing-instances routing-instance IPC00174-Control-VR protocols bgp bgp 74 graceful-restart recovery-time 15
[ok][2019-06-13 08:22:02]

[edit]
Administrator@VDir-BLR-NEW-01% set devices template IPC00174-SIN-PS-IS-LIB config routing-instances routing-instance IPC00174-Control-VR protocols bgp bgp 74 graceful-restart select-defer-time 15
[ok][2019-06-13 08:22:02]

[edit]
Administrator@VDir-BLR-NEW-01% set devices template IPC00174-SIN-PS-IS-LIB config routing-instances routing-instance IPC00174-Control-VR protocols bgp bgp 74 graceful-restart stalepath-time 15
[ok][2019-06-13 08:22:03]

[edit]
Administrator@VDir-BLR-NEW-01% set devices template IPC00174-SIN-PS-IS-LIB config routing-instances routing-instance IPC00174-Control-VR protocols bgp bgp 74 graceful-restart dynamic-peer-restart-time 0
[ok][2019-06-13 08:22:03]

[edit]
Administrator@VDir-BLR-NEW-01% 

[edit]
Administrator@VDir-BLR-NEW-01% set devices template IPC00174-SIN-PS-IS-LIB config routing-instances routing-instance IPC00174-Control-VR protocols bgp bgp 74 routing-peer-policy Import-From-SDWAN-Policy term 1GW1 match family inet-vpn
[ok][2019-06-13 08:22:04]

[edit]
Administrator@VDir-BLR-NEW-01% set devices template IPC00174-SIN-PS-IS-LIB config routing-instances routing-instance IPC00174-Control-VR protocols bgp bgp 74 routing-peer-policy Import-From-SDWAN-Policy term 1GW1 match community "(^|,)([0-9]*:11)($|,)"
[ok][2019-06-13 08:22:04]

[edit]
Administrator@VDir-BLR-NEW-01% set devices template IPC00174-SIN-PS-IS-LIB config routing-instances routing-instance IPC00174-Control-VR protocols bgp bgp 74 routing-peer-policy Import-From-SDWAN-Policy term 1GW1 action filter accept
[ok][2019-06-13 08:22:04]

[edit]
Administrator@VDir-BLR-NEW-01% set devices template IPC00174-SIN-PS-IS-LIB config routing-instances routing-instance IPC00174-Control-VR protocols bgp bgp 74 routing-peer-policy Import-From-SDWAN-Policy term 1GW1 action community 8009:8009
[ok][2019-06-13 08:22:05]

[edit]
Administrator@VDir-BLR-NEW-01% set devices template IPC00174-SIN-PS-IS-LIB config routing-instances routing-instance IPC00174-Control-VR protocols bgp bgp 74 routing-peer-policy Import-From-SDWAN-Policy term 1GW1 action community-action set-specific
[ok][2019-06-13 08:22:06]

[edit]
Administrator@VDir-BLR-NEW-01% set devices template IPC00174-SIN-PS-IS-LIB config routing-instances routing-instance IPC00174-Control-VR protocols bgp bgp 74 routing-peer-policy Import-From-SDWAN-Policy term 1GW1 action set-local-preference  80
[ok][2019-06-13 08:22:06]

[edit]
Administrator@VDir-BLR-NEW-01% set devices template IPC00174-SIN-PS-IS-LIB config routing-instances routing-instance IPC00174-Control-VR protocols bgp bgp 74 routing-peer-policy Import-From-SDWAN-Policy term 2GW2 match family inet-vpn
[ok][2019-06-13 08:22:06]

[edit]
Administrator@VDir-BLR-NEW-01% set devices template IPC00174-SIN-PS-IS-LIB config routing-instances routing-instance IPC00174-Control-VR protocols bgp bgp 74 routing-peer-policy Import-From-SDWAN-Policy term 2GW2 match community "(^|,)([0-9]*:12)($|,)"
[ok][2019-06-13 08:22:07]

[edit]
Administrator@VDir-BLR-NEW-01% set devices template IPC00174-SIN-PS-IS-LIB config routing-instances routing-instance IPC00174-Control-VR protocols bgp bgp 74 routing-peer-policy Import-From-SDWAN-Policy term 2GW2 action filter accept
[ok][2019-06-13 08:22:07]

[edit]
Administrator@VDir-BLR-NEW-01% set devices template IPC00174-SIN-PS-IS-LIB config routing-instances routing-instance IPC00174-Control-VR protocols bgp bgp 74 routing-peer-policy Import-From-SDWAN-Policy term 2GW2 action community 8009:8009
[ok][2019-06-13 08:22:08]

[edit]
Administrator@VDir-BLR-NEW-01% set devices template IPC00174-SIN-PS-IS-LIB config routing-instances routing-instance IPC00174-Control-VR protocols bgp bgp 74 routing-peer-policy Import-From-SDWAN-Policy term 2GW2 action community-action set-specific
[ok][2019-06-13 08:22:08]

[edit]
Administrator@VDir-BLR-NEW-01% set devices template IPC00174-SIN-PS-IS-LIB config routing-instances routing-instance IPC00174-Control-VR protocols bgp bgp 74 routing-peer-policy Import-From-SDWAN-Policy term 2GW2 action set-local-preference  60
[ok][2019-06-13 08:22:09]

[edit]
Administrator@VDir-BLR-NEW-01% move devices template IPC00174-SIN-PS-IS-LIB config routing-instances routing-instance IPC00174-Control-VR protocols bgp bgp 74 routing-peer-policy Import-From-SDWAN-Policy term 2GW2 first
[ok][2019-06-13 08:22:09]

[edit]
Administrator@VDir-BLR-NEW-01% move devices template IPC00174-SIN-PS-IS-LIB config routing-instances routing-instance IPC00174-Control-VR protocols bgp bgp 74 routing-peer-policy Import-From-SDWAN-Policy term 1GW1 first
[ok][2019-06-13 08:22:10]

[edit]
Administrator@VDir-BLR-NEW-01% 

[edit]
Administrator@VDir-BLR-NEW-01% set devices template IPC00174-SIN-PS-IS-LIB config routing-instances routing-instance IPC00174-Control-VR protocols bgp bgp 74 routing-peer-policy TO_SDWAN term Wildcard match family inet-vpn
[ok][2019-06-13 08:22:10]

[edit]
Administrator@VDir-BLR-NEW-01% set devices template IPC00174-SIN-PS-IS-LIB config routing-instances routing-instance IPC00174-Control-VR protocols bgp bgp 74 routing-peer-policy TO_SDWAN term Wildcard action filter accept
[ok][2019-06-13 08:22:11]

[edit]
Administrator@VDir-BLR-NEW-01% set devices template IPC00174-SIN-PS-IS-LIB config routing-instances routing-instance IPC00174-Control-VR protocols bgp bgp 74 routing-peer-policy TO_SDWAN term Wildcard action community 65:10
[ok][2019-06-13 08:22:11]

[edit]
Administrator@VDir-BLR-NEW-01% set devices template IPC00174-SIN-PS-IS-LIB config routing-instances routing-instance IPC00174-Control-VR protocols bgp bgp 74 routing-peer-policy TO_SDWAN term Wildcard action community-action set-specific
[ok][2019-06-13 08:22:12]

[edit]
Administrator@VDir-BLR-NEW-01% set devices template IPC00174-SIN-PS-IS-LIB config routing-instances routing-instance IPC00174-Control-VR protocols bgp bgp 74 routing-peer-policy TO_SDWAN term VersaPvt-Wildcard match family versa-private
[ok][2019-06-13 08:22:12]

[edit]
Administrator@VDir-BLR-NEW-01% set devices template IPC00174-SIN-PS-IS-LIB config routing-instances routing-instance IPC00174-Control-VR protocols bgp bgp 74 routing-peer-policy TO_SDWAN term VersaPvt-Wildcard action filter accept
[ok][2019-06-13 08:22:12]

[edit]
Administrator@VDir-BLR-NEW-01% set devices template IPC00174-SIN-PS-IS-LIB config routing-instances routing-instance IPC00174-Control-VR protocols bgp bgp 74 routing-peer-policy TO_SDWAN term VersaPvt-Wildcard action community 65:10
[ok][2019-06-13 08:22:13]

[edit]
Administrator@VDir-BLR-NEW-01% set devices template IPC00174-SIN-PS-IS-LIB config routing-instances routing-instance IPC00174-Control-VR protocols bgp bgp 74 routing-peer-policy TO_SDWAN term VersaPvt-Wildcard action community-action set-specific
[ok][2019-06-13 08:22:13]

[edit]
Administrator@VDir-BLR-NEW-01% set devices template IPC00174-SIN-PS-IS-LIB config routing-instances routing-instance IPC00174-Control-VR protocols bgp bgp 74 group Controllers-Group family inet unicast
[ok][2019-06-13 08:22:14]

[edit]
Administrator@VDir-BLR-NEW-01% set devices template IPC00174-SIN-PS-IS-LIB config routing-instances routing-instance IPC00174-Control-VR protocols bgp bgp 74 group Controllers-Group export TO_SDWAN
[ok][2019-06-13 08:22:14]

[edit]
Administrator@VDir-BLR-NEW-01% 

[edit]
Administrator@VDir-BLR-NEW-01% set devices template IPC00174-SIN-PS-IS-LIB config orgs org IPC00174 sd-wan site wan-interfaces vni vni-0/0.0 sla-monitoring fc fc_nc interval 10
[ok][2019-06-13 08:22:14]

[edit]
Administrator@VDir-BLR-NEW-01% set devices template IPC00174-SIN-PS-IS-LIB config orgs org IPC00174 sd-wan site wan-interfaces vni vni-0/0.0 sla-monitoring fc fc_nc logging-interval 30
[ok][2019-06-13 08:22:15]

[edit]
Administrator@VDir-BLR-NEW-01% set devices template IPC00174-SIN-PS-IS-LIB config orgs org IPC00174 sd-wan site wan-interfaces vni vni-0/0.0 sla-monitoring fc fc_nc send-to controller
[ok][2019-06-13 08:22:15]

[edit]
Administrator@VDir-BLR-NEW-01% set devices template IPC00174-SIN-PS-IS-LIB config orgs org IPC00174 sd-wan site wan-interfaces vni vni-0/0.0 sla-monitoring fc fc_be interval 10
[ok][2019-06-13 08:22:16]

[edit]
Administrator@VDir-BLR-NEW-01% set devices template IPC00174-SIN-PS-IS-LIB config orgs org IPC00174 sd-wan site wan-interfaces vni vni-0/0.0 sla-monitoring fc fc_be logging-interval 30
[ok][2019-06-13 08:22:16]

[edit]
Administrator@VDir-BLR-NEW-01% set devices template IPC00174-SIN-PS-IS-LIB config orgs org IPC00174 sd-wan site wan-interfaces vni vni-0/0.0 sla-monitoring fc fc_be send-to branches
[ok][2019-06-13 08:22:16]

[edit]
Administrator@VDir-BLR-NEW-01% set devices template IPC00174-SIN-PS-IS-LIB config orgs org IPC00174 sd-wan site wan-interfaces vni vni-0/0.0 management-traffic  priority 0
[ok][2019-06-13 08:22:17]

[edit]
Administrator@VDir-BLR-NEW-01% 

[edit]
Administrator@VDir-BLR-NEW-01% set devices template IPC00174-SIN-PS-IS-LIB config orgs org-services IPC00174 class-of-service qos-policies qos-policy-group Default-Policy rules qos-policy IPSEC_IN match source zone zone-list [ Intf-INT-WAN-Zone ]
[ok][2019-06-13 08:22:17]

[edit]
Administrator@VDir-BLR-NEW-01% set devices template IPC00174-SIN-PS-IS-LIB config orgs org-services IPC00174 class-of-service qos-policies qos-policy-group Default-Policy rules qos-policy IPSEC_IN match services predefined-services-list [ ESP ICMP ]
[ok][2019-06-13 08:22:17]

[edit]
Administrator@VDir-BLR-NEW-01% set devices template IPC00174-SIN-PS-IS-LIB config orgs org-services IPC00174 class-of-service qos-policies qos-policy-group Default-Policy rules qos-policy IPSEC_IN match services services-list [ IPSEC IPSecAH ]
[ok][2019-06-13 08:22:18]

[edit]
Administrator@VDir-BLR-NEW-01% set devices template IPC00174-SIN-PS-IS-LIB config orgs org-services IPC00174 class-of-service qos-policies qos-policy-group Default-Policy rules qos-policy IPSEC_IN set action allow
[ok][2019-06-13 08:22:18]

[edit]
Administrator@VDir-BLR-NEW-01% set devices template IPC00174-SIN-PS-IS-LIB config orgs org-services IPC00174 class-of-service qos-policies qos-policy-group Default-Policy rules qos-policy IPSEC_OUT match destination zone zone-list [ Intf-INT-WAN-Zone ]
[ok][2019-06-13 08:22:19]

[edit]
Administrator@VDir-BLR-NEW-01% set devices template IPC00174-SIN-PS-IS-LIB config orgs org-services IPC00174 class-of-service qos-policies qos-policy-group Default-Policy rules qos-policy IPSEC_OUT match services predefined-services-list [  ESP ICMP ]
[ok][2019-06-13 08:22:19]

[edit]
Administrator@VDir-BLR-NEW-01% set devices template IPC00174-SIN-PS-IS-LIB config orgs org-services IPC00174 class-of-service qos-policies qos-policy-group Default-Policy rules qos-policy IPSEC_OUT match services services-list [ IPSEC IPSIPSecAH ]
[ok][2019-06-13 08:22:20]

[edit]
Administrator@VDir-BLR-NEW-01% set devices template IPC00174-SIN-PS-IS-LIB config orgs org-services IPC00174 class-of-service qos-policies qos-policy-group Default-Policy rules qos-policy IPSEC_OUT set action allow
[ok][2019-06-13 08:22:20]

[edit]
Administrator@VDir-BLR-NEW-01% set devices template IPC00174-SIN-PS-IS-LIB config orgs org-services IPC00174 class-of-service qos-policies qos-policy-group Default-Policy rules qos-policy ARP_IN match source zone zone-list [ Intf-INT-WAN-Zone ]
[ok][2019-06-13 08:22:21]

[edit]
Administrator@VDir-BLR-NEW-01% set devices template IPC00174-SIN-PS-IS-LIB config orgs org-services IPC00174 class-of-service qos-policies qos-policy-group Default-Policy rules qos-policy ARP_IN match ether-type ARP
[ok][2019-06-13 08:22:21]

[edit]
Administrator@VDir-BLR-NEW-01% set devices template IPC00174-SIN-PS-IS-LIB config orgs org-services IPC00174 class-of-service qos-policies qos-policy-group Default-Policy rules qos-policy ARP_IN set action allow
[ok][2019-06-13 08:22:22]

[edit]
Administrator@VDir-BLR-NEW-01% set devices template IPC00174-SIN-PS-IS-LIB config orgs org-services IPC00174 class-of-service qos-policies qos-policy-group Default-Policy rules qos-policy ARP_OUT match destination zone zone-list [ Intf-INT-WAN-Zone ]
[ok][2019-06-13 08:22:22]

[edit]
Administrator@VDir-BLR-NEW-01% set devices template IPC00174-SIN-PS-IS-LIB config orgs org-services IPC00174 class-of-service qos-policies qos-policy-group Default-Policy rules qos-policy ARP_OUT match ether-type ARP
[ok][2019-06-13 08:22:23]

[edit]
Administrator@VDir-BLR-NEW-01% set devices template IPC00174-SIN-PS-IS-LIB config orgs org-services IPC00174 class-of-service qos-policies qos-policy-group Default-Policy rules qos-policy ARP_OUT set action allow
[ok][2019-06-13 08:22:23]

[edit]
Administrator@VDir-BLR-NEW-01% set devices template IPC00174-SIN-PS-IS-LIB config orgs org-services IPC00174 class-of-service qos-policies qos-policy-group Default-Policy rules qos-policy DHCP_IN match source zone zone-list [ Intf-INT-WAN-Zone ]
[ok][2019-06-13 08:22:23]

[edit]
Administrator@VDir-BLR-NEW-01% set devices template IPC00174-SIN-PS-IS-LIB config orgs org-services IPC00174 class-of-service qos-policies qos-policy-group Default-Policy rules qos-policy DHCP_IN match services services-list [ DHCP-67 DHCP-68 ]
[ok][2019-06-13 08:22:24]

[edit]
Administrator@VDir-BLR-NEW-01% set devices template IPC00174-SIN-PS-IS-LIB config orgs org-services IPC00174 class-of-service qos-policies qos-policy-group Default-Policy rules qos-policy DHCP_IN set action allow
[ok][2019-06-13 08:22:24]

[edit]
Administrator@VDir-BLR-NEW-01% set devices template IPC00174-SIN-PS-IS-LIB config orgs org-services IPC00174 class-of-service qos-policies qos-policy-group Default-Policy rules qos-policy DHCP_OUT match destination zone zone-list [ Intf-INT-WAN-Zone ]
[ok][2019-06-13 08:22:25]

[edit]
Administrator@VDir-BLR-NEW-01% set devices template IPC00174-SIN-PS-IS-LIB config orgs org-services IPC00174 class-of-service qos-policies qos-policy-group Default-Policy rules qos-policy DHCP_OUT match services services-list [ DHCP-67 DHCP-68 ]
[ok][2019-06-13 08:22:25]

[edit]
Administrator@VDir-BLR-NEW-01% set devices template IPC00174-SIN-PS-IS-LIB config orgs org-services IPC00174 class-of-service qos-policies qos-policy-group Default-Policy rules qos-policy DHCP_OUT set action allow
[ok][2019-06-13 08:22:25]

[edit]
Administrator@VDir-BLR-NEW-01% 

[edit]
Administrator@VDir-BLR-NEW-01% set devices template IPC00174-SIN-PS-IS-LIB config orgs org-services IPC00174 class-of-service qos-policies qos-policy-group Default-Policy rules qos-policy INT_OUT match source zone zone-list [ Intf-LAN1-Zone  W-ST-LAN1-VRF-INT-WAN ]
[ok][2019-06-13 08:22:26]

[edit]
Administrator@VDir-BLR-NEW-01% set devices template IPC00174-SIN-PS-IS-LIB config orgs org-services IPC00174 class-of-service qos-policies qos-policy-group Default-Policy rules qos-policy INT_OUT match destination zone zone-list [ Intf-INT-WAN-Zone L-ST-LAN1-VRF-INT-WAN ]
[ok][2019-06-13 08:22:26]

[edit]
Administrator@VDir-BLR-NEW-01% set devices template IPC00174-SIN-PS-IS-LIB config orgs org-services IPC00174 class-of-service qos-policies qos-policy-group Default-Policy rules qos-policy INT_OUT set action allow
[ok][2019-06-13 08:22:27]

[edit]
Administrator@VDir-BLR-NEW-01% set devices template IPC00174-SIN-PS-IS-LIB config orgs org-services IPC00174 class-of-service qos-policies qos-policy-group Default-Policy rules qos-policy INT_IN match source zone zone-list [ Intf-INT-WAN-Zone L-ST-LAN1-VRF-INT-WAN ]
[ok][2019-06-13 08:22:27]

[edit]
Administrator@VDir-BLR-NEW-01% set devices template IPC00174-SIN-PS-IS-LIB config orgs org-services IPC00174 class-of-service qos-policies qos-policy-group Default-Policy rules qos-policy INT_IN set action allow
[ok][2019-06-13 08:22:28]

[edit]
Administrator@VDir-BLR-NEW-01% 

[edit]
Administrator@VDir-BLR-NEW-01% 

[edit]
Administrator@VDir-BLR-NEW-01% 

[edit]
Administrator@VDir-BLR-NEW-01% set devices template IPC00174-SIN-PS-IS-LIB config orgs org-services IPC00174 class-of-service qos-policies qos-policy-group Default-Policy rules qos-policy WAN_IN match source zone zone-list [ Intf-INT-WAN-Zone ]
[ok][2019-06-13 08:22:28]

[edit]
Administrator@VDir-BLR-NEW-01% set devices template IPC00174-SIN-PS-IS-LIB config orgs org-services IPC00174 class-of-service qos-policies qos-policy-group Default-Policy rules qos-policy WAN_IN set action deny
[ok][2019-06-13 08:22:29]

[edit]
Administrator@VDir-BLR-NEW-01% set devices template IPC00174-SIN-PS-IS-LIB config orgs org-services IPC00174 class-of-service qos-policies qos-policy-group Default-Policy rules qos-policy WAN_OUT match destination zone zone-list [ Intf-INT-WAN-Zone ]
[ok][2019-06-13 08:22:29]

[edit]
Administrator@VDir-BLR-NEW-01% set devices template IPC00174-SIN-PS-IS-LIB config orgs org-services IPC00174 class-of-service qos-policies qos-policy-group Default-Policy rules qos-policy WAN_OUT set action deny
[ok][2019-06-13 08:22:29]

[edit]
Administrator@VDir-BLR-NEW-01% 

[edit]
Administrator@VDir-BLR-NEW-01% delete devices template IPC00174-SIN-PS-IS-LIB config orgs org-services IPC00174 cgnat rules rule RFC_1918_NoTranslate
[ok][2019-06-13 08:22:30]

[edit]
Administrator@VDir-BLR-NEW-01% delete devices template IPC00174-SIN-PS-IS-LIB config orgs org-services IPC00174 cgnat rules rule DIA-Rule-LAN1-VRF-INT-WAN from
[ok][2019-06-13 08:22:30]

[edit]
Administrator@VDir-BLR-NEW-01% set devices template IPC00174-SIN-PS-IS-LIB config orgs org-services IPC00174 cgnat rules rule DIA-Rule-LAN1-VRF-INT-WAN match source-zone [ W-ST-LAN1-VRF-INT-WAN ]
[ok][2019-06-13 08:22:30]

[edit]
Administrator@VDir-BLR-NEW-01% set devices template IPC00174-SIN-PS-IS-LIB config orgs org-services IPC00174 cgnat rules rule DIA-Rule-LAN1-VRF-INT-WAN match destination-zone [ Intf-INT-WAN-Zone ]
[ok][2019-06-13 08:22:31]

[edit]
Administrator@VDir-BLR-NEW-01% 

[edit]
Administrator@VDir-BLR-NEW-01% 

[edit]
Administrator@VDir-BLR-NEW-01% delete devices template IPC00174-SIN-PS-IS-LIB config orgs org-services IPC00174 sd-wan policies sdwan-policy-group Default-Policy rules rule Default-Rule
[ok][2019-06-13 08:22:31]

[edit]
Administrator@VDir-BLR-NEW-01% set devices template IPC00174-SIN-PS-IS-LIB config orgs org-services IPC00174 sd-wan forwarding-profiles forwarding-profile DEFAULT-TRAFFIC-PROFILE circuit-priorities priority 1 circuit-names local [ INT-WAN ] 
[ok][2019-06-13 08:22:32]

[edit]
Administrator@VDir-BLR-NEW-01% set devices template IPC00174-SIN-PS-IS-LIB config orgs org-services IPC00174 sd-wan forwarding-profiles forwarding-profile DEFAULT-TRAFFIC-PROFILE circuit-priorities priority 1 circuit-names remote [ INT-WAN  INT-WAN1 INT-WAN2 ]
[ok][2019-06-13 08:22:32]

[edit]
Administrator@VDir-BLR-NEW-01% set devices template IPC00174-SIN-PS-IS-LIB config orgs org-services IPC00174 sd-wan forwarding-profiles forwarding-profile DEFAULT-TRAFFIC-PROFILE circuit-priorities priority 2 circuit-names local [ INT-WAN ] 
[ok][2019-06-13 08:22:32]

[edit]
Administrator@VDir-BLR-NEW-01% set devices template IPC00174-SIN-PS-IS-LIB config orgs org-services IPC00174 sd-wan forwarding-profiles forwarding-profile DEFAULT-TRAFFIC-PROFILE circuit-priorities priority 2 circuit-names remote [ LTE-WAN  ]
[ok][2019-06-13 08:22:33]

[edit]
Administrator@VDir-BLR-NEW-01% set devices template IPC00174-SIN-PS-IS-LIB config orgs org-services IPC00174 sd-wan forwarding-profiles forwarding-profile DEFAULT-TRAFFIC-PROFILE connection-selection-method weighted-round-robin
[ok][2019-06-13 08:22:33]

[edit]
Administrator@VDir-BLR-NEW-01% set devices template IPC00174-SIN-PS-IS-LIB config orgs org-services IPC00174 sd-wan forwarding-profiles forwarding-profile DEFAULT-TRAFFIC-PROFILE recompute-timer 40
[ok][2019-06-13 08:22:33]

[edit]
Administrator@VDir-BLR-NEW-01% set devices template IPC00174-SIN-PS-IS-LIB config orgs org-services IPC00174 sd-wan forwarding-profiles forwarding-profile DEFAULT-TRAFFIC-PROFILE encryption optional
[ok][2019-06-13 08:22:34]

[edit]
Administrator@VDir-BLR-NEW-01% set devices template IPC00174-SIN-PS-IS-LIB config orgs org-services IPC00174 sd-wan forwarding-profiles forwarding-profile DEFAULT-TRAFFIC-PROFILE symmetric-forwarding enable
[ok][2019-06-13 08:22:34]

[edit]
Administrator@VDir-BLR-NEW-01% set devices template IPC00174-SIN-PS-IS-LIB config orgs org-services IPC00174 sd-wan policies sdwan-policy-group Default-Policy rules rule DEFAULT-TRAFFIC-RULE description DEFAULT-TRAFFIC-RULE
[ok][2019-06-13 08:22:34]

[edit]
Administrator@VDir-BLR-NEW-01% set devices template IPC00174-SIN-PS-IS-LIB config orgs org-services IPC00174 sd-wan policies sdwan-policy-group Default-Policy rules rule DEFAULT-TRAFFIC-RULE set action allow
[ok][2019-06-13 08:22:35]

[edit]
Administrator@VDir-BLR-NEW-01% set devices template IPC00174-SIN-PS-IS-LIB config orgs org-services IPC00174 sd-wan policies sdwan-policy-group Default-Policy rules rule DEFAULT-TRAFFIC-RULE set forwarding-profile DEFAULT-TRAFFIC-PROFILE
[ok][2019-06-13 08:22:35]

[edit]
Administrator@VDir-BLR-NEW-01% set devices template IPC00174-SIN-PS-IS-LIB config orgs org-services IPC00174 objects services service IPSEC protocol UDP
[ok][2019-06-13 08:22:36]

[edit]
Administrator@VDir-BLR-NEW-01% set devices template IPC00174-SIN-PS-IS-LIB config orgs org-services IPC00174 objects services service IPSEC destination-port 4790,4500,500
[ok][2019-06-13 08:22:36]

[edit]
Administrator@VDir-BLR-NEW-01% set devices template IPC00174-SIN-PS-IS-LIB config orgs org-services IPC00174 objects services service IPSecAH protocol AH
[ok][2019-06-13 08:22:36]

[edit]
Administrator@VDir-BLR-NEW-01% set devices template IPC00174-SIN-PS-IS-LIB config orgs org-services IPC00174 objects services service IPSIPSecAH protocol AH
[ok][2019-06-13 08:22:37]

[edit]
Administrator@VDir-BLR-NEW-01% set devices template IPC00174-SIN-PS-IS-LIB config orgs org-services IPC00174 objects services service DHCP-67 protocol UDP
[ok][2019-06-13 08:22:37]

[edit]
Administrator@VDir-BLR-NEW-01% set devices template IPC00174-SIN-PS-IS-LIB config orgs org-services IPC00174 objects services service DHCP-67 port 67
[ok][2019-06-13 08:22:37]

[edit]
Administrator@VDir-BLR-NEW-01% set devices template IPC00174-SIN-PS-IS-LIB config orgs org-services IPC00174 objects services service DHCP-68 protocol UDP
[ok][2019-06-13 08:22:38]

[edit]
Administrator@VDir-BLR-NEW-01% set devices template IPC00174-SIN-PS-IS-LIB config orgs org-services IPC00174 objects services service DHCP-68 port 68
[ok][2019-06-13 08:22:38]

[edit]
Administrator@VDir-BLR-NEW-01% 

[edit]
Administrator@VDir-BLR-NEW-01% delete devices template IPC00174-SIN-PS-IS-LIB config routing-instances routing-instance IPC00174-Control-VR routing-options static route
[ok][2019-06-13 08:22:38]

[edit]
Administrator@VDir-BLR-NEW-01% delete devices template IPC00174-SIN-PS-IS-LIB config orgs org-services IPC00174 security access-policies access-policy-group Default-Policy
[ok][2019-06-13 08:22:38]

[edit]
Administrator@VDir-BLR-NEW-01% 

[edit]
Administrator@VDir-BLR-NEW-01% set devices template IPC00174-SIN-PS-IS-LIB config routing-instances routing-instance LAN1-VRF vrf-import-target target:860L:8602 
[ok][2019-06-13 08:22:38]

[edit]
Administrator@VDir-BLR-NEW-01% set devices template IPC00174-SIN-PS-IS-LIB config routing-instances routing-instance LAN1-VRF policy-options redistribution-policy Default-Policy-To-BGP term T3-STATIC match protocol static
[ok][2019-06-13 08:22:39]

[edit]
Administrator@VDir-BLR-NEW-01% set devices template IPC00174-SIN-PS-IS-LIB config routing-instances routing-instance LAN1-VRF policy-options redistribution-policy Default-Policy-To-BGP term T3-STATIC action filter accept
[ok][2019-06-13 08:22:39]

[edit]
Administrator@VDir-BLR-NEW-01% set devices template IPC00174-SIN-PS-IS-LIB config routing-instances routing-instance LAN1-VRF policy-options redistribution-policy Default-Policy-To-BGP term T3-STATIC action set-origin igp
[ok][2019-06-13 08:22:40]

[edit]
Administrator@VDir-BLR-NEW-01% set devices template IPC00174-SIN-PS-IS-LIB config routing-instances routing-instance LAN1-VRF policy-options redistribution-policy Default-Policy-To-BGP term T3-STATIC action set-local-preference 110
[ok][2019-06-13 08:22:40]

[edit]
Administrator@VDir-BLR-NEW-01% set devices template IPC00174-SIN-PS-IS-LIB config snmp usm local user coltuser auth sha password Colt1234
[ok][2019-06-13 08:22:40]

[edit]
Administrator@VDir-BLR-NEW-01% 

[edit]
Administrator@VDir-BLR-NEW-01% set devices template IPC00174-SIN-PS-IS-LIB config system time-zone Greenwich
[ok][2019-06-13 08:22:40]

[edit]
Administrator@VDir-BLR-NEW-01% set devices template IPC00174-SIN-PS-IS-LIB config confdConfig cli banner "Access to this network/system is limited to users authorised by Colt for its legitimate business purposes. Unauthorised access, use, installation of files or modification of any data is prohibited. Use of this system/network will be audited"
[ok][2019-06-13 08:22:41]

[edit]
Administrator@VDir-BLR-NEW-01% set devices template IPC00174-SIN-PS-IS-LIB config system users portal login shell role admin password yA:D#{}Vn9JE-?Qa
[ok][2019-06-13 08:22:41]

[edit]
Administrator@VDir-BLR-NEW-01% set devices template IPC00174-SIN-PS-IS-LIB config system users portal ssh-public-key portal contents "ssh-rsa AAAAB3NzaC1yc2EAAAADAQABAAABAQDo+WWU8BDyqZCYadUGElffuy1pkOo4nrg/yfOqV84G+ukVGf+SF48h+543zMxMmKTauHEqmSp+74IbSpN9buBom/BFpBTm3c66BErMmLNariqvfItG7CO9UBPqoXpUBAXnF/muohwe145jEyRRI4Lof2wK6F6qYjzTQHK+zp5IpV6D+VurfQ6fIQB2oUIj9c8OG3Zfyp33l9utdLCzR7Uo4OGt9GidMrO2mXSBWXb+L5o6MAiOB4EhKvVyG9O8+So7zHEcUI65bq3JWzLzM7w705ySVwitEeqCx2wS7v/2KNuHmI8kSQVOuXQ539V3PJThvlVPY7ABmrY5+4MZT+Fv novitas@colt.net"
[ok][2019-06-13 08:22:41]

[edit]
Administrator@VDir-BLR-NEW-01% 
2019-06-13 17:08:43,290 - CPE100-SIN-INTONLY - INFO - commit
Commit complete.
[ok][2019-06-13 08:22:44]

[edit]
Administrator@VDir-BLR-NEW-01% 
2019-06-13 17:08:43,355 - CPE100-SIN-INTONLY - INFO - 
CPE100-SIN-INTONLY : element not found error.Commit success.
2019-06-13 17:08:43,357 - CPE100-SIN-INTONLY - INFO - 
 >>>>>>>>>> PS MAIN TEMPLATE MODIFY PASSED. <<<<<<<<<<<

2019-06-13 17:08:48,357 - CPE100-SIN-INTONLY - INFO - 
STEP : DEVICE GROUP CREATION AND DEPLOYMENT

2019-06-13 17:08:48,552 - CPE100-SIN-INTONLY - INFO - <Response [201]>
2019-06-13 17:08:48,552 - CPE100-SIN-INTONLY - INFO - 
PASS
2019-06-13 17:08:48,552 - CPE100-SIN-INTONLY - INFO - 
 >>>>>>>>>> DEVICE GROUP TEMPLATE CREATION PASSED. <<<<<<<<<<<

2019-06-13 17:08:53,552 - CPE100-SIN-INTONLY - INFO - 
STEP : PRE-ONBOARD WORK

2019-06-13 17:08:53,634 - CPE100-SIN-INTONLY - INFO - 
sudo /opt/versa/scripts/staging.py -w 0 -c 10.83.77.10 -s 172.16.100.54/30 -g 172.16.100.53 -l IPC00174-CPE100-SIN-INTONLY@colt.net -lk CPE100-SIN-INTONLY  -r NV-WC01-N6-SIN@colt.net -rk 1234

2019-06-13 17:08:53,634 - CPE100-SIN-INTONLY - INFO - {
	"versanms.sdwan-device-workflow": {
		"deviceName": "CPE100-SIN-INTONLY",
		"siteId": "100",
		"orgName": "IPC00174",
		"serialNumber": "CPE100KSA",
		"deviceGroup": "IPC00174-SIN-PS-IS-LIB-DG",
		"locationInfo": {
			"state": "karnataka",
			"country": "india",
			"longitude": "77.594563",
			"latitude": "12.971599",
			"city": "bangalore"
		},
		"postStagingTemplateInfo": {
			"templateName": "IPC00174-SIN-PS-IS-LIB",
			"templateData": {
				"device-template-variable": {
					"template": "IPC00174-SIN-PS-IS-LIB",
					"variable-binding": {
						"attrs": [{
							"name": "{$v_INT-WAN_IPv4__staticaddress}",
							"value": "172.16.100.54/30",
							"isAutogeneratable": false
						},
						
						    
						    
						    
						{ "name": "{$v_vni-0-4_LAN1_Unit-0__unit}", "value": "1100", "isAutogeneratable": false},
						{ "name": "{$v_vni-0-4_LAN1_Unit-0__vlanId}", "value": "1100", "isAutogeneratable": false },
						
						{
							"name": "{$v_IPC00174-Control-VR_16_Router_ID__vrRouteId}",
							"value": "20.20.74.100",
							"isAutogeneratable": true,
							"isOverwritten": false
						}, {
							"name": "{$v_IPC00174_NV-WC01-N6-SIN_Local_auth_email_key__IKELKey}",
							"value": "CPE100-SIN-INTONLY",
							"isAutogeneratable": true
						}, {
							"name": "{$v_IPC00174_NV-WC02-N6-SIN_Local_auth_email_key__IKELKey}",
							"value": "CPE100-SIN-INTONLY",
							"isAutogeneratable": true
						},
						
						
						
						{ "name": "{$v_LAN1_IPv4__staticaddress}", "value": "192.100.131.1/24", "isAutogeneratable": false},
						
						{
							"name": "{$v_IPC00174_NV-WC02-N6-SIN_Local_auth_email_identifier__IKELIdentifier}",
							"value": "CPE100-SIN-INTONLY@colt.net",
							"isAutogeneratable": true
						}, {
							"name": "{$v_Site_Id__siteSiteID}",
							"value": "100",
							"isAutogeneratable": true
						}, {
							"name": "{$v_IPC00174_NV-WC01-N6-SIN_Local_auth_email_identifier__IKELIdentifier}",
							"value": "CPE100-SIN-INTONLY@colt.net",
							"isAutogeneratable": true
						}, {
							"name": "{$v_IPC00174_Site_Name__sitesSiteName}",
							"value": "CPE100-SIN-INTONLY",
							"isAutogeneratable": true
						}, {
							"name": "{$v_latitude__IdLatitude}",
							"value": "12.971599",
							"isAutogeneratable": true
						}, {
							"name": "{$v_identification__IdName}",
							"value": "CPE100-SIN-INTONLY",
							"isAutogeneratable": true
						}, {
							"name": "{$v_INT-WAN-Transport-VR_IPv4__vrHopAddress}",
							"value": "172.16.100.53",
							"isAutogeneratable": false
						},	{
						    "name": "{$v_tvi-0-148_-_Unit_0_Static_address__tunnelStaticAddress}",
							"value": "10.10.74.100/32",
							"isAutogeneratable": true,
							"isOverwritten": false
						}, {
							"name": "{$v_Chassis_Id__sitesChassisId}",
							"value": "CPE100KSA",
							"isAutogeneratable": true
						}, {
							"name": "{$v_longitude__Idlongitude}",
							"value": "77.594563",
							"isAutogeneratable": true
						}, {
							"name": "{$v_location__IdLocation}",
							"value": "bangalore,karnataka, india",
							"isAutogeneratable": true
						}, {
							"name": "{$v_IPC00174-Control-VR_74_Local_address__vrRouterAddress}",
							"value": "20.20.74.100",
							"isAutogeneratable": true,
							"isOverwritten": false
						}, {
							"name": "{$v_tvi-0-149_-_Unit_0_Static_address__tunnelStaticAddress}",
							"value": "20.20.74.100/32",
							"isAutogeneratable": true,
							"isOverwritten": false
						}]
					}
				},
				"variableMetadata": [{
					"variable": "{$v_INT-WAN_IPv4__staticaddress}",
					"group": "Interfaces",
					"overlay": false,
					"type": "IPV4_MASK"
				},
                
                
                
				{"variable": "{$v_vni-0-4_LAN1_Unit-0__vlanId}", "group": "Vlan Info", "overlay": false, "type": "INTEGER"},
                
				{
					"variable": "{$v_IPC00174-Control-VR_74_Router_ID__vrRouteId}",
					"group": "Virtual Routers",
					"overlay": true,
					"type": "IPV4"
				}, {
					"variable": "{$v_IPC00174_NV-WC01-N6-SIN_Local_auth_email_key__IKELKey}",
					"group": "IPSEC",
					"overlay": false
				}, {
					"variable": "{$v_IPC00174_NV-WC02-N6-SIN_Local_auth_email_key__IKELKey}",
					"group": "IPSEC",
					"overlay": false
				},
			{
					"variable": "{$v_LAN1_IPv4__staticaddress}", "group": "Interfaces", "overlay": false, "type": "IPV4_MASK"
				},
            
				 {
					"variable": "{$v_IPC00174_NV-WC02-N6-SIN_Local_auth_email_identifier__IKELIdentifier}",
					"group": "IPSEC",
					"overlay": false
				}, {
					"variable": "{$v_Site_Id__siteSiteID}",
					"group": "SDWAN",
					"overlay": false
				}, {
					"variable": "{$v_IPC00174_NV-WC01-N6-SIN_Local_auth_email_identifier__IKELIdentifier}",
					"group": "IPSEC",
					"overlay": false
				}, {
					"variable": "{$v_IPC00174_Site_Name__sitesSiteName}",
					"group": "SDWAN",
					"overlay": false
				}, {
					"variable": "{$v_latitude__IdLatitude}",
					"group": "SDWAN",
					"overlay": false
				}, {
					"variable": "{$v_identification__IdName}",
					"group": "SDWAN",
					"overlay": false
				}, {
					"variable": "{$v_INT-WAN-Transport-VR_IPv4__vrHopAddress}",
					"group": "Virtual Routers",
					"overlay": false,
					"type": "IPV4_IPV6"
				}, {
					"variable": "{$v_tvi-0-148_-_Unit_0_Static_address__tunnelStaticAddress}",
					"group": "Interfaces",
					"overlay": true,
					"type": "IPV4_IPV6_MASK"
				}, {
					"variable": "{$v_Chassis_Id__sitesChassisId}",
					"group": "SDWAN",
					"overlay": false
				}, {
					"variable": "{$v_longitude__Idlongitude}",
					"group": "SDWAN",
					"overlay": false
				}, {
					"variable": "{$v_location__IdLocation}",
					"group": "SDWAN",
					"overlay": false
				}, {
					"variable": "{$v_IPC00174-Control-VR_74_Local_address__vrRouterAddress}",
					"group": "Virtual Routers",
					"overlay": true,
					"type": "IPV4"
				}, {
					"variable": "{$v_tvi-0-149_-_Unit_0_Static_address__tunnelStaticAddress}",
					"group": "Interfaces",
					"overlay": true,
					"type": "IPV4_IPV6_MASK"
				}]
			}
		}
	}
}
2019-06-13 17:08:53,895 - CPE100-SIN-INTONLY - INFO - <Response [500]>
2019-06-13 17:08:53,895 - CPE100-SIN-INTONLY - INFO - {"error":{"http_status_code":500,"code":0,"message":"Site ID must be between 101 and 16384 inclusive.","more_info":"http://nms.versa.com/errors/null"}}
2019-06-13 17:08:53,895 - CPE100-SIN-INTONLY - INFO - FAIL : {"error":{"http_status_code":500,"code":0,"message":"Site ID must be between 101 and 16384 inclusive.","more_info":"http://nms.versa.com/errors/null"}}
2019-06-13 17:09:04,092 - CPE100-SIN-INTONLY - INFO - 20676
