2020-02-12 14:20:29,107 - VD1 - DEBUG - <netmiko.versa.versa_ssh.VersaSSH object at 0x000000000D577128>
2020-02-12 14:20:34,309 - VD1 - DEBUG - versa: Automated@VDir-BLR-NEW-01>
2020-02-12 14:20:34,309 - CPE11-HKG-HYBRD-IPC00190 - INFO - CPE NAME:CPE11-HKG-HYBRD-IPC00190
2020-02-12 14:20:35,312 - CPE11-HKG-HYBRD-IPC00190 - INFO - SOLUTION SELECTED:SINGLE-CPE-HYBRID
2020-02-12 14:20:53,224 - CPE11-HKG-HYBRD-IPC00190 - DEBUG - <netmiko.versa.versa_ssh.VersaSSH object at 0x000000000CA79048>
2020-02-12 14:20:58,434 - CPE11-HKG-HYBRD-IPC00190 - DEBUG - versa: Automated@VDir-BLR-NEW-01>
2020-02-12 14:21:17,697 - CPE11-HKG-HYBRD-IPC00190 - INFO - 
CREATE SLA profile

2020-02-12 14:21:20,184 - CPE11-HKG-HYBRD-IPC00190 - DEBUG - <Response [201]>
2020-02-12 14:21:20,190 - CPE11-HKG-HYBRD-IPC00190 - INFO - 
PASS
2020-02-12 14:21:20,191 - CPE11-HKG-HYBRD-IPC00190 - INFO - >>>>>>>>>> CREATE SLA Profile PASSED. <<<<<<<<<<<
2020-02-12 14:21:21,026 - CPE11-HKG-HYBRD-IPC00190 - INFO - 
CREATE FWD PROFILE

2020-02-12 14:21:22,815 - CPE11-HKG-HYBRD-IPC00190 - DEBUG - <Response [201]>
2020-02-12 14:21:22,815 - CPE11-HKG-HYBRD-IPC00190 - INFO - 
PASS
2020-02-12 14:21:22,815 - CPE11-HKG-HYBRD-IPC00190 - INFO - >>>>>>>>>> FORWARDING PROFILE CREATION PASSED. <<<<<<<<<<<
2020-02-12 14:21:22,815 - CPE11-HKG-HYBRD-IPC00190 - INFO - 
CREATE IPaddress Object

2020-02-12 14:21:24,302 - CPE11-HKG-HYBRD-IPC00190 - DEBUG - <Response [201]>
2020-02-12 14:21:24,303 - CPE11-HKG-HYBRD-IPC00190 - INFO - 
PASS
2020-02-12 14:21:24,303 - CPE11-HKG-HYBRD-IPC00190 - INFO - >>>>>>>>>> ADDRESS OBJECT CREATION PASSED. <<<<<<<<<<<
2020-02-12 14:21:24,303 - CPE11-HKG-HYBRD-IPC00190 - INFO - 
CREATE Policy rule

2020-02-12 14:21:26,394 - CPE11-HKG-HYBRD-IPC00190 - DEBUG - <Response [201]>
2020-02-12 14:21:26,395 - CPE11-HKG-HYBRD-IPC00190 - INFO - 
PASS
2020-02-12 14:21:26,395 - CPE11-HKG-HYBRD-IPC00190 - INFO - >>>>>>>>>> CREATE POLICY RULE PASSED. <<<<<<<<<<<
2020-02-12 14:24:46,141 - CPE11-HKG-HYBRD-IPC00190 - INFO - 
DELETE IPaddress Object

2020-02-12 14:24:49,819 - CPE11-HKG-HYBRD-IPC00190 - INFO - 
PASS
2020-02-12 14:24:49,819 - CPE11-HKG-HYBRD-IPC00190 - INFO - >>>>>>>>>> Policy rule DELETION PASSED. <<<<<<<<<<<
2020-02-12 14:24:49,819 - CPE11-HKG-HYBRD-IPC00190 - INFO - 
DELETE IPaddress Object

2020-02-12 14:24:52,489 - CPE11-HKG-HYBRD-IPC00190 - INFO - 
PASS
2020-02-12 14:24:52,490 - CPE11-HKG-HYBRD-IPC00190 - INFO - >>>>>>>>>> ADDRESS OBJECT DELETION PASSED. <<<<<<<<<<<
2020-02-12 14:24:52,490 - CPE11-HKG-HYBRD-IPC00190 - INFO - 
DELETE FWD PROFILE

2020-02-12 14:24:55,163 - CPE11-HKG-HYBRD-IPC00190 - INFO - 
PASS
2020-02-12 14:24:55,164 - CPE11-HKG-HYBRD-IPC00190 - INFO - >>>>>>>>>> FORWARDING PROFILE DELETION PASSED. <<<<<<<<<<<
2020-02-12 14:24:55,164 - CPE11-HKG-HYBRD-IPC00190 - INFO - 
DELETE SLA profile

2020-02-12 14:24:57,717 - CPE11-HKG-HYBRD-IPC00190 - INFO - 
PASS
2020-02-12 14:24:57,719 - CPE11-HKG-HYBRD-IPC00190 - INFO - >>>>>>>>>> DELETE SLA Profile PASSED. <<<<<<<<<<<
