2020-04-01 16:43:38,048 - CPE27-SIN-SINGLE-CPE-INTONLY-IPC00190 - INFO - 
DELETE Service Object

2020-04-01 16:43:40,385 - CPE27-SIN-SINGLE-CPE-INTONLY-IPC00190 - ERROR - 
2020-04-01 16:43:40,387 - CPE27-SIN-SINGLE-CPE-INTONLY-IPC00190 - INFO - 
FAIL : 
2020-04-01 16:43:40,388 - CPE27-SIN-SINGLE-CPE-INTONLY-IPC00190 - INFO - >>>>>>>>>> ADDRESS OBJECT DELETION FAILED. <<<<<<<<<<<
2020-04-01 16:43:40,388 - CPE27-SIN-SINGLE-CPE-INTONLY-IPC00190 - INFO - 
DELETE IPaddress Object

2020-04-01 16:43:40,890 - CPE27-SIN-SINGLE-CPE-INTONLY-IPC00190 - ERROR - 
2020-04-01 16:43:40,890 - CPE27-SIN-SINGLE-CPE-INTONLY-IPC00190 - INFO - 
FAIL : 
2020-04-01 16:43:40,891 - CPE27-SIN-SINGLE-CPE-INTONLY-IPC00190 - INFO - >>>>>>>>>> ADDRESS OBJECT DELETION FAILED. <<<<<<<<<<<
2020-04-01 16:43:40,898 - CPE27-SIN-SINGLE-CPE-INTONLY-IPC00190 - INFO - 
DELETE IPaddress Object

2020-04-01 16:43:41,381 - CPE27-SIN-SINGLE-CPE-INTONLY-IPC00190 - ERROR - 
2020-04-01 16:43:41,382 - CPE27-SIN-SINGLE-CPE-INTONLY-IPC00190 - INFO - 
FAIL : 
2020-04-01 16:43:41,384 - CPE27-SIN-SINGLE-CPE-INTONLY-IPC00190 - INFO - >>>>>>>>>> ADDRESS OBJECT DELETION FAILED. <<<<<<<<<<<
2020-04-01 16:43:41,384 - CPE27-SIN-SINGLE-CPE-INTONLY-IPC00190 - INFO - 
DELETE FWD PROFILE

2020-04-01 16:43:41,868 - CPE27-SIN-SINGLE-CPE-INTONLY-IPC00190 - ERROR - 
2020-04-01 16:43:41,868 - CPE27-SIN-SINGLE-CPE-INTONLY-IPC00190 - INFO - 
FAIL : 
2020-04-01 16:43:41,868 - CPE27-SIN-SINGLE-CPE-INTONLY-IPC00190 - INFO - >>>>>>>>>> FORWARDING PROFILE DELETION FAILED. <<<<<<<<<<<
2020-04-01 16:43:41,869 - CPE27-SIN-SINGLE-CPE-INTONLY-IPC00190 - INFO - 
DELETE SLA profile

2020-04-01 16:43:42,334 - CPE27-SIN-SINGLE-CPE-INTONLY-IPC00190 - ERROR - 
2020-04-01 16:43:42,348 - CPE27-SIN-SINGLE-CPE-INTONLY-IPC00190 - INFO - 
FAIL : 
2020-04-01 16:43:42,348 - CPE27-SIN-SINGLE-CPE-INTONLY-IPC00190 - INFO - >>>>>>>>>> DELETE SLA Profile FAILED. <<<<<<<<<<<
