2019-04-01 17:36:08,547 - CPE11-BLR - INFO - CPE NAME:CPE11-BLR
2019-04-01 17:36:11,182 - CPE11-BLR - INFO - SOLUTION SELECTED:SINGLE-CPE-HYBRID
2019-04-01 17:36:11,227 - CPE11-BLR - INFO - 
STEP : DEVICE GROUP CREATION AND DEPLOYMENT

2019-04-01 17:36:11,289 - CPE11-BLR - INFO - <Response [400]>
2019-04-01 17:36:11,290 - CPE11-BLR - INFO - {"timestamp":1554125996017,"status":400,"error":"Bad Request","exception":"java.lang.IllegalArgumentException","message":" A device group with name  JAPAN-BLR-PS-HS-LIB-DG already exists ","path":"/nextgen/deviceGroup"}
2019-04-01 17:36:11,290 - CPE11-BLR - INFO - 
FAIL : {"timestamp":1554125996017,"status":400,"error":"Bad Request","exception":"java.lang.IllegalArgumentException","message":" A device group with name  JAPAN-BLR-PS-HS-LIB-DG already exists ","path":"/nextgen/deviceGroup"}
2019-04-01 17:36:11,291 - CPE11-BLR - INFO - 
 >>>>>>>>>> DEVICE GROUP TEMPLATE CREATION FAILED. <<<<<<<<<<<

2019-04-01 17:36:16,294 - CPE11-BLR - INFO - 
STEP : PRE-ONBOARD WORK

2019-04-01 17:36:16,344 - CPE11-BLR - INFO - 
sudo /opt/versa/scripts/staging.py -w 1 -c 10.63.151.90 -s 172.16.7.42/30 -g 172.16.7.41 -l JAPAN-CPE11-BLR@colt.net -lk CPE11-BLR  -r NV-WC02-N2-BLR@colt.net -rk NV-WC02-N2-BLR

2019-04-01 17:36:16,344 - CPE11-BLR - INFO - {
	"versanms.sdwan-device-workflow": {
		"deviceName": "CPE11-BLR",
		"siteId": "1628",
		"orgName": "JAPAN",
		"serialNumber": "CPE11MPLSKSA1811011",
		"deviceGroup": "JAPAN-BLR-PS-HS-LIB-DG",
		"locationInfo": {
			"state": "karnataka",
			"country": "india",
			"longitude": "77.594563",
			"latitude": "12.971599",
			"city": "bangalore"
		},
		"postStagingTemplateInfo": {
			"templateName": "JAPAN-BLR-PS-HS-LIB",
			"templateData": {
				"device-template-variable": {
					"template": "JAPAN-BLR-PS-HS-LIB",
					"variable-binding": {
						"attrs": [{
							"name": "{$v_INT-WAN_IPv4__staticaddress}",
							"value": "172.16.6.42/30",
							"isAutogeneratable": false
						},
						
						    
						    
						    
						{ "name": "{$v_vni-0-4_LAN1_Unit-0__unit}", "value": "600", "isAutogeneratable": false},
						{ "name": "{$v_vni-0-4_LAN1_Unit-0__vlanId}", "value": "600", "isAutogeneratable": false },
						
						    
						    
						    
						{ "name": "{$v_vni-0-4_LAN2_Unit-1__unit}", "value": "601", "isAutogeneratable": false},
						{ "name": "{$v_vni-0-4_LAN2_Unit-1__vlanId}", "value": "601", "isAutogeneratable": false },
						
						    
						    
						    
						{ "name": "{$v_vni-0-4_LAN3_Unit-2__unit}", "value": "602", "isAutogeneratable": false},
						{ "name": "{$v_vni-0-4_LAN3_Unit-2__vlanId}", "value": "602", "isAutogeneratable": false },
						
						    
						    
						    
						{ "name": "{$v_vni-0-4_LAN4_Unit-3__unit}", "value": "603", "isAutogeneratable": false},
						{ "name": "{$v_vni-0-4_LAN4_Unit-3__vlanId}", "value": "603", "isAutogeneratable": false },
						
						    
						    
						    
						{ "name": "{$v_vni-0-4_LAN5_Unit-4__unit}", "value": "604", "isAutogeneratable": false},
						{ "name": "{$v_vni-0-4_LAN5_Unit-4__vlanId}", "value": "604", "isAutogeneratable": false },
						
						{
							"name": "{$v_JAPAN-Control-VR_16_Router_ID__vrRouteId}",
							"value": "20.20.125.11",
							"isAutogeneratable": true,
							"isOverwritten": false
						}, {
							"name": "{$v_JAPAN_NV-WC01-N2-BLR_Local_auth_email_key__IKELKey}",
							"value": "CPE11-BLR",
							"isAutogeneratable": true
						}, {
							"name": "{$v_JAPAN_NV-WC02-N2-BLR_Local_auth_email_key__IKELKey}",
							"value": "CPE11-BLR",
							"isAutogeneratable": true
						},
						
						
						
						{ "name": "{$v_LAN1_IPv4__staticaddress}", "value": "192.169.101.1/24", "isAutogeneratable": false},
						
						
						
						{ "name": "{$v_LAN2_IPv4__staticaddress}", "value": "192.169.102.1/24", "isAutogeneratable": false},
						
						
						
						{ "name": "{$v_LAN3_IPv4__staticaddress}", "value": "192.169.103.1/24", "isAutogeneratable": false},
						
						
						
						{ "name": "{$v_LAN4_IPv4__staticaddress}", "value": "192.169.104.1/24", "isAutogeneratable": false},
						
						
						
						{ "name": "{$v_LAN5_IPv4__staticaddress}", "value": "192.169.105.1/24", "isAutogeneratable": false},
						
						{
							"name": "{$v_JAPAN_NV-WC02-N2-BLR_Local_auth_email_identifier__IKELIdentifier}",
							"value": "CPE11-BLR@colt.net",
							"isAutogeneratable": true
						}, {
							"name": "{$v_Site_Id__siteSiteID}",
							"value": "1628",
							"isAutogeneratable": true
						}, {
							"name": "{$v_JAPAN_NV-WC01-N2-BLR_Local_auth_email_identifier__IKELIdentifier}",
							"value": "CPE11-BLR@colt.net",
							"isAutogeneratable": true
						}, {
							"name": "{$v_JAPAN_Site_Name__sitesSiteName}",
							"value": "CPE11-BLR",
							"isAutogeneratable": true
						}, {
							"name": "{$v_latitude__IdLatitude}",
							"value": "12.971599",
							"isAutogeneratable": true
						}, {
							"name": "{$v_identification__IdName}",
							"value": "CPE11-BLR",
							"isAutogeneratable": true
						}, {
							"name": "{$v_INT-WAN-Transport-VR_IPv4__vrHopAddress}",
							"value": "172.16.6.41",
							"isAutogeneratable": false
						},	{
						    "name": "{$v_tvi-0-250_-_Unit_0_Static_address__tunnelStaticAddress}",
							"value": "10.10.125.11/32",
							"isAutogeneratable": true,
							"isOverwritten": false
						}, {
							"name": "{$v_Chassis_Id__sitesChassisId}",
							"value": "CPE11MPLSKSA1811011",
							"isAutogeneratable": true
						}, {
							"name": "{$v_longitude__Idlongitude}",
							"value": "77.594563",
							"isAutogeneratable": true
						}, {
							"name": "{$v_location__IdLocation}",
							"value": "bangalore,karnataka, india",
							"isAutogeneratable": true
						}, {
							"name": "{$v_JAPAN-Control-VR_125_Local_address__vrRouterAddress}",
							"value": "20.20.125.11",
							"isAutogeneratable": true,
							"isOverwritten": false
						}, {
							"name": "{$v_MPLS-WAN-Transport-VR_IPv4__vrHopAddress}",
							"value": "172.16.7.41",
							"isAutogeneratable": false
						}, {
							"name": "{$v_MPLS-WAN_IPv4__staticaddress}",
							"value": "172.16.7.42/30",
							"isAutogeneratable": false
						}, {
							"name": "{$v_tvi-0-251_-_Unit_0_Static_address__tunnelStaticAddress}",
							"value": "20.20.125.11/32",
							"isAutogeneratable": true,
							"isOverwritten": false
						}]
					}
				},
				"variableMetadata": [{
					"variable": "{$v_INT-WAN_IPv4__staticaddress}",
					"group": "Interfaces",
					"overlay": false,
					"type": "IPV4_MASK"
				},
                
                
                
				{"variable": "{$v_vni-0-4_LAN1_Unit-0__vlanId}", "group": "Vlan Info", "overlay": false, "type": "INTEGER"},
                
                
                
				{"variable": "{$v_vni-0-4_LAN2_Unit-1__vlanId}", "group": "Vlan Info", "overlay": false, "type": "INTEGER"},
                
                
                
				{"variable": "{$v_vni-0-4_LAN3_Unit-2__vlanId}", "group": "Vlan Info", "overlay": false, "type": "INTEGER"},
                
                
                
				{"variable": "{$v_vni-0-4_LAN4_Unit-3__vlanId}", "group": "Vlan Info", "overlay": false, "type": "INTEGER"},
                
                
                
				{"variable": "{$v_vni-0-4_LAN5_Unit-4__vlanId}", "group": "Vlan Info", "overlay": false, "type": "INTEGER"},
                
				{
					"variable": "{$v_JAPAN-Control-VR_125_Router_ID__vrRouteId}",
					"group": "Virtual Routers",
					"overlay": true,
					"type": "IPV4"
				}, {
					"variable": "{$v_JAPAN_NV-WC01-N2-BLR_Local_auth_email_key__IKELKey}",
					"group": "IPSEC",
					"overlay": false
				}, {
					"variable": "{$v_JAPAN_NV-WC02-N2-BLR_Local_auth_email_key__IKELKey}",
					"group": "IPSEC",
					"overlay": false
				},
			{
					"variable": "{$v_LAN1_IPv4__staticaddress}", "group": "Interfaces", "overlay": false, "type": "IPV4_MASK"
				},
            {
					"variable": "{$v_LAN2_IPv4__staticaddress}", "group": "Interfaces", "overlay": false, "type": "IPV4_MASK"
				},
            {
					"variable": "{$v_LAN3_IPv4__staticaddress}", "group": "Interfaces", "overlay": false, "type": "IPV4_MASK"
				},
            {
					"variable": "{$v_LAN4_IPv4__staticaddress}", "group": "Interfaces", "overlay": false, "type": "IPV4_MASK"
				},
            {
					"variable": "{$v_LAN5_IPv4__staticaddress}", "group": "Interfaces", "overlay": false, "type": "IPV4_MASK"
				},
            
				 {
					"variable": "{$v_JAPAN_NV-WC02-N2-BLR_Local_auth_email_identifier__IKELIdentifier}",
					"group": "IPSEC",
					"overlay": false
				}, {
					"variable": "{$v_Site_Id__siteSiteID}",
					"group": "SDWAN",
					"overlay": false
				}, {
					"variable": "{$v_JAPAN_NV-WC01-N2-BLR_Local_auth_email_identifier__IKELIdentifier}",
					"group": "IPSEC",
					"overlay": false
				}, {
					"variable": "{$v_JAPAN_Site_Name__sitesSiteName}",
					"group": "SDWAN",
					"overlay": false
				}, {
					"variable": "{$v_latitude__IdLatitude}",
					"group": "SDWAN",
					"overlay": false
				}, {
					"variable": "{$v_identification__IdName}",
					"group": "SDWAN",
					"overlay": false
				}, {
					"variable": "{$v_INT-WAN-Transport-VR_IPv4__vrHopAddress}",
					"group": "Virtual Routers",
					"overlay": false,
					"type": "IPV4_IPV6"
				}, {
					"variable": "{$v_tvi-0-250_-_Unit_0_Static_address__tunnelStaticAddress}",
					"group": "Interfaces",
					"overlay": true,
					"type": "IPV4_IPV6_MASK"
				}, {
					"variable": "{$v_Chassis_Id__sitesChassisId}",
					"group": "SDWAN",
					"overlay": false
				}, {
					"variable": "{$v_longitude__Idlongitude}",
					"group": "SDWAN",
					"overlay": false
				}, {
					"variable": "{$v_location__IdLocation}",
					"group": "SDWAN",
					"overlay": false
				}, {
					"variable": "{$v_JAPAN-Control-VR_125_Local_address__vrRouterAddress}",
					"group": "Virtual Routers",
					"overlay": true,
					"type": "IPV4"
				}, {
					"variable": "{$v_MPLS-WAN-Transport-VR_IPv4__vrHopAddress}",
					"group": "Virtual Routers",
					"overlay": false,
					"type": "IPV4_IPV6"
				}, {
					"variable": "{$v_tvi-0-251_-_Unit_0_Static_address__tunnelStaticAddress}",
					"group": "Interfaces",
					"overlay": true,
					"type": "IPV4_IPV6_MASK"
				}]
			}
		}
	}
}
2019-04-01 17:36:17,691 - CPE11-BLR - INFO - <Response [200]>
2019-04-01 17:36:17,692 - CPE11-BLR - INFO - 
2019-04-01 17:36:17,692 - CPE11-BLR - INFO - FAIL : 
