2019-10-10 15:00:38,211 - Versa_director - DEBUG - <netmiko.versa.versa.VersaSSH object at 0x000000000D5E8CC0>
2019-10-10 15:00:43,413 - Versa_director - DEBUG - versa: Automated@VDir-BLR-NEW-01>
2019-10-10 15:00:43,443 - Versa_director - INFO - set devices template CPE11-HYBRD-PS config orgs org-services IPC00172 ipsec vpn-profile NV-WC01-N1-HKG-Profile ike transform aes256-sha256
set devices template CPE11-HYBRD-PS config orgs org-services IPC00172 ipsec vpn-profile NV-WC01-N1-HKG-Profile ipsec transform esp-aes128-gcm
set devices template CPE11-HYBRD-PS config orgs org-services IPC00172 ipsec vpn-profile NV-WC02-N1-HKG-Profile ike transform aes256-sha256
set devices template CPE11-HYBRD-PS config orgs org-services IPC00172 ipsec vpn-profile NV-WC02-N1-HKG-Profile ipsec transform esp-aes128-gcm

2019-10-10 15:00:51,720 - Versa_director - INFO - configure
Entering configuration mode private
[ok][2019-10-10 09:30:45]

[edit]
Automated@VDir-BLR-NEW-01% set devices template CPE11-HYBRD-PS config orgs org-services IPC00172 ipsec vpn-profile NV-WC01-N1-HKG-Profile ike transform aes256-sha256
[ok][2019-10-10 09:30:48]

[edit]
Automated@VDir-BLR-NEW-01% set devices template CPE11-HYBRD-PS config orgs org-services IPC00172 ipsec vpn-profile NV-WC01-N1-HKG-Profile ipsec transform esp-aes128-gcm
[ok][2019-10-10 09:30:48]

[edit]
Automated@VDir-BLR-NEW-01% set devices template CPE11-HYBRD-PS config orgs org-services IPC00172 ipsec vpn-profile NV-WC02-N1-HKG-Profile ike transform aes256-sha256
[ok][2019-10-10 09:30:49]

[edit]
Automated@VDir-BLR-NEW-01% set devices template CPE11-HYBRD-PS config orgs org-services IPC00172 ipsec vpn-profile NV-WC02-N1-HKG-Profile ipsec transform esp-aes128-gcm
[ok][2019-10-10 09:30:49]

[edit]
Automated@VDir-BLR-NEW-01% 
2019-10-10 15:00:52,124 - Versa_director - INFO - commit
No modifications to commit.
[ok][2019-10-10 09:30:51]

[edit]
Automated@VDir-BLR-NEW-01% 
2019-10-10 15:00:52,525 - Versa_director - INFO - exit no-confirm
[ok][2019-10-10 09:30:52]
Automated@VDir-BLR-NEW-01> 
2019-10-10 15:00:52,525 - Versa_director - INFO - No modifications to commit.
2019-10-10 15:00:52,526 - Versa_director - INFO - CONFIG_RESULT:
2019-10-10 15:00:52,526 - Versa_director - INFO - No modifications to commit.
2019-10-10 15:00:52,526 - Versa_director - INFO - Time elapsed: 0:00:09.112000

2019-10-10 15:00:52,526 - Versa_director - INFO - LOGS Stored in : C:\Softwares_mine\stefano\NV_REPOSITORY\csit/LOGS/2019_10_10_15_00_33_528000/
2019-10-10 15:00:52,559 - Versa_director - DEBUG - <netmiko.versa.versa.VersaSSH object at 0x000000000D5E8CC0> connection closed
