2020-05-29 11:23:35,397 - CPE26-SIN-DUAL-CPE-DUAL-INTERNET-IPC00190-P - INFO - 
DELETE Service Object

2020-05-29 11:23:44,131 - CPE26-SIN-DUAL-CPE-DUAL-INTERNET-IPC00190-P - ERROR - 
2020-05-29 11:23:44,135 - CPE26-SIN-DUAL-CPE-DUAL-INTERNET-IPC00190-P - INFO - 
FAIL : 
2020-05-29 11:23:44,138 - CPE26-SIN-DUAL-CPE-DUAL-INTERNET-IPC00190-P - INFO - >>>>>>>>>> ADDRESS OBJECT DELETION FAILED. <<<<<<<<<<<
2020-05-29 11:23:44,144 - CPE26-SIN-DUAL-CPE-DUAL-INTERNET-IPC00190-P - INFO - 
DELETE IPaddress Object

2020-05-29 11:23:44,842 - CPE26-SIN-DUAL-CPE-DUAL-INTERNET-IPC00190-P - ERROR - 
2020-05-29 11:23:44,845 - CPE26-SIN-DUAL-CPE-DUAL-INTERNET-IPC00190-P - INFO - 
FAIL : 
2020-05-29 11:23:44,845 - CPE26-SIN-DUAL-CPE-DUAL-INTERNET-IPC00190-P - INFO - >>>>>>>>>> ADDRESS OBJECT DELETION FAILED. <<<<<<<<<<<
2020-05-29 11:23:44,854 - CPE26-SIN-DUAL-CPE-DUAL-INTERNET-IPC00190-P - INFO - 
DELETE IPaddress Object

2020-05-29 11:23:45,551 - CPE26-SIN-DUAL-CPE-DUAL-INTERNET-IPC00190-P - ERROR - 
2020-05-29 11:23:45,553 - CPE26-SIN-DUAL-CPE-DUAL-INTERNET-IPC00190-P - INFO - 
FAIL : 
2020-05-29 11:23:45,555 - CPE26-SIN-DUAL-CPE-DUAL-INTERNET-IPC00190-P - INFO - >>>>>>>>>> ADDRESS OBJECT DELETION FAILED. <<<<<<<<<<<
2020-05-29 11:23:45,559 - CPE26-SIN-DUAL-CPE-DUAL-INTERNET-IPC00190-P - INFO - 
DELETE FWD PROFILE

2020-05-29 11:23:46,256 - CPE26-SIN-DUAL-CPE-DUAL-INTERNET-IPC00190-P - ERROR - 
2020-05-29 11:23:46,257 - CPE26-SIN-DUAL-CPE-DUAL-INTERNET-IPC00190-P - INFO - 
FAIL : 
2020-05-29 11:23:46,259 - CPE26-SIN-DUAL-CPE-DUAL-INTERNET-IPC00190-P - INFO - >>>>>>>>>> FORWARDING PROFILE DELETION FAILED. <<<<<<<<<<<
2020-05-29 11:23:46,262 - CPE26-SIN-DUAL-CPE-DUAL-INTERNET-IPC00190-P - INFO - 
DELETE SLA profile

2020-05-29 11:23:46,984 - CPE26-SIN-DUAL-CPE-DUAL-INTERNET-IPC00190-P - ERROR - 
2020-05-29 11:23:46,987 - CPE26-SIN-DUAL-CPE-DUAL-INTERNET-IPC00190-P - INFO - 
FAIL : 
2020-05-29 11:23:46,989 - CPE26-SIN-DUAL-CPE-DUAL-INTERNET-IPC00190-P - INFO - >>>>>>>>>> DELETE SLA Profile FAILED. <<<<<<<<<<<
