2019-08-07 17:19:39,180 - VD1 - INFO - ORG NAME:IPC00187
2019-08-07 17:19:45,766 - VD1 - DEBUG - {
  "versanms.sdwan-org-workflow": {
    "orgName": "IPC00187",
    "globalId": "87",
    "parentOrg": "Colt",
    "ikeAuthType": "psk",
    "sharedControlPlane": false,
    "controllers": ["NV-WC01-N1-HKG", "NV-WC02-N6-SIN", "NV-WC02-N1-HKG", "NV-WC01-N6-SIN"],
    "vrfs": [{ "name": "LAN1-VRF", "id": "990", "enableVPN": "true", "tooltip": "" },{ "name": "LAN2-VRF", "id": "991", "enableVPN": "true", "tooltip": "" },{ "name": "LAN3-VRF", "id": "992", "enableVPN": "true", "tooltip": "" },{ "name": "LAN4-VRF", "id": "993", "enableVPN": "true", "tooltip": "" },{ "name": "LAN5-VRF", "id": "994", "enableVPN": "true", "tooltip": "" },{ "name": "LAN6-VRF", "id": "995", "enableVPN": "true", "tooltip": "" },{ "name": "LAN7-VRF", "id": "996", "enableVPN": "true", "tooltip": "" },{ "name": "LAN8-VRF", "id": "997", "enableVPN": "true", "tooltip": "" },{ "name": "LAN9-VRF", "id": "998", "enableVPN": "true", "tooltip": "" },{ "name": "LAN10-VRF", "id": "999", "enableVPN": "true", "tooltip": "" }],
    "supportedRoles": []
  }
}
2019-08-07 17:19:54,131 - VD1 - INFO - <Response [500]>
2019-08-07 17:19:54,131 - VD1 - INFO - {"error":{"http_status_code":500,"code":0,"message":"Another org workflow with the same name already exists: IPC00187","more_info":"http://nms.versa.com/errors/null"}}
2019-08-07 17:19:54,131 - VD1 - INFO - FAIL : {"error":{"http_status_code":500,"code":0,"message":"Another org workflow with the same name already exists: IPC00187","more_info":"http://nms.versa.com/errors/null"}}
2019-08-07 17:19:54,131 - VD1 - INFO - 
********************
RESULT:
ORG DEPLOYMENT : FAIL : {"error":{"http_status_code":500,"code":0,"message":"Another org workflow with the same name already exists: IPC00187","more_info":"http://nms.versa.com/errors/null"}}

********************

