2019-10-11 12:59:47,256 - Versa_director - DEBUG - <netmiko.versa.versa.VersaSSH object at 0x000000000E4A7160>
2019-10-11 12:59:52,459 - Versa_director - DEBUG - versa: Automated@VDir-BLR-NEW-01>
2019-10-11 12:59:52,529 - Versa_director - INFO - request devices device CPE25-Performance-DUT live-status clear ipsec sa org IPC00190 vpn-profile NV-WC02-N1-HKG-Profile
request devices device CPE27-HKG2-SINGLE-CPE-DUAL-INTERNET18 live-status clear ipsec sa org IPC00190 vpn-profile NV-WC02-N6-SIN-Profile
request devices device CPE31-Performance-810 live-status clear ipsec sa org IPC00190 vpn-profile NV-WC02-N1-HKG-Profile
request devices device NV-GW01-N1-HKG live-status clear ipsec sa org IPC00190 vpn-profile GW-CTRL2
request devices device NV-GW01-N6-SIN live-status clear ipsec sa org IPC00190 vpn-profile GW-CTRL2
request devices device NV-GW02-N1-HKG live-status clear ipsec sa org IPC00190 vpn-profile GW-CTRL2
request devices device NV-GW02-N6-SIN live-status clear ipsec sa org IPC00190 vpn-profile GW-CTRL2
request devices device NV-WC02-N1-HKG live-status clear ipsec sa org IPC00190 vpn-profile IPC00190-PostStaging
request devices device NV-WC02-N1-HKG live-status clear ipsec sa org IPC00190 vpn-profile NV-WC02-N1-HKG-to-NV-WC02-N6-SIN-Profile
request devices device NV-WC02-N6-SIN live-status clear ipsec sa org IPC00190 vpn-profile IPC00190-PostStaging

2019-10-11 13:00:08,510 - Versa_director - DEBUG - 
2019-10-11 13:00:16,576 - Versa_director - DEBUG - request devices device CPE25-Performance-DUT live-status clear ipsec sa org IPC00190 vpn-profile NV-WC02-N1-HKG-Profile
[ok][2019-10-11 07:30:16]
Automated@VDir-BLR-NEW-01> 
2019-10-11 13:01:35,628 - Versa_director - DEBUG - request devices device CPE27-HKG2-SINGLE-CPE-DUAL-INTERNET18 live-status clear ipsec sa org IPC00190 vpn-profile NV-WC02-N6-SIN-Profile
[ok][2019-10-11 07:31:35]
Automated@VDir-BLR-NEW-01> 
2019-10-11 13:01:36,647 - Versa_director - DEBUG - request devices device CPE31-Performance-810 live-status clear ipsec sa org IPC00190 vpn-profile NV-WC02-N1-HKG-Profile
[ok][2019-10-11 07:31:36]
Automated@VDir-BLR-NEW-01> 
2019-10-11 13:01:37,450 - Versa_director - DEBUG - request devices device NV-GW01-N1-HKG live-status clear ipsec sa org IPC00190 vpn-profile GW-CTRL2
[ok][2019-10-11 07:31:37]
Automated@VDir-BLR-NEW-01> 
2019-10-11 13:01:38,253 - Versa_director - DEBUG - request devices device NV-GW01-N6-SIN live-status clear ipsec sa org IPC00190 vpn-profile GW-CTRL2
[ok][2019-10-11 07:31:38]
Automated@VDir-BLR-NEW-01> 
2019-10-11 13:01:39,065 - Versa_director - DEBUG - request devices device NV-GW02-N1-HKG live-status clear ipsec sa org IPC00190 vpn-profile GW-CTRL2
[ok][2019-10-11 07:31:38]
Automated@VDir-BLR-NEW-01> 
2019-10-11 13:01:39,667 - Versa_director - DEBUG - request devices device NV-GW02-N6-SIN live-status clear ipsec sa org IPC00190 vpn-profile GW-CTRL2
[ok][2019-10-11 07:31:39]
Automated@VDir-BLR-NEW-01> 
2019-10-11 13:01:40,470 - Versa_director - DEBUG - request devices device NV-WC02-N1-HKG live-status clear ipsec sa org IPC00190 vpn-profile IPC00190-PostStaging
[ok][2019-10-11 07:31:40]
Automated@VDir-BLR-NEW-01> 
2019-10-11 13:01:41,275 - Versa_director - DEBUG - request devices device NV-WC02-N1-HKG live-status clear ipsec sa org IPC00190 vpn-profile NV-WC02-N1-HKG-to-NV-WC02-N6-SIN-Profile
[ok][2019-10-11 07:31:41]
Automated@VDir-BLR-NEW-01> 
2019-10-11 13:01:42,104 - Versa_director - DEBUG - request devices device NV-WC02-N6-SIN live-status clear ipsec sa org IPC00190 vpn-profile IPC00190-PostStaging
[ok][2019-10-11 07:31:41]
Automated@VDir-BLR-NEW-01> 
