2020-02-13 12:36:22,013 - VD1 - DEBUG - <netmiko.versa.versa_ssh.VersaSSH object at 0x00000000115934A8>
2020-02-13 12:36:27,214 - VD1 - DEBUG - versa: Automated@VDir-BLR-NEW-01>
2020-02-13 12:36:27,214 - CPE11-HKG-HYBRD-IPC00190 - INFO - CPE NAME:CPE11-HKG-HYBRD-IPC00190
2020-02-13 12:36:28,217 - CPE11-HKG-HYBRD-IPC00190 - INFO - SOLUTION SELECTED:SINGLE-CPE-HYBRID
2020-02-13 12:36:45,335 - CPE11-HKG-HYBRD-IPC00190 - DEBUG - <netmiko.versa.versa_ssh.VersaSSH object at 0x0000000003288EF0>
2020-02-13 12:36:50,536 - CPE11-HKG-HYBRD-IPC00190 - DEBUG - versa: Automated@VDir-BLR-NEW-01>
2020-02-13 12:37:09,854 - CPE11-HKG-HYBRD-IPC00190 - INFO - 
CREATE SLA profile

2020-02-13 12:37:12,785 - CPE11-HKG-HYBRD-IPC00190 - DEBUG - <Response [201]>
2020-02-13 12:37:12,785 - CPE11-HKG-HYBRD-IPC00190 - INFO - 
PASS
2020-02-13 12:37:12,786 - CPE11-HKG-HYBRD-IPC00190 - INFO - >>>>>>>>>> CREATE SLA Profile PASSED. <<<<<<<<<<<
2020-02-13 12:37:13,631 - CPE11-HKG-HYBRD-IPC00190 - INFO - 
CREATE FWD PROFILE

2020-02-13 12:37:15,716 - CPE11-HKG-HYBRD-IPC00190 - DEBUG - <Response [201]>
2020-02-13 12:37:15,717 - CPE11-HKG-HYBRD-IPC00190 - INFO - 
PASS
2020-02-13 12:37:15,717 - CPE11-HKG-HYBRD-IPC00190 - INFO - >>>>>>>>>> FORWARDING PROFILE CREATION PASSED. <<<<<<<<<<<
2020-02-13 12:37:15,719 - CPE11-HKG-HYBRD-IPC00190 - INFO - 
CREATE IPaddress Object

2020-02-13 12:37:17,496 - CPE11-HKG-HYBRD-IPC00190 - DEBUG - <Response [201]>
2020-02-13 12:37:17,496 - CPE11-HKG-HYBRD-IPC00190 - INFO - 
PASS
2020-02-13 12:37:17,499 - CPE11-HKG-HYBRD-IPC00190 - INFO - >>>>>>>>>> ADDRESS OBJECT CREATION PASSED. <<<<<<<<<<<
2020-02-13 12:37:17,500 - CPE11-HKG-HYBRD-IPC00190 - INFO - 
CREATE Policy rule

2020-02-13 12:37:20,046 - CPE11-HKG-HYBRD-IPC00190 - DEBUG - <Response [201]>
2020-02-13 12:37:20,048 - CPE11-HKG-HYBRD-IPC00190 - INFO - 
PASS
2020-02-13 12:37:20,048 - CPE11-HKG-HYBRD-IPC00190 - INFO - >>>>>>>>>> CREATE POLICY RULE PASSED. <<<<<<<<<<<
