2019-03-05 15:16:03,905 - CPE11 - DEBUG - CPE NAME:CPE11
2019-03-05 15:16:28,888 - CPE11 - INFO - <Response [500]>
2019-03-05 15:16:28,888 - CPE11 - INFO - <Response [500]>
2019-03-05 15:16:28,888 - CPE11 - INFO - {"error":{"http_status_code":500,"code":0,"message":"Template workflow [ JAPAN-BLR-PS-HD-LIB] already exists. Please choose another name.","more_info":"http://nms.versa.com/errors/null"}}
2019-03-05 15:16:28,888 - CPE11 - INFO - {"error":{"http_status_code":500,"code":0,"message":"Template workflow [ JAPAN-BLR-PS-HD-LIB] already exists. Please choose another name.","more_info":"http://nms.versa.com/errors/null"}}
2019-03-05 15:16:28,889 - CPE11 - INFO - FAIL : {"error":{"http_status_code":500,"code":0,"message":"Template workflow [ JAPAN-BLR-PS-HD-LIB] already exists. Please choose another name.","more_info":"http://nms.versa.com/errors/null"}}
2019-03-05 15:16:28,889 - CPE11 - INFO - FAIL : {"error":{"http_status_code":500,"code":0,"message":"Template workflow [ JAPAN-BLR-PS-HD-LIB] already exists. Please choose another name.","more_info":"http://nms.versa.com/errors/null"}}
2019-03-05 15:16:33,984 - CPE11 - INFO - <Response [500]>
2019-03-05 15:16:33,984 - CPE11 - INFO - <Response [500]>
2019-03-05 15:16:33,984 - CPE11 - INFO - {"timestamp":1551784827868,"status":500,"error":"Internal Server Error","exception":"org.springframework.orm.jpa.JpaSystemException","message":"Error while committing the transaction; nested exception is javax.persistence.RollbackException: Error while committing the transaction","path":"/nextgen/template/JAPAN-BLR-PS-HD-LIB/associations"}
2019-03-05 15:16:33,984 - CPE11 - INFO - {"timestamp":1551784827868,"status":500,"error":"Internal Server Error","exception":"org.springframework.orm.jpa.JpaSystemException","message":"Error while committing the transaction; nested exception is javax.persistence.RollbackException: Error while committing the transaction","path":"/nextgen/template/JAPAN-BLR-PS-HD-LIB/associations"}
2019-03-05 15:16:33,985 - CPE11 - INFO - FAIL : {"timestamp":1551784827868,"status":500,"error":"Internal Server Error","exception":"org.springframework.orm.jpa.JpaSystemException","message":"Error while committing the transaction; nested exception is javax.persistence.RollbackException: Error while committing the transaction","path":"/nextgen/template/JAPAN-BLR-PS-HD-LIB/associations"}
2019-03-05 15:16:33,985 - CPE11 - INFO - FAIL : {"timestamp":1551784827868,"status":500,"error":"Internal Server Error","exception":"org.springframework.orm.jpa.JpaSystemException","message":"Error while committing the transaction; nested exception is javax.persistence.RollbackException: Error while committing the transaction","path":"/nextgen/template/JAPAN-BLR-PS-HD-LIB/associations"}
2019-03-05 15:16:45,059 - CPE11 - INFO - <Response [200]>
2019-03-05 15:16:45,059 - CPE11 - INFO - <Response [200]>
2019-03-05 15:16:45,059 - CPE11 - INFO - PASS
2019-03-05 15:16:45,059 - CPE11 - INFO - PASS
2019-03-05 15:16:50,425 - CPE11 - INFO - {u'versanms.sdwan-template-workflow': {u'providerOrg': {u'nextGenFW': False, u'name': u'JAPAN', u'statefulFW': True}, u'snmp': {u'snmpV1': False, u'snmpV2': False, u'snmpV3': False}, u'minimumImageVersion': u'16.1R2-S2.2', u'wanInterfaces': [{u'unitInfo': [{u'ipv6Dhcp': False, u'monitor': {u'monitorNexthop': False}, u'allowSSH': False, u'ipv4Static': True, u'DIA': False, u'vlanId': 0, u'transportDomains': [u'MPLS-TD'], u'ipv4Dhcp': False, u'ipv6rs': False, u'subUnit': 0, u'networkName': u'MPLS-WAN', u'ipv6Static': False}], u'interfaceName': u'vni-0/1', u'pppoe': False}, {u'unitInfo': [{u'ipv6Dhcp': False, u'monitor': {u'monitorNexthop': False}, u'allowSSH': False, u'ipv4Static': False, u'DIA': False, u'vlanId': 0, u'transportDomains': [u'INTERNET-TD'], u'ipv4Dhcp': True, u'ipv6rs': False, u'subUnit': 0, u'networkName': u'INT-WAN', u'ipv6Static': False}], u'interfaceName': u'vni-0/2', u'pppoe': False}], u'diaConfig': {u'loadBalance': False, u'dia': False}, u'templateName': u'JAPAN-BLR-PS-HD-LIB', u'isPrimary': True, u'isAnalyticsEnabled': True, u'lanInterfaces': [{u'unitInfo': [{u'ipv6Dhcp': False, u'ipv4DhcpServer': False, u'vrfName': u'LAN1-VRF', u'ipv6ra': False, u'ipv4Static': True, u'DIA': False, u'vlanId': u'{$v_vni-0-4_LAN1_Unit-0__vlanId}', u'ip6Static': False, u'ipv4Dhcp': False, u'subOrganization': u'JAPAN', u'subUnit': u'{$v_vni-0-4_LAN1_Unit-0__unit}', u'networkName': u'LAN1', u'dhcpV4Relay': False}], u'interfaceName': u'vni-0/4'}], u'bandwidth': 1000, u'controllers': [u'NV-WC01-N2-BLR', u'NV-WC02-N2-BLR'], u'templateType': u'sdwan-post-staging', u'deviceType': u'full-mesh', u'redundantPair': {u'vrrp': True, u'enable': False, u'cloudCPE': False}, u'solutionTier': u'standard-sdwan-plus-ngfw', u'deviceFirmfactor': 6, u'analyticsCluster': u'LogCollectors', u'splitTunnels': [{u'wanNetworkName': u'INT-WAN', u'vrfName': u'LAN1-VRF', u'dia': True, u'gateway': False}]}}
2019-03-05 15:16:50,425 - CPE11 - INFO - {u'versanms.sdwan-template-workflow': {u'providerOrg': {u'nextGenFW': False, u'name': u'JAPAN', u'statefulFW': True}, u'snmp': {u'snmpV1': False, u'snmpV2': False, u'snmpV3': False}, u'minimumImageVersion': u'16.1R2-S2.2', u'wanInterfaces': [{u'unitInfo': [{u'ipv6Dhcp': False, u'monitor': {u'monitorNexthop': False}, u'allowSSH': False, u'ipv4Static': True, u'DIA': False, u'vlanId': 0, u'transportDomains': [u'MPLS-TD'], u'ipv4Dhcp': False, u'ipv6rs': False, u'subUnit': 0, u'networkName': u'MPLS-WAN', u'ipv6Static': False}], u'interfaceName': u'vni-0/1', u'pppoe': False}, {u'unitInfo': [{u'ipv6Dhcp': False, u'monitor': {u'monitorNexthop': False}, u'allowSSH': False, u'ipv4Static': False, u'DIA': False, u'vlanId': 0, u'transportDomains': [u'INTERNET-TD'], u'ipv4Dhcp': True, u'ipv6rs': False, u'subUnit': 0, u'networkName': u'INT-WAN', u'ipv6Static': False}], u'interfaceName': u'vni-0/2', u'pppoe': False}], u'diaConfig': {u'loadBalance': False, u'dia': False}, u'templateName': u'JAPAN-BLR-PS-HD-LIB', u'isPrimary': True, u'isAnalyticsEnabled': True, u'lanInterfaces': [{u'unitInfo': [{u'ipv6Dhcp': False, u'ipv4DhcpServer': False, u'vrfName': u'LAN1-VRF', u'ipv6ra': False, u'ipv4Static': True, u'DIA': False, u'vlanId': u'{$v_vni-0-4_LAN1_Unit-0__vlanId}', u'ip6Static': False, u'ipv4Dhcp': False, u'subOrganization': u'JAPAN', u'subUnit': u'{$v_vni-0-4_LAN1_Unit-0__unit}', u'networkName': u'LAN1', u'dhcpV4Relay': False}], u'interfaceName': u'vni-0/4'}], u'bandwidth': 1000, u'controllers': [u'NV-WC01-N2-BLR', u'NV-WC02-N2-BLR'], u'templateType': u'sdwan-post-staging', u'deviceType': u'full-mesh', u'redundantPair': {u'vrrp': True, u'enable': False, u'cloudCPE': False}, u'solutionTier': u'standard-sdwan-plus-ngfw', u'deviceFirmfactor': 6, u'analyticsCluster': u'LogCollectors', u'splitTunnels': [{u'wanNetworkName': u'INT-WAN', u'vrfName': u'LAN1-VRF', u'dia': True, u'gateway': False}]}}
2019-03-05 15:16:50,496 - CPE11 - INFO - [{u'category': u'stateful-firewall', u'organization': u'JAPAN', u'serviceTemplate': u'COMMON-SFW-TEMPLATE1', u'id': 480, u'templateName': u'JAPAN-BLR-PS-HD-LIB'}]
2019-03-05 15:16:50,496 - CPE11 - INFO - [{u'category': u'stateful-firewall', u'organization': u'JAPAN', u'serviceTemplate': u'COMMON-SFW-TEMPLATE1', u'id': 480, u'templateName': u'JAPAN-BLR-PS-HD-LIB'}]
2019-03-05 15:17:05,333 - CPE11 - INFO - set devices template JAPAN-BLR-PS-HD-LIB config interfaces vni vni-0/1 description "MPLS-WAN"
set devices template JAPAN-BLR-PS-HD-LIB config interfaces vni vni-0/1 bandwidth uplink "5000"
set devices template JAPAN-BLR-PS-HD-LIB config interfaces vni vni-0/1 bandwidth downlink "5000"
set devices template JAPAN-BLR-PS-HD-LIB config interfaces vni vni-0/2 description "INT-WAN"

set devices template JAPAN-BLR-PS-HD-LIB config system vnf-manager ip-addresses [ 10.91.116.67/32 10.91.116.68/32 ]
set devices template JAPAN-BLR-PS-HD-LIB config system service-options qos-frame-overhead auto-adjust true
set devices template JAPAN-BLR-PS-HD-LIB config routing-instances routing-instance JAPAN-Control-VR protocols bgp bgp 125 hold-time 90
set devices template JAPAN-BLR-PS-HD-LIB config routing-instances routing-instance JAPAN-Control-VR protocols bgp bgp 125 graceful-restart enable
set devices template JAPAN-BLR-PS-HD-LIB config routing-instances routing-instance JAPAN-Control-VR protocols bgp bgp 125 graceful-restart maximum-restart-time 15
set devices template JAPAN-BLR-PS-HD-LIB config routing-instances routing-instance JAPAN-Control-VR protocols bgp bgp 125 graceful-restart recovery-time 15
set devices template JAPAN-BLR-PS-HD-LIB config routing-instances routing-instance JAPAN-Control-VR protocols bgp bgp 125 graceful-restart select-defer-time 15
set devices template JAPAN-BLR-PS-HD-LIB config routing-instances routing-instance JAPAN-Control-VR protocols bgp bgp 125 graceful-restart stalepath-time 15
set devices template JAPAN-BLR-PS-HD-LIB config routing-instances routing-instance JAPAN-Control-VR protocols bgp bgp 125 graceful-restart dynamic-peer-restart-time 0

set devices template JAPAN-BLR-PS-HD-LIB config routing-instances routing-instance JAPAN-Control-VR protocols bgp bgp 125 routing-peer-policy Import-From-SDWAN-Policy term 1GW1 match family inet-vpn
set devices template JAPAN-BLR-PS-HD-LIB config routing-instances routing-instance JAPAN-Control-VR protocols bgp bgp 125 routing-peer-policy Import-From-SDWAN-Policy term 1GW1 match community "(^|,)([0-9]*:11)($|,)"
set devices template JAPAN-BLR-PS-HD-LIB config routing-instances routing-instance JAPAN-Control-VR protocols bgp bgp 125 routing-peer-policy Import-From-SDWAN-Policy term 1GW1 action filter accept
set devices template JAPAN-BLR-PS-HD-LIB config routing-instances routing-instance JAPAN-Control-VR protocols bgp bgp 125 routing-peer-policy Import-From-SDWAN-Policy term 1GW1 action community 8009:8009
set devices template JAPAN-BLR-PS-HD-LIB config routing-instances routing-instance JAPAN-Control-VR protocols bgp bgp 125 routing-peer-policy Import-From-SDWAN-Policy term 1GW1 action community-action set-specific
set devices template JAPAN-BLR-PS-HD-LIB config routing-instances routing-instance JAPAN-Control-VR protocols bgp bgp 125 routing-peer-policy Import-From-SDWAN-Policy term 1GW1 action set-local-preference 80
set devices template JAPAN-BLR-PS-HD-LIB config routing-instances routing-instance JAPAN-Control-VR protocols bgp bgp 125 routing-peer-policy Import-From-SDWAN-Policy term 2GW2 match family inet-vpn
set devices template JAPAN-BLR-PS-HD-LIB config routing-instances routing-instance JAPAN-Control-VR protocols bgp bgp 125 routing-peer-policy Import-From-SDWAN-Policy term 2GW2 match community "(^|,)([0-9]*:12)($|,)"
set devices template JAPAN-BLR-PS-HD-LIB config routing-instances routing-instance JAPAN-Control-VR protocols bgp bgp 125 routing-peer-policy Import-From-SDWAN-Policy term 2GW2 action filter accept
set devices template JAPAN-BLR-PS-HD-LIB config routing-instances routing-instance JAPAN-Control-VR protocols bgp bgp 125 routing-peer-policy Import-From-SDWAN-Policy term 2GW2 action community 8009:8009
set devices template JAPAN-BLR-PS-HD-LIB config routing-instances routing-instance JAPAN-Control-VR protocols bgp bgp 125 routing-peer-policy Import-From-SDWAN-Policy term 2GW2 action community-action set-specific
set devices template JAPAN-BLR-PS-HD-LIB config routing-instances routing-instance JAPAN-Control-VR protocols bgp bgp 125 routing-peer-policy Import-From-SDWAN-Policy term 2GW2 action set-local-preference 60
move devices template JAPAN-BLR-PS-HD-LIB config routing-instances routing-instance JAPAN-Control-VR protocols bgp bgp 125 routing-peer-policy Import-From-SDWAN-Policy term 2GW2 first
move devices template JAPAN-BLR-PS-HD-LIB config routing-instances routing-instance JAPAN-Control-VR protocols bgp bgp 125 routing-peer-policy Import-From-SDWAN-Policy term 1GW1 first

set devices template JAPAN-BLR-PS-HD-LIB config routing-instances routing-instance JAPAN-Control-VR protocols bgp bgp 125 routing-peer-policy TO_SDWAN term Wildcard match family inet-vpn
set devices template JAPAN-BLR-PS-HD-LIB config routing-instances routing-instance JAPAN-Control-VR protocols bgp bgp 125 routing-peer-policy TO_SDWAN term Wildcard action filter accept
set devices template JAPAN-BLR-PS-HD-LIB config routing-instances routing-instance JAPAN-Control-VR protocols bgp bgp 125 routing-peer-policy TO_SDWAN term Wildcard action community 91:10
set devices template JAPAN-BLR-PS-HD-LIB config routing-instances routing-instance JAPAN-Control-VR protocols bgp bgp 125 routing-peer-policy TO_SDWAN term Wildcard action community-action set-specific
set devices template JAPAN-BLR-PS-HD-LIB config routing-instances routing-instance JAPAN-Control-VR protocols bgp bgp 125 routing-peer-policy TO_SDWAN term VersaPvt-Wildcard match family versa-private
set devices template JAPAN-BLR-PS-HD-LIB config routing-instances routing-instance JAPAN-Control-VR protocols bgp bgp 125 routing-peer-policy TO_SDWAN term VersaPvt-Wildcard action filter accept
set devices template JAPAN-BLR-PS-HD-LIB config routing-instances routing-instance JAPAN-Control-VR protocols bgp bgp 125 routing-peer-policy TO_SDWAN term VersaPvt-Wildcard action community 91:10
set devices template JAPAN-BLR-PS-HD-LIB config routing-instances routing-instance JAPAN-Control-VR protocols bgp bgp 125 routing-peer-policy TO_SDWAN term VersaPvt-Wildcard action community-action set-specific
set devices template JAPAN-BLR-PS-HD-LIB config routing-instances routing-instance JAPAN-Control-VR protocols bgp bgp 125 group Controllers-Group export TO_SDWAN
set devices template JAPAN-BLR-PS-HD-LIB config orgs org JAPAN sd-wan site wan-interfaces vni vni-0/1.0 sla-monitoring fc fc_nc interval 10
set devices template JAPAN-BLR-PS-HD-LIB config orgs org JAPAN sd-wan site wan-interfaces vni vni-0/1.0 sla-monitoring fc fc_nc logging-interval 30
set devices template JAPAN-BLR-PS-HD-LIB config orgs org JAPAN sd-wan site wan-interfaces vni vni-0/1.0 sla-monitoring fc fc_nc send-to controller
set devices template JAPAN-BLR-PS-HD-LIB config orgs org JAPAN sd-wan site wan-interfaces vni vni-0/1.0 sla-monitoring fc fc_ef interval 10
set devices template JAPAN-BLR-PS-HD-LIB config orgs org JAPAN sd-wan site wan-interfaces vni vni-0/1.0 sla-monitoring fc fc_ef logging-interval 30
set devices template JAPAN-BLR-PS-HD-LIB config orgs org JAPAN sd-wan site wan-interfaces vni vni-0/1.0 sla-monitoring fc fc_ef send-to branches
set devices template JAPAN-BLR-PS-HD-LIB config orgs org JAPAN sd-wan site wan-interfaces vni vni-0/1.0 sla-monitoring fc fc_be interval 10
set devices template JAPAN-BLR-PS-HD-LIB config orgs org JAPAN sd-wan site wan-interfaces vni vni-0/1.0 sla-monitoring fc fc_be logging-interval 30
set devices template JAPAN-BLR-PS-HD-LIB config orgs org JAPAN sd-wan site wan-interfaces vni vni-0/1.0 sla-monitoring fc fc_be send-to branches
set devices template JAPAN-BLR-PS-HD-LIB config orgs org JAPAN sd-wan site wan-interfaces vni vni-0/1.0 sla-monitoring fc fc13 interval 10
set devices template JAPAN-BLR-PS-HD-LIB config orgs org JAPAN sd-wan site wan-interfaces vni vni-0/1.0 sla-monitoring fc fc13 logging-interval 30
set devices template JAPAN-BLR-PS-HD-LIB config orgs org JAPAN sd-wan site wan-interfaces vni vni-0/1.0 sla-monitoring fc fc13 send-to branches
set devices template JAPAN-BLR-PS-HD-LIB config orgs org JAPAN sd-wan site wan-interfaces vni vni-0/1.0 sla-monitoring fc fc14 interval 10
set devices template JAPAN-BLR-PS-HD-LIB config orgs org JAPAN sd-wan site wan-interfaces vni vni-0/1.0 sla-monitoring fc fc14 logging-interval 30
set devices template JAPAN-BLR-PS-HD-LIB config orgs org JAPAN sd-wan site wan-interfaces vni vni-0/1.0 sla-monitoring fc fc14 send-to branches
set devices template JAPAN-BLR-PS-HD-LIB config orgs org JAPAN sd-wan site wan-interfaces vni vni-0/1.0 sla-monitoring fc fc15 interval 10
set devices template JAPAN-BLR-PS-HD-LIB config orgs org JAPAN sd-wan site wan-interfaces vni vni-0/1.0 sla-monitoring fc fc15 logging-interval 30
set devices template JAPAN-BLR-PS-HD-LIB config orgs org JAPAN sd-wan site wan-interfaces vni vni-0/1.0 sla-monitoring fc fc15 send-to branches
set devices template JAPAN-BLR-PS-HD-LIB config orgs org JAPAN sd-wan site wan-interfaces vni vni-0/1.0 management-traffic priority 0
set devices template JAPAN-BLR-PS-HD-LIB config orgs org JAPAN sd-wan site wan-interfaces vni vni-0/2.0 sla-monitoring fc fc_nc interval 10
set devices template JAPAN-BLR-PS-HD-LIB config orgs org JAPAN sd-wan site wan-interfaces vni vni-0/2.0 sla-monitoring fc fc_nc logging-interval 30
set devices template JAPAN-BLR-PS-HD-LIB config orgs org JAPAN sd-wan site wan-interfaces vni vni-0/2.0 sla-monitoring fc fc_nc send-to controller
set devices template JAPAN-BLR-PS-HD-LIB config orgs org JAPAN sd-wan site wan-interfaces vni vni-0/2.0 sla-monitoring fc fc_be interval 10
set devices template JAPAN-BLR-PS-HD-LIB config orgs org JAPAN sd-wan site wan-interfaces vni vni-0/2.0 sla-monitoring fc fc_be logging-interval 30
set devices template JAPAN-BLR-PS-HD-LIB config orgs org JAPAN sd-wan site wan-interfaces vni vni-0/2.0 sla-monitoring fc fc_be send-to branches

set devices template JAPAN-BLR-PS-HD-LIB config orgs org-services JAPAN class-of-service qos-policies qos-policy-group Default-Policy rules qos-policy IPSEC_IN match source zone zone-list [ Intf-INT-WAN-Zone Intf-MPLS-WAN-Zone ]
set devices template JAPAN-BLR-PS-HD-LIB config orgs org-services JAPAN class-of-service qos-policies qos-policy-group Default-Policy rules qos-policy IPSEC_IN match services predefined-services-list [ ESP ICMP ]
set devices template JAPAN-BLR-PS-HD-LIB config orgs org-services JAPAN class-of-service qos-policies qos-policy-group Default-Policy rules qos-policy IPSEC_IN match services services-list [ IPSEC IPSecAH ]
set devices template JAPAN-BLR-PS-HD-LIB config orgs org-services JAPAN class-of-service qos-policies qos-policy-group Default-Policy rules qos-policy IPSEC_IN set action allow
set devices template JAPAN-BLR-PS-HD-LIB config orgs org-services JAPAN class-of-service qos-policies qos-policy-group Default-Policy rules qos-policy IPSEC_OUT match destination zone zone-list [ Intf-INT-WAN-Zone Intf-MPLS-WAN-Zone ]
set devices template JAPAN-BLR-PS-HD-LIB config orgs org-services JAPAN class-of-service qos-policies qos-policy-group Default-Policy rules qos-policy IPSEC_OUT match services predefined-services-list [ ESP ICMP ]
set devices template JAPAN-BLR-PS-HD-LIB config orgs org-services JAPAN class-of-service qos-policies qos-policy-group Default-Policy rules qos-policy IPSEC_OUT match services services-list [ IPSEC IPSIPSecAH ]
set devices template JAPAN-BLR-PS-HD-LIB config orgs org-services JAPAN class-of-service qos-policies qos-policy-group Default-Policy rules qos-policy IPSEC_OUT set action allow
set devices template JAPAN-BLR-PS-HD-LIB config orgs org-services JAPAN class-of-service qos-policies qos-policy-group Default-Policy rules qos-policy ARP_IN match source zone zone-list [ Intf-INT-WAN-Zone Intf-MPLS-WAN-Zone ]
set devices template JAPAN-BLR-PS-HD-LIB config orgs org-services JAPAN class-of-service qos-policies qos-policy-group Default-Policy rules qos-policy ARP_IN match ether-type ARP
set devices template JAPAN-BLR-PS-HD-LIB config orgs org-services JAPAN class-of-service qos-policies qos-policy-group Default-Policy rules qos-policy ARP_IN set action allow
set devices template JAPAN-BLR-PS-HD-LIB config orgs org-services JAPAN class-of-service qos-policies qos-policy-group Default-Policy rules qos-policy ARP_OUT match destination zone zone-list [ Intf-INT-WAN-Zone Intf-MPLS-WAN-Zone ]
set devices template JAPAN-BLR-PS-HD-LIB config orgs org-services JAPAN class-of-service qos-policies qos-policy-group Default-Policy rules qos-policy ARP_OUT match ether-type ARP
set devices template JAPAN-BLR-PS-HD-LIB config orgs org-services JAPAN class-of-service qos-policies qos-policy-group Default-Policy rules qos-policy ARP_OUT set action allow
set devices template JAPAN-BLR-PS-HD-LIB config orgs org-services JAPAN class-of-service qos-policies qos-policy-group Default-Policy rules qos-policy DHCP_IN match source zone zone-list [ Intf-INT-WAN-Zone ]
set devices template JAPAN-BLR-PS-HD-LIB config orgs org-services JAPAN class-of-service qos-policies qos-policy-group Default-Policy rules qos-policy DHCP_IN match services services-list [ DHCP-67 DHCP-68 ]
set devices template JAPAN-BLR-PS-HD-LIB config orgs org-services JAPAN class-of-service qos-policies qos-policy-group Default-Policy rules qos-policy DHCP_IN set action allow
set devices template JAPAN-BLR-PS-HD-LIB config orgs org-services JAPAN class-of-service qos-policies qos-policy-group Default-Policy rules qos-policy DHCP_OUT match destination zone zone-list [ Intf-INT-WAN-Zone ]
set devices template JAPAN-BLR-PS-HD-LIB config orgs org-services JAPAN class-of-service qos-policies qos-policy-group Default-Policy rules qos-policy DHCP_OUT match services services-list [ DHCP-67 DHCP-68 ]
set devices template JAPAN-BLR-PS-HD-LIB config orgs org-services JAPAN class-of-service qos-policies qos-policy-group Default-Policy rules qos-policy DHCP_OUT set action allow

set devices template JAPAN-BLR-PS-HD-LIB config orgs org-services JAPAN class-of-service qos-policies qos-policy-group Default-Policy rules qos-policy INT_OUT match source zone zone-list [ Intf-LAN1-Zone W-ST-LAN1-VRF-INT-WAN Intf-LAN2-Zone W-ST-LAN2-VRF-INT-WAN Intf-LAN3-Zone W-ST-LAN3-VRF-INT-WAN Intf-LAN4-Zone W-ST-LAN4-VRF-INT-WAN Intf-LAN5-Zone W-ST-LAN5-VRF-INT-WAN Intf-LAN6-Zone W-ST-LAN6-VRF-INT-WAN Intf-LAN7-Zone W-ST-LAN7-VRF-INT-WAN Intf-LAN8-Zone W-ST-LAN8-VRF-INT-WAN Intf-LAN9-Zone W-ST-LAN9-VRF-INT-WAN Intf-LAN10-Zone W-ST-LAN10-VRF-INT-WAN ]
set devices template JAPAN-BLR-PS-HD-LIB config orgs org-services JAPAN class-of-service qos-policies qos-policy-group Default-Policy rules qos-policy INT_OUT match destination zone zone-list [ Intf-INT-WAN-Zone L-ST-LAN1-VRF-INT-WAN L-ST-LAN2-VRF-INT-WAN L-ST-LAN3-VRF-INT-WAN L-ST-LAN4-VRF-INT-WAN L-ST-LAN5-VRF-INT-WAN L-ST-LAN6-VRF-INT-WAN L-ST-LAN7-VRF-INT-WAN L-ST-LAN8-VRF-INT-WAN L-ST-LAN9-VRF-INT-WAN L-ST-LAN10-VRF-INT-WAN ]
set devices template JAPAN-BLR-PS-HD-LIB config orgs org-services JAPAN class-of-service qos-policies qos-policy-group Default-Policy rules qos-policy INT_OUT set action allow
set devices template JAPAN-BLR-PS-HD-LIB config orgs org-services JAPAN class-of-service qos-policies qos-policy-group Default-Policy rules qos-policy INT_IN match source zone zone-list [ Intf-INT-WAN-Zone L-ST-LAN1-VRF-INT-WAN L-ST-LAN2-VRF-INT-WAN L-ST-LAN3-VRF-INT-WAN L-ST-LAN4-VRF-INT-WAN L-ST-LAN5-VRF-INT-WAN L-ST-LAN6-VRF-INT-WAN L-ST-LAN7-VRF-INT-WAN L-ST-LAN8-VRF-INT-WAN L-ST-LAN9-VRF-INT-WAN L-ST-LAN10-VRF-INT-WAN ]
set devices template JAPAN-BLR-PS-HD-LIB config orgs org-services JAPAN class-of-service qos-policies qos-policy-group Default-Policy rules qos-policy INT_IN set action allow


set devices template JAPAN-BLR-PS-HD-LIB config orgs org-services JAPAN class-of-service qos-policies qos-policy-group Default-Policy rules qos-policy WAN_IN match source zone zone-list [ Intf-INT-WAN-Zone Intf-MPLS-WAN-Zone ]
set devices template JAPAN-BLR-PS-HD-LIB config orgs org-services JAPAN class-of-service qos-policies qos-policy-group Default-Policy rules qos-policy WAN_IN set action deny
set devices template JAPAN-BLR-PS-HD-LIB config orgs org-services JAPAN class-of-service qos-policies qos-policy-group Default-Policy rules qos-policy WAN_OUT match destination zone zone-list [ Intf-INT-WAN-Zone Intf-MPLS-WAN-Zone ]
set devices template JAPAN-BLR-PS-HD-LIB config orgs org-services JAPAN class-of-service qos-policies qos-policy-group Default-Policy rules qos-policy WAN_OUT set action deny
set devices template JAPAN-BLR-PS-HD-LIB config orgs org-services JAPAN class-of-service app-qos-policies app-qos-policy-group Default-Policy
set devices template JAPAN-BLR-PS-HD-LIB config orgs org-services JAPAN class-of-service qos-profiles qos-profile Business1 forwarding-class fc13	
set devices template JAPAN-BLR-PS-HD-LIB config orgs org-services JAPAN class-of-service qos-profiles qos-profile Business1 loss-priority high
set devices template JAPAN-BLR-PS-HD-LIB config orgs org-services JAPAN class-of-service qos-profiles qos-profile Business1 dscp-rw-enable yes
set devices template JAPAN-BLR-PS-HD-LIB config orgs org-services JAPAN class-of-service qos-profiles qos-profile Business1 dot1p-rw-enable no
set devices template JAPAN-BLR-PS-HD-LIB config orgs org-services JAPAN class-of-service qos-profiles qos-profile Business2 forwarding-class fc14
set devices template JAPAN-BLR-PS-HD-LIB config orgs org-services JAPAN class-of-service qos-profiles qos-profile Business2 loss-priority high
set devices template JAPAN-BLR-PS-HD-LIB config orgs org-services JAPAN class-of-service qos-profiles qos-profile Business2 dscp-rw-enable yes
set devices template JAPAN-BLR-PS-HD-LIB config orgs org-services JAPAN class-of-service qos-profiles qos-profile Business2 dot1p-rw-enable no
set devices template JAPAN-BLR-PS-HD-LIB config orgs org-services JAPAN class-of-service qos-profiles qos-profile Business3 forwarding-class fc15
set devices template JAPAN-BLR-PS-HD-LIB config orgs org-services JAPAN class-of-service qos-profiles qos-profile Business3 loss-priority high
set devices template JAPAN-BLR-PS-HD-LIB config orgs org-services JAPAN class-of-service qos-profiles qos-profile Business3 dscp-rw-enable yes
set devices template JAPAN-BLR-PS-HD-LIB config orgs org-services JAPAN class-of-service qos-profiles qos-profile Business3 dot1p-rw-enable no
set devices template JAPAN-BLR-PS-HD-LIB config orgs org-services JAPAN class-of-service qos-profiles qos-profile Internet-Default forwarding-class fc_be
set devices template JAPAN-BLR-PS-HD-LIB config orgs org-services JAPAN class-of-service qos-profiles qos-profile Internet-Default loss-priority high
set devices template JAPAN-BLR-PS-HD-LIB config orgs org-services JAPAN class-of-service qos-profiles qos-profile Internet-Default dscp-rw-enable no
set devices template JAPAN-BLR-PS-HD-LIB config orgs org-services JAPAN class-of-service qos-profiles qos-profile Internet-Default dot1p-rw-enable no
set devices template JAPAN-BLR-PS-HD-LIB config orgs org-services JAPAN class-of-service qos-profiles qos-profile Premium forwarding-class fc_ef
set devices template JAPAN-BLR-PS-HD-LIB config orgs org-services JAPAN class-of-service qos-profiles qos-profile Premium loss-priority low
set devices template JAPAN-BLR-PS-HD-LIB config orgs org-services JAPAN class-of-service qos-profiles qos-profile Premium dscp-rw-enable yes
set devices template JAPAN-BLR-PS-HD-LIB config orgs org-services JAPAN class-of-service qos-profiles qos-profile Premium dot1p-rw-enable no
set devices template JAPAN-BLR-PS-HD-LIB config orgs org-services JAPAN class-of-service qos-profiles qos-profile Routing-Management forwarding-class fc_nc
set devices template JAPAN-BLR-PS-HD-LIB config orgs org-services JAPAN class-of-service qos-profiles qos-profile Routing-Management loss-priority low
set devices template JAPAN-BLR-PS-HD-LIB config orgs org-services JAPAN class-of-service qos-profiles qos-profile Routing-Management dscp-rw-enable yes
set devices template JAPAN-BLR-PS-HD-LIB config orgs org-services JAPAN class-of-service qos-profiles qos-profile Routing-Management dot1p-rw-enable no

set devices template JAPAN-BLR-PS-HD-LIB config orgs org-services JAPAN objects services service IPSEC protocol UDP
set devices template JAPAN-BLR-PS-HD-LIB config orgs org-services JAPAN objects services service IPSEC destination-port 4790,4500,500
set devices template JAPAN-BLR-PS-HD-LIB config orgs org-services JAPAN objects services service IPSecAH protocol AH
set devices template JAPAN-BLR-PS-HD-LIB config orgs org-services JAPAN objects services service IPSIPSecAH protocol AH
set devices template JAPAN-BLR-PS-HD-LIB config orgs org-services JAPAN objects services service DHCP-67 protocol UDP
set devices template JAPAN-BLR-PS-HD-LIB config orgs org-services JAPAN objects services service DHCP-67 port 67
set devices template JAPAN-BLR-PS-HD-LIB config orgs org-services JAPAN objects services service DHCP-68 protocol UDP
set devices template JAPAN-BLR-PS-HD-LIB config orgs org-services JAPAN objects services service DHCP-68 port 68
delete devices template JAPAN-BLR-PS-HD-LIB config orgs org-services JAPAN security access-policies access-policy-group Default-Policy



set devices template JAPAN-BLR-PS-HD-LIB config routing-instances routing-instance LAN1-VRF vrf-import-target target:1370L:13702
set devices template JAPAN-BLR-PS-HD-LIB config routing-instances routing-instance LAN1-VRF policy-options redistribution-policy Default-Policy-To-BGP term T3-STATIC match protocol static
set devices template JAPAN-BLR-PS-HD-LIB config routing-instances routing-instance LAN1-VRF policy-options redistribution-policy Default-Policy-To-BGP term T3-STATIC action filter accept
set devices template JAPAN-BLR-PS-HD-LIB config routing-instances routing-instance LAN1-VRF policy-options redistribution-policy Default-Policy-To-BGP term T3-STATIC action set-origin igp
set devices template JAPAN-BLR-PS-HD-LIB config routing-instances routing-instance LAN1-VRF policy-options redistribution-policy Default-Policy-To-BGP term T3-STATIC action set-local-preference 110



set devices template JAPAN-BLR-PS-HD-LIB config routing-instances routing-instance LAN2-VRF vrf-import-target target:1371L:13712
set devices template JAPAN-BLR-PS-HD-LIB config routing-instances routing-instance LAN2-VRF policy-options redistribution-policy Default-Policy-To-BGP term T3-STATIC match protocol static
set devices template JAPAN-BLR-PS-HD-LIB config routing-instances routing-instance LAN2-VRF policy-options redistribution-policy Default-Policy-To-BGP term T3-STATIC action filter accept
set devices template JAPAN-BLR-PS-HD-LIB config routing-instances routing-instance LAN2-VRF policy-options redistribution-policy Default-Policy-To-BGP term T3-STATIC action set-origin igp
set devices template JAPAN-BLR-PS-HD-LIB config routing-instances routing-instance LAN2-VRF policy-options redistribution-policy Default-Policy-To-BGP term T3-STATIC action set-local-preference 110



set devices template JAPAN-BLR-PS-HD-LIB config routing-instances routing-instance LAN3-VRF vrf-import-target target:1372L:13722
set devices template JAPAN-BLR-PS-HD-LIB config routing-instances routing-instance LAN3-VRF policy-options redistribution-policy Default-Policy-To-BGP term T3-STATIC match protocol static
set devices template JAPAN-BLR-PS-HD-LIB config routing-instances routing-instance LAN3-VRF policy-options redistribution-policy Default-Policy-To-BGP term T3-STATIC action filter accept
set devices template JAPAN-BLR-PS-HD-LIB config routing-instances routing-instance LAN3-VRF policy-options redistribution-policy Default-Policy-To-BGP term T3-STATIC action set-origin igp
set devices template JAPAN-BLR-PS-HD-LIB config routing-instances routing-instance LAN3-VRF policy-options redistribution-policy Default-Policy-To-BGP term T3-STATIC action set-local-preference 110



set devices template JAPAN-BLR-PS-HD-LIB config routing-instances routing-instance LAN4-VRF vrf-import-target target:1373L:13732
set devices template JAPAN-BLR-PS-HD-LIB config routing-instances routing-instance LAN4-VRF policy-options redistribution-policy Default-Policy-To-BGP term T3-STATIC match protocol static
set devices template JAPAN-BLR-PS-HD-LIB config routing-instances routing-instance LAN4-VRF policy-options redistribution-policy Default-Policy-To-BGP term T3-STATIC action filter accept
set devices template JAPAN-BLR-PS-HD-LIB config routing-instances routing-instance LAN4-VRF policy-options redistribution-policy Default-Policy-To-BGP term T3-STATIC action set-origin igp
set devices template JAPAN-BLR-PS-HD-LIB config routing-instances routing-instance LAN4-VRF policy-options redistribution-policy Default-Policy-To-BGP term T3-STATIC action set-local-preference 110



set devices template JAPAN-BLR-PS-HD-LIB config routing-instances routing-instance LAN5-VRF vrf-import-target target:1374L:13742
set devices template JAPAN-BLR-PS-HD-LIB config routing-instances routing-instance LAN5-VRF policy-options redistribution-policy Default-Policy-To-BGP term T3-STATIC match protocol static
set devices template JAPAN-BLR-PS-HD-LIB config routing-instances routing-instance LAN5-VRF policy-options redistribution-policy Default-Policy-To-BGP term T3-STATIC action filter accept
set devices template JAPAN-BLR-PS-HD-LIB config routing-instances routing-instance LAN5-VRF policy-options redistribution-policy Default-Policy-To-BGP term T3-STATIC action set-origin igp
set devices template JAPAN-BLR-PS-HD-LIB config routing-instances routing-instance LAN5-VRF policy-options redistribution-policy Default-Policy-To-BGP term T3-STATIC action set-local-preference 110



set devices template JAPAN-BLR-PS-HD-LIB config routing-instances routing-instance LAN6-VRF vrf-import-target target:1375L:13752
set devices template JAPAN-BLR-PS-HD-LIB config routing-instances routing-instance LAN6-VRF policy-options redistribution-policy Default-Policy-To-BGP term T3-STATIC match protocol static
set devices template JAPAN-BLR-PS-HD-LIB config routing-instances routing-instance LAN6-VRF policy-options redistribution-policy Default-Policy-To-BGP term T3-STATIC action filter accept
set devices template JAPAN-BLR-PS-HD-LIB config routing-instances routing-instance LAN6-VRF policy-options redistribution-policy Default-Policy-To-BGP term T3-STATIC action set-origin igp
set devices template JAPAN-BLR-PS-HD-LIB config routing-instances routing-instance LAN6-VRF policy-options redistribution-policy Default-Policy-To-BGP term T3-STATIC action set-local-preference 110



set devices template JAPAN-BLR-PS-HD-LIB config routing-instances routing-instance LAN7-VRF vrf-import-target target:1376L:13762
set devices template JAPAN-BLR-PS-HD-LIB config routing-instances routing-instance LAN7-VRF policy-options redistribution-policy Default-Policy-To-BGP term T3-STATIC match protocol static
set devices template JAPAN-BLR-PS-HD-LIB config routing-instances routing-instance LAN7-VRF policy-options redistribution-policy Default-Policy-To-BGP term T3-STATIC action filter accept
set devices template JAPAN-BLR-PS-HD-LIB config routing-instances routing-instance LAN7-VRF policy-options redistribution-policy Default-Policy-To-BGP term T3-STATIC action set-origin igp
set devices template JAPAN-BLR-PS-HD-LIB config routing-instances routing-instance LAN7-VRF policy-options redistribution-policy Default-Policy-To-BGP term T3-STATIC action set-local-preference 110



set devices template JAPAN-BLR-PS-HD-LIB config routing-instances routing-instance LAN8-VRF vrf-import-target target:1377L:13772
set devices template JAPAN-BLR-PS-HD-LIB config routing-instances routing-instance LAN8-VRF policy-options redistribution-policy Default-Policy-To-BGP term T3-STATIC match protocol static
set devices template JAPAN-BLR-PS-HD-LIB config routing-instances routing-instance LAN8-VRF policy-options redistribution-policy Default-Policy-To-BGP term T3-STATIC action filter accept
set devices template JAPAN-BLR-PS-HD-LIB config routing-instances routing-instance LAN8-VRF policy-options redistribution-policy Default-Policy-To-BGP term T3-STATIC action set-origin igp
set devices template JAPAN-BLR-PS-HD-LIB config routing-instances routing-instance LAN8-VRF policy-options redistribution-policy Default-Policy-To-BGP term T3-STATIC action set-local-preference 110



set devices template JAPAN-BLR-PS-HD-LIB config routing-instances routing-instance LAN9-VRF vrf-import-target target:1378L:13782
set devices template JAPAN-BLR-PS-HD-LIB config routing-instances routing-instance LAN9-VRF policy-options redistribution-policy Default-Policy-To-BGP term T3-STATIC match protocol static
set devices template JAPAN-BLR-PS-HD-LIB config routing-instances routing-instance LAN9-VRF policy-options redistribution-policy Default-Policy-To-BGP term T3-STATIC action filter accept
set devices template JAPAN-BLR-PS-HD-LIB config routing-instances routing-instance LAN9-VRF policy-options redistribution-policy Default-Policy-To-BGP term T3-STATIC action set-origin igp
set devices template JAPAN-BLR-PS-HD-LIB config routing-instances routing-instance LAN9-VRF policy-options redistribution-policy Default-Policy-To-BGP term T3-STATIC action set-local-preference 110



set devices template JAPAN-BLR-PS-HD-LIB config routing-instances routing-instance LAN10-VRF vrf-import-target target:1379L:13792
set devices template JAPAN-BLR-PS-HD-LIB config routing-instances routing-instance LAN10-VRF policy-options redistribution-policy Default-Policy-To-BGP term T3-STATIC match protocol static
set devices template JAPAN-BLR-PS-HD-LIB config routing-instances routing-instance LAN10-VRF policy-options redistribution-policy Default-Policy-To-BGP term T3-STATIC action filter accept
set devices template JAPAN-BLR-PS-HD-LIB config routing-instances routing-instance LAN10-VRF policy-options redistribution-policy Default-Policy-To-BGP term T3-STATIC action set-origin igp
set devices template JAPAN-BLR-PS-HD-LIB config routing-instances routing-instance LAN10-VRF policy-options redistribution-policy Default-Policy-To-BGP term T3-STATIC action set-local-preference 110



set devices template JAPAN-BLR-PS-HD-LIB config snmp usm local user coltuser auth sha password Colt1234
set devices template JAPAN-BLR-PS-HD-LIB config system time-zone Greenwich
set devices template JAPAN-BLR-PS-HD-LIB config confdConfig cli banner "Access to this network/system is limited to users authorised by Colt for its legitimate business purposes. Unauthorised access, use, installation of files or modification of any data is prohibited. Use of this system/network will be audited"
set devices template JAPAN-BLR-PS-HD-LIB config system users portal login shell role admin password yA:D#{}Vn9JE-?Qa
set devices template JAPAN-BLR-PS-HD-LIB config system users portal ssh-public-key portal contents "ssh-rsa AAAAB3NzaC1yc2EAAAADAQABAAABAQDo+WWU8BDyqZCYadUGElffuy1pkOo4nrg/yfOqV84G+ukVGf+SF48h+543zMxMmKTauHEqmSp+74IbSpN9buBom/BFpBTm3c66BErMmLNariqvfItG7CO9UBPqoXpUBAXnF/muohwe145jEyRRI4Lof2wK6F6qYjzTQHK+zp5IpV6D+VurfQ6fIQB2oUIj9c8OG3Zfyp33l9utdLCzR7Uo4OGt9GidMrO2mXSBWXb+L5o6MAiOB4EhKvVyG9O8+So7zHEcUI65bq3JWzLzM7w705ySVwitEeqCx2wS7v/2KNuHmI8kSQVOuXQ539V3PJThvlVPY7ABmrY5+4MZT+Fv novitas@colt.net"

2019-03-05 15:17:05,333 - CPE11 - INFO - set devices template JAPAN-BLR-PS-HD-LIB config interfaces vni vni-0/1 description "MPLS-WAN"
set devices template JAPAN-BLR-PS-HD-LIB config interfaces vni vni-0/1 bandwidth uplink "5000"
set devices template JAPAN-BLR-PS-HD-LIB config interfaces vni vni-0/1 bandwidth downlink "5000"
set devices template JAPAN-BLR-PS-HD-LIB config interfaces vni vni-0/2 description "INT-WAN"

set devices template JAPAN-BLR-PS-HD-LIB config system vnf-manager ip-addresses [ 10.91.116.67/32 10.91.116.68/32 ]
set devices template JAPAN-BLR-PS-HD-LIB config system service-options qos-frame-overhead auto-adjust true
set devices template JAPAN-BLR-PS-HD-LIB config routing-instances routing-instance JAPAN-Control-VR protocols bgp bgp 125 hold-time 90
set devices template JAPAN-BLR-PS-HD-LIB config routing-instances routing-instance JAPAN-Control-VR protocols bgp bgp 125 graceful-restart enable
set devices template JAPAN-BLR-PS-HD-LIB config routing-instances routing-instance JAPAN-Control-VR protocols bgp bgp 125 graceful-restart maximum-restart-time 15
set devices template JAPAN-BLR-PS-HD-LIB config routing-instances routing-instance JAPAN-Control-VR protocols bgp bgp 125 graceful-restart recovery-time 15
set devices template JAPAN-BLR-PS-HD-LIB config routing-instances routing-instance JAPAN-Control-VR protocols bgp bgp 125 graceful-restart select-defer-time 15
set devices template JAPAN-BLR-PS-HD-LIB config routing-instances routing-instance JAPAN-Control-VR protocols bgp bgp 125 graceful-restart stalepath-time 15
set devices template JAPAN-BLR-PS-HD-LIB config routing-instances routing-instance JAPAN-Control-VR protocols bgp bgp 125 graceful-restart dynamic-peer-restart-time 0

set devices template JAPAN-BLR-PS-HD-LIB config routing-instances routing-instance JAPAN-Control-VR protocols bgp bgp 125 routing-peer-policy Import-From-SDWAN-Policy term 1GW1 match family inet-vpn
set devices template JAPAN-BLR-PS-HD-LIB config routing-instances routing-instance JAPAN-Control-VR protocols bgp bgp 125 routing-peer-policy Import-From-SDWAN-Policy term 1GW1 match community "(^|,)([0-9]*:11)($|,)"
set devices template JAPAN-BLR-PS-HD-LIB config routing-instances routing-instance JAPAN-Control-VR protocols bgp bgp 125 routing-peer-policy Import-From-SDWAN-Policy term 1GW1 action filter accept
set devices template JAPAN-BLR-PS-HD-LIB config routing-instances routing-instance JAPAN-Control-VR protocols bgp bgp 125 routing-peer-policy Import-From-SDWAN-Policy term 1GW1 action community 8009:8009
set devices template JAPAN-BLR-PS-HD-LIB config routing-instances routing-instance JAPAN-Control-VR protocols bgp bgp 125 routing-peer-policy Import-From-SDWAN-Policy term 1GW1 action community-action set-specific
set devices template JAPAN-BLR-PS-HD-LIB config routing-instances routing-instance JAPAN-Control-VR protocols bgp bgp 125 routing-peer-policy Import-From-SDWAN-Policy term 1GW1 action set-local-preference 80
set devices template JAPAN-BLR-PS-HD-LIB config routing-instances routing-instance JAPAN-Control-VR protocols bgp bgp 125 routing-peer-policy Import-From-SDWAN-Policy term 2GW2 match family inet-vpn
set devices template JAPAN-BLR-PS-HD-LIB config routing-instances routing-instance JAPAN-Control-VR protocols bgp bgp 125 routing-peer-policy Import-From-SDWAN-Policy term 2GW2 match community "(^|,)([0-9]*:12)($|,)"
set devices template JAPAN-BLR-PS-HD-LIB config routing-instances routing-instance JAPAN-Control-VR protocols bgp bgp 125 routing-peer-policy Import-From-SDWAN-Policy term 2GW2 action filter accept
set devices template JAPAN-BLR-PS-HD-LIB config routing-instances routing-instance JAPAN-Control-VR protocols bgp bgp 125 routing-peer-policy Import-From-SDWAN-Policy term 2GW2 action community 8009:8009
set devices template JAPAN-BLR-PS-HD-LIB config routing-instances routing-instance JAPAN-Control-VR protocols bgp bgp 125 routing-peer-policy Import-From-SDWAN-Policy term 2GW2 action community-action set-specific
set devices template JAPAN-BLR-PS-HD-LIB config routing-instances routing-instance JAPAN-Control-VR protocols bgp bgp 125 routing-peer-policy Import-From-SDWAN-Policy term 2GW2 action set-local-preference 60
move devices template JAPAN-BLR-PS-HD-LIB config routing-instances routing-instance JAPAN-Control-VR protocols bgp bgp 125 routing-peer-policy Import-From-SDWAN-Policy term 2GW2 first
move devices template JAPAN-BLR-PS-HD-LIB config routing-instances routing-instance JAPAN-Control-VR protocols bgp bgp 125 routing-peer-policy Import-From-SDWAN-Policy term 1GW1 first

set devices template JAPAN-BLR-PS-HD-LIB config routing-instances routing-instance JAPAN-Control-VR protocols bgp bgp 125 routing-peer-policy TO_SDWAN term Wildcard match family inet-vpn
set devices template JAPAN-BLR-PS-HD-LIB config routing-instances routing-instance JAPAN-Control-VR protocols bgp bgp 125 routing-peer-policy TO_SDWAN term Wildcard action filter accept
set devices template JAPAN-BLR-PS-HD-LIB config routing-instances routing-instance JAPAN-Control-VR protocols bgp bgp 125 routing-peer-policy TO_SDWAN term Wildcard action community 91:10
set devices template JAPAN-BLR-PS-HD-LIB config routing-instances routing-instance JAPAN-Control-VR protocols bgp bgp 125 routing-peer-policy TO_SDWAN term Wildcard action community-action set-specific
set devices template JAPAN-BLR-PS-HD-LIB config routing-instances routing-instance JAPAN-Control-VR protocols bgp bgp 125 routing-peer-policy TO_SDWAN term VersaPvt-Wildcard match family versa-private
set devices template JAPAN-BLR-PS-HD-LIB config routing-instances routing-instance JAPAN-Control-VR protocols bgp bgp 125 routing-peer-policy TO_SDWAN term VersaPvt-Wildcard action filter accept
set devices template JAPAN-BLR-PS-HD-LIB config routing-instances routing-instance JAPAN-Control-VR protocols bgp bgp 125 routing-peer-policy TO_SDWAN term VersaPvt-Wildcard action community 91:10
set devices template JAPAN-BLR-PS-HD-LIB config routing-instances routing-instance JAPAN-Control-VR protocols bgp bgp 125 routing-peer-policy TO_SDWAN term VersaPvt-Wildcard action community-action set-specific
set devices template JAPAN-BLR-PS-HD-LIB config routing-instances routing-instance JAPAN-Control-VR protocols bgp bgp 125 group Controllers-Group export TO_SDWAN
set devices template JAPAN-BLR-PS-HD-LIB config orgs org JAPAN sd-wan site wan-interfaces vni vni-0/1.0 sla-monitoring fc fc_nc interval 10
set devices template JAPAN-BLR-PS-HD-LIB config orgs org JAPAN sd-wan site wan-interfaces vni vni-0/1.0 sla-monitoring fc fc_nc logging-interval 30
set devices template JAPAN-BLR-PS-HD-LIB config orgs org JAPAN sd-wan site wan-interfaces vni vni-0/1.0 sla-monitoring fc fc_nc send-to controller
set devices template JAPAN-BLR-PS-HD-LIB config orgs org JAPAN sd-wan site wan-interfaces vni vni-0/1.0 sla-monitoring fc fc_ef interval 10
set devices template JAPAN-BLR-PS-HD-LIB config orgs org JAPAN sd-wan site wan-interfaces vni vni-0/1.0 sla-monitoring fc fc_ef logging-interval 30
set devices template JAPAN-BLR-PS-HD-LIB config orgs org JAPAN sd-wan site wan-interfaces vni vni-0/1.0 sla-monitoring fc fc_ef send-to branches
set devices template JAPAN-BLR-PS-HD-LIB config orgs org JAPAN sd-wan site wan-interfaces vni vni-0/1.0 sla-monitoring fc fc_be interval 10
set devices template JAPAN-BLR-PS-HD-LIB config orgs org JAPAN sd-wan site wan-interfaces vni vni-0/1.0 sla-monitoring fc fc_be logging-interval 30
set devices template JAPAN-BLR-PS-HD-LIB config orgs org JAPAN sd-wan site wan-interfaces vni vni-0/1.0 sla-monitoring fc fc_be send-to branches
set devices template JAPAN-BLR-PS-HD-LIB config orgs org JAPAN sd-wan site wan-interfaces vni vni-0/1.0 sla-monitoring fc fc13 interval 10
set devices template JAPAN-BLR-PS-HD-LIB config orgs org JAPAN sd-wan site wan-interfaces vni vni-0/1.0 sla-monitoring fc fc13 logging-interval 30
set devices template JAPAN-BLR-PS-HD-LIB config orgs org JAPAN sd-wan site wan-interfaces vni vni-0/1.0 sla-monitoring fc fc13 send-to branches
set devices template JAPAN-BLR-PS-HD-LIB config orgs org JAPAN sd-wan site wan-interfaces vni vni-0/1.0 sla-monitoring fc fc14 interval 10
set devices template JAPAN-BLR-PS-HD-LIB config orgs org JAPAN sd-wan site wan-interfaces vni vni-0/1.0 sla-monitoring fc fc14 logging-interval 30
set devices template JAPAN-BLR-PS-HD-LIB config orgs org JAPAN sd-wan site wan-interfaces vni vni-0/1.0 sla-monitoring fc fc14 send-to branches
set devices template JAPAN-BLR-PS-HD-LIB config orgs org JAPAN sd-wan site wan-interfaces vni vni-0/1.0 sla-monitoring fc fc15 interval 10
set devices template JAPAN-BLR-PS-HD-LIB config orgs org JAPAN sd-wan site wan-interfaces vni vni-0/1.0 sla-monitoring fc fc15 logging-interval 30
set devices template JAPAN-BLR-PS-HD-LIB config orgs org JAPAN sd-wan site wan-interfaces vni vni-0/1.0 sla-monitoring fc fc15 send-to branches
set devices template JAPAN-BLR-PS-HD-LIB config orgs org JAPAN sd-wan site wan-interfaces vni vni-0/1.0 management-traffic priority 0
set devices template JAPAN-BLR-PS-HD-LIB config orgs org JAPAN sd-wan site wan-interfaces vni vni-0/2.0 sla-monitoring fc fc_nc interval 10
set devices template JAPAN-BLR-PS-HD-LIB config orgs org JAPAN sd-wan site wan-interfaces vni vni-0/2.0 sla-monitoring fc fc_nc logging-interval 30
set devices template JAPAN-BLR-PS-HD-LIB config orgs org JAPAN sd-wan site wan-interfaces vni vni-0/2.0 sla-monitoring fc fc_nc send-to controller
set devices template JAPAN-BLR-PS-HD-LIB config orgs org JAPAN sd-wan site wan-interfaces vni vni-0/2.0 sla-monitoring fc fc_be interval 10
set devices template JAPAN-BLR-PS-HD-LIB config orgs org JAPAN sd-wan site wan-interfaces vni vni-0/2.0 sla-monitoring fc fc_be logging-interval 30
set devices template JAPAN-BLR-PS-HD-LIB config orgs org JAPAN sd-wan site wan-interfaces vni vni-0/2.0 sla-monitoring fc fc_be send-to branches

set devices template JAPAN-BLR-PS-HD-LIB config orgs org-services JAPAN class-of-service qos-policies qos-policy-group Default-Policy rules qos-policy IPSEC_IN match source zone zone-list [ Intf-INT-WAN-Zone Intf-MPLS-WAN-Zone ]
set devices template JAPAN-BLR-PS-HD-LIB config orgs org-services JAPAN class-of-service qos-policies qos-policy-group Default-Policy rules qos-policy IPSEC_IN match services predefined-services-list [ ESP ICMP ]
set devices template JAPAN-BLR-PS-HD-LIB config orgs org-services JAPAN class-of-service qos-policies qos-policy-group Default-Policy rules qos-policy IPSEC_IN match services services-list [ IPSEC IPSecAH ]
set devices template JAPAN-BLR-PS-HD-LIB config orgs org-services JAPAN class-of-service qos-policies qos-policy-group Default-Policy rules qos-policy IPSEC_IN set action allow
set devices template JAPAN-BLR-PS-HD-LIB config orgs org-services JAPAN class-of-service qos-policies qos-policy-group Default-Policy rules qos-policy IPSEC_OUT match destination zone zone-list [ Intf-INT-WAN-Zone Intf-MPLS-WAN-Zone ]
set devices template JAPAN-BLR-PS-HD-LIB config orgs org-services JAPAN class-of-service qos-policies qos-policy-group Default-Policy rules qos-policy IPSEC_OUT match services predefined-services-list [ ESP ICMP ]
set devices template JAPAN-BLR-PS-HD-LIB config orgs org-services JAPAN class-of-service qos-policies qos-policy-group Default-Policy rules qos-policy IPSEC_OUT match services services-list [ IPSEC IPSIPSecAH ]
set devices template JAPAN-BLR-PS-HD-LIB config orgs org-services JAPAN class-of-service qos-policies qos-policy-group Default-Policy rules qos-policy IPSEC_OUT set action allow
set devices template JAPAN-BLR-PS-HD-LIB config orgs org-services JAPAN class-of-service qos-policies qos-policy-group Default-Policy rules qos-policy ARP_IN match source zone zone-list [ Intf-INT-WAN-Zone Intf-MPLS-WAN-Zone ]
set devices template JAPAN-BLR-PS-HD-LIB config orgs org-services JAPAN class-of-service qos-policies qos-policy-group Default-Policy rules qos-policy ARP_IN match ether-type ARP
set devices template JAPAN-BLR-PS-HD-LIB config orgs org-services JAPAN class-of-service qos-policies qos-policy-group Default-Policy rules qos-policy ARP_IN set action allow
set devices template JAPAN-BLR-PS-HD-LIB config orgs org-services JAPAN class-of-service qos-policies qos-policy-group Default-Policy rules qos-policy ARP_OUT match destination zone zone-list [ Intf-INT-WAN-Zone Intf-MPLS-WAN-Zone ]
set devices template JAPAN-BLR-PS-HD-LIB config orgs org-services JAPAN class-of-service qos-policies qos-policy-group Default-Policy rules qos-policy ARP_OUT match ether-type ARP
set devices template JAPAN-BLR-PS-HD-LIB config orgs org-services JAPAN class-of-service qos-policies qos-policy-group Default-Policy rules qos-policy ARP_OUT set action allow
set devices template JAPAN-BLR-PS-HD-LIB config orgs org-services JAPAN class-of-service qos-policies qos-policy-group Default-Policy rules qos-policy DHCP_IN match source zone zone-list [ Intf-INT-WAN-Zone ]
set devices template JAPAN-BLR-PS-HD-LIB config orgs org-services JAPAN class-of-service qos-policies qos-policy-group Default-Policy rules qos-policy DHCP_IN match services services-list [ DHCP-67 DHCP-68 ]
set devices template JAPAN-BLR-PS-HD-LIB config orgs org-services JAPAN class-of-service qos-policies qos-policy-group Default-Policy rules qos-policy DHCP_IN set action allow
set devices template JAPAN-BLR-PS-HD-LIB config orgs org-services JAPAN class-of-service qos-policies qos-policy-group Default-Policy rules qos-policy DHCP_OUT match destination zone zone-list [ Intf-INT-WAN-Zone ]
set devices template JAPAN-BLR-PS-HD-LIB config orgs org-services JAPAN class-of-service qos-policies qos-policy-group Default-Policy rules qos-policy DHCP_OUT match services services-list [ DHCP-67 DHCP-68 ]
set devices template JAPAN-BLR-PS-HD-LIB config orgs org-services JAPAN class-of-service qos-policies qos-policy-group Default-Policy rules qos-policy DHCP_OUT set action allow

set devices template JAPAN-BLR-PS-HD-LIB config orgs org-services JAPAN class-of-service qos-policies qos-policy-group Default-Policy rules qos-policy INT_OUT match source zone zone-list [ Intf-LAN1-Zone W-ST-LAN1-VRF-INT-WAN Intf-LAN2-Zone W-ST-LAN2-VRF-INT-WAN Intf-LAN3-Zone W-ST-LAN3-VRF-INT-WAN Intf-LAN4-Zone W-ST-LAN4-VRF-INT-WAN Intf-LAN5-Zone W-ST-LAN5-VRF-INT-WAN Intf-LAN6-Zone W-ST-LAN6-VRF-INT-WAN Intf-LAN7-Zone W-ST-LAN7-VRF-INT-WAN Intf-LAN8-Zone W-ST-LAN8-VRF-INT-WAN Intf-LAN9-Zone W-ST-LAN9-VRF-INT-WAN Intf-LAN10-Zone W-ST-LAN10-VRF-INT-WAN ]
set devices template JAPAN-BLR-PS-HD-LIB config orgs org-services JAPAN class-of-service qos-policies qos-policy-group Default-Policy rules qos-policy INT_OUT match destination zone zone-list [ Intf-INT-WAN-Zone L-ST-LAN1-VRF-INT-WAN L-ST-LAN2-VRF-INT-WAN L-ST-LAN3-VRF-INT-WAN L-ST-LAN4-VRF-INT-WAN L-ST-LAN5-VRF-INT-WAN L-ST-LAN6-VRF-INT-WAN L-ST-LAN7-VRF-INT-WAN L-ST-LAN8-VRF-INT-WAN L-ST-LAN9-VRF-INT-WAN L-ST-LAN10-VRF-INT-WAN ]
set devices template JAPAN-BLR-PS-HD-LIB config orgs org-services JAPAN class-of-service qos-policies qos-policy-group Default-Policy rules qos-policy INT_OUT set action allow
set devices template JAPAN-BLR-PS-HD-LIB config orgs org-services JAPAN class-of-service qos-policies qos-policy-group Default-Policy rules qos-policy INT_IN match source zone zone-list [ Intf-INT-WAN-Zone L-ST-LAN1-VRF-INT-WAN L-ST-LAN2-VRF-INT-WAN L-ST-LAN3-VRF-INT-WAN L-ST-LAN4-VRF-INT-WAN L-ST-LAN5-VRF-INT-WAN L-ST-LAN6-VRF-INT-WAN L-ST-LAN7-VRF-INT-WAN L-ST-LAN8-VRF-INT-WAN L-ST-LAN9-VRF-INT-WAN L-ST-LAN10-VRF-INT-WAN ]
set devices template JAPAN-BLR-PS-HD-LIB config orgs org-services JAPAN class-of-service qos-policies qos-policy-group Default-Policy rules qos-policy INT_IN set action allow


set devices template JAPAN-BLR-PS-HD-LIB config orgs org-services JAPAN class-of-service qos-policies qos-policy-group Default-Policy rules qos-policy WAN_IN match source zone zone-list [ Intf-INT-WAN-Zone Intf-MPLS-WAN-Zone ]
set devices template JAPAN-BLR-PS-HD-LIB config orgs org-services JAPAN class-of-service qos-policies qos-policy-group Default-Policy rules qos-policy WAN_IN set action deny
set devices template JAPAN-BLR-PS-HD-LIB config orgs org-services JAPAN class-of-service qos-policies qos-policy-group Default-Policy rules qos-policy WAN_OUT match destination zone zone-list [ Intf-INT-WAN-Zone Intf-MPLS-WAN-Zone ]
set devices template JAPAN-BLR-PS-HD-LIB config orgs org-services JAPAN class-of-service qos-policies qos-policy-group Default-Policy rules qos-policy WAN_OUT set action deny
set devices template JAPAN-BLR-PS-HD-LIB config orgs org-services JAPAN class-of-service app-qos-policies app-qos-policy-group Default-Policy
set devices template JAPAN-BLR-PS-HD-LIB config orgs org-services JAPAN class-of-service qos-profiles qos-profile Business1 forwarding-class fc13	
set devices template JAPAN-BLR-PS-HD-LIB config orgs org-services JAPAN class-of-service qos-profiles qos-profile Business1 loss-priority high
set devices template JAPAN-BLR-PS-HD-LIB config orgs org-services JAPAN class-of-service qos-profiles qos-profile Business1 dscp-rw-enable yes
set devices template JAPAN-BLR-PS-HD-LIB config orgs org-services JAPAN class-of-service qos-profiles qos-profile Business1 dot1p-rw-enable no
set devices template JAPAN-BLR-PS-HD-LIB config orgs org-services JAPAN class-of-service qos-profiles qos-profile Business2 forwarding-class fc14
set devices template JAPAN-BLR-PS-HD-LIB config orgs org-services JAPAN class-of-service qos-profiles qos-profile Business2 loss-priority high
set devices template JAPAN-BLR-PS-HD-LIB config orgs org-services JAPAN class-of-service qos-profiles qos-profile Business2 dscp-rw-enable yes
set devices template JAPAN-BLR-PS-HD-LIB config orgs org-services JAPAN class-of-service qos-profiles qos-profile Business2 dot1p-rw-enable no
set devices template JAPAN-BLR-PS-HD-LIB config orgs org-services JAPAN class-of-service qos-profiles qos-profile Business3 forwarding-class fc15
set devices template JAPAN-BLR-PS-HD-LIB config orgs org-services JAPAN class-of-service qos-profiles qos-profile Business3 loss-priority high
set devices template JAPAN-BLR-PS-HD-LIB config orgs org-services JAPAN class-of-service qos-profiles qos-profile Business3 dscp-rw-enable yes
set devices template JAPAN-BLR-PS-HD-LIB config orgs org-services JAPAN class-of-service qos-profiles qos-profile Business3 dot1p-rw-enable no
set devices template JAPAN-BLR-PS-HD-LIB config orgs org-services JAPAN class-of-service qos-profiles qos-profile Internet-Default forwarding-class fc_be
set devices template JAPAN-BLR-PS-HD-LIB config orgs org-services JAPAN class-of-service qos-profiles qos-profile Internet-Default loss-priority high
set devices template JAPAN-BLR-PS-HD-LIB config orgs org-services JAPAN class-of-service qos-profiles qos-profile Internet-Default dscp-rw-enable no
set devices template JAPAN-BLR-PS-HD-LIB config orgs org-services JAPAN class-of-service qos-profiles qos-profile Internet-Default dot1p-rw-enable no
set devices template JAPAN-BLR-PS-HD-LIB config orgs org-services JAPAN class-of-service qos-profiles qos-profile Premium forwarding-class fc_ef
set devices template JAPAN-BLR-PS-HD-LIB config orgs org-services JAPAN class-of-service qos-profiles qos-profile Premium loss-priority low
set devices template JAPAN-BLR-PS-HD-LIB config orgs org-services JAPAN class-of-service qos-profiles qos-profile Premium dscp-rw-enable yes
set devices template JAPAN-BLR-PS-HD-LIB config orgs org-services JAPAN class-of-service qos-profiles qos-profile Premium dot1p-rw-enable no
set devices template JAPAN-BLR-PS-HD-LIB config orgs org-services JAPAN class-of-service qos-profiles qos-profile Routing-Management forwarding-class fc_nc
set devices template JAPAN-BLR-PS-HD-LIB config orgs org-services JAPAN class-of-service qos-profiles qos-profile Routing-Management loss-priority low
set devices template JAPAN-BLR-PS-HD-LIB config orgs org-services JAPAN class-of-service qos-profiles qos-profile Routing-Management dscp-rw-enable yes
set devices template JAPAN-BLR-PS-HD-LIB config orgs org-services JAPAN class-of-service qos-profiles qos-profile Routing-Management dot1p-rw-enable no

set devices template JAPAN-BLR-PS-HD-LIB config orgs org-services JAPAN objects services service IPSEC protocol UDP
set devices template JAPAN-BLR-PS-HD-LIB config orgs org-services JAPAN objects services service IPSEC destination-port 4790,4500,500
set devices template JAPAN-BLR-PS-HD-LIB config orgs org-services JAPAN objects services service IPSecAH protocol AH
set devices template JAPAN-BLR-PS-HD-LIB config orgs org-services JAPAN objects services service IPSIPSecAH protocol AH
set devices template JAPAN-BLR-PS-HD-LIB config orgs org-services JAPAN objects services service DHCP-67 protocol UDP
set devices template JAPAN-BLR-PS-HD-LIB config orgs org-services JAPAN objects services service DHCP-67 port 67
set devices template JAPAN-BLR-PS-HD-LIB config orgs org-services JAPAN objects services service DHCP-68 protocol UDP
set devices template JAPAN-BLR-PS-HD-LIB config orgs org-services JAPAN objects services service DHCP-68 port 68
delete devices template JAPAN-BLR-PS-HD-LIB config orgs org-services JAPAN security access-policies access-policy-group Default-Policy



set devices template JAPAN-BLR-PS-HD-LIB config routing-instances routing-instance LAN1-VRF vrf-import-target target:1370L:13702
set devices template JAPAN-BLR-PS-HD-LIB config routing-instances routing-instance LAN1-VRF policy-options redistribution-policy Default-Policy-To-BGP term T3-STATIC match protocol static
set devices template JAPAN-BLR-PS-HD-LIB config routing-instances routing-instance LAN1-VRF policy-options redistribution-policy Default-Policy-To-BGP term T3-STATIC action filter accept
set devices template JAPAN-BLR-PS-HD-LIB config routing-instances routing-instance LAN1-VRF policy-options redistribution-policy Default-Policy-To-BGP term T3-STATIC action set-origin igp
set devices template JAPAN-BLR-PS-HD-LIB config routing-instances routing-instance LAN1-VRF policy-options redistribution-policy Default-Policy-To-BGP term T3-STATIC action set-local-preference 110



set devices template JAPAN-BLR-PS-HD-LIB config routing-instances routing-instance LAN2-VRF vrf-import-target target:1371L:13712
set devices template JAPAN-BLR-PS-HD-LIB config routing-instances routing-instance LAN2-VRF policy-options redistribution-policy Default-Policy-To-BGP term T3-STATIC match protocol static
set devices template JAPAN-BLR-PS-HD-LIB config routing-instances routing-instance LAN2-VRF policy-options redistribution-policy Default-Policy-To-BGP term T3-STATIC action filter accept
set devices template JAPAN-BLR-PS-HD-LIB config routing-instances routing-instance LAN2-VRF policy-options redistribution-policy Default-Policy-To-BGP term T3-STATIC action set-origin igp
set devices template JAPAN-BLR-PS-HD-LIB config routing-instances routing-instance LAN2-VRF policy-options redistribution-policy Default-Policy-To-BGP term T3-STATIC action set-local-preference 110



set devices template JAPAN-BLR-PS-HD-LIB config routing-instances routing-instance LAN3-VRF vrf-import-target target:1372L:13722
set devices template JAPAN-BLR-PS-HD-LIB config routing-instances routing-instance LAN3-VRF policy-options redistribution-policy Default-Policy-To-BGP term T3-STATIC match protocol static
set devices template JAPAN-BLR-PS-HD-LIB config routing-instances routing-instance LAN3-VRF policy-options redistribution-policy Default-Policy-To-BGP term T3-STATIC action filter accept
set devices template JAPAN-BLR-PS-HD-LIB config routing-instances routing-instance LAN3-VRF policy-options redistribution-policy Default-Policy-To-BGP term T3-STATIC action set-origin igp
set devices template JAPAN-BLR-PS-HD-LIB config routing-instances routing-instance LAN3-VRF policy-options redistribution-policy Default-Policy-To-BGP term T3-STATIC action set-local-preference 110



set devices template JAPAN-BLR-PS-HD-LIB config routing-instances routing-instance LAN4-VRF vrf-import-target target:1373L:13732
set devices template JAPAN-BLR-PS-HD-LIB config routing-instances routing-instance LAN4-VRF policy-options redistribution-policy Default-Policy-To-BGP term T3-STATIC match protocol static
set devices template JAPAN-BLR-PS-HD-LIB config routing-instances routing-instance LAN4-VRF policy-options redistribution-policy Default-Policy-To-BGP term T3-STATIC action filter accept
set devices template JAPAN-BLR-PS-HD-LIB config routing-instances routing-instance LAN4-VRF policy-options redistribution-policy Default-Policy-To-BGP term T3-STATIC action set-origin igp
set devices template JAPAN-BLR-PS-HD-LIB config routing-instances routing-instance LAN4-VRF policy-options redistribution-policy Default-Policy-To-BGP term T3-STATIC action set-local-preference 110



set devices template JAPAN-BLR-PS-HD-LIB config routing-instances routing-instance LAN5-VRF vrf-import-target target:1374L:13742
set devices template JAPAN-BLR-PS-HD-LIB config routing-instances routing-instance LAN5-VRF policy-options redistribution-policy Default-Policy-To-BGP term T3-STATIC match protocol static
set devices template JAPAN-BLR-PS-HD-LIB config routing-instances routing-instance LAN5-VRF policy-options redistribution-policy Default-Policy-To-BGP term T3-STATIC action filter accept
set devices template JAPAN-BLR-PS-HD-LIB config routing-instances routing-instance LAN5-VRF policy-options redistribution-policy Default-Policy-To-BGP term T3-STATIC action set-origin igp
set devices template JAPAN-BLR-PS-HD-LIB config routing-instances routing-instance LAN5-VRF policy-options redistribution-policy Default-Policy-To-BGP term T3-STATIC action set-local-preference 110



set devices template JAPAN-BLR-PS-HD-LIB config routing-instances routing-instance LAN6-VRF vrf-import-target target:1375L:13752
set devices template JAPAN-BLR-PS-HD-LIB config routing-instances routing-instance LAN6-VRF policy-options redistribution-policy Default-Policy-To-BGP term T3-STATIC match protocol static
set devices template JAPAN-BLR-PS-HD-LIB config routing-instances routing-instance LAN6-VRF policy-options redistribution-policy Default-Policy-To-BGP term T3-STATIC action filter accept
set devices template JAPAN-BLR-PS-HD-LIB config routing-instances routing-instance LAN6-VRF policy-options redistribution-policy Default-Policy-To-BGP term T3-STATIC action set-origin igp
set devices template JAPAN-BLR-PS-HD-LIB config routing-instances routing-instance LAN6-VRF policy-options redistribution-policy Default-Policy-To-BGP term T3-STATIC action set-local-preference 110



set devices template JAPAN-BLR-PS-HD-LIB config routing-instances routing-instance LAN7-VRF vrf-import-target target:1376L:13762
set devices template JAPAN-BLR-PS-HD-LIB config routing-instances routing-instance LAN7-VRF policy-options redistribution-policy Default-Policy-To-BGP term T3-STATIC match protocol static
set devices template JAPAN-BLR-PS-HD-LIB config routing-instances routing-instance LAN7-VRF policy-options redistribution-policy Default-Policy-To-BGP term T3-STATIC action filter accept
set devices template JAPAN-BLR-PS-HD-LIB config routing-instances routing-instance LAN7-VRF policy-options redistribution-policy Default-Policy-To-BGP term T3-STATIC action set-origin igp
set devices template JAPAN-BLR-PS-HD-LIB config routing-instances routing-instance LAN7-VRF policy-options redistribution-policy Default-Policy-To-BGP term T3-STATIC action set-local-preference 110



set devices template JAPAN-BLR-PS-HD-LIB config routing-instances routing-instance LAN8-VRF vrf-import-target target:1377L:13772
set devices template JAPAN-BLR-PS-HD-LIB config routing-instances routing-instance LAN8-VRF policy-options redistribution-policy Default-Policy-To-BGP term T3-STATIC match protocol static
set devices template JAPAN-BLR-PS-HD-LIB config routing-instances routing-instance LAN8-VRF policy-options redistribution-policy Default-Policy-To-BGP term T3-STATIC action filter accept
set devices template JAPAN-BLR-PS-HD-LIB config routing-instances routing-instance LAN8-VRF policy-options redistribution-policy Default-Policy-To-BGP term T3-STATIC action set-origin igp
set devices template JAPAN-BLR-PS-HD-LIB config routing-instances routing-instance LAN8-VRF policy-options redistribution-policy Default-Policy-To-BGP term T3-STATIC action set-local-preference 110



set devices template JAPAN-BLR-PS-HD-LIB config routing-instances routing-instance LAN9-VRF vrf-import-target target:1378L:13782
set devices template JAPAN-BLR-PS-HD-LIB config routing-instances routing-instance LAN9-VRF policy-options redistribution-policy Default-Policy-To-BGP term T3-STATIC match protocol static
set devices template JAPAN-BLR-PS-HD-LIB config routing-instances routing-instance LAN9-VRF policy-options redistribution-policy Default-Policy-To-BGP term T3-STATIC action filter accept
set devices template JAPAN-BLR-PS-HD-LIB config routing-instances routing-instance LAN9-VRF policy-options redistribution-policy Default-Policy-To-BGP term T3-STATIC action set-origin igp
set devices template JAPAN-BLR-PS-HD-LIB config routing-instances routing-instance LAN9-VRF policy-options redistribution-policy Default-Policy-To-BGP term T3-STATIC action set-local-preference 110



set devices template JAPAN-BLR-PS-HD-LIB config routing-instances routing-instance LAN10-VRF vrf-import-target target:1379L:13792
set devices template JAPAN-BLR-PS-HD-LIB config routing-instances routing-instance LAN10-VRF policy-options redistribution-policy Default-Policy-To-BGP term T3-STATIC match protocol static
set devices template JAPAN-BLR-PS-HD-LIB config routing-instances routing-instance LAN10-VRF policy-options redistribution-policy Default-Policy-To-BGP term T3-STATIC action filter accept
set devices template JAPAN-BLR-PS-HD-LIB config routing-instances routing-instance LAN10-VRF policy-options redistribution-policy Default-Policy-To-BGP term T3-STATIC action set-origin igp
set devices template JAPAN-BLR-PS-HD-LIB config routing-instances routing-instance LAN10-VRF policy-options redistribution-policy Default-Policy-To-BGP term T3-STATIC action set-local-preference 110



set devices template JAPAN-BLR-PS-HD-LIB config snmp usm local user coltuser auth sha password Colt1234
set devices template JAPAN-BLR-PS-HD-LIB config system time-zone Greenwich
set devices template JAPAN-BLR-PS-HD-LIB config confdConfig cli banner "Access to this network/system is limited to users authorised by Colt for its legitimate business purposes. Unauthorised access, use, installation of files or modification of any data is prohibited. Use of this system/network will be audited"
set devices template JAPAN-BLR-PS-HD-LIB config system users portal login shell role admin password yA:D#{}Vn9JE-?Qa
set devices template JAPAN-BLR-PS-HD-LIB config system users portal ssh-public-key portal contents "ssh-rsa AAAAB3NzaC1yc2EAAAADAQABAAABAQDo+WWU8BDyqZCYadUGElffuy1pkOo4nrg/yfOqV84G+ukVGf+SF48h+543zMxMmKTauHEqmSp+74IbSpN9buBom/BFpBTm3c66BErMmLNariqvfItG7CO9UBPqoXpUBAXnF/muohwe145jEyRRI4Lof2wK6F6qYjzTQHK+zp5IpV6D+VurfQ6fIQB2oUIj9c8OG3Zfyp33l9utdLCzR7Uo4OGt9GidMrO2mXSBWXb+L5o6MAiOB4EhKvVyG9O8+So7zHEcUI65bq3JWzLzM7w705ySVwitEeqCx2wS7v/2KNuHmI8kSQVOuXQ539V3PJThvlVPY7ABmrY5+4MZT+Fv novitas@colt.net"

