2019-05-29 11:22:33,786 - VD1 - INFO - ORG NAME:SAMPLE5
2019-05-29 11:22:36,486 - VD1 - DEBUG - {
  "versanms.sdwan-org-workflow": {
    "orgName": "SAMPLE5",
    "globalId": "9",
    "parentOrg": "Colt",
    "ikeAuthType": "psk",
    "sharedControlPlane": false,
    "controllers": ["NV-WC01-N3-GGN", "NV-WC02-N1-HKG", "NV-WC01-N1-HKG"],
    "vrfs": [{ "name": "LAN1-VRF", "id": "210", "enableVPN": "true", "tooltip": "" }],
    "supportedRoles": []
  }
}
2019-05-29 11:22:37,746 - VD1 - INFO - <Response [500]>
2019-05-29 11:22:37,746 - VD1 - INFO - {"error":{"http_status_code":500,"code":0,"message":" Global Id: 9 is already configured.","more_info":"http://nms.versa.com/errors/null"}}
2019-05-29 11:22:37,746 - VD1 - INFO - FAIL : {"error":{"http_status_code":500,"code":0,"message":" Global Id: 9 is already configured.","more_info":"http://nms.versa.com/errors/null"}}
2019-05-29 11:22:37,753 - VD1 - INFO - 
********************
RESULT:
ORG DEPLOYMENT : FAIL : {"error":{"http_status_code":500,"code":0,"message":" Global Id: 9 is already configured.","more_info":"http://nms.versa.com/errors/null"}}

********************

