2020-05-01 13:45:40,822 - VD1 - DEBUG - <netmiko.versa.versa_ssh.VersaSSH object at 0x0000000010147048>
2020-05-01 13:45:46,055 - VD1 - DEBUG - versa: Automated@VDir-BLR-NEW-01>
2020-05-01 13:45:51,289 - CPE26-SIN-DUAL-CPE-HYB-IPC00190-P - DEBUG - <netmiko.versa.versa_ssh.VersaSSH object at 0x0000000010186048>
2020-05-01 13:45:56,536 - CPE26-SIN-DUAL-CPE-HYB-IPC00190-P - DEBUG - versa: Automated@VDir-BLR-NEW-01>
2020-05-01 13:46:21,187 - CPE27-SIN-DUAL-CPE-HYB-IPC00190-S - DEBUG - <netmiko.versa.versa_ssh.VersaSSH object at 0x00000000101869B0>
2020-05-01 13:46:26,417 - CPE27-SIN-DUAL-CPE-HYB-IPC00190-S - DEBUG - versa: Automated@VDir-BLR-NEW-01>
2020-05-01 13:46:51,150 - CPE11-HKG-HYBRD-IPC00190 - DEBUG - <netmiko.versa.versa_ssh.VersaSSH object at 0x0000000010160898>
2020-05-01 13:46:56,400 - CPE11-HKG-HYBRD-IPC00190 - DEBUG - versa: Automated@VDir-BLR-NEW-01>
2020-05-01 13:47:38,703 - CPE26-SIN-DUAL-CPE-HYB-IPC00190-P - INFO - 
DELETE Service Object

2020-05-01 13:47:40,249 - CPE26-SIN-DUAL-CPE-HYB-IPC00190-P - ERROR - 
2020-05-01 13:47:40,252 - CPE26-SIN-DUAL-CPE-HYB-IPC00190-P - INFO - 
FAIL : 
2020-05-01 13:47:40,253 - CPE26-SIN-DUAL-CPE-HYB-IPC00190-P - INFO - >>>>>>>>>> ADDRESS OBJECT DELETION FAILED. <<<<<<<<<<<
2020-05-01 13:47:40,253 - CPE26-SIN-DUAL-CPE-HYB-IPC00190-P - INFO - 
DELETE IPaddress Object

2020-05-01 13:47:40,849 - CPE26-SIN-DUAL-CPE-HYB-IPC00190-P - ERROR - 
2020-05-01 13:47:40,881 - CPE26-SIN-DUAL-CPE-HYB-IPC00190-P - INFO - 
FAIL : 
2020-05-01 13:47:40,881 - CPE26-SIN-DUAL-CPE-HYB-IPC00190-P - INFO - >>>>>>>>>> ADDRESS OBJECT DELETION FAILED. <<<<<<<<<<<
2020-05-01 13:47:40,881 - CPE26-SIN-DUAL-CPE-HYB-IPC00190-P - INFO - 
DELETE IPaddress Object

2020-05-01 13:47:41,671 - CPE26-SIN-DUAL-CPE-HYB-IPC00190-P - ERROR - 
2020-05-01 13:47:41,674 - CPE26-SIN-DUAL-CPE-HYB-IPC00190-P - INFO - 
FAIL : 
2020-05-01 13:47:41,674 - CPE26-SIN-DUAL-CPE-HYB-IPC00190-P - INFO - >>>>>>>>>> ADDRESS OBJECT DELETION FAILED. <<<<<<<<<<<
2020-05-01 13:47:41,674 - CPE26-SIN-DUAL-CPE-HYB-IPC00190-P - INFO - 
DELETE FWD PROFILE

2020-05-01 13:47:42,447 - CPE26-SIN-DUAL-CPE-HYB-IPC00190-P - ERROR - 
2020-05-01 13:47:42,450 - CPE26-SIN-DUAL-CPE-HYB-IPC00190-P - INFO - 
FAIL : 
2020-05-01 13:47:42,450 - CPE26-SIN-DUAL-CPE-HYB-IPC00190-P - INFO - >>>>>>>>>> FORWARDING PROFILE DELETION FAILED. <<<<<<<<<<<
2020-05-01 13:47:42,450 - CPE26-SIN-DUAL-CPE-HYB-IPC00190-P - INFO - 
DELETE SLA profile

2020-05-01 13:47:43,112 - CPE26-SIN-DUAL-CPE-HYB-IPC00190-P - ERROR - 
2020-05-01 13:47:43,131 - CPE26-SIN-DUAL-CPE-HYB-IPC00190-P - INFO - 
FAIL : 
2020-05-01 13:47:43,131 - CPE26-SIN-DUAL-CPE-HYB-IPC00190-P - INFO - >>>>>>>>>> DELETE SLA Profile FAILED. <<<<<<<<<<<
