2020-03-03 12:19:24,637 - VD1 - DEBUG - <netmiko.versa.versa_ssh.VersaSSH object at 0x000000000E3B8EB8>
2020-03-03 12:19:29,855 - VD1 - DEBUG - versa: Automated@VDir-BLR-NEW-01>
2020-03-03 12:19:34,569 - CPE11-HKG-HYBRD-IPC00190 - DEBUG - <netmiko.versa.versa_ssh.VersaSSH object at 0x000000000E3F6E48>
2020-03-03 12:19:39,767 - CPE11-HKG-HYBRD-IPC00190 - DEBUG - versa: Automated@VDir-BLR-NEW-01>
2020-03-03 12:20:04,312 - CPE12-HKG-HYBRD-IPC00190 - DEBUG - <netmiko.versa.versa_ssh.VersaSSH object at 0x000000000E41A710>
2020-03-03 12:20:09,512 - CPE12-HKG-HYBRD-IPC00190 - DEBUG - versa: Automated@VDir-BLR-NEW-01>
2020-03-03 12:21:25,042 - CPE11-HKG-HYBRD-IPC00190 - INFO - 
CREATE SLA profile

2020-03-03 12:21:26,798 - CPE11-HKG-HYBRD-IPC00190 - DEBUG - <Response [201]>
2020-03-03 12:21:26,799 - CPE11-HKG-HYBRD-IPC00190 - INFO - 
PASS
2020-03-03 12:21:26,799 - CPE11-HKG-HYBRD-IPC00190 - INFO - >>>>>>>>>> CREATE SLA Profile PASSED. <<<<<<<<<<<
2020-03-03 12:21:26,801 - CPE11-HKG-HYBRD-IPC00190 - INFO - 
CREATE FWD PROFILE

2020-03-03 12:21:28,631 - CPE11-HKG-HYBRD-IPC00190 - DEBUG - <Response [201]>
2020-03-03 12:21:28,631 - CPE11-HKG-HYBRD-IPC00190 - INFO - 
PASS
2020-03-03 12:21:28,631 - CPE11-HKG-HYBRD-IPC00190 - INFO - >>>>>>>>>> FORWARDING PROFILE CREATION PASSED. <<<<<<<<<<<
2020-03-03 12:21:28,632 - CPE11-HKG-HYBRD-IPC00190 - INFO - 
CREATE IPaddress Object

2020-03-03 12:21:30,111 - CPE11-HKG-HYBRD-IPC00190 - DEBUG - <Response [201]>
2020-03-03 12:21:30,111 - CPE11-HKG-HYBRD-IPC00190 - INFO - 
PASS
2020-03-03 12:21:30,111 - CPE11-HKG-HYBRD-IPC00190 - INFO - >>>>>>>>>> ADDRESS OBJECT CREATION PASSED. <<<<<<<<<<<
2020-03-03 12:21:30,111 - CPE11-HKG-HYBRD-IPC00190 - INFO - 
CREATE IPaddress Object

2020-03-03 12:21:31,536 - CPE11-HKG-HYBRD-IPC00190 - DEBUG - <Response [201]>
2020-03-03 12:21:31,536 - CPE11-HKG-HYBRD-IPC00190 - INFO - 
PASS
2020-03-03 12:21:31,536 - CPE11-HKG-HYBRD-IPC00190 - INFO - >>>>>>>>>> ADDRESS OBJECT CREATION PASSED. <<<<<<<<<<<
2020-03-03 12:21:31,538 - CPE11-HKG-HYBRD-IPC00190 - INFO - 
CREATE Service Object

2020-03-03 12:21:34,178 - CPE11-HKG-HYBRD-IPC00190 - DEBUG - <Response [201]>
2020-03-03 12:21:34,178 - CPE11-HKG-HYBRD-IPC00190 - INFO - 
PASS
2020-03-03 12:21:34,180 - CPE11-HKG-HYBRD-IPC00190 - INFO - >>>>>>>>>> Service OBJECT CREATION PASSED. <<<<<<<<<<<
2020-03-03 12:22:33,311 - CPE11-HKG-HYBRD-IPC00190 - INFO - 
CREATE Policy rule

2020-03-03 12:22:36,252 - CPE11-HKG-HYBRD-IPC00190 - DEBUG - <Response [201]>
2020-03-03 12:22:36,253 - CPE11-HKG-HYBRD-IPC00190 - INFO - 
PASS
2020-03-03 12:22:36,253 - CPE11-HKG-HYBRD-IPC00190 - INFO - >>>>>>>>>> CREATE POLICY RULE PASSED. <<<<<<<<<<<
2020-03-03 12:25:22,471 - CPE11-HKG-HYBRD-IPC00190 - INFO - 
DELETE IPaddress Object

2020-03-03 12:25:26,049 - CPE11-HKG-HYBRD-IPC00190 - INFO - 
PASS
2020-03-03 12:25:26,051 - CPE11-HKG-HYBRD-IPC00190 - INFO - >>>>>>>>>> Policy rule DELETION PASSED. <<<<<<<<<<<
2020-03-03 12:25:26,062 - CPE11-HKG-HYBRD-IPC00190 - INFO - 
CREATE Policy rule

2020-03-03 12:25:27,858 - CPE11-HKG-HYBRD-IPC00190 - DEBUG - <Response [201]>
2020-03-03 12:25:27,859 - CPE11-HKG-HYBRD-IPC00190 - INFO - 
PASS
2020-03-03 12:25:27,861 - CPE11-HKG-HYBRD-IPC00190 - INFO - >>>>>>>>>> CREATE POLICY RULE PASSED. <<<<<<<<<<<
2020-03-03 12:28:20,884 - CPE11-HKG-HYBRD-IPC00190 - INFO - 
DELETE IPaddress Object

2020-03-03 12:28:24,651 - CPE11-HKG-HYBRD-IPC00190 - INFO - 
PASS
2020-03-03 12:28:24,651 - CPE11-HKG-HYBRD-IPC00190 - INFO - >>>>>>>>>> Policy rule DELETION PASSED. <<<<<<<<<<<
2020-03-03 12:28:24,661 - CPE11-HKG-HYBRD-IPC00190 - INFO - 
CREATE Policy rule

2020-03-03 12:28:26,772 - CPE11-HKG-HYBRD-IPC00190 - DEBUG - <Response [201]>
2020-03-03 12:28:26,772 - CPE11-HKG-HYBRD-IPC00190 - INFO - 
PASS
2020-03-03 12:28:26,773 - CPE11-HKG-HYBRD-IPC00190 - INFO - >>>>>>>>>> CREATE POLICY RULE PASSED. <<<<<<<<<<<
2020-03-03 12:29:28,209 - CPE11-HKG-HYBRD-IPC00190 - INFO - 
DELETE IPaddress Object

2020-03-03 12:29:31,549 - CPE11-HKG-HYBRD-IPC00190 - INFO - 
PASS
2020-03-03 12:29:31,549 - CPE11-HKG-HYBRD-IPC00190 - INFO - >>>>>>>>>> Policy rule DELETION PASSED. <<<<<<<<<<<
2020-03-03 12:29:31,561 - CPE11-HKG-HYBRD-IPC00190 - INFO - 
DELETE Service Object

2020-03-03 12:29:33,859 - CPE11-HKG-HYBRD-IPC00190 - INFO - 
PASS
2020-03-03 12:29:33,859 - CPE11-HKG-HYBRD-IPC00190 - INFO - >>>>>>>>>> ADDRESS OBJECT DELETION PASSED. <<<<<<<<<<<
2020-03-03 12:29:33,864 - CPE11-HKG-HYBRD-IPC00190 - INFO - 
DELETE IPaddress Object

2020-03-03 12:29:36,286 - CPE11-HKG-HYBRD-IPC00190 - INFO - 
PASS
2020-03-03 12:29:36,288 - CPE11-HKG-HYBRD-IPC00190 - INFO - >>>>>>>>>> ADDRESS OBJECT DELETION PASSED. <<<<<<<<<<<
2020-03-03 12:29:36,290 - CPE11-HKG-HYBRD-IPC00190 - INFO - 
DELETE IPaddress Object

2020-03-03 12:29:39,108 - CPE11-HKG-HYBRD-IPC00190 - INFO - 
PASS
2020-03-03 12:29:39,109 - CPE11-HKG-HYBRD-IPC00190 - INFO - >>>>>>>>>> ADDRESS OBJECT DELETION PASSED. <<<<<<<<<<<
2020-03-03 12:29:39,112 - CPE11-HKG-HYBRD-IPC00190 - INFO - 
DELETE FWD PROFILE

2020-03-03 12:29:42,608 - CPE11-HKG-HYBRD-IPC00190 - INFO - 
PASS
2020-03-03 12:29:42,609 - CPE11-HKG-HYBRD-IPC00190 - INFO - >>>>>>>>>> FORWARDING PROFILE DELETION PASSED. <<<<<<<<<<<
2020-03-03 12:29:42,612 - CPE11-HKG-HYBRD-IPC00190 - INFO - 
DELETE SLA profile

2020-03-03 12:29:44,779 - CPE11-HKG-HYBRD-IPC00190 - INFO - 
PASS
2020-03-03 12:29:44,780 - CPE11-HKG-HYBRD-IPC00190 - INFO - >>>>>>>>>> DELETE SLA Profile PASSED. <<<<<<<<<<<
