2020-01-15 18:37:17,746 - CPE11-HKG-HYBRD-IPC00190 - INFO - CPE NAME:CPE11-HKG-HYBRD-IPC00190
2020-01-15 18:37:18,762 - CPE11-HKG-HYBRD-IPC00190 - INFO - SOLUTION SELECTED:SINGLE-CPE-HYBRID
2020-01-15 18:37:18,890 - CPE11-HKG-HYBRD-IPC00190 - INFO - 
CREATE FWD PROFILE

2020-01-15 18:37:23,101 - CPE11-HKG-HYBRD-IPC00190 - INFO - 
PASS
2020-01-15 18:37:23,101 - CPE11-HKG-HYBRD-IPC00190 - INFO - >>>>>>>>>> FORWARDING PROFILE CREATION PASSED. <<<<<<<<<<<
2020-01-15 18:37:23,101 - CPE11-HKG-HYBRD-IPC00190 - INFO - 
CREATE IPaddress Object

2020-01-15 18:37:25,198 - CPE11-HKG-HYBRD-IPC00190 - INFO - 
PASS
2020-01-15 18:37:25,198 - CPE11-HKG-HYBRD-IPC00190 - INFO - >>>>>>>>>> ADDRESS OBJECT CREATION PASSED. <<<<<<<<<<<
2020-01-15 18:37:25,198 - CPE11-HKG-HYBRD-IPC00190 - INFO - 
DELETE IPaddress Object

2020-01-15 18:37:28,173 - CPE11-HKG-HYBRD-IPC00190 - INFO - 
PASS
2020-01-15 18:37:28,173 - CPE11-HKG-HYBRD-IPC00190 - INFO - >>>>>>>>>> ADDRESS OBJECT DELETION PASSED. <<<<<<<<<<<
2020-01-15 18:37:28,173 - CPE11-HKG-HYBRD-IPC00190 - INFO - 
DELETE FWD PROFILE

2020-01-15 18:37:32,279 - CPE11-HKG-HYBRD-IPC00190 - INFO - 
PASS
2020-01-15 18:37:32,280 - CPE11-HKG-HYBRD-IPC00190 - INFO - >>>>>>>>>> FORWARDING PROFILE DELETION PASSED. <<<<<<<<<<<
