2020-03-02 16:27:47,316 - VD1 - DEBUG - <netmiko.versa.versa_ssh.VersaSSH object at 0x000000000E678F28>
2020-03-02 16:27:52,532 - VD1 - DEBUG - versa: Automated@VDir-BLR-NEW-01>
2020-03-02 16:27:52,533 - CPE11-HKG-HYBRD-IPC00190 - INFO - CPE NAME:CPE11-HKG-HYBRD-IPC00190
2020-03-02 16:27:53,536 - CPE11-HKG-HYBRD-IPC00190 - INFO - SOLUTION SELECTED:SINGLE-CPE-HYBRID
2020-03-02 16:28:04,487 - CPE11-HKG-HYBRD-IPC00190 - DEBUG - <netmiko.versa.versa_ssh.VersaSSH object at 0x000000000DCC96D8>
2020-03-02 16:28:09,690 - CPE11-HKG-HYBRD-IPC00190 - DEBUG - versa: Automated@VDir-BLR-NEW-01>
2020-03-02 16:28:29,486 - CPE11-HKG-HYBRD-IPC00190 - INFO - 
CREATE SLA profile

2020-03-02 16:28:32,098 - CPE11-HKG-HYBRD-IPC00190 - DEBUG - <Response [201]>
2020-03-02 16:28:32,099 - CPE11-HKG-HYBRD-IPC00190 - INFO - 
PASS
2020-03-02 16:28:32,101 - CPE11-HKG-HYBRD-IPC00190 - INFO - >>>>>>>>>> CREATE SLA Profile PASSED. <<<<<<<<<<<
2020-03-02 16:28:32,966 - CPE11-HKG-HYBRD-IPC00190 - INFO - 
CREATE FWD PROFILE

2020-03-02 16:28:34,926 - CPE11-HKG-HYBRD-IPC00190 - DEBUG - <Response [201]>
2020-03-02 16:28:34,926 - CPE11-HKG-HYBRD-IPC00190 - INFO - 
PASS
2020-03-02 16:28:34,927 - CPE11-HKG-HYBRD-IPC00190 - INFO - >>>>>>>>>> FORWARDING PROFILE CREATION PASSED. <<<<<<<<<<<
2020-03-02 16:28:34,927 - CPE11-HKG-HYBRD-IPC00190 - INFO - 
CREATE IPaddress Object

2020-03-02 16:28:36,450 - CPE11-HKG-HYBRD-IPC00190 - DEBUG - <Response [201]>
2020-03-02 16:28:36,450 - CPE11-HKG-HYBRD-IPC00190 - INFO - 
PASS
2020-03-02 16:28:36,450 - CPE11-HKG-HYBRD-IPC00190 - INFO - >>>>>>>>>> ADDRESS OBJECT CREATION PASSED. <<<<<<<<<<<
2020-03-02 16:28:36,451 - CPE11-HKG-HYBRD-IPC00190 - INFO - 
CREATE Service Object

2020-03-02 16:28:38,032 - CPE11-HKG-HYBRD-IPC00190 - DEBUG - <Response [201]>
2020-03-02 16:28:38,032 - CPE11-HKG-HYBRD-IPC00190 - INFO - 
PASS
2020-03-02 16:28:38,032 - CPE11-HKG-HYBRD-IPC00190 - INFO - >>>>>>>>>> Service OBJECT CREATION PASSED. <<<<<<<<<<<
2020-03-02 16:28:38,032 - CPE11-HKG-HYBRD-IPC00190 - INFO - 
CREATE Policy rule

2020-03-02 16:30:26,170 - CPE11-HKG-HYBRD-IPC00190 - DEBUG - <Response [201]>
2020-03-02 16:30:26,170 - CPE11-HKG-HYBRD-IPC00190 - INFO - 
PASS
2020-03-02 16:30:26,171 - CPE11-HKG-HYBRD-IPC00190 - INFO - >>>>>>>>>> CREATE POLICY RULE PASSED. <<<<<<<<<<<
