2020-03-03 13:46:47,611 - VD1 - DEBUG - <netmiko.versa.versa_ssh.VersaSSH object at 0x000000000DC1FEF0>
2020-03-03 13:46:52,813 - VD1 - DEBUG - versa: Automated@VDir-BLR-NEW-01>
2020-03-03 13:46:57,486 - CPE11-HKG-HYBRD-IPC00190 - DEBUG - <netmiko.versa.versa_ssh.VersaSSH object at 0x000000000DC5DE80>
2020-03-03 13:47:02,688 - CPE11-HKG-HYBRD-IPC00190 - DEBUG - versa: Automated@VDir-BLR-NEW-01>
2020-03-03 13:47:27,141 - CPE12-HKG-HYBRD-IPC00190 - DEBUG - <netmiko.versa.versa_ssh.VersaSSH object at 0x000000000DC80BE0>
2020-03-03 13:47:32,342 - CPE12-HKG-HYBRD-IPC00190 - DEBUG - versa: Automated@VDir-BLR-NEW-01>
2020-03-03 13:48:45,930 - CPE11-HKG-HYBRD-IPC00190 - INFO - 
CREATE SLA profile

2020-03-03 13:48:48,094 - CPE11-HKG-HYBRD-IPC00190 - DEBUG - <Response [201]>
2020-03-03 13:48:48,101 - CPE11-HKG-HYBRD-IPC00190 - INFO - 
PASS
2020-03-03 13:48:48,101 - CPE11-HKG-HYBRD-IPC00190 - INFO - >>>>>>>>>> CREATE SLA Profile PASSED. <<<<<<<<<<<
2020-03-03 13:48:48,105 - CPE11-HKG-HYBRD-IPC00190 - INFO - 
CREATE FWD PROFILE

2020-03-03 13:48:50,352 - CPE11-HKG-HYBRD-IPC00190 - DEBUG - <Response [201]>
2020-03-03 13:48:50,352 - CPE11-HKG-HYBRD-IPC00190 - INFO - 
PASS
2020-03-03 13:48:50,354 - CPE11-HKG-HYBRD-IPC00190 - INFO - >>>>>>>>>> FORWARDING PROFILE CREATION PASSED. <<<<<<<<<<<
2020-03-03 13:48:50,361 - CPE11-HKG-HYBRD-IPC00190 - INFO - 
CREATE IPaddress Object

2020-03-03 13:48:52,246 - CPE11-HKG-HYBRD-IPC00190 - DEBUG - <Response [201]>
2020-03-03 13:48:52,247 - CPE11-HKG-HYBRD-IPC00190 - INFO - 
PASS
2020-03-03 13:48:52,249 - CPE11-HKG-HYBRD-IPC00190 - INFO - >>>>>>>>>> ADDRESS OBJECT CREATION PASSED. <<<<<<<<<<<
2020-03-03 13:48:52,255 - CPE11-HKG-HYBRD-IPC00190 - INFO - 
CREATE IPaddress Object

2020-03-03 13:48:54,888 - CPE11-HKG-HYBRD-IPC00190 - DEBUG - <Response [201]>
2020-03-03 13:48:54,890 - CPE11-HKG-HYBRD-IPC00190 - INFO - 
PASS
2020-03-03 13:48:54,890 - CPE11-HKG-HYBRD-IPC00190 - INFO - >>>>>>>>>> ADDRESS OBJECT CREATION PASSED. <<<<<<<<<<<
2020-03-03 13:48:54,894 - CPE11-HKG-HYBRD-IPC00190 - INFO - 
CREATE Service Object

2020-03-03 13:48:56,733 - CPE11-HKG-HYBRD-IPC00190 - DEBUG - <Response [201]>
2020-03-03 13:48:56,733 - CPE11-HKG-HYBRD-IPC00190 - INFO - 
PASS
2020-03-03 13:48:56,733 - CPE11-HKG-HYBRD-IPC00190 - INFO - >>>>>>>>>> Service OBJECT CREATION PASSED. <<<<<<<<<<<
2020-03-03 13:49:55,723 - CPE11-HKG-HYBRD-IPC00190 - INFO - 
CREATE Policy rule

2020-03-03 13:49:58,779 - CPE11-HKG-HYBRD-IPC00190 - DEBUG - <Response [201]>
2020-03-03 13:49:58,779 - CPE11-HKG-HYBRD-IPC00190 - INFO - 
PASS
2020-03-03 13:49:58,779 - CPE11-HKG-HYBRD-IPC00190 - INFO - >>>>>>>>>> CREATE POLICY RULE PASSED. <<<<<<<<<<<
2020-03-03 13:52:50,614 - CPE11-HKG-HYBRD-IPC00190 - INFO - 
DELETE IPaddress Object

2020-03-03 13:52:54,099 - CPE11-HKG-HYBRD-IPC00190 - INFO - 
PASS
2020-03-03 13:52:54,099 - CPE11-HKG-HYBRD-IPC00190 - INFO - >>>>>>>>>> Policy rule DELETION PASSED. <<<<<<<<<<<
2020-03-03 13:52:54,105 - CPE11-HKG-HYBRD-IPC00190 - INFO - 
CREATE Policy rule

2020-03-03 13:52:56,276 - CPE11-HKG-HYBRD-IPC00190 - DEBUG - <Response [201]>
2020-03-03 13:52:56,276 - CPE11-HKG-HYBRD-IPC00190 - INFO - 
PASS
2020-03-03 13:52:56,276 - CPE11-HKG-HYBRD-IPC00190 - INFO - >>>>>>>>>> CREATE POLICY RULE PASSED. <<<<<<<<<<<
2020-03-03 13:55:41,315 - CPE11-HKG-HYBRD-IPC00190 - INFO - 
DELETE IPaddress Object

2020-03-03 13:55:44,739 - CPE11-HKG-HYBRD-IPC00190 - INFO - 
PASS
2020-03-03 13:55:44,739 - CPE11-HKG-HYBRD-IPC00190 - INFO - >>>>>>>>>> Policy rule DELETION PASSED. <<<<<<<<<<<
2020-03-03 13:55:44,750 - CPE11-HKG-HYBRD-IPC00190 - INFO - 
CREATE Policy rule

2020-03-03 13:55:46,976 - CPE11-HKG-HYBRD-IPC00190 - DEBUG - <Response [201]>
2020-03-03 13:55:46,977 - CPE11-HKG-HYBRD-IPC00190 - INFO - 
PASS
2020-03-03 13:55:46,979 - CPE11-HKG-HYBRD-IPC00190 - INFO - >>>>>>>>>> CREATE POLICY RULE PASSED. <<<<<<<<<<<
2020-03-03 14:05:51,441 - CPE11-HKG-HYBRD-IPC00190 - INFO - 
DELETE IPaddress Object

2020-03-03 14:05:55,525 - CPE11-HKG-HYBRD-IPC00190 - INFO - 
PASS
2020-03-03 14:05:55,526 - CPE11-HKG-HYBRD-IPC00190 - INFO - >>>>>>>>>> Policy rule DELETION PASSED. <<<<<<<<<<<
2020-03-03 14:05:55,539 - CPE11-HKG-HYBRD-IPC00190 - INFO - 
DELETE Service Object

2020-03-03 14:05:57,895 - CPE11-HKG-HYBRD-IPC00190 - INFO - 
PASS
2020-03-03 14:05:57,895 - CPE11-HKG-HYBRD-IPC00190 - INFO - >>>>>>>>>> ADDRESS OBJECT DELETION PASSED. <<<<<<<<<<<
2020-03-03 14:05:57,898 - CPE11-HKG-HYBRD-IPC00190 - INFO - 
DELETE IPaddress Object

2020-03-03 14:06:00,815 - CPE11-HKG-HYBRD-IPC00190 - INFO - 
PASS
2020-03-03 14:06:00,815 - CPE11-HKG-HYBRD-IPC00190 - INFO - >>>>>>>>>> ADDRESS OBJECT DELETION PASSED. <<<<<<<<<<<
2020-03-03 14:06:00,818 - CPE11-HKG-HYBRD-IPC00190 - INFO - 
DELETE IPaddress Object

2020-03-03 14:06:03,427 - CPE11-HKG-HYBRD-IPC00190 - INFO - 
PASS
2020-03-03 14:06:03,427 - CPE11-HKG-HYBRD-IPC00190 - INFO - >>>>>>>>>> ADDRESS OBJECT DELETION PASSED. <<<<<<<<<<<
2020-03-03 14:06:03,428 - CPE11-HKG-HYBRD-IPC00190 - INFO - 
DELETE FWD PROFILE

2020-03-03 14:06:08,299 - CPE11-HKG-HYBRD-IPC00190 - INFO - 
PASS
2020-03-03 14:06:08,301 - CPE11-HKG-HYBRD-IPC00190 - INFO - >>>>>>>>>> FORWARDING PROFILE DELETION PASSED. <<<<<<<<<<<
2020-03-03 14:06:08,302 - CPE11-HKG-HYBRD-IPC00190 - INFO - 
DELETE SLA profile

2020-03-03 14:06:11,197 - CPE11-HKG-HYBRD-IPC00190 - INFO - 
PASS
2020-03-03 14:06:11,197 - CPE11-HKG-HYBRD-IPC00190 - INFO - >>>>>>>>>> DELETE SLA Profile PASSED. <<<<<<<<<<<
