2019-06-26 11:29:58,602 - CPE14-SIN-INTONLY - INFO - CPE NAME:CPE14-SIN-INTONLY
2019-06-26 11:29:59,602 - CPE14-SIN-INTONLY - INFO - SOLUTION SELECTED:SINGLE-CPE-INTERNET-ONLY
2019-06-26 11:30:00,834 - CPE14-SIN-INTONLY - INFO - {u'versanms.sdwan-org-workflow': {u'ikeAuthType': u'psk', u'globalId': 72, u'orgName': u'IPC00172', u'controllers': [u'NV-WC01-N1-HKG', u'NV-WC01-N6-SIN', u'NV-WC02-N1-HKG', u'NV-WC02-N6-SIN'], u'bandwidth': 10, u'parentOrg': u'Colt', u'vrfs': [{u'name': u'LAN1-VRF', u'enableVPN': True, u'id': 840}, {u'name': u'LAN2-VRF', u'enableVPN': True, u'id': 841}], u'solutionTier': u'base-sdwan', u'sharedControlPlane': False}}
2019-06-26 11:30:01,049 - CPE14-SIN-INTONLY - INFO - {u'versanms.sdwan-org-workflow': {u'ikeAuthType': u'psk', u'globalId': 72, u'orgName': u'IPC00172', u'controllers': [u'NV-WC01-N1-HKG', u'NV-WC01-N6-SIN', u'NV-WC02-N1-HKG', u'NV-WC02-N6-SIN'], u'bandwidth': 10, u'parentOrg': u'Colt', u'vrfs': [{u'name': u'LAN1-VRF', u'enableVPN': True, u'id': 840}, {u'name': u'LAN2-VRF', u'enableVPN': True, u'id': 841}], u'solutionTier': u'base-sdwan', u'sharedControlPlane': False}}
2019-06-26 11:30:01,266 - CPE14-SIN-INTONLY - INFO - {u'versanms.sdwan-org-workflow': {u'ikeAuthType': u'psk', u'globalId': 72, u'orgName': u'IPC00172', u'controllers': [u'NV-WC01-N1-HKG', u'NV-WC01-N6-SIN', u'NV-WC02-N1-HKG', u'NV-WC02-N6-SIN'], u'bandwidth': 10, u'parentOrg': u'Colt', u'vrfs': [{u'name': u'LAN1-VRF', u'enableVPN': True, u'id': 840}, {u'name': u'LAN2-VRF', u'enableVPN': True, u'id': 841}], u'solutionTier': u'base-sdwan', u'sharedControlPlane': False}}
2019-06-26 11:30:01,266 - CPE14-SIN-INTONLY - INFO - 
STEP : POST STAGING TEMPLATE CREATION AND DEPLOYMENT

2019-06-26 11:30:01,303 - CPE14-SIN-INTONLY - INFO - {
	"versanms.sdwan-template-workflow": {
		"templateName": "IPC00172-SIN-PS-IS-LIB",
		"templateType": "sdwan-post-staging",
		"controllers": ["NV-WC01-N6-SIN", "NV-WC02-N6-SIN"],
		"providerOrg": {
			"name": "IPC00172",
			"statefulFW": true,
			"nextGenFW": false
		},
		"analyticsCluster": "VAN-Cluster",
		"deviceFirmfactor": "6",
		"wanInterfaces": [{
			"interfaceName": "vni-0/0",
			"pppoe": false,
			"unitInfo": [{
				"subUnit": 0,
				"vlanId": 0,
				"networkName": "INT-WAN","ipv4Static": true,
				"ipv4Dhcp": false,
				"ipv6Static": false,
				"ipv6Dhcp": false,
				"allowSSH": false,
				"monitor": {},
				"linkPriority": "",
				"transportDomains": ["INTERNET-TD"]
			}]
		}],
		"deviceType": "full-mesh",
		"redundantPair": {
			"enable": false
		},
		"lanInterfaces": [{
			"interfaceName": "vni-0/2",
			"unitInfo": [
			{
				"subUnit": "{$v_vni-0-2_LAN1_Unit-0__unit}",
				"vlanId": "{$v_vni-0-2_LAN1_Unit-0__vlanId}",
				"networkName": "LAN1",
				"subOrganization": "IPC00172",
				"ipv4Static": true,
				"ipv4Dhcp": false,
				"ip6Static": false,
				"ipv6Dhcp": false,
				"vrfName": "LAN1-VRF",
				"zoneName": ""
			}
            
        ]
		}],
		"solutionTier": "standard-sdwan-plus-ngfw",
		"bandwidth": 1000,
		"customParams": [],
		"minimumImageVersion": "16.1R2-S2.2",
		"isAnalyticsEnabled": true,
		"isPrimary": true,
		"diaConfig": {
			"loadBalance": false
		},
		"splitTunnels": [
        {
			"vrfName": "LAN1-VRF",
			"wanNetworkName": "INT-WAN",
			"dia": true,
			"gateway": false
		}
        
		],
		"inBoundNats": []
	}
}

2019-06-26 11:30:02,029 - CPE14-SIN-INTONLY - INFO - <Response [200]>
2019-06-26 11:30:02,029 - CPE14-SIN-INTONLY - INFO - 
PASS
2019-06-26 11:30:02,029 - CPE14-SIN-INTONLY - INFO - 
 >>>>>>>>>> POST STAGING TEMPLATE CREATION PASSED. <<<<<<<<<<<

2019-06-26 11:30:07,256 - CPE14-SIN-INTONLY - INFO - <Response [200]>
2019-06-26 11:30:07,256 - CPE14-SIN-INTONLY - INFO - 
PASS
2019-06-26 11:30:07,256 - CPE14-SIN-INTONLY - INFO - 
 >>>>>>>>>> FW ASSOCIATION WITH POST STAGING TEMPLATE PASSED. <<<<<<<<<<<

