2020-02-13 12:40:06,572 - VD1 - DEBUG - <netmiko.versa.versa_ssh.VersaSSH object at 0x000000000E5A8AC8>
2020-02-13 12:40:11,775 - VD1 - DEBUG - versa: Automated@VDir-BLR-NEW-01>
2020-02-13 12:40:11,775 - CPE11-HKG-HYBRD-IPC00190 - INFO - CPE NAME:CPE11-HKG-HYBRD-IPC00190
2020-02-13 12:40:12,776 - CPE11-HKG-HYBRD-IPC00190 - INFO - SOLUTION SELECTED:SINGLE-CPE-HYBRID
2020-02-13 12:40:23,993 - CPE11-HKG-HYBRD-IPC00190 - DEBUG - <netmiko.versa.versa_ssh.VersaSSH object at 0x000000000DB6D128>
2020-02-13 12:40:29,194 - CPE11-HKG-HYBRD-IPC00190 - DEBUG - versa: Automated@VDir-BLR-NEW-01>
2020-02-13 12:40:48,456 - CPE11-HKG-HYBRD-IPC00190 - INFO - 
CREATE SLA profile

2020-02-13 12:40:50,102 - CPE11-HKG-HYBRD-IPC00190 - DEBUG - <Response [409]>
2020-02-13 12:40:50,104 - CPE11-HKG-HYBRD-IPC00190 - ERROR - {  "errors": {    "error": [      {        "error-message": "object already exists: /ncs:devices/ncs:device[ncs:name='CPE11-HKG-HYBRD-IPC00190']/ncs:config/org:orgs/org:org-services[org:name='IPC00190']/sdwan:sd-wan/sdwan:sla-profiles/sdwan:sla-profile[sdwan:name='SLA10']",        "error-urlpath": "/api/config/devices/device/CPE11-HKG-HYBRD-IPC00190/config/org:orgs/org-services/IPC00190/sdwan:sd-wan/sla-profiles",        "error-tag": "data-exists"      }    ]  }}
2020-02-13 12:40:50,104 - CPE11-HKG-HYBRD-IPC00190 - INFO - 
FAIL : {  "errors": {    "error": [      {        "error-message": "object already exists: /ncs:devices/ncs:device[ncs:name='CPE11-HKG-HYBRD-IPC00190']/ncs:config/org:orgs/org:org-services[org:name='IPC00190']/sdwan:sd-wan/sdwan:sla-profiles/sdwan:sla-profile[sdwan:name='SLA10']",        "error-urlpath": "/api/config/devices/device/CPE11-HKG-HYBRD-IPC00190/config/org:orgs/org-services/IPC00190/sdwan:sd-wan/sla-profiles",        "error-tag": "data-exists"      }    ]  }}
2020-02-13 12:40:50,105 - CPE11-HKG-HYBRD-IPC00190 - INFO - >>>>>>>>>> CREATE SLA Profile FAILED. <<<<<<<<<<<
2020-02-13 12:40:50,901 - CPE11-HKG-HYBRD-IPC00190 - INFO - 
CREATE FWD PROFILE

2020-02-13 12:40:51,826 - CPE11-HKG-HYBRD-IPC00190 - DEBUG - <Response [409]>
2020-02-13 12:40:51,826 - CPE11-HKG-HYBRD-IPC00190 - ERROR - {  "errors": {    "error": [      {        "error-message": "object already exists: /ncs:devices/ncs:device[ncs:name='CPE11-HKG-HYBRD-IPC00190']/ncs:config/org:orgs/org:org-services[org:name='IPC00190']/sdwan:sd-wan/sdwan:forwarding-profiles/sdwan:forwarding-profile[sdwan:name='FWP10']",        "error-urlpath": "/api/config/devices/device/CPE11-HKG-HYBRD-IPC00190/config/org:orgs/org-services/IPC00190/sdwan:sd-wan/forwarding-profiles",        "error-tag": "data-exists"      }    ]  }}
2020-02-13 12:40:51,828 - CPE11-HKG-HYBRD-IPC00190 - INFO - 
FAIL : {  "errors": {    "error": [      {        "error-message": "object already exists: /ncs:devices/ncs:device[ncs:name='CPE11-HKG-HYBRD-IPC00190']/ncs:config/org:orgs/org:org-services[org:name='IPC00190']/sdwan:sd-wan/sdwan:forwarding-profiles/sdwan:forwarding-profile[sdwan:name='FWP10']",        "error-urlpath": "/api/config/devices/device/CPE11-HKG-HYBRD-IPC00190/config/org:orgs/org-services/IPC00190/sdwan:sd-wan/forwarding-profiles",        "error-tag": "data-exists"      }    ]  }}
2020-02-13 12:40:51,828 - CPE11-HKG-HYBRD-IPC00190 - INFO - >>>>>>>>>> FORWARDING PROFILE CREATION FAILED. <<<<<<<<<<<
2020-02-13 12:40:51,828 - CPE11-HKG-HYBRD-IPC00190 - INFO - 
CREATE IPaddress Object

2020-02-13 12:40:52,471 - CPE11-HKG-HYBRD-IPC00190 - DEBUG - <Response [409]>
2020-02-13 12:40:52,473 - CPE11-HKG-HYBRD-IPC00190 - ERROR - {  "errors": {    "error": [      {        "error-message": "object already exists: /ncs:devices/ncs:device[ncs:name='CPE11-HKG-HYBRD-IPC00190']/ncs:config/org:orgs/org:org-services[org:name='IPC00190']/security:objects/security:addresses/security:address[security:name='Dest_ip_add10']",        "error-urlpath": "/api/config/devices/device/CPE11-HKG-HYBRD-IPC00190/config/org:orgs/org-services/IPC00190/security:objects/addresses",        "error-tag": "data-exists"      }    ]  }}
2020-02-13 12:40:52,473 - CPE11-HKG-HYBRD-IPC00190 - INFO - 
FAIL : {  "errors": {    "error": [      {        "error-message": "object already exists: /ncs:devices/ncs:device[ncs:name='CPE11-HKG-HYBRD-IPC00190']/ncs:config/org:orgs/org:org-services[org:name='IPC00190']/security:objects/security:addresses/security:address[security:name='Dest_ip_add10']",        "error-urlpath": "/api/config/devices/device/CPE11-HKG-HYBRD-IPC00190/config/org:orgs/org-services/IPC00190/security:objects/addresses",        "error-tag": "data-exists"      }    ]  }}
2020-02-13 12:40:52,473 - CPE11-HKG-HYBRD-IPC00190 - INFO - >>>>>>>>>> ADDRESS OBJECT CREATION FAILED. <<<<<<<<<<<
2020-02-13 12:40:52,474 - CPE11-HKG-HYBRD-IPC00190 - INFO - 
CREATE Policy rule

2020-02-13 12:40:53,246 - CPE11-HKG-HYBRD-IPC00190 - DEBUG - <Response [409]>
2020-02-13 12:40:53,246 - CPE11-HKG-HYBRD-IPC00190 - ERROR - {  "errors": {    "error": [      {        "error-message": "object already exists: /ncs:devices/ncs:device[ncs:name='CPE11-HKG-HYBRD-IPC00190']/ncs:config/org:orgs/org:org-services[org:name='IPC00190']/sdwan:sd-wan/sdwan:policies/sdwan:sdwan-policy-group[sdwan:name='Default-Policy']/sdwan:rules/sdwan:rule[sdwan:name='ts_Destipaddr10']",        "error-urlpath": "/api/config/devices/device/CPE11-HKG-HYBRD-IPC00190/config/org:orgs/org-services/IPC00190/sdwan:sd-wan/policies/sdwan-policy-group/Default-Policy/rules",        "error-tag": "data-exists"      }    ]  }}
2020-02-13 12:40:53,246 - CPE11-HKG-HYBRD-IPC00190 - INFO - 
FAIL : {  "errors": {    "error": [      {        "error-message": "object already exists: /ncs:devices/ncs:device[ncs:name='CPE11-HKG-HYBRD-IPC00190']/ncs:config/org:orgs/org:org-services[org:name='IPC00190']/sdwan:sd-wan/sdwan:policies/sdwan:sdwan-policy-group[sdwan:name='Default-Policy']/sdwan:rules/sdwan:rule[sdwan:name='ts_Destipaddr10']",        "error-urlpath": "/api/config/devices/device/CPE11-HKG-HYBRD-IPC00190/config/org:orgs/org-services/IPC00190/sdwan:sd-wan/policies/sdwan-policy-group/Default-Policy/rules",        "error-tag": "data-exists"      }    ]  }}
2020-02-13 12:40:53,246 - CPE11-HKG-HYBRD-IPC00190 - INFO - >>>>>>>>>> CREATE POLICY RULE FAILED. <<<<<<<<<<<
