2020-01-17 18:54:49,898 - VD1 - DEBUG - <netmiko.versa.versa_ssh.VersaSSH object at 0x000000000E001630>
2020-01-17 18:54:55,098 - VD1 - DEBUG - versa: Automated@VDir-BLR-NEW-01>
2020-01-17 18:54:55,098 - CPE11-HKG-HYBRD-IPC00190 - INFO - CPE NAME:CPE11-HKG-HYBRD-IPC00190
2020-01-17 18:54:56,108 - CPE11-HKG-HYBRD-IPC00190 - INFO - SOLUTION SELECTED:SINGLE-CPE-HYBRID
2020-01-17 18:54:56,217 - CPE11-HKG-HYBRD-IPC00190 - INFO - 
CREATE FWD PROFILE

2020-01-17 18:54:59,855 - CPE11-HKG-HYBRD-IPC00190 - DEBUG - <Response [201]>
2020-01-17 18:54:59,855 - CPE11-HKG-HYBRD-IPC00190 - INFO - 
PASS
2020-01-17 18:54:59,855 - CPE11-HKG-HYBRD-IPC00190 - INFO - >>>>>>>>>> FORWARDING PROFILE CREATION PASSED. <<<<<<<<<<<
2020-01-17 18:54:59,855 - CPE11-HKG-HYBRD-IPC00190 - INFO - 
CREATE IPaddress Object

2020-01-17 18:55:01,819 - CPE11-HKG-HYBRD-IPC00190 - DEBUG - <Response [201]>
2020-01-17 18:55:01,819 - CPE11-HKG-HYBRD-IPC00190 - INFO - 
PASS
2020-01-17 18:55:01,819 - CPE11-HKG-HYBRD-IPC00190 - INFO - >>>>>>>>>> ADDRESS OBJECT CREATION PASSED. <<<<<<<<<<<
2020-01-17 18:55:01,819 - CPE11-HKG-HYBRD-IPC00190 - INFO - 
CREATE Policy rule

2020-01-17 18:55:04,148 - CPE11-HKG-HYBRD-IPC00190 - DEBUG - <Response [201]>
2020-01-17 18:55:04,148 - CPE11-HKG-HYBRD-IPC00190 - INFO - 
PASS
2020-01-17 18:55:04,148 - CPE11-HKG-HYBRD-IPC00190 - INFO - >>>>>>>>>> CREATE POLICY RULE PASSED. <<<<<<<<<<<
