2020-04-29 00:23:15,141 - CPE11-HKG-HYBRD-IPC00190 - INFO - 
DELETE Service Object

2020-04-29 00:23:36,150 - CPE11-HKG-HYBRD-IPC00190 - INFO - 
DELETE IPaddress Object

2020-04-29 00:23:45,417 - CPE11-HKG-HYBRD-IPC00190 - ERROR - 
2020-04-29 00:23:45,420 - CPE11-HKG-HYBRD-IPC00190 - INFO - 
FAIL : 
2020-04-29 00:23:45,420 - CPE11-HKG-HYBRD-IPC00190 - INFO - >>>>>>>>>> ADDRESS OBJECT DELETION FAILED. <<<<<<<<<<<
2020-04-29 00:23:45,421 - CPE11-HKG-HYBRD-IPC00190 - INFO - 
DELETE IPaddress Object

2020-04-29 00:23:46,221 - CPE11-HKG-HYBRD-IPC00190 - ERROR - 
2020-04-29 00:23:46,223 - CPE11-HKG-HYBRD-IPC00190 - INFO - 
FAIL : 
2020-04-29 00:23:46,223 - CPE11-HKG-HYBRD-IPC00190 - INFO - >>>>>>>>>> ADDRESS OBJECT DELETION FAILED. <<<<<<<<<<<
2020-04-29 00:23:46,232 - CPE11-HKG-HYBRD-IPC00190 - INFO - 
DELETE FWD PROFILE

2020-04-29 00:23:46,990 - CPE11-HKG-HYBRD-IPC00190 - ERROR - 
2020-04-29 00:23:46,994 - CPE11-HKG-HYBRD-IPC00190 - INFO - 
FAIL : 
2020-04-29 00:23:46,996 - CPE11-HKG-HYBRD-IPC00190 - INFO - >>>>>>>>>> FORWARDING PROFILE DELETION FAILED. <<<<<<<<<<<
2020-04-29 00:23:46,999 - CPE11-HKG-HYBRD-IPC00190 - INFO - 
DELETE SLA profile

2020-04-29 00:23:47,753 - CPE11-HKG-HYBRD-IPC00190 - ERROR - 
2020-04-29 00:23:47,759 - CPE11-HKG-HYBRD-IPC00190 - INFO - 
FAIL : 
2020-04-29 00:23:47,759 - CPE11-HKG-HYBRD-IPC00190 - INFO - >>>>>>>>>> DELETE SLA Profile FAILED. <<<<<<<<<<<
