2020-02-20 16:04:27,203 - VD1 - DEBUG - <netmiko.versa.versa_ssh.VersaSSH object at 0x000000000FC2BE10>
2020-02-20 16:04:32,413 - VD1 - DEBUG - versa: Automated@VDir-BLR-NEW-01>
2020-02-20 16:04:37,259 - CPE11-HKG-HYBRD-IPC00190 - DEBUG - <netmiko.versa.versa_ssh.VersaSSH object at 0x000000000FCACE10>
2020-02-20 16:04:42,461 - CPE11-HKG-HYBRD-IPC00190 - DEBUG - versa: Automated@VDir-BLR-NEW-01>
2020-02-20 16:05:06,582 - CPE12-HKG-HYBRD-IPC00190 - DEBUG - <netmiko.versa.versa_ssh.VersaSSH object at 0x000000000FCCEC18>
2020-02-20 16:05:11,792 - CPE12-HKG-HYBRD-IPC00190 - DEBUG - versa: Automated@VDir-BLR-NEW-01>
2020-02-20 16:06:14,904 - CPE11-HKG-HYBRD-IPC00190 - INFO - 
CREATE SLA profile

2020-02-20 16:06:16,596 - CPE11-HKG-HYBRD-IPC00190 - DEBUG - <Response [201]>
2020-02-20 16:06:16,605 - CPE11-HKG-HYBRD-IPC00190 - INFO - 
PASS
2020-02-20 16:06:16,605 - CPE11-HKG-HYBRD-IPC00190 - INFO - >>>>>>>>>> CREATE SLA Profile PASSED. <<<<<<<<<<<
2020-02-20 16:06:16,611 - CPE11-HKG-HYBRD-IPC00190 - INFO - 
CREATE FWD PROFILE

2020-02-20 16:06:18,526 - CPE11-HKG-HYBRD-IPC00190 - DEBUG - <Response [201]>
2020-02-20 16:06:18,526 - CPE11-HKG-HYBRD-IPC00190 - INFO - 
PASS
2020-02-20 16:06:18,528 - CPE11-HKG-HYBRD-IPC00190 - INFO - >>>>>>>>>> FORWARDING PROFILE CREATION PASSED. <<<<<<<<<<<
2020-02-20 16:06:18,532 - CPE11-HKG-HYBRD-IPC00190 - INFO - 
CREATE IPaddress Object

2020-02-20 16:06:20,076 - CPE11-HKG-HYBRD-IPC00190 - DEBUG - <Response [201]>
2020-02-20 16:06:20,078 - CPE11-HKG-HYBRD-IPC00190 - INFO - 
PASS
2020-02-20 16:06:20,078 - CPE11-HKG-HYBRD-IPC00190 - INFO - >>>>>>>>>> ADDRESS OBJECT CREATION PASSED. <<<<<<<<<<<
2020-02-20 16:06:20,084 - CPE11-HKG-HYBRD-IPC00190 - INFO - 
CREATE Policy rule

2020-02-20 16:06:22,270 - CPE11-HKG-HYBRD-IPC00190 - DEBUG - <Response [201]>
2020-02-20 16:06:22,272 - CPE11-HKG-HYBRD-IPC00190 - INFO - 
PASS
2020-02-20 16:06:22,272 - CPE11-HKG-HYBRD-IPC00190 - INFO - >>>>>>>>>> CREATE POLICY RULE PASSED. <<<<<<<<<<<
2020-02-20 16:09:37,329 - CPE11-HKG-HYBRD-IPC00190 - INFO - 
DELETE IPaddress Object

2020-02-20 16:09:41,007 - CPE11-HKG-HYBRD-IPC00190 - INFO - 
PASS
2020-02-20 16:09:41,009 - CPE11-HKG-HYBRD-IPC00190 - INFO - >>>>>>>>>> Policy rule DELETION PASSED. <<<<<<<<<<<
2020-02-20 16:09:41,013 - CPE11-HKG-HYBRD-IPC00190 - INFO - 
DELETE IPaddress Object

2020-02-20 16:09:43,364 - CPE11-HKG-HYBRD-IPC00190 - INFO - 
PASS
2020-02-20 16:09:43,365 - CPE11-HKG-HYBRD-IPC00190 - INFO - >>>>>>>>>> ADDRESS OBJECT DELETION PASSED. <<<<<<<<<<<
2020-02-20 16:09:43,368 - CPE11-HKG-HYBRD-IPC00190 - INFO - 
DELETE FWD PROFILE

2020-02-20 16:09:46,029 - CPE11-HKG-HYBRD-IPC00190 - INFO - 
PASS
2020-02-20 16:09:46,029 - CPE11-HKG-HYBRD-IPC00190 - INFO - >>>>>>>>>> FORWARDING PROFILE DELETION PASSED. <<<<<<<<<<<
2020-02-20 16:09:46,032 - CPE11-HKG-HYBRD-IPC00190 - INFO - 
DELETE SLA profile

2020-02-20 16:09:48,586 - CPE11-HKG-HYBRD-IPC00190 - INFO - 
PASS
2020-02-20 16:09:48,586 - CPE11-HKG-HYBRD-IPC00190 - INFO - >>>>>>>>>> DELETE SLA Profile PASSED. <<<<<<<<<<<
