2019-09-05 18:24:40,437 - CPE27-HKG-DDI-SEC - INFO - CPE NAME:CPE27-HKG-DDI-SEC
2019-09-05 18:24:41,438 - CPE27-HKG-DDI-SEC - INFO - SOLUTION SELECTED:DUAL-CPE-DUAL-INTERNET
2019-09-05 18:24:42,759 - CPE27-HKG-DDI-SEC - INFO - {u'versanms.sdwan-org-workflow': {u'ikeAuthType': u'psk', u'globalId': 90, u'orgName': u'IPC00190', u'controllers': [u'NV-WC01-N1-HKG', u'NV-WC01-N6-SIN', u'NV-WC02-N1-HKG', u'NV-WC02-N6-SIN'], u'bandwidth': 10, u'parentOrg': u'Colt', u'vrfs': [{u'name': u'LAN1-VRF', u'enableVPN': True, u'id': 1020}, {u'name': u'LAN2-VRF', u'enableVPN': True, u'id': 1021}, {u'name': u'LAN3-VRF', u'enableVPN': True, u'id': 1022}, {u'name': u'LAN4-VRF', u'enableVPN': True, u'id': 1023}, {u'name': u'LAN5-VRF', u'enableVPN': True, u'id': 1024}, {u'name': u'LAN6-VRF', u'enableVPN': True, u'id': 1025}, {u'name': u'LAN7-VRF', u'enableVPN': True, u'id': 1026}, {u'name': u'LAN8-VRF', u'enableVPN': True, u'id': 1027}, {u'name': u'LAN9-VRF', u'enableVPN': True, u'id': 1028}, {u'name': u'LAN10-VRF', u'enableVPN': True, u'id': 1029}], u'solutionTier': u'base-sdwan', u'sharedControlPlane': False}}
2019-09-05 18:24:43,052 - CPE27-HKG-DDI-SEC - INFO - {u'versanms.sdwan-org-workflow': {u'ikeAuthType': u'psk', u'globalId': 90, u'orgName': u'IPC00190', u'controllers': [u'NV-WC01-N1-HKG', u'NV-WC01-N6-SIN', u'NV-WC02-N1-HKG', u'NV-WC02-N6-SIN'], u'bandwidth': 10, u'parentOrg': u'Colt', u'vrfs': [{u'name': u'LAN1-VRF', u'enableVPN': True, u'id': 1020}, {u'name': u'LAN2-VRF', u'enableVPN': True, u'id': 1021}, {u'name': u'LAN3-VRF', u'enableVPN': True, u'id': 1022}, {u'name': u'LAN4-VRF', u'enableVPN': True, u'id': 1023}, {u'name': u'LAN5-VRF', u'enableVPN': True, u'id': 1024}, {u'name': u'LAN6-VRF', u'enableVPN': True, u'id': 1025}, {u'name': u'LAN7-VRF', u'enableVPN': True, u'id': 1026}, {u'name': u'LAN8-VRF', u'enableVPN': True, u'id': 1027}, {u'name': u'LAN9-VRF', u'enableVPN': True, u'id': 1028}, {u'name': u'LAN10-VRF', u'enableVPN': True, u'id': 1029}], u'solutionTier': u'base-sdwan', u'sharedControlPlane': False}}
2019-09-05 18:24:43,342 - CPE27-HKG-DDI-SEC - INFO - {u'versanms.sdwan-org-workflow': {u'ikeAuthType': u'psk', u'globalId': 90, u'orgName': u'IPC00190', u'controllers': [u'NV-WC01-N1-HKG', u'NV-WC01-N6-SIN', u'NV-WC02-N1-HKG', u'NV-WC02-N6-SIN'], u'bandwidth': 10, u'parentOrg': u'Colt', u'vrfs': [{u'name': u'LAN1-VRF', u'enableVPN': True, u'id': 1020}, {u'name': u'LAN2-VRF', u'enableVPN': True, u'id': 1021}, {u'name': u'LAN3-VRF', u'enableVPN': True, u'id': 1022}, {u'name': u'LAN4-VRF', u'enableVPN': True, u'id': 1023}, {u'name': u'LAN5-VRF', u'enableVPN': True, u'id': 1024}, {u'name': u'LAN6-VRF', u'enableVPN': True, u'id': 1025}, {u'name': u'LAN7-VRF', u'enableVPN': True, u'id': 1026}, {u'name': u'LAN8-VRF', u'enableVPN': True, u'id': 1027}, {u'name': u'LAN9-VRF', u'enableVPN': True, u'id': 1028}, {u'name': u'LAN10-VRF', u'enableVPN': True, u'id': 1029}], u'solutionTier': u'base-sdwan', u'sharedControlPlane': False}}
2019-09-05 18:24:43,342 - CPE27-HKG-DDI-SEC - INFO - 
STEP : DEVICE GROUP CREATION AND DEPLOYMENT

2019-09-05 18:24:43,516 - CPE27-HKG-DDI-SEC - INFO - <Response [201]>
2019-09-05 18:24:43,517 - CPE27-HKG-DDI-SEC - INFO - 
PASS
2019-09-05 18:24:43,517 - CPE27-HKG-DDI-SEC - INFO - 
 >>>>>>>>>> DEVICE GROUP TEMPLATE CREATION PASSED. <<<<<<<<<<<

2019-09-05 18:24:48,517 - CPE27-HKG-DDI-SEC - INFO - 
STEP : PRE-ONBOARD WORK

2019-09-05 18:24:48,599 - CPE27-HKG-DDI-SEC - INFO - 
sudo /opt/versa/scripts/staging.py -w 2 -c 10.83.130.49 -s 172.16.6.106/30 -g 172.16.6.105 -l IPC00190-CPE27-HKG-DDI-SEC@colt.net -lk CPE27-HKG-DDI-SEC  -r NV-WC01-N1-HKG@colt.net -rk 1234

2019-09-05 18:24:48,599 - CPE27-HKG-DDI-SEC - INFO - {
  "versanms.sdwan-device-workflow": {
	"deviceName": "CPE27-HKG-DDI-SEC",
	"siteId": "4237",
	"orgName": "IPC00190",
	"serialNumber": "CPE27CSDS02",
	"deviceGroup": "IPC00190-HKG-PS-D-IOS-LIB-LS-DG",
    "locationInfo": {
      "country": "singapore",
      "longitude": "103.819836",
      "latitude": "1.352083"
    },
    "postStagingTemplateInfo": {
      "templateName": "IPC00190-HKG-PS-D-IOS-LIB-LS",
      "templateData": {
        "device-template-variable": {
          "template": "IPC00190-HKG-PS-D-IOS-LIB-LS",
          "variable-binding": {
            "attrs": [
              {
                "name": "{$v_IPC00190_NV-WC01-N1-HKG_Local_auth_email_identifier__IKELIdentifier}",
                "value": "CPE27-HKG-DDI-SEC@colt.net",
                "isAutogeneratable": true
              },
              {
                "name": "{$v_IPC00190_NV-WC01-N1-HKG_Local_auth_email_key__IKELKey}",
                "value": "CPE27-HKG-DDI-SEC",
                "isAutogeneratable": true
              },
              {
                "name": "{$v_IPC00190-Control-VR_90_Router_ID__vrRouteId}",
                "value": "20.20.90.27",
                "isAutogeneratable": true,
                "isOverwritten": true
              },
              {
                "name": "{$v_Paired_Site__locationID}",
                "value": "4236",
                "isAutogeneratable": false
              },
              {
                "name": "{$v_IPC00190_NV-WC02-N1-HKG_Local_auth_email_key__IKELKey}",
                "value": "CPE27-HKG-DDI-SEC",
                "isAutogeneratable": true
              },
              {
				"name": "{$v_INT-WAN2_IPv4__staticaddress}",
				"value": "172.16.6.106/30",
				"isAutogeneratable": false
              },
              {
                "name": "{$v_IPC00190_Site_Name__sitesSiteName}",
                "value": "CPE27-HKG-DDI-SEC",
                "isAutogeneratable": true
              },
			  
			  
			  
			  
			  { "name": "{$v_LAN1_vrrp__vrrpVirtualAddress}", "value": "192.170.1.1", "isAutogeneratable": false},
			  { "name": "{$v_LAN1_IPv4__staticaddress}", "value": "192.170.1.3/24", "isAutogeneratable": false},
			  
              {
                "name": "{$v_tvi-0-181_-_Unit_0_Static_address__tunnelStaticAddress}",
                "value": "20.20.90.27/32",
                "isAutogeneratable": true,
                "isOverwritten": true
              },
              {
                "name": "{$v_latitude__IdLatitude}",
                "value": 1.352083,
                "isAutogeneratable": true
              },
              {
                "name": "{$v_INT-WAN2-Transport-VR_IPv4__vrHopAddress}",
                "value": "172.16.6.105",
                "isAutogeneratable": false
              },
              {
                "name": "{$v_identification__IdName}",
                "value": "CPE27-HKG-DDI-SEC",
                "isAutogeneratable": true
              },
              {
                "name": "{$v_tvi-0-180_-_Unit_0_Static_address__tunnelStaticAddress}",
                "value": "10.10.90.27/32",
                "isAutogeneratable": true,
                "isOverwritten": true
              },
              {
                "name": "{$v_IPC00190_NV-WC02-N1-HKG_Local_auth_email_identifier__IKELIdentifier}",
                "value": "CPE27-HKG-DDI-SEC@colt.net",
                "isAutogeneratable": true
              },
              {
                "name": "{$v_Chassis_Id__sitesChassisId}",
                "value": "4237",
                "isAutogeneratable": true
              },
              {
                "name": "{$v_longitude__Idlongitude}",
                "value": 103.819836,
                "isAutogeneratable": true
              },
              {
                "name": "{$v_IPC00190-Control-VR_90_Local_address__vrRouterAddress}",
                "value": "20.20.90.27",
                "isAutogeneratable": true,
                "isOverwritten": true
              },
              {
                "name": "{$v_location__IdLocation}",
                "value": "singapore",
                "isAutogeneratable": true
              },
			
				
				
				
			{ "name": "{$v_vni-0-4_LAN1_Unit-0__unit}", "value": "750", "isAutogeneratable": false},
			{ "name": "{$v_vni-0-4_LAN1_Unit-0__vlanId}", "value": "750", "isAutogeneratable": false },
			
              {
                "name": "{$v_Site_Id__siteSiteID}",
                "value": "4237",
                "isAutogeneratable": true
              }
            ]
          }
        },
        "variableMetadata": [
          {
            "variable": "{$v_IPC00190_NV-WC01-N1-HKG_Local_auth_email_identifier__IKELIdentifier}",
            "group": "IPSEC",
            "overlay": false
          },
          {
            "variable": "{$v_IPC00190_NV-WC01-N1-HKG_Local_auth_email_key__IKELKey}",
            "group": "IPSEC",
            "overlay": false
          },
          {
            "variable": "{$v_vni-0-4_LAN1_Unit-0__vlanId}",
            "group": "Vlan Info",
            "overlay": false,
            "type": "INTEGER"
          },
          {
            "variable": "{$v_IPC00190-Control-VR_90_Router_ID__vrRouteId}",
            "group": "Virtual routers",
            "overlay": true,
            "type": "IPV4"
          },
          {
            "variable": "{$v_Paired_Site__locationID}",
            "group": "SDWAN",
            "overlay": false
          },
          {
            "variable": "{$v_IPC00190_NV-WC02-N1-HKG_Local_auth_email_key__IKELKey}",
            "group": "IPSEC",
            "overlay": false
          },
          {
            "variable": "{$v_INT-WAN2_IPv4__staticaddress}",
            "group": "Interfaces",
            "overlay": false,
            "type": "IPV4_MASK"
          },
          {
            "variable": "{$v_IPC00190_Site_Name__sitesSiteName}",
            "group": "SDWAN",
            "overlay": false
          },
		{ "variable": "{$v_LAN1_vrrp__vrrpVirtualAddress}", "group": "Others", "overlay": false, "type": "IPV4" },
		{ "variable": "{$v_LAN1_IPv4__staticaddress}", "group": "Interfaces", "overlay": false, "type": "IPV4_MASK" },
		
          {
            "variable": "{$v_tvi-0-181_-_Unit_0_Static_address__tunnelStaticAddress}",
            "group": "Interfaces",
            "overlay": true,
            "type": "IPV4_IPV6_MASK"
          },
          {
            "variable": "{$v_latitude__IdLatitude}",
            "group": "SDWAN",
            "overlay": false
          },
          {
            "variable": "{$v_INT-WAN2-Transport-VR_IPv4__vrHopAddress}",
            "group": "Virtual Routers",
            "overlay": false,
            "type": "IPV4"
          },
          {
            "variable": "{$v_identification__IdName}",
            "group": "SDWAN",
            "overlay": false
          },
          {
            "variable": "{$v_LAN1_vrrp__vrrpVirtualAddress}",
            "group": "Others",
            "overlay": false,
            "type": "IPV4"
          },
          {
            "variable": "{$v_tvi-0-180_-_Unit_0_Static_address__tunnelStaticAddress}",
            "group": "Interfaces",
            "overlay": true,
            "type": "IPV4_IPV6_MASK"
          },
          {
            "variable": "{$v_IPC00190_NV-WC02-N1-HKG_Local_auth_email_identifier__IKELIdentifier}",
            "group": "IPSEC",
            "overlay": false
          },
          {
            "variable": "{$v_Chassis_Id__sitesChassisId}",
            "group": "SDWAN",
            "overlay": false
          },
          {
            "variable": "{$v_longitude__Idlongitude}",
            "group": "SDWAN",
            "overlay": false
          },
          {
            "variable": "{$v_IPC00190-Control-VR_90_Local_address__vrRouterAddress}",
            "group": "Virtual routers",
            "overlay": true,
            "type": "IPV4"
          },
          {
            "variable": "{$v_location__IdLocation}",
            "group": "SDWAN",
            "overlay": false
          },
		 
		 
		 
		 {"variable": "{$v_vni-0-4_LAN1_Unit-0__vlanId}", "group": "Vlan Info", "overlay": false, "type": "INTEGER"},
		 
          {
            "variable": "{$v_Site_Id__siteSiteID}",
            "group": "SDWAN",
            "overlay": false
          }
        ]
      }
    }
  }
}
2019-09-05 18:24:49,762 - CPE27-HKG-DDI-SEC - INFO - <Response [200]>
2019-09-05 18:24:49,763 - CPE27-HKG-DDI-SEC - INFO - PASS
2019-09-05 18:24:59,950 - CPE27-HKG-DDI-SEC - INFO - 21467
2019-09-05 18:25:05,266 - CPE27-HKG-DDI-SEC - INFO - Device deployed
2019-09-05 18:25:06,076 - CPE27-HKG-DDI-SEC - INFO - {u'versanms.sdwan-device-workflow': {u'postStagingTemplateInfo': {u'templateData': {u'device-template-variable': {u'variable-binding': {u'attrs': [{u'isAutogeneratable': False, u'name': u'{$v_LAN1_vrrp__vrrpVirtualAddress}', u'value': u'192.170.1.1'}, {u'isAutogeneratable': False, u'name': u'{$v_INT-WAN2_IPv4__staticaddress}', u'value': u'172.16.6.106/30'}, {u'isAutogeneratable': True, u'isOverwritten': True, u'name': u'{$v_tvi-0-181_-_Unit_0_Static_address__tunnelStaticAddress}', u'value': u'20.20.90.27/32'}, {u'isAutogeneratable': False, u'name': u'{$v_vni-0-4_LAN1_Unit-0__vlanId}', u'value': 750}, {u'isAutogeneratable': False, u'name': u'{$v_Paired_Site__locationID}', u'value': 4236}, {u'isAutogeneratable': True, u'name': u'{$v_Chassis_Id__sitesChassisId}', u'value': u'CPE27CSDS02'}, {u'isAutogeneratable': True, u'isOverwritten': True, u'name': u'{$v_IPC00190-Control-VR_90_Router_ID__vrRouteId}', u'value': u'20.20.90.27'}, {u'isAutogeneratable': True, u'name': u'{$v_IPC00190_NV-WC01-N1-HKG_Local_auth_email_key__IKELKey}', u'value': u'CPE27-HKG-DDI-SEC'}, {u'isAutogeneratable': True, u'name': u'{$v_longitude__Idlongitude}', u'value': 103.819836}, {u'isAutogeneratable': False, u'name': u'{$v_INT-WAN2-Transport-VR_IPv4__vrHopAddress}', u'value': u'172.16.6.105'}, {u'isAutogeneratable': True, u'name': u'{$v_IPC00190_NV-WC02-N1-HKG_Local_auth_email_identifier__IKELIdentifier}', u'value': u'CPE27-HKG-DDI-SEC@colt.net'}, {u'isAutogeneratable': True, u'name': u'{$v_location__IdLocation}', u'value': u'singapore'}, {u'isAutogeneratable': True, u'isOverwritten': True, u'name': u'{$v_IPC00190-Control-VR_90_Local_address__vrRouterAddress}', u'value': u'20.20.90.27'}, {u'isAutogeneratable': True, u'isOverwritten': True, u'name': u'{$v_tvi-0-180_-_Unit_0_Static_address__tunnelStaticAddress}', u'value': u'10.10.90.27/32'}, {u'isAutogeneratable': False, u'name': u'{$v_vni-0-4_LAN1_Unit-0__unit}', u'value': 750}, {u'isAutogeneratable': True, u'name': u'{$v_Site_Id__siteSiteID}', u'value': 4237}, {u'isAutogeneratable': True, u'name': u'{$v_IPC00190_NV-WC01-N1-HKG_Local_auth_email_identifier__IKELIdentifier}', u'value': u'CPE27-HKG-DDI-SEC@colt.net'}, {u'isAutogeneratable': True, u'name': u'{$v_IPC00190_Site_Name__sitesSiteName}', u'value': u'CPE27-HKG-DDI-SEC'}, {u'isAutogeneratable': False, u'name': u'{$v_LAN1_IPv4__staticaddress}', u'value': u'192.170.1.3/24'}, {u'isAutogeneratable': True, u'name': u'{$v_latitude__IdLatitude}', u'value': 1.352083}, {u'isAutogeneratable': True, u'name': u'{$v_IPC00190_NV-WC02-N1-HKG_Local_auth_email_key__IKELKey}', u'value': u'CPE27-HKG-DDI-SEC'}, {u'isAutogeneratable': True, u'name': u'{$v_identification__IdName}', u'value': u'CPE27-HKG-DDI-SEC'}]}, u'template': u'IPC00190-HKG-PS-D-IOS-LIB-LS'}, u'variableMetadata': [{u'variable': u'{$v_LAN1_vrrp__vrrpVirtualAddress}', u'type': u'IPV4', u'group': u'Others', u'overlay': False}, {u'variable': u'{$v_INT-WAN2_IPv4__staticaddress}', u'type': u'IPV4_MASK', u'group': u'Interfaces', u'overlay': False}, {u'variable': u'{$v_tvi-0-181_-_Unit_0_Static_address__tunnelStaticAddress}', u'type': u'IPV4_IPV6_MASK', u'group': u'Interfaces', u'overlay': True}, {u'variable': u'{$v_vni-0-4_LAN1_Unit-0__vlanId}', u'type': u'INTEGER', u'group': u'Vlan Info', u'overlay': False}, {u'variable': u'{$v_Paired_Site__locationID}', u'group': u'SDWAN', u'overlay': False}, {u'variable': u'{$v_Chassis_Id__sitesChassisId}', u'group': u'SDWAN', u'overlay': False}, {u'variable': u'{$v_IPC00190-Control-VR_90_Router_ID__vrRouteId}', u'type': u'IPV4', u'group': u'Virtual routers', u'overlay': True}, {u'variable': u'{$v_IPC00190_NV-WC01-N1-HKG_Local_auth_email_key__IKELKey}', u'group': u'IPSEC', u'overlay': False}, {u'variable': u'{$v_longitude__Idlongitude}', u'group': u'SDWAN', u'overlay': False}, {u'variable': u'{$v_INT-WAN2-Transport-VR_IPv4__vrHopAddress}', u'type': u'IPV4', u'group': u'Virtual routers', u'overlay': False}, {u'variable': u'{$v_IPC00190_NV-WC02-N1-HKG_Local_auth_email_identifier__IKELIdentifier}', u'group': u'IPSEC', u'overlay': False}, {u'variable': u'{$v_location__IdLocation}', u'group': u'SDWAN', u'overlay': False}, {u'variable': u'{$v_IPC00190-Control-VR_90_Local_address__vrRouterAddress}', u'type': u'IPV4', u'group': u'Virtual routers', u'overlay': True}, {u'variable': u'{$v_tvi-0-180_-_Unit_0_Static_address__tunnelStaticAddress}', u'type': u'IPV4_IPV6_MASK', u'group': u'Interfaces', u'overlay': True}, {u'variable': u'{$v_vni-0-4_LAN1_Unit-0__unit}', u'type': u'INTEGER', u'group': u'Vlan Info', u'overlay': False}, {u'variable': u'{$v_Site_Id__siteSiteID}', u'group': u'SDWAN', u'overlay': False}, {u'variable': u'{$v_IPC00190_NV-WC01-N1-HKG_Local_auth_email_identifier__IKELIdentifier}', u'group': u'IPSEC', u'overlay': False}, {u'variable': u'{$v_IPC00190_Site_Name__sitesSiteName}', u'group': u'SDWAN', u'overlay': False}, {u'variable': u'{$v_LAN1_IPv4__staticaddress}', u'type': u'IPV4_MASK', u'group': u'Interfaces', u'overlay': False}, {u'variable': u'{$v_latitude__IdLatitude}', u'group': u'SDWAN', u'overlay': False}, {u'variable': u'{$v_IPC00190_NV-WC02-N1-HKG_Local_auth_email_key__IKELKey}', u'group': u'IPSEC', u'overlay': False}, {u'variable': u'{$v_identification__IdName}', u'group': u'SDWAN', u'overlay': False}]}, u'templateName': u'IPC00190-HKG-PS-D-IOS-LIB-LS'}, u'deviceName': u'CPE27-HKG-DDI-SEC', u'workflowStatus': u'Deployed', u'deviceGroup': u'IPC00190-HKG-PS-D-IOS-LIB-LS-DG', u'orgName': u'IPC00190', u'serialNumber': u'CPE27CSDS02', u'locationInfo': {u'latitude': 1.352083, u'country': u'singapore', u'longitude': 103.819836}, u'bandwidth': 0, u'lastUpdatedBy': u'Automated', u'siteId': 4237, u'instanceInfo': u'', u'stagingTemplateInfo': u'', u'lastModifiedTime': u'2019-09-05T11:40:54.051000+00:00', u'urlztpBasedInfo': {u'authType': u'psk', u'enableIpv4Dhcp': False, u'branchKey': u'iFJDhB4M4y6PGb5m', u'branchId': u'CPE27-HKG-DDI-SEC@IPC00190.com', u'enableIpv6': False, u'enableIpv4': False, u'enableIpv6Dhcp': False}}}
2019-09-05 18:25:25,503 - CPE27-HKG-DDI-SEC - INFO - configure private
Entering configuration mode private
[ok][2019-09-05 11:41:20]

[edit]
Automated@VDir-BLR-NEW-01% 
2019-09-05 18:25:27,706 - CPE27-HKG-DDI-SEC - INFO - True
2019-09-05 18:25:28,507 - CPE27-HKG-DDI-SEC - INFO - set devices device NV-WC01-N1-HKG config orgs org-services Colt ipsec vpn-profile INT-WAN-NV-WC01-N1-HKG-StagingIpsec psk-auth-clients remote-client IPC00190-CPE27-HKG-DDI-SEC@colt.net id-type email
[ok][2019-09-05 11:41:25]

[edit]
Automated@VDir-BLR-NEW-01% 
2019-09-05 18:25:29,311 - CPE27-HKG-DDI-SEC - INFO - set devices device NV-WC01-N1-HKG config orgs org-services Colt ipsec vpn-profile INT-WAN-NV-WC01-N1-HKG-StagingIpsec psk-auth-clients remote-client IPC00190-CPE27-HKG-DDI-SEC@colt.net key CPE27-HKG-DDI-SEC
[ok][2019-09-05 11:41:26]

[edit]
Automated@VDir-BLR-NEW-01% 
2019-09-05 18:25:30,114 - CPE27-HKG-DDI-SEC - INFO - commit and-quit
Commit complete.
[ok][2019-09-05 11:41:27]
Automated@VDir-BLR-NEW-01> 
2019-09-05 18:25:30,180 - CPE27-HKG-DDI-SEC - INFO - 
STEP : ONBOARD CALL

2019-09-05 18:25:30,191 - CPE27-HKG-DDI-SEC - INFO - 
sudo /opt/versa/scripts/staging.py -w 2 -c 10.83.130.49 -s 172.16.6.106/30 -g 172.16.6.105 -l IPC00190-CPE27-HKG-DDI-SEC@colt.net -lk CPE27-HKG-DDI-SEC  -r NV-WC01-N1-HKG@colt.net -rk 1234

2019-09-05 18:34:42,183 - CPE27-HKG-DDI-SEC - INFO - 
 	 >>>>>>>>>>>> CPE ONBOARDING PASSED <<<<<<<<<<<<
 	 >>>>>>>>>>>>    CPE DETAILS        <<<<<<<<<<<<
2019-09-05 18:34:42,799 - CPE27-HKG-DDI-SEC - INFO - None
2019-09-05 18:34:42,799 - CPE27-HKG-DDI-SEC - INFO - 
STEP : CONFIG VRRP TRACK ROUTE & QOS RULE MATCH WAN in Secondary CPE

