2019-09-13 15:04:21,700 - CPE27-HKG2-SINGLE-CPE-DUAL-INTERNET9 - INFO - LOG FILE PATH : C:\Softwares_mine\stefano\NV_REPOSITORY\csit/LOGS/2019_09_13_15_04_19_429000/MAIN.log
2019-09-13 15:04:21,700 - CPE27-HKG2-SINGLE-CPE-DUAL-INTERNET9 - INFO - CPE NAME:CPE27-HKG2-SINGLE-CPE-DUAL-INTERNET9
2019-09-13 15:04:22,701 - CPE27-HKG2-SINGLE-CPE-DUAL-INTERNET9 - INFO - SOLUTION SELECTED:SINGLE-CPE-DUAL-INTERNET
2019-09-13 15:04:24,161 - CPE27-HKG2-SINGLE-CPE-DUAL-INTERNET9 - DEBUG - {u'versanms.sdwan-org-workflow': {u'ikeAuthType': u'psk', u'globalId': 90, u'orgName': u'IPC00190', u'controllers': [u'NV-WC01-N1-HKG', u'NV-WC01-N6-SIN', u'NV-WC02-N1-HKG', u'NV-WC02-N6-SIN'], u'bandwidth': 10, u'parentOrg': u'Colt', u'vrfs': [{u'name': u'LAN1-VRF', u'enableVPN': True, u'id': 1020}, {u'name': u'LAN2-VRF', u'enableVPN': True, u'id': 1021}, {u'name': u'LAN3-VRF', u'enableVPN': True, u'id': 1022}, {u'name': u'LAN4-VRF', u'enableVPN': True, u'id': 1023}, {u'name': u'LAN5-VRF', u'enableVPN': True, u'id': 1024}, {u'name': u'LAN6-VRF', u'enableVPN': True, u'id': 1025}, {u'name': u'LAN7-VRF', u'enableVPN': True, u'id': 1026}, {u'name': u'LAN8-VRF', u'enableVPN': True, u'id': 1027}, {u'name': u'LAN9-VRF', u'enableVPN': True, u'id': 1028}, {u'name': u'LAN10-VRF', u'enableVPN': True, u'id': 1029}], u'solutionTier': u'base-sdwan', u'sharedControlPlane': False}}
2019-09-13 15:04:24,167 - CPE27-HKG2-SINGLE-CPE-DUAL-INTERNET9 - INFO - STEP : CHECK ORG is available in Controller NV-WC01-N1-HKG
2019-09-13 15:04:24,167 - CPE27-HKG2-SINGLE-CPE-DUAL-INTERNET9 - INFO - PASS
2019-09-13 15:04:24,441 - CPE27-HKG2-SINGLE-CPE-DUAL-INTERNET9 - DEBUG - {u'versanms.sdwan-org-workflow': {u'ikeAuthType': u'psk', u'globalId': 90, u'orgName': u'IPC00190', u'controllers': [u'NV-WC01-N1-HKG', u'NV-WC01-N6-SIN', u'NV-WC02-N1-HKG', u'NV-WC02-N6-SIN'], u'bandwidth': 10, u'parentOrg': u'Colt', u'vrfs': [{u'name': u'LAN1-VRF', u'enableVPN': True, u'id': 1020}, {u'name': u'LAN2-VRF', u'enableVPN': True, u'id': 1021}, {u'name': u'LAN3-VRF', u'enableVPN': True, u'id': 1022}, {u'name': u'LAN4-VRF', u'enableVPN': True, u'id': 1023}, {u'name': u'LAN5-VRF', u'enableVPN': True, u'id': 1024}, {u'name': u'LAN6-VRF', u'enableVPN': True, u'id': 1025}, {u'name': u'LAN7-VRF', u'enableVPN': True, u'id': 1026}, {u'name': u'LAN8-VRF', u'enableVPN': True, u'id': 1027}, {u'name': u'LAN9-VRF', u'enableVPN': True, u'id': 1028}, {u'name': u'LAN10-VRF', u'enableVPN': True, u'id': 1029}], u'solutionTier': u'base-sdwan', u'sharedControlPlane': False}}
2019-09-13 15:04:24,441 - CPE27-HKG2-SINGLE-CPE-DUAL-INTERNET9 - INFO - STEP : CHECK ORG is available in Controller NV-WC02-N6-SIN
2019-09-13 15:04:24,441 - CPE27-HKG2-SINGLE-CPE-DUAL-INTERNET9 - INFO - PASS
2019-09-13 15:04:24,720 - CPE27-HKG2-SINGLE-CPE-DUAL-INTERNET9 - DEBUG - {u'versanms.sdwan-org-workflow': {u'ikeAuthType': u'psk', u'globalId': 90, u'orgName': u'IPC00190', u'controllers': [u'NV-WC01-N1-HKG', u'NV-WC01-N6-SIN', u'NV-WC02-N1-HKG', u'NV-WC02-N6-SIN'], u'bandwidth': 10, u'parentOrg': u'Colt', u'vrfs': [{u'name': u'LAN1-VRF', u'enableVPN': True, u'id': 1020}, {u'name': u'LAN2-VRF', u'enableVPN': True, u'id': 1021}, {u'name': u'LAN3-VRF', u'enableVPN': True, u'id': 1022}, {u'name': u'LAN4-VRF', u'enableVPN': True, u'id': 1023}, {u'name': u'LAN5-VRF', u'enableVPN': True, u'id': 1024}, {u'name': u'LAN6-VRF', u'enableVPN': True, u'id': 1025}, {u'name': u'LAN7-VRF', u'enableVPN': True, u'id': 1026}, {u'name': u'LAN8-VRF', u'enableVPN': True, u'id': 1027}, {u'name': u'LAN9-VRF', u'enableVPN': True, u'id': 1028}, {u'name': u'LAN10-VRF', u'enableVPN': True, u'id': 1029}], u'solutionTier': u'base-sdwan', u'sharedControlPlane': False}}
2019-09-13 15:04:24,720 - CPE27-HKG2-SINGLE-CPE-DUAL-INTERNET9 - INFO - STEP : CHECK ORG is available in Controller NV-WC01-N6-SIN
2019-09-13 15:04:24,721 - CPE27-HKG2-SINGLE-CPE-DUAL-INTERNET9 - INFO - PASS
2019-09-13 15:04:24,721 - CPE27-HKG2-SINGLE-CPE-DUAL-INTERNET9 - INFO - STEP : PRE-ONBOARD WORK
2019-09-13 15:04:24,773 - CPE27-HKG2-SINGLE-CPE-DUAL-INTERNET9 - DEBUG - 
sudo /opt/versa/scripts/staging.py -w 2 -c 10.83.77.10 -s 172.16.6.106/30 -g 172.16.6.105 -l IPC00190-CPE27-HKG2-SINGLE-CPE-DUAL-INTERNET9@colt.net -lk CPE27-HKG2-SINGLE-CPE-DUAL-INTERNET9  -r NV-WC01-N6-SIN@colt.net -rk 1234

2019-09-13 15:04:24,775 - CPE27-HKG2-SINGLE-CPE-DUAL-INTERNET9 - DEBUG - {
	"versanms.sdwan-device-workflow": {
		"deviceName": "CPE27-HKG2-SINGLE-CPE-DUAL-INTERNET9",
		"siteId": "4253",
		"orgName": "IPC00190",
		"serialNumber": "CPE27nSAB9",
		"deviceGroup": "IPC00190-SIN-PS-DIS-LIB-DG",
		"locationInfo": {
			"state": "karnataka",
			"country": "india",
			"longitude": "77.594563",
			"latitude": "12.971599",
			"city": "bangalore"
		},
		"postStagingTemplateInfo": {
			"templateName": "IPC00190-SIN-PS-DIS-LIB",
			"templateData": {
				"device-template-variable": {
					"template": "IPC00190-SIN-PS-DIS-LIB",
					"variable-binding": {
						"attrs": [{
							"name": "{$v_INT-WAN2_IPv4__staticaddress}",
							"value": "172.16.6.106/30",
							"isAutogeneratable": false
						},
						
						    
						    
						    
						{ "name": "{$v_vni-0-4_LAN1_Unit-0__unit}", "value": "750", "isAutogeneratable": false},
						{ "name": "{$v_vni-0-4_LAN1_Unit-0__vlanId}", "value": "750", "isAutogeneratable": false },
						
						    
						    
						    
						{ "name": "{$v_vni-0-4_LAN2_Unit-1__unit}", "value": "751", "isAutogeneratable": false},
						{ "name": "{$v_vni-0-4_LAN2_Unit-1__vlanId}", "value": "751", "isAutogeneratable": false },
						
						{
							"name": "{$v_IPC00190-Control-VR_90_Router_ID__vrRouteId}",
							"value": "20.20.90.27",
							"isAutogeneratable": true,
							"isOverwritten": false
						}, {
							"name": "{$v_IPC00190_NV-WC01-N6-SIN_Local_auth_email_key__IKELKey}",
							"value": "CPE27-HKG2-SINGLE-CPE-DUAL-INTERNET9",
							"isAutogeneratable": true
						}, {
							"name": "{$v_IPC00190_NV-WC02-N6-SIN_Local_auth_email_key__IKELKey}",
							"value": "CPE27-HKG2-SINGLE-CPE-DUAL-INTERNET9",
							"isAutogeneratable": true
						},
						
						
						
						{ "name": "{$v_LAN1_IPv4__staticaddress}", "value": "192.170.1.1/24", "isAutogeneratable": false},
						
						
						
						{ "name": "{$v_LAN2_IPv4__staticaddress}", "value": "192.170.2.1/24", "isAutogeneratable": false},
						
						{
							"name": "{$v_IPC00190_NV-WC02-N6-SIN_Local_auth_email_identifier__IKELIdentifier}",
							"value": "CPE27-HKG2-SINGLE-CPE-DUAL-INTERNET9@colt.net",
							"isAutogeneratable": true
						}, {
							"name": "{$v_Site_Id__siteSiteID}",
							"value": "4253",
							"isAutogeneratable": true
						}, {
							"name": "{$v_IPC00190_NV-WC01-N6-SIN_Local_auth_email_identifier__IKELIdentifier}",
							"value": "CPE27-HKG2-SINGLE-CPE-DUAL-INTERNET9@colt.net",
							"isAutogeneratable": true
						}, {
							"name": "{$v_IPC00190_Site_Name__sitesSiteName}",
							"value": "CPE27-HKG2-SINGLE-CPE-DUAL-INTERNET9",
							"isAutogeneratable": true
						}, {
							"name": "{$v_latitude__IdLatitude}",
							"value": "12.971599",
							"isAutogeneratable": true
						}, {
							"name": "{$v_identification__IdName}",
							"value": "CPE27-HKG2-SINGLE-CPE-DUAL-INTERNET9",
							"isAutogeneratable": true
						}, {
							"name": "{$v_INT-WAN2-Transport-VR_IPv4__vrHopAddress}",
							"value": "172.16.6.105",
							"isAutogeneratable": false
						},	{
						    "name": "{$v_tvi-0-180_-_Unit_0_Static_address__tunnelStaticAddress}",
							"value": "10.10.90.27/32",
							"isAutogeneratable": true,
							"isOverwritten": false
						}, {
							"name": "{$v_Chassis_Id__sitesChassisId}",
							"value": "CPE27nSAB9",
							"isAutogeneratable": true
						}, {
							"name": "{$v_longitude__Idlongitude}",
							"value": "77.594563",
							"isAutogeneratable": true
						}, {
							"name": "{$v_location__IdLocation}",
							"value": "bangalore,karnataka, india",
							"isAutogeneratable": true
						}, {
							"name": "{$v_IPC00190-Control-VR_90_Local_address__vrRouterAddress}",
							"value": "20.20.90.27",
							"isAutogeneratable": true,
							"isOverwritten": false
						}, {
							"name": "{$v_INT-WAN1-Transport-VR_IPv4__vrHopAddress}",
							"value": "172.16.7.105",
							"isAutogeneratable": false
						}, {
							"name": "{$v_INT-WAN1_IPv4__staticaddress}",
							"value": "172.16.7.106/30",
							"isAutogeneratable": false
						}, {
							"name": "{$v_tvi-0-181_-_Unit_0_Static_address__tunnelStaticAddress}",
							"value": "20.20.90.27/32",
							"isAutogeneratable": true,
							"isOverwritten": false
						}]
					}
				},
				"variableMetadata": [{
					"variable": "{$v_INT-WAN2_IPv4__staticaddress}",
					"group": "Interfaces",
					"overlay": false,
					"type": "IPV4_MASK"
				},
                
                
                
				{"variable": "{$v_vni-0-4_LAN1_Unit-0__vlanId}", "group": "Vlan Info", "overlay": false, "type": "INTEGER"},
                
                
                
				{"variable": "{$v_vni-0-4_LAN2_Unit-1__vlanId}", "group": "Vlan Info", "overlay": false, "type": "INTEGER"},
                
				{
					"variable": "{$v_IPC00190-Control-VR_90_Router_ID__vrRouteId}",
					"group": "Virtual Routers",
					"overlay": true,
					"type": "IPV4"
				}, {
					"variable": "{$v_IPC00190_NV-WC01-N6-SIN_Local_auth_email_key__IKELKey}",
					"group": "IPSEC",
					"overlay": false
				}, {
					"variable": "{$v_IPC00190_NV-WC02-N6-SIN_Local_auth_email_key__IKELKey}",
					"group": "IPSEC",
					"overlay": false
				},
			{
					"variable": "{$v_LAN1_IPv4__staticaddress}", "group": "Interfaces", "overlay": false, "type": "IPV4_MASK"
				},
            {
					"variable": "{$v_LAN2_IPv4__staticaddress}", "group": "Interfaces", "overlay": false, "type": "IPV4_MASK"
				},
            
				 {
					"variable": "{$v_IPC00190_NV-WC02-N6-SIN_Local_auth_email_identifier__IKELIdentifier}",
					"group": "IPSEC",
					"overlay": false
				}, {
					"variable": "{$v_Site_Id__siteSiteID}",
					"group": "SDWAN",
					"overlay": false
				}, {
					"variable": "{$v_IPC00190_NV-WC01-N6-SIN_Local_auth_email_identifier__IKELIdentifier}",
					"group": "IPSEC",
					"overlay": false
				}, {
					"variable": "{$v_IPC00190_Site_Name__sitesSiteName}",
					"group": "SDWAN",
					"overlay": false
				}, {
					"variable": "{$v_latitude__IdLatitude}",
					"group": "SDWAN",
					"overlay": false
				}, {
					"variable": "{$v_identification__IdName}",
					"group": "SDWAN",
					"overlay": false
				}, {
					"variable": "{$v_INT-WAN2-Transport-VR_IPv4__vrHopAddress}",
					"group": "Virtual Routers",
					"overlay": false,
					"type": "IPV4_IPV6"
				}, {
					"variable": "{$v_tvi-0-180_-_Unit_0_Static_address__tunnelStaticAddress}",
					"group": "Interfaces",
					"overlay": true,
					"type": "IPV4_IPV6_MASK"
				}, {
					"variable": "{$v_Chassis_Id__sitesChassisId}",
					"group": "SDWAN",
					"overlay": false
				}, {
					"variable": "{$v_longitude__Idlongitude}",
					"group": "SDWAN",
					"overlay": false
				}, {
					"variable": "{$v_location__IdLocation}",
					"group": "SDWAN",
					"overlay": false
				}, {
					"variable": "{$v_IPC00190-Control-VR_90_Local_address__vrRouterAddress}",
					"group": "Virtual Routers",
					"overlay": true,
					"type": "IPV4"
				}, {
					"variable": "{$v_INT-WAN1-Transport-VR_IPv4__vrHopAddress}",
					"group": "Virtual Routers",
					"overlay": false,
					"type": "IPV4_IPV6"
				}, {
					"variable": "{$v_tvi-0-181_-_Unit_0_Static_address__tunnelStaticAddress}",
					"group": "Interfaces",
					"overlay": true,
					"type": "IPV4_IPV6_MASK"
				}]
			}
		}
	}
}
2019-09-13 15:04:25,862 - CPE27-HKG2-SINGLE-CPE-DUAL-INTERNET9 - INFO - <Response [200]>
2019-09-13 15:04:25,864 - CPE27-HKG2-SINGLE-CPE-DUAL-INTERNET9 - DEBUG - 
PASS
2019-09-13 15:04:25,864 - CPE27-HKG2-SINGLE-CPE-DUAL-INTERNET9 - INFO -  >>>>>>>>>> DEVICE TEMPLATE CREATION PASSED. <<<<<<<<<<<
2019-09-13 15:04:36,029 - CPE27-HKG2-SINGLE-CPE-DUAL-INTERNET9 - DEBUG - {"TaskResponse":{"task-id":21597,"link":{"@rel":"GET","@href":"vnms/tasks/task/21597"}}}
2019-09-13 15:04:41,029 - CPE27-HKG2-SINGLE-CPE-DUAL-INTERNET9 - DEBUG - 21597
2019-09-13 15:04:41,164 - CPE27-HKG2-SINGLE-CPE-DUAL-INTERNET9 - DEBUG - {u'versa-tasks.task': {u'versa-tasks.user': u'Automated', u'versa-tasks.percentage-completion': 100, u'versa-tasks.progressmessages': {u'versa-tasks.progressmessage': [{u'versa-tasks.time': u'2019-09-13 09:34:36.578', u'versa-tasks.message': u'Creating device in hardware inventory [CPE27-HKG2-SINGLE-CPE-DUAL-INTERNET9]'}, {u'versa-tasks.time': u'2019-09-13 09:34:36.595', u'versa-tasks.message': u'Add device [CPE27-HKG2-SINGLE-CPE-DUAL-INTERNET9] to device group [IPC00190-SIN-PS-DIS-LIB-DG]'}, {u'versa-tasks.time': u'2019-09-13 09:34:36.6', u'versa-tasks.message': u'Adding device [CPE27-HKG2-SINGLE-CPE-DUAL-INTERNET9] to template [ IPC00190-SIN-PS-DIS-LIB ]'}, {u'versa-tasks.time': u'2019-09-13 09:34:36.627', u'versa-tasks.message': u'Binding device variables to template [ IPC00190-SIN-PS-DIS-LIB ]'}, {u'versa-tasks.time': u'2019-09-13 09:34:36.785', u'versa-tasks.message': u'Adding post-staging configuration to controllers [NV-WC02-N6-SIN, NV-WC01-N6-SIN]'}, {u'versa-tasks.time': u'2019-09-13 09:34:37.442', u'versa-tasks.message': u'Successfully deployed device.'}]}, u'versa-tasks.object-name': u'Device Workflow', u'versa-tasks.task-status': u'COMPLETED', u'versa-tasks.task-description': u'Device workflow deployment: { CPE27-HKG2-SINGLE-CPE-DUAL-INTERNET9 }', u'versa-tasks.task-name': u'Deploy', u'versa-tasks.domain-name': u'PROVIDER', u'versa-tasks.id': 21597, u'versa-tasks.start-time': u'2019-09-13 09:34:35.619', u'versa-tasks.end-time': u'2019-09-13 09:34:37.442', u'versa-tasks.errormessages': u''}}
2019-09-13 15:04:41,164 - CPE27-HKG2-SINGLE-CPE-DUAL-INTERNET9 - DEBUG - 100
2019-09-13 15:04:41,164 - CPE27-HKG2-SINGLE-CPE-DUAL-INTERNET9 - INFO - Sleeping for 5 seconds
2019-09-13 15:04:46,311 - CPE27-HKG2-SINGLE-CPE-DUAL-INTERNET9 - DEBUG - {"versa-tasks.task":{"versa-tasks.id":21597,"versa-tasks.task-name":"Deploy","versa-tasks.object-name":"Device Workflow","versa-tasks.domain-name":"PROVIDER","versa-tasks.user":"Automated","versa-tasks.task-description":"Device workflow deployment: { CPE27-HKG2-SINGLE-CPE-DUAL-INTERNET9 }","versa-tasks.task-status":"COMPLETED","versa-tasks.percentage-completion":100,"versa-tasks.progressmessages":{"versa-tasks.progressmessage":[{"versa-tasks.message":"Creating device in hardware inventory [CPE27-HKG2-SINGLE-CPE-DUAL-INTERNET9]","versa-tasks.time":"2019-09-13 09:34:36.578"},{"versa-tasks.message":"Add device [CPE27-HKG2-SINGLE-CPE-DUAL-INTERNET9] to device group [IPC00190-SIN-PS-DIS-LIB-DG]","versa-tasks.time":"2019-09-13 09:34:36.595"},{"versa-tasks.message":"Adding device [CPE27-HKG2-SINGLE-CPE-DUAL-INTERNET9] to template [ IPC00190-SIN-PS-DIS-LIB ]","versa-tasks.time":"2019-09-13 09:34:36.6"},{"versa-tasks.message":"Binding device variables to template [ IPC00190-SIN-PS-DIS-LIB ]","versa-tasks.time":"2019-09-13 09:34:36.627"},{"versa-tasks.message":"Adding post-staging configuration to controllers [NV-WC02-N6-SIN, NV-WC01-N6-SIN]","versa-tasks.time":"2019-09-13 09:34:36.785"},{"versa-tasks.message":"Successfully deployed device.","versa-tasks.time":"2019-09-13 09:34:37.442"}]},"versa-tasks.errormessages":"","versa-tasks.start-time":"2019-09-13 09:34:35.619","versa-tasks.end-time":"2019-09-13 09:34:37.442"}}
2019-09-13 15:04:46,311 - CPE27-HKG2-SINGLE-CPE-DUAL-INTERNET9 - INFO - >>>>>>>>>> Device deployed  <<<<<<<<<<<
2019-09-13 15:04:47,282 - CPE27-HKG2-SINGLE-CPE-DUAL-INTERNET9 - DEBUG - {u'versanms.sdwan-device-workflow': {u'postStagingTemplateInfo': {u'templateData': {u'device-template-variable': {u'variable-binding': {u'attrs': [{u'isAutogeneratable': False, u'name': u'{$v_INT-WAN2_IPv4__staticaddress}', u'value': u'172.16.6.106/30'}, {u'isAutogeneratable': True, u'isOverwritten': True, u'name': u'{$v_tvi-0-181_-_Unit_0_Static_address__tunnelStaticAddress}', u'value': u'20.20.90.27/32'}, {u'isAutogeneratable': False, u'name': u'{$v_vni-0-4_LAN1_Unit-0__vlanId}', u'value': 750}, {u'isAutogeneratable': True, u'name': u'{$v_Chassis_Id__sitesChassisId}', u'value': u'CPE27nSAB9'}, {u'isAutogeneratable': True, u'isOverwritten': True, u'name': u'{$v_IPC00190-Control-VR_90_Router_ID__vrRouteId}', u'value': u'20.20.90.27'}, {u'isAutogeneratable': True, u'name': u'{$v_IPC00190_NV-WC01-N6-SIN_Local_auth_email_identifier__IKELIdentifier}', u'value': u'CPE27-HKG2-SINGLE-CPE-DUAL-INTERNET9@colt.net'}, {u'isAutogeneratable': True, u'name': u'{$v_longitude__Idlongitude}', u'value': 77.594563}, {u'isAutogeneratable': False, u'name': u'{$v_INT-WAN2-Transport-VR_IPv4__vrHopAddress}', u'value': u'172.16.6.105'}, {u'isAutogeneratable': True, u'name': u'{$v_IPC00190_NV-WC01-N6-SIN_Local_auth_email_key__IKELKey}', u'value': u'CPE27-HKG2-SINGLE-CPE-DUAL-INTERNET9'}, {u'isAutogeneratable': False, u'name': u'{$v_INT-WAN1-Transport-VR_IPv4__vrHopAddress}', u'value': u'172.16.7.105'}, {u'isAutogeneratable': False, u'name': u'{$v_INT-WAN1_IPv4__staticaddress}', u'value': u'172.16.7.106/30'}, {u'isAutogeneratable': False, u'name': u'{$v_LAN2_IPv4__staticaddress}', u'value': u'192.170.2.1/24'}, {u'isAutogeneratable': True, u'name': u'{$v_IPC00190_NV-WC02-N6-SIN_Local_auth_email_key__IKELKey}', u'value': u'CPE27-HKG2-SINGLE-CPE-DUAL-INTERNET9'}, {u'isAutogeneratable': True, u'name': u'{$v_location__IdLocation}', u'value': u'bangalore,karnataka, india'}, {u'isAutogeneratable': False, u'name': u'{$v_vni-0-4_LAN2_Unit-1__unit}', u'value': 751}, {u'isAutogeneratable': True, u'name': u'{$v_IPC00190_NV-WC02-N6-SIN_Local_auth_email_identifier__IKELIdentifier}', u'value': u'CPE27-HKG2-SINGLE-CPE-DUAL-INTERNET9@colt.net'}, {u'isAutogeneratable': True, u'isOverwritten': True, u'name': u'{$v_IPC00190-Control-VR_90_Local_address__vrRouterAddress}', u'value': u'20.20.90.27'}, {u'isAutogeneratable': True, u'isOverwritten': True, u'name': u'{$v_tvi-0-180_-_Unit_0_Static_address__tunnelStaticAddress}', u'value': u'10.10.90.27/32'}, {u'isAutogeneratable': False, u'name': u'{$v_vni-0-4_LAN2_Unit-1__vlanId}', u'value': 751}, {u'isAutogeneratable': False, u'name': u'{$v_vni-0-4_LAN1_Unit-0__unit}', u'value': 750}, {u'isAutogeneratable': True, u'name': u'{$v_Site_Id__siteSiteID}', u'value': 4253}, {u'isAutogeneratable': True, u'name': u'{$v_IPC00190_Site_Name__sitesSiteName}', u'value': u'CPE27-HKG2-SINGLE-CPE-DUAL-INTERNET9'}, {u'isAutogeneratable': False, u'name': u'{$v_LAN1_IPv4__staticaddress}', u'value': u'192.170.1.1/24'}, {u'isAutogeneratable': True, u'name': u'{$v_latitude__IdLatitude}', u'value': 12.971599}, {u'isAutogeneratable': True, u'name': u'{$v_identification__IdName}', u'value': u'CPE27-HKG2-SINGLE-CPE-DUAL-INTERNET9'}]}, u'template': u'IPC00190-SIN-PS-DIS-LIB'}, u'variableMetadata': [{u'variable': u'{$v_INT-WAN2_IPv4__staticaddress}', u'type': u'IPV4_MASK', u'group': u'Interfaces', u'overlay': False}, {u'variable': u'{$v_tvi-0-181_-_Unit_0_Static_address__tunnelStaticAddress}', u'type': u'IPV4_IPV6_MASK', u'group': u'Interfaces', u'overlay': True}, {u'variable': u'{$v_vni-0-4_LAN1_Unit-0__vlanId}', u'type': u'INTEGER', u'group': u'Vlan Info', u'overlay': False}, {u'variable': u'{$v_Chassis_Id__sitesChassisId}', u'group': u'SDWAN', u'overlay': False}, {u'variable': u'{$v_IPC00190-Control-VR_90_Router_ID__vrRouteId}', u'type': u'IPV4', u'group': u'Virtual routers', u'overlay': True}, {u'variable': u'{$v_IPC00190_NV-WC01-N6-SIN_Local_auth_email_identifier__IKELIdentifier}', u'group': u'IPSEC', u'overlay': False}, {u'variable': u'{$v_longitude__Idlongitude}', u'group': u'SDWAN', u'overlay': False}, {u'variable': u'{$v_INT-WAN2-Transport-VR_IPv4__vrHopAddress}', u'type': u'IPV4', u'group': u'Virtual routers', u'overlay': False}, {u'variable': u'{$v_IPC00190_NV-WC01-N6-SIN_Local_auth_email_key__IKELKey}', u'group': u'IPSEC', u'overlay': False}, {u'variable': u'{$v_INT-WAN1-Transport-VR_IPv4__vrHopAddress}', u'type': u'IPV4', u'group': u'Virtual routers', u'overlay': False}, {u'variable': u'{$v_INT-WAN1_IPv4__staticaddress}', u'type': u'IPV4_MASK', u'group': u'Interfaces', u'overlay': False}, {u'variable': u'{$v_LAN2_IPv4__staticaddress}', u'type': u'IPV4_MASK', u'group': u'Interfaces', u'overlay': False}, {u'variable': u'{$v_IPC00190_NV-WC02-N6-SIN_Local_auth_email_key__IKELKey}', u'group': u'IPSEC', u'overlay': False}, {u'variable': u'{$v_location__IdLocation}', u'group': u'SDWAN', u'overlay': False}, {u'variable': u'{$v_vni-0-4_LAN2_Unit-1__unit}', u'type': u'INTEGER', u'group': u'Vlan Info', u'overlay': False}, {u'variable': u'{$v_IPC00190_NV-WC02-N6-SIN_Local_auth_email_identifier__IKELIdentifier}', u'group': u'IPSEC', u'overlay': False}, {u'variable': u'{$v_IPC00190-Control-VR_90_Local_address__vrRouterAddress}', u'type': u'IPV4', u'group': u'Virtual routers', u'overlay': True}, {u'variable': u'{$v_tvi-0-180_-_Unit_0_Static_address__tunnelStaticAddress}', u'type': u'IPV4_IPV6_MASK', u'group': u'Interfaces', u'overlay': True}, {u'variable': u'{$v_vni-0-4_LAN2_Unit-1__vlanId}', u'type': u'INTEGER', u'group': u'Vlan Info', u'overlay': False}, {u'variable': u'{$v_vni-0-4_LAN1_Unit-0__unit}', u'type': u'INTEGER', u'group': u'Vlan Info', u'overlay': False}, {u'variable': u'{$v_Site_Id__siteSiteID}', u'group': u'SDWAN', u'overlay': False}, {u'variable': u'{$v_IPC00190_Site_Name__sitesSiteName}', u'group': u'SDWAN', u'overlay': False}, {u'variable': u'{$v_LAN1_IPv4__staticaddress}', u'type': u'IPV4_MASK', u'group': u'Interfaces', u'overlay': False}, {u'variable': u'{$v_latitude__IdLatitude}', u'group': u'SDWAN', u'overlay': False}, {u'variable': u'{$v_identification__IdName}', u'group': u'SDWAN', u'overlay': False}]}, u'templateName': u'IPC00190-SIN-PS-DIS-LIB'}, u'deviceName': u'CPE27-HKG2-SINGLE-CPE-DUAL-INTERNET9', u'workflowStatus': u'Deployed', u'deviceGroup': u'IPC00190-SIN-PS-DIS-LIB-DG', u'orgName': u'IPC00190', u'serialNumber': u'CPE27nSAB9', u'locationInfo': {u'latitude': 12.971599, u'country': u'india', u'state': u'karnataka', u'longitude': 77.594563, u'city': u'bangalore'}, u'bandwidth': 0, u'lastUpdatedBy': u'Automated', u'siteId': 4253, u'instanceInfo': u'', u'stagingTemplateInfo': u'', u'lastModifiedTime': u'2019-09-13T09:34:37.299000+00:00', u'urlztpBasedInfo': {u'authType': u'psk', u'enableIpv4Dhcp': False, u'branchKey': u'c2UiIiHb5omLZfnv', u'branchId': u'CPE27-HKG2-SINGLE-CPE-DUAL-INTERNET9@IPC00190.com', u'enableIpv6': False, u'enableIpv4': False, u'enableIpv6Dhcp': False}}}
2019-09-13 15:04:57,112 - CPE27-HKG2-SINGLE-CPE-DUAL-INTERNET9 - DEBUG - <netmiko.versa.versa.VersaSSH object at 0x000000000DBDE080>
2019-09-13 15:05:02,313 - CPE27-HKG2-SINGLE-CPE-DUAL-INTERNET9 - DEBUG - versa: Automated@VDir-BLR-NEW-01>
2019-09-13 15:05:06,848 - CPE27-HKG2-SINGLE-CPE-DUAL-INTERNET9 - DEBUG - configure private
Entering configuration mode private
[ok][2019-09-13 09:35:04]

[edit]
Automated@VDir-BLR-NEW-01% 
2019-09-13 15:05:09,049 - CPE27-HKG2-SINGLE-CPE-DUAL-INTERNET9 - DEBUG - True
2019-09-13 15:05:10,049 - CPE27-HKG2-SINGLE-CPE-DUAL-INTERNET9 - DEBUG - set devices device NV-WC01-N6-SIN config orgs org-services Colt ipsec vpn-profile INT-WAN-NV-WC01-N6-SIN-StagingIpsec psk-auth-clients remote-client IPC00190-CPE27-HKG2-SINGLE-CPE-DUAL-INTERNET9@colt.net id-type email
[ok][2019-09-13 09:35:09]

[edit]
Automated@VDir-BLR-NEW-01% 
2019-09-13 15:05:10,851 - CPE27-HKG2-SINGLE-CPE-DUAL-INTERNET9 - DEBUG - set devices device NV-WC01-N6-SIN config orgs org-services Colt ipsec vpn-profile INT-WAN-NV-WC01-N6-SIN-StagingIpsec psk-auth-clients remote-client IPC00190-CPE27-HKG2-SINGLE-CPE-DUAL-INTERNET9@colt.net key CPE27-HKG2-SINGLE-CPE-DUAL-INTERNET9
[ok][2019-09-13 09:35:10]

[edit]
Automated@VDir-BLR-NEW-01% 
2019-09-13 15:05:11,654 - CPE27-HKG2-SINGLE-CPE-DUAL-INTERNET9 - DEBUG - commit and-quit
Commit complete.
[ok][2019-09-13 09:35:11]
Automated@VDir-BLR-NEW-01> 
2019-09-13 15:05:11,654 - CPE27-HKG2-SINGLE-CPE-DUAL-INTERNET9 - INFO - >>>>>>>>>> Staging profile config done  <<<<<<<<<<<
2019-09-13 15:05:11,661 - CPE27-HKG2-SINGLE-CPE-DUAL-INTERNET9 - INFO - STEP : ONBOARD CALL
2019-09-13 15:05:11,664 - CPE27-HKG2-SINGLE-CPE-DUAL-INTERNET9 - DEBUG - 
sudo /opt/versa/scripts/staging.py -w 2 -c 10.83.77.10 -s 172.16.6.106/30 -g 172.16.6.105 -l IPC00190-CPE27-HKG2-SINGLE-CPE-DUAL-INTERNET9@colt.net -lk CPE27-HKG2-SINGLE-CPE-DUAL-INTERNET9  -r NV-WC01-N6-SIN@colt.net -rk 1234

2019-09-13 15:05:17,575 - CPE27-HKG2-SINGLE-CPE-DUAL-INTERNET9 - DEBUG - vsh allow-cli
Enter password: 
2019-09-13 15:05:17,976 - CPE27-HKG2-SINGLE-CPE-DUAL-INTERNET9 - DEBUG - 

CLI now allowed
[admin@CPE27-HKG2-SINGLE-CPE-DUAL-INTERNET8: ~] # 
2019-09-13 15:05:18,377 - CPE27-HKG2-SINGLE-CPE-DUAL-INTERNET9 - DEBUG - cli
Access to this network/system is limited to users authorised by Colt for its legitimate business purposes. Unauthorised access, use, installation of files or modification of any data is prohibited. Use of this system/network will be audited

             .---.,
            (      ``.
       _     \        )    __      ________ _____   _____
      (  `.   \      /     \ \    / /  ____|  __ \ / ____|  /\
       \    `. )    /       \ \  / /| |__  | |__) | (___   /  \
        \     |    /         \ \/ / |  __| |  _  / \___ \ / /\ \
         \    |   /           \  /  | |____| | \ \ ____) / ____ \
          \   |  /             \/   |______|_|  \_\_____/_/    \_\
           \  | /
            \_|/                   _  _ ___ _______      _____  ___ _  _____
                                  | \| | __|_   _\ \    / / _ \| _ \ |/ / __|
                                  | .` | _|  | |  \ \/\/ / (_) |   / ' <\__ \
                                  |_|\_|___| |_|   \_/\_/ \___/|_|_\_|\_\___/



admin connected from 10.91.192.144 using ssh on CPE27-HKG2-SINGLE-CPE-DUAL-INTERNET8
[?7hadmin@CPE27-HKG2-SINGLE-CPE-DUAL-INTERNET8-cli> 
2019-09-13 15:05:18,776 - CPE27-HKG2-SINGLE-CPE-DUAL-INTERNET9 - DEBUG - request erase running-config
Will delete the running config and restart Versa
Services. Are you sure? [no,yes] 
2019-09-13 15:05:28,397 - CPE27-HKG2-SINGLE-CPE-DUAL-INTERNET9 - DEBUG - yes
status  Erasing config and restarting services 
[ok][2019-09-13 09:35:18]
admin@CPE27-HKG2-SINGLE-CPE-DUAL-INTERNET8-cli> 
System message at 2019-09-13 09:35:21...
    Subsystem stopped: eventd
admin@CPE27-HKG2-SINGLE-CPE-DUAL-INTERNET8-cli> 
System message at 2019-09-13 09:35:21...
    Subsystem stopped: acctmgrd
admin@CPE27-HKG2-SINGLE-CPE-DUAL-INTERNET8-cli> 
System message at 2019-09-13 09:35:21...
    Subsystem stopped: snmp-config-transform

System message at 2019-09-13 09:35:21...
    Subsystem stopped: snmp-config-hook
admin@CPE27-HKG2-SINGLE-CPE-DUAL-INTERNET8-cli> admin@CPE27-HKG2-SINGLE-CPE-DUAL-INTERNET8-cli> 
System message at 2019-09-13 09:35:21...
    Subsystem stopped: router-dcl
admin@CPE27-HKG2-SINGLE-CPE-DUAL-INTERNET8-cli> 
System message at 2019-09-13 09:35:21...
    Subsystem stopped: versa-vmod
admin@CPE27-HKG2-SINGLE-CPE-DUAL-INTERNET8-cli> 
System message at 2019-09-13 09:35:21...
    Subsystem stopped: rtd-mgmt-thread
admin@CPE27-HKG2-SINGLE-CPE-DUAL-INTERNET8-cli> 
System message at 2019-09-13 09:35:21...
    Subsystem stopped: infmgr
admin@CPE27-HKG2-SINGLE-CPE-DUAL-INTERNET8-cli> [admin@CPE27-HKG2-SINGLE-CPE-DUAL-INTERNET8: ~] # 
2019-09-13 15:05:28,999 - CPE27-HKG2-SINGLE-CPE-DUAL-INTERNET9 - DEBUG - process not up. Please wait for it to come up
2019-09-13 15:05:29,601 - CPE27-HKG2-SINGLE-CPE-DUAL-INTERNET9 - DEBUG - vsh status

~~~~~~~~~~~~~~~~~~~~~~~~~~~~~~~~~~~~~~~~~~~~~~~~~~~~~~~~~~~~~~~~~

The product evaluation period has expired.
 Please contact Versa Support (support@versa-networks.com) 

~~~~~~~~~~~~~~~~~~~~~~~~~~~~~~~~~~~~~~~~~~~~~~~~~~~~~~~~~~~~~~~~~

versa-service          is Stopped           
versa-infmgr           is Stopped           
versa-rfd              is Stopped           
versa-vmod             is Stopped           
versa-ip2user          is Stopped           
versa-imgr             is Stopped           
versa-acctmgrd         is Stopped           
versa-fltrmgr          is Stopped           
versa-vstated          is Stopped           
versa-spack            is Stopped           
versa-addrmgrd         is Stopped           
versa-rt-cli-xfm       is Stopped           
versa-rtd              is Stopped           
versa-dhcpd            is Stopped           
versa-eventd           is Stopped           
versa-vrrpd            is Stopped           
versa-dnsd             is Stopped           
versa-ppmd             is Stopped           
versa-snmp-xform       is Stopped           
versa-certd            is Stopped           
versa-ntpd             is Stopped           
versa-dhclient6        is Stopped           
versa-redis            is Stopped           
versa-av-redis         is Stopped           
versa-spackmgr         is Stopped           
versa-devmgr           is Stopped           
versa-monit            is Stopped           
versa-confd            is Running,          [-] process 1566
versa-fail2ban         is Stopped           
versa-auditd           is Stopped           
versa-nodejs           is Stopped           
[admin@CPE27-HKG2-SINGLE-CPE-DUAL-INTERNET8: ~] # 
2019-09-13 15:05:39,601 - CPE27-HKG2-SINGLE-CPE-DUAL-INTERNET9 - DEBUG - process not up. Please wait for it to come up
2019-09-13 15:05:40,203 - CPE27-HKG2-SINGLE-CPE-DUAL-INTERNET9 - DEBUG - vsh status

~~~~~~~~~~~~~~~~~~~~~~~~~~~~~~~~~~~~~~~~~~~~~~~~~~~~~~~~~~~~~~~~~

The product evaluation period has expired.
 Please contact Versa Support (support@versa-networks.com) 

~~~~~~~~~~~~~~~~~~~~~~~~~~~~~~~~~~~~~~~~~~~~~~~~~~~~~~~~~~~~~~~~~

versa-service          is Stopped           
versa-infmgr           is Stopped           
versa-rfd              is Stopped           
versa-vmod             is Stopped           
versa-ip2user          is Stopped           
versa-imgr             is Stopped           
versa-acctmgrd         is Stopped           
versa-fltrmgr          is Stopped           
versa-vstated          is Stopped           
versa-spack            is Stopped           
versa-addrmgrd         is Stopped           
versa-rt-cli-xfm       is Stopped           
versa-rtd              is Stopped           
versa-dhcpd            is Stopped           
versa-eventd           is Stopped           
versa-vrrpd            is Stopped           
versa-dnsd             is Stopped           
versa-ppmd             is Stopped           
versa-snmp-xform       is Stopped           
versa-certd            is Stopped           
versa-ntpd             is Stopped           
versa-dhclient6        is Stopped           
versa-redis            is Stopped           
versa-av-redis         is Stopped           
versa-spackmgr         is Stopped           
versa-devmgr           is Stopped           
versa-monit            is Stopped           
versa-confd            is Stopped           
versa-fail2ban         is Stopped           
versa-auditd           is Stopped           
versa-nodejs           is Stopped           
[admin@CPE27-HKG2-SINGLE-CPE-DUAL-INTERNET8: ~] # 
2019-09-13 15:05:50,203 - CPE27-HKG2-SINGLE-CPE-DUAL-INTERNET9 - DEBUG - process not up. Please wait for it to come up
2019-09-13 15:05:51,607 - CPE27-HKG2-SINGLE-CPE-DUAL-INTERNET9 - DEBUG - vsh status

~~~~~~~~~~~~~~~~~~~~~~~~~~~~~~~~~~~~~~~~~~~~~~~~~~~~~~~~~~~~~~~~~

The product evaluation period has expired.
 Please contact Versa Support (support@versa-networks.com) 

~~~~~~~~~~~~~~~~~~~~~~~~~~~~~~~~~~~~~~~~~~~~~~~~~~~~~~~~~~~~~~~~~


~~~~~~~~~~~~~~~~~~~~~~~~~~~~~~~~~~~~~~~~~~~~~~~~~~~~~~~~~~~~~~~~~

Netconf traffic yet to be allowed 

~~~~~~~~~~~~~~~~~~~~~~~~~~~~~~~~~~~~~~~~~~~~~~~~~~~~~~~~~~~~~~~~~

versa-service          is Stopped           
versa-infmgr           is Running,          [-] process 11260
versa-rfd              is Stopped           
versa-vmod             is Stopped           
versa-ip2user          is Stopped           
versa-imgr             is Stopped           
versa-acctmgrd         is Stopped           
versa-fltrmgr          is Running,          [-] process 11280
versa-vstated          is Running,          [-] process 11261
versa-spack            is Stopped           
versa-addrmgrd         is Stopped           
versa-rt-cli-xfm       is Stopped           
versa-rtd              is Stopped           
versa-dhcpd            is Running,          [-] process 11262
versa-eventd           is Stopped           
versa-vrrpd            is Running,          [-] process 11279
versa-dnsd             is Running,          [-] process 11276
versa-ppmd             is Stopped           
versa-snmp-xform       is Stopped           
versa-certd            is Stopped           
versa-ntpd             is Running,          [*] process 11248
versa-dhclient6        is Stopped           
versa-redis            is Running,          [-] process 10931
versa-av-redis         is Running,          [-] process 10932
versa-spackmgr         is Stopped           
versa-devmgr           is Stopped           
versa-monit            is Stopped           
versa-confd            is Running,          [*] process 10893
versa-fail2ban         is Stopped           
versa-auditd           is Stopped           
versa-nodejs           is Stopped           
[admin@CPE27-HKG2-SINGLE-CPE-DUAL-INTERNET8: ~] # 
2019-09-13 15:06:01,607 - CPE27-HKG2-SINGLE-CPE-DUAL-INTERNET9 - DEBUG - process not up. Please wait for it to come up
2019-09-13 15:06:04,013 - CPE27-HKG2-SINGLE-CPE-DUAL-INTERNET9 - DEBUG - vsh status

~~~~~~~~~~~~~~~~~~~~~~~~~~~~~~~~~~~~~~~~~~~~~~~~~~~~~~~~~~~~~~~~~

The product evaluation period has expired.
 Please contact Versa Support (support@versa-networks.com) 

~~~~~~~~~~~~~~~~~~~~~~~~~~~~~~~~~~~~~~~~~~~~~~~~~~~~~~~~~~~~~~~~~


~~~~~~~~~~~~~~~~~~~~~~~~~~~~~~~~~~~~~~~~~~~~~~~~~~~~~~~~~~~~~~~~~

Netconf traffic yet to be allowed 

~~~~~~~~~~~~~~~~~~~~~~~~~~~~~~~~~~~~~~~~~~~~~~~~~~~~~~~~~~~~~~~~~

versa-service          is Running,          [*] process 11583
versa-infmgr           is Running,          [-] process 11260
versa-rfd              is Running,          [-] process 11924
versa-vmod             is Running,          [-] process 11918
versa-ip2user          is Running,          [-] process 11928
versa-imgr             is Running,          [-] process 11934
versa-acctmgrd         is Running,          [-] process 11911
versa-fltrmgr          is Running,          [-] process 11280
versa-vstated          is Running,          [-] process 11261
versa-spack            is Running,          [-] process 12135
versa-addrmgrd         is Running,          [-] process 11930
versa-rt-cli-xfm       is Running,          [-] process 11875
versa-rtd              is Running,          [-] process 11900
versa-dhcpd            is Running,          [-] process 11262
versa-eventd           is Running,          [-] process 11905
versa-vrrpd            is Running,          [-] process 11279
versa-dnsd             is Running,          [-] process 11276
versa-ppmd             is Running,          [-] process 11865
versa-snmp-xform       is Running,          [-] process 11880
versa-certd            is Running,          [-] process 11932
versa-ntpd             is Running,          [*] process 11248
versa-dhclient6        is Running,          [-] process 11883
versa-redis            is Running,          [-] process 10931
versa-av-redis         is Running,          [-] process 10932
versa-spackmgr         is Running,          [-] process 11902
versa-devmgr           is Running,          [-] process 12051
versa-monit            is Running,          [*] process 12164
versa-confd            is Running,          [*] process 10893
versa-fail2ban         is Running,          [*] process 12179
versa-auditd           is Running,          [*] process 12192
versa-nodejs           is Running,          [-] process 11843
[admin@CPE27-HKG2-SINGLE-CPE-DUAL-INTERNET8: ~] # 
2019-09-13 15:06:14,013 - CPE27-HKG2-SINGLE-CPE-DUAL-INTERNET9 - DEBUG - process not up. Please wait for it to come up
2019-09-13 15:06:16,617 - CPE27-HKG2-SINGLE-CPE-DUAL-INTERNET9 - DEBUG - vsh status

~~~~~~~~~~~~~~~~~~~~~~~~~~~~~~~~~~~~~~~~~~~~~~~~~~~~~~~~~~~~~~~~~

The product evaluation period has expired.
 Please contact Versa Support (support@versa-networks.com) 

~~~~~~~~~~~~~~~~~~~~~~~~~~~~~~~~~~~~~~~~~~~~~~~~~~~~~~~~~~~~~~~~~

versa-service          is Running,          [*] process 11583
versa-infmgr           is Running,          [-] process 11260
versa-rfd              is Running,          [-] process 11924
versa-vmod             is Running,          [-] process 11918
versa-ip2user          is Running,          [-] process 11928
versa-imgr             is Running,          [-] process 11934
versa-acctmgrd         is Running,          [-] process 11911
versa-fltrmgr          is Running,          [-] process 11280
versa-vstated          is Running,          [-] process 11261
versa-spack            is Running,          [-] process 12135
versa-addrmgrd         is Running,          [-] process 11930
versa-rt-cli-xfm       is Running,          [-] process 11875
versa-rtd              is Running,          [-] process 11900
versa-dhcpd            is Running,          [-] process 11262
versa-eventd           is Running,          [-] process 11905
versa-vrrpd            is Running,          [-] process 11279
versa-dnsd             is Running,          [-] process 11276
versa-ppmd             is Running,          [-] process 11865
versa-snmp-xform       is Running,          [-] process 11880
versa-certd            is Running,          [-] process 11932
versa-ntpd             is Running,          [*] process 11248
versa-dhclient6        is Running,          [-] process 11883
versa-redis            is Running,          [-] process 13460
versa-av-redis         is Running,          [-] process 10932
versa-spackmgr         is Running,          [-] process 11902
versa-devmgr           is Running,          [-] process 12051
versa-monit            is Running,          [*] process 12164
versa-confd            is Running,          [*] process 10893
versa-fail2ban         is Running,          [*] process 12179
versa-auditd           is Running,          [*] process 12192
versa-nodejs           is Running,          [-] process 11843
[admin@CPE27-HKG2-SINGLE-CPE-DUAL-INTERNET8: ~] # 
2019-09-13 15:06:26,618 - CPE27-HKG2-SINGLE-CPE-DUAL-INTERNET9 - DEBUG - After breaking while
2019-09-13 15:06:28,220 - CPE27-HKG2-SINGLE-CPE-DUAL-INTERNET9 - DEBUG - 
~~~~~~~~~~~~~~~~~~~~~~~~~~~~~~~~~~~~~~~~~~~~~~~~~~~~~~~~~~~~~~~~~

The product evaluation period has expired.
 Please contact Versa Support (support@versa-networks.com) 

~~~~~~~~~~~~~~~~~~~~~~~~~~~~~~~~~~~~~~~~~~~~~~~~~~~~~~~~~~~~~~~~~

versa-service          is Running,          [*] process 11583
versa-infmgr           is Running,          [-] process 11260
versa-rfd              is Running,          [-] process 11924
versa-vmod             is Running,          [-] process 11918
versa-ip2user          is Running,          [-] process 11928
versa-imgr             is Running,          [-] process 11934
versa-acctmgrd         is Running,          [-] process 11911
versa-fltrmgr          is Running,          [-] process 11280
versa-vstated          is Running,          [-] process 11261
versa-spack            is Running,          [-] process 12135
versa-addrmgrd         is Running,          [-] process 11930
versa-rt-cli-xfm       is Running,          [-] process 11875
versa-rtd              is Running,          [-] process 11900
versa-dhcpd            is Running,          [-] process 11262
versa-eventd           is Running,          [-] process 11905
versa-vrrpd            is Running,          [-] process 11279
versa-dnsd             is Running,          [-] process 11276
versa-ppmd             is Running,          [-] process 11865
versa-snmp-xform       is Running,          [-] process 11880
versa-certd            is Running,          [-] process 11932
versa-ntpd             is Running,          [*] process 11248
versa-dhclient6        is Running,          [-] process 11883
versa-redis            is Running,          [-] process 13460
versa-av-redis         is Running,          [-] process 10932
versa-spackmgr         is Running,          [-] process 11902
versa-devmgr           is Running,          [-] process 12051
versa-monit            is Running,          [*] process 12164
versa-confd            is Running,          [*] process 10893
versa-fail2ban         is Running,          [*] process 12179
versa-auditd           is Running,          [*] process 12192
versa-nodejs           is Running,          [-] process 11843
2019-09-13 15:06:28,621 - CPE27-HKG2-SINGLE-CPE-DUAL-INTERNET9 - DEBUG - CPE27mSAB9
2019-09-13 15:06:29,023 - CPE27-HKG2-SINGLE-CPE-DUAL-INTERNET9 - DEBUG - CPE27nSAB9
2019-09-13 15:06:29,424 - CPE27-HKG2-SINGLE-CPE-DUAL-INTERNET9 - DEBUG - CPE27nSAB9
2019-09-13 15:06:29,825 - CPE27-HKG2-SINGLE-CPE-DUAL-INTERNET9 - DEBUG - E-DUAL-INTERNET9   
-r NV-WC01-N6-SIN@colt.net -rk 1234

2019-09-13 16:55:11,859 - CPE27-HKG2-SINGLE-CPE-DUAL-INTERNET9 - INFO - 
 	 >>>>>>>>>>>> CPE ONBOARDING PASSED <<<<<<<<<<<<
 	 >>>>>>>>>>>>    CPE DETAILS        <<<<<<<<<<<<
2019-09-13 16:55:12,585 - CPE27-HKG2-SINGLE-CPE-DUAL-INTERNET9 - INFO - None
2019-09-13 16:55:12,585 - CPE27-HKG2-SINGLE-CPE-DUAL-INTERNET9 - INFO - CPE ONBOARDINIG SCRIPT COMPLETED
2019-09-13 16:55:12,585 - CPE27-HKG2-SINGLE-CPE-DUAL-INTERNET9 - INFO - Time elapsed: 1:50:53.156000

2019-09-13 16:55:12,585 - CPE27-HKG2-SINGLE-CPE-DUAL-INTERNET9 - INFO - LOG FILE PATH : C:\Softwares_mine\stefano\NV_REPOSITORY\csit/LOGS/2019_09_13_15_04_19_429000/MAIN.log
