2020-03-02 18:19:52,255 - VD1 - DEBUG - <netmiko.versa.versa_ssh.VersaSSH object at 0x000000000EAD1F28>
2020-03-02 18:19:57,471 - VD1 - DEBUG - versa: Automated@VDir-BLR-NEW-01>
2020-03-02 18:19:57,471 - CPE11-HKG-HYBRD-IPC00190 - INFO - CPE NAME:CPE11-HKG-HYBRD-IPC00190
2020-03-02 18:19:58,473 - CPE11-HKG-HYBRD-IPC00190 - INFO - SOLUTION SELECTED:SINGLE-CPE-HYBRID
2020-03-02 18:20:09,476 - CPE11-HKG-HYBRD-IPC00190 - DEBUG - <netmiko.versa.versa_ssh.VersaSSH object at 0x000000000E0AA470>
2020-03-02 18:20:14,680 - CPE11-HKG-HYBRD-IPC00190 - DEBUG - versa: Automated@VDir-BLR-NEW-01>
2020-03-02 18:20:34,573 - CPE11-HKG-HYBRD-IPC00190 - INFO - 
CREATE SLA profile

2020-03-02 18:20:38,118 - CPE11-HKG-HYBRD-IPC00190 - DEBUG - <Response [201]>
2020-03-02 18:20:38,125 - CPE11-HKG-HYBRD-IPC00190 - INFO - 
PASS
2020-03-02 18:20:38,125 - CPE11-HKG-HYBRD-IPC00190 - INFO - >>>>>>>>>> CREATE SLA Profile PASSED. <<<<<<<<<<<
2020-03-02 18:20:39,357 - CPE11-HKG-HYBRD-IPC00190 - INFO - 
CREATE FWD PROFILE

2020-03-02 18:20:41,132 - CPE11-HKG-HYBRD-IPC00190 - DEBUG - <Response [201]>
2020-03-02 18:20:41,132 - CPE11-HKG-HYBRD-IPC00190 - INFO - 
PASS
2020-03-02 18:20:41,134 - CPE11-HKG-HYBRD-IPC00190 - INFO - >>>>>>>>>> FORWARDING PROFILE CREATION PASSED. <<<<<<<<<<<
2020-03-02 18:20:41,134 - CPE11-HKG-HYBRD-IPC00190 - INFO - 
CREATE IPaddress Object

2020-03-02 18:20:42,674 - CPE11-HKG-HYBRD-IPC00190 - DEBUG - <Response [201]>
2020-03-02 18:20:42,674 - CPE11-HKG-HYBRD-IPC00190 - INFO - 
PASS
2020-03-02 18:20:42,676 - CPE11-HKG-HYBRD-IPC00190 - INFO - >>>>>>>>>> ADDRESS OBJECT CREATION PASSED. <<<<<<<<<<<
2020-03-02 18:20:42,676 - CPE11-HKG-HYBRD-IPC00190 - INFO - 
CREATE Service Object

2020-03-02 18:20:43,400 - CPE11-HKG-HYBRD-IPC00190 - DEBUG - <Response [400]>
2020-03-02 18:20:43,400 - CPE11-HKG-HYBRD-IPC00190 - ERROR - {  "errors": {    "error": [      {        "error-message": "invalid value for: destination-port in /ncs:devices/ncs:device[ncs:name='CPE11-HKG-HYBRD-IPC00190']/ncs:config/org:orgs/org:org-services[org:name='IPC00190']/security:objects/security:services/security:service[security:name='tcp_src_port_2000_11']/security:destination-port: \"\" has a bad length/size.",        "error-urlpath": "/api/config/devices/device/CPE11-HKG-HYBRD-IPC00190/config/org:orgs/org-services/IPC00190/security:objects/services",        "error-tag": "malformed-message"      }    ]  }}
2020-03-02 18:20:43,401 - CPE11-HKG-HYBRD-IPC00190 - INFO - 
FAIL : {  "errors": {    "error": [      {        "error-message": "invalid value for: destination-port in /ncs:devices/ncs:device[ncs:name='CPE11-HKG-HYBRD-IPC00190']/ncs:config/org:orgs/org:org-services[org:name='IPC00190']/security:objects/security:services/security:service[security:name='tcp_src_port_2000_11']/security:destination-port: \"\" has a bad length/size.",        "error-urlpath": "/api/config/devices/device/CPE11-HKG-HYBRD-IPC00190/config/org:orgs/org-services/IPC00190/security:objects/services",        "error-tag": "malformed-message"      }    ]  }}
2020-03-02 18:20:43,401 - CPE11-HKG-HYBRD-IPC00190 - INFO - >>>>>>>>>> Service OBJECT CREATION FAILED. <<<<<<<<<<<
2020-03-02 18:20:43,401 - CPE11-HKG-HYBRD-IPC00190 - INFO - 
CREATE Policy rule

2020-03-02 18:20:44,364 - CPE11-HKG-HYBRD-IPC00190 - DEBUG - <Response [400]>
2020-03-02 18:20:44,365 - CPE11-HKG-HYBRD-IPC00190 - ERROR - {  "errors": {    "error": [      {        "error-message": "illegal reference /devices/device/config/org:orgs/org-services/sdwan:sd-wan/policies/sdwan-policy-group/rules/rule/match/services/services-list",        "error-urlpath": "/api/config/devices/device/CPE11-HKG-HYBRD-IPC00190/config/org:orgs/org-services/IPC00190/sdwan:sd-wan/policies/sdwan-policy-group/Default-Policy/rules/rule/ts_Destipaddr10001",        "error-tag": "malformed-message"      }    ]  }}
2020-03-02 18:20:44,365 - CPE11-HKG-HYBRD-IPC00190 - INFO - 
FAIL : {  "errors": {    "error": [      {        "error-message": "illegal reference /devices/device/config/org:orgs/org-services/sdwan:sd-wan/policies/sdwan-policy-group/rules/rule/match/services/services-list",        "error-urlpath": "/api/config/devices/device/CPE11-HKG-HYBRD-IPC00190/config/org:orgs/org-services/IPC00190/sdwan:sd-wan/policies/sdwan-policy-group/Default-Policy/rules/rule/ts_Destipaddr10001",        "error-tag": "malformed-message"      }    ]  }}
2020-03-02 18:20:44,365 - CPE11-HKG-HYBRD-IPC00190 - INFO - >>>>>>>>>> CREATE POLICY RULE FAILED. <<<<<<<<<<<
