2020-03-23 16:57:09,137 - VD1 - DEBUG - <netmiko.versa.versa_ssh.VersaSSH object at 0x7f7997ca0c90>
2020-03-23 16:57:14,341 - VD1 - DEBUG - versa: Automated@VDir-BLR-NEW-01>
2020-03-23 16:57:19,101 - CPE11-HKG-HYBRD-IPC00190 - DEBUG - <netmiko.versa.versa_ssh.VersaSSH object at 0x7f7997c3d210>
2020-03-23 16:57:24,343 - CPE11-HKG-HYBRD-IPC00190 - DEBUG - versa: Automated@VDir-BLR-NEW-01>
2020-03-23 16:57:48,850 - CPE12-HKG-HYBRD-IPC00190 - DEBUG - <netmiko.versa.versa_ssh.VersaSSH object at 0x7f7997becc90>
2020-03-23 16:57:54,055 - CPE12-HKG-HYBRD-IPC00190 - DEBUG - versa: Automated@VDir-BLR-NEW-01>
2020-03-23 16:58:52,980 - CPE11-HKG-HYBRD-IPC00190 - INFO - 
CREATE SLA profile

2020-03-23 16:58:54,239 - CPE11-HKG-HYBRD-IPC00190 - DEBUG - <Response [201]>
2020-03-23 16:58:54,239 - CPE11-HKG-HYBRD-IPC00190 - INFO - 
PASS
2020-03-23 16:58:54,240 - CPE11-HKG-HYBRD-IPC00190 - INFO - >>>>>>>>>> CREATE SLA Profile PASSED. <<<<<<<<<<<
2020-03-23 16:58:54,243 - CPE11-HKG-HYBRD-IPC00190 - INFO - 
CREATE FWD PROFILE

2020-03-23 16:58:55,619 - CPE11-HKG-HYBRD-IPC00190 - DEBUG - <Response [201]>
2020-03-23 16:58:55,623 - CPE11-HKG-HYBRD-IPC00190 - INFO - 
PASS
2020-03-23 16:58:55,624 - CPE11-HKG-HYBRD-IPC00190 - INFO - >>>>>>>>>> FORWARDING PROFILE CREATION PASSED. <<<<<<<<<<<
2020-03-23 16:58:55,626 - CPE11-HKG-HYBRD-IPC00190 - INFO - 
CREATE IPaddress Object

2020-03-23 16:58:56,694 - CPE11-HKG-HYBRD-IPC00190 - DEBUG - <Response [201]>
2020-03-23 16:58:56,694 - CPE11-HKG-HYBRD-IPC00190 - INFO - 
PASS
2020-03-23 16:58:56,695 - CPE11-HKG-HYBRD-IPC00190 - INFO - >>>>>>>>>> ADDRESS OBJECT CREATION PASSED. <<<<<<<<<<<
2020-03-23 16:58:56,697 - CPE11-HKG-HYBRD-IPC00190 - INFO - 
CREATE IPaddress Object

2020-03-23 16:58:57,748 - CPE11-HKG-HYBRD-IPC00190 - DEBUG - <Response [201]>
2020-03-23 16:58:57,748 - CPE11-HKG-HYBRD-IPC00190 - INFO - 
PASS
2020-03-23 16:58:57,749 - CPE11-HKG-HYBRD-IPC00190 - INFO - >>>>>>>>>> ADDRESS OBJECT CREATION PASSED. <<<<<<<<<<<
2020-03-23 16:58:57,751 - CPE11-HKG-HYBRD-IPC00190 - INFO - 
CREATE Service Object

2020-03-23 16:58:58,681 - CPE11-HKG-HYBRD-IPC00190 - DEBUG - <Response [201]>
2020-03-23 16:58:58,682 - CPE11-HKG-HYBRD-IPC00190 - INFO - 
PASS
2020-03-23 16:58:58,682 - CPE11-HKG-HYBRD-IPC00190 - INFO - >>>>>>>>>> Service OBJECT CREATION PASSED. <<<<<<<<<<<
2020-03-23 16:59:58,035 - CPE11-HKG-HYBRD-IPC00190 - INFO - 
CREATE Policy rule

2020-03-23 17:00:00,363 - CPE11-HKG-HYBRD-IPC00190 - DEBUG - <Response [201]>
2020-03-23 17:00:00,364 - CPE11-HKG-HYBRD-IPC00190 - INFO - 
PASS
2020-03-23 17:00:00,364 - CPE11-HKG-HYBRD-IPC00190 - INFO - >>>>>>>>>> CREATE POLICY RULE PASSED. <<<<<<<<<<<
2020-03-23 17:02:49,707 - CPE11-HKG-HYBRD-IPC00190 - INFO - 
DELETE IPaddress Object

2020-03-23 17:02:52,231 - CPE11-HKG-HYBRD-IPC00190 - INFO - 
PASS
2020-03-23 17:02:52,231 - CPE11-HKG-HYBRD-IPC00190 - INFO - >>>>>>>>>> Policy rule DELETION PASSED. <<<<<<<<<<<
2020-03-23 17:02:52,238 - CPE11-HKG-HYBRD-IPC00190 - INFO - 
CREATE Policy rule

2020-03-23 17:02:53,738 - CPE11-HKG-HYBRD-IPC00190 - DEBUG - <Response [201]>
2020-03-23 17:02:53,738 - CPE11-HKG-HYBRD-IPC00190 - INFO - 
PASS
2020-03-23 17:02:53,739 - CPE11-HKG-HYBRD-IPC00190 - INFO - >>>>>>>>>> CREATE POLICY RULE PASSED. <<<<<<<<<<<
2020-03-23 17:05:41,598 - CPE11-HKG-HYBRD-IPC00190 - INFO - 
DELETE IPaddress Object

2020-03-23 17:05:43,983 - CPE11-HKG-HYBRD-IPC00190 - INFO - 
PASS
2020-03-23 17:05:43,984 - CPE11-HKG-HYBRD-IPC00190 - INFO - >>>>>>>>>> Policy rule DELETION PASSED. <<<<<<<<<<<
2020-03-23 17:05:43,988 - CPE11-HKG-HYBRD-IPC00190 - INFO - 
CREATE Policy rule

2020-03-23 17:05:45,505 - CPE11-HKG-HYBRD-IPC00190 - DEBUG - <Response [201]>
2020-03-23 17:05:45,506 - CPE11-HKG-HYBRD-IPC00190 - INFO - 
PASS
2020-03-23 17:05:45,508 - CPE11-HKG-HYBRD-IPC00190 - INFO - >>>>>>>>>> CREATE POLICY RULE PASSED. <<<<<<<<<<<
2020-03-23 17:07:00,727 - CPE11-HKG-HYBRD-IPC00190 - INFO - 
DELETE IPaddress Object

2020-03-23 17:07:02,955 - CPE11-HKG-HYBRD-IPC00190 - INFO - 
PASS
2020-03-23 17:07:02,956 - CPE11-HKG-HYBRD-IPC00190 - INFO - >>>>>>>>>> Policy rule DELETION PASSED. <<<<<<<<<<<
2020-03-23 17:07:02,960 - CPE11-HKG-HYBRD-IPC00190 - INFO - 
CREATE Policy rule

2020-03-23 17:07:04,406 - CPE11-HKG-HYBRD-IPC00190 - DEBUG - <Response [201]>
2020-03-23 17:07:04,406 - CPE11-HKG-HYBRD-IPC00190 - INFO - 
PASS
2020-03-23 17:07:04,407 - CPE11-HKG-HYBRD-IPC00190 - INFO - >>>>>>>>>> CREATE POLICY RULE PASSED. <<<<<<<<<<<
2020-03-23 17:07:56,045 - CPE11-HKG-HYBRD-IPC00190 - INFO - 
DELETE IPaddress Object

2020-03-23 17:07:58,262 - CPE11-HKG-HYBRD-IPC00190 - INFO - 
PASS
2020-03-23 17:07:58,263 - CPE11-HKG-HYBRD-IPC00190 - INFO - >>>>>>>>>> Policy rule DELETION PASSED. <<<<<<<<<<<
2020-03-23 17:09:04,043 - CPE11-HKG-HYBRD-IPC00190 - INFO - 
DELETE Service Object

2020-03-23 17:09:06,259 - CPE11-HKG-HYBRD-IPC00190 - INFO - 
PASS
2020-03-23 17:09:06,260 - CPE11-HKG-HYBRD-IPC00190 - INFO - >>>>>>>>>> ADDRESS OBJECT DELETION PASSED. <<<<<<<<<<<
2020-03-23 17:09:06,262 - CPE11-HKG-HYBRD-IPC00190 - INFO - 
DELETE IPaddress Object

2020-03-23 17:09:07,568 - CPE11-HKG-HYBRD-IPC00190 - INFO - 
PASS
2020-03-23 17:09:07,569 - CPE11-HKG-HYBRD-IPC00190 - INFO - >>>>>>>>>> ADDRESS OBJECT DELETION PASSED. <<<<<<<<<<<
2020-03-23 17:09:07,571 - CPE11-HKG-HYBRD-IPC00190 - INFO - 
DELETE IPaddress Object

2020-03-23 17:09:08,833 - CPE11-HKG-HYBRD-IPC00190 - INFO - 
PASS
2020-03-23 17:09:08,833 - CPE11-HKG-HYBRD-IPC00190 - INFO - >>>>>>>>>> ADDRESS OBJECT DELETION PASSED. <<<<<<<<<<<
2020-03-23 17:09:08,835 - CPE11-HKG-HYBRD-IPC00190 - INFO - 
DELETE FWD PROFILE

2020-03-23 17:09:10,251 - CPE11-HKG-HYBRD-IPC00190 - INFO - 
PASS
2020-03-23 17:09:10,252 - CPE11-HKG-HYBRD-IPC00190 - INFO - >>>>>>>>>> FORWARDING PROFILE DELETION PASSED. <<<<<<<<<<<
2020-03-23 17:09:10,254 - CPE11-HKG-HYBRD-IPC00190 - INFO - 
DELETE SLA profile

2020-03-23 17:09:11,454 - CPE11-HKG-HYBRD-IPC00190 - INFO - 
PASS
2020-03-23 17:09:11,455 - CPE11-HKG-HYBRD-IPC00190 - INFO - >>>>>>>>>> DELETE SLA Profile PASSED. <<<<<<<<<<<
