2020-01-17 17:44:06,520 - VD1 - DEBUG - <netmiko.versa.versa_ssh.VersaSSH object at 0x000000000D9806D8>
2020-01-17 17:44:11,721 - VD1 - DEBUG - versa: Automated@VDir-BLR-NEW-01>
2020-01-17 17:44:11,721 - CPE11-HKG-HYBRD-IPC00190 - INFO - CPE NAME:CPE11-HKG-HYBRD-IPC00190
2020-01-17 17:44:12,723 - CPE11-HKG-HYBRD-IPC00190 - INFO - SOLUTION SELECTED:SINGLE-CPE-HYBRID
2020-01-17 17:44:12,867 - CPE11-HKG-HYBRD-IPC00190 - INFO - 
CREATE FWD PROFILE

2020-01-17 17:44:16,719 - CPE11-HKG-HYBRD-IPC00190 - DEBUG - <Response [201]>
2020-01-17 17:44:16,719 - CPE11-HKG-HYBRD-IPC00190 - INFO - 
PASS
2020-01-17 17:44:16,719 - CPE11-HKG-HYBRD-IPC00190 - INFO - >>>>>>>>>> FORWARDING PROFILE CREATION PASSED. <<<<<<<<<<<
2020-01-17 17:44:16,719 - CPE11-HKG-HYBRD-IPC00190 - INFO - 
CREATE IPaddress Object

2020-01-17 17:44:18,707 - CPE11-HKG-HYBRD-IPC00190 - DEBUG - <Response [201]>
2020-01-17 17:44:18,707 - CPE11-HKG-HYBRD-IPC00190 - INFO - 
PASS
2020-01-17 17:44:18,707 - CPE11-HKG-HYBRD-IPC00190 - INFO - >>>>>>>>>> ADDRESS OBJECT CREATION PASSED. <<<<<<<<<<<
2020-01-17 17:44:18,707 - CPE11-HKG-HYBRD-IPC00190 - INFO - 
CREATE Policy rule

2020-01-17 17:44:19,742 - CPE11-HKG-HYBRD-IPC00190 - DEBUG - <Response [400]>
2020-01-17 17:44:19,742 - CPE11-HKG-HYBRD-IPC00190 - ERROR - {  "errors": {    "error": [      {        "error-message": "illegal reference /devices/device/config/org:orgs/org-services/sdwan:sd-wan/policies/sdwan-policy-group/rules/rule/set/forwarding-profile",        "error-urlpath": "/api/config/devices/device/CPE11-HKG-HYBRD-IPC00190/config/org:orgs/org-services/IPC00190/sdwan:sd-wan/policies/sdwan-policy-group/Default-Policy/rules/rule/Auto_DSTIP_MATCH",        "error-tag": "malformed-message"      }    ]  }}
2020-01-17 17:44:19,742 - CPE11-HKG-HYBRD-IPC00190 - INFO - 
FAIL : {  "errors": {    "error": [      {        "error-message": "illegal reference /devices/device/config/org:orgs/org-services/sdwan:sd-wan/policies/sdwan-policy-group/rules/rule/set/forwarding-profile",        "error-urlpath": "/api/config/devices/device/CPE11-HKG-HYBRD-IPC00190/config/org:orgs/org-services/IPC00190/sdwan:sd-wan/policies/sdwan-policy-group/Default-Policy/rules/rule/Auto_DSTIP_MATCH",        "error-tag": "malformed-message"      }    ]  }}
2020-01-17 17:44:19,742 - CPE11-HKG-HYBRD-IPC00190 - INFO - >>>>>>>>>> CREATE POLICY RULE FAILED. <<<<<<<<<<<
