2020-02-20 15:03:29,896 - VD1 - DEBUG - <netmiko.versa.versa_ssh.VersaSSH object at 0x7f9936131a50>
2020-02-20 15:03:35,100 - VD1 - DEBUG - versa: Automated@VDir-BLR-NEW-01>
2020-02-20 15:03:39,847 - CPE11-HKG-HYBRD-IPC00190 - DEBUG - <netmiko.versa.versa_ssh.VersaSSH object at 0x7f99360c8bd0>
2020-02-20 15:03:45,052 - CPE11-HKG-HYBRD-IPC00190 - DEBUG - versa: Automated@VDir-BLR-NEW-01>
2020-02-20 15:04:09,035 - CPE12-HKG-HYBRD-IPC00190 - DEBUG - <netmiko.versa.versa_ssh.VersaSSH object at 0x7f99360c8850>
2020-02-20 15:04:14,242 - CPE12-HKG-HYBRD-IPC00190 - DEBUG - versa: Automated@VDir-BLR-NEW-01>
2020-02-20 15:05:07,072 - CPE11-HKG-HYBRD-IPC00190 - INFO - 
CREATE SLA profile

2020-02-20 15:05:09,461 - CPE11-HKG-HYBRD-IPC00190 - DEBUG - <Response [201]>
2020-02-20 15:05:09,461 - CPE11-HKG-HYBRD-IPC00190 - INFO - 
PASS
2020-02-20 15:05:09,462 - CPE11-HKG-HYBRD-IPC00190 - INFO - >>>>>>>>>> CREATE SLA Profile PASSED. <<<<<<<<<<<
2020-02-20 15:05:09,465 - CPE11-HKG-HYBRD-IPC00190 - INFO - 
CREATE FWD PROFILE

2020-02-20 15:05:11,296 - CPE11-HKG-HYBRD-IPC00190 - DEBUG - <Response [201]>
2020-02-20 15:05:11,296 - CPE11-HKG-HYBRD-IPC00190 - INFO - 
PASS
2020-02-20 15:05:11,297 - CPE11-HKG-HYBRD-IPC00190 - INFO - >>>>>>>>>> FORWARDING PROFILE CREATION PASSED. <<<<<<<<<<<
2020-02-20 15:05:11,299 - CPE11-HKG-HYBRD-IPC00190 - INFO - 
CREATE IPaddress Object

2020-02-20 15:05:12,850 - CPE11-HKG-HYBRD-IPC00190 - DEBUG - <Response [201]>
2020-02-20 15:05:12,851 - CPE11-HKG-HYBRD-IPC00190 - INFO - 
PASS
2020-02-20 15:05:12,851 - CPE11-HKG-HYBRD-IPC00190 - INFO - >>>>>>>>>> ADDRESS OBJECT CREATION PASSED. <<<<<<<<<<<
2020-02-20 15:05:12,855 - CPE11-HKG-HYBRD-IPC00190 - INFO - 
CREATE Policy rule

2020-02-20 15:05:15,358 - CPE11-HKG-HYBRD-IPC00190 - DEBUG - <Response [201]>
2020-02-20 15:05:15,358 - CPE11-HKG-HYBRD-IPC00190 - INFO - 
PASS
2020-02-20 15:05:15,359 - CPE11-HKG-HYBRD-IPC00190 - INFO - >>>>>>>>>> CREATE POLICY RULE PASSED. <<<<<<<<<<<
2020-02-20 15:07:42,634 - CPE11-HKG-HYBRD-IPC00190 - INFO - 
DELETE IPaddress Object

2020-02-20 15:07:46,275 - CPE11-HKG-HYBRD-IPC00190 - INFO - 
PASS
2020-02-20 15:07:46,276 - CPE11-HKG-HYBRD-IPC00190 - INFO - >>>>>>>>>> Policy rule DELETION PASSED. <<<<<<<<<<<
2020-02-20 15:07:46,278 - CPE11-HKG-HYBRD-IPC00190 - INFO - 
DELETE IPaddress Object

2020-02-20 15:07:48,514 - CPE11-HKG-HYBRD-IPC00190 - INFO - 
PASS
2020-02-20 15:07:48,515 - CPE11-HKG-HYBRD-IPC00190 - INFO - >>>>>>>>>> ADDRESS OBJECT DELETION PASSED. <<<<<<<<<<<
2020-02-20 15:07:48,516 - CPE11-HKG-HYBRD-IPC00190 - INFO - 
DELETE FWD PROFILE

2020-02-20 15:07:50,663 - CPE11-HKG-HYBRD-IPC00190 - INFO - 
PASS
2020-02-20 15:07:50,664 - CPE11-HKG-HYBRD-IPC00190 - INFO - >>>>>>>>>> FORWARDING PROFILE DELETION PASSED. <<<<<<<<<<<
2020-02-20 15:07:50,666 - CPE11-HKG-HYBRD-IPC00190 - INFO - 
DELETE SLA profile

2020-02-20 15:07:52,668 - CPE11-HKG-HYBRD-IPC00190 - INFO - 
PASS
2020-02-20 15:07:52,669 - CPE11-HKG-HYBRD-IPC00190 - INFO - >>>>>>>>>> DELETE SLA Profile PASSED. <<<<<<<<<<<
