2020-05-01 13:49:36,418 - VD1 - DEBUG - <netmiko.versa.versa_ssh.VersaSSH object at 0x0000000010E07048>
2020-05-01 13:49:42,052 - VD1 - DEBUG - versa: Automated@VDir-BLR-NEW-01>
2020-05-01 13:49:48,101 - CPE26-SIN-DUAL-CPE-HYB-IPC00190-P - DEBUG - <netmiko.versa.versa_ssh.VersaSSH object at 0x0000000010E450F0>
2020-05-01 13:49:53,334 - CPE26-SIN-DUAL-CPE-HYB-IPC00190-P - DEBUG - versa: Automated@VDir-BLR-NEW-01>
2020-05-01 13:50:18,117 - CPE27-SIN-DUAL-CPE-HYB-IPC00190-S - DEBUG - <netmiko.versa.versa_ssh.VersaSSH object at 0x0000000010E456A0>
2020-05-01 13:50:23,365 - CPE27-SIN-DUAL-CPE-HYB-IPC00190-S - DEBUG - versa: Automated@VDir-BLR-NEW-01>
2020-05-01 13:50:48,013 - CPE11-HKG-HYBRD-IPC00190 - DEBUG - <netmiko.versa.versa_ssh.VersaSSH object at 0x0000000010E1FF98>
2020-05-01 13:50:53,262 - CPE11-HKG-HYBRD-IPC00190 - DEBUG - versa: Automated@VDir-BLR-NEW-01>
2020-05-01 13:51:34,671 - CPE26-SIN-DUAL-CPE-HYB-IPC00190-P - INFO - 
DELETE Service Object

2020-05-01 13:51:36,466 - CPE26-SIN-DUAL-CPE-HYB-IPC00190-P - ERROR - 
2020-05-01 13:51:36,467 - CPE26-SIN-DUAL-CPE-HYB-IPC00190-P - INFO - 
FAIL : 
2020-05-01 13:51:36,467 - CPE26-SIN-DUAL-CPE-HYB-IPC00190-P - INFO - >>>>>>>>>> ADDRESS OBJECT DELETION FAILED. <<<<<<<<<<<
2020-05-01 13:51:36,469 - CPE26-SIN-DUAL-CPE-HYB-IPC00190-P - INFO - 
DELETE IPaddress Object

2020-05-01 13:51:37,217 - CPE26-SIN-DUAL-CPE-HYB-IPC00190-P - ERROR - 
2020-05-01 13:51:37,217 - CPE26-SIN-DUAL-CPE-HYB-IPC00190-P - INFO - 
FAIL : 
2020-05-01 13:51:37,217 - CPE26-SIN-DUAL-CPE-HYB-IPC00190-P - INFO - >>>>>>>>>> ADDRESS OBJECT DELETION FAILED. <<<<<<<<<<<
2020-05-01 13:51:37,217 - CPE26-SIN-DUAL-CPE-HYB-IPC00190-P - INFO - 
DELETE IPaddress Object

2020-05-01 13:51:38,016 - CPE26-SIN-DUAL-CPE-HYB-IPC00190-P - ERROR - 
2020-05-01 13:51:38,016 - CPE26-SIN-DUAL-CPE-HYB-IPC00190-P - INFO - 
FAIL : 
2020-05-01 13:51:38,016 - CPE26-SIN-DUAL-CPE-HYB-IPC00190-P - INFO - >>>>>>>>>> ADDRESS OBJECT DELETION FAILED. <<<<<<<<<<<
2020-05-01 13:51:38,016 - CPE26-SIN-DUAL-CPE-HYB-IPC00190-P - INFO - 
DELETE FWD PROFILE

2020-05-01 13:51:38,937 - CPE26-SIN-DUAL-CPE-HYB-IPC00190-P - ERROR - 
2020-05-01 13:51:38,937 - CPE26-SIN-DUAL-CPE-HYB-IPC00190-P - INFO - 
FAIL : 
2020-05-01 13:51:38,937 - CPE26-SIN-DUAL-CPE-HYB-IPC00190-P - INFO - >>>>>>>>>> FORWARDING PROFILE DELETION FAILED. <<<<<<<<<<<
2020-05-01 13:51:38,940 - CPE26-SIN-DUAL-CPE-HYB-IPC00190-P - INFO - 
DELETE SLA profile

2020-05-01 13:51:39,756 - CPE26-SIN-DUAL-CPE-HYB-IPC00190-P - ERROR - 
2020-05-01 13:51:39,757 - CPE26-SIN-DUAL-CPE-HYB-IPC00190-P - INFO - 
FAIL : 
2020-05-01 13:51:39,757 - CPE26-SIN-DUAL-CPE-HYB-IPC00190-P - INFO - >>>>>>>>>> DELETE SLA Profile FAILED. <<<<<<<<<<<
