2020-03-23 17:20:52,215 - VD1 - DEBUG - <netmiko.versa.versa_ssh.VersaSSH object at 0x7fc0b6ad0ed0>
2020-03-23 17:20:57,419 - VD1 - DEBUG - versa: Automated@VDir-BLR-NEW-01>
2020-03-23 17:21:02,206 - CPE11-HKG-HYBRD-IPC00190 - DEBUG - <netmiko.versa.versa_ssh.VersaSSH object at 0x7fc0b6ad0e90>
2020-03-23 17:21:07,411 - CPE11-HKG-HYBRD-IPC00190 - DEBUG - versa: Automated@VDir-BLR-NEW-01>
2020-03-23 17:21:31,916 - CPE12-HKG-HYBRD-IPC00190 - DEBUG - <netmiko.versa.versa_ssh.VersaSSH object at 0x7fc0b6a25ed0>
2020-03-23 17:21:37,121 - CPE12-HKG-HYBRD-IPC00190 - DEBUG - versa: Automated@VDir-BLR-NEW-01>
2020-03-23 17:22:39,693 - CPE11-HKG-HYBRD-IPC00190 - INFO - 
CREATE SLA profile

2020-03-23 17:22:40,953 - CPE11-HKG-HYBRD-IPC00190 - DEBUG - <Response [201]>
2020-03-23 17:22:40,954 - CPE11-HKG-HYBRD-IPC00190 - INFO - 
PASS
2020-03-23 17:22:40,955 - CPE11-HKG-HYBRD-IPC00190 - INFO - >>>>>>>>>> CREATE SLA Profile PASSED. <<<<<<<<<<<
2020-03-23 17:22:40,958 - CPE11-HKG-HYBRD-IPC00190 - INFO - 
CREATE FWD PROFILE

2020-03-23 17:22:42,208 - CPE11-HKG-HYBRD-IPC00190 - DEBUG - <Response [201]>
2020-03-23 17:22:42,209 - CPE11-HKG-HYBRD-IPC00190 - INFO - 
PASS
2020-03-23 17:22:42,209 - CPE11-HKG-HYBRD-IPC00190 - INFO - >>>>>>>>>> FORWARDING PROFILE CREATION PASSED. <<<<<<<<<<<
2020-03-23 17:22:42,212 - CPE11-HKG-HYBRD-IPC00190 - INFO - 
CREATE IPaddress Object

2020-03-23 17:22:43,226 - CPE11-HKG-HYBRD-IPC00190 - DEBUG - <Response [201]>
2020-03-23 17:22:43,226 - CPE11-HKG-HYBRD-IPC00190 - INFO - 
PASS
2020-03-23 17:22:43,227 - CPE11-HKG-HYBRD-IPC00190 - INFO - >>>>>>>>>> ADDRESS OBJECT CREATION PASSED. <<<<<<<<<<<
2020-03-23 17:22:43,230 - CPE11-HKG-HYBRD-IPC00190 - INFO - 
CREATE IPaddress Object

2020-03-23 17:22:44,261 - CPE11-HKG-HYBRD-IPC00190 - DEBUG - <Response [201]>
2020-03-23 17:22:44,261 - CPE11-HKG-HYBRD-IPC00190 - INFO - 
PASS
2020-03-23 17:22:44,262 - CPE11-HKG-HYBRD-IPC00190 - INFO - >>>>>>>>>> ADDRESS OBJECT CREATION PASSED. <<<<<<<<<<<
2020-03-23 17:22:44,264 - CPE11-HKG-HYBRD-IPC00190 - INFO - 
CREATE Service Object

2020-03-23 17:22:45,310 - CPE11-HKG-HYBRD-IPC00190 - DEBUG - <Response [201]>
2020-03-23 17:22:45,311 - CPE11-HKG-HYBRD-IPC00190 - INFO - 
PASS
2020-03-23 17:22:45,311 - CPE11-HKG-HYBRD-IPC00190 - INFO - >>>>>>>>>> Service OBJECT CREATION PASSED. <<<<<<<<<<<
2020-03-23 17:23:44,797 - CPE11-HKG-HYBRD-IPC00190 - INFO - 
CREATE Policy rule

2020-03-23 17:23:46,956 - CPE11-HKG-HYBRD-IPC00190 - DEBUG - <Response [201]>
2020-03-23 17:23:46,956 - CPE11-HKG-HYBRD-IPC00190 - INFO - 
PASS
2020-03-23 17:23:46,957 - CPE11-HKG-HYBRD-IPC00190 - INFO - >>>>>>>>>> CREATE POLICY RULE PASSED. <<<<<<<<<<<
2020-03-23 17:26:35,693 - CPE11-HKG-HYBRD-IPC00190 - INFO - 
DELETE IPaddress Object

2020-03-23 17:26:38,170 - CPE11-HKG-HYBRD-IPC00190 - INFO - 
PASS
2020-03-23 17:26:38,171 - CPE11-HKG-HYBRD-IPC00190 - INFO - >>>>>>>>>> Policy rule DELETION PASSED. <<<<<<<<<<<
2020-03-23 17:26:38,175 - CPE11-HKG-HYBRD-IPC00190 - INFO - 
CREATE Policy rule

2020-03-23 17:26:39,649 - CPE11-HKG-HYBRD-IPC00190 - DEBUG - <Response [201]>
2020-03-23 17:26:39,649 - CPE11-HKG-HYBRD-IPC00190 - INFO - 
PASS
2020-03-23 17:26:39,650 - CPE11-HKG-HYBRD-IPC00190 - INFO - >>>>>>>>>> CREATE POLICY RULE PASSED. <<<<<<<<<<<
2020-03-23 17:29:27,665 - CPE11-HKG-HYBRD-IPC00190 - INFO - 
DELETE IPaddress Object

2020-03-23 17:29:30,132 - CPE11-HKG-HYBRD-IPC00190 - INFO - 
PASS
2020-03-23 17:29:30,133 - CPE11-HKG-HYBRD-IPC00190 - INFO - >>>>>>>>>> Policy rule DELETION PASSED. <<<<<<<<<<<
2020-03-23 17:29:30,139 - CPE11-HKG-HYBRD-IPC00190 - INFO - 
CREATE Policy rule

2020-03-23 17:29:31,607 - CPE11-HKG-HYBRD-IPC00190 - DEBUG - <Response [201]>
2020-03-23 17:29:31,608 - CPE11-HKG-HYBRD-IPC00190 - INFO - 
PASS
2020-03-23 17:29:31,608 - CPE11-HKG-HYBRD-IPC00190 - INFO - >>>>>>>>>> CREATE POLICY RULE PASSED. <<<<<<<<<<<
2020-03-23 17:30:47,820 - CPE11-HKG-HYBRD-IPC00190 - INFO - 
DELETE IPaddress Object

2020-03-23 17:30:50,098 - CPE11-HKG-HYBRD-IPC00190 - INFO - 
PASS
2020-03-23 17:30:50,099 - CPE11-HKG-HYBRD-IPC00190 - INFO - >>>>>>>>>> Policy rule DELETION PASSED. <<<<<<<<<<<
2020-03-23 17:30:50,104 - CPE11-HKG-HYBRD-IPC00190 - INFO - 
CREATE Policy rule

2020-03-23 17:30:51,590 - CPE11-HKG-HYBRD-IPC00190 - DEBUG - <Response [201]>
2020-03-23 17:30:51,591 - CPE11-HKG-HYBRD-IPC00190 - INFO - 
PASS
2020-03-23 17:30:51,592 - CPE11-HKG-HYBRD-IPC00190 - INFO - >>>>>>>>>> CREATE POLICY RULE PASSED. <<<<<<<<<<<
2020-03-23 17:31:44,821 - CPE11-HKG-HYBRD-IPC00190 - INFO - 
DELETE IPaddress Object

2020-03-23 17:31:47,164 - CPE11-HKG-HYBRD-IPC00190 - INFO - 
PASS
2020-03-23 17:31:47,165 - CPE11-HKG-HYBRD-IPC00190 - INFO - >>>>>>>>>> Policy rule DELETION PASSED. <<<<<<<<<<<
2020-03-23 17:33:01,985 - CPE11-HKG-HYBRD-IPC00190 - INFO - 
DELETE Service Object

2020-03-23 17:33:07,356 - CPE11-HKG-HYBRD-IPC00190 - INFO - 
PASS
2020-03-23 17:33:07,357 - CPE11-HKG-HYBRD-IPC00190 - INFO - >>>>>>>>>> ADDRESS OBJECT DELETION PASSED. <<<<<<<<<<<
2020-03-23 17:33:07,359 - CPE11-HKG-HYBRD-IPC00190 - INFO - 
DELETE IPaddress Object

2020-03-23 17:33:08,999 - CPE11-HKG-HYBRD-IPC00190 - INFO - 
PASS
2020-03-23 17:33:08,999 - CPE11-HKG-HYBRD-IPC00190 - INFO - >>>>>>>>>> ADDRESS OBJECT DELETION PASSED. <<<<<<<<<<<
2020-03-23 17:33:09,001 - CPE11-HKG-HYBRD-IPC00190 - INFO - 
DELETE IPaddress Object

2020-03-23 17:33:11,371 - CPE11-HKG-HYBRD-IPC00190 - INFO - 
PASS
2020-03-23 17:33:11,372 - CPE11-HKG-HYBRD-IPC00190 - INFO - >>>>>>>>>> ADDRESS OBJECT DELETION PASSED. <<<<<<<<<<<
2020-03-23 17:33:11,374 - CPE11-HKG-HYBRD-IPC00190 - INFO - 
DELETE FWD PROFILE

2020-03-23 17:33:12,666 - CPE11-HKG-HYBRD-IPC00190 - INFO - 
PASS
2020-03-23 17:33:12,667 - CPE11-HKG-HYBRD-IPC00190 - INFO - >>>>>>>>>> FORWARDING PROFILE DELETION PASSED. <<<<<<<<<<<
2020-03-23 17:33:12,669 - CPE11-HKG-HYBRD-IPC00190 - INFO - 
DELETE SLA profile

2020-03-23 17:33:14,487 - CPE11-HKG-HYBRD-IPC00190 - INFO - 
PASS
2020-03-23 17:33:14,488 - CPE11-HKG-HYBRD-IPC00190 - INFO - >>>>>>>>>> DELETE SLA Profile PASSED. <<<<<<<<<<<
