2020-03-02 14:37:52,612 - VD1 - DEBUG - <netmiko.versa.versa_ssh.VersaSSH object at 0x000000000DA409E8>
2020-03-02 14:37:57,819 - VD1 - DEBUG - versa: Automated@VDir-BLR-NEW-01>
2020-03-02 14:38:02,533 - CPE11-HKG-HYBRD-IPC00190 - DEBUG - <netmiko.versa.versa_ssh.VersaSSH object at 0x000000000DAB9B38>
2020-03-02 14:38:07,740 - CPE11-HKG-HYBRD-IPC00190 - DEBUG - versa: Automated@VDir-BLR-NEW-01>
2020-03-02 14:38:32,417 - CPE12-HKG-HYBRD-IPC00190 - DEBUG - <netmiko.versa.versa_ssh.VersaSSH object at 0x000000000DADEAC8>
2020-03-02 14:38:37,622 - CPE12-HKG-HYBRD-IPC00190 - DEBUG - versa: Automated@VDir-BLR-NEW-01>
2020-03-02 14:39:50,724 - CPE11-HKG-HYBRD-IPC00190 - INFO - 
CREATE SLA profile

2020-03-02 14:39:52,727 - CPE11-HKG-HYBRD-IPC00190 - DEBUG - <Response [201]>
2020-03-02 14:39:52,736 - CPE11-HKG-HYBRD-IPC00190 - INFO - 
PASS
2020-03-02 14:39:52,736 - CPE11-HKG-HYBRD-IPC00190 - INFO - >>>>>>>>>> CREATE SLA Profile PASSED. <<<<<<<<<<<
2020-03-02 14:39:52,742 - CPE11-HKG-HYBRD-IPC00190 - INFO - 
CREATE FWD PROFILE

2020-03-02 14:39:54,667 - CPE11-HKG-HYBRD-IPC00190 - DEBUG - <Response [201]>
2020-03-02 14:39:54,667 - CPE11-HKG-HYBRD-IPC00190 - INFO - 
PASS
2020-03-02 14:39:54,667 - CPE11-HKG-HYBRD-IPC00190 - INFO - >>>>>>>>>> FORWARDING PROFILE CREATION PASSED. <<<<<<<<<<<
2020-03-02 14:39:54,671 - CPE11-HKG-HYBRD-IPC00190 - INFO - 
CREATE IPaddress Object

2020-03-02 14:39:56,446 - CPE11-HKG-HYBRD-IPC00190 - DEBUG - <Response [201]>
2020-03-02 14:39:56,447 - CPE11-HKG-HYBRD-IPC00190 - INFO - 
PASS
2020-03-02 14:39:56,447 - CPE11-HKG-HYBRD-IPC00190 - INFO - >>>>>>>>>> ADDRESS OBJECT CREATION PASSED. <<<<<<<<<<<
2020-03-02 14:39:56,448 - CPE11-HKG-HYBRD-IPC00190 - INFO - 
CREATE IPaddress Object

2020-03-02 14:39:59,089 - CPE11-HKG-HYBRD-IPC00190 - DEBUG - <Response [201]>
2020-03-02 14:39:59,091 - CPE11-HKG-HYBRD-IPC00190 - INFO - 
PASS
2020-03-02 14:39:59,091 - CPE11-HKG-HYBRD-IPC00190 - INFO - >>>>>>>>>> ADDRESS OBJECT CREATION PASSED. <<<<<<<<<<<
2020-03-02 14:39:59,101 - CPE11-HKG-HYBRD-IPC00190 - INFO - 
CREATE Policy rule

2020-03-02 14:40:01,286 - CPE11-HKG-HYBRD-IPC00190 - DEBUG - <Response [201]>
2020-03-02 14:40:01,288 - CPE11-HKG-HYBRD-IPC00190 - INFO - 
PASS
2020-03-02 14:40:01,288 - CPE11-HKG-HYBRD-IPC00190 - INFO - >>>>>>>>>> CREATE POLICY RULE PASSED. <<<<<<<<<<<
2020-03-02 14:42:47,983 - CPE11-HKG-HYBRD-IPC00190 - INFO - 
DELETE IPaddress Object

2020-03-02 14:42:51,496 - CPE11-HKG-HYBRD-IPC00190 - INFO - 
PASS
2020-03-02 14:42:51,497 - CPE11-HKG-HYBRD-IPC00190 - INFO - >>>>>>>>>> Policy rule DELETION PASSED. <<<<<<<<<<<
2020-03-02 14:42:51,512 - CPE11-HKG-HYBRD-IPC00190 - INFO - 
CREATE Policy rule

2020-03-02 14:42:53,605 - CPE11-HKG-HYBRD-IPC00190 - DEBUG - <Response [201]>
2020-03-02 14:42:53,605 - CPE11-HKG-HYBRD-IPC00190 - INFO - 
PASS
2020-03-02 14:42:53,605 - CPE11-HKG-HYBRD-IPC00190 - INFO - >>>>>>>>>> CREATE POLICY RULE PASSED. <<<<<<<<<<<
2020-03-02 14:45:37,868 - CPE11-HKG-HYBRD-IPC00190 - INFO - 
DELETE IPaddress Object

2020-03-02 14:45:42,819 - CPE11-HKG-HYBRD-IPC00190 - INFO - 
PASS
2020-03-02 14:45:42,819 - CPE11-HKG-HYBRD-IPC00190 - INFO - >>>>>>>>>> Policy rule DELETION PASSED. <<<<<<<<<<<
2020-03-02 14:46:42,615 - CPE11-HKG-HYBRD-IPC00190 - INFO - 
DELETE IPaddress Object

2020-03-02 14:46:46,621 - CPE11-HKG-HYBRD-IPC00190 - INFO - 
PASS
2020-03-02 14:46:46,621 - CPE11-HKG-HYBRD-IPC00190 - INFO - >>>>>>>>>> ADDRESS OBJECT DELETION PASSED. <<<<<<<<<<<
2020-03-02 14:46:46,624 - CPE11-HKG-HYBRD-IPC00190 - INFO - 
DELETE IPaddress Object

2020-03-02 14:46:50,017 - CPE11-HKG-HYBRD-IPC00190 - INFO - 
PASS
2020-03-02 14:46:50,017 - CPE11-HKG-HYBRD-IPC00190 - INFO - >>>>>>>>>> ADDRESS OBJECT DELETION PASSED. <<<<<<<<<<<
2020-03-02 14:46:50,019 - CPE11-HKG-HYBRD-IPC00190 - INFO - 
DELETE FWD PROFILE

2020-03-02 14:46:53,184 - CPE11-HKG-HYBRD-IPC00190 - INFO - 
PASS
2020-03-02 14:46:53,184 - CPE11-HKG-HYBRD-IPC00190 - INFO - >>>>>>>>>> FORWARDING PROFILE DELETION PASSED. <<<<<<<<<<<
2020-03-02 14:46:53,187 - CPE11-HKG-HYBRD-IPC00190 - INFO - 
DELETE SLA profile

2020-03-02 14:46:56,947 - CPE11-HKG-HYBRD-IPC00190 - INFO - 
PASS
2020-03-02 14:46:56,948 - CPE11-HKG-HYBRD-IPC00190 - INFO - >>>>>>>>>> DELETE SLA Profile PASSED. <<<<<<<<<<<
