2019-09-16 14:23:53,259 - CPE27-HKG2-SINGLE-CPE-DUAL-INTERNET11 - INFO - LOG FILE PATH : C:\Softwares_mine\stefano\NV_REPOSITORY\csit/LOGS/2019_09_16_14_23_48_968000/MAIN.log
2019-09-16 14:23:53,259 - CPE27-HKG2-SINGLE-CPE-DUAL-INTERNET11 - INFO - CPE NAME:CPE27-HKG2-SINGLE-CPE-DUAL-INTERNET11
2019-09-16 14:23:54,259 - CPE27-HKG2-SINGLE-CPE-DUAL-INTERNET11 - INFO - SOLUTION SELECTED:SINGLE-CPE-DUAL-INTERNET
2019-09-16 14:23:55,621 - CPE27-HKG2-SINGLE-CPE-DUAL-INTERNET11 - DEBUG - {u'versanms.sdwan-org-workflow': {u'ikeAuthType': u'psk', u'globalId': 90, u'orgName': u'IPC00190', u'controllers': [u'NV-WC01-N1-HKG', u'NV-WC01-N6-SIN', u'NV-WC02-N1-HKG', u'NV-WC02-N6-SIN'], u'bandwidth': 10, u'parentOrg': u'Colt', u'vrfs': [{u'name': u'LAN1-VRF', u'enableVPN': True, u'id': 1020}, {u'name': u'LAN2-VRF', u'enableVPN': True, u'id': 1021}, {u'name': u'LAN3-VRF', u'enableVPN': True, u'id': 1022}, {u'name': u'LAN4-VRF', u'enableVPN': True, u'id': 1023}, {u'name': u'LAN5-VRF', u'enableVPN': True, u'id': 1024}, {u'name': u'LAN6-VRF', u'enableVPN': True, u'id': 1025}, {u'name': u'LAN7-VRF', u'enableVPN': True, u'id': 1026}, {u'name': u'LAN8-VRF', u'enableVPN': True, u'id': 1027}, {u'name': u'LAN9-VRF', u'enableVPN': True, u'id': 1028}, {u'name': u'LAN10-VRF', u'enableVPN': True, u'id': 1029}], u'solutionTier': u'base-sdwan', u'sharedControlPlane': False}}
2019-09-16 14:23:55,637 - CPE27-HKG2-SINGLE-CPE-DUAL-INTERNET11 - INFO - STEP : CHECK ORG is available in Controller NV-WC01-N1-HKG
2019-09-16 14:23:55,637 - CPE27-HKG2-SINGLE-CPE-DUAL-INTERNET11 - INFO - PASS
2019-09-16 14:23:55,953 - CPE27-HKG2-SINGLE-CPE-DUAL-INTERNET11 - DEBUG - {u'versanms.sdwan-org-workflow': {u'ikeAuthType': u'psk', u'globalId': 90, u'orgName': u'IPC00190', u'controllers': [u'NV-WC01-N1-HKG', u'NV-WC01-N6-SIN', u'NV-WC02-N1-HKG', u'NV-WC02-N6-SIN'], u'bandwidth': 10, u'parentOrg': u'Colt', u'vrfs': [{u'name': u'LAN1-VRF', u'enableVPN': True, u'id': 1020}, {u'name': u'LAN2-VRF', u'enableVPN': True, u'id': 1021}, {u'name': u'LAN3-VRF', u'enableVPN': True, u'id': 1022}, {u'name': u'LAN4-VRF', u'enableVPN': True, u'id': 1023}, {u'name': u'LAN5-VRF', u'enableVPN': True, u'id': 1024}, {u'name': u'LAN6-VRF', u'enableVPN': True, u'id': 1025}, {u'name': u'LAN7-VRF', u'enableVPN': True, u'id': 1026}, {u'name': u'LAN8-VRF', u'enableVPN': True, u'id': 1027}, {u'name': u'LAN9-VRF', u'enableVPN': True, u'id': 1028}, {u'name': u'LAN10-VRF', u'enableVPN': True, u'id': 1029}], u'solutionTier': u'base-sdwan', u'sharedControlPlane': False}}
2019-09-16 14:23:55,953 - CPE27-HKG2-SINGLE-CPE-DUAL-INTERNET11 - INFO - STEP : CHECK ORG is available in Controller NV-WC02-N6-SIN
2019-09-16 14:23:55,953 - CPE27-HKG2-SINGLE-CPE-DUAL-INTERNET11 - INFO - PASS
2019-09-16 14:23:56,237 - CPE27-HKG2-SINGLE-CPE-DUAL-INTERNET11 - DEBUG - {u'versanms.sdwan-org-workflow': {u'ikeAuthType': u'psk', u'globalId': 90, u'orgName': u'IPC00190', u'controllers': [u'NV-WC01-N1-HKG', u'NV-WC01-N6-SIN', u'NV-WC02-N1-HKG', u'NV-WC02-N6-SIN'], u'bandwidth': 10, u'parentOrg': u'Colt', u'vrfs': [{u'name': u'LAN1-VRF', u'enableVPN': True, u'id': 1020}, {u'name': u'LAN2-VRF', u'enableVPN': True, u'id': 1021}, {u'name': u'LAN3-VRF', u'enableVPN': True, u'id': 1022}, {u'name': u'LAN4-VRF', u'enableVPN': True, u'id': 1023}, {u'name': u'LAN5-VRF', u'enableVPN': True, u'id': 1024}, {u'name': u'LAN6-VRF', u'enableVPN': True, u'id': 1025}, {u'name': u'LAN7-VRF', u'enableVPN': True, u'id': 1026}, {u'name': u'LAN8-VRF', u'enableVPN': True, u'id': 1027}, {u'name': u'LAN9-VRF', u'enableVPN': True, u'id': 1028}, {u'name': u'LAN10-VRF', u'enableVPN': True, u'id': 1029}], u'solutionTier': u'base-sdwan', u'sharedControlPlane': False}}
2019-09-16 14:23:56,237 - CPE27-HKG2-SINGLE-CPE-DUAL-INTERNET11 - INFO - STEP : CHECK ORG is available in Controller NV-WC01-N6-SIN
2019-09-16 14:23:56,237 - CPE27-HKG2-SINGLE-CPE-DUAL-INTERNET11 - INFO - PASS
2019-09-16 14:23:56,237 - CPE27-HKG2-SINGLE-CPE-DUAL-INTERNET11 - INFO - STEP : PRE-ONBOARD WORK
2019-09-16 14:23:56,285 - CPE27-HKG2-SINGLE-CPE-DUAL-INTERNET11 - DEBUG - 
sudo /opt/versa/scripts/staging.py -w 2 -c 10.83.77.10 -s 172.16.6.106/30 -g 172.16.6.105 -l IPC00190-CPE27-HKG2-SINGLE-CPE-DUAL-INTERNET11@colt.net -lk CPE27-HKG2-SINGLE-CPE-DUAL-INTERNET11  -r NV-WC01-N6-SIN@colt.net -rk 1234

2019-09-16 14:23:56,285 - CPE27-HKG2-SINGLE-CPE-DUAL-INTERNET11 - DEBUG - {
	"versanms.sdwan-device-workflow": {
		"deviceName": "CPE27-HKG2-SINGLE-CPE-DUAL-INTERNET11",
		"siteId": "4255",
		"orgName": "IPC00190",
		"serialNumber": "CPE27pSAB9",
		"deviceGroup": "IPC00190-SIN-PS-DIS-LIB-DG",
		"locationInfo": {
			"state": "karnataka",
			"country": "india",
			"longitude": "77.594563",
			"latitude": "12.971599",
			"city": "bangalore"
		},
		"postStagingTemplateInfo": {
			"templateName": "IPC00190-SIN-PS-DIS-LIB",
			"templateData": {
				"device-template-variable": {
					"template": "IPC00190-SIN-PS-DIS-LIB",
					"variable-binding": {
						"attrs": [{
							"name": "{$v_INT-WAN2_IPv4__staticaddress}",
							"value": "172.16.6.106/30",
							"isAutogeneratable": false
						},
						
						    
						    
						    
						{ "name": "{$v_vni-0-4_LAN1_Unit-0__unit}", "value": "750", "isAutogeneratable": false},
						{ "name": "{$v_vni-0-4_LAN1_Unit-0__vlanId}", "value": "750", "isAutogeneratable": false },
						
						    
						    
						    
						{ "name": "{$v_vni-0-4_LAN2_Unit-1__unit}", "value": "751", "isAutogeneratable": false},
						{ "name": "{$v_vni-0-4_LAN2_Unit-1__vlanId}", "value": "751", "isAutogeneratable": false },
						
						{
							"name": "{$v_IPC00190-Control-VR_90_Router_ID__vrRouteId}",
							"value": "20.20.90.27",
							"isAutogeneratable": true,
							"isOverwritten": false
						}, {
							"name": "{$v_IPC00190_NV-WC01-N6-SIN_Local_auth_email_key__IKELKey}",
							"value": "CPE27-HKG2-SINGLE-CPE-DUAL-INTERNET11",
							"isAutogeneratable": true
						}, {
							"name": "{$v_IPC00190_NV-WC02-N6-SIN_Local_auth_email_key__IKELKey}",
							"value": "CPE27-HKG2-SINGLE-CPE-DUAL-INTERNET11",
							"isAutogeneratable": true
						},
						
						
						
						{ "name": "{$v_LAN1_IPv4__staticaddress}", "value": "192.170.1.1/24", "isAutogeneratable": false},
						
						
						
						{ "name": "{$v_LAN2_IPv4__staticaddress}", "value": "192.170.2.1/24", "isAutogeneratable": false},
						
						{
							"name": "{$v_IPC00190_NV-WC02-N6-SIN_Local_auth_email_identifier__IKELIdentifier}",
							"value": "CPE27-HKG2-SINGLE-CPE-DUAL-INTERNET11@colt.net",
							"isAutogeneratable": true
						}, {
							"name": "{$v_Site_Id__siteSiteID}",
							"value": "4255",
							"isAutogeneratable": true
						}, {
							"name": "{$v_IPC00190_NV-WC01-N6-SIN_Local_auth_email_identifier__IKELIdentifier}",
							"value": "CPE27-HKG2-SINGLE-CPE-DUAL-INTERNET11@colt.net",
							"isAutogeneratable": true
						}, {
							"name": "{$v_IPC00190_Site_Name__sitesSiteName}",
							"value": "CPE27-HKG2-SINGLE-CPE-DUAL-INTERNET11",
							"isAutogeneratable": true
						}, {
							"name": "{$v_latitude__IdLatitude}",
							"value": "12.971599",
							"isAutogeneratable": true
						}, {
							"name": "{$v_identification__IdName}",
							"value": "CPE27-HKG2-SINGLE-CPE-DUAL-INTERNET11",
							"isAutogeneratable": true
						}, {
							"name": "{$v_INT-WAN2-Transport-VR_IPv4__vrHopAddress}",
							"value": "172.16.6.105",
							"isAutogeneratable": false
						},	{
						    "name": "{$v_tvi-0-180_-_Unit_0_Static_address__tunnelStaticAddress}",
							"value": "10.10.90.27/32",
							"isAutogeneratable": true,
							"isOverwritten": false
						}, {
							"name": "{$v_Chassis_Id__sitesChassisId}",
							"value": "CPE27pSAB9",
							"isAutogeneratable": true
						}, {
							"name": "{$v_longitude__Idlongitude}",
							"value": "77.594563",
							"isAutogeneratable": true
						}, {
							"name": "{$v_location__IdLocation}",
							"value": "bangalore,karnataka, india",
							"isAutogeneratable": true
						}, {
							"name": "{$v_IPC00190-Control-VR_90_Local_address__vrRouterAddress}",
							"value": "20.20.90.27",
							"isAutogeneratable": true,
							"isOverwritten": false
						}, {
							"name": "{$v_INT-WAN1-Transport-VR_IPv4__vrHopAddress}",
							"value": "172.16.7.105",
							"isAutogeneratable": false
						}, {
							"name": "{$v_INT-WAN1_IPv4__staticaddress}",
							"value": "172.16.7.106/30",
							"isAutogeneratable": false
						}, {
							"name": "{$v_tvi-0-181_-_Unit_0_Static_address__tunnelStaticAddress}",
							"value": "20.20.90.27/32",
							"isAutogeneratable": true,
							"isOverwritten": false
						}]
					}
				},
				"variableMetadata": [{
					"variable": "{$v_INT-WAN2_IPv4__staticaddress}",
					"group": "Interfaces",
					"overlay": false,
					"type": "IPV4_MASK"
				},
                
                
                
				{"variable": "{$v_vni-0-4_LAN1_Unit-0__vlanId}", "group": "Vlan Info", "overlay": false, "type": "INTEGER"},
                
                
                
				{"variable": "{$v_vni-0-4_LAN2_Unit-1__vlanId}", "group": "Vlan Info", "overlay": false, "type": "INTEGER"},
                
				{
					"variable": "{$v_IPC00190-Control-VR_90_Router_ID__vrRouteId}",
					"group": "Virtual Routers",
					"overlay": true,
					"type": "IPV4"
				}, {
					"variable": "{$v_IPC00190_NV-WC01-N6-SIN_Local_auth_email_key__IKELKey}",
					"group": "IPSEC",
					"overlay": false
				}, {
					"variable": "{$v_IPC00190_NV-WC02-N6-SIN_Local_auth_email_key__IKELKey}",
					"group": "IPSEC",
					"overlay": false
				},
			{
					"variable": "{$v_LAN1_IPv4__staticaddress}", "group": "Interfaces", "overlay": false, "type": "IPV4_MASK"
				},
            {
					"variable": "{$v_LAN2_IPv4__staticaddress}", "group": "Interfaces", "overlay": false, "type": "IPV4_MASK"
				},
            
				 {
					"variable": "{$v_IPC00190_NV-WC02-N6-SIN_Local_auth_email_identifier__IKELIdentifier}",
					"group": "IPSEC",
					"overlay": false
				}, {
					"variable": "{$v_Site_Id__siteSiteID}",
					"group": "SDWAN",
					"overlay": false
				}, {
					"variable": "{$v_IPC00190_NV-WC01-N6-SIN_Local_auth_email_identifier__IKELIdentifier}",
					"group": "IPSEC",
					"overlay": false
				}, {
					"variable": "{$v_IPC00190_Site_Name__sitesSiteName}",
					"group": "SDWAN",
					"overlay": false
				}, {
					"variable": "{$v_latitude__IdLatitude}",
					"group": "SDWAN",
					"overlay": false
				}, {
					"variable": "{$v_identification__IdName}",
					"group": "SDWAN",
					"overlay": false
				}, {
					"variable": "{$v_INT-WAN2-Transport-VR_IPv4__vrHopAddress}",
					"group": "Virtual Routers",
					"overlay": false,
					"type": "IPV4_IPV6"
				}, {
					"variable": "{$v_tvi-0-180_-_Unit_0_Static_address__tunnelStaticAddress}",
					"group": "Interfaces",
					"overlay": true,
					"type": "IPV4_IPV6_MASK"
				}, {
					"variable": "{$v_Chassis_Id__sitesChassisId}",
					"group": "SDWAN",
					"overlay": false
				}, {
					"variable": "{$v_longitude__Idlongitude}",
					"group": "SDWAN",
					"overlay": false
				}, {
					"variable": "{$v_location__IdLocation}",
					"group": "SDWAN",
					"overlay": false
				}, {
					"variable": "{$v_IPC00190-Control-VR_90_Local_address__vrRouterAddress}",
					"group": "Virtual Routers",
					"overlay": true,
					"type": "IPV4"
				}, {
					"variable": "{$v_INT-WAN1-Transport-VR_IPv4__vrHopAddress}",
					"group": "Virtual Routers",
					"overlay": false,
					"type": "IPV4_IPV6"
				}, {
					"variable": "{$v_tvi-0-181_-_Unit_0_Static_address__tunnelStaticAddress}",
					"group": "Interfaces",
					"overlay": true,
					"type": "IPV4_IPV6_MASK"
				}]
			}
		}
	}
}
2019-09-16 14:23:57,608 - CPE27-HKG2-SINGLE-CPE-DUAL-INTERNET11 - INFO - <Response [200]>
2019-09-16 14:23:57,608 - CPE27-HKG2-SINGLE-CPE-DUAL-INTERNET11 - DEBUG - 
PASS
2019-09-16 14:23:57,608 - CPE27-HKG2-SINGLE-CPE-DUAL-INTERNET11 - INFO -  >>>>>>>>>> DEVICE TEMPLATE CREATION PASSED. <<<<<<<<<<<
2019-09-16 14:24:07,779 - CPE27-HKG2-SINGLE-CPE-DUAL-INTERNET11 - DEBUG - {"TaskResponse":{"task-id":21635,"link":{"@rel":"GET","@href":"vnms/tasks/task/21635"}}}
2019-09-16 14:24:12,785 - CPE27-HKG2-SINGLE-CPE-DUAL-INTERNET11 - DEBUG - 21635
2019-09-16 14:24:12,937 - CPE27-HKG2-SINGLE-CPE-DUAL-INTERNET11 - DEBUG - {u'versa-tasks.task': {u'versa-tasks.user': u'Automated', u'versa-tasks.percentage-completion': 100, u'versa-tasks.progressmessages': {u'versa-tasks.progressmessage': [{u'versa-tasks.time': u'2019-09-16 08:54:08.776', u'versa-tasks.message': u'Creating device in hardware inventory [CPE27-HKG2-SINGLE-CPE-DUAL-INTERNET11]'}, {u'versa-tasks.time': u'2019-09-16 08:54:08.793', u'versa-tasks.message': u'Add device [CPE27-HKG2-SINGLE-CPE-DUAL-INTERNET11] to device group [IPC00190-SIN-PS-DIS-LIB-DG]'}, {u'versa-tasks.time': u'2019-09-16 08:54:08.798', u'versa-tasks.message': u'Adding device [CPE27-HKG2-SINGLE-CPE-DUAL-INTERNET11] to template [ IPC00190-SIN-PS-DIS-LIB ]'}, {u'versa-tasks.time': u'2019-09-16 08:54:08.825', u'versa-tasks.message': u'Binding device variables to template [ IPC00190-SIN-PS-DIS-LIB ]'}, {u'versa-tasks.time': u'2019-09-16 08:54:08.982', u'versa-tasks.message': u'Adding post-staging configuration to controllers [NV-WC02-N6-SIN, NV-WC01-N6-SIN]'}, {u'versa-tasks.time': u'2019-09-16 08:54:09.605', u'versa-tasks.message': u'Successfully deployed device.'}]}, u'versa-tasks.object-name': u'Device Workflow', u'versa-tasks.task-status': u'COMPLETED', u'versa-tasks.task-description': u'Device workflow deployment: { CPE27-HKG2-SINGLE-CPE-DUAL-INTERNET11 }', u'versa-tasks.task-name': u'Deploy', u'versa-tasks.domain-name': u'PROVIDER', u'versa-tasks.id': 21635, u'versa-tasks.start-time': u'2019-09-16 08:54:07.783', u'versa-tasks.end-time': u'2019-09-16 08:54:09.605', u'versa-tasks.errormessages': u''}}
2019-09-16 14:24:12,953 - CPE27-HKG2-SINGLE-CPE-DUAL-INTERNET11 - DEBUG - 100
2019-09-16 14:24:12,953 - CPE27-HKG2-SINGLE-CPE-DUAL-INTERNET11 - INFO - Sleeping for 5 seconds
2019-09-16 14:24:18,108 - CPE27-HKG2-SINGLE-CPE-DUAL-INTERNET11 - DEBUG - {"versa-tasks.task":{"versa-tasks.id":21635,"versa-tasks.task-name":"Deploy","versa-tasks.object-name":"Device Workflow","versa-tasks.domain-name":"PROVIDER","versa-tasks.user":"Automated","versa-tasks.task-description":"Device workflow deployment: { CPE27-HKG2-SINGLE-CPE-DUAL-INTERNET11 }","versa-tasks.task-status":"COMPLETED","versa-tasks.percentage-completion":100,"versa-tasks.progressmessages":{"versa-tasks.progressmessage":[{"versa-tasks.message":"Creating device in hardware inventory [CPE27-HKG2-SINGLE-CPE-DUAL-INTERNET11]","versa-tasks.time":"2019-09-16 08:54:08.776"},{"versa-tasks.message":"Add device [CPE27-HKG2-SINGLE-CPE-DUAL-INTERNET11] to device group [IPC00190-SIN-PS-DIS-LIB-DG]","versa-tasks.time":"2019-09-16 08:54:08.793"},{"versa-tasks.message":"Adding device [CPE27-HKG2-SINGLE-CPE-DUAL-INTERNET11] to template [ IPC00190-SIN-PS-DIS-LIB ]","versa-tasks.time":"2019-09-16 08:54:08.798"},{"versa-tasks.message":"Binding device variables to template [ IPC00190-SIN-PS-DIS-LIB ]","versa-tasks.time":"2019-09-16 08:54:08.825"},{"versa-tasks.message":"Adding post-staging configuration to controllers [NV-WC02-N6-SIN, NV-WC01-N6-SIN]","versa-tasks.time":"2019-09-16 08:54:08.982"},{"versa-tasks.message":"Successfully deployed device.","versa-tasks.time":"2019-09-16 08:54:09.605"}]},"versa-tasks.errormessages":"","versa-tasks.start-time":"2019-09-16 08:54:07.783","versa-tasks.end-time":"2019-09-16 08:54:09.605"}}
2019-09-16 14:24:18,108 - CPE27-HKG2-SINGLE-CPE-DUAL-INTERNET11 - INFO - >>>>>>>>>> Device deployed  <<<<<<<<<<<
2019-09-16 14:24:19,078 - CPE27-HKG2-SINGLE-CPE-DUAL-INTERNET11 - DEBUG - {u'versanms.sdwan-device-workflow': {u'postStagingTemplateInfo': {u'templateData': {u'device-template-variable': {u'variable-binding': {u'attrs': [{u'isAutogeneratable': False, u'name': u'{$v_INT-WAN2_IPv4__staticaddress}', u'value': u'172.16.6.106/30'}, {u'isAutogeneratable': True, u'isOverwritten': True, u'name': u'{$v_tvi-0-181_-_Unit_0_Static_address__tunnelStaticAddress}', u'value': u'20.20.90.27/32'}, {u'isAutogeneratable': False, u'name': u'{$v_vni-0-4_LAN1_Unit-0__vlanId}', u'value': 750}, {u'isAutogeneratable': True, u'name': u'{$v_Chassis_Id__sitesChassisId}', u'value': u'CPE27pSAB9'}, {u'isAutogeneratable': True, u'isOverwritten': True, u'name': u'{$v_IPC00190-Control-VR_90_Router_ID__vrRouteId}', u'value': u'20.20.90.27'}, {u'isAutogeneratable': True, u'name': u'{$v_IPC00190_NV-WC01-N6-SIN_Local_auth_email_identifier__IKELIdentifier}', u'value': u'CPE27-HKG2-SINGLE-CPE-DUAL-INTERNET11@colt.net'}, {u'isAutogeneratable': True, u'name': u'{$v_longitude__Idlongitude}', u'value': 77.594563}, {u'isAutogeneratable': False, u'name': u'{$v_INT-WAN2-Transport-VR_IPv4__vrHopAddress}', u'value': u'172.16.6.105'}, {u'isAutogeneratable': True, u'name': u'{$v_IPC00190_NV-WC01-N6-SIN_Local_auth_email_key__IKELKey}', u'value': u'CPE27-HKG2-SINGLE-CPE-DUAL-INTERNET11'}, {u'isAutogeneratable': False, u'name': u'{$v_INT-WAN1-Transport-VR_IPv4__vrHopAddress}', u'value': u'172.16.7.105'}, {u'isAutogeneratable': False, u'name': u'{$v_INT-WAN1_IPv4__staticaddress}', u'value': u'172.16.7.106/30'}, {u'isAutogeneratable': False, u'name': u'{$v_LAN2_IPv4__staticaddress}', u'value': u'192.170.2.1/24'}, {u'isAutogeneratable': True, u'name': u'{$v_IPC00190_NV-WC02-N6-SIN_Local_auth_email_key__IKELKey}', u'value': u'CPE27-HKG2-SINGLE-CPE-DUAL-INTERNET11'}, {u'isAutogeneratable': True, u'name': u'{$v_location__IdLocation}', u'value': u'bangalore,karnataka, india'}, {u'isAutogeneratable': False, u'name': u'{$v_vni-0-4_LAN2_Unit-1__unit}', u'value': 751}, {u'isAutogeneratable': True, u'name': u'{$v_IPC00190_NV-WC02-N6-SIN_Local_auth_email_identifier__IKELIdentifier}', u'value': u'CPE27-HKG2-SINGLE-CPE-DUAL-INTERNET11@colt.net'}, {u'isAutogeneratable': True, u'isOverwritten': True, u'name': u'{$v_IPC00190-Control-VR_90_Local_address__vrRouterAddress}', u'value': u'20.20.90.27'}, {u'isAutogeneratable': True, u'isOverwritten': True, u'name': u'{$v_tvi-0-180_-_Unit_0_Static_address__tunnelStaticAddress}', u'value': u'10.10.90.27/32'}, {u'isAutogeneratable': False, u'name': u'{$v_vni-0-4_LAN2_Unit-1__vlanId}', u'value': 751}, {u'isAutogeneratable': False, u'name': u'{$v_vni-0-4_LAN1_Unit-0__unit}', u'value': 750}, {u'isAutogeneratable': True, u'name': u'{$v_Site_Id__siteSiteID}', u'value': 4255}, {u'isAutogeneratable': True, u'name': u'{$v_IPC00190_Site_Name__sitesSiteName}', u'value': u'CPE27-HKG2-SINGLE-CPE-DUAL-INTERNET11'}, {u'isAutogeneratable': False, u'name': u'{$v_LAN1_IPv4__staticaddress}', u'value': u'192.170.1.1/24'}, {u'isAutogeneratable': True, u'name': u'{$v_latitude__IdLatitude}', u'value': 12.971599}, {u'isAutogeneratable': True, u'name': u'{$v_identification__IdName}', u'value': u'CPE27-HKG2-SINGLE-CPE-DUAL-INTERNET11'}]}, u'template': u'IPC00190-SIN-PS-DIS-LIB'}, u'variableMetadata': [{u'variable': u'{$v_INT-WAN2_IPv4__staticaddress}', u'type': u'IPV4_MASK', u'group': u'Interfaces', u'overlay': False}, {u'variable': u'{$v_tvi-0-181_-_Unit_0_Static_address__tunnelStaticAddress}', u'type': u'IPV4_IPV6_MASK', u'group': u'Interfaces', u'overlay': True}, {u'variable': u'{$v_vni-0-4_LAN1_Unit-0__vlanId}', u'type': u'INTEGER', u'group': u'Vlan Info', u'overlay': False}, {u'variable': u'{$v_Chassis_Id__sitesChassisId}', u'group': u'SDWAN', u'overlay': False}, {u'variable': u'{$v_IPC00190-Control-VR_90_Router_ID__vrRouteId}', u'type': u'IPV4', u'group': u'Virtual routers', u'overlay': True}, {u'variable': u'{$v_IPC00190_NV-WC01-N6-SIN_Local_auth_email_identifier__IKELIdentifier}', u'group': u'IPSEC', u'overlay': False}, {u'variable': u'{$v_longitude__Idlongitude}', u'group': u'SDWAN', u'overlay': False}, {u'variable': u'{$v_INT-WAN2-Transport-VR_IPv4__vrHopAddress}', u'type': u'IPV4', u'group': u'Virtual routers', u'overlay': False}, {u'variable': u'{$v_IPC00190_NV-WC01-N6-SIN_Local_auth_email_key__IKELKey}', u'group': u'IPSEC', u'overlay': False}, {u'variable': u'{$v_INT-WAN1-Transport-VR_IPv4__vrHopAddress}', u'type': u'IPV4', u'group': u'Virtual routers', u'overlay': False}, {u'variable': u'{$v_INT-WAN1_IPv4__staticaddress}', u'type': u'IPV4_MASK', u'group': u'Interfaces', u'overlay': False}, {u'variable': u'{$v_LAN2_IPv4__staticaddress}', u'type': u'IPV4_MASK', u'group': u'Interfaces', u'overlay': False}, {u'variable': u'{$v_IPC00190_NV-WC02-N6-SIN_Local_auth_email_key__IKELKey}', u'group': u'IPSEC', u'overlay': False}, {u'variable': u'{$v_location__IdLocation}', u'group': u'SDWAN', u'overlay': False}, {u'variable': u'{$v_vni-0-4_LAN2_Unit-1__unit}', u'type': u'INTEGER', u'group': u'Vlan Info', u'overlay': False}, {u'variable': u'{$v_IPC00190_NV-WC02-N6-SIN_Local_auth_email_identifier__IKELIdentifier}', u'group': u'IPSEC', u'overlay': False}, {u'variable': u'{$v_IPC00190-Control-VR_90_Local_address__vrRouterAddress}', u'type': u'IPV4', u'group': u'Virtual routers', u'overlay': True}, {u'variable': u'{$v_tvi-0-180_-_Unit_0_Static_address__tunnelStaticAddress}', u'type': u'IPV4_IPV6_MASK', u'group': u'Interfaces', u'overlay': True}, {u'variable': u'{$v_vni-0-4_LAN2_Unit-1__vlanId}', u'type': u'INTEGER', u'group': u'Vlan Info', u'overlay': False}, {u'variable': u'{$v_vni-0-4_LAN1_Unit-0__unit}', u'type': u'INTEGER', u'group': u'Vlan Info', u'overlay': False}, {u'variable': u'{$v_Site_Id__siteSiteID}', u'group': u'SDWAN', u'overlay': False}, {u'variable': u'{$v_IPC00190_Site_Name__sitesSiteName}', u'group': u'SDWAN', u'overlay': False}, {u'variable': u'{$v_LAN1_IPv4__staticaddress}', u'type': u'IPV4_MASK', u'group': u'Interfaces', u'overlay': False}, {u'variable': u'{$v_latitude__IdLatitude}', u'group': u'SDWAN', u'overlay': False}, {u'variable': u'{$v_identification__IdName}', u'group': u'SDWAN', u'overlay': False}]}, u'templateName': u'IPC00190-SIN-PS-DIS-LIB'}, u'deviceName': u'CPE27-HKG2-SINGLE-CPE-DUAL-INTERNET11', u'workflowStatus': u'Deployed', u'deviceGroup': u'IPC00190-SIN-PS-DIS-LIB-DG', u'orgName': u'IPC00190', u'serialNumber': u'CPE27pSAB9', u'locationInfo': {u'latitude': 12.971599, u'country': u'india', u'state': u'karnataka', u'longitude': 77.594563, u'city': u'bangalore'}, u'bandwidth': 0, u'lastUpdatedBy': u'Automated', u'siteId': 4255, u'instanceInfo': u'', u'stagingTemplateInfo': u'', u'lastModifiedTime': u'2019-09-16T08:54:09.466000+00:00', u'urlztpBasedInfo': {u'authType': u'psk', u'enableIpv4Dhcp': False, u'branchKey': u'7y7cz4K2coGfehRe', u'branchId': u'CPE27-HKG2-SINGLE-CPE-DUAL-INTERNET11@IPC00190.com', u'enableIpv6': False, u'enableIpv4': False, u'enableIpv6Dhcp': False}}}
2019-09-16 14:24:28,844 - CPE27-HKG2-SINGLE-CPE-DUAL-INTERNET11 - DEBUG - <netmiko.versa.versa.VersaSSH object at 0x000000000D2CCEF0>
2019-09-16 14:24:34,049 - CPE27-HKG2-SINGLE-CPE-DUAL-INTERNET11 - DEBUG - versa: Automated@VDir-BLR-NEW-01>
2019-09-16 14:24:38,586 - CPE27-HKG2-SINGLE-CPE-DUAL-INTERNET11 - DEBUG - configure private
Entering configuration mode private
[ok][2019-09-16 08:54:36]

[edit]
Automated@VDir-BLR-NEW-01% 
2019-09-16 14:24:40,805 - CPE27-HKG2-SINGLE-CPE-DUAL-INTERNET11 - DEBUG - True
2019-09-16 14:24:41,607 - CPE27-HKG2-SINGLE-CPE-DUAL-INTERNET11 - DEBUG - set devices device NV-WC01-N6-SIN config orgs org-services Colt ipsec vpn-profile INT-WAN-NV-WC01-N6-SIN-StagingIpsec psk-auth-clients remote-client IPC00190-CPE27-HKG2-SINGLE-CPE-DUAL-INTERNET11@colt.net id-type  email
[ok][2019-09-16 08:54:41]

[edit]
Automated@VDir-BLR-NEW-01% 
2019-09-16 14:24:42,408 - CPE27-HKG2-SINGLE-CPE-DUAL-INTERNET11 - DEBUG - set devices device NV-WC01-N6-SIN config orgs org-services Colt ipsec vpn-profile INT-WAN-NV-WC01-N6-SIN-StagingIpsec psk-auth-clients remote-client IPC00190-CPE27-HKG2-SINGLE-CPE-DUAL-INTERNET11@colt.net key CPE27-HKG2-SINGLE-CPE-DUAL-INTERNET11
[ok][2019-09-16 08:54:42]

[edit]
Automated@VDir-BLR-NEW-01% 
2019-09-16 14:24:43,009 - CPE27-HKG2-SINGLE-CPE-DUAL-INTERNET11 - DEBUG - commit and-quit
Commit complete.
[ok][2019-09-16 08:54:43]
Automated@VDir-BLR-NEW-01> 
2019-09-16 14:24:43,009 - CPE27-HKG2-SINGLE-CPE-DUAL-INTERNET11 - INFO - >>>>>>>>>> Staging profile config done  <<<<<<<<<<<
2019-09-16 14:24:43,161 - CPE27-HKG2-SINGLE-CPE-DUAL-INTERNET11 - INFO - STEP : ONBOARD CALL
2019-09-16 14:24:43,161 - CPE27-HKG2-SINGLE-CPE-DUAL-INTERNET11 - DEBUG - 
sudo /opt/versa/scripts/staging.py -w 2 -c 10.83.77.10 -s 172.16.6.106/30 -g 172.16.6.105 -l IPC00190-CPE27-HKG2-SINGLE-CPE-DUAL-INTERNET11@colt.net -lk CPE27-HKG2-SINGLE-CPE-DUAL-INTERNET11  -r NV-WC01-N6-SIN@colt.net -rk 1234

2019-09-16 14:24:49,019 - CPE27-HKG2-SINGLE-CPE-DUAL-INTERNET11 - DEBUG - vsh allow-cli
Enter password: 
2019-09-16 14:24:49,420 - CPE27-HKG2-SINGLE-CPE-DUAL-INTERNET11 - DEBUG - 

CLI now allowed
[admin@CPE27-HKG2-SINGLE-CPE-DUAL-INTERNET10: ~] # 
2019-09-16 14:24:49,819 - CPE27-HKG2-SINGLE-CPE-DUAL-INTERNET11 - DEBUG - cli
Access to this network/system is limited to users authorised by Colt for its legitimate business purposes. Unauthorised access, use, installation of files or modification of any data is prohibited. Use of this system/network will be audited

             .---.,
            (      ``.
       _     \        )    __      ________ _____   _____
      (  `.   \      /     \ \    / /  ____|  __ \ / ____|  /\
       \    `. )    /       \ \  / /| |__  | |__) | (___   /  \
        \     |    /         \ \/ / |  __| |  _  / \___ \ / /\ \
         \    |   /           \  /  | |____| | \ \ ____) / ____ \
          \   |  /             \/   |______|_|  \_\_____/_/    \_\
           \  | /
            \_|/                   _  _ ___ _______      _____  ___ _  _____
                                  | \| | __|_   _\ \    / / _ \| _ \ |/ / __|
                                  | .` | _|  | |  \ \/\/ / (_) |   / ' <\__ \
                                  |_|\_|___| |_|   \_/\_/ \___/|_|_\_|\_\___/



admin connected from 10.91.192.178 using ssh on CPE27-HKG2-SINGLE-CPE-DUAL-INTERNET10
[?7hadmin@CPE27-HKG2-SINGLE-CPE-DUAL-INTERNET10-cli> 
2019-09-16 14:24:50,220 - CPE27-HKG2-SINGLE-CPE-DUAL-INTERNET11 - DEBUG - request erase running-config
Will delete the running config and restart Versa
Services. Are you sure? [no,yes] 
2019-09-16 14:24:59,650 - CPE27-HKG2-SINGLE-CPE-DUAL-INTERNET11 - DEBUG - yes
status  Erasing config and restarting services 
[ok][2019-09-16 08:54:50]
admin@CPE27-HKG2-SINGLE-CPE-DUAL-INTERNET10-cli> 
System message at 2019-09-16 08:54:53...
    Subsystem stopped: eventd
admin@CPE27-HKG2-SINGLE-CPE-DUAL-INTERNET10-cli> 
System message at 2019-09-16 08:54:53...
    Subsystem stopped: acctmgrd
admin@CPE27-HKG2-SINGLE-CPE-DUAL-INTERNET10-cli> 
System message at 2019-09-16 08:54:53...
    Subsystem stopped: snmp-config-transform
admin@CPE27-HKG2-SINGLE-CPE-DUAL-INTERNET10-cli> 
System message at 2019-09-16 08:54:53...
    Subsystem stopped: snmp-config-hook
admin@CPE27-HKG2-SINGLE-CPE-DUAL-INTERNET10-cli> 
System message at 2019-09-16 08:54:53...
    Subsystem stopped: versa-vmod
admin@CPE27-HKG2-SINGLE-CPE-DUAL-INTERNET10-cli> 
System message at 2019-09-16 08:54:53...
    Subsystem stopped: rtd-mgmt-thread
admin@CPE27-HKG2-SINGLE-CPE-DUAL-INTERNET10-cli> 
System message at 2019-09-16 08:54:53...
    Subsystem stopped: router-dcl
admin@CPE27-HKG2-SINGLE-CPE-DUAL-INTERNET10-cli> 
System message at 2019-09-16 08:54:53...
    Subsystem stopped: infmgr
admin@CPE27-HKG2-SINGLE-CPE-DUAL-INTERNET10-cli> [admin@CPE27-HKG2-SINGLE-CPE-DUAL-INTERNET10: ~] # 
2019-09-16 14:25:00,250 - CPE27-HKG2-SINGLE-CPE-DUAL-INTERNET11 - DEBUG - process not up. Please wait for it to come up
2019-09-16 14:25:00,852 - CPE27-HKG2-SINGLE-CPE-DUAL-INTERNET11 - DEBUG - vsh status

~~~~~~~~~~~~~~~~~~~~~~~~~~~~~~~~~~~~~~~~~~~~~~~~~~~~~~~~~~~~~~~~~

The product evaluation period has expired.
 Please contact Versa Support (support@versa-networks.com) 

~~~~~~~~~~~~~~~~~~~~~~~~~~~~~~~~~~~~~~~~~~~~~~~~~~~~~~~~~~~~~~~~~

versa-service          is Stopped           
versa-infmgr           is Stopped           
versa-rfd              is Stopped           
versa-vmod             is Stopped           
versa-ip2user          is Stopped           
versa-imgr             is Stopped           
versa-acctmgrd         is Stopped           
versa-fltrmgr          is Stopped           
versa-vstated          is Stopped           
versa-spack            is Stopped           
versa-addrmgrd         is Stopped           
versa-rt-cli-xfm       is Stopped           
versa-rtd              is Stopped           
versa-dhcpd            is Stopped           
versa-eventd           is Stopped           
versa-vrrpd            is Stopped           
versa-dnsd             is Stopped           
versa-ppmd             is Stopped           
versa-snmp-xform       is Stopped           
versa-certd            is Stopped           
versa-ntpd             is Stopped           
versa-dhclient6        is Stopped           
versa-redis            is Stopped           
versa-av-redis         is Stopped           
versa-spackmgr         is Stopped           
versa-devmgr           is Stopped           
versa-monit            is Stopped           
versa-confd            is Running,          [-] process 1571
versa-fail2ban         is Stopped           
versa-auditd           is Stopped           
versa-nodejs           is Stopped           
[admin@CPE27-HKG2-SINGLE-CPE-DUAL-INTERNET10: ~] # 
2019-09-16 14:25:10,858 - CPE27-HKG2-SINGLE-CPE-DUAL-INTERNET11 - DEBUG - process not up. Please wait for it to come up
2019-09-16 14:25:11,459 - CPE27-HKG2-SINGLE-CPE-DUAL-INTERNET11 - DEBUG - vsh status

~~~~~~~~~~~~~~~~~~~~~~~~~~~~~~~~~~~~~~~~~~~~~~~~~~~~~~~~~~~~~~~~~

The product evaluation period has expired.
 Please contact Versa Support (support@versa-networks.com) 

~~~~~~~~~~~~~~~~~~~~~~~~~~~~~~~~~~~~~~~~~~~~~~~~~~~~~~~~~~~~~~~~~

versa-service          is Stopped           
versa-infmgr           is Stopped           
versa-rfd              is Stopped           
versa-vmod             is Stopped           
versa-ip2user          is Stopped           
versa-imgr             is Stopped           
versa-acctmgrd         is Stopped           
versa-fltrmgr          is Stopped           
versa-vstated          is Stopped           
versa-spack            is Stopped           
versa-addrmgrd         is Stopped           
versa-rt-cli-xfm       is Stopped           
versa-rtd              is Stopped           
versa-dhcpd            is Stopped           
versa-eventd           is Stopped           
versa-vrrpd            is Stopped           
versa-dnsd             is Stopped           
versa-ppmd             is Stopped           
versa-snmp-xform       is Stopped           
versa-certd            is Stopped           
versa-ntpd             is Stopped           
versa-dhclient6        is Stopped           
versa-redis            is Stopped           
versa-av-redis         is Stopped           
versa-spackmgr         is Stopped           
versa-devmgr           is Stopped           
versa-monit            is Stopped           
versa-confd            is Stopped           
versa-fail2ban         is Stopped           
versa-auditd           is Stopped           
versa-nodejs           is Stopped           
[admin@CPE27-HKG2-SINGLE-CPE-DUAL-INTERNET10: ~] # 
2019-09-16 14:25:21,473 - CPE27-HKG2-SINGLE-CPE-DUAL-INTERNET11 - DEBUG - process not up. Please wait for it to come up
2019-09-16 14:25:22,884 - CPE27-HKG2-SINGLE-CPE-DUAL-INTERNET11 - DEBUG - vsh status

~~~~~~~~~~~~~~~~~~~~~~~~~~~~~~~~~~~~~~~~~~~~~~~~~~~~~~~~~~~~~~~~~

The product evaluation period has expired.
 Please contact Versa Support (support@versa-networks.com) 

~~~~~~~~~~~~~~~~~~~~~~~~~~~~~~~~~~~~~~~~~~~~~~~~~~~~~~~~~~~~~~~~~


~~~~~~~~~~~~~~~~~~~~~~~~~~~~~~~~~~~~~~~~~~~~~~~~~~~~~~~~~~~~~~~~~

Netconf traffic yet to be allowed 

~~~~~~~~~~~~~~~~~~~~~~~~~~~~~~~~~~~~~~~~~~~~~~~~~~~~~~~~~~~~~~~~~

versa-service          is Stopped           
versa-infmgr           is Running,          [-] process 7100
versa-rfd              is Stopped           
versa-vmod             is Stopped           
versa-ip2user          is Stopped           
versa-imgr             is Stopped           
versa-acctmgrd         is Stopped           
versa-fltrmgr          is Running,          [-] process 7103
versa-vstated          is Running,          [-] process 7099
versa-spack            is Stopped           
versa-addrmgrd         is Stopped           
versa-rt-cli-xfm       is Stopped           
versa-rtd              is Stopped           
versa-dhcpd            is Running,          [-] process 7107
versa-eventd           is Stopped           
versa-vrrpd            is Running,          [-] process 7104
versa-dnsd             is Running,          [-] process 7102
versa-ppmd             is Stopped           
versa-snmp-xform       is Stopped           
versa-certd            is Stopped           
versa-ntpd             is Running,          [*] process 7087
versa-dhclient6        is Stopped           
versa-redis            is Running,          [-] process 6865
versa-av-redis         is Running,          [-] process 6866
versa-spackmgr         is Stopped           
versa-devmgr           is Stopped           
versa-monit            is Stopped           
versa-confd            is Running,          [*] process 6828
versa-fail2ban         is Stopped           
versa-auditd           is Stopped           
versa-nodejs           is Stopped           
[admin@CPE27-HKG2-SINGLE-CPE-DUAL-INTERNET10: ~] # 
2019-09-16 14:25:32,894 - CPE27-HKG2-SINGLE-CPE-DUAL-INTERNET11 - DEBUG - process not up. Please wait for it to come up
2019-09-16 14:25:35,301 - CPE27-HKG2-SINGLE-CPE-DUAL-INTERNET11 - DEBUG - vsh status

~~~~~~~~~~~~~~~~~~~~~~~~~~~~~~~~~~~~~~~~~~~~~~~~~~~~~~~~~~~~~~~~~

The product evaluation period has expired.
 Please contact Versa Support (support@versa-networks.com) 

~~~~~~~~~~~~~~~~~~~~~~~~~~~~~~~~~~~~~~~~~~~~~~~~~~~~~~~~~~~~~~~~~


~~~~~~~~~~~~~~~~~~~~~~~~~~~~~~~~~~~~~~~~~~~~~~~~~~~~~~~~~~~~~~~~~

Netconf traffic yet to be allowed 

~~~~~~~~~~~~~~~~~~~~~~~~~~~~~~~~~~~~~~~~~~~~~~~~~~~~~~~~~~~~~~~~~

versa-service          is Running,          [*] process 7346
versa-infmgr           is Running,          [-] process 7100
versa-rfd              is Running,          [-] process 7674
versa-vmod             is Running,          [-] process 7671
versa-ip2user          is Running,          [-] process 7679
versa-imgr             is Running,          [-] process 7688
versa-acctmgrd         is Running,          [-] process 7668
versa-fltrmgr          is Running,          [-] process 7103
versa-vstated          is Running,          [-] process 7099
versa-spack            is Running,          [-] process 7949
versa-addrmgrd         is Running,          [-] process 7681
versa-rt-cli-xfm       is Running,          [-] process 7637
versa-rtd              is Running,          [-] process 7660
versa-dhcpd            is Running,          [-] process 7107
versa-eventd           is Running,          [-] process 7667
versa-vrrpd            is Running,          [-] process 7104
versa-dnsd             is Running,          [-] process 7102
versa-ppmd             is Running,          [-] process 7627
versa-snmp-xform       is Running,          [-] process 7642
versa-certd            is Running,          [-] process 7683
versa-ntpd             is Running,          [*] process 7087
versa-dhclient6        is Running,          [-] process 7644
versa-redis            is Running,          [-] process 6865
versa-av-redis         is Running,          [-] process 6866
versa-spackmgr         is Running,          [-] process 7662
versa-devmgr           is Running,          [-] process 7808
versa-monit            is Running,          [*] process 7829
versa-confd            is Running,          [*] process 6828
versa-fail2ban         is Running,          [*] process 7859
versa-auditd           is Running,          [*] process 7874
versa-nodejs           is Running,          [-] process 7600
[admin@CPE27-HKG2-SINGLE-CPE-DUAL-INTERNET10: ~] # 
2019-09-16 14:25:45,313 - CPE27-HKG2-SINGLE-CPE-DUAL-INTERNET11 - DEBUG - process not up. Please wait for it to come up
2019-09-16 14:25:47,329 - CPE27-HKG2-SINGLE-CPE-DUAL-INTERNET11 - DEBUG - vsh status

~~~~~~~~~~~~~~~~~~~~~~~~~~~~~~~~~~~~~~~~~~~~~~~~~~~~~~~~~~~~~~~~~

The product evaluation period has expired.
 Please contact Versa Support (support@versa-networks.com) 

~~~~~~~~~~~~~~~~~~~~~~~~~~~~~~~~~~~~~~~~~~~~~~~~~~~~~~~~~~~~~~~~~

versa-service          is Running,          [*] process 7346
versa-infmgr           is Running,          [-] process 7100
versa-rfd              is Running,          [-] process 7674
versa-vmod             is Running,          [-] process 7671
versa-ip2user          is Running,          [-] process 7679
versa-imgr             is Running,          [-] process 7688
versa-acctmgrd         is Running,          [-] process 7668
versa-fltrmgr          is Running,          [-] process 7103
versa-vstated          is Running,          [-] process 7099
versa-spack            is Running,          [-] process 7949
versa-addrmgrd         is Running,          [-] process 7681
versa-rt-cli-xfm       is Running,          [-] process 7637
versa-rtd              is Running,          [-] process 7660
versa-dhcpd            is Running,          [-] process 7107
versa-eventd           is Running,          [-] process 7667
versa-vrrpd            is Running,          [-] process 7104
versa-dnsd             is Running,          [-] process 7102
versa-ppmd             is Running,          [-] process 7627
versa-snmp-xform       is Running,          [-] process 7642
versa-certd            is Running,          [-] process 7683
versa-ntpd             is Running,          [*] process 7087
versa-dhclient6        is Running,          [-] process 7644
versa-redis            is Running,          [-] process 8710
versa-av-redis         is Running,          [-] process 6866
versa-spackmgr         is Running,          [-] process 7662
versa-devmgr           is Running,          [-] process 7808
versa-monit            is Running,          [*] process 7829
versa-confd            is Running,          [*] process 6828
versa-fail2ban         is Running,          [*] process 7859
versa-auditd           is Running,          [*] process 7874
versa-nodejs           is Running,          [-] process 7600
[admin@CPE27-HKG2-SINGLE-CPE-DUAL-INTERNET10: ~] # 
2019-09-16 14:25:57,329 - CPE27-HKG2-SINGLE-CPE-DUAL-INTERNET11 - DEBUG - After breaking while
2019-09-16 14:25:58,948 - CPE27-HKG2-SINGLE-CPE-DUAL-INTERNET11 - DEBUG - 
~~~~~~~~~~~~~~~~~~~~~~~~~~~~~~~~~~~~~~~~~~~~~~~~~~~~~~~~~~~~~~~~~

The product evaluation period has expired.
 Please contact Versa Support (support@versa-networks.com) 

~~~~~~~~~~~~~~~~~~~~~~~~~~~~~~~~~~~~~~~~~~~~~~~~~~~~~~~~~~~~~~~~~

versa-service          is Running,          [*] process 7346
versa-infmgr           is Running,          [-] process 7100
versa-rfd              is Running,          [-] process 7674
versa-vmod             is Running,          [-] process 7671
versa-ip2user          is Running,          [-] process 7679
versa-imgr             is Running,          [-] process 7688
versa-acctmgrd         is Running,          [-] process 7668
versa-fltrmgr          is Running,          [-] process 7103
versa-vstated          is Running,          [-] process 7099
versa-spack            is Running,          [-] process 7949
versa-addrmgrd         is Running,          [-] process 7681
versa-rt-cli-xfm       is Running,          [-] process 7637
versa-rtd              is Running,          [-] process 7660
versa-dhcpd            is Running,          [-] process 7107
versa-eventd           is Running,          [-] process 7667
versa-vrrpd            is Running,          [-] process 7104
versa-dnsd             is Running,          [-] process 7102
versa-ppmd             is Running,          [-] process 7627
versa-snmp-xform       is Running,          [-] process 7642
versa-certd            is Running,          [-] process 7683
versa-ntpd             is Running,          [*] process 7087
versa-dhclient6        is Running,          [-] process 7644
versa-redis            is Running,          [-] process 8710
versa-av-redis         is Running,          [-] process 6866
versa-spackmgr         is Running,          [-] process 7662
versa-devmgr           is Running,          [-] process 7808
versa-monit            is Running,          [*] process 7829
versa-confd            is Running,          [*] process 6828
versa-fail2ban         is Running,          [*] process 7859
versa-auditd           is Running,          [*] process 7874
versa-nodejs           is Running,          [-] process 7600
2019-09-16 14:25:59,351 - CPE27-HKG2-SINGLE-CPE-DUAL-INTERNET11 - DEBUG - CPE27oSAB9
2019-09-16 14:25:59,752 - CPE27-HKG2-SINGLE-CPE-DUAL-INTERNET11 - DEBUG - CPE27pSAB9
2019-09-16 14:26:00,167 - CPE27-HKG2-SINGLE-CPE-DUAL-INTERNET11 - DEBUG - CPE27pSAB9
2019-09-16 14:26:00,568 - CPE27-HKG2-SINGLE-CPE-DUAL-INTERNET11 - DEBUG - E-DUAL-INTERNET1 
1  -r NV-WC01-N6-SIN@colt.net -rk 1234

2019-09-16 14:32:16,930 - CPE27-HKG2-SINGLE-CPE-DUAL-INTERNET11 - INFO - 
 	 >>>>>>>>>>>> CPE ONBOARDING PASSED <<<<<<<<<<<<
 	 >>>>>>>>>>>>    CPE DETAILS        <<<<<<<<<<<<
2019-09-16 14:32:17,684 - CPE27-HKG2-SINGLE-CPE-DUAL-INTERNET11 - INFO - None
2019-09-16 14:32:17,684 - CPE27-HKG2-SINGLE-CPE-DUAL-INTERNET11 - INFO - CPE ONBOARDINIG SCRIPT COMPLETED
2019-09-16 14:32:17,684 - CPE27-HKG2-SINGLE-CPE-DUAL-INTERNET11 - INFO - Time elapsed: 0:08:28.700000

2019-09-16 14:32:17,684 - CPE27-HKG2-SINGLE-CPE-DUAL-INTERNET11 - INFO - LOG FILE PATH : C:\Softwares_mine\stefano\NV_REPOSITORY\csit/LOGS/2019_09_16_14_23_48_968000/MAIN.log
