2020-02-11 17:43:02,832 - VD1 - DEBUG - <netmiko.versa.versa_ssh.VersaSSH object at 0x000000000DE36F98>
2020-02-11 17:43:08,052 - VD1 - DEBUG - versa: Automated@VDir-BLR-NEW-01>
2020-02-11 17:43:08,052 - CPE11-HKG-HYBRD-IPC00190 - INFO - CPE NAME:CPE11-HKG-HYBRD-IPC00190
2020-02-11 17:43:09,052 - CPE11-HKG-HYBRD-IPC00190 - INFO - SOLUTION SELECTED:SINGLE-CPE-HYBRID
2020-02-11 17:43:20,914 - CPE11-HKG-HYBRD-IPC00190 - DEBUG - <netmiko.versa.versa_ssh.VersaSSH object at 0x000000000D312EF0>
2020-02-11 17:43:26,119 - CPE11-HKG-HYBRD-IPC00190 - DEBUG - versa: Automated@VDir-BLR-NEW-01>
2020-02-11 17:43:46,016 - CPE11-HKG-HYBRD-IPC00190 - INFO - 
CREATE SLA profile

2020-02-11 17:43:48,848 - CPE11-HKG-HYBRD-IPC00190 - DEBUG - <Response [201]>
2020-02-11 17:43:48,848 - CPE11-HKG-HYBRD-IPC00190 - INFO - 
PASS
2020-02-11 17:43:48,848 - CPE11-HKG-HYBRD-IPC00190 - INFO - >>>>>>>>>> CREATE SLA Profile PASSED. <<<<<<<<<<<
2020-02-11 17:43:50,006 - CPE11-HKG-HYBRD-IPC00190 - INFO - 
CREATE FWD PROFILE

2020-02-11 17:43:52,690 - CPE11-HKG-HYBRD-IPC00190 - DEBUG - <Response [201]>
2020-02-11 17:43:52,690 - CPE11-HKG-HYBRD-IPC00190 - INFO - 
PASS
2020-02-11 17:43:52,690 - CPE11-HKG-HYBRD-IPC00190 - INFO - >>>>>>>>>> FORWARDING PROFILE CREATION PASSED. <<<<<<<<<<<
2020-02-11 17:43:52,691 - CPE11-HKG-HYBRD-IPC00190 - INFO - 
CREATE IPaddress Object

2020-02-11 17:43:54,875 - CPE11-HKG-HYBRD-IPC00190 - DEBUG - <Response [201]>
2020-02-11 17:43:54,875 - CPE11-HKG-HYBRD-IPC00190 - INFO - 
PASS
2020-02-11 17:43:54,875 - CPE11-HKG-HYBRD-IPC00190 - INFO - >>>>>>>>>> ADDRESS OBJECT CREATION PASSED. <<<<<<<<<<<
2020-02-11 17:43:54,875 - CPE11-HKG-HYBRD-IPC00190 - INFO - 
CREATE Policy rule

2020-02-11 17:43:57,234 - CPE11-HKG-HYBRD-IPC00190 - DEBUG - <Response [201]>
2020-02-11 17:43:57,234 - CPE11-HKG-HYBRD-IPC00190 - INFO - 
PASS
2020-02-11 17:43:57,236 - CPE11-HKG-HYBRD-IPC00190 - INFO - >>>>>>>>>> CREATE POLICY RULE PASSED. <<<<<<<<<<<
2020-02-11 17:47:09,466 - CPE11-HKG-HYBRD-IPC00190 - INFO - 
DELETE IPaddress Object

2020-02-11 17:47:13,684 - CPE11-HKG-HYBRD-IPC00190 - INFO - 
PASS
2020-02-11 17:47:13,684 - CPE11-HKG-HYBRD-IPC00190 - INFO - >>>>>>>>>> Policy rule DELETION PASSED. <<<<<<<<<<<
2020-02-11 17:47:13,684 - CPE11-HKG-HYBRD-IPC00190 - INFO - 
DELETE IPaddress Object

2020-02-11 17:47:16,486 - CPE11-HKG-HYBRD-IPC00190 - INFO - 
PASS
2020-02-11 17:47:16,486 - CPE11-HKG-HYBRD-IPC00190 - INFO - >>>>>>>>>> ADDRESS OBJECT DELETION PASSED. <<<<<<<<<<<
2020-02-11 17:47:16,487 - CPE11-HKG-HYBRD-IPC00190 - INFO - 
DELETE FWD PROFILE

2020-02-11 17:47:19,486 - CPE11-HKG-HYBRD-IPC00190 - INFO - 
PASS
2020-02-11 17:47:19,486 - CPE11-HKG-HYBRD-IPC00190 - INFO - >>>>>>>>>> FORWARDING PROFILE DELETION PASSED. <<<<<<<<<<<
2020-02-11 17:47:19,486 - CPE11-HKG-HYBRD-IPC00190 - INFO - 
DELETE SLA profile

2020-02-11 17:47:22,121 - CPE11-HKG-HYBRD-IPC00190 - INFO - 
PASS
2020-02-11 17:47:22,122 - CPE11-HKG-HYBRD-IPC00190 - INFO - >>>>>>>>>> DELETE SLA Profile PASSED. <<<<<<<<<<<
