2019-09-16 16:44:04,592 - CPE27-HKG2-SINGLE-CPE-DUAL-INTERNET16 - INFO - LOG FILE PATH : C:\Softwares_mine\stefano\NV_REPOSITORY\csit/LOGS/2019_09_16_16_44_01_673000/MAIN.log
2019-09-16 16:44:04,592 - CPE27-HKG2-SINGLE-CPE-DUAL-INTERNET16 - INFO - CPE NAME:CPE27-HKG2-SINGLE-CPE-DUAL-INTERNET16
2019-09-16 16:44:05,592 - CPE27-HKG2-SINGLE-CPE-DUAL-INTERNET16 - INFO - SOLUTION SELECTED:SINGLE-CPE-DUAL-INTERNET
2019-09-16 16:44:06,801 - CPE27-HKG2-SINGLE-CPE-DUAL-INTERNET16 - DEBUG - {u'versanms.sdwan-org-workflow': {u'ikeAuthType': u'psk', u'globalId': 90, u'orgName': u'IPC00190', u'controllers': [u'NV-WC01-N1-HKG', u'NV-WC01-N6-SIN', u'NV-WC02-N1-HKG', u'NV-WC02-N6-SIN'], u'bandwidth': 10, u'parentOrg': u'Colt', u'vrfs': [{u'name': u'LAN1-VRF', u'enableVPN': True, u'id': 1020}, {u'name': u'LAN2-VRF', u'enableVPN': True, u'id': 1021}, {u'name': u'LAN3-VRF', u'enableVPN': True, u'id': 1022}, {u'name': u'LAN4-VRF', u'enableVPN': True, u'id': 1023}, {u'name': u'LAN5-VRF', u'enableVPN': True, u'id': 1024}, {u'name': u'LAN6-VRF', u'enableVPN': True, u'id': 1025}, {u'name': u'LAN7-VRF', u'enableVPN': True, u'id': 1026}, {u'name': u'LAN8-VRF', u'enableVPN': True, u'id': 1027}, {u'name': u'LAN9-VRF', u'enableVPN': True, u'id': 1028}, {u'name': u'LAN10-VRF', u'enableVPN': True, u'id': 1029}], u'solutionTier': u'base-sdwan', u'sharedControlPlane': False}}
2019-09-16 16:44:06,806 - CPE27-HKG2-SINGLE-CPE-DUAL-INTERNET16 - INFO - STEP : CHECK ORG is available in Controller NV-WC01-N1-HKG
2019-09-16 16:44:06,806 - CPE27-HKG2-SINGLE-CPE-DUAL-INTERNET16 - INFO - PASS
2019-09-16 16:44:07,108 - CPE27-HKG2-SINGLE-CPE-DUAL-INTERNET16 - DEBUG - {u'versanms.sdwan-org-workflow': {u'ikeAuthType': u'psk', u'globalId': 90, u'orgName': u'IPC00190', u'controllers': [u'NV-WC01-N1-HKG', u'NV-WC01-N6-SIN', u'NV-WC02-N1-HKG', u'NV-WC02-N6-SIN'], u'bandwidth': 10, u'parentOrg': u'Colt', u'vrfs': [{u'name': u'LAN1-VRF', u'enableVPN': True, u'id': 1020}, {u'name': u'LAN2-VRF', u'enableVPN': True, u'id': 1021}, {u'name': u'LAN3-VRF', u'enableVPN': True, u'id': 1022}, {u'name': u'LAN4-VRF', u'enableVPN': True, u'id': 1023}, {u'name': u'LAN5-VRF', u'enableVPN': True, u'id': 1024}, {u'name': u'LAN6-VRF', u'enableVPN': True, u'id': 1025}, {u'name': u'LAN7-VRF', u'enableVPN': True, u'id': 1026}, {u'name': u'LAN8-VRF', u'enableVPN': True, u'id': 1027}, {u'name': u'LAN9-VRF', u'enableVPN': True, u'id': 1028}, {u'name': u'LAN10-VRF', u'enableVPN': True, u'id': 1029}], u'solutionTier': u'base-sdwan', u'sharedControlPlane': False}}
2019-09-16 16:44:07,108 - CPE27-HKG2-SINGLE-CPE-DUAL-INTERNET16 - INFO - STEP : CHECK ORG is available in Controller NV-WC02-N6-SIN
2019-09-16 16:44:07,108 - CPE27-HKG2-SINGLE-CPE-DUAL-INTERNET16 - INFO - PASS
2019-09-16 16:44:07,400 - CPE27-HKG2-SINGLE-CPE-DUAL-INTERNET16 - DEBUG - {u'versanms.sdwan-org-workflow': {u'ikeAuthType': u'psk', u'globalId': 90, u'orgName': u'IPC00190', u'controllers': [u'NV-WC01-N1-HKG', u'NV-WC01-N6-SIN', u'NV-WC02-N1-HKG', u'NV-WC02-N6-SIN'], u'bandwidth': 10, u'parentOrg': u'Colt', u'vrfs': [{u'name': u'LAN1-VRF', u'enableVPN': True, u'id': 1020}, {u'name': u'LAN2-VRF', u'enableVPN': True, u'id': 1021}, {u'name': u'LAN3-VRF', u'enableVPN': True, u'id': 1022}, {u'name': u'LAN4-VRF', u'enableVPN': True, u'id': 1023}, {u'name': u'LAN5-VRF', u'enableVPN': True, u'id': 1024}, {u'name': u'LAN6-VRF', u'enableVPN': True, u'id': 1025}, {u'name': u'LAN7-VRF', u'enableVPN': True, u'id': 1026}, {u'name': u'LAN8-VRF', u'enableVPN': True, u'id': 1027}, {u'name': u'LAN9-VRF', u'enableVPN': True, u'id': 1028}, {u'name': u'LAN10-VRF', u'enableVPN': True, u'id': 1029}], u'solutionTier': u'base-sdwan', u'sharedControlPlane': False}}
2019-09-16 16:44:07,401 - CPE27-HKG2-SINGLE-CPE-DUAL-INTERNET16 - INFO - STEP : CHECK ORG is available in Controller NV-WC01-N6-SIN
2019-09-16 16:44:07,401 - CPE27-HKG2-SINGLE-CPE-DUAL-INTERNET16 - INFO - PASS
2019-09-16 16:44:07,401 - CPE27-HKG2-SINGLE-CPE-DUAL-INTERNET16 - INFO - STEP : POST STAGING TEMPLATE CREATION AND DEPLOYMENT

2019-09-16 16:44:07,438 - CPE27-HKG2-SINGLE-CPE-DUAL-INTERNET16 - DEBUG - {
  "versanms.sdwan-template-workflow": {
    "templateName": "YUT",
    "templateType": "sdwan-post-staging",
    "controllers": ["NV-WC01-N6-SIN", "NV-WC02-N6-SIN"],
    "providerOrg": {
      "name": "IPC00190",
      "statefulFW": true,
      "nextGenFW": false
    },
    "analyticsCluster": "LogCollectors-GGN",
    "deviceFirmfactor": "6",
    "wanInterfaces": [
      {
        "interfaceName": "vni-0/1",
        "pppoe": false,
        "unitInfo": [
          {
            "subUnit": 0,
            "vlanId": 0,
            "networkName": "INT-WAN1",
            "ipv4Static": true,
            "ipv4Dhcp": false,
            "ipv6Static": false,
            "ipv6Dhcp": false,
            "allowSSH": false,
            "monitor": {},
            "linkPriority": "",
            "transportDomains": [
              "INTERNET-TD"
            ]
          }
        ]
      },
      {
        "interfaceName": "vni-0/2",
        "pppoe": false,
        "unitInfo": [
          {
            "subUnit": 0,
            "vlanId": 0,
            "networkName": "INT-WAN2",
            "ipv4Static": true,
            "ipv4Dhcp": false,
            "ipv6Static": false,
            "ipv6Dhcp": false,
            "allowSSH": false,
            "monitor": {},
            "linkPriority": "",
            "transportDomains": [
              "INTERNET-TD"
            ]
          }
        ]
      }
    ],
    "deviceType": "full-mesh",
    "redundantPair": {
      "enable": false
    },
    "lanInterfaces": [
      {
		"interfaceName": "vni-0/4",
		"unitInfo": [
		{
			"subUnit": "{$v_vni-0-4_LAN1_Unit-0__unit}",
			"vlanId": "{$v_vni-0-4_LAN1_Unit-0__vlanId}",
			"networkName": "LAN1",
			"subOrganization": "IPC00190",
			"ipv4Static": true,
			"ipv4Dhcp": false,
			"ip6Static": false,
			"ipv6Dhcp": false,
			"vrfName": "LAN1-VRF",
			"zoneName": ""
		}
		
				,{
			"subUnit": "{$v_vni-0-4_LAN2_Unit-1__unit}",
			"vlanId": "{$v_vni-0-4_LAN2_Unit-1__vlanId}",
			"networkName": "LAN2",
			"subOrganization": "IPC00190",
			"ipv4Static": true,
			"ipv4Dhcp": false,
			"ip6Static": false,
			"ipv6Dhcp": false,
			"vrfName": "LAN2-VRF",
			"zoneName": ""
		}
		
	]
	}
    ],
    "solutionTier": "standard-sdwan",
    "bandwidth": 1000,
    "customParams": [],
    "minimumImageVersion": "16.1R2-S9",
    "isAnalyticsEnabled": true,
    "isPrimary": true,
    "diaConfig": {
      
      "loadBalance": false},
    "splitTunnels": [
    {
        "vrfName": "LAN1-VRF",
        "wanNetworkName": "INT-WAN1",
        "dia": true,
        "gateway": false
      },
      {
        "vrfName": "LAN1-VRF",
        "wanNetworkName": "INT-WAN2",
        "dia": true,
        "gateway": false
      }
    
    ,{
        "vrfName": "LAN2-VRF",
        "wanNetworkName": "INT-WAN1",
        "dia": true,
        "gateway": false
      },
      {
        "vrfName": "LAN2-VRF",
        "wanNetworkName": "INT-WAN2",
        "dia": true,
        "gateway": false
      }
    
    ],
    "inBoundNats": []
  }
}
2019-09-16 16:44:07,723 - CPE27-HKG2-SINGLE-CPE-DUAL-INTERNET16 - DEBUG - <Response [500]>
2019-09-16 16:44:07,723 - CPE27-HKG2-SINGLE-CPE-DUAL-INTERNET16 - ERROR - {"error":{"http_status_code":500,"code":0,"message":"Template workflow [ YUT] already exists. Please choose another name.","more_info":"http://nms.versa.com/errors/null"}}
2019-09-16 16:44:07,723 - CPE27-HKG2-SINGLE-CPE-DUAL-INTERNET16 - DEBUG - 
FAIL : {"error":{"http_status_code":500,"code":0,"message":"Template workflow [ YUT] already exists. Please choose another name.","more_info":"http://nms.versa.com/errors/null"}}
2019-09-16 16:44:07,723 - CPE27-HKG2-SINGLE-CPE-DUAL-INTERNET16 - INFO - >>>>>>>>>> POST STAGING TEMPLATE CREATION FAILED. <<<<<<<<<<<
