2019-02-12 13:46:11,481 - VD1 - INFO - ORG NAME:satish-tiru
2019-02-12 13:46:14,297 - VD1 - DEBUG - {
  "versanms.sdwan-org-workflow": {
    "orgName": "satish-tiru",
    "globalId": "203",
    "parentOrg": "Colt",
    "ikeAuthType": "psk",
    "sharedControlPlane": false,
    "controllers": ["NV-WC01-N2-BLR", "NV-WC02-N4-MUM", "NV-WC02-N2-BLR"],
    "vrfs": [{ "name": "LAN1-VRF", "id": "2150", "enableVPN": "true", "tooltip": "" },{ "name": "LAN2-VRF", "id": "2151", "enableVPN": "true", "tooltip": "" },{ "name": "LAN3-VRF", "id": "2152", "enableVPN": "true", "tooltip": "" },{ "name": "LAN4-VRF", "id": "2153", "enableVPN": "true", "tooltip": "" },{ "name": "LAN5-VRF", "id": "2154", "enableVPN": "true", "tooltip": "" },{ "name": "LAN6-VRF", "id": "2155", "enableVPN": "true", "tooltip": "" },{ "name": "LAN7-VRF", "id": "2156", "enableVPN": "true", "tooltip": "" },{ "name": "LAN8-VRF", "id": "2157", "enableVPN": "true", "tooltip": "" },{ "name": "LAN9-VRF", "id": "2158", "enableVPN": "true", "tooltip": "" },{ "name": "LAN10-VRF", "id": "2159", "enableVPN": "true", "tooltip": "" }],
    "supportedRoles": []
  }
}
2019-02-12 13:46:14,685 - VD1 - INFO - <Response [500]>
2019-02-12 13:46:14,685 - VD1 - INFO - {"error":{"http_status_code":500,"code":0,"message":" Global Id: 203 is already configured.","more_info":"http://nms.versa.com/errors/null"}}
2019-02-12 13:46:14,686 - VD1 - INFO - FAIL : {"error":{"http_status_code":500,"code":0,"message":" Global Id: 203 is already configured.","more_info":"http://nms.versa.com/errors/null"}}
2019-02-12 13:46:14,686 - VD1 - INFO - 
********************
RESULT:
ORG DEPLOYMENT : FAIL : {"error":{"http_status_code":500,"code":0,"message":" Global Id: 203 is already configured.","more_info":"http://nms.versa.com/errors/null"}}

********************

