2020-03-03 12:54:08,036 - VD1 - DEBUG - <netmiko.versa.versa_ssh.VersaSSH object at 0x000000000DEBB4A8>
2020-03-03 12:54:13,240 - VD1 - DEBUG - versa: Automated@VDir-BLR-NEW-01>
2020-03-03 12:54:17,943 - CPE11-HKG-HYBRD-IPC00190 - DEBUG - <netmiko.versa.versa_ssh.VersaSSH object at 0x000000000DF2D438>
2020-03-03 12:54:23,250 - CPE11-HKG-HYBRD-IPC00190 - DEBUG - versa: Automated@VDir-BLR-NEW-01>
2020-03-03 12:54:47,813 - CPE12-HKG-HYBRD-IPC00190 - DEBUG - <netmiko.versa.versa_ssh.VersaSSH object at 0x000000000DF47160>
2020-03-03 12:54:53,017 - CPE12-HKG-HYBRD-IPC00190 - DEBUG - versa: Automated@VDir-BLR-NEW-01>
2020-03-03 12:56:07,621 - CPE11-HKG-HYBRD-IPC00190 - INFO - 
CREATE SLA profile

2020-03-03 12:56:09,549 - CPE11-HKG-HYBRD-IPC00190 - DEBUG - <Response [201]>
2020-03-03 12:56:09,555 - CPE11-HKG-HYBRD-IPC00190 - INFO - 
PASS
2020-03-03 12:56:09,556 - CPE11-HKG-HYBRD-IPC00190 - INFO - >>>>>>>>>> CREATE SLA Profile PASSED. <<<<<<<<<<<
2020-03-03 12:56:09,559 - CPE11-HKG-HYBRD-IPC00190 - INFO - 
CREATE FWD PROFILE

2020-03-03 12:56:11,677 - CPE11-HKG-HYBRD-IPC00190 - DEBUG - <Response [201]>
2020-03-03 12:56:11,677 - CPE11-HKG-HYBRD-IPC00190 - INFO - 
PASS
2020-03-03 12:56:11,678 - CPE11-HKG-HYBRD-IPC00190 - INFO - >>>>>>>>>> FORWARDING PROFILE CREATION PASSED. <<<<<<<<<<<
2020-03-03 12:56:11,681 - CPE11-HKG-HYBRD-IPC00190 - INFO - 
CREATE IPaddress Object

2020-03-03 12:56:13,345 - CPE11-HKG-HYBRD-IPC00190 - DEBUG - <Response [201]>
2020-03-03 12:56:13,345 - CPE11-HKG-HYBRD-IPC00190 - INFO - 
PASS
2020-03-03 12:56:13,345 - CPE11-HKG-HYBRD-IPC00190 - INFO - >>>>>>>>>> ADDRESS OBJECT CREATION PASSED. <<<<<<<<<<<
2020-03-03 12:56:13,346 - CPE11-HKG-HYBRD-IPC00190 - INFO - 
CREATE IPaddress Object

2020-03-03 12:56:15,937 - CPE11-HKG-HYBRD-IPC00190 - DEBUG - <Response [201]>
2020-03-03 12:56:15,937 - CPE11-HKG-HYBRD-IPC00190 - INFO - 
PASS
2020-03-03 12:56:15,937 - CPE11-HKG-HYBRD-IPC00190 - INFO - >>>>>>>>>> ADDRESS OBJECT CREATION PASSED. <<<<<<<<<<<
2020-03-03 12:56:15,940 - CPE11-HKG-HYBRD-IPC00190 - INFO - 
CREATE Service Object

2020-03-03 12:56:17,407 - CPE11-HKG-HYBRD-IPC00190 - DEBUG - <Response [201]>
2020-03-03 12:56:17,407 - CPE11-HKG-HYBRD-IPC00190 - INFO - 
PASS
2020-03-03 12:56:17,408 - CPE11-HKG-HYBRD-IPC00190 - INFO - >>>>>>>>>> Service OBJECT CREATION PASSED. <<<<<<<<<<<
2020-03-03 12:56:17,414 - CPE11-HKG-HYBRD-IPC00190 - INFO - 
CREATE Policy rule

2020-03-03 12:56:19,914 - CPE11-HKG-HYBRD-IPC00190 - DEBUG - <Response [201]>
2020-03-03 12:56:19,915 - CPE11-HKG-HYBRD-IPC00190 - INFO - 
PASS
2020-03-03 12:56:19,915 - CPE11-HKG-HYBRD-IPC00190 - INFO - >>>>>>>>>> CREATE POLICY RULE PASSED. <<<<<<<<<<<
2020-03-03 13:02:49,470 - CPE11-HKG-HYBRD-IPC00190 - INFO - 
DELETE IPaddress Object

2020-03-03 13:02:53,210 - CPE11-HKG-HYBRD-IPC00190 - INFO - 
PASS
2020-03-03 13:02:53,210 - CPE11-HKG-HYBRD-IPC00190 - INFO - >>>>>>>>>> Policy rule DELETION PASSED. <<<<<<<<<<<
2020-03-03 13:02:53,220 - CPE11-HKG-HYBRD-IPC00190 - INFO - 
DELETE Service Object

2020-03-03 13:02:55,552 - CPE11-HKG-HYBRD-IPC00190 - INFO - 
PASS
2020-03-03 13:02:55,552 - CPE11-HKG-HYBRD-IPC00190 - INFO - >>>>>>>>>> ADDRESS OBJECT DELETION PASSED. <<<<<<<<<<<
2020-03-03 13:02:55,555 - CPE11-HKG-HYBRD-IPC00190 - INFO - 
DELETE IPaddress Object

2020-03-03 13:02:58,144 - CPE11-HKG-HYBRD-IPC00190 - INFO - 
PASS
2020-03-03 13:02:58,144 - CPE11-HKG-HYBRD-IPC00190 - INFO - >>>>>>>>>> ADDRESS OBJECT DELETION PASSED. <<<<<<<<<<<
2020-03-03 13:02:58,145 - CPE11-HKG-HYBRD-IPC00190 - INFO - 
DELETE IPaddress Object

2020-03-03 13:03:00,680 - CPE11-HKG-HYBRD-IPC00190 - INFO - 
PASS
2020-03-03 13:03:00,681 - CPE11-HKG-HYBRD-IPC00190 - INFO - >>>>>>>>>> ADDRESS OBJECT DELETION PASSED. <<<<<<<<<<<
2020-03-03 13:03:00,686 - CPE11-HKG-HYBRD-IPC00190 - INFO - 
DELETE FWD PROFILE

2020-03-03 13:03:04,260 - CPE11-HKG-HYBRD-IPC00190 - INFO - 
PASS
2020-03-03 13:03:04,262 - CPE11-HKG-HYBRD-IPC00190 - INFO - >>>>>>>>>> FORWARDING PROFILE DELETION PASSED. <<<<<<<<<<<
2020-03-03 13:03:04,265 - CPE11-HKG-HYBRD-IPC00190 - INFO - 
DELETE SLA profile

2020-03-03 13:03:06,538 - CPE11-HKG-HYBRD-IPC00190 - INFO - 
PASS
2020-03-03 13:03:06,539 - CPE11-HKG-HYBRD-IPC00190 - INFO - >>>>>>>>>> DELETE SLA Profile PASSED. <<<<<<<<<<<
