2020-03-02 17:39:22,223 - VD1 - DEBUG - <netmiko.versa.versa_ssh.VersaSSH object at 0x000000000E6379B0>
2020-03-02 17:39:27,426 - VD1 - DEBUG - versa: Automated@VDir-BLR-NEW-01>
2020-03-02 17:39:32,091 - CPE11-HKG-HYBRD-IPC00190 - DEBUG - <netmiko.versa.versa_ssh.VersaSSH object at 0x000000000E6AEB00>
2020-03-02 17:39:37,292 - CPE11-HKG-HYBRD-IPC00190 - DEBUG - versa: Automated@VDir-BLR-NEW-01>
2020-03-02 17:40:01,769 - CPE12-HKG-HYBRD-IPC00190 - DEBUG - <netmiko.versa.versa_ssh.VersaSSH object at 0x000000000E637828>
2020-03-02 17:40:06,977 - CPE12-HKG-HYBRD-IPC00190 - DEBUG - versa: Automated@VDir-BLR-NEW-01>
2020-03-02 17:41:21,756 - CPE11-HKG-HYBRD-IPC00190 - INFO - 
CREATE SLA profile

2020-03-02 17:41:23,516 - CPE11-HKG-HYBRD-IPC00190 - DEBUG - <Response [201]>
2020-03-02 17:41:23,523 - CPE11-HKG-HYBRD-IPC00190 - INFO - 
PASS
2020-03-02 17:41:23,526 - CPE11-HKG-HYBRD-IPC00190 - INFO - >>>>>>>>>> CREATE SLA Profile PASSED. <<<<<<<<<<<
2020-03-02 17:41:23,532 - CPE11-HKG-HYBRD-IPC00190 - INFO - 
CREATE FWD PROFILE

2020-03-02 17:41:25,357 - CPE11-HKG-HYBRD-IPC00190 - DEBUG - <Response [201]>
2020-03-02 17:41:25,358 - CPE11-HKG-HYBRD-IPC00190 - INFO - 
PASS
2020-03-02 17:41:25,358 - CPE11-HKG-HYBRD-IPC00190 - INFO - >>>>>>>>>> FORWARDING PROFILE CREATION PASSED. <<<<<<<<<<<
2020-03-02 17:41:25,362 - CPE11-HKG-HYBRD-IPC00190 - INFO - 
CREATE IPaddress Object

2020-03-02 17:41:26,964 - CPE11-HKG-HYBRD-IPC00190 - DEBUG - <Response [201]>
2020-03-02 17:41:26,967 - CPE11-HKG-HYBRD-IPC00190 - INFO - 
PASS
2020-03-02 17:41:26,967 - CPE11-HKG-HYBRD-IPC00190 - INFO - >>>>>>>>>> ADDRESS OBJECT CREATION PASSED. <<<<<<<<<<<
2020-03-02 17:41:26,971 - CPE11-HKG-HYBRD-IPC00190 - INFO - 
CREATE IPaddress Object

2020-03-02 17:41:29,437 - CPE11-HKG-HYBRD-IPC00190 - DEBUG - <Response [201]>
2020-03-02 17:41:29,437 - CPE11-HKG-HYBRD-IPC00190 - INFO - 
PASS
2020-03-02 17:41:29,437 - CPE11-HKG-HYBRD-IPC00190 - INFO - >>>>>>>>>> ADDRESS OBJECT CREATION PASSED. <<<<<<<<<<<
2020-03-02 17:41:29,441 - CPE11-HKG-HYBRD-IPC00190 - INFO - 
CREATE Service Object

2020-03-02 17:41:31,200 - CPE11-HKG-HYBRD-IPC00190 - DEBUG - <Response [201]>
2020-03-02 17:41:31,201 - CPE11-HKG-HYBRD-IPC00190 - INFO - 
PASS
2020-03-02 17:41:31,203 - CPE11-HKG-HYBRD-IPC00190 - INFO - >>>>>>>>>> Service OBJECT CREATION PASSED. <<<<<<<<<<<
2020-03-02 17:41:31,213 - CPE11-HKG-HYBRD-IPC00190 - INFO - 
CREATE Policy rule

2020-03-02 17:41:33,303 - CPE11-HKG-HYBRD-IPC00190 - DEBUG - <Response [201]>
2020-03-02 17:41:33,305 - CPE11-HKG-HYBRD-IPC00190 - INFO - 
PASS
2020-03-02 17:41:33,305 - CPE11-HKG-HYBRD-IPC00190 - INFO - >>>>>>>>>> CREATE POLICY RULE PASSED. <<<<<<<<<<<
2020-03-02 17:44:23,769 - CPE11-HKG-HYBRD-IPC00190 - INFO - 
DELETE IPaddress Object

2020-03-02 17:44:27,627 - CPE11-HKG-HYBRD-IPC00190 - INFO - 
PASS
2020-03-02 17:44:27,627 - CPE11-HKG-HYBRD-IPC00190 - INFO - >>>>>>>>>> Policy rule DELETION PASSED. <<<<<<<<<<<
2020-03-02 17:44:27,634 - CPE11-HKG-HYBRD-IPC00190 - INFO - 
DELETE Service Object

2020-03-02 17:44:30,381 - CPE11-HKG-HYBRD-IPC00190 - INFO - 
PASS
2020-03-02 17:44:30,381 - CPE11-HKG-HYBRD-IPC00190 - INFO - >>>>>>>>>> ADDRESS OBJECT DELETION PASSED. <<<<<<<<<<<
2020-03-02 17:44:30,384 - CPE11-HKG-HYBRD-IPC00190 - INFO - 
DELETE IPaddress Object

2020-03-02 17:44:33,423 - CPE11-HKG-HYBRD-IPC00190 - INFO - 
PASS
2020-03-02 17:44:33,424 - CPE11-HKG-HYBRD-IPC00190 - INFO - >>>>>>>>>> ADDRESS OBJECT DELETION PASSED. <<<<<<<<<<<
2020-03-02 17:44:33,427 - CPE11-HKG-HYBRD-IPC00190 - INFO - 
DELETE IPaddress Object

2020-03-02 17:44:36,415 - CPE11-HKG-HYBRD-IPC00190 - INFO - 
PASS
2020-03-02 17:44:36,417 - CPE11-HKG-HYBRD-IPC00190 - INFO - >>>>>>>>>> ADDRESS OBJECT DELETION PASSED. <<<<<<<<<<<
2020-03-02 17:44:36,421 - CPE11-HKG-HYBRD-IPC00190 - INFO - 
DELETE FWD PROFILE

2020-03-02 17:44:40,272 - CPE11-HKG-HYBRD-IPC00190 - INFO - 
PASS
2020-03-02 17:44:40,273 - CPE11-HKG-HYBRD-IPC00190 - INFO - >>>>>>>>>> FORWARDING PROFILE DELETION PASSED. <<<<<<<<<<<
2020-03-02 17:44:40,276 - CPE11-HKG-HYBRD-IPC00190 - INFO - 
DELETE SLA profile

2020-03-02 17:44:43,213 - CPE11-HKG-HYBRD-IPC00190 - INFO - 
PASS
2020-03-02 17:44:43,213 - CPE11-HKG-HYBRD-IPC00190 - INFO - >>>>>>>>>> DELETE SLA Profile PASSED. <<<<<<<<<<<
