2019-09-19 10:55:57,698 - CPE26-HKG2-DUAL-MPLS-P - INFO - LOG FILE PATH : C:\Softwares_mine\stefano\NV_REPOSITORY\csit/LOGS/2019_09_19_10_55_55_779000/MAIN.log
2019-09-19 10:55:57,698 - CPE26-HKG2-DUAL-MPLS-P - INFO - CPE NAME:CPE26-HKG2-DUAL-MPLS-P
2019-09-19 10:55:58,701 - CPE26-HKG2-DUAL-MPLS-P - INFO - SOLUTION SELECTED:DUAL-CPE-DUAL-MPLS
2019-09-19 10:56:07,637 - CPE26-HKG2-DUAL-MPLS-P - DEBUG - {u'versanms.sdwan-org-workflow': {u'ikeAuthType': u'psk', u'globalId': 90, u'orgName': u'IPC00190', u'controllers': [u'NV-WC01-N1-HKG', u'NV-WC01-N6-SIN', u'NV-WC02-N1-HKG', u'NV-WC02-N6-SIN'], u'bandwidth': 10, u'parentOrg': u'Colt', u'vrfs': [{u'name': u'LAN1-VRF', u'enableVPN': True, u'id': 1020}, {u'name': u'LAN2-VRF', u'enableVPN': True, u'id': 1021}, {u'name': u'LAN3-VRF', u'enableVPN': True, u'id': 1022}, {u'name': u'LAN4-VRF', u'enableVPN': True, u'id': 1023}, {u'name': u'LAN5-VRF', u'enableVPN': True, u'id': 1024}, {u'name': u'LAN6-VRF', u'enableVPN': True, u'id': 1025}, {u'name': u'LAN7-VRF', u'enableVPN': True, u'id': 1026}, {u'name': u'LAN8-VRF', u'enableVPN': True, u'id': 1027}, {u'name': u'LAN9-VRF', u'enableVPN': True, u'id': 1028}, {u'name': u'LAN10-VRF', u'enableVPN': True, u'id': 1029}], u'solutionTier': u'base-sdwan', u'sharedControlPlane': False}}
2019-09-19 10:56:07,637 - CPE26-HKG2-DUAL-MPLS-P - INFO - 
STEP :CHECK ORG is available in Controller NV-WC01-N1-HKG
2019-09-19 10:56:07,637 - CPE26-HKG2-DUAL-MPLS-P - INFO - PASS
2019-09-19 10:56:07,937 - CPE26-HKG2-DUAL-MPLS-P - DEBUG - {u'versanms.sdwan-org-workflow': {u'ikeAuthType': u'psk', u'globalId': 90, u'orgName': u'IPC00190', u'controllers': [u'NV-WC01-N1-HKG', u'NV-WC01-N6-SIN', u'NV-WC02-N1-HKG', u'NV-WC02-N6-SIN'], u'bandwidth': 10, u'parentOrg': u'Colt', u'vrfs': [{u'name': u'LAN1-VRF', u'enableVPN': True, u'id': 1020}, {u'name': u'LAN2-VRF', u'enableVPN': True, u'id': 1021}, {u'name': u'LAN3-VRF', u'enableVPN': True, u'id': 1022}, {u'name': u'LAN4-VRF', u'enableVPN': True, u'id': 1023}, {u'name': u'LAN5-VRF', u'enableVPN': True, u'id': 1024}, {u'name': u'LAN6-VRF', u'enableVPN': True, u'id': 1025}, {u'name': u'LAN7-VRF', u'enableVPN': True, u'id': 1026}, {u'name': u'LAN8-VRF', u'enableVPN': True, u'id': 1027}, {u'name': u'LAN9-VRF', u'enableVPN': True, u'id': 1028}, {u'name': u'LAN10-VRF', u'enableVPN': True, u'id': 1029}], u'solutionTier': u'base-sdwan', u'sharedControlPlane': False}}
2019-09-19 10:56:07,937 - CPE26-HKG2-DUAL-MPLS-P - INFO - 
STEP :CHECK ORG is available in Controller NV-WC02-N6-SIN
2019-09-19 10:56:07,937 - CPE26-HKG2-DUAL-MPLS-P - INFO - PASS
2019-09-19 10:56:08,270 - CPE26-HKG2-DUAL-MPLS-P - DEBUG - {u'versanms.sdwan-org-workflow': {u'ikeAuthType': u'psk', u'globalId': 90, u'orgName': u'IPC00190', u'controllers': [u'NV-WC01-N1-HKG', u'NV-WC01-N6-SIN', u'NV-WC02-N1-HKG', u'NV-WC02-N6-SIN'], u'bandwidth': 10, u'parentOrg': u'Colt', u'vrfs': [{u'name': u'LAN1-VRF', u'enableVPN': True, u'id': 1020}, {u'name': u'LAN2-VRF', u'enableVPN': True, u'id': 1021}, {u'name': u'LAN3-VRF', u'enableVPN': True, u'id': 1022}, {u'name': u'LAN4-VRF', u'enableVPN': True, u'id': 1023}, {u'name': u'LAN5-VRF', u'enableVPN': True, u'id': 1024}, {u'name': u'LAN6-VRF', u'enableVPN': True, u'id': 1025}, {u'name': u'LAN7-VRF', u'enableVPN': True, u'id': 1026}, {u'name': u'LAN8-VRF', u'enableVPN': True, u'id': 1027}, {u'name': u'LAN9-VRF', u'enableVPN': True, u'id': 1028}, {u'name': u'LAN10-VRF', u'enableVPN': True, u'id': 1029}], u'solutionTier': u'base-sdwan', u'sharedControlPlane': False}}
2019-09-19 10:56:08,270 - CPE26-HKG2-DUAL-MPLS-P - INFO - 
STEP :CHECK ORG is available in Controller NV-WC02-N1-HKG
2019-09-19 10:56:08,270 - CPE26-HKG2-DUAL-MPLS-P - INFO - PASS
2019-09-19 10:56:08,272 - CPE26-HKG2-DUAL-MPLS-P - INFO - 
STEP :POST STAGING TEMPLATE CREATION AND DEPLOYMENT
2019-09-19 10:56:08,312 - CPE26-HKG2-DUAL-MPLS-P - DEBUG - {
  "versanms.sdwan-template-workflow": {
    "templateName": "IPC00190-HKG-PS-D-MOP",
    "templateType": "sdwan-post-staging",
    "deviceType": "full-mesh",
    "controllers": ["NV-WC01-N1-HKG", "NV-WC02-N1-HKG"],
    "providerOrg": {
      "name": "IPC00190",
      "statefulFW": false,
      "nextGenFW": false
    },
    "analyticsCluster": "LogCollectors-GGN",
    "deviceFirmfactor": 6,
    "wanInterfaces": [
      {
        "interfaceName": "vni-0/1",
        "pppoe": false,
        "unitInfo": [
          {
            "subUnit": 0,
            "vlanId": 0,
            "networkName": "MPLS-WAN1",
            "ipv4Dhcp": false,
            "ipv4Static": true,
            "ipv6Static": false,
            "ipv6Dhcp": false,
            "ipv6rs": false,
            "DIA": false,
            "transportDomains": ["MPLS-TD"],
            "allowSSH": false,
            "monitor": {
              "monitorNexthop": false
            }
          }
        ]
      }
    ],
	"lanInterfaces": [{
		"interfaceName": "vni-0/4",
		"unitInfo": [
		{
			"subUnit": "{$v_vni-0-4_LAN1_Unit-0__unit}",
			"vlanId": "{$v_vni-0-4_LAN1_Unit-0__vlanId}",
			"networkName": "LAN1",
			"subOrganization": "IPC00190",
			"ipv4Static": true,
			"ipv4Dhcp": false,
			"ip6Static": false,
			"ipv6Dhcp": false,
			"vrfName": "LAN1-VRF",
			"zoneName": ""
		}
		
	]
	}],
    "solutionTier": "advanced-sdwan",
    "bandwidth": 1000,
    "isAnalyticsEnabled": true,
    "isPrimary": true,
    "diaConfig": {
      "dia": false,
      "loadBalance": false
    },
    "minimumImageVersion": "16.1R2-S9",
    "redundantWanInterfaces": [
      {
        "interfaceName": "vni-0/1",
        "pppoe": false,
        "unitInfo": [
          {
            "subUnit": 0,
            "vlanId": 0,
            "networkName": "MPLS-WAN2",
            "ipv4Dhcp": false,
            "ipv4Static": true,
            "ipv6Static": false,
            "ipv6Dhcp": false,
            "ipv6rs": false,
            "DIA": false,
            "transportDomains": [
              "MPLS-TD"
            ],
            "allowSSH": false,
            "monitor": {
              "monitorNexthop": false
            }
          }
        ]
      }
    ],
    "crossConnectport": "vni-0/3",
    "redundantPair": {
      "cloudCPE": false,
      "enable": true,
      "templateName": "IPC00190-HKG-PS-D-MOS",
      "vrrp": true
    },
    "snmp": {
      "snmpV1": false,
      "snmpV2": false,
      "snmpV3": false
    }
  }
}
2019-09-19 10:56:09,923 - CPE26-HKG2-DUAL-MPLS-P - DEBUG - <Response [200]>
2019-09-19 10:56:09,937 - CPE26-HKG2-DUAL-MPLS-P - DEBUG - 
PASS
2019-09-19 10:56:09,937 - CPE26-HKG2-DUAL-MPLS-P - INFO - >>>>>>>>>> POST STAGING TEMPLATE CREATION PASSED. <<<<<<<<<<<
