2019-06-03 17:38:40,421 - VD1 - INFO - ORG NAME:IPC00154
2019-06-03 17:38:48,721 - VD1 - DEBUG - {
  "versanms.sdwan-org-workflow": {
    "orgName": "IPC00154",
    "globalId": "29",
    "parentOrg": "Colt",
    "ikeAuthType": "psk",
    "sharedControlPlane": false,
    "controllers": ["NV-WC01-N3-GGN", "NV-WC02-N6-SIN", "NV-WC02-N3-GGN", "NV-WC01-N6-SIN"],
    "vrfs": [{ "name": "LAN1-VRF", "id": "410", "enableVPN": "true", "tooltip": "" },{ "name": "LAN2-VRF", "id": "411", "enableVPN": "true", "tooltip": "" },{ "name": "LAN3-VRF", "id": "412", "enableVPN": "true", "tooltip": "" },{ "name": "LAN4-VRF", "id": "413", "enableVPN": "true", "tooltip": "" },{ "name": "LAN5-VRF", "id": "414", "enableVPN": "true", "tooltip": "" },{ "name": "LAN6-VRF", "id": "415", "enableVPN": "true", "tooltip": "" },{ "name": "LAN7-VRF", "id": "416", "enableVPN": "true", "tooltip": "" },{ "name": "LAN8-VRF", "id": "417", "enableVPN": "true", "tooltip": "" },{ "name": "LAN9-VRF", "id": "418", "enableVPN": "true", "tooltip": "" },{ "name": "LAN10-VRF", "id": "419", "enableVPN": "true", "tooltip": "" }],
    "supportedRoles": []
  }
}
2019-06-03 17:38:56,440 - VD1 - INFO - <Response [200]>
2019-06-03 17:38:56,440 - VD1 - INFO - PASS
2019-06-03 17:39:06,585 - VD1 - INFO - 20458
2019-06-03 17:39:37,546 - VD1 - INFO - FAILED : illegal reference /ncs:devices/device{NV-WC02-N1-HKG}/config/orgs/org-services{IPC00154}/name
2019-06-03 17:39:37,546 - VD1 - INFO - 
********************
RESULT:
ORG DEPLOYMENT : FAILED : illegal reference /ncs:devices/device{NV-WC02-N1-HKG}/config/orgs/org-services{IPC00154}/name

********************

