2019-07-08 13:00:54,000 - CPE4-SIN-HYBRID - INFO - CPE NAME:CPE4-SIN-HYBRID
2019-07-08 13:00:55,000 - CPE4-SIN-HYBRID - INFO - SOLUTION SELECTED:SINGLE-CPE-HYBRID
2019-07-08 13:00:56,203 - CPE4-SIN-HYBRID - INFO - {u'versanms.sdwan-org-workflow': {u'ikeAuthType': u'psk', u'globalId': 72, u'orgName': u'IPC00172', u'controllers': [u'NV-WC01-N1-HKG', u'NV-WC01-N6-SIN', u'NV-WC02-N1-HKG', u'NV-WC02-N6-SIN'], u'bandwidth': 10, u'parentOrg': u'Colt', u'vrfs': [{u'name': u'LAN1-VRF', u'enableVPN': True, u'id': 840}, {u'name': u'LAN2-VRF', u'enableVPN': True, u'id': 841}], u'solutionTier': u'base-sdwan', u'sharedControlPlane': False}}
2019-07-08 13:00:56,400 - CPE4-SIN-HYBRID - INFO - {u'versanms.sdwan-org-workflow': {u'ikeAuthType': u'psk', u'globalId': 72, u'orgName': u'IPC00172', u'controllers': [u'NV-WC01-N1-HKG', u'NV-WC01-N6-SIN', u'NV-WC02-N1-HKG', u'NV-WC02-N6-SIN'], u'bandwidth': 10, u'parentOrg': u'Colt', u'vrfs': [{u'name': u'LAN1-VRF', u'enableVPN': True, u'id': 840}, {u'name': u'LAN2-VRF', u'enableVPN': True, u'id': 841}], u'solutionTier': u'base-sdwan', u'sharedControlPlane': False}}
2019-07-08 13:00:56,611 - CPE4-SIN-HYBRID - INFO - {u'versanms.sdwan-org-workflow': {u'ikeAuthType': u'psk', u'globalId': 72, u'orgName': u'IPC00172', u'controllers': [u'NV-WC01-N1-HKG', u'NV-WC01-N6-SIN', u'NV-WC02-N1-HKG', u'NV-WC02-N6-SIN'], u'bandwidth': 10, u'parentOrg': u'Colt', u'vrfs': [{u'name': u'LAN1-VRF', u'enableVPN': True, u'id': 840}, {u'name': u'LAN2-VRF', u'enableVPN': True, u'id': 841}], u'solutionTier': u'base-sdwan', u'sharedControlPlane': False}}
2019-07-08 13:00:56,611 - CPE4-SIN-HYBRID - INFO - 
STEP : PRE-ONBOARD WORK

2019-07-08 13:00:56,667 - CPE4-SIN-HYBRID - INFO - 
sudo /opt/versa/scripts/staging.py -w 2 -c 10.83.77.10 -s 172.16.6.14/30 -g 172.16.6.13 -l IPC00172-CPE4-SIN-HYBRID@colt.net -lk CPE4-SIN-HYBRID  -r NV-WC01-N6-SIN@colt.net -rk 1234

2019-07-08 13:00:56,667 - CPE4-SIN-HYBRID - INFO - {
	"versanms.sdwan-device-workflow": {
		"deviceName": "CPE4-SIN-HYBRID",
		"siteId": "2004",
		"orgName": "IPC00172",
		"serialNumber": "CPE04KSA",
		"deviceGroup": "IPC00172-SIN-PS-HS-LIB-DG",
		"locationInfo": {
			"state": "karnataka",
			"country": "india",
			"longitude": "77.594563",
			"latitude": "12.971599",
			"city": "bangalore"
		},
		"postStagingTemplateInfo": {
			"templateName": "IPC00172-SIN-PS-HS-LIB",
			"templateData": {
				"device-template-variable": {
					"template": "IPC00172-SIN-PS-HS-LIB",
					"variable-binding": {
						"attrs": [{
							"name": "{$v_INT-WAN_IPv4__staticaddress}",
							"value": "172.16.6.14/30",
							"isAutogeneratable": false
						},
						
						    
						    
						    
						{ "name": "{$v_vni-0-4_LAN1_Unit-0__unit}", "value": "530", "isAutogeneratable": false},
						{ "name": "{$v_vni-0-4_LAN1_Unit-0__vlanId}", "value": "530", "isAutogeneratable": false },
						
						    
						    
						    
						{ "name": "{$v_vni-0-4_LAN2_Unit-1__unit}", "value": "531", "isAutogeneratable": false},
						{ "name": "{$v_vni-0-4_LAN2_Unit-1__vlanId}", "value": "531", "isAutogeneratable": false },
						
						{
							"name": "{$v_IPC00172-Control-VR_16_Router_ID__vrRouteId}",
							"value": "20.20.72.4",
							"isAutogeneratable": true,
							"isOverwritten": false
						}, {
							"name": "{$v_IPC00172_NV-WC01-N6-SIN_Local_auth_email_key__IKELKey}",
							"value": "CPE4-SIN-HYBRID",
							"isAutogeneratable": true
						}, {
							"name": "{$v_IPC00172_NV-WC02-N6-SIN_Local_auth_email_key__IKELKey}",
							"value": "CPE4-SIN-HYBRID",
							"isAutogeneratable": true
						},
						
						
						
						{ "name": "{$v_LAN1_IPv4__staticaddress}", "value": "192.169.31.1/24", "isAutogeneratable": false},
						
						
						
						{ "name": "{$v_LAN2_IPv4__staticaddress}", "value": "192.169.32.1/24", "isAutogeneratable": false},
						
						{
							"name": "{$v_IPC00172_NV-WC02-N6-SIN_Local_auth_email_identifier__IKELIdentifier}",
							"value": "CPE4-SIN-HYBRID@colt.net",
							"isAutogeneratable": true
						}, {
							"name": "{$v_Site_Id__siteSiteID}",
							"value": "2004",
							"isAutogeneratable": true
						}, {
							"name": "{$v_IPC00172_NV-WC01-N6-SIN_Local_auth_email_identifier__IKELIdentifier}",
							"value": "CPE4-SIN-HYBRID@colt.net",
							"isAutogeneratable": true
						}, {
							"name": "{$v_IPC00172_Site_Name__sitesSiteName}",
							"value": "CPE4-SIN-HYBRID",
							"isAutogeneratable": true
						}, {
							"name": "{$v_latitude__IdLatitude}",
							"value": "12.971599",
							"isAutogeneratable": true
						}, {
							"name": "{$v_identification__IdName}",
							"value": "CPE4-SIN-HYBRID",
							"isAutogeneratable": true
						}, {
							"name": "{$v_INT-WAN-Transport-VR_IPv4__vrHopAddress}",
							"value": "172.16.6.13",
							"isAutogeneratable": false
						},	{
						    "name": "{$v_tvi-0-144_-_Unit_0_Static_address__tunnelStaticAddress}",
							"value": "10.10.72.4/32",
							"isAutogeneratable": true,
							"isOverwritten": false
						}, {
							"name": "{$v_Chassis_Id__sitesChassisId}",
							"value": "CPE04KSA",
							"isAutogeneratable": true
						}, {
							"name": "{$v_longitude__Idlongitude}",
							"value": "77.594563",
							"isAutogeneratable": true
						}, {
							"name": "{$v_location__IdLocation}",
							"value": "bangalore,karnataka, india",
							"isAutogeneratable": true
						}, {
							"name": "{$v_IPC00172-Control-VR_72_Local_address__vrRouterAddress}",
							"value": "20.20.72.4",
							"isAutogeneratable": true,
							"isOverwritten": false
						}, {
							"name": "{$v_MPLS-WAN-Transport-VR_IPv4__vrHopAddress}",
							"value": "172.16.7.13",
							"isAutogeneratable": false
						}, {
							"name": "{$v_MPLS-WAN_IPv4__staticaddress}",
							"value": "172.16.7.14/30",
							"isAutogeneratable": false
						}, {
							"name": "{$v_tvi-0-145_-_Unit_0_Static_address__tunnelStaticAddress}",
							"value": "20.20.72.4/32",
							"isAutogeneratable": true,
							"isOverwritten": false
						}]
					}
				},
				"variableMetadata": [{
					"variable": "{$v_INT-WAN_IPv4__staticaddress}",
					"group": "Interfaces",
					"overlay": false,
					"type": "IPV4_MASK"
				},
                
                
                
				{"variable": "{$v_vni-0-4_LAN1_Unit-0__vlanId}", "group": "Vlan Info", "overlay": false, "type": "INTEGER"},
                
                
                
				{"variable": "{$v_vni-0-4_LAN2_Unit-1__vlanId}", "group": "Vlan Info", "overlay": false, "type": "INTEGER"},
                
				{
					"variable": "{$v_IPC00172-Control-VR_72_Router_ID__vrRouteId}",
					"group": "Virtual Routers",
					"overlay": true,
					"type": "IPV4"
				}, {
					"variable": "{$v_IPC00172_NV-WC01-N6-SIN_Local_auth_email_key__IKELKey}",
					"group": "IPSEC",
					"overlay": false
				}, {
					"variable": "{$v_IPC00172_NV-WC02-N6-SIN_Local_auth_email_key__IKELKey}",
					"group": "IPSEC",
					"overlay": false
				},
			{
					"variable": "{$v_LAN1_IPv4__staticaddress}", "group": "Interfaces", "overlay": false, "type": "IPV4_MASK"
				},
            {
					"variable": "{$v_LAN2_IPv4__staticaddress}", "group": "Interfaces", "overlay": false, "type": "IPV4_MASK"
				},
            
				 {
					"variable": "{$v_IPC00172_NV-WC02-N6-SIN_Local_auth_email_identifier__IKELIdentifier}",
					"group": "IPSEC",
					"overlay": false
				}, {
					"variable": "{$v_Site_Id__siteSiteID}",
					"group": "SDWAN",
					"overlay": false
				}, {
					"variable": "{$v_IPC00172_NV-WC01-N6-SIN_Local_auth_email_identifier__IKELIdentifier}",
					"group": "IPSEC",
					"overlay": false
				}, {
					"variable": "{$v_IPC00172_Site_Name__sitesSiteName}",
					"group": "SDWAN",
					"overlay": false
				}, {
					"variable": "{$v_latitude__IdLatitude}",
					"group": "SDWAN",
					"overlay": false
				}, {
					"variable": "{$v_identification__IdName}",
					"group": "SDWAN",
					"overlay": false
				}, {
					"variable": "{$v_INT-WAN-Transport-VR_IPv4__vrHopAddress}",
					"group": "Virtual Routers",
					"overlay": false,
					"type": "IPV4_IPV6"
				}, {
					"variable": "{$v_tvi-0-144_-_Unit_0_Static_address__tunnelStaticAddress}",
					"group": "Interfaces",
					"overlay": true,
					"type": "IPV4_IPV6_MASK"
				}, {
					"variable": "{$v_Chassis_Id__sitesChassisId}",
					"group": "SDWAN",
					"overlay": false
				}, {
					"variable": "{$v_longitude__Idlongitude}",
					"group": "SDWAN",
					"overlay": false
				}, {
					"variable": "{$v_location__IdLocation}",
					"group": "SDWAN",
					"overlay": false
				}, {
					"variable": "{$v_IPC00172-Control-VR_72_Local_address__vrRouterAddress}",
					"group": "Virtual Routers",
					"overlay": true,
					"type": "IPV4"
				}, {
					"variable": "{$v_MPLS-WAN-Transport-VR_IPv4__vrHopAddress}",
					"group": "Virtual Routers",
					"overlay": false,
					"type": "IPV4_IPV6"
				}, {
					"variable": "{$v_tvi-0-145_-_Unit_0_Static_address__tunnelStaticAddress}",
					"group": "Interfaces",
					"overlay": true,
					"type": "IPV4_IPV6_MASK"
				}]
			}
		}
	}
}
2019-07-08 13:01:03,670 - CPE4-SIN-HYBRID - INFO - <Response [200]>
2019-07-08 13:01:03,670 - CPE4-SIN-HYBRID - INFO - PASS
2019-07-08 13:01:13,832 - CPE4-SIN-HYBRID - INFO - 20842
2019-07-08 13:01:19,075 - CPE4-SIN-HYBRID - INFO - Device deployment failed
2019-07-08 13:01:19,075 - CPE4-SIN-HYBRID - INFO - TASK RESULT : FAILED : Configuration of controller failed :com.tailf.maapi.MaapiException: Network Element Driver: device NV-WC01-N6-SIN: out of sync
