2020-02-27 14:19:10,163 - VD1 - DEBUG - <netmiko.versa.versa_ssh.VersaSSH object at 0x000000000E5BD358>
2020-02-27 14:19:15,367 - VD1 - DEBUG - versa: Automated@VDir-BLR-NEW-01>
2020-02-27 14:19:20,101 - CPE11-HKG-HYBRD-IPC00190 - DEBUG - <netmiko.versa.versa_ssh.VersaSSH object at 0x000000000E681400>
2020-02-27 14:19:25,302 - CPE11-HKG-HYBRD-IPC00190 - DEBUG - versa: Automated@VDir-BLR-NEW-01>
2020-02-27 14:19:49,276 - CPE12-HKG-HYBRD-IPC00190 - DEBUG - <netmiko.versa.versa_ssh.VersaSSH object at 0x000000000E6922B0>
2020-02-27 14:19:54,479 - CPE12-HKG-HYBRD-IPC00190 - DEBUG - versa: Automated@VDir-BLR-NEW-01>
2020-02-27 14:21:08,821 - CPE11-HKG-HYBRD-IPC00190 - INFO - 
CREATE SLA profile

2020-02-27 14:21:10,930 - CPE11-HKG-HYBRD-IPC00190 - DEBUG - <Response [201]>
2020-02-27 14:21:10,938 - CPE11-HKG-HYBRD-IPC00190 - INFO - 
PASS
2020-02-27 14:21:10,940 - CPE11-HKG-HYBRD-IPC00190 - INFO - >>>>>>>>>> CREATE SLA Profile PASSED. <<<<<<<<<<<
2020-02-27 14:21:10,944 - CPE11-HKG-HYBRD-IPC00190 - INFO - 
CREATE FWD PROFILE

2020-02-27 14:21:12,858 - CPE11-HKG-HYBRD-IPC00190 - DEBUG - <Response [201]>
2020-02-27 14:21:12,858 - CPE11-HKG-HYBRD-IPC00190 - INFO - 
PASS
2020-02-27 14:21:12,859 - CPE11-HKG-HYBRD-IPC00190 - INFO - >>>>>>>>>> FORWARDING PROFILE CREATION PASSED. <<<<<<<<<<<
2020-02-27 14:21:12,864 - CPE11-HKG-HYBRD-IPC00190 - INFO - 
CREATE IPaddress Object

2020-02-27 14:21:14,674 - CPE11-HKG-HYBRD-IPC00190 - DEBUG - <Response [201]>
2020-02-27 14:21:14,674 - CPE11-HKG-HYBRD-IPC00190 - INFO - 
PASS
2020-02-27 14:21:14,676 - CPE11-HKG-HYBRD-IPC00190 - INFO - >>>>>>>>>> ADDRESS OBJECT CREATION PASSED. <<<<<<<<<<<
2020-02-27 14:21:14,680 - CPE11-HKG-HYBRD-IPC00190 - INFO - 
CREATE Policy rule

2020-02-27 14:21:18,016 - CPE11-HKG-HYBRD-IPC00190 - DEBUG - <Response [201]>
2020-02-27 14:21:18,017 - CPE11-HKG-HYBRD-IPC00190 - INFO - 
PASS
2020-02-27 14:21:18,019 - CPE11-HKG-HYBRD-IPC00190 - INFO - >>>>>>>>>> CREATE POLICY RULE PASSED. <<<<<<<<<<<
2020-02-27 14:24:02,002 - CPE11-HKG-HYBRD-IPC00190 - INFO - 
DELETE IPaddress Object

2020-02-27 14:24:05,749 - CPE11-HKG-HYBRD-IPC00190 - INFO - 
PASS
2020-02-27 14:24:05,750 - CPE11-HKG-HYBRD-IPC00190 - INFO - >>>>>>>>>> Policy rule DELETION PASSED. <<<<<<<<<<<
2020-02-27 14:24:05,752 - CPE11-HKG-HYBRD-IPC00190 - INFO - 
DELETE IPaddress Object

2020-02-27 14:24:08,563 - CPE11-HKG-HYBRD-IPC00190 - INFO - 
PASS
2020-02-27 14:24:08,565 - CPE11-HKG-HYBRD-IPC00190 - INFO - >>>>>>>>>> ADDRESS OBJECT DELETION PASSED. <<<<<<<<<<<
2020-02-27 14:24:08,568 - CPE11-HKG-HYBRD-IPC00190 - INFO - 
DELETE FWD PROFILE

2020-02-27 14:24:11,362 - CPE11-HKG-HYBRD-IPC00190 - INFO - 
PASS
2020-02-27 14:24:11,364 - CPE11-HKG-HYBRD-IPC00190 - INFO - >>>>>>>>>> FORWARDING PROFILE DELETION PASSED. <<<<<<<<<<<
2020-02-27 14:24:11,367 - CPE11-HKG-HYBRD-IPC00190 - INFO - 
DELETE SLA profile

2020-02-27 14:24:13,562 - CPE11-HKG-HYBRD-IPC00190 - INFO - 
PASS
2020-02-27 14:24:13,562 - CPE11-HKG-HYBRD-IPC00190 - INFO - >>>>>>>>>> DELETE SLA Profile PASSED. <<<<<<<<<<<
