2019-06-19 12:37:32,809 - CPE26-HKG-HYBRID - INFO - CPE NAME:CPE26-HKG-HYBRID
2019-06-19 12:37:33,811 - CPE26-HKG-HYBRID - INFO - SOLUTION SELECTED:SINGLE-CPE-HYBRID
2019-06-19 12:37:42,438 - CPE26-HKG-HYBRID - INFO - {u'versanms.sdwan-org-workflow': {u'ikeAuthType': u'psk', u'globalId': 72, u'orgName': u'IPC00172', u'controllers': [u'NV-WC01-N1-HKG', u'NV-WC01-N6-SIN', u'NV-WC02-N1-HKG', u'NV-WC02-N6-SIN'], u'bandwidth': 10, u'parentOrg': u'Colt', u'vrfs': [{u'name': u'LAN1-VRF', u'enableVPN': True, u'id': 840}, {u'name': u'LAN2-VRF', u'enableVPN': True, u'id': 841}], u'solutionTier': u'base-sdwan', u'sharedControlPlane': False}}
2019-06-19 12:37:42,634 - CPE26-HKG-HYBRID - INFO - {u'versanms.sdwan-org-workflow': {u'ikeAuthType': u'psk', u'globalId': 72, u'orgName': u'IPC00172', u'controllers': [u'NV-WC01-N1-HKG', u'NV-WC01-N6-SIN', u'NV-WC02-N1-HKG', u'NV-WC02-N6-SIN'], u'bandwidth': 10, u'parentOrg': u'Colt', u'vrfs': [{u'name': u'LAN1-VRF', u'enableVPN': True, u'id': 840}, {u'name': u'LAN2-VRF', u'enableVPN': True, u'id': 841}], u'solutionTier': u'base-sdwan', u'sharedControlPlane': False}}
2019-06-19 12:37:42,852 - CPE26-HKG-HYBRID - INFO - {u'versanms.sdwan-org-workflow': {u'ikeAuthType': u'psk', u'globalId': 72, u'orgName': u'IPC00172', u'controllers': [u'NV-WC01-N1-HKG', u'NV-WC01-N6-SIN', u'NV-WC02-N1-HKG', u'NV-WC02-N6-SIN'], u'bandwidth': 10, u'parentOrg': u'Colt', u'vrfs': [{u'name': u'LAN1-VRF', u'enableVPN': True, u'id': 840}, {u'name': u'LAN2-VRF', u'enableVPN': True, u'id': 841}], u'solutionTier': u'base-sdwan', u'sharedControlPlane': False}}
2019-06-19 12:37:42,852 - CPE26-HKG-HYBRID - INFO - 
STEP : POST STAGING TEMPLATE CREATION AND DEPLOYMENT

2019-06-19 12:37:42,874 - CPE26-HKG-HYBRID - INFO - {
	"versanms.sdwan-template-workflow": {
		"templateName": "AFTER_UPGRADE_PS",
		"templateType": "sdwan-post-staging",
		"controllers": ["NV-WC01-N1-HKG", "NV-WC02-N1-HKG"],
		"providerOrg": {
			"name": "IPC00172",
			"statefulFW": true,
			"nextGenFW": false
		},
		"analyticsCluster": "VAN-Cluster",
		"deviceFirmfactor": "6",
		"wanInterfaces": [{
			"interfaceName": "vni-0/1",
			"pppoe": false,
			"unitInfo": [{
				"subUnit": 0,
				"vlanId": 0,
				"networkName": "MPLS-WAN",
				"ipv4Static": true,
				"ipv4Dhcp": false,
				"ipv6Static": false,
				"ipv6Dhcp": false,
				"allowSSH": false,
				"monitor": {},
				"linkPriority": "",
				"transportDomains": ["MPLS-TD"]
			}]
		}, {
			"interfaceName": "vni-0/2",
			"pppoe": false,
			"unitInfo": [{
				"subUnit": 0,
				"vlanId": 0,
				"networkName": "INT-WAN","ipv4Static": true,
				"ipv4Dhcp": false,
				"ipv6Static": false,
				"ipv6Dhcp": false,
				"allowSSH": false,
				"monitor": {},
				"linkPriority": "",
				"transportDomains": ["INTERNET-TD"]
			}]
		}],
		"deviceType": "full-mesh",
		"redundantPair": {
			"enable": false
		},
		"lanInterfaces": [{
			"interfaceName": "vni-0/4",
			"unitInfo": [
			{
				"subUnit": "{$v_vni-0-4_LAN1_Unit-0__unit}",
				"vlanId": "{$v_vni-0-4_LAN1_Unit-0__vlanId}",
				"networkName": "LAN1",
				"subOrganization": "IPC00172",
				"ipv4Static": true,
				"ipv4Dhcp": false,
				"ip6Static": false,
				"ipv6Dhcp": false,
				"vrfName": "LAN1-VRF",
				"zoneName": ""
			}
            
        ]
		}],
		"solutionTier": "standard-sdwan-plus-ngfw",
		"bandwidth": 1000,
		"customParams": [],
		"minimumImageVersion": "16.1R2-S2.2",
		"isAnalyticsEnabled": true,
		"isPrimary": true,
		"diaConfig": {
			"loadBalance": false
		},
		"splitTunnels": [
        {
			"vrfName": "LAN1-VRF",
			"wanNetworkName": "INT-WAN",
			"dia": true,
			"gateway": false
		}
        
		],
		"inBoundNats": []
	}
}

2019-06-19 12:37:43,673 - CPE26-HKG-HYBRID - INFO - <Response [200]>
2019-06-19 12:37:43,674 - CPE26-HKG-HYBRID - INFO - 
PASS
2019-06-19 12:37:43,674 - CPE26-HKG-HYBRID - INFO - 
 >>>>>>>>>> POST STAGING TEMPLATE CREATION PASSED. <<<<<<<<<<<

2019-06-19 12:37:48,772 - CPE26-HKG-HYBRID - INFO - <Response [200]>
2019-06-19 12:37:48,772 - CPE26-HKG-HYBRID - INFO - 
PASS
2019-06-19 12:37:48,772 - CPE26-HKG-HYBRID - INFO - 
 >>>>>>>>>> FW ASSOCIATION WITH POST STAGING TEMPLATE PASSED. <<<<<<<<<<<

2019-06-19 12:38:02,944 - CPE26-HKG-HYBRID - INFO - <Response [200]>
2019-06-19 12:38:07,946 - CPE26-HKG-HYBRID - INFO - 
PASS
2019-06-19 12:38:07,946 - CPE26-HKG-HYBRID - INFO - 
 >>>>>>>>>> POST STAGING TEMPLATE DEPLOY PASSED. <<<<<<<<<<<

