2019-08-26 14:46:52,223 - CPE11-HKG-INT-IPC00190 - INFO - CPE NAME:CPE11-HKG-INT-IPC00190
2019-08-26 14:46:53,223 - CPE11-HKG-INT-IPC00190 - INFO - SOLUTION SELECTED:SINGLE-CPE-INTERNET-ONLY
2019-08-26 14:46:54,288 - CPE11-HKG-INT-IPC00190 - INFO - {u'versanms.sdwan-org-workflow': {u'ikeAuthType': u'psk', u'globalId': 90, u'orgName': u'IPC00190', u'controllers': [u'NV-WC01-N1-HKG', u'NV-WC01-N6-SIN', u'NV-WC02-N1-HKG', u'NV-WC02-N6-SIN'], u'bandwidth': 10, u'parentOrg': u'Colt', u'vrfs': [{u'name': u'LAN1-VRF', u'enableVPN': True, u'id': 1020}, {u'name': u'LAN2-VRF', u'enableVPN': True, u'id': 1021}, {u'name': u'LAN3-VRF', u'enableVPN': True, u'id': 1022}, {u'name': u'LAN4-VRF', u'enableVPN': True, u'id': 1023}, {u'name': u'LAN5-VRF', u'enableVPN': True, u'id': 1024}, {u'name': u'LAN6-VRF', u'enableVPN': True, u'id': 1025}, {u'name': u'LAN7-VRF', u'enableVPN': True, u'id': 1026}, {u'name': u'LAN8-VRF', u'enableVPN': True, u'id': 1027}, {u'name': u'LAN9-VRF', u'enableVPN': True, u'id': 1028}, {u'name': u'LAN10-VRF', u'enableVPN': True, u'id': 1029}], u'solutionTier': u'base-sdwan', u'sharedControlPlane': False}}
2019-08-26 14:46:54,612 - CPE11-HKG-INT-IPC00190 - INFO - {u'versanms.sdwan-org-workflow': {u'ikeAuthType': u'psk', u'globalId': 90, u'orgName': u'IPC00190', u'controllers': [u'NV-WC01-N1-HKG', u'NV-WC01-N6-SIN', u'NV-WC02-N1-HKG', u'NV-WC02-N6-SIN'], u'bandwidth': 10, u'parentOrg': u'Colt', u'vrfs': [{u'name': u'LAN1-VRF', u'enableVPN': True, u'id': 1020}, {u'name': u'LAN2-VRF', u'enableVPN': True, u'id': 1021}, {u'name': u'LAN3-VRF', u'enableVPN': True, u'id': 1022}, {u'name': u'LAN4-VRF', u'enableVPN': True, u'id': 1023}, {u'name': u'LAN5-VRF', u'enableVPN': True, u'id': 1024}, {u'name': u'LAN6-VRF', u'enableVPN': True, u'id': 1025}, {u'name': u'LAN7-VRF', u'enableVPN': True, u'id': 1026}, {u'name': u'LAN8-VRF', u'enableVPN': True, u'id': 1027}, {u'name': u'LAN9-VRF', u'enableVPN': True, u'id': 1028}, {u'name': u'LAN10-VRF', u'enableVPN': True, u'id': 1029}], u'solutionTier': u'base-sdwan', u'sharedControlPlane': False}}
2019-08-26 14:46:54,891 - CPE11-HKG-INT-IPC00190 - INFO - {u'versanms.sdwan-org-workflow': {u'ikeAuthType': u'psk', u'globalId': 90, u'orgName': u'IPC00190', u'controllers': [u'NV-WC01-N1-HKG', u'NV-WC01-N6-SIN', u'NV-WC02-N1-HKG', u'NV-WC02-N6-SIN'], u'bandwidth': 10, u'parentOrg': u'Colt', u'vrfs': [{u'name': u'LAN1-VRF', u'enableVPN': True, u'id': 1020}, {u'name': u'LAN2-VRF', u'enableVPN': True, u'id': 1021}, {u'name': u'LAN3-VRF', u'enableVPN': True, u'id': 1022}, {u'name': u'LAN4-VRF', u'enableVPN': True, u'id': 1023}, {u'name': u'LAN5-VRF', u'enableVPN': True, u'id': 1024}, {u'name': u'LAN6-VRF', u'enableVPN': True, u'id': 1025}, {u'name': u'LAN7-VRF', u'enableVPN': True, u'id': 1026}, {u'name': u'LAN8-VRF', u'enableVPN': True, u'id': 1027}, {u'name': u'LAN9-VRF', u'enableVPN': True, u'id': 1028}, {u'name': u'LAN10-VRF', u'enableVPN': True, u'id': 1029}], u'solutionTier': u'base-sdwan', u'sharedControlPlane': False}}
2019-08-26 14:46:54,891 - CPE11-HKG-INT-IPC00190 - INFO - 
STEP : POST STAGING TEMPLATE CREATION AND DEPLOYMENT

2019-08-26 14:46:54,927 - CPE11-HKG-INT-IPC00190 - INFO - {
	"versanms.sdwan-template-workflow": {
		"templateName": "IPC00190-HKG-PS-IS-LIB",
		"templateType": "sdwan-post-staging",
		"controllers": ["NV-WC01-N1-HKG", "NV-WC02-N1-HKG"],
		"providerOrg": {
			"name": "IPC00190",
			"statefulFW": true,
			"nextGenFW": false
		},
		"analyticsCluster": "LogCollectors-GGN",
		"deviceFirmfactor": "6",
		"wanInterfaces": [{
			"interfaceName": "vni-0/1",
			"pppoe": false,
			"unitInfo": [{
				"subUnit": 0,
				"vlanId": 0,
				"networkName": "INT-WAN","ipv4Static": true,
				"ipv4Dhcp": false,
				"ipv6Static": false,
				"ipv6Dhcp": false,
				"allowSSH": false,
				"monitor": {},
				"linkPriority": "",
				"transportDomains": ["INTERNET-TD"]
			}]
		}],
		"deviceType": "full-mesh",
		"redundantPair": {
			"enable": false
		},
		"lanInterfaces": [{
			"interfaceName": "vni-0/4",
			"unitInfo": [
			{
				"subUnit": "{$v_vni-0-4_LAN1_Unit-0__unit}",
				"vlanId": "{$v_vni-0-4_LAN1_Unit-0__vlanId}",
				"networkName": "LAN1",
				"subOrganization": "IPC00190",
				"ipv4Static": true,
				"ipv4Dhcp": false,
				"ip6Static": false,
				"ipv6Dhcp": false,
				"vrfName": "LAN1-VRF",
				"zoneName": ""
			}
            
                    ,{
				"subUnit": "{$v_vni-0-4_LAN2_Unit-1__unit}",
				"vlanId": "{$v_vni-0-4_LAN2_Unit-1__vlanId}",
				"networkName": "LAN2",
				"subOrganization": "IPC00190",
				"ipv4Static": true,
				"ipv4Dhcp": false,
				"ip6Static": false,
				"ipv6Dhcp": false,
				"vrfName": "LAN2-VRF",
				"zoneName": ""
			}
            
        ]
		}],
		"solutionTier": "standard-sdwan-plus-ngfw",
		"bandwidth": 1000,
		"customParams": [],
		"minimumImageVersion": "16.1R2-S9",
		"isAnalyticsEnabled": true,
		"isPrimary": true,
		"diaConfig": {
			"loadBalance": false
		},
		"splitTunnels": [
        {
			"vrfName": "LAN1-VRF",
			"wanNetworkName": "INT-WAN",
			"dia": true,
			"gateway": false
		}
        
        ,{
			"vrfName": "LAN2-VRF",
			"wanNetworkName": "INT-WAN",
			"dia": true,
			"gateway": false
		}
        
		],
		"inBoundNats": []
	}
}

2019-08-26 14:46:55,759 - CPE11-HKG-INT-IPC00190 - INFO - <Response [200]>
2019-08-26 14:46:55,759 - CPE11-HKG-INT-IPC00190 - INFO - 
PASS
2019-08-26 14:46:55,759 - CPE11-HKG-INT-IPC00190 - INFO - 
 >>>>>>>>>> POST STAGING TEMPLATE CREATION PASSED. <<<<<<<<<<<

2019-08-26 14:47:00,940 - CPE11-HKG-INT-IPC00190 - INFO - <Response [200]>
2019-08-26 14:47:00,940 - CPE11-HKG-INT-IPC00190 - INFO - 
PASS
2019-08-26 14:47:00,940 - CPE11-HKG-INT-IPC00190 - INFO - 
 >>>>>>>>>> FW ASSOCIATION WITH POST STAGING TEMPLATE PASSED. <<<<<<<<<<<

2019-08-26 14:47:17,503 - CPE11-HKG-INT-IPC00190 - INFO - <Response [200]>
2019-08-26 14:47:22,509 - CPE11-HKG-INT-IPC00190 - INFO - 
PASS
2019-08-26 14:47:22,509 - CPE11-HKG-INT-IPC00190 - INFO - 
 >>>>>>>>>> POST STAGING TEMPLATE DEPLOY PASSED. <<<<<<<<<<<

2019-08-26 14:47:27,903 - CPE11-HKG-INT-IPC00190 - INFO - {u'versanms.sdwan-template-workflow': {u'providerOrg': {u'nextGenFW': False, u'name': u'IPC00190', u'statefulFW': True}, u'snmp': {u'snmpV1': False, u'snmpV2': False, u'snmpV3': False}, u'minimumImageVersion': u'16.1R2-S9', u'wanInterfaces': [{u'unitInfo': [{u'ipv6Dhcp': False, u'monitor': {u'monitorNexthop': False}, u'allowSSH': False, u'ipv4Static': True, u'DIA': False, u'vlanId': 0, u'transportDomains': [u'INTERNET-TD'], u'ipv4Dhcp': False, u'ipv6rs': False, u'subUnit': 0, u'networkName': u'INT-WAN', u'ipv6Static': False}], u'interfaceName': u'vni-0/1', u'pppoe': False}], u'diaConfig': {u'loadBalance': False, u'dia': False}, u'templateName': u'IPC00190-HKG-PS-IS-LIB', u'isPrimary': True, u'isAnalyticsEnabled': True, u'lanInterfaces': [{u'unitInfo': [{u'ipv6Dhcp': False, u'ipv4DhcpServer': False, u'vrfName': u'LAN1-VRF', u'ipv6ra': False, u'ipv4Static': True, u'DIA': False, u'vlanId': u'{$v_vni-0-4_LAN1_Unit-0__vlanId}', u'ip6Static': False, u'ipv4Dhcp': False, u'subOrganization': u'IPC00190', u'subUnit': u'{$v_vni-0-4_LAN1_Unit-0__unit}', u'networkName': u'LAN1', u'dhcpV4Relay': False}, {u'ipv6Dhcp': False, u'ipv4DhcpServer': False, u'vrfName': u'LAN2-VRF', u'ipv6ra': False, u'ipv4Static': True, u'DIA': False, u'vlanId': u'{$v_vni-0-4_LAN2_Unit-1__vlanId}', u'ip6Static': False, u'ipv4Dhcp': False, u'subOrganization': u'IPC00190', u'subUnit': u'{$v_vni-0-4_LAN2_Unit-1__unit}', u'networkName': u'LAN2', u'dhcpV4Relay': False}], u'interfaceName': u'vni-0/4'}], u'bandwidth': 1000, u'controllers': [u'NV-WC01-N1-HKG', u'NV-WC02-N1-HKG'], u'templateType': u'sdwan-post-staging', u'deviceType': u'full-mesh', u'redundantPair': {u'vrrp': True, u'enable': False, u'cloudCPE': False}, u'solutionTier': u'standard-sdwan-plus-ngfw', u'deviceFirmfactor': 6, u'analyticsCluster': u'LogCollectors-GGN', u'splitTunnels': [{u'wanNetworkName': u'INT-WAN', u'vrfName': u'LAN1-VRF', u'dia': True, u'gateway': False}, {u'wanNetworkName': u'INT-WAN', u'vrfName': u'LAN2-VRF', u'dia': True, u'gateway': False}]}}
2019-08-26 14:47:28,019 - CPE11-HKG-INT-IPC00190 - INFO - [{u'category': u'stateful-firewall', u'organization': u'IPC00190', u'serviceTemplate': u'COMMON-SFW-TEMPLATE2', u'id': 175, u'templateName': u'IPC00190-HKG-PS-IS-LIB'}]
2019-08-26 14:47:43,005 - CPE11-HKG-INT-IPC00190 - INFO - set devices template IPC00190-HKG-PS-IS-LIB config interfaces vni vni-0/1 description "INT-WAN"

set devices template IPC00190-HKG-PS-IS-LIB config system vnf-manager ip-addresses [ 10.92.116.67/32 10.92.116.68/32 ]
delete devices template IPC00190-HKG-PS-IS-LIB config routing-instances routing-instance INT-WAN-Transport-VR routing-options static route rti-static-route-list 0.0.0.0/0 "{$v_INT-WAN-Transport-VR_IPv4__vrHopAddress}" none icmp
set devices template IPC00190-HKG-PS-IS-LIB config routing-instances routing-instance IPC00190-Control-VR protocols bgp bgp 90 hold-time 90
set devices template IPC00190-HKG-PS-IS-LIB config routing-instances routing-instance IPC00190-Control-VR protocols bgp bgp 90 graceful-restart enable
set devices template IPC00190-HKG-PS-IS-LIB config routing-instances routing-instance IPC00190-Control-VR protocols bgp bgp 90 graceful-restart maximum-restart-time 15
set devices template IPC00190-HKG-PS-IS-LIB config routing-instances routing-instance IPC00190-Control-VR protocols bgp bgp 90 graceful-restart recovery-time 15
set devices template IPC00190-HKG-PS-IS-LIB config routing-instances routing-instance IPC00190-Control-VR protocols bgp bgp 90 graceful-restart select-defer-time 15
set devices template IPC00190-HKG-PS-IS-LIB config routing-instances routing-instance IPC00190-Control-VR protocols bgp bgp 90 graceful-restart stalepath-time 15
set devices template IPC00190-HKG-PS-IS-LIB config routing-instances routing-instance IPC00190-Control-VR protocols bgp bgp 90 graceful-restart dynamic-peer-restart-time 0

set devices template IPC00190-HKG-PS-IS-LIB config routing-instances routing-instance IPC00190-Control-VR protocols bgp bgp 90 routing-peer-policy Import-From-SDWAN-Policy term 1GW1 match family inet-vpn
set devices template IPC00190-HKG-PS-IS-LIB config routing-instances routing-instance IPC00190-Control-VR protocols bgp bgp 90 routing-peer-policy Import-From-SDWAN-Policy term 1GW1 match community "(^|,)([0-9]*:11)($|,)"
set devices template IPC00190-HKG-PS-IS-LIB config routing-instances routing-instance IPC00190-Control-VR protocols bgp bgp 90 routing-peer-policy Import-From-SDWAN-Policy term 1GW1 action filter accept
set devices template IPC00190-HKG-PS-IS-LIB config routing-instances routing-instance IPC00190-Control-VR protocols bgp bgp 90 routing-peer-policy Import-From-SDWAN-Policy term 1GW1 action community 8009:8009
set devices template IPC00190-HKG-PS-IS-LIB config routing-instances routing-instance IPC00190-Control-VR protocols bgp bgp 90 routing-peer-policy Import-From-SDWAN-Policy term 1GW1 action community-action set-specific
set devices template IPC00190-HKG-PS-IS-LIB config routing-instances routing-instance IPC00190-Control-VR protocols bgp bgp 90 routing-peer-policy Import-From-SDWAN-Policy term 1GW1 action set-local-preference 80
set devices template IPC00190-HKG-PS-IS-LIB config routing-instances routing-instance IPC00190-Control-VR protocols bgp bgp 90 routing-peer-policy Import-From-SDWAN-Policy term 2GW2 match family inet-vpn
set devices template IPC00190-HKG-PS-IS-LIB config routing-instances routing-instance IPC00190-Control-VR protocols bgp bgp 90 routing-peer-policy Import-From-SDWAN-Policy term 2GW2 match community "(^|,)([0-9]*:12)($|,)"
set devices template IPC00190-HKG-PS-IS-LIB config routing-instances routing-instance IPC00190-Control-VR protocols bgp bgp 90 routing-peer-policy Import-From-SDWAN-Policy term 2GW2 action filter accept
set devices template IPC00190-HKG-PS-IS-LIB config routing-instances routing-instance IPC00190-Control-VR protocols bgp bgp 90 routing-peer-policy Import-From-SDWAN-Policy term 2GW2 action community 8009:8009
set devices template IPC00190-HKG-PS-IS-LIB config routing-instances routing-instance IPC00190-Control-VR protocols bgp bgp 90 routing-peer-policy Import-From-SDWAN-Policy term 2GW2 action community-action set-specific
set devices template IPC00190-HKG-PS-IS-LIB config routing-instances routing-instance IPC00190-Control-VR protocols bgp bgp 90 routing-peer-policy Import-From-SDWAN-Policy term 2GW2 action set-local-preference 60
move devices template IPC00190-HKG-PS-IS-LIB config routing-instances routing-instance IPC00190-Control-VR protocols bgp bgp 90 routing-peer-policy Import-From-SDWAN-Policy term 2GW2 first
move devices template IPC00190-HKG-PS-IS-LIB config routing-instances routing-instance IPC00190-Control-VR protocols bgp bgp 90 routing-peer-policy Import-From-SDWAN-Policy term 1GW1 first

set devices template IPC00190-HKG-PS-IS-LIB config routing-instances routing-instance IPC00190-Control-VR protocols bgp bgp 90 routing-peer-policy TO_SDWAN term Wildcard match family inet-vpn
set devices template IPC00190-HKG-PS-IS-LIB config routing-instances routing-instance IPC00190-Control-VR protocols bgp bgp 90 routing-peer-policy TO_SDWAN term Wildcard action filter accept
set devices template IPC00190-HKG-PS-IS-LIB config routing-instances routing-instance IPC00190-Control-VR protocols bgp bgp 90 routing-peer-policy TO_SDWAN term Wildcard action community 852:10
set devices template IPC00190-HKG-PS-IS-LIB config routing-instances routing-instance IPC00190-Control-VR protocols bgp bgp 90 routing-peer-policy TO_SDWAN term Wildcard action community-action set-specific
set devices template IPC00190-HKG-PS-IS-LIB config routing-instances routing-instance IPC00190-Control-VR protocols bgp bgp 90 routing-peer-policy TO_SDWAN term VersaPvt-Wildcard match family versa-private
set devices template IPC00190-HKG-PS-IS-LIB config routing-instances routing-instance IPC00190-Control-VR protocols bgp bgp 90 routing-peer-policy TO_SDWAN term VersaPvt-Wildcard action filter accept
set devices template IPC00190-HKG-PS-IS-LIB config routing-instances routing-instance IPC00190-Control-VR protocols bgp bgp 90 routing-peer-policy TO_SDWAN term VersaPvt-Wildcard action community 852:10
set devices template IPC00190-HKG-PS-IS-LIB config routing-instances routing-instance IPC00190-Control-VR protocols bgp bgp 90 routing-peer-policy TO_SDWAN term VersaPvt-Wildcard action community-action set-specific
set devices template IPC00190-HKG-PS-IS-LIB config routing-instances routing-instance IPC00190-Control-VR protocols bgp bgp 90 group Controllers-Group family inet unicast
set devices template IPC00190-HKG-PS-IS-LIB config routing-instances routing-instance IPC00190-Control-VR protocols bgp bgp 90 group Controllers-Group export TO_SDWAN

set devices template IPC00190-HKG-PS-IS-LIB config orgs org IPC00190 sd-wan site wan-interfaces vni vni-0/1.0 sla-monitoring fc fc_nc interval 10
set devices template IPC00190-HKG-PS-IS-LIB config orgs org IPC00190 sd-wan site wan-interfaces vni vni-0/1.0 sla-monitoring fc fc_nc logging-interval 30
set devices template IPC00190-HKG-PS-IS-LIB config orgs org IPC00190 sd-wan site wan-interfaces vni vni-0/1.0 sla-monitoring fc fc_nc send-to controller
set devices template IPC00190-HKG-PS-IS-LIB config orgs org IPC00190 sd-wan site wan-interfaces vni vni-0/1.0 sla-monitoring fc fc_be interval 10
set devices template IPC00190-HKG-PS-IS-LIB config orgs org IPC00190 sd-wan site wan-interfaces vni vni-0/1.0 sla-monitoring fc fc_be logging-interval 30
set devices template IPC00190-HKG-PS-IS-LIB config orgs org IPC00190 sd-wan site wan-interfaces vni vni-0/1.0 sla-monitoring fc fc_be send-to branches
set devices template IPC00190-HKG-PS-IS-LIB config orgs org IPC00190 sd-wan site wan-interfaces vni vni-0/1.0 management-traffic priority 0

set devices template IPC00190-HKG-PS-IS-LIB config orgs org-services IPC00190 class-of-service qos-policies qos-policy-group Default-Policy rules qos-policy IPSEC_IN match source zone zone-list [ Intf-INT-WAN-Zone ]
set devices template IPC00190-HKG-PS-IS-LIB config orgs org-services IPC00190 class-of-service qos-policies qos-policy-group Default-Policy rules qos-policy IPSEC_IN match services predefined-services-list [ ESP ICMP ]
set devices template IPC00190-HKG-PS-IS-LIB config orgs org-services IPC00190 class-of-service qos-policies qos-policy-group Default-Policy rules qos-policy IPSEC_IN match services services-list [ IPSEC IPSecAH ]
set devices template IPC00190-HKG-PS-IS-LIB config orgs org-services IPC00190 class-of-service qos-policies qos-policy-group Default-Policy rules qos-policy IPSEC_IN set action allow
set devices template IPC00190-HKG-PS-IS-LIB config orgs org-services IPC00190 class-of-service qos-policies qos-policy-group Default-Policy rules qos-policy IPSEC_OUT match destination zone zone-list [ Intf-INT-WAN-Zone ]
set devices template IPC00190-HKG-PS-IS-LIB config orgs org-services IPC00190 class-of-service qos-policies qos-policy-group Default-Policy rules qos-policy IPSEC_OUT match services predefined-services-list [ ESP ICMP ]
set devices template IPC00190-HKG-PS-IS-LIB config orgs org-services IPC00190 class-of-service qos-policies qos-policy-group Default-Policy rules qos-policy IPSEC_OUT match services services-list [ IPSEC IPSIPSecAH ]
set devices template IPC00190-HKG-PS-IS-LIB config orgs org-services IPC00190 class-of-service qos-policies qos-policy-group Default-Policy rules qos-policy IPSEC_OUT set action allow
set devices template IPC00190-HKG-PS-IS-LIB config orgs org-services IPC00190 class-of-service qos-policies qos-policy-group Default-Policy rules qos-policy ARP_IN match source zone zone-list [ Intf-INT-WAN-Zone ]
set devices template IPC00190-HKG-PS-IS-LIB config orgs org-services IPC00190 class-of-service qos-policies qos-policy-group Default-Policy rules qos-policy ARP_IN match ether-type ARP
set devices template IPC00190-HKG-PS-IS-LIB config orgs org-services IPC00190 class-of-service qos-policies qos-policy-group Default-Policy rules qos-policy ARP_IN set action allow
set devices template IPC00190-HKG-PS-IS-LIB config orgs org-services IPC00190 class-of-service qos-policies qos-policy-group Default-Policy rules qos-policy ARP_OUT match destination zone zone-list [ Intf-INT-WAN-Zone ]
set devices template IPC00190-HKG-PS-IS-LIB config orgs org-services IPC00190 class-of-service qos-policies qos-policy-group Default-Policy rules qos-policy ARP_OUT match ether-type ARP
set devices template IPC00190-HKG-PS-IS-LIB config orgs org-services IPC00190 class-of-service qos-policies qos-policy-group Default-Policy rules qos-policy ARP_OUT set action allow
set devices template IPC00190-HKG-PS-IS-LIB config orgs org-services IPC00190 class-of-service qos-policies qos-policy-group Default-Policy rules qos-policy DHCP_IN match source zone zone-list [ Intf-INT-WAN-Zone ]
set devices template IPC00190-HKG-PS-IS-LIB config orgs org-services IPC00190 class-of-service qos-policies qos-policy-group Default-Policy rules qos-policy DHCP_IN match services services-list [ DHCP-67 DHCP-68 ]
set devices template IPC00190-HKG-PS-IS-LIB config orgs org-services IPC00190 class-of-service qos-policies qos-policy-group Default-Policy rules qos-policy DHCP_IN set action allow
set devices template IPC00190-HKG-PS-IS-LIB config orgs org-services IPC00190 class-of-service qos-policies qos-policy-group Default-Policy rules qos-policy DHCP_OUT match destination zone zone-list [ Intf-INT-WAN-Zone ]
set devices template IPC00190-HKG-PS-IS-LIB config orgs org-services IPC00190 class-of-service qos-policies qos-policy-group Default-Policy rules qos-policy DHCP_OUT match services services-list [ DHCP-67 DHCP-68 ]
set devices template IPC00190-HKG-PS-IS-LIB config orgs org-services IPC00190 class-of-service qos-policies qos-policy-group Default-Policy rules qos-policy DHCP_OUT set action allow

set devices template IPC00190-HKG-PS-IS-LIB config orgs org-services IPC00190 class-of-service qos-policies qos-policy-group Default-Policy rules qos-policy INT_OUT match source zone zone-list [ Intf-LAN1-Zone Intf-LAN2-Zone W-ST-LAN1-VRF-INT-WAN W-ST-LAN2-VRF-INT-WAN ]
set devices template IPC00190-HKG-PS-IS-LIB config orgs org-services IPC00190 class-of-service qos-policies qos-policy-group Default-Policy rules qos-policy INT_OUT match destination zone zone-list [ Intf-INT-WAN-Zone L-ST-LAN1-VRF-INT-WAN L-ST-LAN2-VRF-INT-WAN ]
set devices template IPC00190-HKG-PS-IS-LIB config orgs org-services IPC00190 class-of-service qos-policies qos-policy-group Default-Policy rules qos-policy INT_OUT set action allow
set devices template IPC00190-HKG-PS-IS-LIB config orgs org-services IPC00190 class-of-service qos-policies qos-policy-group Default-Policy rules qos-policy INT_IN match source zone zone-list [ Intf-INT-WAN-Zone L-ST-LAN1-VRF-INT-WAN L-ST-LAN2-VRF-INT-WAN ]
set devices template IPC00190-HKG-PS-IS-LIB config orgs org-services IPC00190 class-of-service qos-policies qos-policy-group Default-Policy rules qos-policy INT_IN set action allow



set devices template IPC00190-HKG-PS-IS-LIB config orgs org-services IPC00190 class-of-service qos-policies qos-policy-group Default-Policy rules qos-policy WAN_IN match source zone zone-list [ Intf-INT-WAN-Zone ]
set devices template IPC00190-HKG-PS-IS-LIB config orgs org-services IPC00190 class-of-service qos-policies qos-policy-group Default-Policy rules qos-policy WAN_IN set action deny
set devices template IPC00190-HKG-PS-IS-LIB config orgs org-services IPC00190 class-of-service qos-policies qos-policy-group Default-Policy rules qos-policy WAN_OUT match destination zone zone-list [ Intf-INT-WAN-Zone ]
set devices template IPC00190-HKG-PS-IS-LIB config orgs org-services IPC00190 class-of-service qos-policies qos-policy-group Default-Policy rules qos-policy WAN_OUT set action deny

delete devices template IPC00190-HKG-PS-IS-LIB config orgs org-services IPC00190 cgnat rules rule RFC_1918_NoTranslate
delete devices template IPC00190-HKG-PS-IS-LIB config orgs org-services IPC00190 cgnat rules rule DIA-Rule-LAN2-VRF-INT-WAN from

set devices template IPC00190-HKG-PS-IS-LIB config orgs org-services IPC00190 cgnat rules rule DIA-Rule-LAN2-VRF-INT-WAN from source-zone [ W-ST-LAN2-VRF-INT-WAN ]
set devices template IPC00190-HKG-PS-IS-LIB config orgs org-services IPC00190 cgnat rules rule DIA-Rule-LAN2-VRF-INT-WAN from destination-zone [ Intf-INT-WAN-Zone ]



delete device template IPC00190-HKG-PS-IS-LIB config org org-services IPC00190 sd-wan policies sdwan-policy-group Default-Policy rules rule Default-Rule
set devices template IPC00190-HKG-PS-IS-LIB config org org-services IPC00190 sd-wan forwarding-profiles forwarding-profile DEFAULT-TRAFFIC-PROFILE circuit-priorities priority 1 circuit-names local [ INT-WAN ]
set devices template IPC00190-HKG-PS-IS-LIB config org org-services IPC00190 sd-wan forwarding-profiles forwarding-profile DEFAULT-TRAFFIC-PROFILE circuit-priorities priority 1 circuit-names remote [ INT-WAN INT-WAN1 INT-WAN2 ]
set devices template IPC00190-HKG-PS-IS-LIB config org org-services IPC00190 sd-wan forwarding-profiles forwarding-profile DEFAULT-TRAFFIC-PROFILE circuit-priorities priority 2 circuit-names local [ INT-WAN ]
set devices template IPC00190-HKG-PS-IS-LIB config org org-services IPC00190 sd-wan forwarding-profiles forwarding-profile DEFAULT-TRAFFIC-PROFILE circuit-priorities priority 2 circuit-names remote [ LTE-WAN ]
set devices template IPC00190-HKG-PS-IS-LIB config org org-services IPC00190 sd-wan forwarding-profiles forwarding-profile DEFAULT-TRAFFIC-PROFILE connection-selection-method weighted-round-robin
set devices template IPC00190-HKG-PS-IS-LIB config org org-services IPC00190 sd-wan forwarding-profiles forwarding-profile DEFAULT-TRAFFIC-PROFILE recompute-timer 40
set devices template IPC00190-HKG-PS-IS-LIB config org org-services IPC00190 sd-wan forwarding-profiles forwarding-profile DEFAULT-TRAFFIC-PROFILE encryption optional
set devices template IPC00190-HKG-PS-IS-LIB config org org-services IPC00190 sd-wan forwarding-profiles forwarding-profile DEFAULT-TRAFFIC-PROFILE symmetric-forwarding enable
set devices template IPC00190-HKG-PS-IS-LIB config org org-services IPC00190 sd-wan policies sdwan-policy-group Default-Policy rules rule DEFAULT-TRAFFIC-RULE description DEFAULT-TRAFFIC-RULE
set devices template IPC00190-HKG-PS-IS-LIB config org org-services IPC00190 sd-wan policies sdwan-policy-group Default-Policy rules rule DEFAULT-TRAFFIC-RULE set action allow
set devices template IPC00190-HKG-PS-IS-LIB config org org-services IPC00190 sd-wan policies sdwan-policy-group Default-Policy rules rule DEFAULT-TRAFFIC-RULE set forwarding-profile DEFAULT-TRAFFIC-PROFILE
set devices template IPC00190-HKG-PS-IS-LIB config orgs org-services IPC00190 objects services service IPSEC protocol UDP
set devices template IPC00190-HKG-PS-IS-LIB config orgs org-services IPC00190 objects services service IPSEC destination-port 4790,4500,500
set devices template IPC00190-HKG-PS-IS-LIB config orgs org-services IPC00190 objects services service IPSecAH protocol AH
set devices template IPC00190-HKG-PS-IS-LIB config orgs org-services IPC00190 objects services service IPSIPSecAH protocol AH
set devices template IPC00190-HKG-PS-IS-LIB config orgs org-services IPC00190 objects services service DHCP-67 protocol UDP
set devices template IPC00190-HKG-PS-IS-LIB config orgs org-services IPC00190 objects services service DHCP-67 port 67
set devices template IPC00190-HKG-PS-IS-LIB config orgs org-services IPC00190 objects services service DHCP-68 protocol UDP
set devices template IPC00190-HKG-PS-IS-LIB config orgs org-services IPC00190 objects services service DHCP-68 port 68

delete devices template IPC00190-HKG-PS-IS-LIB config routing-instances routing-instance IPC00190-Control-VR routing-options static route
delete devices template IPC00190-HKG-PS-IS-LIB config orgs org-services IPC00190 security access-policies access-policy-group Default-Policy

set devices template IPC00190-HKG-PS-IS-LIB config routing-instances routing-instance LAN1-VRF vrf-import-target target:1020L:10202
set devices template IPC00190-HKG-PS-IS-LIB config routing-instances routing-instance LAN1-VRF policy-options redistribution-policy Default-Policy-To-BGP term T3-STATIC match protocol static
set devices template IPC00190-HKG-PS-IS-LIB config routing-instances routing-instance LAN1-VRF policy-options redistribution-policy Default-Policy-To-BGP term T3-STATIC action filter accept
set devices template IPC00190-HKG-PS-IS-LIB config routing-instances routing-instance LAN1-VRF policy-options redistribution-policy Default-Policy-To-BGP term T3-STATIC action set-origin igp
set devices template IPC00190-HKG-PS-IS-LIB config routing-instances routing-instance LAN1-VRF policy-options redistribution-policy Default-Policy-To-BGP term T3-STATIC action set-local-preference 110
set devices template IPC00190-HKG-PS-IS-LIB config routing-instances routing-instance LAN2-VRF vrf-import-target target:1021L:10212
set devices template IPC00190-HKG-PS-IS-LIB config routing-instances routing-instance LAN2-VRF policy-options redistribution-policy Default-Policy-To-BGP term T3-STATIC match protocol static
set devices template IPC00190-HKG-PS-IS-LIB config routing-instances routing-instance LAN2-VRF policy-options redistribution-policy Default-Policy-To-BGP term T3-STATIC action filter accept
set devices template IPC00190-HKG-PS-IS-LIB config routing-instances routing-instance LAN2-VRF policy-options redistribution-policy Default-Policy-To-BGP term T3-STATIC action set-origin igp
set devices template IPC00190-HKG-PS-IS-LIB config routing-instances routing-instance LAN2-VRF policy-options redistribution-policy Default-Policy-To-BGP term T3-STATIC action set-local-preference 110
set devices template IPC00190-HKG-PS-IS-LIB config snmp usm local user coltuser auth sha password Colt1234

set devices template IPC00190-HKG-PS-IS-LIB config system time-zone Greenwich
set devices template IPC00190-HKG-PS-IS-LIB config confdConfig cli banner "Access to this network/system is limited to users authorised by Colt for its legitimate business purposes. Unauthorised access, use, installation of files or modification of any data is prohibited. Use of this system/network will be audited"
set devices template IPC00190-HKG-PS-IS-LIB config system users portal login shell role admin password yA:D#{}Vn9JE-?Qa
set devices template IPC00190-HKG-PS-IS-LIB config system users portal ssh-public-key portal contents "ssh-rsa AAAAB3NzaC1yc2EAAAADAQABAAABAQDo+WWU8BDyqZCYadUGElffuy1pkOo4nrg/yfOqV84G+ukVGf+SF48h+543zMxMmKTauHEqmSp+74IbSpN9buBom/BFpBTm3c66BErMmLNariqvfItG7CO9UBPqoXpUBAXnF/muohwe145jEyRRI4Lof2wK6F6qYjzTQHK+zp5IpV6D+VurfQ6fIQB2oUIj9c8OG3Zfyp33l9utdLCzR7Uo4OGt9GidMrO2mXSBWXb+L5o6MAiOB4EhKvVyG9O8+So7zHEcUI65bq3JWzLzM7w705ySVwitEeqCx2wS7v/2KNuHmI8kSQVOuXQ539V3PJThvlVPY7ABmrY5+4MZT+Fv novitas@colt.net"
2019-08-26 14:48:33,369 - CPE11-HKG-INT-IPC00190 - INFO - configure
Entering configuration mode private
Current configuration users:
Administrator ssh (cli from 10.91.192.222) on since 2019-08-26 09:05:06 private mode
[ok][2019-08-26 09:16:49]

[edit]
Administrator@VDir-BLR-NEW-01% set devices template IPC00190-HKG-PS-IS-LIB config interfaces vni vni-0/1 description "INT-WAN"
[ok][2019-08-26 09:16:51]

[edit]
Administrator@VDir-BLR-NEW-01% 

[edit]
Administrator@VDir-BLR-NEW-01% set devices template IPC00190-HKG-PS-IS-LIB config system vnf-manager ip-addresses [ 10.92.116.67/32 10.92.116.68/32 ]
[ok][2019-08-26 09:16:52]

[edit]
Administrator@VDir-BLR-NEW-01% delete devices template IPC00190-HKG-PS-IS-LIB config routing-instances routing-instance INT-WAN-Transport-VR routing-options static route rti-static-route-list 0.0.0.0/0 "{$v_INT-WAN-Transport-VR_IPv4__vrHopAddress}"[1A[34C{$v_INT-WAN-Transport-VR_IPv4__vrHopAddress}  [1Dnone icmp
Error: element not found
[error][2019-08-26 09:16:52]

[edit]
Administrator@VDir-BLR-NEW-01% set devices template IPC00190-HKG-PS-IS-LIB config routing-instances routing-instance IPC00190-Control-VR protocols bgp bgp 90 hold-time 90
[ok][2019-08-26 09:16:52]

[edit]
Administrator@VDir-BLR-NEW-01% set devices template IPC00190-HKG-PS-IS-LIB config routing-instances routing-instance IPC00190-Control-VR protocols bgp bgp 90 graceful-restart enable
[ok][2019-08-26 09:16:52]

[edit]
Administrator@VDir-BLR-NEW-01% set devices template IPC00190-HKG-PS-IS-LIB config routing-instances routing-instance IPC00190-Control-VR protocols bgp bgp 90 graceful-restart maximum-restart-time 15
[ok][2019-08-26 09:16:53]

[edit]
Administrator@VDir-BLR-NEW-01% set devices template IPC00190-HKG-PS-IS-LIB config routing-instances routing-instance IPC00190-Control-VR protocols bgp bgp 90 graceful-restart recovery-time 15
[ok][2019-08-26 09:16:53]

[edit]
Administrator@VDir-BLR-NEW-01% set devices template IPC00190-HKG-PS-IS-LIB config routing-instances routing-instance IPC00190-Control-VR protocols bgp bgp 90 graceful-restart select-defer-time 15
[ok][2019-08-26 09:16:53]

[edit]
Administrator@VDir-BLR-NEW-01% set devices template IPC00190-HKG-PS-IS-LIB config routing-instances routing-instance IPC00190-Control-VR protocols bgp bgp 90 graceful-restart stalepath-time 15
[ok][2019-08-26 09:16:54]

[edit]
Administrator@VDir-BLR-NEW-01% set devices template IPC00190-HKG-PS-IS-LIB config routing-instances routing-instance IPC00190-Control-VR protocols bgp bgp 90 graceful-restart dynamic-peer-restart-time 0
[ok][2019-08-26 09:16:54]

[edit]
Administrator@VDir-BLR-NEW-01% 

[edit]
Administrator@VDir-BLR-NEW-01% set devices template IPC00190-HKG-PS-IS-LIB config routing-instances routing-instance IPC00190-Control-VR protocols bgp bgp 90 routing-peer-policy Import-From-SDWAN-Policy term 1GW1 match family inet-vpn
[ok][2019-08-26 09:16:55]

[edit]
Administrator@VDir-BLR-NEW-01% set devices template IPC00190-HKG-PS-IS-LIB config routing-instances routing-instance IPC00190-Control-VR protocols bgp bgp 90 routing-peer-policy Import-From-SDWAN-Policy term 1GW1 match community "(^|,)([0-9]*:11)($|,)"
[ok][2019-08-26 09:16:55]

[edit]
Administrator@VDir-BLR-NEW-01% set devices template IPC00190-HKG-PS-IS-LIB config routing-instances routing-instance IPC00190-Control-VR protocols bgp bgp 90 routing-peer-policy Import-From-SDWAN-Policy term 1GW1 action filter accept
[ok][2019-08-26 09:16:56]

[edit]
Administrator@VDir-BLR-NEW-01% set devices template IPC00190-HKG-PS-IS-LIB config routing-instances routing-instance IPC00190-Control-VR protocols bgp bgp 90 routing-peer-policy Import-From-SDWAN-Policy term 1GW1 action community 8009:8009
[ok][2019-08-26 09:16:56]

[edit]
Administrator@VDir-BLR-NEW-01% set devices template IPC00190-HKG-PS-IS-LIB config routing-instances routing-instance IPC00190-Control-VR protocols bgp bgp 90 routing-peer-policy Import-From-SDWAN-Policy term 1GW1 action community-action set-specific
[ok][2019-08-26 09:16:57]

[edit]
Administrator@VDir-BLR-NEW-01% set devices template IPC00190-HKG-PS-IS-LIB config routing-instances routing-instance IPC00190-Control-VR protocols bgp bgp 90 routing-peer-policy Import-From-SDWAN-Policy term 1GW1 action set-local-preference  80
[ok][2019-08-26 09:16:57]

[edit]
Administrator@VDir-BLR-NEW-01% set devices template IPC00190-HKG-PS-IS-LIB config routing-instances routing-instance IPC00190-Control-VR protocols bgp bgp 90 routing-peer-policy Import-From-SDWAN-Policy term 2GW2 match family inet-vpn
[ok][2019-08-26 09:16:57]

[edit]
Administrator@VDir-BLR-NEW-01% set devices template IPC00190-HKG-PS-IS-LIB config routing-instances routing-instance IPC00190-Control-VR protocols bgp bgp 90 routing-peer-policy Import-From-SDWAN-Policy term 2GW2 match community "(^|,)([0-9]*:12)($|,)"
[ok][2019-08-26 09:16:58]

[edit]
Administrator@VDir-BLR-NEW-01% set devices template IPC00190-HKG-PS-IS-LIB config routing-instances routing-instance IPC00190-Control-VR protocols bgp bgp 90 routing-peer-policy Import-From-SDWAN-Policy term 2GW2 action filter accept
[ok][2019-08-26 09:16:58]

[edit]
Administrator@VDir-BLR-NEW-01% set devices template IPC00190-HKG-PS-IS-LIB config routing-instances routing-instance IPC00190-Control-VR protocols bgp bgp 90 routing-peer-policy Import-From-SDWAN-Policy term 2GW2 action community 8009:8009
[ok][2019-08-26 09:16:59]

[edit]
Administrator@VDir-BLR-NEW-01% set devices template IPC00190-HKG-PS-IS-LIB config routing-instances routing-instance IPC00190-Control-VR protocols bgp bgp 90 routing-peer-policy Import-From-SDWAN-Policy term 2GW2 action community-action set-specific
[ok][2019-08-26 09:16:59]

[edit]
Administrator@VDir-BLR-NEW-01% set devices template IPC00190-HKG-PS-IS-LIB config routing-instances routing-instance IPC00190-Control-VR protocols bgp bgp 90 routing-peer-policy Import-From-SDWAN-Policy term 2GW2 action set-local-preference  60
[ok][2019-08-26 09:17:00]

[edit]
Administrator@VDir-BLR-NEW-01% move devices template IPC00190-HKG-PS-IS-LIB config routing-instances routing-instance IPC00190-Control-VR protocols bgp bgp 90 routing-peer-policy Import-From-SDWAN-Policy term 2GW2 first
[ok][2019-08-26 09:17:00]

[edit]
Administrator@VDir-BLR-NEW-01% move devices template IPC00190-HKG-PS-IS-LIB config routing-instances routing-instance IPC00190-Control-VR protocols bgp bgp 90 routing-peer-policy Import-From-SDWAN-Policy term 1GW1 first
[ok][2019-08-26 09:17:01]

[edit]
Administrator@VDir-BLR-NEW-01% 

[edit]
Administrator@VDir-BLR-NEW-01% set devices template IPC00190-HKG-PS-IS-LIB config routing-instances routing-instance IPC00190-Control-VR protocols bgp bgp 90 routing-peer-policy TO_SDWAN term Wildcard match family inet-vpn
[ok][2019-08-26 09:17:01]

[edit]
Administrator@VDir-BLR-NEW-01% set devices template IPC00190-HKG-PS-IS-LIB config routing-instances routing-instance IPC00190-Control-VR protocols bgp bgp 90 routing-peer-policy TO_SDWAN term Wildcard action filter accept
[ok][2019-08-26 09:17:01]

[edit]
Administrator@VDir-BLR-NEW-01% set devices template IPC00190-HKG-PS-IS-LIB config routing-instances routing-instance IPC00190-Control-VR protocols bgp bgp 90 routing-peer-policy TO_SDWAN term Wildcard action community 852:10
[ok][2019-08-26 09:17:02]

[edit]
Administrator@VDir-BLR-NEW-01% set devices template IPC00190-HKG-PS-IS-LIB config routing-instances routing-instance IPC00190-Control-VR protocols bgp bgp 90 routing-peer-policy TO_SDWAN term Wildcard action community-action set-specific
[ok][2019-08-26 09:17:02]

[edit]
Administrator@VDir-BLR-NEW-01% set devices template IPC00190-HKG-PS-IS-LIB config routing-instances routing-instance IPC00190-Control-VR protocols bgp bgp 90 routing-peer-policy TO_SDWAN term VersaPvt-Wildcard match family versa-private
[ok][2019-08-26 09:17:03]

[edit]
Administrator@VDir-BLR-NEW-01% set devices template IPC00190-HKG-PS-IS-LIB config routing-instances routing-instance IPC00190-Control-VR protocols bgp bgp 90 routing-peer-policy TO_SDWAN term VersaPvt-Wildcard action filter accept
[ok][2019-08-26 09:17:03]

[edit]
Administrator@VDir-BLR-NEW-01% set devices template IPC00190-HKG-PS-IS-LIB config routing-instances routing-instance IPC00190-Control-VR protocols bgp bgp 90 routing-peer-policy TO_SDWAN term VersaPvt-Wildcard action community 852:10
[ok][2019-08-26 09:17:04]

[edit]
Administrator@VDir-BLR-NEW-01% set devices template IPC00190-HKG-PS-IS-LIB config routing-instances routing-instance IPC00190-Control-VR protocols bgp bgp 90 routing-peer-policy TO_SDWAN term VersaPvt-Wildcard action community-action set-specific
[ok][2019-08-26 09:17:04]

[edit]
Administrator@VDir-BLR-NEW-01% set devices template IPC00190-HKG-PS-IS-LIB config routing-instances routing-instance IPC00190-Control-VR protocols bgp bgp 90 group Controllers-Group family inet unicast
[ok][2019-08-26 09:17:05]

[edit]
Administrator@VDir-BLR-NEW-01% set devices template IPC00190-HKG-PS-IS-LIB config routing-instances routing-instance IPC00190-Control-VR protocols bgp bgp 90 group Controllers-Group export TO_SDWAN
[ok][2019-08-26 09:17:05]

[edit]
Administrator@VDir-BLR-NEW-01% 

[edit]
Administrator@VDir-BLR-NEW-01% set devices template IPC00190-HKG-PS-IS-LIB config orgs org IPC00190 sd-wan site wan-interfaces vni vni-0/1.0 sla-monitoring fc fc_nc interval 10
[ok][2019-08-26 09:17:06]

[edit]
Administrator@VDir-BLR-NEW-01% set devices template IPC00190-HKG-PS-IS-LIB config orgs org IPC00190 sd-wan site wan-interfaces vni vni-0/1.0 sla-monitoring fc fc_nc logging-interval 30
[ok][2019-08-26 09:17:06]

[edit]
Administrator@VDir-BLR-NEW-01% set devices template IPC00190-HKG-PS-IS-LIB config orgs org IPC00190 sd-wan site wan-interfaces vni vni-0/1.0 sla-monitoring fc fc_nc send-to controller
[ok][2019-08-26 09:17:06]

[edit]
Administrator@VDir-BLR-NEW-01% set devices template IPC00190-HKG-PS-IS-LIB config orgs org IPC00190 sd-wan site wan-interfaces vni vni-0/1.0 sla-monitoring fc fc_be interval 10
[ok][2019-08-26 09:17:07]

[edit]
Administrator@VDir-BLR-NEW-01% set devices template IPC00190-HKG-PS-IS-LIB config orgs org IPC00190 sd-wan site wan-interfaces vni vni-0/1.0 sla-monitoring fc fc_be logging-interval 30
[ok][2019-08-26 09:17:07]

[edit]
Administrator@VDir-BLR-NEW-01% set devices template IPC00190-HKG-PS-IS-LIB config orgs org IPC00190 sd-wan site wan-interfaces vni vni-0/1.0 sla-monitoring fc fc_be send-to branches
[ok][2019-08-26 09:17:07]

[edit]
Administrator@VDir-BLR-NEW-01% set devices template IPC00190-HKG-PS-IS-LIB config orgs org IPC00190 sd-wan site wan-interfaces vni vni-0/1.0 management-traffic  priority 0
[ok][2019-08-26 09:17:08]

[edit]
Administrator@VDir-BLR-NEW-01% 

[edit]
Administrator@VDir-BLR-NEW-01% set devices template IPC00190-HKG-PS-IS-LIB config orgs org-services IPC00190 class-of-service qos-policies qos-policy-group Default-Policy rules qos-policy IPSEC_IN match source zone zone-list [ Intf-INT-WAN-Zone ]
[ok][2019-08-26 09:17:08]

[edit]
Administrator@VDir-BLR-NEW-01% set devices template IPC00190-HKG-PS-IS-LIB config orgs org-services IPC00190 class-of-service qos-policies qos-policy-group Default-Policy rules qos-policy IPSEC_IN match services predefined-services-list [ ESP ICMP ]
[ok][2019-08-26 09:17:09]

[edit]
Administrator@VDir-BLR-NEW-01% set devices template IPC00190-HKG-PS-IS-LIB config orgs org-services IPC00190 class-of-service qos-policies qos-policy-group Default-Policy rules qos-policy IPSEC_IN match services services-list [ IPSEC IPSecAH ]
[ok][2019-08-26 09:17:09]

[edit]
Administrator@VDir-BLR-NEW-01% set devices template IPC00190-HKG-PS-IS-LIB config orgs org-services IPC00190 class-of-service qos-policies qos-policy-group Default-Policy rules qos-policy IPSEC_IN set action allow
[ok][2019-08-26 09:17:10]

[edit]
Administrator@VDir-BLR-NEW-01% set devices template IPC00190-HKG-PS-IS-LIB config orgs org-services IPC00190 class-of-service qos-policies qos-policy-group Default-Policy rules qos-policy IPSEC_OUT match destination zone zone-list [ Intf-INT-WAN-Zone ]
[ok][2019-08-26 09:17:10]

[edit]
Administrator@VDir-BLR-NEW-01% set devices template IPC00190-HKG-PS-IS-LIB config orgs org-services IPC00190 class-of-service qos-policies qos-policy-group Default-Policy rules qos-policy IPSEC_OUT match services predefined-services-list [  ESP ICMP ]
[ok][2019-08-26 09:17:11]

[edit]
Administrator@VDir-BLR-NEW-01% set devices template IPC00190-HKG-PS-IS-LIB config orgs org-services IPC00190 class-of-service qos-policies qos-policy-group Default-Policy rules qos-policy IPSEC_OUT match services services-list [ IPSEC IPSIPSecAH ]
[ok][2019-08-26 09:17:11]

[edit]
Administrator@VDir-BLR-NEW-01% set devices template IPC00190-HKG-PS-IS-LIB config orgs org-services IPC00190 class-of-service qos-policies qos-policy-group Default-Policy rules qos-policy IPSEC_OUT set action allow
[ok][2019-08-26 09:17:12]

[edit]
Administrator@VDir-BLR-NEW-01% set devices template IPC00190-HKG-PS-IS-LIB config orgs org-services IPC00190 class-of-service qos-policies qos-policy-group Default-Policy rules qos-policy ARP_IN match source zone zone-list [ Intf-INT-WAN-Zone ]
[ok][2019-08-26 09:17:12]

[edit]
Administrator@VDir-BLR-NEW-01% set devices template IPC00190-HKG-PS-IS-LIB config orgs org-services IPC00190 class-of-service qos-policies qos-policy-group Default-Policy rules qos-policy ARP_IN match ether-type ARP
[ok][2019-08-26 09:17:13]

[edit]
Administrator@VDir-BLR-NEW-01% set devices template IPC00190-HKG-PS-IS-LIB config orgs org-services IPC00190 class-of-service qos-policies qos-policy-group Default-Policy rules qos-policy ARP_IN set action allow
[ok][2019-08-26 09:17:13]

[edit]
Administrator@VDir-BLR-NEW-01% set devices template IPC00190-HKG-PS-IS-LIB config orgs org-services IPC00190 class-of-service qos-policies qos-policy-group Default-Policy rules qos-policy ARP_OUT match destination zone zone-list [ Intf-INT-WAN-Zone ]
[ok][2019-08-26 09:17:13]

[edit]
Administrator@VDir-BLR-NEW-01% set devices template IPC00190-HKG-PS-IS-LIB config orgs org-services IPC00190 class-of-service qos-policies qos-policy-group Default-Policy rules qos-policy ARP_OUT match ether-type ARP
[ok][2019-08-26 09:17:14]

[edit]
Administrator@VDir-BLR-NEW-01% set devices template IPC00190-HKG-PS-IS-LIB config orgs org-services IPC00190 class-of-service qos-policies qos-policy-group Default-Policy rules qos-policy ARP_OUT set action allow
[ok][2019-08-26 09:17:14]

[edit]
Administrator@VDir-BLR-NEW-01% set devices template IPC00190-HKG-PS-IS-LIB config orgs org-services IPC00190 class-of-service qos-policies qos-policy-group Default-Policy rules qos-policy DHCP_IN match source zone zone-list [ Intf-INT-WAN-Zone ]
[ok][2019-08-26 09:17:15]

[edit]
Administrator@VDir-BLR-NEW-01% set devices template IPC00190-HKG-PS-IS-LIB config orgs org-services IPC00190 class-of-service qos-policies qos-policy-group Default-Policy rules qos-policy DHCP_IN match services services-list [ DHCP-67 DHCP-68 ]
[ok][2019-08-26 09:17:15]

[edit]
Administrator@VDir-BLR-NEW-01% set devices template IPC00190-HKG-PS-IS-LIB config orgs org-services IPC00190 class-of-service qos-policies qos-policy-group Default-Policy rules qos-policy DHCP_IN set action allow
[ok][2019-08-26 09:17:15]

[edit]
Administrator@VDir-BLR-NEW-01% set devices template IPC00190-HKG-PS-IS-LIB config orgs org-services IPC00190 class-of-service qos-policies qos-policy-group Default-Policy rules qos-policy DHCP_OUT match destination zone zone-list [ Intf-INT-WAN-Zone ]
[ok][2019-08-26 09:17:16]

[edit]
Administrator@VDir-BLR-NEW-01% set devices template IPC00190-HKG-PS-IS-LIB config orgs org-services IPC00190 class-of-service qos-policies qos-policy-group Default-Policy rules qos-policy DHCP_OUT match services services-list [ DHCP-67 DHCP-68 ]
[ok][2019-08-26 09:17:16]

[edit]
Administrator@VDir-BLR-NEW-01% set devices template IPC00190-HKG-PS-IS-LIB config orgs org-services IPC00190 class-of-service qos-policies qos-policy-group Default-Policy rules qos-policy DHCP_OUT set action allow
[ok][2019-08-26 09:17:17]

[edit]
Administrator@VDir-BLR-NEW-01% 

[edit]
Administrator@VDir-BLR-NEW-01% set devices template IPC00190-HKG-PS-IS-LIB config orgs org-services IPC00190 class-of-service qos-policies qos-policy-group Default-Policy rules qos-policy INT_OUT match source zone zone-list [ Intf-LAN1-Zone  Intf-LAN2-Zone W-ST-LAN1-VRF-INT-WAN W-ST-LAN2-VRF-INT-WAN ]
[ok][2019-08-26 09:17:17]

[edit]
Administrator@VDir-BLR-NEW-01% set devices template IPC00190-HKG-PS-IS-LIB config orgs org-services IPC00190 class-of-service qos-policies qos-policy-group Default-Policy rules qos-policy INT_OUT match destination zone zone-list [ Intf-INT-WAN-Zone L-ST-LAN1-VRF-INT-WAN L-ST-LAN2-VRF-INT-WAN ]
[ok][2019-08-26 09:17:18]

[edit]
Administrator@VDir-BLR-NEW-01% set devices template IPC00190-HKG-PS-IS-LIB config orgs org-services IPC00190 class-of-service qos-policies qos-policy-group Default-Policy rules qos-policy INT_OUT set action allow
[ok][2019-08-26 09:17:18]

[edit]
Administrator@VDir-BLR-NEW-01% set devices template IPC00190-HKG-PS-IS-LIB config orgs org-services IPC00190 class-of-service qos-policies qos-policy-group Default-Policy rules qos-policy INT_IN match source zone zone-list [ Intf-INT-WAN-Zone L-ST-LAN1-VRF-INT-WAN L-ST-LAN2-VRF-INT-WAN ]
[ok][2019-08-26 09:17:19]

[edit]
Administrator@VDir-BLR-NEW-01% set devices template IPC00190-HKG-PS-IS-LIB config orgs org-services IPC00190 class-of-service qos-policies qos-policy-group Default-Policy rules qos-policy INT_IN set action allow
[ok][2019-08-26 09:17:19]

[edit]
Administrator@VDir-BLR-NEW-01% 

[edit]
Administrator@VDir-BLR-NEW-01% 

[edit]
Administrator@VDir-BLR-NEW-01% 

[edit]
Administrator@VDir-BLR-NEW-01% set devices template IPC00190-HKG-PS-IS-LIB config orgs org-services IPC00190 class-of-service qos-policies qos-policy-group Default-Policy rules qos-policy WAN_IN match source zone zone-list [ Intf-INT-WAN-Zone ]
[ok][2019-08-26 09:17:20]

[edit]
Administrator@VDir-BLR-NEW-01% set devices template IPC00190-HKG-PS-IS-LIB config orgs org-services IPC00190 class-of-service qos-policies qos-policy-group Default-Policy rules qos-policy WAN_IN set action deny
[ok][2019-08-26 09:17:20]

[edit]
Administrator@VDir-BLR-NEW-01% set devices template IPC00190-HKG-PS-IS-LIB config orgs org-services IPC00190 class-of-service qos-policies qos-policy-group Default-Policy rules qos-policy WAN_OUT match destination zone zone-list [ Intf-INT-WAN-Zone ]
[ok][2019-08-26 09:17:21]

[edit]
Administrator@VDir-BLR-NEW-01% set devices template IPC00190-HKG-PS-IS-LIB config orgs org-services IPC00190 class-of-service qos-policies qos-policy-group Default-Policy rules qos-policy WAN_OUT set action deny
[ok][2019-08-26 09:17:21]

[edit]
Administrator@VDir-BLR-NEW-01% 

[edit]
Administrator@VDir-BLR-NEW-01% delete devices template IPC00190-HKG-PS-IS-LIB config orgs org-services IPC00190 cgnat rules rule RFC_1918_NoTranslate
[ok][2019-08-26 09:17:21]

[edit]
Administrator@VDir-BLR-NEW-01% delete devices template IPC00190-HKG-PS-IS-LIB config orgs org-services IPC00190 cgnat rules rule DIA-Rule-LAN2-VRF-INT-WAN from
[ok][2019-08-26 09:17:22]

[edit]
Administrator@VDir-BLR-NEW-01% 

[edit]
Administrator@VDir-BLR-NEW-01% set devices template IPC00190-HKG-PS-IS-LIB config orgs org-services IPC00190 cgnat rules rule DIA-Rule-LAN2-VRF-INT-WAN from source-zone [ W-ST-LAN2-VRF-INT-WAN ]
[ok][2019-08-26 09:17:22]

[edit]
Administrator@VDir-BLR-NEW-01% set devices template IPC00190-HKG-PS-IS-LIB config orgs org-services IPC00190 cgnat rules rule DIA-Rule-LAN2-VRF-INT-WAN from destination-zone [ Intf-INT-WAN-Zone ]
[ok][2019-08-26 09:17:22]

[edit]
Administrator@VDir-BLR-NEW-01% 

[edit]
Administrator@VDir-BLR-NEW-01% 

[edit]
Administrator@VDir-BLR-NEW-01% 

[edit]
Administrator@VDir-BLR-NEW-01% delete devices template IPC00190-HKG-PS-IS-LIB config orgs org-services IPC00190 sd-wan policies sdwan-policy-group Default-Policy rules rule Default-Rule
Error: element not found
[error][2019-08-26 09:17:22]

[edit]
Administrator@VDir-BLR-NEW-01% set devices template IPC00190-HKG-PS-IS-LIB config orgs org-services IPC00190 sd-wan forwarding-profiles forwarding-profile DEFAULT-TRAFFIC-PROFILE circuit-priorities priority 1 circuit-names local [ INT-WAN ] 
[ok][2019-08-26 09:17:23]

[edit]
Administrator@VDir-BLR-NEW-01% set devices template IPC00190-HKG-PS-IS-LIB config orgs org-services IPC00190 sd-wan forwarding-profiles forwarding-profile DEFAULT-TRAFFIC-PROFILE circuit-priorities priority 1 circuit-names remote [ INT-WAN  INT-WAN1 INT-WAN2 ]
[ok][2019-08-26 09:17:23]

[edit]
Administrator@VDir-BLR-NEW-01% set devices template IPC00190-HKG-PS-IS-LIB config orgs org-services IPC00190 sd-wan forwarding-profiles forwarding-profile DEFAULT-TRAFFIC-PROFILE circuit-priorities priority 2 circuit-names local [ INT-WAN ] 
[ok][2019-08-26 09:17:24]

[edit]
Administrator@VDir-BLR-NEW-01% set devices template IPC00190-HKG-PS-IS-LIB config orgs org-services IPC00190 sd-wan forwarding-profiles forwarding-profile DEFAULT-TRAFFIC-PROFILE circuit-priorities priority 2 circuit-names remote [ LTE-WAN  ]
[ok][2019-08-26 09:17:25]

[edit]
Administrator@VDir-BLR-NEW-01% set devices template IPC00190-HKG-PS-IS-LIB config orgs org-services IPC00190 sd-wan forwarding-profiles forwarding-profile DEFAULT-TRAFFIC-PROFILE connection-selection-method weighted-round-robin
[ok][2019-08-26 09:17:25]

[edit]
Administrator@VDir-BLR-NEW-01% set devices template IPC00190-HKG-PS-IS-LIB config orgs org-services IPC00190 sd-wan forwarding-profiles forwarding-profile DEFAULT-TRAFFIC-PROFILE recompute-timer 40
[ok][2019-08-26 09:17:25]

[edit]
Administrator@VDir-BLR-NEW-01% set devices template IPC00190-HKG-PS-IS-LIB config orgs org-services IPC00190 sd-wan forwarding-profiles forwarding-profile DEFAULT-TRAFFIC-PROFILE encryption optional
[ok][2019-08-26 09:17:26]

[edit]
Administrator@VDir-BLR-NEW-01% set devices template IPC00190-HKG-PS-IS-LIB config orgs org-services IPC00190 sd-wan forwarding-profiles forwarding-profile DEFAULT-TRAFFIC-PROFILE symmetric-forwarding enable
[ok][2019-08-26 09:17:26]

[edit]
Administrator@VDir-BLR-NEW-01% set devices template IPC00190-HKG-PS-IS-LIB config orgs org-services IPC00190 sd-wan policies sdwan-policy-group Default-Policy rules rule DEFAULT-TRAFFIC-RULE description DEFAULT-TRAFFIC-RULE
[ok][2019-08-26 09:17:26]

[edit]
Administrator@VDir-BLR-NEW-01% set devices template IPC00190-HKG-PS-IS-LIB config orgs org-services IPC00190 sd-wan policies sdwan-policy-group Default-Policy rules rule DEFAULT-TRAFFIC-RULE set action allow
[ok][2019-08-26 09:17:27]

[edit]
Administrator@VDir-BLR-NEW-01% set devices template IPC00190-HKG-PS-IS-LIB config orgs org-services IPC00190 sd-wan policies sdwan-policy-group Default-Policy rules rule DEFAULT-TRAFFIC-RULE set forwarding-profile DEFAULT-TRAFFIC-PROFILE
[ok][2019-08-26 09:17:27]

[edit]
Administrator@VDir-BLR-NEW-01% set devices template IPC00190-HKG-PS-IS-LIB config orgs org-services IPC00190 objects services service IPSEC protocol UDP
[ok][2019-08-26 09:17:27]

[edit]
Administrator@VDir-BLR-NEW-01% set devices template IPC00190-HKG-PS-IS-LIB config orgs org-services IPC00190 objects services service IPSEC destination-port 4790,4500,500
[ok][2019-08-26 09:17:28]

[edit]
Administrator@VDir-BLR-NEW-01% set devices template IPC00190-HKG-PS-IS-LIB config orgs org-services IPC00190 objects services service IPSecAH protocol AH
[ok][2019-08-26 09:17:28]

[edit]
Administrator@VDir-BLR-NEW-01% set devices template IPC00190-HKG-PS-IS-LIB config orgs org-services IPC00190 objects services service IPSIPSecAH protocol AH
[ok][2019-08-26 09:17:28]

[edit]
Administrator@VDir-BLR-NEW-01% set devices template IPC00190-HKG-PS-IS-LIB config orgs org-services IPC00190 objects services service DHCP-67 protocol UDP
[ok][2019-08-26 09:17:29]

[edit]
Administrator@VDir-BLR-NEW-01% set devices template IPC00190-HKG-PS-IS-LIB config orgs org-services IPC00190 objects services service DHCP-67 port 67
[ok][2019-08-26 09:17:29]

[edit]
Administrator@VDir-BLR-NEW-01% set devices template IPC00190-HKG-PS-IS-LIB config orgs org-services IPC00190 objects services service DHCP-68 protocol UDP
[ok][2019-08-26 09:17:29]

[edit]
Administrator@VDir-BLR-NEW-01% set devices template IPC00190-HKG-PS-IS-LIB config orgs org-services IPC00190 objects services service DHCP-68 port 68
[ok][2019-08-26 09:17:29]

[edit]
Administrator@VDir-BLR-NEW-01% 

[edit]
Administrator@VDir-BLR-NEW-01% delete devices template IPC00190-HKG-PS-IS-LIB config routing-instances routing-instance IPC00190-Control-VR routing-options static route
[ok][2019-08-26 09:17:30]

[edit]
Administrator@VDir-BLR-NEW-01% delete devices template IPC00190-HKG-PS-IS-LIB config orgs org-services IPC00190 security access-policies access-policy-group Default-Policy
[ok][2019-08-26 09:17:30]

[edit]
Administrator@VDir-BLR-NEW-01% 

[edit]
Administrator@VDir-BLR-NEW-01% set devices template IPC00190-HKG-PS-IS-LIB config routing-instances routing-instance LAN1-VRF vrf-import-target target:1020L:10202
[ok][2019-08-26 09:17:30]

[edit]
Administrator@VDir-BLR-NEW-01% set devices template IPC00190-HKG-PS-IS-LIB config routing-instances routing-instance LAN1-VRF policy-options redistribution-policy Default-Policy-To-BGP term T3-STATIC match protocol static
[ok][2019-08-26 09:17:31]

[edit]
Administrator@VDir-BLR-NEW-01% set devices template IPC00190-HKG-PS-IS-LIB config routing-instances routing-instance LAN1-VRF policy-options redistribution-policy Default-Policy-To-BGP term T3-STATIC action filter accept
[ok][2019-08-26 09:17:31]

[edit]
Administrator@VDir-BLR-NEW-01% set devices template IPC00190-HKG-PS-IS-LIB config routing-instances routing-instance LAN1-VRF policy-options redistribution-policy Default-Policy-To-BGP term T3-STATIC action set-origin igp
[ok][2019-08-26 09:17:31]

[edit]
Administrator@VDir-BLR-NEW-01% set devices template IPC00190-HKG-PS-IS-LIB config routing-instances routing-instance LAN1-VRF policy-options redistribution-policy Default-Policy-To-BGP term T3-STATIC action set-local-preference 110
[ok][2019-08-26 09:17:32]

[edit]
Administrator@VDir-BLR-NEW-01% set devices template IPC00190-HKG-PS-IS-LIB config routing-instances routing-instance LAN2-VRF vrf-import-target target:1021L:10212
[ok][2019-08-26 09:17:32]

[edit]
Administrator@VDir-BLR-NEW-01% set devices template IPC00190-HKG-PS-IS-LIB config routing-instances routing-instance LAN2-VRF policy-options redistribution-policy Default-Policy-To-BGP term T3-STATIC match protocol static
[ok][2019-08-26 09:17:32]

[edit]
Administrator@VDir-BLR-NEW-01% set devices template IPC00190-HKG-PS-IS-LIB config routing-instances routing-instance LAN2-VRF policy-options redistribution-policy Default-Policy-To-BGP term T3-STATIC action filter accept
[ok][2019-08-26 09:17:33]

[edit]
Administrator@VDir-BLR-NEW-01% set devices template IPC00190-HKG-PS-IS-LIB config routing-instances routing-instance LAN2-VRF policy-options redistribution-policy Default-Policy-To-BGP term T3-STATIC action set-origin igp
[ok][2019-08-26 09:17:33]

[edit]
Administrator@VDir-BLR-NEW-01% set devices template IPC00190-HKG-PS-IS-LIB config routing-instances routing-instance LAN2-VRF policy-options redistribution-policy Default-Policy-To-BGP term T3-STATIC action set-local-preference 110
[ok][2019-08-26 09:17:33]

[edit]
Administrator@VDir-BLR-NEW-01% set devices template IPC00190-HKG-PS-IS-LIB config snmp usm local user coltuser auth sha password Colt1234
[ok][2019-08-26 09:17:34]

[edit]
Administrator@VDir-BLR-NEW-01% 

[edit]
Administrator@VDir-BLR-NEW-01% set devices template IPC00190-HKG-PS-IS-LIB config system time-zone Greenwich
[ok][2019-08-26 09:17:34]

[edit]
Administrator@VDir-BLR-NEW-01% set devices template IPC00190-HKG-PS-IS-LIB config confdConfig cli banner "Access to this network/system is limited to users authorised by Colt for its legitimate business purposes. Unauthorised access, use, installation of files or modification of any data is prohibited. Use of this system/network will be audited"
[ok][2019-08-26 09:17:34]

[edit]
Administrator@VDir-BLR-NEW-01% set devices template IPC00190-HKG-PS-IS-LIB config system users portal login shell role admin password yA:D#{}Vn9JE-?Qa
[ok][2019-08-26 09:17:34]

[edit]
Administrator@VDir-BLR-NEW-01% set devices template IPC00190-HKG-PS-IS-LIB config system users portal ssh-public-key portal contents "ssh-rsa AAAAB3NzaC1yc2EAAAADAQABAAABAQDo+WWU8BDyqZCYadUGElffuy1pkOo4nrg/yfOqV84G+ukVGf+SF48h+543zMxMmKTauHEqmSp+74IbSpN9buBom/BFpBTm3c66BErMmLNariqvfItG7CO9UBPqoXpUBAXnF/muohwe145jEyRRI4Lof2wK6F6qYjzTQHK+zp5IpV6D+VurfQ6fIQB2oUIj9c8OG3Zfyp33l9utdLCzR7Uo4OGt9GidMrO2mXSBWXb+L5o6MAiOB4EhKvVyG9O8+So7zHEcUI65bq3JWzLzM7w705ySVwitEeqCx2wS7v/2KNuHmI8kSQVOuXQ539V3PJThvlVPY7ABmrY5+4MZT+Fv novitas@colt.net"
[ok][2019-08-26 09:17:35]

[edit]
Administrator@VDir-BLR-NEW-01% 
2019-08-26 14:48:34,180 - CPE11-HKG-INT-IPC00190 - INFO - commit
Commit complete.
[ok][2019-08-26 09:17:37]

[edit]
Administrator@VDir-BLR-NEW-01% 
2019-08-26 14:48:34,220 - CPE11-HKG-INT-IPC00190 - INFO - 
CPE11-HKG-INT-IPC00190 : element not found error.Commit success.
2019-08-26 14:48:34,220 - CPE11-HKG-INT-IPC00190 - INFO - 
 >>>>>>>>>> PS MAIN TEMPLATE MODIFY PASSED. <<<<<<<<<<<

2019-08-26 14:48:39,233 - CPE11-HKG-INT-IPC00190 - INFO - 
STEP : DEVICE GROUP CREATION AND DEPLOYMENT

2019-08-26 14:48:39,400 - CPE11-HKG-INT-IPC00190 - INFO - <Response [201]>
2019-08-26 14:48:39,400 - CPE11-HKG-INT-IPC00190 - INFO - 
PASS
2019-08-26 14:48:39,400 - CPE11-HKG-INT-IPC00190 - INFO - 
 >>>>>>>>>> DEVICE GROUP TEMPLATE CREATION PASSED. <<<<<<<<<<<

2019-08-26 14:48:44,401 - CPE11-HKG-INT-IPC00190 - INFO - 
STEP : PRE-ONBOARD WORK

2019-08-26 14:48:44,440 - CPE11-HKG-INT-IPC00190 - INFO - 
sudo /opt/versa/scripts/staging.py -w 2 -c 10.83.130.49 -s 172.16.6.42/30 -g 172.16.6.41 -l IPC00190-CPE11-HKG-INT-IPC00190@colt.net -lk CPE11-HKG-INT-IPC00190  -r NV-WC01-N1-HKG@colt.net -rk 1234

2019-08-26 14:48:44,440 - CPE11-HKG-INT-IPC00190 - INFO - {
	"versanms.sdwan-device-workflow": {
		"deviceName": "CPE11-HKG-INT-IPC00190",
		"siteId": "2992",
		"orgName": "IPC00190",
		"serialNumber": "CPE11INTSXB90",
		"deviceGroup": "IPC00190-HKG-PS-IS-LIB-DG",
		"locationInfo": {
			"state": "karnataka",
			"country": "india",
			"longitude": "77.594563",
			"latitude": "12.971599",
			"city": "bangalore"
		},
		"postStagingTemplateInfo": {
			"templateName": "IPC00190-HKG-PS-IS-LIB",
			"templateData": {
				"device-template-variable": {
					"template": "IPC00190-HKG-PS-IS-LIB",
					"variable-binding": {
						"attrs": [{
							"name": "{$v_INT-WAN_IPv4__staticaddress}",
							"value": "172.16.7.42/30",
							"isAutogeneratable": false
						},
						
						    
						    
						    
						{ "name": "{$v_vni-0-4_LAN1_Unit-0__unit}", "value": "600", "isAutogeneratable": false},
						{ "name": "{$v_vni-0-4_LAN1_Unit-0__vlanId}", "value": "600", "isAutogeneratable": false },
						
						    
						    
						    
						{ "name": "{$v_vni-0-4_LAN2_Unit-1__unit}", "value": "601", "isAutogeneratable": false},
						{ "name": "{$v_vni-0-4_LAN2_Unit-1__vlanId}", "value": "601", "isAutogeneratable": false },
						
						{
							"name": "{$v_IPC00190-Control-VR_16_Router_ID__vrRouteId}",
							"value": "20.20.90.211",
							"isAutogeneratable": true,
							"isOverwritten": false
						}, {
							"name": "{$v_IPC00190_NV-WC01-N1-HKG_Local_auth_email_key__IKELKey}",
							"value": "CPE11-HKG-INT-IPC00190",
							"isAutogeneratable": true
						}, {
							"name": "{$v_IPC00190_NV-WC02-N1-HKG_Local_auth_email_key__IKELKey}",
							"value": "CPE11-HKG-INT-IPC00190",
							"isAutogeneratable": true
						},
						
						
						
						{ "name": "{$v_LAN1_IPv4__staticaddress}", "value": "192.169.101.1/24", "isAutogeneratable": false},
						
						
						
						{ "name": "{$v_LAN2_IPv4__staticaddress}", "value": "192.169.102.1/24", "isAutogeneratable": false},
						
						{
							"name": "{$v_IPC00190_NV-WC02-N1-HKG_Local_auth_email_identifier__IKELIdentifier}",
							"value": "CPE11-HKG-INT-IPC00190@colt.net",
							"isAutogeneratable": true
						}, {
							"name": "{$v_Site_Id__siteSiteID}",
							"value": "2992",
							"isAutogeneratable": true
						}, {
							"name": "{$v_IPC00190_NV-WC01-N1-HKG_Local_auth_email_identifier__IKELIdentifier}",
							"value": "CPE11-HKG-INT-IPC00190@colt.net",
							"isAutogeneratable": true
						}, {
							"name": "{$v_IPC00190_Site_Name__sitesSiteName}",
							"value": "CPE11-HKG-INT-IPC00190",
							"isAutogeneratable": true
						}, {
							"name": "{$v_latitude__IdLatitude}",
							"value": "12.971599",
							"isAutogeneratable": true
						}, {
							"name": "{$v_identification__IdName}",
							"value": "CPE11-HKG-INT-IPC00190",
							"isAutogeneratable": true
						}, {
							"name": "{$v_INT-WAN-Transport-VR_IPv4__vrHopAddress}",
							"value": "172.16.7.41",
							"isAutogeneratable": false
						},	{
						    "name": "{$v_tvi-0-180_-_Unit_0_Static_address__tunnelStaticAddress}",
							"value": "10.10.90.211/32",
							"isAutogeneratable": true,
							"isOverwritten": false
						}, {
							"name": "{$v_Chassis_Id__sitesChassisId}",
							"value": "CPE11INTSXB90",
							"isAutogeneratable": true
						}, {
							"name": "{$v_longitude__Idlongitude}",
							"value": "77.594563",
							"isAutogeneratable": true
						}, {
							"name": "{$v_location__IdLocation}",
							"value": "bangalore,karnataka, india",
							"isAutogeneratable": true
						}, {
							"name": "{$v_IPC00190-Control-VR_90_Local_address__vrRouterAddress}",
							"value": "20.20.90.211",
							"isAutogeneratable": true,
							"isOverwritten": false
						}, {
							"name": "{$v_tvi-0-181_-_Unit_0_Static_address__tunnelStaticAddress}",
							"value": "20.20.90.211/32",
							"isAutogeneratable": true,
							"isOverwritten": false
						}]
					}
				},
				"variableMetadata": [{
					"variable": "{$v_INT-WAN_IPv4__staticaddress}",
					"group": "Interfaces",
					"overlay": false,
					"type": "IPV4_MASK"
				},
                
                
                
				{"variable": "{$v_vni-0-4_LAN1_Unit-0__vlanId}", "group": "Vlan Info", "overlay": false, "type": "INTEGER"},
                
                
                
				{"variable": "{$v_vni-0-4_LAN2_Unit-1__vlanId}", "group": "Vlan Info", "overlay": false, "type": "INTEGER"},
                
				{
					"variable": "{$v_IPC00190-Control-VR_90_Router_ID__vrRouteId}",
					"group": "Virtual Routers",
					"overlay": true,
					"type": "IPV4"
				}, {
					"variable": "{$v_IPC00190_NV-WC01-N1-HKG_Local_auth_email_key__IKELKey}",
					"group": "IPSEC",
					"overlay": false
				}, {
					"variable": "{$v_IPC00190_NV-WC02-N1-HKG_Local_auth_email_key__IKELKey}",
					"group": "IPSEC",
					"overlay": false
				},
			{
					"variable": "{$v_LAN1_IPv4__staticaddress}", "group": "Interfaces", "overlay": false, "type": "IPV4_MASK"
				},
            {
					"variable": "{$v_LAN2_IPv4__staticaddress}", "group": "Interfaces", "overlay": false, "type": "IPV4_MASK"
				},
            
				 {
					"variable": "{$v_IPC00190_NV-WC02-N1-HKG_Local_auth_email_identifier__IKELIdentifier}",
					"group": "IPSEC",
					"overlay": false
				}, {
					"variable": "{$v_Site_Id__siteSiteID}",
					"group": "SDWAN",
					"overlay": false
				}, {
					"variable": "{$v_IPC00190_NV-WC01-N1-HKG_Local_auth_email_identifier__IKELIdentifier}",
					"group": "IPSEC",
					"overlay": false
				}, {
					"variable": "{$v_IPC00190_Site_Name__sitesSiteName}",
					"group": "SDWAN",
					"overlay": false
				}, {
					"variable": "{$v_latitude__IdLatitude}",
					"group": "SDWAN",
					"overlay": false
				}, {
					"variable": "{$v_identification__IdName}",
					"group": "SDWAN",
					"overlay": false
				}, {
					"variable": "{$v_INT-WAN-Transport-VR_IPv4__vrHopAddress}",
					"group": "Virtual Routers",
					"overlay": false,
					"type": "IPV4_IPV6"
				}, {
					"variable": "{$v_tvi-0-180_-_Unit_0_Static_address__tunnelStaticAddress}",
					"group": "Interfaces",
					"overlay": true,
					"type": "IPV4_IPV6_MASK"
				}, {
					"variable": "{$v_Chassis_Id__sitesChassisId}",
					"group": "SDWAN",
					"overlay": false
				}, {
					"variable": "{$v_longitude__Idlongitude}",
					"group": "SDWAN",
					"overlay": false
				}, {
					"variable": "{$v_location__IdLocation}",
					"group": "SDWAN",
					"overlay": false
				}, {
					"variable": "{$v_IPC00190-Control-VR_90_Local_address__vrRouterAddress}",
					"group": "Virtual Routers",
					"overlay": true,
					"type": "IPV4"
				}, {
					"variable": "{$v_tvi-0-181_-_Unit_0_Static_address__tunnelStaticAddress}",
					"group": "Interfaces",
					"overlay": true,
					"type": "IPV4_IPV6_MASK"
				}]
			}
		}
	}
}
2019-08-26 14:48:45,273 - CPE11-HKG-INT-IPC00190 - INFO - <Response [200]>
2019-08-26 14:48:45,273 - CPE11-HKG-INT-IPC00190 - INFO - PASS
2019-08-26 14:48:55,434 - CPE11-HKG-INT-IPC00190 - INFO - 21117
2019-08-26 14:49:00,742 - CPE11-HKG-INT-IPC00190 - INFO - Device deployed
2019-08-26 14:49:01,513 - CPE11-HKG-INT-IPC00190 - INFO - {u'versanms.sdwan-device-workflow': {u'postStagingTemplateInfo': {u'templateData': {u'device-template-variable': {u'variable-binding': {u'attrs': [{u'isAutogeneratable': False, u'name': u'{$v_INT-WAN-Transport-VR_IPv4__vrHopAddress}', u'value': u'172.16.7.41'}, {u'isAutogeneratable': True, u'isOverwritten': True, u'name': u'{$v_tvi-0-181_-_Unit_0_Static_address__tunnelStaticAddress}', u'value': u'20.20.90.211/32'}, {u'isAutogeneratable': False, u'name': u'{$v_vni-0-4_LAN1_Unit-0__vlanId}', u'value': 600}, {u'isAutogeneratable': True, u'name': u'{$v_Chassis_Id__sitesChassisId}', u'value': u'CPE11INTSXB90'}, {u'isAutogeneratable': True, u'isOverwritten': False, u'name': u'{$v_IPC00190-Control-VR_90_Router_ID__vrRouteId}', u'value': u'10.90.75.176'}, {u'isAutogeneratable': False, u'name': u'{$v_INT-WAN_IPv4__staticaddress}', u'value': u'172.16.7.42/30'}, {u'isAutogeneratable': True, u'name': u'{$v_IPC00190_NV-WC01-N1-HKG_Local_auth_email_key__IKELKey}', u'value': u'CPE11-HKG-INT-IPC00190'}, {u'isAutogeneratable': True, u'name': u'{$v_longitude__Idlongitude}', u'value': 77.594563}, {u'isAutogeneratable': True, u'name': u'{$v_IPC00190_NV-WC02-N1-HKG_Local_auth_email_identifier__IKELIdentifier}', u'value': u'CPE11-HKG-INT-IPC00190@colt.net'}, {u'isAutogeneratable': False, u'name': u'{$v_LAN2_IPv4__staticaddress}', u'value': u'192.169.102.1/24'}, {u'isAutogeneratable': True, u'name': u'{$v_location__IdLocation}', u'value': u'bangalore,karnataka, india'}, {u'isAutogeneratable': False, u'name': u'{$v_vni-0-4_LAN2_Unit-1__unit}', u'value': 601}, {u'isAutogeneratable': True, u'isOverwritten': True, u'name': u'{$v_IPC00190-Control-VR_90_Local_address__vrRouterAddress}', u'value': u'20.20.90.211'}, {u'isAutogeneratable': True, u'isOverwritten': True, u'name': u'{$v_tvi-0-180_-_Unit_0_Static_address__tunnelStaticAddress}', u'value': u'10.10.90.211/32'}, {u'isAutogeneratable': False, u'name': u'{$v_vni-0-4_LAN2_Unit-1__vlanId}', u'value': 601}, {u'isAutogeneratable': False, u'name': u'{$v_vni-0-4_LAN1_Unit-0__unit}', u'value': 600}, {u'isAutogeneratable': True, u'name': u'{$v_Site_Id__siteSiteID}', u'value': 2992}, {u'isAutogeneratable': True, u'name': u'{$v_IPC00190_NV-WC01-N1-HKG_Local_auth_email_identifier__IKELIdentifier}', u'value': u'CPE11-HKG-INT-IPC00190@colt.net'}, {u'isAutogeneratable': True, u'name': u'{$v_IPC00190_Site_Name__sitesSiteName}', u'value': u'CPE11-HKG-INT-IPC00190'}, {u'isAutogeneratable': False, u'name': u'{$v_LAN1_IPv4__staticaddress}', u'value': u'192.169.101.1/24'}, {u'isAutogeneratable': True, u'name': u'{$v_latitude__IdLatitude}', u'value': 12.971599}, {u'isAutogeneratable': True, u'name': u'{$v_IPC00190_NV-WC02-N1-HKG_Local_auth_email_key__IKELKey}', u'value': u'CPE11-HKG-INT-IPC00190'}, {u'isAutogeneratable': True, u'name': u'{$v_identification__IdName}', u'value': u'CPE11-HKG-INT-IPC00190'}]}, u'template': u'IPC00190-HKG-PS-IS-LIB'}, u'variableMetadata': [{u'variable': u'{$v_INT-WAN-Transport-VR_IPv4__vrHopAddress}', u'type': u'IPV4', u'group': u'Virtual routers', u'overlay': False}, {u'variable': u'{$v_tvi-0-181_-_Unit_0_Static_address__tunnelStaticAddress}', u'type': u'IPV4_IPV6_MASK', u'group': u'Interfaces', u'overlay': True}, {u'variable': u'{$v_vni-0-4_LAN1_Unit-0__vlanId}', u'type': u'INTEGER', u'group': u'Vlan Info', u'overlay': False}, {u'variable': u'{$v_Chassis_Id__sitesChassisId}', u'group': u'SDWAN', u'overlay': False}, {u'variable': u'{$v_IPC00190-Control-VR_90_Router_ID__vrRouteId}', u'type': u'IPV4', u'group': u'Virtual routers', u'overlay': True}, {u'variable': u'{$v_INT-WAN_IPv4__staticaddress}', u'type': u'IPV4_MASK', u'group': u'Interfaces', u'overlay': False}, {u'variable': u'{$v_IPC00190_NV-WC01-N1-HKG_Local_auth_email_key__IKELKey}', u'group': u'IPSEC', u'overlay': False}, {u'variable': u'{$v_longitude__Idlongitude}', u'group': u'SDWAN', u'overlay': False}, {u'variable': u'{$v_IPC00190_NV-WC02-N1-HKG_Local_auth_email_identifier__IKELIdentifier}', u'group': u'IPSEC', u'overlay': False}, {u'variable': u'{$v_LAN2_IPv4__staticaddress}', u'type': u'IPV4_MASK', u'group': u'Interfaces', u'overlay': False}, {u'variable': u'{$v_location__IdLocation}', u'group': u'SDWAN', u'overlay': False}, {u'variable': u'{$v_vni-0-4_LAN2_Unit-1__unit}', u'type': u'INTEGER', u'group': u'Vlan Info', u'overlay': False}, {u'variable': u'{$v_IPC00190-Control-VR_90_Local_address__vrRouterAddress}', u'type': u'IPV4', u'group': u'Virtual routers', u'overlay': True}, {u'variable': u'{$v_tvi-0-180_-_Unit_0_Static_address__tunnelStaticAddress}', u'type': u'IPV4_IPV6_MASK', u'group': u'Interfaces', u'overlay': True}, {u'variable': u'{$v_vni-0-4_LAN2_Unit-1__vlanId}', u'type': u'INTEGER', u'group': u'Vlan Info', u'overlay': False}, {u'variable': u'{$v_vni-0-4_LAN1_Unit-0__unit}', u'type': u'INTEGER', u'group': u'Vlan Info', u'overlay': False}, {u'variable': u'{$v_Site_Id__siteSiteID}', u'group': u'SDWAN', u'overlay': False}, {u'variable': u'{$v_IPC00190_NV-WC01-N1-HKG_Local_auth_email_identifier__IKELIdentifier}', u'group': u'IPSEC', u'overlay': False}, {u'variable': u'{$v_IPC00190_Site_Name__sitesSiteName}', u'group': u'SDWAN', u'overlay': False}, {u'variable': u'{$v_LAN1_IPv4__staticaddress}', u'type': u'IPV4_MASK', u'group': u'Interfaces', u'overlay': False}, {u'variable': u'{$v_latitude__IdLatitude}', u'group': u'SDWAN', u'overlay': False}, {u'variable': u'{$v_IPC00190_NV-WC02-N1-HKG_Local_auth_email_key__IKELKey}', u'group': u'IPSEC', u'overlay': False}, {u'variable': u'{$v_identification__IdName}', u'group': u'SDWAN', u'overlay': False}]}, u'templateName': u'IPC00190-HKG-PS-IS-LIB'}, u'deviceName': u'CPE11-HKG-INT-IPC00190', u'workflowStatus': u'Deployed', u'deviceGroup': u'IPC00190-HKG-PS-IS-LIB-DG', u'orgName': u'IPC00190', u'serialNumber': u'CPE11INTSXB90', u'locationInfo': {u'latitude': 12.971599, u'country': u'india', u'state': u'karnataka', u'longitude': 77.594563, u'city': u'bangalore'}, u'bandwidth': 0, u'lastUpdatedBy': u'Administrator', u'siteId': 2992, u'instanceInfo': u'', u'stagingTemplateInfo': u'', u'lastModifiedTime': u'2019-08-26T09:17:56.231000+00:00', u'urlztpBasedInfo': {u'authType': u'psk', u'enableIpv4Dhcp': False, u'branchKey': u'wUQ5QHSjzFo9YyOt', u'branchId': u'CPE11-HKG-INT-IPC00190@IPC00190.com', u'enableIpv6': False, u'enableIpv4': False, u'enableIpv6Dhcp': False}}}
2019-08-26 14:49:21,115 - CPE11-HKG-INT-IPC00190 - INFO - configure private
Entering configuration mode private
[ok][2019-08-26 09:18:22]

[edit]
Administrator@VDir-BLR-NEW-01% 
2019-08-26 14:49:23,332 - CPE11-HKG-INT-IPC00190 - INFO - True
2019-08-26 14:49:24,141 - CPE11-HKG-INT-IPC00190 - INFO - set devices device NV-WC01-N1-HKG config orgs org-services Colt ipsec vpn-profile INT-WAN-NV-WC01-N1-HKG-StagingIpsec psk-auth-clients remote-client IPC00190-CPE11-HKG-INT-IPC00190@colt.net id-type email
[ok][2019-08-26 09:18:27]

[edit]
Administrator@VDir-BLR-NEW-01% 
2019-08-26 14:49:24,953 - CPE11-HKG-INT-IPC00190 - INFO - set devices device NV-WC01-N1-HKG config orgs org-services Colt ipsec vpn-profile INT-WAN-NV-WC01-N1-HKG-StagingIpsec psk-auth-clients remote-client IPC00190-CPE11-HKG-INT-IPC00190@colt.net key CPE11-HKG-INT-IPC00190
[ok][2019-08-26 09:18:28]

[edit]
Administrator@VDir-BLR-NEW-01% 
2019-08-26 14:49:25,355 - CPE11-HKG-INT-IPC00190 - INFO - commit and-quit
No modifications to commit.
[ok][2019-08-26 09:18:29]
Administrator@VDir-BLR-NEW-01> 
2019-08-26 14:49:25,456 - CPE11-HKG-INT-IPC00190 - INFO - 
STEP : ONBOARD CALL

2019-08-26 14:49:25,456 - CPE11-HKG-INT-IPC00190 - INFO - 
sudo /opt/versa/scripts/staging.py -w 2 -c 10.83.130.49 -s 172.16.6.42/30 -g 172.16.6.41 -l IPC00190-CPE11-HKG-INT-IPC00190@colt.net -lk CPE11-HKG-INT-IPC00190  -r NV-WC01-N1-HKG@colt.net -rk 1234

