2020-05-07 15:30:07,532 - CPE26-SIN-DUAL-CPE-HYB-IPC00190-P - INFO - 
DELETE Service Object

2020-05-07 15:30:28,555 - CPE26-SIN-DUAL-CPE-HYB-IPC00190-P - INFO - 
DELETE IPaddress Object

2020-05-07 15:30:37,456 - CPE26-SIN-DUAL-CPE-HYB-IPC00190-P - ERROR - {
  "errors": {
    "error": [
      {
        "error-message": "Network Element Driver: device CPE26-SIN-DUAL-CPE-HYB-IPC00190-P: out of sync",
        "error-tag": "malformed-message"
      }
    ]
  }
}
2020-05-07 15:30:37,460 - CPE26-SIN-DUAL-CPE-HYB-IPC00190-P - INFO - 
FAIL : {
  "errors": {
    "error": [
      {
        "error-message": "Network Element Driver: device CPE26-SIN-DUAL-CPE-HYB-IPC00190-P: out of sync",
        "error-tag": "malformed-message"
      }
    ]
  }
}
2020-05-07 15:30:37,467 - CPE26-SIN-DUAL-CPE-HYB-IPC00190-P - INFO - >>>>>>>>>> ADDRESS OBJECT DELETION FAILED. <<<<<<<<<<<
2020-05-07 15:30:37,470 - CPE26-SIN-DUAL-CPE-HYB-IPC00190-P - INFO - 
DELETE IPaddress Object

2020-05-07 15:30:38,608 - CPE26-SIN-DUAL-CPE-HYB-IPC00190-P - ERROR - {
  "errors": {
    "error": [
      {
        "error-message": "Network Element Driver: device CPE26-SIN-DUAL-CPE-HYB-IPC00190-P: out of sync",
        "error-tag": "malformed-message"
      }
    ]
  }
}
2020-05-07 15:30:38,611 - CPE26-SIN-DUAL-CPE-HYB-IPC00190-P - INFO - 
FAIL : {
  "errors": {
    "error": [
      {
        "error-message": "Network Element Driver: device CPE26-SIN-DUAL-CPE-HYB-IPC00190-P: out of sync",
        "error-tag": "malformed-message"
      }
    ]
  }
}
2020-05-07 15:30:38,611 - CPE26-SIN-DUAL-CPE-HYB-IPC00190-P - INFO - >>>>>>>>>> ADDRESS OBJECT DELETION FAILED. <<<<<<<<<<<
2020-05-07 15:30:38,615 - CPE26-SIN-DUAL-CPE-HYB-IPC00190-P - INFO - 
DELETE FWD PROFILE

2020-05-07 15:30:39,934 - CPE26-SIN-DUAL-CPE-HYB-IPC00190-P - ERROR - {
  "errors": {
    "error": [
      {
        "error-message": "Network Element Driver: device CPE26-SIN-DUAL-CPE-HYB-IPC00190-P: out of sync",
        "error-tag": "malformed-message"
      }
    ]
  }
}
2020-05-07 15:30:39,938 - CPE26-SIN-DUAL-CPE-HYB-IPC00190-P - INFO - 
FAIL : {
  "errors": {
    "error": [
      {
        "error-message": "Network Element Driver: device CPE26-SIN-DUAL-CPE-HYB-IPC00190-P: out of sync",
        "error-tag": "malformed-message"
      }
    ]
  }
}
2020-05-07 15:30:39,938 - CPE26-SIN-DUAL-CPE-HYB-IPC00190-P - INFO - >>>>>>>>>> FORWARDING PROFILE DELETION FAILED. <<<<<<<<<<<
2020-05-07 15:30:39,941 - CPE26-SIN-DUAL-CPE-HYB-IPC00190-P - INFO - 
DELETE SLA profile

2020-05-07 15:30:40,713 - CPE26-SIN-DUAL-CPE-HYB-IPC00190-P - ERROR - {
  "errors": {
    "error": [
      {
        "error-message": "illegal reference /devices/device/config/org:orgs/org-services/sdwan:sd-wan/forwarding-profiles/forwarding-profile/sla-profile",
        "error-tag": "malformed-message"
      }
    ]
  }
}
2020-05-07 15:30:40,720 - CPE26-SIN-DUAL-CPE-HYB-IPC00190-P - INFO - 
FAIL : {
  "errors": {
    "error": [
      {
        "error-message": "illegal reference /devices/device/config/org:orgs/org-services/sdwan:sd-wan/forwarding-profiles/forwarding-profile/sla-profile",
        "error-tag": "malformed-message"
      }
    ]
  }
}
2020-05-07 15:30:40,721 - CPE26-SIN-DUAL-CPE-HYB-IPC00190-P - INFO - >>>>>>>>>> DELETE SLA Profile FAILED. <<<<<<<<<<<
