2020-01-16 11:45:46,325 - CPE11-HKG-HYBRD-IPC00190 - INFO - CPE NAME:CPE11-HKG-HYBRD-IPC00190
2020-01-16 11:45:47,323 - CPE11-HKG-HYBRD-IPC00190 - INFO - SOLUTION SELECTED:SINGLE-CPE-HYBRID
2020-01-16 11:45:47,470 - CPE11-HKG-HYBRD-IPC00190 - INFO - 
CREATE FWD PROFILE

2020-01-16 11:45:51,552 - CPE11-HKG-HYBRD-IPC00190 - DEBUG - <Response [201]>
2020-01-16 11:45:51,552 - CPE11-HKG-HYBRD-IPC00190 - INFO - 
PASS
2020-01-16 11:45:51,552 - CPE11-HKG-HYBRD-IPC00190 - INFO - >>>>>>>>>> FORWARDING PROFILE CREATION PASSED. <<<<<<<<<<<
2020-01-16 11:45:51,553 - CPE11-HKG-HYBRD-IPC00190 - INFO - 
CREATE IPaddress Object

2020-01-16 11:45:53,647 - CPE11-HKG-HYBRD-IPC00190 - DEBUG - <Response [201]>
2020-01-16 11:45:53,648 - CPE11-HKG-HYBRD-IPC00190 - INFO - 
PASS
2020-01-16 11:45:53,655 - CPE11-HKG-HYBRD-IPC00190 - INFO - >>>>>>>>>> ADDRESS OBJECT CREATION PASSED. <<<<<<<<<<<
2020-01-16 11:45:53,657 - CPE11-HKG-HYBRD-IPC00190 - INFO - 
DELETE IPaddress Object

2020-01-16 11:45:56,700 - CPE11-HKG-HYBRD-IPC00190 - INFO - 
PASS
2020-01-16 11:45:56,700 - CPE11-HKG-HYBRD-IPC00190 - INFO - >>>>>>>>>> ADDRESS OBJECT DELETION PASSED. <<<<<<<<<<<
2020-01-16 11:45:56,700 - CPE11-HKG-HYBRD-IPC00190 - INFO - 
DELETE FWD PROFILE

2020-01-16 11:45:59,423 - CPE11-HKG-HYBRD-IPC00190 - INFO - 
PASS
2020-01-16 11:45:59,423 - CPE11-HKG-HYBRD-IPC00190 - INFO - >>>>>>>>>> FORWARDING PROFILE DELETION PASSED. <<<<<<<<<<<
