2020-02-11 17:19:17,420 - VD1 - DEBUG - <netmiko.versa.versa_ssh.VersaSSH object at 0x000000000DB64F98>
2020-02-11 17:19:22,621 - VD1 - DEBUG - versa: Automated@VDir-BLR-NEW-01>
2020-02-11 17:19:22,621 - CPE11-HKG-HYBRD-IPC00190 - INFO - CPE NAME:CPE11-HKG-HYBRD-IPC00190
2020-02-11 17:19:23,621 - CPE11-HKG-HYBRD-IPC00190 - INFO - SOLUTION SELECTED:SINGLE-CPE-HYBRID
2020-02-11 17:19:36,015 - CPE11-HKG-HYBRD-IPC00190 - DEBUG - <netmiko.versa.versa_ssh.VersaSSH object at 0x000000000CFEEEF0>
2020-02-11 17:19:41,217 - CPE11-HKG-HYBRD-IPC00190 - DEBUG - versa: Automated@VDir-BLR-NEW-01>
2020-02-11 17:20:01,023 - CPE11-HKG-HYBRD-IPC00190 - INFO - 
CREATE SLA profile

2020-02-11 17:20:04,341 - CPE11-HKG-HYBRD-IPC00190 - DEBUG - <Response [201]>
2020-02-11 17:20:04,348 - CPE11-HKG-HYBRD-IPC00190 - INFO - 
PASS
2020-02-11 17:20:04,348 - CPE11-HKG-HYBRD-IPC00190 - INFO - >>>>>>>>>> CREATE SLA Profile PASSED. <<<<<<<<<<<
2020-02-11 17:20:05,407 - CPE11-HKG-HYBRD-IPC00190 - INFO - 
CREATE FWD PROFILE

2020-02-11 17:20:07,339 - CPE11-HKG-HYBRD-IPC00190 - DEBUG - <Response [201]>
2020-02-11 17:20:07,339 - CPE11-HKG-HYBRD-IPC00190 - INFO - 
PASS
2020-02-11 17:20:07,341 - CPE11-HKG-HYBRD-IPC00190 - INFO - >>>>>>>>>> FORWARDING PROFILE CREATION PASSED. <<<<<<<<<<<
2020-02-11 17:20:07,341 - CPE11-HKG-HYBRD-IPC00190 - INFO - 
CREATE IPaddress Object

2020-02-11 17:20:09,378 - CPE11-HKG-HYBRD-IPC00190 - DEBUG - <Response [201]>
2020-02-11 17:20:09,380 - CPE11-HKG-HYBRD-IPC00190 - INFO - 
PASS
2020-02-11 17:20:09,380 - CPE11-HKG-HYBRD-IPC00190 - INFO - >>>>>>>>>> ADDRESS OBJECT CREATION PASSED. <<<<<<<<<<<
2020-02-11 17:20:09,380 - CPE11-HKG-HYBRD-IPC00190 - INFO - 
CREATE Policy rule

2020-02-11 17:20:11,819 - CPE11-HKG-HYBRD-IPC00190 - DEBUG - <Response [201]>
2020-02-11 17:20:11,819 - CPE11-HKG-HYBRD-IPC00190 - INFO - 
PASS
2020-02-11 17:20:11,819 - CPE11-HKG-HYBRD-IPC00190 - INFO - >>>>>>>>>> CREATE POLICY RULE PASSED. <<<<<<<<<<<
2020-02-11 17:23:34,756 - CPE11-HKG-HYBRD-IPC00190 - INFO - 
DELETE SLA profile

2020-02-11 17:23:37,384 - CPE11-HKG-HYBRD-IPC00190 - ERROR - {
  "errors": {
    "error": [
      {
        "error-message": "illegal reference /devices/device/config/org:orgs/org-services/sdwan:sd-wan/forwarding-profiles/forwarding-profile/sla-profile",
        "error-tag": "malformed-message"
      }
    ]
  }
}
2020-02-11 17:23:37,384 - CPE11-HKG-HYBRD-IPC00190 - INFO - 
FAIL : {
  "errors": {
    "error": [
      {
        "error-message": "illegal reference /devices/device/config/org:orgs/org-services/sdwan:sd-wan/forwarding-profiles/forwarding-profile/sla-profile",
        "error-tag": "malformed-message"
      }
    ]
  }
}
2020-02-11 17:23:37,384 - CPE11-HKG-HYBRD-IPC00190 - INFO - >>>>>>>>>> DELETE SLA Profile FAILED. <<<<<<<<<<<
2020-02-11 17:23:41,364 - CPE11-HKG-HYBRD-IPC00190 - INFO - 
DELETE IPaddress Object

2020-02-11 17:23:42,319 - CPE11-HKG-HYBRD-IPC00190 - ERROR - 
2020-02-11 17:23:42,319 - CPE11-HKG-HYBRD-IPC00190 - INFO - 
FAIL : 
2020-02-11 17:23:42,319 - CPE11-HKG-HYBRD-IPC00190 - INFO - >>>>>>>>>> Policy rule DELETION FAILED. <<<<<<<<<<<
2020-02-11 17:23:42,319 - CPE11-HKG-HYBRD-IPC00190 - INFO - 
DELETE IPaddress Object

2020-02-11 17:23:43,325 - CPE11-HKG-HYBRD-IPC00190 - ERROR - 
2020-02-11 17:23:43,325 - CPE11-HKG-HYBRD-IPC00190 - INFO - 
FAIL : 
2020-02-11 17:23:43,325 - CPE11-HKG-HYBRD-IPC00190 - INFO - >>>>>>>>>> ADDRESS OBJECT DELETION FAILED. <<<<<<<<<<<
2020-02-11 17:23:43,325 - CPE11-HKG-HYBRD-IPC00190 - INFO - 
DELETE FWD PROFILE

2020-02-11 17:23:44,473 - CPE11-HKG-HYBRD-IPC00190 - ERROR - 
2020-02-11 17:23:44,473 - CPE11-HKG-HYBRD-IPC00190 - INFO - 
FAIL : 
2020-02-11 17:23:44,473 - CPE11-HKG-HYBRD-IPC00190 - INFO - >>>>>>>>>> FORWARDING PROFILE DELETION FAILED. <<<<<<<<<<<
