2020-03-03 14:23:25,318 - VD1 - DEBUG - <netmiko.versa.versa_ssh.VersaSSH object at 0x000000000D8C26D8>
2020-03-03 14:23:30,523 - VD1 - DEBUG - versa: Automated@VDir-BLR-NEW-01>
2020-03-03 14:23:35,233 - CPE11-HKG-HYBRD-IPC00190 - DEBUG - <netmiko.versa.versa_ssh.VersaSSH object at 0x000000000D93F828>
2020-03-03 14:23:40,437 - CPE11-HKG-HYBRD-IPC00190 - DEBUG - versa: Automated@VDir-BLR-NEW-01>
2020-03-03 14:24:05,128 - CPE12-HKG-HYBRD-IPC00190 - DEBUG - <netmiko.versa.versa_ssh.VersaSSH object at 0x000000000D93FFD0>
2020-03-03 14:24:10,331 - CPE12-HKG-HYBRD-IPC00190 - DEBUG - versa: Automated@VDir-BLR-NEW-01>
2020-03-03 14:25:23,507 - CPE11-HKG-HYBRD-IPC00190 - INFO - 
CREATE SLA profile

2020-03-03 14:25:25,191 - CPE11-HKG-HYBRD-IPC00190 - DEBUG - <Response [201]>
2020-03-03 14:25:25,193 - CPE11-HKG-HYBRD-IPC00190 - INFO - 
PASS
2020-03-03 14:25:25,193 - CPE11-HKG-HYBRD-IPC00190 - INFO - >>>>>>>>>> CREATE SLA Profile PASSED. <<<<<<<<<<<
2020-03-03 14:25:25,194 - CPE11-HKG-HYBRD-IPC00190 - INFO - 
CREATE FWD PROFILE

2020-03-03 14:25:27,209 - CPE11-HKG-HYBRD-IPC00190 - DEBUG - <Response [201]>
2020-03-03 14:25:27,210 - CPE11-HKG-HYBRD-IPC00190 - INFO - 
PASS
2020-03-03 14:25:27,210 - CPE11-HKG-HYBRD-IPC00190 - INFO - >>>>>>>>>> FORWARDING PROFILE CREATION PASSED. <<<<<<<<<<<
2020-03-03 14:25:27,213 - CPE11-HKG-HYBRD-IPC00190 - INFO - 
CREATE IPaddress Object

2020-03-03 14:25:28,780 - CPE11-HKG-HYBRD-IPC00190 - DEBUG - <Response [201]>
2020-03-03 14:25:28,782 - CPE11-HKG-HYBRD-IPC00190 - INFO - 
PASS
2020-03-03 14:25:28,782 - CPE11-HKG-HYBRD-IPC00190 - INFO - >>>>>>>>>> ADDRESS OBJECT CREATION PASSED. <<<<<<<<<<<
2020-03-03 14:25:28,786 - CPE11-HKG-HYBRD-IPC00190 - INFO - 
CREATE IPaddress Object

2020-03-03 14:25:30,315 - CPE11-HKG-HYBRD-IPC00190 - DEBUG - <Response [201]>
2020-03-03 14:25:30,315 - CPE11-HKG-HYBRD-IPC00190 - INFO - 
PASS
2020-03-03 14:25:30,315 - CPE11-HKG-HYBRD-IPC00190 - INFO - >>>>>>>>>> ADDRESS OBJECT CREATION PASSED. <<<<<<<<<<<
2020-03-03 14:25:30,318 - CPE11-HKG-HYBRD-IPC00190 - INFO - 
CREATE Service Object

2020-03-03 14:25:32,611 - CPE11-HKG-HYBRD-IPC00190 - DEBUG - <Response [201]>
2020-03-03 14:25:32,611 - CPE11-HKG-HYBRD-IPC00190 - INFO - 
PASS
2020-03-03 14:25:32,611 - CPE11-HKG-HYBRD-IPC00190 - INFO - >>>>>>>>>> Service OBJECT CREATION PASSED. <<<<<<<<<<<
2020-03-03 14:25:32,614 - CPE11-HKG-HYBRD-IPC00190 - INFO - 
CREATE Policy rule

2020-03-03 14:25:34,523 - CPE11-HKG-HYBRD-IPC00190 - DEBUG - <Response [201]>
2020-03-03 14:25:34,523 - CPE11-HKG-HYBRD-IPC00190 - INFO - 
PASS
2020-03-03 14:25:34,523 - CPE11-HKG-HYBRD-IPC00190 - INFO - >>>>>>>>>> CREATE POLICY RULE PASSED. <<<<<<<<<<<
2020-03-03 14:27:10,884 - CPE11-HKG-HYBRD-IPC00190 - INFO - 
DELETE IPaddress Object

2020-03-03 14:27:14,921 - CPE11-HKG-HYBRD-IPC00190 - INFO - 
PASS
2020-03-03 14:27:14,921 - CPE11-HKG-HYBRD-IPC00190 - INFO - >>>>>>>>>> Policy rule DELETION PASSED. <<<<<<<<<<<
2020-03-03 14:27:14,934 - CPE11-HKG-HYBRD-IPC00190 - INFO - 
DELETE Service Object

