2019-05-28 17:50:20,246 - VD1 - INFO - ORG NAME:SAMPLE2
2019-05-28 17:50:29,359 - VD1 - DEBUG - {
  "versanms.sdwan-org-workflow": {
    "orgName": "SAMPLE2",
    "globalId": "28",
    "parentOrg": "Colt",
    "ikeAuthType": "psk",
    "sharedControlPlane": false,
    "controllers": ["NV-WC01-N3-GGN", "NV-WC02-N1-HKG", "NV-WC01-N1-HKG"],
    "vrfs": [{ "name": "LAN1-VRF", "id": "400", "enableVPN": "true", "tooltip": "" }],
    "supportedRoles": []
  }
}
2019-05-28 17:50:31,003 - VD1 - INFO - <Response [200]>
2019-05-28 17:50:31,003 - VD1 - INFO - PASS
2019-05-28 17:50:41,193 - VD1 - INFO - 16583
2019-05-28 17:50:53,359 - VD1 - INFO - FAILED : com.versa.vnms.cdbadaptor.common.exception.ProcessingFailureException: Controller details not found for: NV-WC01-N1-HKG
2019-05-28 17:50:53,367 - VD1 - INFO - 
********************
RESULT:
ORG DEPLOYMENT : FAILED : com.versa.vnms.cdbadaptor.common.exception.ProcessingFailureException: Controller details not found for: NV-WC01-N1-HKG

********************

