2019-02-11 16:28:26,644 - VD1 - INFO - ORG NAME:FI0050
2019-02-11 16:28:29,128 - VD1 - DEBUG - {
  "versanms.sdwan-org-workflow": {
    "orgName": "FI0050",
    "globalId": "50",
    "parentOrg": "Colt",
    "ikeAuthType": "psk",
    "sharedControlPlane": false,
    "controllers": ["NV-WC01-N2-BLR", "NV-WC02-N4-MUM", "NV-WC01-N5-LON", "NV-WC02-N5-LON"],
    "vrfs": [{ "name": "LAN1-VRF", "id": "620", "enableVPN": "true", "tooltip": "" },{ "name": "LAN2-VRF", "id": "621", "enableVPN": "true", "tooltip": "" }],
    "supportedRoles": []
  }
}
2019-02-11 16:28:29,650 - VD1 - INFO - <Response [200]>
2019-02-11 16:28:29,651 - VD1 - INFO - PASS
2019-02-11 16:28:39,775 - VD1 - INFO - 15068
2019-02-11 16:29:10,575 - VD1 - INFO - FAILED : com.versa.vnms.cdbadaptor.common.exception.ProcessingFailureException: Failed to fetch org-id for org: ServiceProvider
2019-02-11 16:29:10,575 - VD1 - INFO - 
********************
RESULT:
ORG DEPLOYMENT : FAILED : com.versa.vnms.cdbadaptor.common.exception.ProcessingFailureException: Failed to fetch org-id for org: ServiceProvider

********************

