2019-04-03 16:12:51,989 - VD1 - INFO - ORG NAME:rere
2019-04-03 16:12:54,368 - VD1 - DEBUG - {
  "versanms.sdwan-org-workflow": {
    "orgName": "rere",
    "globalId": "71",
    "parentOrg": "Colt",
    "ikeAuthType": "psk",
    "sharedControlPlane": false,
    "controllers": ["NV-WC01-N2-BLR", "NV-WC02-N4-MUM", "NV-WC02-N2-BLR"],
    "vrfs": [{ "name": "LAN1-VRF", "id": "830", "enableVPN": "true", "tooltip": "" }],
    "supportedRoles": []
  }
}
2019-04-03 16:12:54,870 - VD1 - INFO - <Response [200]>
2019-04-03 16:12:54,870 - VD1 - INFO - PASS
2019-04-03 16:13:05,022 - VD1 - INFO - 15941
2019-04-03 16:13:35,752 - VD1 - INFO - FAILED : Failed to connect to device NV-WC01-N2-BLR: host is unreachable
2019-04-03 16:13:35,752 - VD1 - INFO - 
********************
RESULT:
ORG DEPLOYMENT : FAILED : Failed to connect to device NV-WC01-N2-BLR: host is unreachable

********************

