2020-02-28 11:48:54,506 - VD1 - DEBUG - <netmiko.versa.versa_ssh.VersaSSH object at 0x000000000DC1F550>
2020-02-28 11:48:59,720 - VD1 - DEBUG - versa: Automated@VDir-BLR-NEW-01>
2020-02-28 11:49:04,441 - CPE11-HKG-HYBRD-IPC00190 - DEBUG - <netmiko.versa.versa_ssh.VersaSSH object at 0x000000000DC565F8>
2020-02-28 11:49:09,644 - CPE11-HKG-HYBRD-IPC00190 - DEBUG - versa: Automated@VDir-BLR-NEW-01>
2020-02-28 11:49:33,552 - CPE12-HKG-HYBRD-IPC00190 - DEBUG - <netmiko.versa.versa_ssh.VersaSSH object at 0x000000000DC70160>
2020-02-28 11:49:38,755 - CPE12-HKG-HYBRD-IPC00190 - DEBUG - versa: Automated@VDir-BLR-NEW-01>
2020-02-28 11:50:53,951 - CPE11-HKG-HYBRD-IPC00190 - INFO - 
CREATE SLA profile

2020-02-28 11:50:56,134 - CPE11-HKG-HYBRD-IPC00190 - DEBUG - <Response [201]>
2020-02-28 11:50:56,142 - CPE11-HKG-HYBRD-IPC00190 - INFO - 
PASS
2020-02-28 11:50:56,144 - CPE11-HKG-HYBRD-IPC00190 - INFO - >>>>>>>>>> CREATE SLA Profile PASSED. <<<<<<<<<<<
2020-02-28 11:50:56,148 - CPE11-HKG-HYBRD-IPC00190 - INFO - 
CREATE FWD PROFILE

2020-02-28 11:50:58,177 - CPE11-HKG-HYBRD-IPC00190 - DEBUG - <Response [201]>
2020-02-28 11:50:58,177 - CPE11-HKG-HYBRD-IPC00190 - INFO - 
PASS
2020-02-28 11:50:58,177 - CPE11-HKG-HYBRD-IPC00190 - INFO - >>>>>>>>>> FORWARDING PROFILE CREATION PASSED. <<<<<<<<<<<
2020-02-28 11:50:58,181 - CPE11-HKG-HYBRD-IPC00190 - INFO - 
CREATE IPaddress Object

2020-02-28 11:51:00,148 - CPE11-HKG-HYBRD-IPC00190 - DEBUG - <Response [201]>
2020-02-28 11:51:00,148 - CPE11-HKG-HYBRD-IPC00190 - INFO - 
PASS
2020-02-28 11:51:00,148 - CPE11-HKG-HYBRD-IPC00190 - INFO - >>>>>>>>>> ADDRESS OBJECT CREATION PASSED. <<<<<<<<<<<
2020-02-28 11:51:00,154 - CPE11-HKG-HYBRD-IPC00190 - INFO - 
CREATE Policy rule

2020-02-28 11:51:03,628 - CPE11-HKG-HYBRD-IPC00190 - DEBUG - <Response [201]>
2020-02-28 11:51:03,630 - CPE11-HKG-HYBRD-IPC00190 - INFO - 
PASS
2020-02-28 11:51:03,630 - CPE11-HKG-HYBRD-IPC00190 - INFO - >>>>>>>>>> CREATE POLICY RULE PASSED. <<<<<<<<<<<
2020-02-28 11:53:54,234 - CPE11-HKG-HYBRD-IPC00190 - INFO - 
DELETE IPaddress Object

2020-02-28 11:53:58,055 - CPE11-HKG-HYBRD-IPC00190 - INFO - 
PASS
2020-02-28 11:53:58,055 - CPE11-HKG-HYBRD-IPC00190 - INFO - >>>>>>>>>> Policy rule DELETION PASSED. <<<<<<<<<<<
2020-02-28 11:53:58,059 - CPE11-HKG-HYBRD-IPC00190 - INFO - 
DELETE IPaddress Object

2020-02-28 11:54:00,684 - CPE11-HKG-HYBRD-IPC00190 - INFO - 
PASS
2020-02-28 11:54:00,684 - CPE11-HKG-HYBRD-IPC00190 - INFO - >>>>>>>>>> ADDRESS OBJECT DELETION PASSED. <<<<<<<<<<<
2020-02-28 11:54:00,687 - CPE11-HKG-HYBRD-IPC00190 - INFO - 
DELETE FWD PROFILE

2020-02-28 11:54:03,131 - CPE11-HKG-HYBRD-IPC00190 - INFO - 
PASS
2020-02-28 11:54:03,131 - CPE11-HKG-HYBRD-IPC00190 - INFO - >>>>>>>>>> FORWARDING PROFILE DELETION PASSED. <<<<<<<<<<<
2020-02-28 11:54:03,134 - CPE11-HKG-HYBRD-IPC00190 - INFO - 
DELETE SLA profile

2020-02-28 11:54:05,233 - CPE11-HKG-HYBRD-IPC00190 - INFO - 
PASS
2020-02-28 11:54:05,233 - CPE11-HKG-HYBRD-IPC00190 - INFO - >>>>>>>>>> DELETE SLA Profile PASSED. <<<<<<<<<<<
2020-02-28 11:54:13,997 - CPE11-HKG-HYBRD-IPC00190 - INFO - 
CREATE SLA profile

2020-02-28 11:54:15,585 - CPE11-HKG-HYBRD-IPC00190 - DEBUG - <Response [201]>
2020-02-28 11:54:15,586 - CPE11-HKG-HYBRD-IPC00190 - INFO - 
PASS
2020-02-28 11:54:15,588 - CPE11-HKG-HYBRD-IPC00190 - INFO - >>>>>>>>>> CREATE SLA Profile PASSED. <<<<<<<<<<<
2020-02-28 11:54:15,594 - CPE11-HKG-HYBRD-IPC00190 - INFO - 
CREATE FWD PROFILE

2020-02-28 11:54:17,322 - CPE11-HKG-HYBRD-IPC00190 - DEBUG - <Response [201]>
2020-02-28 11:54:17,323 - CPE11-HKG-HYBRD-IPC00190 - INFO - 
PASS
2020-02-28 11:54:17,323 - CPE11-HKG-HYBRD-IPC00190 - INFO - >>>>>>>>>> FORWARDING PROFILE CREATION PASSED. <<<<<<<<<<<
2020-02-28 11:54:17,326 - CPE11-HKG-HYBRD-IPC00190 - INFO - 
CREATE IPaddress Object

2020-02-28 11:54:19,835 - CPE11-HKG-HYBRD-IPC00190 - DEBUG - <Response [201]>
2020-02-28 11:54:19,835 - CPE11-HKG-HYBRD-IPC00190 - INFO - 
PASS
2020-02-28 11:54:19,835 - CPE11-HKG-HYBRD-IPC00190 - INFO - >>>>>>>>>> ADDRESS OBJECT CREATION PASSED. <<<<<<<<<<<
2020-02-28 11:54:19,841 - CPE11-HKG-HYBRD-IPC00190 - INFO - 
CREATE Policy rule

2020-02-28 11:54:21,884 - CPE11-HKG-HYBRD-IPC00190 - DEBUG - <Response [201]>
2020-02-28 11:54:21,885 - CPE11-HKG-HYBRD-IPC00190 - INFO - 
PASS
2020-02-28 11:54:21,887 - CPE11-HKG-HYBRD-IPC00190 - INFO - >>>>>>>>>> CREATE POLICY RULE PASSED. <<<<<<<<<<<
2020-02-28 11:57:12,131 - CPE11-HKG-HYBRD-IPC00190 - INFO - 
DELETE IPaddress Object

2020-02-28 11:57:15,756 - CPE11-HKG-HYBRD-IPC00190 - INFO - 
PASS
2020-02-28 11:57:15,756 - CPE11-HKG-HYBRD-IPC00190 - INFO - >>>>>>>>>> Policy rule DELETION PASSED. <<<<<<<<<<<
2020-02-28 11:57:15,757 - CPE11-HKG-HYBRD-IPC00190 - INFO - 
DELETE IPaddress Object

2020-02-28 11:57:16,851 - CPE11-HKG-HYBRD-IPC00190 - ERROR - 
2020-02-28 11:57:16,852 - CPE11-HKG-HYBRD-IPC00190 - INFO - 
FAIL : 
2020-02-28 11:57:16,852 - CPE11-HKG-HYBRD-IPC00190 - INFO - >>>>>>>>>> ADDRESS OBJECT DELETION FAILED. <<<<<<<<<<<
2020-02-28 11:57:16,854 - CPE11-HKG-HYBRD-IPC00190 - INFO - 
DELETE FWD PROFILE

2020-02-28 11:57:19,190 - CPE11-HKG-HYBRD-IPC00190 - INFO - 
PASS
2020-02-28 11:57:19,191 - CPE11-HKG-HYBRD-IPC00190 - INFO - >>>>>>>>>> FORWARDING PROFILE DELETION PASSED. <<<<<<<<<<<
2020-02-28 11:57:19,194 - CPE11-HKG-HYBRD-IPC00190 - INFO - 
DELETE SLA profile

2020-02-28 11:57:21,539 - CPE11-HKG-HYBRD-IPC00190 - INFO - 
PASS
2020-02-28 11:57:21,539 - CPE11-HKG-HYBRD-IPC00190 - INFO - >>>>>>>>>> DELETE SLA Profile PASSED. <<<<<<<<<<<
