2019-10-11 13:05:04,927 - Versa_director - DEBUG - <netmiko.versa.versa.VersaSSH object at 0x000000000D7AACC0>
2019-10-11 13:05:10,128 - Versa_director - DEBUG - versa: Automated@VDir-BLR-NEW-01>
2019-10-11 13:05:10,183 - Versa_director - INFO - request devices device CPE25-Performance-DUT live-status clear ipsec sa org IPC00190 vpn-profile NV-WC02-N1-HKG-Profile
request devices device CPE27-HKG2-SINGLE-CPE-DUAL-INTERNET18 live-status clear ipsec sa org IPC00190 vpn-profile NV-WC02-N6-SIN-Profile
request devices device CPE31-Performance-810 live-status clear ipsec sa org IPC00190 vpn-profile NV-WC02-N1-HKG-Profile
request devices device NV-GW01-N1-HKG live-status clear ipsec sa org IPC00190 vpn-profile GW-CTRL2
request devices device NV-GW01-N6-SIN live-status clear ipsec sa org IPC00190 vpn-profile GW-CTRL2
request devices device NV-GW02-N1-HKG live-status clear ipsec sa org IPC00190 vpn-profile GW-CTRL2
request devices device NV-GW02-N6-SIN live-status clear ipsec sa org IPC00190 vpn-profile GW-CTRL2
request devices device NV-WC02-N1-HKG live-status clear ipsec sa org IPC00190 vpn-profile IPC00190-PostStaging
request devices device NV-WC02-N1-HKG live-status clear ipsec sa org IPC00190 vpn-profile NV-WC02-N1-HKG-to-NV-WC02-N6-SIN-Profile
request devices device NV-WC02-N6-SIN live-status clear ipsec sa org IPC00190 vpn-profile IPC00190-PostStaging

2019-10-11 13:05:12,391 - Versa_director - DEBUG - 
2019-10-11 13:05:13,595 - Versa_director - INFO - request devices device CPE25-Performance-DUT live-status clear ipsec sa org IPC00190 vpn-profile NV-WC02-N1-HKG-Profile
[ok][2019-10-11 07:35:13]
Automated@VDir-BLR-NEW-01> 
2019-10-11 13:05:14,822 - Versa_director - INFO - request devices device CPE27-HKG2-SINGLE-CPE-DUAL-INTERNET18 live-status clear ipsec sa org IPC00190 vpn-profile NV-WC02-N6-SIN-Profile
[ok][2019-10-11 07:35:14]
Automated@VDir-BLR-NEW-01> 
2019-10-11 13:05:16,042 - Versa_director - INFO - request devices device CPE31-Performance-810 live-status clear ipsec sa org IPC00190 vpn-profile NV-WC02-N1-HKG-Profile
[ok][2019-10-11 07:35:16]
Automated@VDir-BLR-NEW-01> 
2019-10-11 13:05:16,842 - Versa_director - INFO - request devices device NV-GW01-N1-HKG live-status clear ipsec sa org IPC00190 vpn-profile GW-CTRL2
[ok][2019-10-11 07:35:16]
Automated@VDir-BLR-NEW-01> 
2019-10-11 13:05:17,457 - Versa_director - INFO - request devices device NV-GW01-N6-SIN live-status clear ipsec sa org IPC00190 vpn-profile GW-CTRL2
[ok][2019-10-11 07:35:17]
Automated@VDir-BLR-NEW-01> 
2019-10-11 13:05:18,259 - Versa_director - INFO - request devices device NV-GW02-N1-HKG live-status clear ipsec sa org IPC00190 vpn-profile GW-CTRL2
[ok][2019-10-11 07:35:18]
Automated@VDir-BLR-NEW-01> 
2019-10-11 13:05:19,062 - Versa_director - INFO - request devices device NV-GW02-N6-SIN live-status clear ipsec sa org IPC00190 vpn-profile GW-CTRL2
[ok][2019-10-11 07:35:18]
Automated@VDir-BLR-NEW-01> 
2019-10-11 13:05:19,865 - Versa_director - INFO - request devices device NV-WC02-N1-HKG live-status clear ipsec sa org IPC00190 vpn-profile IPC00190-PostStaging
[ok][2019-10-11 07:35:19]
Automated@VDir-BLR-NEW-01> 
2019-10-11 13:05:20,691 - Versa_director - INFO - request devices device NV-WC02-N1-HKG live-status clear ipsec sa org IPC00190 vpn-profile NV-WC02-N1-HKG-to-NV-WC02-N6-SIN-Profile
[ok][2019-10-11 07:35:20]
Automated@VDir-BLR-NEW-01> 
2019-10-11 13:05:21,493 - Versa_director - INFO - request devices device NV-WC02-N6-SIN live-status clear ipsec sa org IPC00190 vpn-profile IPC00190-PostStaging
[ok][2019-10-11 07:35:21]
Automated@VDir-BLR-NEW-01> 
