2019-05-29 18:03:40,913 - CPE11-HKG - INFO - CPE NAME:CPE11-HKG
2019-05-29 18:03:41,914 - CPE11-HKG - INFO - SOLUTION SELECTED:SINGLE-CPE-HYBRID
2019-05-29 18:03:42,979 - CPE11-HKG - INFO - {u'versanms.sdwan-org-workflow': {u'ikeAuthType': u'psk', u'globalId': 195, u'orgName': u'SAMPLE195', u'controllers': [u'NV-WC01-N1-HKG', u'NV-WC01-N3-GGN', u'NV-WC01-N6-SIN', u'NV-WC02-N1-HKG', u'NV-WC02-N3-GGN', u'NV-WC02-N6-SIN'], u'bandwidth': 10, u'parentOrg': u'Colt', u'vrfs': [{u'name': u'LAN1-VRF', u'enableVPN': True, u'id': 2070}], u'solutionTier': u'base-sdwan', u'sharedControlPlane': False}}
2019-05-29 18:03:43,194 - CPE11-HKG - INFO - {u'versanms.sdwan-org-workflow': {u'ikeAuthType': u'psk', u'globalId': 195, u'orgName': u'SAMPLE195', u'controllers': [u'NV-WC01-N1-HKG', u'NV-WC01-N3-GGN', u'NV-WC01-N6-SIN', u'NV-WC02-N1-HKG', u'NV-WC02-N3-GGN', u'NV-WC02-N6-SIN'], u'bandwidth': 10, u'parentOrg': u'Colt', u'vrfs': [{u'name': u'LAN1-VRF', u'enableVPN': True, u'id': 2070}], u'solutionTier': u'base-sdwan', u'sharedControlPlane': False}}
2019-05-29 18:03:43,394 - CPE11-HKG - INFO - {u'versanms.sdwan-org-workflow': {u'ikeAuthType': u'psk', u'globalId': 195, u'orgName': u'SAMPLE195', u'controllers': [u'NV-WC01-N1-HKG', u'NV-WC01-N3-GGN', u'NV-WC01-N6-SIN', u'NV-WC02-N1-HKG', u'NV-WC02-N3-GGN', u'NV-WC02-N6-SIN'], u'bandwidth': 10, u'parentOrg': u'Colt', u'vrfs': [{u'name': u'LAN1-VRF', u'enableVPN': True, u'id': 2070}], u'solutionTier': u'base-sdwan', u'sharedControlPlane': False}}
2019-05-29 18:03:43,394 - CPE11-HKG - INFO - 
STEP : POST STAGING TEMPLATE CREATION AND DEPLOYMENT

2019-05-29 18:03:43,414 - CPE11-HKG - INFO - {
	"versanms.sdwan-template-workflow": {
		"templateName": "SAMPLE195-HKG-PS-HS-LIB",
		"templateType": "sdwan-post-staging",
		"controllers": ["NV-WC01-N1-HKG", "NV-WC02-N1-HKG"],
		"providerOrg": {
			"name": "SAMPLE195",
			"statefulFW": true,
			"nextGenFW": false
		},
		"analyticsCluster": "LogCollectors",
		"deviceFirmfactor": "6",
		"wanInterfaces": [{
			"interfaceName": "vni-0/1",
			"pppoe": false,
			"unitInfo": [{
				"subUnit": 0,
				"vlanId": 0,
				"networkName": "MPLS-WAN",
				"ipv4Static": true,
				"ipv4Dhcp": false,
				"ipv6Static": false,
				"ipv6Dhcp": false,
				"allowSSH": false,
				"monitor": {},
				"linkPriority": "",
				"transportDomains": ["MPLS-TD"]
			}]
		}, {
			"interfaceName": "vni-0/2",
			"pppoe": false,
			"unitInfo": [{
				"subUnit": 0,
				"vlanId": 0,
				"networkName": "INT-WAN","ipv4Static": true,
				"ipv4Dhcp": false,
				"ipv6Static": false,
				"ipv6Dhcp": false,
				"allowSSH": false,
				"monitor": {},
				"linkPriority": "",
				"transportDomains": ["INTERNET-TD"]
			}]
		}],
		"deviceType": "full-mesh",
		"redundantPair": {
			"enable": false
		},
		"lanInterfaces": [{
			"interfaceName": "vni-0/4",
			"unitInfo": [
			{
				"subUnit": "{$v_vni-0-4_LAN1_Unit-0__unit}",
				"vlanId": "{$v_vni-0-4_LAN1_Unit-0__vlanId}",
				"networkName": "LAN1",
				"subOrganization": "SAMPLE195",
				"ipv4Static": true,
				"ipv4Dhcp": false,
				"ip6Static": false,
				"ipv6Dhcp": false,
				"vrfName": "LAN1-VRF",
				"zoneName": ""
			}
            
        ]
		}],
		"solutionTier": "standard-sdwan-plus-ngfw",
		"bandwidth": 1000,
		"customParams": [],
		"minimumImageVersion": "16.1R2-S2.2",
		"isAnalyticsEnabled": true,
		"isPrimary": true,
		"diaConfig": {
			"loadBalance": false
		},
		"splitTunnels": [
        {
			"vrfName": "LAN1-VRF",
			"wanNetworkName": "INT-WAN",
			"dia": true,
			"gateway": false
		}
        
		],
		"inBoundNats": []
	}
}

2019-05-29 18:03:49,244 - CPE11-HKG - INFO - <Response [200]>
2019-05-29 18:03:49,246 - CPE11-HKG - INFO - 
PASS
2019-05-29 18:03:49,246 - CPE11-HKG - INFO - 
 >>>>>>>>>> POST STAGING TEMPLATE CREATION PASSED. <<<<<<<<<<<

2019-05-29 18:03:54,388 - CPE11-HKG - INFO - <Response [200]>
2019-05-29 18:03:54,388 - CPE11-HKG - INFO - 
PASS
2019-05-29 18:03:54,388 - CPE11-HKG - INFO - 
 >>>>>>>>>> FW ASSOCIATION WITH POST STAGING TEMPLATE PASSED. <<<<<<<<<<<

2019-05-29 18:04:00,730 - CPE11-HKG - INFO - <Response [500]>
2019-05-29 18:04:00,732 - CPE11-HKG - INFO - {"error":{"http_status_code":500,"code":0,"message":"Analytic Cluster Name not found.","more_info":"http://nms.versa.com/errors/null"}}
2019-05-29 18:04:05,732 - CPE11-HKG - INFO - 
FAIL : {"error":{"http_status_code":500,"code":0,"message":"Analytic Cluster Name not found.","more_info":"http://nms.versa.com/errors/null"}}
2019-05-29 18:04:05,732 - CPE11-HKG - INFO - 
 >>>>>>>>>> POST STAGING TEMPLATE DEPLOY FAILED. <<<<<<<<<<<

