2020-01-21 16:03:35,543 - VD1 - DEBUG - <netmiko.versa.versa_ssh.VersaSSH object at 0x000000000EE38EB8>
2020-01-21 16:03:40,746 - VD1 - DEBUG - versa: Automated@VDir-BLR-NEW-01>
2020-01-21 16:03:40,749 - CPE11-HKG-HYBRD-IPC00190 - INFO - CPE NAME:CPE11-HKG-HYBRD-IPC00190
2020-01-21 16:03:41,750 - CPE11-HKG-HYBRD-IPC00190 - INFO - SOLUTION SELECTED:SINGLE-CPE-HYBRID
2020-01-21 16:03:41,938 - CPE11-HKG-HYBRD-IPC00190 - INFO - 
CREATE SLA profile

2020-01-21 16:03:45,479 - CPE11-HKG-HYBRD-IPC00190 - DEBUG - <Response [201]>
2020-01-21 16:03:45,480 - CPE11-HKG-HYBRD-IPC00190 - INFO - 
PASS
2020-01-21 16:03:45,480 - CPE11-HKG-HYBRD-IPC00190 - INFO - >>>>>>>>>> CREATE SLA Profile PASSED. <<<<<<<<<<<
2020-01-21 16:03:46,065 - CPE11-HKG-HYBRD-IPC00190 - INFO - 
DELETE SLA profile

2020-01-21 16:03:47,096 - CPE11-HKG-HYBRD-IPC00190 - ERROR - {
  "errors": {
    "error": [
      {
        "error-message": "invalid path",
        "error-tag": "unknown-element"
      }
    ]
  }
}
2020-01-21 16:03:47,098 - CPE11-HKG-HYBRD-IPC00190 - INFO - 
FAIL : {
  "errors": {
    "error": [
      {
        "error-message": "invalid path",
        "error-tag": "unknown-element"
      }
    ]
  }
}
2020-01-21 16:03:47,099 - CPE11-HKG-HYBRD-IPC00190 - INFO - >>>>>>>>>> DELETE SLA Profile FAILED. <<<<<<<<<<<
