2020-03-02 18:56:21,545 - VD1 - DEBUG - <netmiko.versa.versa_ssh.VersaSSH object at 0x000000000E044588>
2020-03-02 18:56:26,749 - VD1 - DEBUG - versa: Automated@VDir-BLR-NEW-01>
2020-03-02 18:56:31,490 - CPE11-HKG-HYBRD-IPC00190 - DEBUG - <netmiko.versa.versa_ssh.VersaSSH object at 0x000000000E0B6518>
2020-03-02 18:56:36,697 - CPE11-HKG-HYBRD-IPC00190 - DEBUG - versa: Automated@VDir-BLR-NEW-01>
2020-03-02 18:57:03,362 - CPE12-HKG-HYBRD-IPC00190 - DEBUG - <netmiko.versa.versa_ssh.VersaSSH object at 0x000000000E0D6278>
2020-03-02 18:57:08,569 - CPE12-HKG-HYBRD-IPC00190 - DEBUG - versa: Automated@VDir-BLR-NEW-01>
2020-03-02 18:58:25,776 - CPE11-HKG-HYBRD-IPC00190 - INFO - 
CREATE SLA profile

2020-03-02 18:58:27,631 - CPE11-HKG-HYBRD-IPC00190 - DEBUG - <Response [201]>
2020-03-02 18:58:27,632 - CPE11-HKG-HYBRD-IPC00190 - INFO - 
PASS
2020-03-02 18:58:27,634 - CPE11-HKG-HYBRD-IPC00190 - INFO - >>>>>>>>>> CREATE SLA Profile PASSED. <<<<<<<<<<<
2020-03-02 18:58:27,640 - CPE11-HKG-HYBRD-IPC00190 - INFO - 
CREATE FWD PROFILE

2020-03-02 18:58:29,608 - CPE11-HKG-HYBRD-IPC00190 - DEBUG - <Response [201]>
2020-03-02 18:58:29,608 - CPE11-HKG-HYBRD-IPC00190 - INFO - 
PASS
2020-03-02 18:58:29,608 - CPE11-HKG-HYBRD-IPC00190 - INFO - >>>>>>>>>> FORWARDING PROFILE CREATION PASSED. <<<<<<<<<<<
2020-03-02 18:58:29,612 - CPE11-HKG-HYBRD-IPC00190 - INFO - 
CREATE IPaddress Object

2020-03-02 18:58:31,117 - CPE11-HKG-HYBRD-IPC00190 - DEBUG - <Response [201]>
2020-03-02 18:58:31,118 - CPE11-HKG-HYBRD-IPC00190 - INFO - 
PASS
2020-03-02 18:58:31,118 - CPE11-HKG-HYBRD-IPC00190 - INFO - >>>>>>>>>> ADDRESS OBJECT CREATION PASSED. <<<<<<<<<<<
2020-03-02 18:58:31,124 - CPE11-HKG-HYBRD-IPC00190 - INFO - 
CREATE IPaddress Object

2020-03-02 18:58:32,724 - CPE11-HKG-HYBRD-IPC00190 - DEBUG - <Response [201]>
2020-03-02 18:58:32,726 - CPE11-HKG-HYBRD-IPC00190 - INFO - 
PASS
2020-03-02 18:58:32,726 - CPE11-HKG-HYBRD-IPC00190 - INFO - >>>>>>>>>> ADDRESS OBJECT CREATION PASSED. <<<<<<<<<<<
2020-03-02 18:58:32,729 - CPE11-HKG-HYBRD-IPC00190 - INFO - 
CREATE Service Object

2020-03-02 18:58:34,823 - CPE11-HKG-HYBRD-IPC00190 - DEBUG - <Response [201]>
2020-03-02 18:58:34,825 - CPE11-HKG-HYBRD-IPC00190 - INFO - 
PASS
2020-03-02 18:58:34,825 - CPE11-HKG-HYBRD-IPC00190 - INFO - >>>>>>>>>> Service OBJECT CREATION PASSED. <<<<<<<<<<<
2020-03-02 18:58:34,832 - CPE11-HKG-HYBRD-IPC00190 - INFO - 
CREATE Policy rule

2020-03-02 18:58:37,048 - CPE11-HKG-HYBRD-IPC00190 - DEBUG - <Response [201]>
2020-03-02 18:58:37,049 - CPE11-HKG-HYBRD-IPC00190 - INFO - 
PASS
2020-03-02 18:58:37,049 - CPE11-HKG-HYBRD-IPC00190 - INFO - >>>>>>>>>> CREATE POLICY RULE PASSED. <<<<<<<<<<<
2020-03-02 18:59:55,973 - CPE11-HKG-HYBRD-IPC00190 - INFO - 
DELETE IPaddress Object

2020-03-02 18:59:59,940 - CPE11-HKG-HYBRD-IPC00190 - INFO - 
PASS
2020-03-02 18:59:59,940 - CPE11-HKG-HYBRD-IPC00190 - INFO - >>>>>>>>>> Policy rule DELETION PASSED. <<<<<<<<<<<
2020-03-02 18:59:59,953 - CPE11-HKG-HYBRD-IPC00190 - INFO - 
DELETE Service Object

2020-03-02 19:00:03,752 - CPE11-HKG-HYBRD-IPC00190 - INFO - 
PASS
2020-03-02 19:00:03,753 - CPE11-HKG-HYBRD-IPC00190 - INFO - >>>>>>>>>> ADDRESS OBJECT DELETION PASSED. <<<<<<<<<<<
2020-03-02 19:00:03,756 - CPE11-HKG-HYBRD-IPC00190 - INFO - 
DELETE IPaddress Object

2020-03-02 19:00:06,999 - CPE11-HKG-HYBRD-IPC00190 - INFO - 
PASS
2020-03-02 19:00:06,999 - CPE11-HKG-HYBRD-IPC00190 - INFO - >>>>>>>>>> ADDRESS OBJECT DELETION PASSED. <<<<<<<<<<<
2020-03-02 19:00:07,000 - CPE11-HKG-HYBRD-IPC00190 - INFO - 
DELETE IPaddress Object

2020-03-02 19:00:11,114 - CPE11-HKG-HYBRD-IPC00190 - INFO - 
PASS
2020-03-02 19:00:11,114 - CPE11-HKG-HYBRD-IPC00190 - INFO - >>>>>>>>>> ADDRESS OBJECT DELETION PASSED. <<<<<<<<<<<
2020-03-02 19:00:11,117 - CPE11-HKG-HYBRD-IPC00190 - INFO - 
DELETE FWD PROFILE

2020-03-02 19:00:14,387 - CPE11-HKG-HYBRD-IPC00190 - INFO - 
PASS
2020-03-02 19:00:14,387 - CPE11-HKG-HYBRD-IPC00190 - INFO - >>>>>>>>>> FORWARDING PROFILE DELETION PASSED. <<<<<<<<<<<
2020-03-02 19:00:14,388 - CPE11-HKG-HYBRD-IPC00190 - INFO - 
DELETE SLA profile

2020-03-02 19:00:17,783 - CPE11-HKG-HYBRD-IPC00190 - INFO - 
PASS
2020-03-02 19:00:17,783 - CPE11-HKG-HYBRD-IPC00190 - INFO - >>>>>>>>>> DELETE SLA Profile PASSED. <<<<<<<<<<<
