2019-09-12 15:51:35,928 - CPE27-HKG2-SINGLE-CPE-DUAL-INTERNET - INFO - LOG FILE PATH : C:\Softwares_mine\stefano\NV_REPOSITORY\csit/LOGS/2019_09_12_15_51_29_658000/MAIN.log
2019-09-12 15:51:35,930 - CPE27-HKG2-SINGLE-CPE-DUAL-INTERNET - INFO - CPE NAME:CPE27-HKG2-SINGLE-CPE-DUAL-INTERNET
2019-09-12 15:51:36,930 - CPE27-HKG2-SINGLE-CPE-DUAL-INTERNET - INFO - SOLUTION SELECTED:SINGLE-CPE-DUAL-INTERNET
2019-09-12 15:51:38,200 - CPE27-HKG2-SINGLE-CPE-DUAL-INTERNET - DEBUG - {u'versanms.sdwan-org-workflow': {u'ikeAuthType': u'psk', u'globalId': 90, u'orgName': u'IPC00190', u'controllers': [u'NV-WC01-N1-HKG', u'NV-WC01-N6-SIN', u'NV-WC02-N1-HKG', u'NV-WC02-N6-SIN'], u'bandwidth': 10, u'parentOrg': u'Colt', u'vrfs': [{u'name': u'LAN1-VRF', u'enableVPN': True, u'id': 1020}, {u'name': u'LAN2-VRF', u'enableVPN': True, u'id': 1021}, {u'name': u'LAN3-VRF', u'enableVPN': True, u'id': 1022}, {u'name': u'LAN4-VRF', u'enableVPN': True, u'id': 1023}, {u'name': u'LAN5-VRF', u'enableVPN': True, u'id': 1024}, {u'name': u'LAN6-VRF', u'enableVPN': True, u'id': 1025}, {u'name': u'LAN7-VRF', u'enableVPN': True, u'id': 1026}, {u'name': u'LAN8-VRF', u'enableVPN': True, u'id': 1027}, {u'name': u'LAN9-VRF', u'enableVPN': True, u'id': 1028}, {u'name': u'LAN10-VRF', u'enableVPN': True, u'id': 1029}], u'solutionTier': u'base-sdwan', u'sharedControlPlane': False}}
2019-09-12 15:51:38,206 - CPE27-HKG2-SINGLE-CPE-DUAL-INTERNET - INFO - STEP : CHECK ORG is available in Controller NV-WC01-N1-HKG
2019-09-12 15:51:38,207 - CPE27-HKG2-SINGLE-CPE-DUAL-INTERNET - INFO - PASS
2019-09-12 15:51:38,471 - CPE27-HKG2-SINGLE-CPE-DUAL-INTERNET - DEBUG - {u'versanms.sdwan-org-workflow': {u'ikeAuthType': u'psk', u'globalId': 90, u'orgName': u'IPC00190', u'controllers': [u'NV-WC01-N1-HKG', u'NV-WC01-N6-SIN', u'NV-WC02-N1-HKG', u'NV-WC02-N6-SIN'], u'bandwidth': 10, u'parentOrg': u'Colt', u'vrfs': [{u'name': u'LAN1-VRF', u'enableVPN': True, u'id': 1020}, {u'name': u'LAN2-VRF', u'enableVPN': True, u'id': 1021}, {u'name': u'LAN3-VRF', u'enableVPN': True, u'id': 1022}, {u'name': u'LAN4-VRF', u'enableVPN': True, u'id': 1023}, {u'name': u'LAN5-VRF', u'enableVPN': True, u'id': 1024}, {u'name': u'LAN6-VRF', u'enableVPN': True, u'id': 1025}, {u'name': u'LAN7-VRF', u'enableVPN': True, u'id': 1026}, {u'name': u'LAN8-VRF', u'enableVPN': True, u'id': 1027}, {u'name': u'LAN9-VRF', u'enableVPN': True, u'id': 1028}, {u'name': u'LAN10-VRF', u'enableVPN': True, u'id': 1029}], u'solutionTier': u'base-sdwan', u'sharedControlPlane': False}}
2019-09-12 15:51:38,471 - CPE27-HKG2-SINGLE-CPE-DUAL-INTERNET - INFO - STEP : CHECK ORG is available in Controller NV-WC02-N6-SIN
2019-09-12 15:51:38,471 - CPE27-HKG2-SINGLE-CPE-DUAL-INTERNET - INFO - PASS
2019-09-12 15:51:38,753 - CPE27-HKG2-SINGLE-CPE-DUAL-INTERNET - DEBUG - {u'versanms.sdwan-org-workflow': {u'ikeAuthType': u'psk', u'globalId': 90, u'orgName': u'IPC00190', u'controllers': [u'NV-WC01-N1-HKG', u'NV-WC01-N6-SIN', u'NV-WC02-N1-HKG', u'NV-WC02-N6-SIN'], u'bandwidth': 10, u'parentOrg': u'Colt', u'vrfs': [{u'name': u'LAN1-VRF', u'enableVPN': True, u'id': 1020}, {u'name': u'LAN2-VRF', u'enableVPN': True, u'id': 1021}, {u'name': u'LAN3-VRF', u'enableVPN': True, u'id': 1022}, {u'name': u'LAN4-VRF', u'enableVPN': True, u'id': 1023}, {u'name': u'LAN5-VRF', u'enableVPN': True, u'id': 1024}, {u'name': u'LAN6-VRF', u'enableVPN': True, u'id': 1025}, {u'name': u'LAN7-VRF', u'enableVPN': True, u'id': 1026}, {u'name': u'LAN8-VRF', u'enableVPN': True, u'id': 1027}, {u'name': u'LAN9-VRF', u'enableVPN': True, u'id': 1028}, {u'name': u'LAN10-VRF', u'enableVPN': True, u'id': 1029}], u'solutionTier': u'base-sdwan', u'sharedControlPlane': False}}
2019-09-12 15:51:38,753 - CPE27-HKG2-SINGLE-CPE-DUAL-INTERNET - INFO - STEP : CHECK ORG is available in Controller NV-WC01-N6-SIN
2019-09-12 15:51:38,753 - CPE27-HKG2-SINGLE-CPE-DUAL-INTERNET - INFO - PASS
2019-09-12 15:51:38,753 - CPE27-HKG2-SINGLE-CPE-DUAL-INTERNET - INFO - STEP : DEVICE GROUP CREATION AND DEPLOYMENT
2019-09-12 15:51:38,756 - CPE27-HKG2-SINGLE-CPE-DUAL-INTERNET - DEBUG - {
	"device-group": {
		"name": "IPC00190-SIN-PS-DIS-LIB-DG",
		"dg:organization": "IPC00190",
		"dg:enable-2factor-auth": false,
		"dg:enable-staging-url": false,
		"dg:poststaging-template": "IPC00190-SIN-PS-DIS-LIB"
	}
}
2019-09-12 15:51:38,871 - CPE27-HKG2-SINGLE-CPE-DUAL-INTERNET - INFO - <Response [400]>
2019-09-12 15:51:38,872 - CPE27-HKG2-SINGLE-CPE-DUAL-INTERNET - ERROR - {"timestamp":1568283698863,"status":400,"error":"Bad Request","exception":"java.lang.IllegalArgumentException","message":" A device group with name  IPC00190-SIN-PS-DIS-LIB-DG already exists ","path":"/nextgen/deviceGroup"}
2019-09-12 15:51:38,872 - CPE27-HKG2-SINGLE-CPE-DUAL-INTERNET - DEBUG - 
FAIL : {"timestamp":1568283698863,"status":400,"error":"Bad Request","exception":"java.lang.IllegalArgumentException","message":" A device group with name  IPC00190-SIN-PS-DIS-LIB-DG already exists ","path":"/nextgen/deviceGroup"}
2019-09-12 15:51:38,872 - CPE27-HKG2-SINGLE-CPE-DUAL-INTERNET - ERROR - 
 >>>>>>>>>> DEVICE GROUP TEMPLATE CREATION FAILED. <<<<<<<<<<<

