2020-02-28 11:08:24,645 - VD1 - DEBUG - <netmiko.versa.versa_ssh.VersaSSH object at 0x000000000DFFD6A0>
2020-02-28 11:08:29,848 - VD1 - DEBUG - versa: Automated@VDir-BLR-NEW-01>
2020-02-28 11:08:34,605 - CPE11-HKG-HYBRD-IPC00190 - DEBUG - <netmiko.versa.versa_ssh.VersaSSH object at 0x000000000E03C748>
2020-02-28 11:08:39,806 - CPE11-HKG-HYBRD-IPC00190 - DEBUG - versa: Automated@VDir-BLR-NEW-01>
2020-02-28 11:09:03,788 - CPE12-HKG-HYBRD-IPC00190 - DEBUG - <netmiko.versa.versa_ssh.VersaSSH object at 0x000000000E0602B0>
2020-02-28 11:09:08,990 - CPE12-HKG-HYBRD-IPC00190 - DEBUG - versa: Automated@VDir-BLR-NEW-01>
2020-02-28 11:10:22,509 - CPE11-HKG-HYBRD-IPC00190 - INFO - 
CREATE SLA profile

2020-02-28 11:10:24,282 - CPE11-HKG-HYBRD-IPC00190 - DEBUG - <Response [201]>
2020-02-28 11:10:24,289 - CPE11-HKG-HYBRD-IPC00190 - INFO - 
PASS
2020-02-28 11:10:24,290 - CPE11-HKG-HYBRD-IPC00190 - INFO - >>>>>>>>>> CREATE SLA Profile PASSED. <<<<<<<<<<<
2020-02-28 11:10:24,295 - CPE11-HKG-HYBRD-IPC00190 - INFO - 
CREATE FWD PROFILE

2020-02-28 11:10:26,211 - CPE11-HKG-HYBRD-IPC00190 - DEBUG - <Response [201]>
2020-02-28 11:10:26,211 - CPE11-HKG-HYBRD-IPC00190 - INFO - 
PASS
2020-02-28 11:10:26,213 - CPE11-HKG-HYBRD-IPC00190 - INFO - >>>>>>>>>> FORWARDING PROFILE CREATION PASSED. <<<<<<<<<<<
2020-02-28 11:10:26,216 - CPE11-HKG-HYBRD-IPC00190 - INFO - 
CREATE IPaddress Object

2020-02-28 11:10:27,993 - CPE11-HKG-HYBRD-IPC00190 - DEBUG - <Response [201]>
2020-02-28 11:10:27,993 - CPE11-HKG-HYBRD-IPC00190 - INFO - 
PASS
2020-02-28 11:10:27,993 - CPE11-HKG-HYBRD-IPC00190 - INFO - >>>>>>>>>> ADDRESS OBJECT CREATION PASSED. <<<<<<<<<<<
2020-02-28 11:10:27,997 - CPE11-HKG-HYBRD-IPC00190 - INFO - 
CREATE IPaddress Object

2020-02-28 11:10:30,566 - CPE11-HKG-HYBRD-IPC00190 - DEBUG - <Response [201]>
2020-02-28 11:10:30,568 - CPE11-HKG-HYBRD-IPC00190 - INFO - 
PASS
2020-02-28 11:10:30,569 - CPE11-HKG-HYBRD-IPC00190 - INFO - >>>>>>>>>> ADDRESS OBJECT CREATION PASSED. <<<<<<<<<<<
2020-02-28 11:10:30,578 - CPE11-HKG-HYBRD-IPC00190 - INFO - 
CREATE Policy rule

2020-02-28 11:10:32,546 - CPE11-HKG-HYBRD-IPC00190 - DEBUG - <Response [201]>
2020-02-28 11:10:32,546 - CPE11-HKG-HYBRD-IPC00190 - INFO - 
PASS
2020-02-28 11:10:32,546 - CPE11-HKG-HYBRD-IPC00190 - INFO - >>>>>>>>>> CREATE POLICY RULE PASSED. <<<<<<<<<<<
2020-02-28 11:13:28,375 - CPE11-HKG-HYBRD-IPC00190 - INFO - 
DELETE IPaddress Object

2020-02-28 11:13:31,812 - CPE11-HKG-HYBRD-IPC00190 - INFO - 
PASS
2020-02-28 11:13:31,813 - CPE11-HKG-HYBRD-IPC00190 - INFO - >>>>>>>>>> Policy rule DELETION PASSED. <<<<<<<<<<<
2020-02-28 11:13:31,828 - CPE11-HKG-HYBRD-IPC00190 - INFO - 
CREATE Policy rule

2020-02-28 11:13:33,805 - CPE11-HKG-HYBRD-IPC00190 - DEBUG - <Response [201]>
2020-02-28 11:13:33,806 - CPE11-HKG-HYBRD-IPC00190 - INFO - 
PASS
2020-02-28 11:13:33,806 - CPE11-HKG-HYBRD-IPC00190 - INFO - >>>>>>>>>> CREATE POLICY RULE PASSED. <<<<<<<<<<<
2020-02-28 11:16:24,604 - CPE11-HKG-HYBRD-IPC00190 - INFO - 
DELETE IPaddress Object

2020-02-28 11:16:28,443 - CPE11-HKG-HYBRD-IPC00190 - INFO - 
PASS
2020-02-28 11:16:28,443 - CPE11-HKG-HYBRD-IPC00190 - INFO - >>>>>>>>>> Policy rule DELETION PASSED. <<<<<<<<<<<
2020-02-28 11:17:21,877 - CPE11-HKG-HYBRD-IPC00190 - INFO - 
DELETE IPaddress Object

2020-02-28 11:17:25,740 - CPE11-HKG-HYBRD-IPC00190 - INFO - 
PASS
2020-02-28 11:17:25,742 - CPE11-HKG-HYBRD-IPC00190 - INFO - >>>>>>>>>> ADDRESS OBJECT DELETION PASSED. <<<<<<<<<<<
2020-02-28 11:17:25,746 - CPE11-HKG-HYBRD-IPC00190 - INFO - 
DELETE IPaddress Object

2020-02-28 11:17:29,204 - CPE11-HKG-HYBRD-IPC00190 - INFO - 
PASS
2020-02-28 11:17:29,204 - CPE11-HKG-HYBRD-IPC00190 - INFO - >>>>>>>>>> ADDRESS OBJECT DELETION PASSED. <<<<<<<<<<<
2020-02-28 11:17:29,206 - CPE11-HKG-HYBRD-IPC00190 - INFO - 
DELETE FWD PROFILE

2020-02-28 11:17:32,311 - CPE11-HKG-HYBRD-IPC00190 - INFO - 
PASS
2020-02-28 11:17:32,312 - CPE11-HKG-HYBRD-IPC00190 - INFO - >>>>>>>>>> FORWARDING PROFILE DELETION PASSED. <<<<<<<<<<<
2020-02-28 11:17:32,315 - CPE11-HKG-HYBRD-IPC00190 - INFO - 
DELETE SLA profile

2020-02-28 11:17:36,184 - CPE11-HKG-HYBRD-IPC00190 - INFO - 
PASS
2020-02-28 11:17:36,184 - CPE11-HKG-HYBRD-IPC00190 - INFO - >>>>>>>>>> DELETE SLA Profile PASSED. <<<<<<<<<<<
