2020-03-03 14:44:34,444 - VD1 - DEBUG - <netmiko.versa.versa_ssh.VersaSSH object at 0x000000000DFA0630>
2020-03-03 14:44:39,648 - VD1 - DEBUG - versa: Automated@VDir-BLR-NEW-01>
2020-03-03 14:44:44,361 - CPE11-HKG-HYBRD-IPC00190 - DEBUG - <netmiko.versa.versa_ssh.VersaSSH object at 0x000000000DFD3780>
2020-03-03 14:44:49,565 - CPE11-HKG-HYBRD-IPC00190 - DEBUG - versa: Automated@VDir-BLR-NEW-01>
2020-03-03 14:45:14,405 - CPE12-HKG-HYBRD-IPC00190 - DEBUG - <netmiko.versa.versa_ssh.VersaSSH object at 0x000000000DFEF358>
2020-03-03 14:45:19,609 - CPE12-HKG-HYBRD-IPC00190 - DEBUG - versa: Automated@VDir-BLR-NEW-01>
2020-03-03 14:46:32,180 - CPE11-HKG-HYBRD-IPC00190 - INFO - 
CREATE SLA profile

2020-03-03 14:46:34,150 - CPE11-HKG-HYBRD-IPC00190 - DEBUG - <Response [201]>
2020-03-03 14:46:34,157 - CPE11-HKG-HYBRD-IPC00190 - INFO - 
PASS
2020-03-03 14:46:34,158 - CPE11-HKG-HYBRD-IPC00190 - INFO - >>>>>>>>>> CREATE SLA Profile PASSED. <<<<<<<<<<<
2020-03-03 14:46:34,163 - CPE11-HKG-HYBRD-IPC00190 - INFO - 
CREATE FWD PROFILE

2020-03-03 14:46:36,036 - CPE11-HKG-HYBRD-IPC00190 - DEBUG - <Response [201]>
2020-03-03 14:46:36,038 - CPE11-HKG-HYBRD-IPC00190 - INFO - 
PASS
2020-03-03 14:46:36,038 - CPE11-HKG-HYBRD-IPC00190 - INFO - >>>>>>>>>> FORWARDING PROFILE CREATION PASSED. <<<<<<<<<<<
2020-03-03 14:46:36,040 - CPE11-HKG-HYBRD-IPC00190 - INFO - 
CREATE IPaddress Object

2020-03-03 14:46:37,786 - CPE11-HKG-HYBRD-IPC00190 - DEBUG - <Response [201]>
2020-03-03 14:46:37,788 - CPE11-HKG-HYBRD-IPC00190 - INFO - 
PASS
2020-03-03 14:46:37,789 - CPE11-HKG-HYBRD-IPC00190 - INFO - >>>>>>>>>> ADDRESS OBJECT CREATION PASSED. <<<<<<<<<<<
2020-03-03 14:46:37,793 - CPE11-HKG-HYBRD-IPC00190 - INFO - 
CREATE IPaddress Object

2020-03-03 14:46:39,900 - CPE11-HKG-HYBRD-IPC00190 - DEBUG - <Response [201]>
2020-03-03 14:46:39,901 - CPE11-HKG-HYBRD-IPC00190 - INFO - 
PASS
2020-03-03 14:46:39,901 - CPE11-HKG-HYBRD-IPC00190 - INFO - >>>>>>>>>> ADDRESS OBJECT CREATION PASSED. <<<<<<<<<<<
2020-03-03 14:46:39,904 - CPE11-HKG-HYBRD-IPC00190 - INFO - 
CREATE Service Object

2020-03-03 14:46:42,569 - CPE11-HKG-HYBRD-IPC00190 - DEBUG - <Response [201]>
2020-03-03 14:46:42,571 - CPE11-HKG-HYBRD-IPC00190 - INFO - 
PASS
2020-03-03 14:46:42,571 - CPE11-HKG-HYBRD-IPC00190 - INFO - >>>>>>>>>> Service OBJECT CREATION PASSED. <<<<<<<<<<<
2020-03-03 14:47:41,358 - CPE11-HKG-HYBRD-IPC00190 - INFO - 
CREATE Policy rule

2020-03-03 14:47:44,260 - CPE11-HKG-HYBRD-IPC00190 - DEBUG - <Response [201]>
2020-03-03 14:47:44,262 - CPE11-HKG-HYBRD-IPC00190 - INFO - 
PASS
2020-03-03 14:47:44,263 - CPE11-HKG-HYBRD-IPC00190 - INFO - >>>>>>>>>> CREATE POLICY RULE PASSED. <<<<<<<<<<<
2020-03-03 14:50:33,089 - CPE11-HKG-HYBRD-IPC00190 - INFO - 
DELETE IPaddress Object

2020-03-03 14:50:37,506 - CPE11-HKG-HYBRD-IPC00190 - INFO - 
PASS
2020-03-03 14:50:37,506 - CPE11-HKG-HYBRD-IPC00190 - INFO - >>>>>>>>>> Policy rule DELETION PASSED. <<<<<<<<<<<
2020-03-03 14:50:37,519 - CPE11-HKG-HYBRD-IPC00190 - INFO - 
CREATE Policy rule

2020-03-03 14:50:40,799 - CPE11-HKG-HYBRD-IPC00190 - DEBUG - <Response [201]>
2020-03-03 14:50:40,799 - CPE11-HKG-HYBRD-IPC00190 - INFO - 
PASS
2020-03-03 14:50:40,801 - CPE11-HKG-HYBRD-IPC00190 - INFO - >>>>>>>>>> CREATE POLICY RULE PASSED. <<<<<<<<<<<
2020-03-03 14:53:38,622 - CPE11-HKG-HYBRD-IPC00190 - INFO - 
DELETE IPaddress Object

2020-03-03 14:53:42,029 - CPE11-HKG-HYBRD-IPC00190 - INFO - 
PASS
2020-03-03 14:53:42,029 - CPE11-HKG-HYBRD-IPC00190 - INFO - >>>>>>>>>> Policy rule DELETION PASSED. <<<<<<<<<<<
2020-03-03 14:53:42,046 - CPE11-HKG-HYBRD-IPC00190 - INFO - 
CREATE Policy rule

2020-03-03 14:53:43,953 - CPE11-HKG-HYBRD-IPC00190 - DEBUG - <Response [201]>
2020-03-03 14:53:43,953 - CPE11-HKG-HYBRD-IPC00190 - INFO - 
PASS
2020-03-03 14:53:43,953 - CPE11-HKG-HYBRD-IPC00190 - INFO - >>>>>>>>>> CREATE POLICY RULE PASSED. <<<<<<<<<<<
2020-03-03 14:54:45,456 - CPE11-HKG-HYBRD-IPC00190 - INFO - 
DELETE IPaddress Object

2020-03-03 14:54:48,565 - CPE11-HKG-HYBRD-IPC00190 - INFO - 
PASS
2020-03-03 14:54:48,566 - CPE11-HKG-HYBRD-IPC00190 - INFO - >>>>>>>>>> Policy rule DELETION PASSED. <<<<<<<<<<<
2020-03-03 14:54:48,579 - CPE11-HKG-HYBRD-IPC00190 - INFO - 
CREATE Policy rule

2020-03-03 14:54:50,542 - CPE11-HKG-HYBRD-IPC00190 - DEBUG - <Response [201]>
2020-03-03 14:54:50,542 - CPE11-HKG-HYBRD-IPC00190 - INFO - 
PASS
2020-03-03 14:54:50,542 - CPE11-HKG-HYBRD-IPC00190 - INFO - >>>>>>>>>> CREATE POLICY RULE PASSED. <<<<<<<<<<<
2020-03-03 14:55:17,559 - CPE11-HKG-HYBRD-IPC00190 - INFO - 
DELETE IPaddress Object

2020-03-03 14:55:20,693 - CPE11-HKG-HYBRD-IPC00190 - INFO - 
PASS
2020-03-03 14:55:20,694 - CPE11-HKG-HYBRD-IPC00190 - INFO - >>>>>>>>>> Policy rule DELETION PASSED. <<<<<<<<<<<
2020-03-03 14:55:20,709 - CPE11-HKG-HYBRD-IPC00190 - INFO - 
DELETE Service Object

2020-03-03 14:55:22,640 - CPE11-HKG-HYBRD-IPC00190 - INFO - 
PASS
2020-03-03 14:55:22,641 - CPE11-HKG-HYBRD-IPC00190 - INFO - >>>>>>>>>> ADDRESS OBJECT DELETION PASSED. <<<<<<<<<<<
2020-03-03 14:55:22,644 - CPE11-HKG-HYBRD-IPC00190 - INFO - 
DELETE IPaddress Object

2020-03-03 14:55:24,894 - CPE11-HKG-HYBRD-IPC00190 - INFO - 
PASS
2020-03-03 14:55:24,894 - CPE11-HKG-HYBRD-IPC00190 - INFO - >>>>>>>>>> ADDRESS OBJECT DELETION PASSED. <<<<<<<<<<<
2020-03-03 14:55:24,898 - CPE11-HKG-HYBRD-IPC00190 - INFO - 
DELETE IPaddress Object

2020-03-03 14:55:27,062 - CPE11-HKG-HYBRD-IPC00190 - INFO - 
PASS
2020-03-03 14:55:27,063 - CPE11-HKG-HYBRD-IPC00190 - INFO - >>>>>>>>>> ADDRESS OBJECT DELETION PASSED. <<<<<<<<<<<
2020-03-03 14:55:27,065 - CPE11-HKG-HYBRD-IPC00190 - INFO - 
DELETE FWD PROFILE

2020-03-03 14:55:29,332 - CPE11-HKG-HYBRD-IPC00190 - INFO - 
PASS
2020-03-03 14:55:29,332 - CPE11-HKG-HYBRD-IPC00190 - INFO - >>>>>>>>>> FORWARDING PROFILE DELETION PASSED. <<<<<<<<<<<
2020-03-03 14:55:29,335 - CPE11-HKG-HYBRD-IPC00190 - INFO - 
DELETE SLA profile

2020-03-03 14:55:32,197 - CPE11-HKG-HYBRD-IPC00190 - INFO - 
PASS
2020-03-03 14:55:32,197 - CPE11-HKG-HYBRD-IPC00190 - INFO - >>>>>>>>>> DELETE SLA Profile PASSED. <<<<<<<<<<<
