2020-02-20 16:12:07,072 - VD1 - DEBUG - <netmiko.versa.versa_ssh.VersaSSH object at 0x00000000105CBE10>
2020-02-20 16:12:12,282 - VD1 - DEBUG - versa: Automated@VDir-BLR-NEW-01>
2020-02-20 16:12:17,098 - CPE11-HKG-HYBRD-IPC00190 - DEBUG - <netmiko.versa.versa_ssh.VersaSSH object at 0x000000001064AE10>
2020-02-20 16:12:22,305 - CPE11-HKG-HYBRD-IPC00190 - DEBUG - versa: Automated@VDir-BLR-NEW-01>
2020-02-20 16:12:46,437 - CPE12-HKG-HYBRD-IPC00190 - DEBUG - <netmiko.versa.versa_ssh.VersaSSH object at 0x000000001066CC18>
2020-02-20 16:12:51,645 - CPE12-HKG-HYBRD-IPC00190 - DEBUG - versa: Automated@VDir-BLR-NEW-01>
2020-02-20 16:13:55,934 - CPE11-HKG-HYBRD-IPC00190 - INFO - 
CREATE SLA profile

2020-02-20 16:13:57,694 - CPE11-HKG-HYBRD-IPC00190 - DEBUG - <Response [201]>
2020-02-20 16:13:57,700 - CPE11-HKG-HYBRD-IPC00190 - INFO - 
PASS
2020-02-20 16:13:57,701 - CPE11-HKG-HYBRD-IPC00190 - INFO - >>>>>>>>>> CREATE SLA Profile PASSED. <<<<<<<<<<<
2020-02-20 16:13:57,707 - CPE11-HKG-HYBRD-IPC00190 - INFO - 
CREATE FWD PROFILE

2020-02-20 16:13:59,760 - CPE11-HKG-HYBRD-IPC00190 - DEBUG - <Response [201]>
2020-02-20 16:13:59,760 - CPE11-HKG-HYBRD-IPC00190 - INFO - 
PASS
2020-02-20 16:13:59,762 - CPE11-HKG-HYBRD-IPC00190 - INFO - >>>>>>>>>> FORWARDING PROFILE CREATION PASSED. <<<<<<<<<<<
2020-02-20 16:13:59,766 - CPE11-HKG-HYBRD-IPC00190 - INFO - 
CREATE IPaddress Object

2020-02-20 16:14:01,312 - CPE11-HKG-HYBRD-IPC00190 - DEBUG - <Response [201]>
2020-02-20 16:14:01,312 - CPE11-HKG-HYBRD-IPC00190 - INFO - 
PASS
2020-02-20 16:14:01,312 - CPE11-HKG-HYBRD-IPC00190 - INFO - >>>>>>>>>> ADDRESS OBJECT CREATION PASSED. <<<<<<<<<<<
2020-02-20 16:14:01,316 - CPE11-HKG-HYBRD-IPC00190 - INFO - 
CREATE Policy rule

2020-02-20 16:14:04,403 - CPE11-HKG-HYBRD-IPC00190 - DEBUG - <Response [201]>
2020-02-20 16:14:04,403 - CPE11-HKG-HYBRD-IPC00190 - INFO - 
PASS
2020-02-20 16:14:04,404 - CPE11-HKG-HYBRD-IPC00190 - INFO - >>>>>>>>>> CREATE POLICY RULE PASSED. <<<<<<<<<<<
2020-02-20 16:17:20,039 - CPE11-HKG-HYBRD-IPC00190 - INFO - 
DELETE IPaddress Object

2020-02-20 16:17:23,348 - CPE11-HKG-HYBRD-IPC00190 - INFO - 
PASS
2020-02-20 16:17:23,348 - CPE11-HKG-HYBRD-IPC00190 - INFO - >>>>>>>>>> Policy rule DELETION PASSED. <<<<<<<<<<<
2020-02-20 16:17:23,352 - CPE11-HKG-HYBRD-IPC00190 - INFO - 
DELETE IPaddress Object

2020-02-20 16:17:25,698 - CPE11-HKG-HYBRD-IPC00190 - INFO - 
PASS
2020-02-20 16:17:25,700 - CPE11-HKG-HYBRD-IPC00190 - INFO - >>>>>>>>>> ADDRESS OBJECT DELETION PASSED. <<<<<<<<<<<
2020-02-20 16:17:25,703 - CPE11-HKG-HYBRD-IPC00190 - INFO - 
DELETE FWD PROFILE

2020-02-20 16:17:27,872 - CPE11-HKG-HYBRD-IPC00190 - INFO - 
PASS
2020-02-20 16:17:27,874 - CPE11-HKG-HYBRD-IPC00190 - INFO - >>>>>>>>>> FORWARDING PROFILE DELETION PASSED. <<<<<<<<<<<
2020-02-20 16:17:27,877 - CPE11-HKG-HYBRD-IPC00190 - INFO - 
DELETE SLA profile

2020-02-20 16:17:30,003 - CPE11-HKG-HYBRD-IPC00190 - INFO - 
PASS
2020-02-20 16:17:30,003 - CPE11-HKG-HYBRD-IPC00190 - INFO - >>>>>>>>>> DELETE SLA Profile PASSED. <<<<<<<<<<<
