2020-03-23 17:35:32,859 - VD1 - DEBUG - <netmiko.versa.versa_ssh.VersaSSH object at 0x7f3105e0bf90>
2020-03-23 17:35:38,066 - VD1 - DEBUG - versa: Automated@VDir-BLR-NEW-01>
2020-03-23 17:35:42,817 - CPE11-HKG-HYBRD-IPC00190 - DEBUG - <netmiko.versa.versa_ssh.VersaSSH object at 0x7f3105daf490>
2020-03-23 17:35:48,023 - CPE11-HKG-HYBRD-IPC00190 - DEBUG - versa: Automated@VDir-BLR-NEW-01>
2020-03-23 17:36:12,779 - CPE12-HKG-HYBRD-IPC00190 - DEBUG - <netmiko.versa.versa_ssh.VersaSSH object at 0x7f3105d60f90>
2020-03-23 17:36:17,983 - CPE12-HKG-HYBRD-IPC00190 - DEBUG - versa: Automated@VDir-BLR-NEW-01>
2020-03-23 17:37:19,527 - CPE11-HKG-HYBRD-IPC00190 - INFO - 
CREATE SLA profile

2020-03-23 17:37:20,631 - CPE11-HKG-HYBRD-IPC00190 - DEBUG - <Response [201]>
2020-03-23 17:37:20,632 - CPE11-HKG-HYBRD-IPC00190 - INFO - 
PASS
2020-03-23 17:37:20,632 - CPE11-HKG-HYBRD-IPC00190 - INFO - >>>>>>>>>> CREATE SLA Profile PASSED. <<<<<<<<<<<
2020-03-23 17:37:20,635 - CPE11-HKG-HYBRD-IPC00190 - INFO - 
CREATE FWD PROFILE

2020-03-23 17:37:21,790 - CPE11-HKG-HYBRD-IPC00190 - DEBUG - <Response [201]>
2020-03-23 17:37:21,791 - CPE11-HKG-HYBRD-IPC00190 - INFO - 
PASS
2020-03-23 17:37:21,791 - CPE11-HKG-HYBRD-IPC00190 - INFO - >>>>>>>>>> FORWARDING PROFILE CREATION PASSED. <<<<<<<<<<<
2020-03-23 17:37:21,793 - CPE11-HKG-HYBRD-IPC00190 - INFO - 
CREATE IPaddress Object

2020-03-23 17:37:22,813 - CPE11-HKG-HYBRD-IPC00190 - DEBUG - <Response [201]>
2020-03-23 17:37:22,814 - CPE11-HKG-HYBRD-IPC00190 - INFO - 
PASS
2020-03-23 17:37:22,815 - CPE11-HKG-HYBRD-IPC00190 - INFO - >>>>>>>>>> ADDRESS OBJECT CREATION PASSED. <<<<<<<<<<<
2020-03-23 17:37:22,817 - CPE11-HKG-HYBRD-IPC00190 - INFO - 
CREATE IPaddress Object

2020-03-23 17:37:23,831 - CPE11-HKG-HYBRD-IPC00190 - DEBUG - <Response [201]>
2020-03-23 17:37:23,832 - CPE11-HKG-HYBRD-IPC00190 - INFO - 
PASS
2020-03-23 17:37:23,833 - CPE11-HKG-HYBRD-IPC00190 - INFO - >>>>>>>>>> ADDRESS OBJECT CREATION PASSED. <<<<<<<<<<<
2020-03-23 17:37:23,835 - CPE11-HKG-HYBRD-IPC00190 - INFO - 
CREATE Service Object

2020-03-23 17:37:24,832 - CPE11-HKG-HYBRD-IPC00190 - DEBUG - <Response [201]>
2020-03-23 17:37:24,833 - CPE11-HKG-HYBRD-IPC00190 - INFO - 
PASS
2020-03-23 17:37:24,834 - CPE11-HKG-HYBRD-IPC00190 - INFO - >>>>>>>>>> Service OBJECT CREATION PASSED. <<<<<<<<<<<
2020-03-23 17:38:25,145 - CPE11-HKG-HYBRD-IPC00190 - INFO - 
CREATE Policy rule

2020-03-23 17:38:27,402 - CPE11-HKG-HYBRD-IPC00190 - DEBUG - <Response [201]>
2020-03-23 17:38:27,402 - CPE11-HKG-HYBRD-IPC00190 - INFO - 
PASS
2020-03-23 17:38:27,403 - CPE11-HKG-HYBRD-IPC00190 - INFO - >>>>>>>>>> CREATE POLICY RULE PASSED. <<<<<<<<<<<
2020-03-23 17:41:15,604 - CPE11-HKG-HYBRD-IPC00190 - INFO - 
DELETE IPaddress Object

2020-03-23 17:41:18,008 - CPE11-HKG-HYBRD-IPC00190 - INFO - 
PASS
2020-03-23 17:41:18,009 - CPE11-HKG-HYBRD-IPC00190 - INFO - >>>>>>>>>> Policy rule DELETION PASSED. <<<<<<<<<<<
2020-03-23 17:41:18,013 - CPE11-HKG-HYBRD-IPC00190 - INFO - 
CREATE Policy rule

2020-03-23 17:41:19,445 - CPE11-HKG-HYBRD-IPC00190 - DEBUG - <Response [201]>
2020-03-23 17:41:19,445 - CPE11-HKG-HYBRD-IPC00190 - INFO - 
PASS
2020-03-23 17:41:19,446 - CPE11-HKG-HYBRD-IPC00190 - INFO - >>>>>>>>>> CREATE POLICY RULE PASSED. <<<<<<<<<<<
2020-03-23 17:44:07,325 - CPE11-HKG-HYBRD-IPC00190 - INFO - 
DELETE IPaddress Object

2020-03-23 17:44:09,812 - CPE11-HKG-HYBRD-IPC00190 - INFO - 
PASS
2020-03-23 17:44:09,813 - CPE11-HKG-HYBRD-IPC00190 - INFO - >>>>>>>>>> Policy rule DELETION PASSED. <<<<<<<<<<<
2020-03-23 17:44:09,817 - CPE11-HKG-HYBRD-IPC00190 - INFO - 
CREATE Policy rule

2020-03-23 17:44:11,282 - CPE11-HKG-HYBRD-IPC00190 - DEBUG - <Response [201]>
2020-03-23 17:44:11,282 - CPE11-HKG-HYBRD-IPC00190 - INFO - 
PASS
2020-03-23 17:44:11,283 - CPE11-HKG-HYBRD-IPC00190 - INFO - >>>>>>>>>> CREATE POLICY RULE PASSED. <<<<<<<<<<<
2020-03-23 17:45:27,551 - CPE11-HKG-HYBRD-IPC00190 - INFO - 
DELETE IPaddress Object

2020-03-23 17:45:29,759 - CPE11-HKG-HYBRD-IPC00190 - INFO - 
PASS
2020-03-23 17:45:29,759 - CPE11-HKG-HYBRD-IPC00190 - INFO - >>>>>>>>>> Policy rule DELETION PASSED. <<<<<<<<<<<
2020-03-23 17:45:29,764 - CPE11-HKG-HYBRD-IPC00190 - INFO - 
CREATE Policy rule

2020-03-23 17:45:31,267 - CPE11-HKG-HYBRD-IPC00190 - DEBUG - <Response [201]>
2020-03-23 17:45:31,268 - CPE11-HKG-HYBRD-IPC00190 - INFO - 
PASS
2020-03-23 17:45:31,268 - CPE11-HKG-HYBRD-IPC00190 - INFO - >>>>>>>>>> CREATE POLICY RULE PASSED. <<<<<<<<<<<
2020-03-23 17:46:23,394 - CPE11-HKG-HYBRD-IPC00190 - INFO - 
DELETE IPaddress Object

2020-03-23 17:46:25,835 - CPE11-HKG-HYBRD-IPC00190 - INFO - 
PASS
2020-03-23 17:46:25,836 - CPE11-HKG-HYBRD-IPC00190 - INFO - >>>>>>>>>> Policy rule DELETION PASSED. <<<<<<<<<<<
2020-03-23 17:47:18,670 - CPE11-HKG-HYBRD-IPC00190 - INFO - 
DELETE Service Object

2020-03-23 17:47:20,733 - CPE11-HKG-HYBRD-IPC00190 - INFO - 
PASS
2020-03-23 17:47:20,734 - CPE11-HKG-HYBRD-IPC00190 - INFO - >>>>>>>>>> ADDRESS OBJECT DELETION PASSED. <<<<<<<<<<<
2020-03-23 17:47:20,735 - CPE11-HKG-HYBRD-IPC00190 - INFO - 
DELETE IPaddress Object

2020-03-23 17:47:22,060 - CPE11-HKG-HYBRD-IPC00190 - INFO - 
PASS
2020-03-23 17:47:22,061 - CPE11-HKG-HYBRD-IPC00190 - INFO - >>>>>>>>>> ADDRESS OBJECT DELETION PASSED. <<<<<<<<<<<
2020-03-23 17:47:22,063 - CPE11-HKG-HYBRD-IPC00190 - INFO - 
DELETE IPaddress Object

2020-03-23 17:47:23,386 - CPE11-HKG-HYBRD-IPC00190 - INFO - 
PASS
2020-03-23 17:47:23,387 - CPE11-HKG-HYBRD-IPC00190 - INFO - >>>>>>>>>> ADDRESS OBJECT DELETION PASSED. <<<<<<<<<<<
2020-03-23 17:47:23,389 - CPE11-HKG-HYBRD-IPC00190 - INFO - 
DELETE FWD PROFILE

2020-03-23 17:47:24,768 - CPE11-HKG-HYBRD-IPC00190 - INFO - 
PASS
2020-03-23 17:47:24,769 - CPE11-HKG-HYBRD-IPC00190 - INFO - >>>>>>>>>> FORWARDING PROFILE DELETION PASSED. <<<<<<<<<<<
2020-03-23 17:47:24,771 - CPE11-HKG-HYBRD-IPC00190 - INFO - 
DELETE SLA profile

2020-03-23 17:47:26,268 - CPE11-HKG-HYBRD-IPC00190 - INFO - 
PASS
2020-03-23 17:47:26,269 - CPE11-HKG-HYBRD-IPC00190 - INFO - >>>>>>>>>> DELETE SLA Profile PASSED. <<<<<<<<<<<
