2019-06-19 12:44:27,696 - CPE26-HKG-HYBRID - INFO - CPE NAME:CPE26-HKG-HYBRID
2019-06-19 12:44:28,696 - CPE26-HKG-HYBRID - INFO - SOLUTION SELECTED:SINGLE-CPE-HYBRID
2019-06-19 12:44:29,823 - CPE26-HKG-HYBRID - INFO - {u'versanms.sdwan-org-workflow': {u'ikeAuthType': u'psk', u'globalId': 72, u'orgName': u'IPC00172', u'controllers': [u'NV-WC01-N1-HKG', u'NV-WC01-N6-SIN', u'NV-WC02-N1-HKG', u'NV-WC02-N6-SIN'], u'bandwidth': 10, u'parentOrg': u'Colt', u'vrfs': [{u'name': u'LAN1-VRF', u'enableVPN': True, u'id': 840}, {u'name': u'LAN2-VRF', u'enableVPN': True, u'id': 841}], u'solutionTier': u'base-sdwan', u'sharedControlPlane': False}}
2019-06-19 12:44:30,012 - CPE26-HKG-HYBRID - INFO - {u'versanms.sdwan-org-workflow': {u'ikeAuthType': u'psk', u'globalId': 72, u'orgName': u'IPC00172', u'controllers': [u'NV-WC01-N1-HKG', u'NV-WC01-N6-SIN', u'NV-WC02-N1-HKG', u'NV-WC02-N6-SIN'], u'bandwidth': 10, u'parentOrg': u'Colt', u'vrfs': [{u'name': u'LAN1-VRF', u'enableVPN': True, u'id': 840}, {u'name': u'LAN2-VRF', u'enableVPN': True, u'id': 841}], u'solutionTier': u'base-sdwan', u'sharedControlPlane': False}}
2019-06-19 12:44:30,194 - CPE26-HKG-HYBRID - INFO - {u'versanms.sdwan-org-workflow': {u'ikeAuthType': u'psk', u'globalId': 72, u'orgName': u'IPC00172', u'controllers': [u'NV-WC01-N1-HKG', u'NV-WC01-N6-SIN', u'NV-WC02-N1-HKG', u'NV-WC02-N6-SIN'], u'bandwidth': 10, u'parentOrg': u'Colt', u'vrfs': [{u'name': u'LAN1-VRF', u'enableVPN': True, u'id': 840}, {u'name': u'LAN2-VRF', u'enableVPN': True, u'id': 841}], u'solutionTier': u'base-sdwan', u'sharedControlPlane': False}}
2019-06-19 12:44:30,196 - CPE26-HKG-HYBRID - INFO - 
STEP : POST STAGING TEMPLATE CREATION AND DEPLOYMENT

2019-06-19 12:44:30,207 - CPE26-HKG-HYBRID - INFO - {
	"versanms.sdwan-template-workflow": {
		"templateName": "AFTER_UPGRADE_PS1",
		"templateType": "sdwan-post-staging",
		"controllers": ["NV-WC01-N1-HKG", "NV-WC02-N1-HKG"],
		"providerOrg": {
			"name": "IPC00172",
			"statefulFW": true,
			"nextGenFW": false
		},
		"analyticsCluster": "VAN-Cluster",
		"deviceFirmfactor": "6",
		"wanInterfaces": [{
			"interfaceName": "vni-0/1",
			"pppoe": false,
			"unitInfo": [{
				"subUnit": 0,
				"vlanId": 0,
				"networkName": "MPLS-WAN",
				"ipv4Static": true,
				"ipv4Dhcp": false,
				"ipv6Static": false,
				"ipv6Dhcp": false,
				"allowSSH": false,
				"monitor": {},
				"linkPriority": "",
				"transportDomains": ["MPLS-TD"]
			}]
		}, {
			"interfaceName": "vni-0/2",
			"pppoe": false,
			"unitInfo": [{
				"subUnit": 0,
				"vlanId": 0,
				"networkName": "INT-WAN","ipv4Static": true,
				"ipv4Dhcp": false,
				"ipv6Static": false,
				"ipv6Dhcp": false,
				"allowSSH": false,
				"monitor": {},
				"linkPriority": "",
				"transportDomains": ["INTERNET-TD"]
			}]
		}],
		"deviceType": "full-mesh",
		"redundantPair": {
			"enable": false
		},
		"lanInterfaces": [{
			"interfaceName": "vni-0/4",
			"unitInfo": [
			{
				"subUnit": "{$v_vni-0-4_LAN1_Unit-0__unit}",
				"vlanId": "{$v_vni-0-4_LAN1_Unit-0__vlanId}",
				"networkName": "LAN1",
				"subOrganization": "IPC00172",
				"ipv4Static": true,
				"ipv4Dhcp": false,
				"ip6Static": false,
				"ipv6Dhcp": false,
				"vrfName": "LAN1-VRF",
				"zoneName": ""
			}
            
        ]
		}],
		"solutionTier": "standard-sdwan-plus-ngfw",
		"bandwidth": 1000,
		"customParams": [],
		"minimumImageVersion": "16.1R2-S8",
		"isAnalyticsEnabled": true,
		"isPrimary": true,
		"diaConfig": {
			"loadBalance": false
		},
		"splitTunnels": [
        {
			"vrfName": "LAN1-VRF",
			"wanNetworkName": "INT-WAN",
			"dia": true,
			"gateway": false
		}
        
		],
		"inBoundNats": []
	}
}

2019-06-19 12:44:30,970 - CPE26-HKG-HYBRID - INFO - <Response [200]>
2019-06-19 12:44:30,970 - CPE26-HKG-HYBRID - INFO - 
PASS
2019-06-19 12:44:30,970 - CPE26-HKG-HYBRID - INFO - 
 >>>>>>>>>> POST STAGING TEMPLATE CREATION PASSED. <<<<<<<<<<<

2019-06-19 12:44:36,091 - CPE26-HKG-HYBRID - INFO - <Response [200]>
2019-06-19 12:44:36,091 - CPE26-HKG-HYBRID - INFO - 
PASS
2019-06-19 12:44:36,091 - CPE26-HKG-HYBRID - INFO - 
 >>>>>>>>>> FW ASSOCIATION WITH POST STAGING TEMPLATE PASSED. <<<<<<<<<<<

2019-06-19 12:44:50,917 - CPE26-HKG-HYBRID - INFO - <Response [200]>
2019-06-19 12:44:55,918 - CPE26-HKG-HYBRID - INFO - 
PASS
2019-06-19 12:44:55,918 - CPE26-HKG-HYBRID - INFO - 
 >>>>>>>>>> POST STAGING TEMPLATE DEPLOY PASSED. <<<<<<<<<<<

2019-06-19 12:45:01,279 - CPE26-HKG-HYBRID - INFO - {u'versanms.sdwan-template-workflow': {u'providerOrg': {u'nextGenFW': False, u'name': u'IPC00172', u'statefulFW': True}, u'snmp': {u'snmpV1': False, u'snmpV2': False, u'snmpV3': False}, u'minimumImageVersion': u'16.1R2-S8', u'wanInterfaces': [{u'unitInfo': [{u'ipv6Dhcp': False, u'monitor': {u'monitorNexthop': False}, u'allowSSH': False, u'ipv4Static': True, u'DIA': False, u'vlanId': 0, u'transportDomains': [u'MPLS-TD'], u'ipv4Dhcp': False, u'ipv6rs': False, u'subUnit': 0, u'networkName': u'MPLS-WAN', u'ipv6Static': False}], u'interfaceName': u'vni-0/1', u'pppoe': False}, {u'unitInfo': [{u'ipv6Dhcp': False, u'monitor': {u'monitorNexthop': False}, u'allowSSH': False, u'ipv4Static': True, u'DIA': False, u'vlanId': 0, u'transportDomains': [u'INTERNET-TD'], u'ipv4Dhcp': False, u'ipv6rs': False, u'subUnit': 0, u'networkName': u'INT-WAN', u'ipv6Static': False}], u'interfaceName': u'vni-0/2', u'pppoe': False}], u'diaConfig': {u'loadBalance': False, u'dia': False}, u'templateName': u'AFTER_UPGRADE_PS1', u'isPrimary': True, u'isAnalyticsEnabled': True, u'lanInterfaces': [{u'unitInfo': [{u'ipv6Dhcp': False, u'ipv4DhcpServer': False, u'vrfName': u'LAN1-VRF', u'ipv6ra': False, u'ipv4Static': True, u'DIA': False, u'vlanId': u'{$v_vni-0-4_LAN1_Unit-0__vlanId}', u'ip6Static': False, u'ipv4Dhcp': False, u'subOrganization': u'IPC00172', u'subUnit': u'{$v_vni-0-4_LAN1_Unit-0__unit}', u'networkName': u'LAN1', u'dhcpV4Relay': False}], u'interfaceName': u'vni-0/4'}], u'bandwidth': 1000, u'controllers': [u'NV-WC01-N1-HKG', u'NV-WC02-N1-HKG'], u'templateType': u'sdwan-post-staging', u'deviceType': u'full-mesh', u'redundantPair': {u'vrrp': True, u'enable': False, u'cloudCPE': False}, u'solutionTier': u'standard-sdwan-plus-ngfw', u'deviceFirmfactor': 6, u'analyticsCluster': u'VAN-Cluster', u'splitTunnels': [{u'wanNetworkName': u'INT-WAN', u'vrfName': u'LAN1-VRF', u'dia': True, u'gateway': False}]}}
2019-06-19 12:45:01,391 - CPE26-HKG-HYBRID - INFO - [{u'category': u'stateful-firewall', u'organization': u'IPC00172', u'serviceTemplate': u'COMMON-SFW-TEMPLATE1', u'id': 87, u'templateName': u'AFTER_UPGRADE_PS1'}]
