2019-07-11 17:50:50,690 - CPE16-SIN-MPLSONLY - INFO - CPE NAME:CPE16-SIN-MPLSONLY
2019-07-11 17:50:51,691 - CPE16-SIN-MPLSONLY - INFO - SOLUTION SELECTED:SINGLE-CPE-MPLS-ONLY
2019-07-11 17:50:52,869 - CPE16-SIN-MPLSONLY - INFO - {u'versanms.sdwan-org-workflow': {u'ikeAuthType': u'psk', u'globalId': 72, u'orgName': u'IPC00172', u'controllers': [u'NV-WC01-N1-HKG', u'NV-WC01-N6-SIN', u'NV-WC02-N1-HKG', u'NV-WC02-N6-SIN'], u'bandwidth': 10, u'parentOrg': u'Colt', u'vrfs': [{u'name': u'LAN1-VRF', u'enableVPN': True, u'id': 840}, {u'name': u'LAN2-VRF', u'enableVPN': True, u'id': 841}], u'solutionTier': u'base-sdwan', u'sharedControlPlane': False}}
2019-07-11 17:50:53,088 - CPE16-SIN-MPLSONLY - INFO - {u'versanms.sdwan-org-workflow': {u'ikeAuthType': u'psk', u'globalId': 72, u'orgName': u'IPC00172', u'controllers': [u'NV-WC01-N1-HKG', u'NV-WC01-N6-SIN', u'NV-WC02-N1-HKG', u'NV-WC02-N6-SIN'], u'bandwidth': 10, u'parentOrg': u'Colt', u'vrfs': [{u'name': u'LAN1-VRF', u'enableVPN': True, u'id': 840}, {u'name': u'LAN2-VRF', u'enableVPN': True, u'id': 841}], u'solutionTier': u'base-sdwan', u'sharedControlPlane': False}}
2019-07-11 17:50:53,301 - CPE16-SIN-MPLSONLY - INFO - {u'versanms.sdwan-org-workflow': {u'ikeAuthType': u'psk', u'globalId': 72, u'orgName': u'IPC00172', u'controllers': [u'NV-WC01-N1-HKG', u'NV-WC01-N6-SIN', u'NV-WC02-N1-HKG', u'NV-WC02-N6-SIN'], u'bandwidth': 10, u'parentOrg': u'Colt', u'vrfs': [{u'name': u'LAN1-VRF', u'enableVPN': True, u'id': 840}, {u'name': u'LAN2-VRF', u'enableVPN': True, u'id': 841}], u'solutionTier': u'base-sdwan', u'sharedControlPlane': False}}
2019-07-11 17:50:53,302 - CPE16-SIN-MPLSONLY - INFO - 
STEP : POST STAGING TEMPLATE CREATION AND DEPLOYMENT

2019-07-11 17:50:53,325 - CPE16-SIN-MPLSONLY - INFO - {
	"versanms.sdwan-template-workflow": {
		"templateName": "IPC00172-SIN-PS-M-V120",
		"templateType": "sdwan-post-staging",
		"controllers": ["NV-WC01-N6-SIN", "NV-WC02-N6-SIN"],
		"providerOrg": {
			"name": "IPC00172",
			"statefulFW": true,
			"nextGenFW": false
		},
		"analyticsCluster": "VAN-Cluster",
		"deviceFirmfactor": "6",
		"wanInterfaces": [{
			"interfaceName": "vni-0/1",
			"pppoe": false,
			"unitInfo": [{
				"subUnit": 0,
				"vlanId": 0,
				"networkName": "MPLS-WAN",
				"ipv4Static": true,
				"ipv4Dhcp": false,
				"ipv6Static": false,
				"ipv6Dhcp": false,
				"allowSSH": false,
				"monitor": {},
				"linkPriority": "",
				"transportDomains": ["MPLS-TD"]
			}]
		}],
		"deviceType": "full-mesh",
		"redundantPair": {
			"enable": false
		},
		"lanInterfaces": [{
			"interfaceName": "vni-0/2",
			"unitInfo": [
			{
				"subUnit": "{$v_vni-0-2_LAN1_Unit-0__unit}",
				"vlanId": "{$v_vni-0-2_LAN1_Unit-0__vlanId}",
				"networkName": "LAN1",
				"subOrganization": "IPC00172",
				"ipv4Static": true,
				"ipv4Dhcp": false,
				"ip6Static": false,
				"ipv6Dhcp": false,
				"vrfName": "LAN1-VRF",
				"zoneName": ""
			}
            
        ]
		}],
		"solutionTier": "standard-sdwan-plus-ngfw",
		"bandwidth": 1000,
		"customParams": [],
		"minimumImageVersion": "16.1R2-S2.2",
		"isAnalyticsEnabled": true,
		"isPrimary": true,
		"diaConfig": {
			"loadBalance": false
		},
		"inBoundNats": []
	}
}

2019-07-11 17:50:59,214 - CPE16-SIN-MPLSONLY - INFO - <Response [200]>
2019-07-11 17:50:59,216 - CPE16-SIN-MPLSONLY - INFO - 
PASS
2019-07-11 17:50:59,216 - CPE16-SIN-MPLSONLY - INFO - 
 >>>>>>>>>> POST STAGING TEMPLATE CREATION PASSED. <<<<<<<<<<<

2019-07-11 17:51:04,457 - CPE16-SIN-MPLSONLY - INFO - <Response [200]>
2019-07-11 17:51:04,457 - CPE16-SIN-MPLSONLY - INFO - 
PASS
2019-07-11 17:51:04,457 - CPE16-SIN-MPLSONLY - INFO - 
 >>>>>>>>>> FW ASSOCIATION WITH POST STAGING TEMPLATE PASSED. <<<<<<<<<<<

2019-07-11 17:51:20,301 - CPE16-SIN-MPLSONLY - INFO - <Response [200]>
2019-07-11 17:51:25,302 - CPE16-SIN-MPLSONLY - INFO - 
PASS
2019-07-11 17:51:25,302 - CPE16-SIN-MPLSONLY - INFO - 
 >>>>>>>>>> POST STAGING TEMPLATE DEPLOY PASSED. <<<<<<<<<<<

2019-07-11 17:51:30,628 - CPE16-SIN-MPLSONLY - INFO - {u'versanms.sdwan-template-workflow': {u'providerOrg': {u'nextGenFW': False, u'name': u'IPC00172', u'statefulFW': True}, u'snmp': {u'snmpV1': False, u'snmpV2': False, u'snmpV3': False}, u'minimumImageVersion': u'16.1R2-S2.2', u'wanInterfaces': [{u'unitInfo': [{u'ipv6Dhcp': False, u'monitor': {u'monitorNexthop': False}, u'allowSSH': False, u'ipv4Static': True, u'DIA': False, u'vlanId': 0, u'transportDomains': [u'MPLS-TD'], u'ipv4Dhcp': False, u'ipv6rs': False, u'subUnit': 0, u'networkName': u'MPLS-WAN', u'ipv6Static': False}], u'interfaceName': u'vni-0/1', u'pppoe': False}], u'diaConfig': {u'loadBalance': False, u'dia': False}, u'templateName': u'IPC00172-SIN-PS-M-V120', u'isPrimary': True, u'isAnalyticsEnabled': True, u'lanInterfaces': [{u'unitInfo': [{u'ipv6Dhcp': False, u'ipv4DhcpServer': False, u'vrfName': u'LAN1-VRF', u'ipv6ra': False, u'ipv4Static': True, u'DIA': False, u'vlanId': u'{$v_vni-0-2_LAN1_Unit-0__vlanId}', u'ip6Static': False, u'ipv4Dhcp': False, u'subOrganization': u'IPC00172', u'subUnit': u'{$v_vni-0-2_LAN1_Unit-0__unit}', u'networkName': u'LAN1', u'dhcpV4Relay': False}], u'interfaceName': u'vni-0/2'}], u'bandwidth': 1000, u'controllers': [u'NV-WC01-N6-SIN', u'NV-WC02-N6-SIN'], u'templateType': u'sdwan-post-staging', u'deviceType': u'full-mesh', u'redundantPair': {u'vrrp': True, u'enable': False, u'cloudCPE': False}, u'solutionTier': u'standard-sdwan-plus-ngfw', u'deviceFirmfactor': 6, u'analyticsCluster': u'VAN-Cluster'}}
2019-07-11 17:51:30,769 - CPE16-SIN-MPLSONLY - INFO - [{u'category': u'stateful-firewall', u'organization': u'IPC00172', u'serviceTemplate': u'GENERIC-SFW-TEMPLATE1', u'id': 92, u'templateName': u'IPC00172-SIN-PS-M-V120'}]
2019-07-11 17:51:45,687 - CPE16-SIN-MPLSONLY - INFO - set devices template IPC00172-SIN-PS-M-V120 config interfaces vni vni-0/1 description "MPLS-WAN"
set devices template IPC00172-SIN-PS-M-V120 config interfaces vni vni-0/1 bandwidth uplink "5000"
set devices template IPC00172-SIN-PS-M-V120 config interfaces vni vni-0/1 bandwidth downlink "5000"

set devices template IPC00172-SIN-PS-M-V120 config system vnf-manager ip-addresses [ 10.92.116.67/32 10.92.116.68/32 ]
set devices template IPC00172-SIN-PS-M-V120 config system service-options qos-frame-overhead auto-adjust true
set devices template IPC00172-SIN-PS-M-V120 config routing-instances routing-instance IPC00172-Control-VR protocols bgp bgp 72 hold-time 90
set devices template IPC00172-SIN-PS-M-V120 config routing-instances routing-instance IPC00172-Control-VR protocols bgp bgp 72 graceful-restart enable
set devices template IPC00172-SIN-PS-M-V120 config routing-instances routing-instance IPC00172-Control-VR protocols bgp bgp 72 graceful-restart maximum-restart-time 15
set devices template IPC00172-SIN-PS-M-V120 config routing-instances routing-instance IPC00172-Control-VR protocols bgp bgp 72 graceful-restart recovery-time 15
set devices template IPC00172-SIN-PS-M-V120 config routing-instances routing-instance IPC00172-Control-VR protocols bgp bgp 72 graceful-restart select-defer-time 15
set devices template IPC00172-SIN-PS-M-V120 config routing-instances routing-instance IPC00172-Control-VR protocols bgp bgp 72 graceful-restart stalepath-time 15
set devices template IPC00172-SIN-PS-M-V120 config routing-instances routing-instance IPC00172-Control-VR protocols bgp bgp 72 graceful-restart dynamic-peer-restart-time 0

set devices template IPC00172-SIN-PS-M-V120 config routing-instances routing-instance IPC00172-Control-VR protocols bgp bgp 72 routing-peer-policy Import-From-SDWAN-Policy term 1GW1 match family inet-vpn
set devices template IPC00172-SIN-PS-M-V120 config routing-instances routing-instance IPC00172-Control-VR protocols bgp bgp 72 routing-peer-policy Import-From-SDWAN-Policy term 1GW1 match community "(^|,)([0-9]*:11)($|,)"
set devices template IPC00172-SIN-PS-M-V120 config routing-instances routing-instance IPC00172-Control-VR protocols bgp bgp 72 routing-peer-policy Import-From-SDWAN-Policy term 1GW1 action filter accept
set devices template IPC00172-SIN-PS-M-V120 config routing-instances routing-instance IPC00172-Control-VR protocols bgp bgp 72 routing-peer-policy Import-From-SDWAN-Policy term 1GW1 action community 8009:8009
set devices template IPC00172-SIN-PS-M-V120 config routing-instances routing-instance IPC00172-Control-VR protocols bgp bgp 72 routing-peer-policy Import-From-SDWAN-Policy term 1GW1 action community-action set-specific
set devices template IPC00172-SIN-PS-M-V120 config routing-instances routing-instance IPC00172-Control-VR protocols bgp bgp 72 routing-peer-policy Import-From-SDWAN-Policy term 1GW1 action set-local-preference 80
set devices template IPC00172-SIN-PS-M-V120 config routing-instances routing-instance IPC00172-Control-VR protocols bgp bgp 72 routing-peer-policy Import-From-SDWAN-Policy term 2GW2 match family inet-vpn
set devices template IPC00172-SIN-PS-M-V120 config routing-instances routing-instance IPC00172-Control-VR protocols bgp bgp 72 routing-peer-policy Import-From-SDWAN-Policy term 2GW2 match community "(^|,)([0-9]*:12)($|,)"
set devices template IPC00172-SIN-PS-M-V120 config routing-instances routing-instance IPC00172-Control-VR protocols bgp bgp 72 routing-peer-policy Import-From-SDWAN-Policy term 2GW2 action filter accept
set devices template IPC00172-SIN-PS-M-V120 config routing-instances routing-instance IPC00172-Control-VR protocols bgp bgp 72 routing-peer-policy Import-From-SDWAN-Policy term 2GW2 action community 8009:8009
set devices template IPC00172-SIN-PS-M-V120 config routing-instances routing-instance IPC00172-Control-VR protocols bgp bgp 72 routing-peer-policy Import-From-SDWAN-Policy term 2GW2 action community-action set-specific
set devices template IPC00172-SIN-PS-M-V120 config routing-instances routing-instance IPC00172-Control-VR protocols bgp bgp 72 routing-peer-policy Import-From-SDWAN-Policy term 2GW2 action set-local-preference 60
move devices template IPC00172-SIN-PS-M-V120 config routing-instances routing-instance IPC00172-Control-VR protocols bgp bgp 72 routing-peer-policy Import-From-SDWAN-Policy term 2GW2 first
move devices template IPC00172-SIN-PS-M-V120 config routing-instances routing-instance IPC00172-Control-VR protocols bgp bgp 72 routing-peer-policy Import-From-SDWAN-Policy term 1GW1 first

set devices template IPC00172-SIN-PS-M-V120 config routing-instances routing-instance IPC00172-Control-VR protocols bgp bgp 72 routing-peer-policy TO_SDWAN term Wildcard match family inet-vpn
set devices template IPC00172-SIN-PS-M-V120 config routing-instances routing-instance IPC00172-Control-VR protocols bgp bgp 72 routing-peer-policy TO_SDWAN term Wildcard action filter accept
set devices template IPC00172-SIN-PS-M-V120 config routing-instances routing-instance IPC00172-Control-VR protocols bgp bgp 72 routing-peer-policy TO_SDWAN term Wildcard action community 65:10
set devices template IPC00172-SIN-PS-M-V120 config routing-instances routing-instance IPC00172-Control-VR protocols bgp bgp 72 routing-peer-policy TO_SDWAN term Wildcard action community-action set-specific
set devices template IPC00172-SIN-PS-M-V120 config routing-instances routing-instance IPC00172-Control-VR protocols bgp bgp 72 routing-peer-policy TO_SDWAN term VersaPvt-Wildcard match family versa-private
set devices template IPC00172-SIN-PS-M-V120 config routing-instances routing-instance IPC00172-Control-VR protocols bgp bgp 72 routing-peer-policy TO_SDWAN term VersaPvt-Wildcard action filter accept
set devices template IPC00172-SIN-PS-M-V120 config routing-instances routing-instance IPC00172-Control-VR protocols bgp bgp 72 routing-peer-policy TO_SDWAN term VersaPvt-Wildcard action community 65:10
set devices template IPC00172-SIN-PS-M-V120 config routing-instances routing-instance IPC00172-Control-VR protocols bgp bgp 72 routing-peer-policy TO_SDWAN term VersaPvt-Wildcard action community-action set-specific
set devices template IPC00172-SIN-PS-M-V120 config routing-instances routing-instance IPC00172-Control-VR protocols bgp bgp 72 group Controllers-Group family inet unicast
set devices template IPC00172-SIN-PS-M-V120 config routing-instances routing-instance IPC00172-Control-VR protocols bgp bgp 72 group Controllers-Group export TO_SDWAN
set devices template IPC00172-SIN-PS-M-V120 config orgs org IPC00172 sd-wan site wan-interfaces vni vni-0/1.0 sla-monitoring fc fc_nc interval 10
set devices template IPC00172-SIN-PS-M-V120 config orgs org IPC00172 sd-wan site wan-interfaces vni vni-0/1.0 sla-monitoring fc fc_nc logging-interval 30
set devices template IPC00172-SIN-PS-M-V120 config orgs org IPC00172 sd-wan site wan-interfaces vni vni-0/1.0 sla-monitoring fc fc_nc send-to controller
set devices template IPC00172-SIN-PS-M-V120 config orgs org IPC00172 sd-wan site wan-interfaces vni vni-0/1.0 sla-monitoring fc fc_ef interval 10
set devices template IPC00172-SIN-PS-M-V120 config orgs org IPC00172 sd-wan site wan-interfaces vni vni-0/1.0 sla-monitoring fc fc_ef logging-interval 30
set devices template IPC00172-SIN-PS-M-V120 config orgs org IPC00172 sd-wan site wan-interfaces vni vni-0/1.0 sla-monitoring fc fc_ef send-to branches
set devices template IPC00172-SIN-PS-M-V120 config orgs org IPC00172 sd-wan site wan-interfaces vni vni-0/1.0 sla-monitoring fc fc_be interval 10
set devices template IPC00172-SIN-PS-M-V120 config orgs org IPC00172 sd-wan site wan-interfaces vni vni-0/1.0 sla-monitoring fc fc_be logging-interval 30
set devices template IPC00172-SIN-PS-M-V120 config orgs org IPC00172 sd-wan site wan-interfaces vni vni-0/1.0 sla-monitoring fc fc_be send-to branches
set devices template IPC00172-SIN-PS-M-V120 config orgs org IPC00172 sd-wan site wan-interfaces vni vni-0/1.0 sla-monitoring fc fc13 interval 10
set devices template IPC00172-SIN-PS-M-V120 config orgs org IPC00172 sd-wan site wan-interfaces vni vni-0/1.0 sla-monitoring fc fc13 logging-interval 30
set devices template IPC00172-SIN-PS-M-V120 config orgs org IPC00172 sd-wan site wan-interfaces vni vni-0/1.0 sla-monitoring fc fc13 send-to branches
set devices template IPC00172-SIN-PS-M-V120 config orgs org IPC00172 sd-wan site wan-interfaces vni vni-0/1.0 sla-monitoring fc fc14 interval 10
set devices template IPC00172-SIN-PS-M-V120 config orgs org IPC00172 sd-wan site wan-interfaces vni vni-0/1.0 sla-monitoring fc fc14 logging-interval 30
set devices template IPC00172-SIN-PS-M-V120 config orgs org IPC00172 sd-wan site wan-interfaces vni vni-0/1.0 sla-monitoring fc fc14 send-to branches
set devices template IPC00172-SIN-PS-M-V120 config orgs org IPC00172 sd-wan site wan-interfaces vni vni-0/1.0 sla-monitoring fc fc15 interval 10
set devices template IPC00172-SIN-PS-M-V120 config orgs org IPC00172 sd-wan site wan-interfaces vni vni-0/1.0 sla-monitoring fc fc15 logging-interval 30
set devices template IPC00172-SIN-PS-M-V120 config orgs org IPC00172 sd-wan site wan-interfaces vni vni-0/1.0 sla-monitoring fc fc15 send-to branches
set devices template IPC00172-SIN-PS-M-V120 config orgs org IPC00172 sd-wan site wan-interfaces vni vni-0/1.0 management-traffic priority 0

set devices template IPC00172-SIN-PS-M-V120 config orgs org-services IPC00172 class-of-service qos-policies qos-policy-group Default-Policy rules qos-policy IPSEC_IN match source zone zone-list [ Intf-MPLS-WAN-Zone ]
set devices template IPC00172-SIN-PS-M-V120 config orgs org-services IPC00172 class-of-service qos-policies qos-policy-group Default-Policy rules qos-policy IPSEC_IN match services predefined-services-list [ ESP ICMP ]
set devices template IPC00172-SIN-PS-M-V120 config orgs org-services IPC00172 class-of-service qos-policies qos-policy-group Default-Policy rules qos-policy IPSEC_IN match services services-list [ IPSEC IPSecAH ]
set devices template IPC00172-SIN-PS-M-V120 config orgs org-services IPC00172 class-of-service qos-policies qos-policy-group Default-Policy rules qos-policy IPSEC_IN set action allow
set devices template IPC00172-SIN-PS-M-V120 config orgs org-services IPC00172 class-of-service qos-policies qos-policy-group Default-Policy rules qos-policy IPSEC_OUT match destination zone zone-list [ Intf-MPLS-WAN-Zone ]
set devices template IPC00172-SIN-PS-M-V120 config orgs org-services IPC00172 class-of-service qos-policies qos-policy-group Default-Policy rules qos-policy IPSEC_OUT match services predefined-services-list [ ESP ICMP ]
set devices template IPC00172-SIN-PS-M-V120 config orgs org-services IPC00172 class-of-service qos-policies qos-policy-group Default-Policy rules qos-policy IPSEC_OUT match services services-list [ IPSEC IPSIPSecAH ]
set devices template IPC00172-SIN-PS-M-V120 config orgs org-services IPC00172 class-of-service qos-policies qos-policy-group Default-Policy rules qos-policy IPSEC_OUT set action allow
set devices template IPC00172-SIN-PS-M-V120 config orgs org-services IPC00172 class-of-service qos-policies qos-policy-group Default-Policy rules qos-policy ARP_IN match source zone zone-list [ Intf-MPLS-WAN-Zone ]
set devices template IPC00172-SIN-PS-M-V120 config orgs org-services IPC00172 class-of-service qos-policies qos-policy-group Default-Policy rules qos-policy ARP_IN match ether-type ARP
set devices template IPC00172-SIN-PS-M-V120 config orgs org-services IPC00172 class-of-service qos-policies qos-policy-group Default-Policy rules qos-policy ARP_IN set action allow
set devices template IPC00172-SIN-PS-M-V120 config orgs org-services IPC00172 class-of-service qos-policies qos-policy-group Default-Policy rules qos-policy ARP_OUT match destination zone zone-list [ Intf-MPLS-WAN-Zone ]
set devices template IPC00172-SIN-PS-M-V120 config orgs org-services IPC00172 class-of-service qos-policies qos-policy-group Default-Policy rules qos-policy ARP_OUT match ether-type ARP
set devices template IPC00172-SIN-PS-M-V120 config orgs org-services IPC00172 class-of-service qos-policies qos-policy-group Default-Policy rules qos-policy ARP_OUT set action allow

set devices template IPC00172-SIN-PS-M-V120 config orgs org-services IPC00172 class-of-service qos-policies qos-policy-group Default-Policy rules qos-policy WAN_IN match source zone zone-list [ Intf-MPLS-WAN-Zone ]
set devices template IPC00172-SIN-PS-M-V120 config orgs org-services IPC00172 class-of-service qos-policies qos-policy-group Default-Policy rules qos-policy WAN_IN set action deny
set devices template IPC00172-SIN-PS-M-V120 config orgs org-services IPC00172 class-of-service qos-policies qos-policy-group Default-Policy rules qos-policy WAN_OUT match destination zone zone-list [ Intf-MPLS-WAN-Zone ]
set devices template IPC00172-SIN-PS-M-V120 config orgs org-services IPC00172 class-of-service qos-policies qos-policy-group Default-Policy rules qos-policy WAN_OUT set action deny
set devices template IPC00172-SIN-PS-M-V120 config orgs org-services IPC00172 class-of-service app-qos-policies app-qos-policy-group Default-Policy
set devices template IPC00172-SIN-PS-M-V120 config orgs org-services IPC00172 class-of-service qos-profiles qos-profile Business1 forwarding-class fc13
set devices template IPC00172-SIN-PS-M-V120 config orgs org-services IPC00172 class-of-service qos-profiles qos-profile Business1 loss-priority high
set devices template IPC00172-SIN-PS-M-V120 config orgs org-services IPC00172 class-of-service qos-profiles qos-profile Business1 dscp-rw-enable yes
set devices template IPC00172-SIN-PS-M-V120 config orgs org-services IPC00172 class-of-service qos-profiles qos-profile Business1 dot1p-rw-enable no
set devices template IPC00172-SIN-PS-M-V120 config orgs org-services IPC00172 class-of-service qos-profiles qos-profile Business2 forwarding-class fc14
set devices template IPC00172-SIN-PS-M-V120 config orgs org-services IPC00172 class-of-service qos-profiles qos-profile Business2 loss-priority high
set devices template IPC00172-SIN-PS-M-V120 config orgs org-services IPC00172 class-of-service qos-profiles qos-profile Business2 dscp-rw-enable yes
set devices template IPC00172-SIN-PS-M-V120 config orgs org-services IPC00172 class-of-service qos-profiles qos-profile Business2 dot1p-rw-enable no
set devices template IPC00172-SIN-PS-M-V120 config orgs org-services IPC00172 class-of-service qos-profiles qos-profile Business3 forwarding-class fc15
set devices template IPC00172-SIN-PS-M-V120 config orgs org-services IPC00172 class-of-service qos-profiles qos-profile Business3 loss-priority high
set devices template IPC00172-SIN-PS-M-V120 config orgs org-services IPC00172 class-of-service qos-profiles qos-profile Business3 dscp-rw-enable yes
set devices template IPC00172-SIN-PS-M-V120 config orgs org-services IPC00172 class-of-service qos-profiles qos-profile Business3 dot1p-rw-enable no
set devices template IPC00172-SIN-PS-M-V120 config orgs org-services IPC00172 class-of-service qos-profiles qos-profile Internet-Default forwarding-class fc_be
set devices template IPC00172-SIN-PS-M-V120 config orgs org-services IPC00172 class-of-service qos-profiles qos-profile Internet-Default loss-priority high
set devices template IPC00172-SIN-PS-M-V120 config orgs org-services IPC00172 class-of-service qos-profiles qos-profile Internet-Default dscp-rw-enable no
set devices template IPC00172-SIN-PS-M-V120 config orgs org-services IPC00172 class-of-service qos-profiles qos-profile Internet-Default dot1p-rw-enable no
set devices template IPC00172-SIN-PS-M-V120 config orgs org-services IPC00172 class-of-service qos-profiles qos-profile Premium forwarding-class fc_ef
set devices template IPC00172-SIN-PS-M-V120 config orgs org-services IPC00172 class-of-service qos-profiles qos-profile Premium loss-priority low
set devices template IPC00172-SIN-PS-M-V120 config orgs org-services IPC00172 class-of-service qos-profiles qos-profile Premium dscp-rw-enable yes
set devices template IPC00172-SIN-PS-M-V120 config orgs org-services IPC00172 class-of-service qos-profiles qos-profile Premium dot1p-rw-enable no
set devices template IPC00172-SIN-PS-M-V120 config orgs org-services IPC00172 class-of-service qos-profiles qos-profile Routing-Management forwarding-class fc_nc
set devices template IPC00172-SIN-PS-M-V120 config orgs org-services IPC00172 class-of-service qos-profiles qos-profile Routing-Management loss-priority low
set devices template IPC00172-SIN-PS-M-V120 config orgs org-services IPC00172 class-of-service qos-profiles qos-profile Routing-Management dscp-rw-enable yes
set devices template IPC00172-SIN-PS-M-V120 config orgs org-services IPC00172 class-of-service qos-profiles qos-profile Routing-Management dot1p-rw-enable no

set devices template IPC00172-SIN-PS-M-V120 config orgs org-services IPC00172 objects services service IPSEC protocol UDP
set devices template IPC00172-SIN-PS-M-V120 config orgs org-services IPC00172 objects services service IPSEC destination-port 4790,4500,500
set devices template IPC00172-SIN-PS-M-V120 config orgs org-services IPC00172 objects services service IPSecAH protocol AH
set devices template IPC00172-SIN-PS-M-V120 config orgs org-services IPC00172 objects services service IPSIPSecAH protocol AH
set devices template IPC00172-SIN-PS-M-V120 config orgs org-services IPC00172 objects services service DHCP-67 protocol UDP
set devices template IPC00172-SIN-PS-M-V120 config orgs org-services IPC00172 objects services service DHCP-67 port 67
set devices template IPC00172-SIN-PS-M-V120 config orgs org-services IPC00172 objects services service DHCP-68 protocol UDP
set devices template IPC00172-SIN-PS-M-V120 config orgs org-services IPC00172 objects services service DHCP-68 port 68

delete devices template IPC00172-SIN-PS-M-V120 config routing-instances routing-instance IPC00172-Control-VR routing-options static route
delete devices template IPC00172-SIN-PS-M-V120 config orgs org-services IPC00172 security access-policies access-policy-group Default-Policy

set devices template IPC00172-SIN-PS-M-V120 config routing-instances routing-instance LAN1-VRF vrf-import-target target:840L:8402
set devices template IPC00172-SIN-PS-M-V120 config routing-instances routing-instance LAN1-VRF policy-options redistribution-policy Default-Policy-To-BGP term T3-STATIC match protocol static
set devices template IPC00172-SIN-PS-M-V120 config routing-instances routing-instance LAN1-VRF policy-options redistribution-policy Default-Policy-To-BGP term T3-STATIC action filter accept
set devices template IPC00172-SIN-PS-M-V120 config routing-instances routing-instance LAN1-VRF policy-options redistribution-policy Default-Policy-To-BGP term T3-STATIC action set-origin igp
set devices template IPC00172-SIN-PS-M-V120 config routing-instances routing-instance LAN1-VRF policy-options redistribution-policy Default-Policy-To-BGP term T3-STATIC action set-local-preference 110
set devices template IPC00172-SIN-PS-M-V120 config snmp usm local user coltuser auth sha password Colt1234

set devices template IPC00172-SIN-PS-M-V120 config system time-zone Greenwich
set devices template IPC00172-SIN-PS-M-V120 config confdConfig cli banner "Access to this network/system is limited to users authorised by Colt for its legitimate business purposes. Unauthorised access, use, installation of files or modification of any data is prohibited. Use of this system/network will be audited"
set devices template IPC00172-SIN-PS-M-V120 config system users portal login shell role admin password yA:D#{}Vn9JE-?Qa
set devices template IPC00172-SIN-PS-M-V120 config system users portal ssh-public-key portal contents "ssh-rsa AAAAB3NzaC1yc2EAAAADAQABAAABAQDo+WWU8BDyqZCYadUGElffuy1pkOo4nrg/yfOqV84G+ukVGf+SF48h+543zMxMmKTauHEqmSp+74IbSpN9buBom/BFpBTm3c66BErMmLNariqvfItG7CO9UBPqoXpUBAXnF/muohwe145jEyRRI4Lof2wK6F6qYjzTQHK+zp5IpV6D+VurfQ6fIQB2oUIj9c8OG3Zfyp33l9utdLCzR7Uo4OGt9GidMrO2mXSBWXb+L5o6MAiOB4EhKvVyG9O8+So7zHEcUI65bq3JWzLzM7w705ySVwitEeqCx2wS7v/2KNuHmI8kSQVOuXQ539V3PJThvlVPY7ABmrY5+4MZT+Fv novitas@colt.net"
2019-07-11 17:52:34,733 - CPE16-SIN-MPLSONLY - INFO - configure
Entering configuration mode private
[ok][2019-07-11 12:03:15]

[edit]
Administrator@VDir-BLR-NEW-01% set devices template IPC00172-SIN-PS-M-V120 config interfaces vni vni-0/1 description "MPLS-WAN"
[ok][2019-07-11 12:03:17]

[edit]
Administrator@VDir-BLR-NEW-01% set devices template IPC00172-SIN-PS-M-V120 config interfaces vni vni-0/1 bandwidth uplink "5000"
[ok][2019-07-11 12:03:17]

[edit]
Administrator@VDir-BLR-NEW-01% set devices template IPC00172-SIN-PS-M-V120 config interfaces vni vni-0/1 bandwidth downlink "5000"
[ok][2019-07-11 12:03:18]

[edit]
Administrator@VDir-BLR-NEW-01% 

[edit]
Administrator@VDir-BLR-NEW-01% set devices template IPC00172-SIN-PS-M-V120 config system vnf-manager ip-addresses [ 10.92.116.67/32 10.92.116.68/32 ]
[ok][2019-07-11 12:03:18]

[edit]
Administrator@VDir-BLR-NEW-01% set devices template IPC00172-SIN-PS-M-V120 config system service-options qos-frame-overhead auto-adjust true
[ok][2019-07-11 12:03:18]

[edit]
Administrator@VDir-BLR-NEW-01% set devices template IPC00172-SIN-PS-M-V120 config routing-instances routing-instance IPC00172-Control-VR protocols bgp bgp 72 hold-time 90
[ok][2019-07-11 12:03:18]

[edit]
Administrator@VDir-BLR-NEW-01% set devices template IPC00172-SIN-PS-M-V120 config routing-instances routing-instance IPC00172-Control-VR protocols bgp bgp 72 graceful-restart enable
[ok][2019-07-11 12:03:19]

[edit]
Administrator@VDir-BLR-NEW-01% set devices template IPC00172-SIN-PS-M-V120 config routing-instances routing-instance IPC00172-Control-VR protocols bgp bgp 72 graceful-restart maximum-restart-time 15
[ok][2019-07-11 12:03:19]

[edit]
Administrator@VDir-BLR-NEW-01% set devices template IPC00172-SIN-PS-M-V120 config routing-instances routing-instance IPC00172-Control-VR protocols bgp bgp 72 graceful-restart recovery-time 15
[ok][2019-07-11 12:03:19]

[edit]
Administrator@VDir-BLR-NEW-01% set devices template IPC00172-SIN-PS-M-V120 config routing-instances routing-instance IPC00172-Control-VR protocols bgp bgp 72 graceful-restart select-defer-time 15
[ok][2019-07-11 12:03:20]

[edit]
Administrator@VDir-BLR-NEW-01% set devices template IPC00172-SIN-PS-M-V120 config routing-instances routing-instance IPC00172-Control-VR protocols bgp bgp 72 graceful-restart stalepath-time 15
[ok][2019-07-11 12:03:20]

[edit]
Administrator@VDir-BLR-NEW-01% set devices template IPC00172-SIN-PS-M-V120 config routing-instances routing-instance IPC00172-Control-VR protocols bgp bgp 72 graceful-restart dynamic-peer-restart-time 0
[ok][2019-07-11 12:03:20]

[edit]
Administrator@VDir-BLR-NEW-01% 

[edit]
Administrator@VDir-BLR-NEW-01% set devices template IPC00172-SIN-PS-M-V120 config routing-instances routing-instance IPC00172-Control-VR protocols bgp bgp 72 routing-peer-policy Import-From-SDWAN-Policy term 1GW1 match family inet-vpn
[ok][2019-07-11 12:03:21]

[edit]
Administrator@VDir-BLR-NEW-01% set devices template IPC00172-SIN-PS-M-V120 config routing-instances routing-instance IPC00172-Control-VR protocols bgp bgp 72 routing-peer-policy Import-From-SDWAN-Policy term 1GW1 match community "(^|,)([0-9]*:11)($|,)"
[ok][2019-07-11 12:03:21]

[edit]
Administrator@VDir-BLR-NEW-01% set devices template IPC00172-SIN-PS-M-V120 config routing-instances routing-instance IPC00172-Control-VR protocols bgp bgp 72 routing-peer-policy Import-From-SDWAN-Policy term 1GW1 action filter accept
[ok][2019-07-11 12:03:21]

[edit]
Administrator@VDir-BLR-NEW-01% set devices template IPC00172-SIN-PS-M-V120 config routing-instances routing-instance IPC00172-Control-VR protocols bgp bgp 72 routing-peer-policy Import-From-SDWAN-Policy term 1GW1 action community 8009:8009
[ok][2019-07-11 12:03:22]

[edit]
Administrator@VDir-BLR-NEW-01% set devices template IPC00172-SIN-PS-M-V120 config routing-instances routing-instance IPC00172-Control-VR protocols bgp bgp 72 routing-peer-policy Import-From-SDWAN-Policy term 1GW1 action community-action set-specific
[ok][2019-07-11 12:03:22]

[edit]
Administrator@VDir-BLR-NEW-01% set devices template IPC00172-SIN-PS-M-V120 config routing-instances routing-instance IPC00172-Control-VR protocols bgp bgp 72 routing-peer-policy Import-From-SDWAN-Policy term 1GW1 action set-local-preference  80
[ok][2019-07-11 12:03:23]

[edit]
Administrator@VDir-BLR-NEW-01% set devices template IPC00172-SIN-PS-M-V120 config routing-instances routing-instance IPC00172-Control-VR protocols bgp bgp 72 routing-peer-policy Import-From-SDWAN-Policy term 2GW2 match family inet-vpn
[ok][2019-07-11 12:03:23]

[edit]
Administrator@VDir-BLR-NEW-01% set devices template IPC00172-SIN-PS-M-V120 config routing-instances routing-instance IPC00172-Control-VR protocols bgp bgp 72 routing-peer-policy Import-From-SDWAN-Policy term 2GW2 match community "(^|,)([0-9]*:12)($|,)"
[ok][2019-07-11 12:03:24]

[edit]
Administrator@VDir-BLR-NEW-01% set devices template IPC00172-SIN-PS-M-V120 config routing-instances routing-instance IPC00172-Control-VR protocols bgp bgp 72 routing-peer-policy Import-From-SDWAN-Policy term 2GW2 action filter accept
[ok][2019-07-11 12:03:24]

[edit]
Administrator@VDir-BLR-NEW-01% set devices template IPC00172-SIN-PS-M-V120 config routing-instances routing-instance IPC00172-Control-VR protocols bgp bgp 72 routing-peer-policy Import-From-SDWAN-Policy term 2GW2 action community 8009:8009
[ok][2019-07-11 12:03:24]

[edit]
Administrator@VDir-BLR-NEW-01% set devices template IPC00172-SIN-PS-M-V120 config routing-instances routing-instance IPC00172-Control-VR protocols bgp bgp 72 routing-peer-policy Import-From-SDWAN-Policy term 2GW2 action community-action set-specific
[ok][2019-07-11 12:03:25]

[edit]
Administrator@VDir-BLR-NEW-01% set devices template IPC00172-SIN-PS-M-V120 config routing-instances routing-instance IPC00172-Control-VR protocols bgp bgp 72 routing-peer-policy Import-From-SDWAN-Policy term 2GW2 action set-local-preference  60
[ok][2019-07-11 12:03:25]

[edit]
Administrator@VDir-BLR-NEW-01% move devices template IPC00172-SIN-PS-M-V120 config routing-instances routing-instance IPC00172-Control-VR protocols bgp bgp 72 routing-peer-policy Import-From-SDWAN-Policy term 2GW2 first
[ok][2019-07-11 12:03:26]

[edit]
Administrator@VDir-BLR-NEW-01% move devices template IPC00172-SIN-PS-M-V120 config routing-instances routing-instance IPC00172-Control-VR protocols bgp bgp 72 routing-peer-policy Import-From-SDWAN-Policy term 1GW1 first
[ok][2019-07-11 12:03:26]

[edit]
Administrator@VDir-BLR-NEW-01% 

[edit]
Administrator@VDir-BLR-NEW-01% set devices template IPC00172-SIN-PS-M-V120 config routing-instances routing-instance IPC00172-Control-VR protocols bgp bgp 72 routing-peer-policy TO_SDWAN term Wildcard match family inet-vpn
[ok][2019-07-11 12:03:27]

[edit]
Administrator@VDir-BLR-NEW-01% set devices template IPC00172-SIN-PS-M-V120 config routing-instances routing-instance IPC00172-Control-VR protocols bgp bgp 72 routing-peer-policy TO_SDWAN term Wildcard action filter accept
[ok][2019-07-11 12:03:27]

[edit]
Administrator@VDir-BLR-NEW-01% set devices template IPC00172-SIN-PS-M-V120 config routing-instances routing-instance IPC00172-Control-VR protocols bgp bgp 72 routing-peer-policy TO_SDWAN term Wildcard action community 65:10
[ok][2019-07-11 12:03:27]

[edit]
Administrator@VDir-BLR-NEW-01% set devices template IPC00172-SIN-PS-M-V120 config routing-instances routing-instance IPC00172-Control-VR protocols bgp bgp 72 routing-peer-policy TO_SDWAN term Wildcard action community-action set-specific
[ok][2019-07-11 12:03:28]

[edit]
Administrator@VDir-BLR-NEW-01% set devices template IPC00172-SIN-PS-M-V120 config routing-instances routing-instance IPC00172-Control-VR protocols bgp bgp 72 routing-peer-policy TO_SDWAN term VersaPvt-Wildcard match family versa-private
[ok][2019-07-11 12:03:28]

[edit]
Administrator@VDir-BLR-NEW-01% set devices template IPC00172-SIN-PS-M-V120 config routing-instances routing-instance IPC00172-Control-VR protocols bgp bgp 72 routing-peer-policy TO_SDWAN term VersaPvt-Wildcard action filter accept
[ok][2019-07-11 12:03:28]

[edit]
Administrator@VDir-BLR-NEW-01% set devices template IPC00172-SIN-PS-M-V120 config routing-instances routing-instance IPC00172-Control-VR protocols bgp bgp 72 routing-peer-policy TO_SDWAN term VersaPvt-Wildcard action community 65:10
[ok][2019-07-11 12:03:29]

[edit]
Administrator@VDir-BLR-NEW-01% set devices template IPC00172-SIN-PS-M-V120 config routing-instances routing-instance IPC00172-Control-VR protocols bgp bgp 72 routing-peer-policy TO_SDWAN term VersaPvt-Wildcard action community-action set-specific
[ok][2019-07-11 12:03:29]

[edit]
Administrator@VDir-BLR-NEW-01% set devices template IPC00172-SIN-PS-M-V120 config routing-instances routing-instance IPC00172-Control-VR protocols bgp bgp 72 group Controllers-Group family inet unicast
[ok][2019-07-11 12:03:30]

[edit]
Administrator@VDir-BLR-NEW-01% set devices template IPC00172-SIN-PS-M-V120 config routing-instances routing-instance IPC00172-Control-VR protocols bgp bgp 72 group Controllers-Group export TO_SDWAN
[ok][2019-07-11 12:03:30]

[edit]
Administrator@VDir-BLR-NEW-01% set devices template IPC00172-SIN-PS-M-V120 config orgs org IPC00172 sd-wan site wan-interfaces vni vni-0/1.0 sla-monitoring fc fc_nc interval 10
[ok][2019-07-11 12:03:31]

[edit]
Administrator@VDir-BLR-NEW-01% set devices template IPC00172-SIN-PS-M-V120 config orgs org IPC00172 sd-wan site wan-interfaces vni vni-0/1.0 sla-monitoring fc fc_nc logging-interval 30
[ok][2019-07-11 12:03:31]

[edit]
Administrator@VDir-BLR-NEW-01% set devices template IPC00172-SIN-PS-M-V120 config orgs org IPC00172 sd-wan site wan-interfaces vni vni-0/1.0 sla-monitoring fc fc_nc send-to controller
[ok][2019-07-11 12:03:32]

[edit]
Administrator@VDir-BLR-NEW-01% set devices template IPC00172-SIN-PS-M-V120 config orgs org IPC00172 sd-wan site wan-interfaces vni vni-0/1.0 sla-monitoring fc fc_ef interval 10
[ok][2019-07-11 12:03:32]

[edit]
Administrator@VDir-BLR-NEW-01% set devices template IPC00172-SIN-PS-M-V120 config orgs org IPC00172 sd-wan site wan-interfaces vni vni-0/1.0 sla-monitoring fc fc_ef logging-interval 30
[ok][2019-07-11 12:03:32]

[edit]
Administrator@VDir-BLR-NEW-01% set devices template IPC00172-SIN-PS-M-V120 config orgs org IPC00172 sd-wan site wan-interfaces vni vni-0/1.0 sla-monitoring fc fc_ef send-to branches
[ok][2019-07-11 12:03:32]

[edit]
Administrator@VDir-BLR-NEW-01% set devices template IPC00172-SIN-PS-M-V120 config orgs org IPC00172 sd-wan site wan-interfaces vni vni-0/1.0 sla-monitoring fc fc_be interval 10
[ok][2019-07-11 12:03:33]

[edit]
Administrator@VDir-BLR-NEW-01% set devices template IPC00172-SIN-PS-M-V120 config orgs org IPC00172 sd-wan site wan-interfaces vni vni-0/1.0 sla-monitoring fc fc_be logging-interval 30
[ok][2019-07-11 12:03:33]

[edit]
Administrator@VDir-BLR-NEW-01% set devices template IPC00172-SIN-PS-M-V120 config orgs org IPC00172 sd-wan site wan-interfaces vni vni-0/1.0 sla-monitoring fc fc_be send-to branches
[ok][2019-07-11 12:03:33]

[edit]
Administrator@VDir-BLR-NEW-01% set devices template IPC00172-SIN-PS-M-V120 config orgs org IPC00172 sd-wan site wan-interfaces vni vni-0/1.0 sla-monitoring fc fc13 interval 10
[ok][2019-07-11 12:03:34]

[edit]
Administrator@VDir-BLR-NEW-01% set devices template IPC00172-SIN-PS-M-V120 config orgs org IPC00172 sd-wan site wan-interfaces vni vni-0/1.0 sla-monitoring fc fc13 logging-interval 30
[ok][2019-07-11 12:03:34]

[edit]
Administrator@VDir-BLR-NEW-01% set devices template IPC00172-SIN-PS-M-V120 config orgs org IPC00172 sd-wan site wan-interfaces vni vni-0/1.0 sla-monitoring fc fc13 send-to branches
[ok][2019-07-11 12:03:35]

[edit]
Administrator@VDir-BLR-NEW-01% set devices template IPC00172-SIN-PS-M-V120 config orgs org IPC00172 sd-wan site wan-interfaces vni vni-0/1.0 sla-monitoring fc fc14 interval 10
[ok][2019-07-11 12:03:35]

[edit]
Administrator@VDir-BLR-NEW-01% set devices template IPC00172-SIN-PS-M-V120 config orgs org IPC00172 sd-wan site wan-interfaces vni vni-0/1.0 sla-monitoring fc fc14 logging-interval 30
[ok][2019-07-11 12:03:36]

[edit]
Administrator@VDir-BLR-NEW-01% set devices template IPC00172-SIN-PS-M-V120 config orgs org IPC00172 sd-wan site wan-interfaces vni vni-0/1.0 sla-monitoring fc fc14 send-to branches
[ok][2019-07-11 12:03:36]

[edit]
Administrator@VDir-BLR-NEW-01% set devices template IPC00172-SIN-PS-M-V120 config orgs org IPC00172 sd-wan site wan-interfaces vni vni-0/1.0 sla-monitoring fc fc15 interval 10
[ok][2019-07-11 12:03:36]

[edit]
Administrator@VDir-BLR-NEW-01% set devices template IPC00172-SIN-PS-M-V120 config orgs org IPC00172 sd-wan site wan-interfaces vni vni-0/1.0 sla-monitoring fc fc15 logging-interval 30
[ok][2019-07-11 12:03:37]

[edit]
Administrator@VDir-BLR-NEW-01% set devices template IPC00172-SIN-PS-M-V120 config orgs org IPC00172 sd-wan site wan-interfaces vni vni-0/1.0 sla-monitoring fc fc15 send-to branches
[ok][2019-07-11 12:03:37]

[edit]
Administrator@VDir-BLR-NEW-01% set devices template IPC00172-SIN-PS-M-V120 config orgs org IPC00172 sd-wan site wan-interfaces vni vni-0/1.0 management-traffic  priority 0
[ok][2019-07-11 12:03:37]

[edit]
Administrator@VDir-BLR-NEW-01% 

[edit]
Administrator@VDir-BLR-NEW-01% set devices template IPC00172-SIN-PS-M-V120 config orgs org-services IPC00172 class-of-service qos-policies qos-policy-group Default-Policy rules qos-policy IPSEC_IN match source zone zone-list [ Intf-MPLS-WAN-Zone ]
[ok][2019-07-11 12:03:38]

[edit]
Administrator@VDir-BLR-NEW-01% set devices template IPC00172-SIN-PS-M-V120 config orgs org-services IPC00172 class-of-service qos-policies qos-policy-group Default-Policy rules qos-policy IPSEC_IN match services predefined-services-list [ ESP ICMP ]
[ok][2019-07-11 12:03:38]

[edit]
Administrator@VDir-BLR-NEW-01% set devices template IPC00172-SIN-PS-M-V120 config orgs org-services IPC00172 class-of-service qos-policies qos-policy-group Default-Policy rules qos-policy IPSEC_IN match services services-list [ IPSEC IPSecAH ]
[ok][2019-07-11 12:03:39]

[edit]
Administrator@VDir-BLR-NEW-01% set devices template IPC00172-SIN-PS-M-V120 config orgs org-services IPC00172 class-of-service qos-policies qos-policy-group Default-Policy rules qos-policy IPSEC_IN set action allow
[ok][2019-07-11 12:03:39]

[edit]
Administrator@VDir-BLR-NEW-01% set devices template IPC00172-SIN-PS-M-V120 config orgs org-services IPC00172 class-of-service qos-policies qos-policy-group Default-Policy rules qos-policy IPSEC_OUT match destination zone zone-list [ Intf-MPLS-WAN-Zone ]
[ok][2019-07-11 12:03:40]

[edit]
Administrator@VDir-BLR-NEW-01% set devices template IPC00172-SIN-PS-M-V120 config orgs org-services IPC00172 class-of-service qos-policies qos-policy-group Default-Policy rules qos-policy IPSEC_OUT match services predefined-services-list [  ESP ICMP ]
[ok][2019-07-11 12:03:41]

[edit]
Administrator@VDir-BLR-NEW-01% set devices template IPC00172-SIN-PS-M-V120 config orgs org-services IPC00172 class-of-service qos-policies qos-policy-group Default-Policy rules qos-policy IPSEC_OUT match services services-list [ IPSEC IPSIPSecAH ]
[ok][2019-07-11 12:03:41]

[edit]
Administrator@VDir-BLR-NEW-01% set devices template IPC00172-SIN-PS-M-V120 config orgs org-services IPC00172 class-of-service qos-policies qos-policy-group Default-Policy rules qos-policy IPSEC_OUT set action allow
[ok][2019-07-11 12:03:41]

[edit]
Administrator@VDir-BLR-NEW-01% set devices template IPC00172-SIN-PS-M-V120 config orgs org-services IPC00172 class-of-service qos-policies qos-policy-group Default-Policy rules qos-policy ARP_IN match source zone zone-list [ Intf-MPLS-WAN-Zone ]
[ok][2019-07-11 12:03:42]

[edit]
Administrator@VDir-BLR-NEW-01% set devices template IPC00172-SIN-PS-M-V120 config orgs org-services IPC00172 class-of-service qos-policies qos-policy-group Default-Policy rules qos-policy ARP_IN match ether-type ARP
[ok][2019-07-11 12:03:42]

[edit]
Administrator@VDir-BLR-NEW-01% set devices template IPC00172-SIN-PS-M-V120 config orgs org-services IPC00172 class-of-service qos-policies qos-policy-group Default-Policy rules qos-policy ARP_IN set action allow
[ok][2019-07-11 12:03:43]

[edit]
Administrator@VDir-BLR-NEW-01% set devices template IPC00172-SIN-PS-M-V120 config orgs org-services IPC00172 class-of-service qos-policies qos-policy-group Default-Policy rules qos-policy ARP_OUT match destination zone zone-list [ Intf-MPLS-WAN-Zone ]
[ok][2019-07-11 12:03:43]

[edit]
Administrator@VDir-BLR-NEW-01% set devices template IPC00172-SIN-PS-M-V120 config orgs org-services IPC00172 class-of-service qos-policies qos-policy-group Default-Policy rules qos-policy ARP_OUT match ether-type ARP
[ok][2019-07-11 12:03:44]

[edit]
Administrator@VDir-BLR-NEW-01% set devices template IPC00172-SIN-PS-M-V120 config orgs org-services IPC00172 class-of-service qos-policies qos-policy-group Default-Policy rules qos-policy ARP_OUT set action allow
[ok][2019-07-11 12:03:44]

[edit]
Administrator@VDir-BLR-NEW-01% 

[edit]
Administrator@VDir-BLR-NEW-01% set devices template IPC00172-SIN-PS-M-V120 config orgs org-services IPC00172 class-of-service qos-policies qos-policy-group Default-Policy rules qos-policy WAN_IN match source zone zone-list [ Intf-MPLS-WAN-Zone ]
[ok][2019-07-11 12:03:45]

[edit]
Administrator@VDir-BLR-NEW-01% set devices template IPC00172-SIN-PS-M-V120 config orgs org-services IPC00172 class-of-service qos-policies qos-policy-group Default-Policy rules qos-policy WAN_IN set action deny
[ok][2019-07-11 12:03:45]

[edit]
Administrator@VDir-BLR-NEW-01% set devices template IPC00172-SIN-PS-M-V120 config orgs org-services IPC00172 class-of-service qos-policies qos-policy-group Default-Policy rules qos-policy WAN_OUT match destination zone zone-list [ Intf-MPLS-WAN-Zone ]
[ok][2019-07-11 12:03:45]

[edit]
Administrator@VDir-BLR-NEW-01% set devices template IPC00172-SIN-PS-M-V120 config orgs org-services IPC00172 class-of-service qos-policies qos-policy-group Default-Policy rules qos-policy WAN_OUT set action deny
[ok][2019-07-11 12:03:46]

[edit]
Administrator@VDir-BLR-NEW-01% set devices template IPC00172-SIN-PS-M-V120 config orgs org-services IPC00172 class-of-service app-qos-policies app-qos-policy-group Default-Policy
[ok][2019-07-11 12:03:46]

[edit]
Administrator@VDir-BLR-NEW-01% set devices template IPC00172-SIN-PS-M-V120 config orgs org-services IPC00172 class-of-service qos-profiles qos-profile Business1  forwarding-class fc13
[ok][2019-07-11 12:03:46]

[edit]
Administrator@VDir-BLR-NEW-01% set devices template IPC00172-SIN-PS-M-V120 config orgs org-services IPC00172 class-of-service qos-profiles qos-profile Business1  loss-priority high
[ok][2019-07-11 12:03:46]

[edit]
Administrator@VDir-BLR-NEW-01% set devices template IPC00172-SIN-PS-M-V120 config orgs org-services IPC00172 class-of-service qos-profiles qos-profile Business1  dscp-rw-enable yes
[ok][2019-07-11 12:03:46]

[edit]
Administrator@VDir-BLR-NEW-01% set devices template IPC00172-SIN-PS-M-V120 config orgs org-services IPC00172 class-of-service qos-profiles qos-profile Business1  dot1p-rw-enable no
[ok][2019-07-11 12:03:47]

[edit]
Administrator@VDir-BLR-NEW-01% set devices template IPC00172-SIN-PS-M-V120 config orgs org-services IPC00172 class-of-service qos-profiles qos-profile Business2  forwarding-class fc14
[ok][2019-07-11 12:03:47]

[edit]
Administrator@VDir-BLR-NEW-01% set devices template IPC00172-SIN-PS-M-V120 config orgs org-services IPC00172 class-of-service qos-profiles qos-profile Business2  loss-priority high
[ok][2019-07-11 12:03:47]

[edit]
Administrator@VDir-BLR-NEW-01% set devices template IPC00172-SIN-PS-M-V120 config orgs org-services IPC00172 class-of-service qos-profiles qos-profile Business2  dscp-rw-enable yes
[ok][2019-07-11 12:03:47]

[edit]
Administrator@VDir-BLR-NEW-01% set devices template IPC00172-SIN-PS-M-V120 config orgs org-services IPC00172 class-of-service qos-profiles qos-profile Business2  dot1p-rw-enable no
[ok][2019-07-11 12:03:48]

[edit]
Administrator@VDir-BLR-NEW-01% set devices template IPC00172-SIN-PS-M-V120 config orgs org-services IPC00172 class-of-service qos-profiles qos-profile Business3  forwarding-class fc15
[ok][2019-07-11 12:03:48]

[edit]
Administrator@VDir-BLR-NEW-01% set devices template IPC00172-SIN-PS-M-V120 config orgs org-services IPC00172 class-of-service qos-profiles qos-profile Business3  loss-priority high
[ok][2019-07-11 12:03:48]

[edit]
Administrator@VDir-BLR-NEW-01% set devices template IPC00172-SIN-PS-M-V120 config orgs org-services IPC00172 class-of-service qos-profiles qos-profile Business3  dscp-rw-enable yes
[ok][2019-07-11 12:03:49]

[edit]
Administrator@VDir-BLR-NEW-01% set devices template IPC00172-SIN-PS-M-V120 config orgs org-services IPC00172 class-of-service qos-profiles qos-profile Business3  dot1p-rw-enable no
[ok][2019-07-11 12:03:49]

[edit]
Administrator@VDir-BLR-NEW-01% set devices template IPC00172-SIN-PS-M-V120 config orgs org-services IPC00172 class-of-service qos-profiles qos-profile Internet-Default forwarding-class fc_be
[ok][2019-07-11 12:03:49]

[edit]
Administrator@VDir-BLR-NEW-01% set devices template IPC00172-SIN-PS-M-V120 config orgs org-services IPC00172 class-of-service qos-profiles qos-profile Internet-Default loss-priority high
[ok][2019-07-11 12:03:49]

[edit]
Administrator@VDir-BLR-NEW-01% set devices template IPC00172-SIN-PS-M-V120 config orgs org-services IPC00172 class-of-service qos-profiles qos-profile Internet-Default dscp-rw-enable no
[ok][2019-07-11 12:03:49]

[edit]
Administrator@VDir-BLR-NEW-01% set devices template IPC00172-SIN-PS-M-V120 config orgs org-services IPC00172 class-of-service qos-profiles qos-profile Internet-Default dot1p-rw-enable no
[ok][2019-07-11 12:03:50]

[edit]
Administrator@VDir-BLR-NEW-01% set devices template IPC00172-SIN-PS-M-V120 config orgs org-services IPC00172 class-of-service qos-profiles qos-profile Premium forwarding-class fc_ef
[ok][2019-07-11 12:03:50]

[edit]
Administrator@VDir-BLR-NEW-01% set devices template IPC00172-SIN-PS-M-V120 config orgs org-services IPC00172 class-of-service qos-profiles qos-profile Premium loss-priority low
[ok][2019-07-11 12:03:50]

[edit]
Administrator@VDir-BLR-NEW-01% set devices template IPC00172-SIN-PS-M-V120 config orgs org-services IPC00172 class-of-service qos-profiles qos-profile Premium dscp-rw-enable yes
[ok][2019-07-11 12:03:51]

[edit]
Administrator@VDir-BLR-NEW-01% set devices template IPC00172-SIN-PS-M-V120 config orgs org-services IPC00172 class-of-service qos-profiles qos-profile Premium dot1p-rw-enable no
[ok][2019-07-11 12:03:51]

[edit]
Administrator@VDir-BLR-NEW-01% set devices template IPC00172-SIN-PS-M-V120 config orgs org-services IPC00172 class-of-service qos-profiles qos-profile Routing-Management forwarding-class fc_nc
[ok][2019-07-11 12:03:51]

[edit]
Administrator@VDir-BLR-NEW-01% set devices template IPC00172-SIN-PS-M-V120 config orgs org-services IPC00172 class-of-service qos-profiles qos-profile Routing-Management loss-priority low
[ok][2019-07-11 12:03:52]

[edit]
Administrator@VDir-BLR-NEW-01% set devices template IPC00172-SIN-PS-M-V120 config orgs org-services IPC00172 class-of-service qos-profiles qos-profile Routing-Management dscp-rw-enable yes
[ok][2019-07-11 12:03:52]

[edit]
Administrator@VDir-BLR-NEW-01% set devices template IPC00172-SIN-PS-M-V120 config orgs org-services IPC00172 class-of-service qos-profiles qos-profile Routing-Management dot1p-rw-enable no
[ok][2019-07-11 12:03:52]

[edit]
Administrator@VDir-BLR-NEW-01% 

[edit]
Administrator@VDir-BLR-NEW-01% set devices template IPC00172-SIN-PS-M-V120 config orgs org-services IPC00172 objects services service IPSEC protocol UDP
[ok][2019-07-11 12:03:53]

[edit]
Administrator@VDir-BLR-NEW-01% set devices template IPC00172-SIN-PS-M-V120 config orgs org-services IPC00172 objects services service IPSEC destination-port 4790,4500,500
[ok][2019-07-11 12:03:53]

[edit]
Administrator@VDir-BLR-NEW-01% set devices template IPC00172-SIN-PS-M-V120 config orgs org-services IPC00172 objects services service IPSecAH protocol AH
[ok][2019-07-11 12:03:53]

[edit]
Administrator@VDir-BLR-NEW-01% set devices template IPC00172-SIN-PS-M-V120 config orgs org-services IPC00172 objects services service IPSIPSecAH protocol AH
[ok][2019-07-11 12:03:54]

[edit]
Administrator@VDir-BLR-NEW-01% set devices template IPC00172-SIN-PS-M-V120 config orgs org-services IPC00172 objects services service DHCP-67 protocol UDP
[ok][2019-07-11 12:03:54]

[edit]
Administrator@VDir-BLR-NEW-01% set devices template IPC00172-SIN-PS-M-V120 config orgs org-services IPC00172 objects services service DHCP-67 port 67
[ok][2019-07-11 12:03:54]

[edit]
Administrator@VDir-BLR-NEW-01% set devices template IPC00172-SIN-PS-M-V120 config orgs org-services IPC00172 objects services service DHCP-68 protocol UDP
[ok][2019-07-11 12:03:55]

[edit]
Administrator@VDir-BLR-NEW-01% set devices template IPC00172-SIN-PS-M-V120 config orgs org-services IPC00172 objects services service DHCP-68 port 68
[ok][2019-07-11 12:03:55]

[edit]
Administrator@VDir-BLR-NEW-01% 

[edit]
Administrator@VDir-BLR-NEW-01% delete devices template IPC00172-SIN-PS-M-V120 config routing-instances routing-instance IPC00172-Control-VR routing-options static route
[ok][2019-07-11 12:03:55]

[edit]
Administrator@VDir-BLR-NEW-01% delete devices template IPC00172-SIN-PS-M-V120 config orgs org-services IPC00172 security access-policies access-policy-group Default-Policy
[ok][2019-07-11 12:03:56]

[edit]
Administrator@VDir-BLR-NEW-01% 

[edit]
Administrator@VDir-BLR-NEW-01% set devices template IPC00172-SIN-PS-M-V120 config routing-instances routing-instance LAN1-VRF vrf-import-target target:840L:8402 
[ok][2019-07-11 12:03:56]

[edit]
Administrator@VDir-BLR-NEW-01% set devices template IPC00172-SIN-PS-M-V120 config routing-instances routing-instance LAN1-VRF policy-options redistribution-policy Default-Policy-To-BGP term T3-STATIC match protocol static
[ok][2019-07-11 12:03:56]

[edit]
Administrator@VDir-BLR-NEW-01% set devices template IPC00172-SIN-PS-M-V120 config routing-instances routing-instance LAN1-VRF policy-options redistribution-policy Default-Policy-To-BGP term T3-STATIC action filter accept
[ok][2019-07-11 12:03:57]

[edit]
Administrator@VDir-BLR-NEW-01% set devices template IPC00172-SIN-PS-M-V120 config routing-instances routing-instance LAN1-VRF policy-options redistribution-policy Default-Policy-To-BGP term T3-STATIC action set-origin igp
[ok][2019-07-11 12:03:57]

[edit]
Administrator@VDir-BLR-NEW-01% set devices template IPC00172-SIN-PS-M-V120 config routing-instances routing-instance LAN1-VRF policy-options redistribution-policy Default-Policy-To-BGP term T3-STATIC action set-local-preference 110
[ok][2019-07-11 12:03:57]

[edit]
Administrator@VDir-BLR-NEW-01% set devices template IPC00172-SIN-PS-M-V120 config snmp usm local user coltuser auth sha password Colt1234
[ok][2019-07-11 12:03:58]

[edit]
Administrator@VDir-BLR-NEW-01% 

[edit]
Administrator@VDir-BLR-NEW-01% set devices template IPC00172-SIN-PS-M-V120 config system time-zone Greenwich
[ok][2019-07-11 12:03:58]

[edit]
Administrator@VDir-BLR-NEW-01% set devices template IPC00172-SIN-PS-M-V120 config confdConfig cli banner "Access to this network/system is limited to users authorised by Colt for its legitimate business purposes. Unauthorised access, use, installation of files or modification of any data is prohibited. Use of this system/network will be audited"
[ok][2019-07-11 12:03:58]

[edit]
Administrator@VDir-BLR-NEW-01% set devices template IPC00172-SIN-PS-M-V120 config system users portal login shell role admin password yA:D#{}Vn9JE-?Qa
[ok][2019-07-11 12:03:59]

[edit]
Administrator@VDir-BLR-NEW-01% set devices template IPC00172-SIN-PS-M-V120 config system users portal ssh-public-key portal contents "ssh-rsa AAAAB3NzaC1yc2EAAAADAQABAAABAQDo+WWU8BDyqZCYadUGElffuy1pkOo4nrg/yfOqV84G+ukVGf+SF48h+543zMxMmKTauHEqmSp+74IbSpN9buBom/BFpBTm3c66BErMmLNariqvfItG7CO9UBPqoXpUBAXnF/muohwe145jEyRRI4Lof2wK6F6qYjzTQHK+zp5IpV6D+VurfQ6fIQB2oUIj9c8OG3Zfyp33l9utdLCzR7Uo4OGt9GidMrO2mXSBWXb+L5o6MAiOB4EhKvVyG9O8+So7zHEcUI65bq3JWzLzM7w705ySVwitEeqCx2wS7v/2KNuHmI8kSQVOuXQ539V3PJThvlVPY7ABmrY5+4MZT+Fv novitas@colt.net"
[ok][2019-07-11 12:03:59]

[edit]
Administrator@VDir-BLR-NEW-01% 
2019-07-11 17:52:35,549 - CPE16-SIN-MPLSONLY - INFO - commit
Commit complete.
[ok][2019-07-11 12:04:02]

[edit]
Administrator@VDir-BLR-NEW-01% 
2019-07-11 17:52:35,617 - CPE16-SIN-MPLSONLY - INFO - 
CPE16-SIN-MPLSONLY : Commit success.
2019-07-11 17:52:35,617 - CPE16-SIN-MPLSONLY - INFO - 
 >>>>>>>>>> PS MAIN TEMPLATE MODIFY PASSED. <<<<<<<<<<<

2019-07-11 17:52:40,617 - CPE16-SIN-MPLSONLY - INFO - 
STEP : DEVICE GROUP CREATION AND DEPLOYMENT

2019-07-11 17:52:40,966 - CPE16-SIN-MPLSONLY - INFO - <Response [201]>
2019-07-11 17:52:40,967 - CPE16-SIN-MPLSONLY - INFO - 
PASS
2019-07-11 17:52:40,967 - CPE16-SIN-MPLSONLY - INFO - 
 >>>>>>>>>> DEVICE GROUP TEMPLATE CREATION PASSED. <<<<<<<<<<<

2019-07-11 17:52:45,967 - CPE16-SIN-MPLSONLY - INFO - 
STEP : PRE-ONBOARD WORK

2019-07-11 17:52:46,035 - CPE16-SIN-MPLSONLY - INFO - 
sudo /opt/versa/scripts/staging.py -w 1 -c 10.63.77.14 -s 172.16.7.62/30 -g 172.16.7.61 -l IPC00172-CPE16-SIN-MPLSONLY@colt.net -lk CPE16-SIN-MPLSONLY  -r NV-WC02-N6-SIN@colt.net -rk 1234

2019-07-11 17:52:46,035 - CPE16-SIN-MPLSONLY - INFO - {
	"versanms.sdwan-device-workflow": {
		"deviceName": "CPE16-SIN-MPLSONLY",
		"siteId": "2016",
		"orgName": "IPC00172",
		"serialNumber": "CPE16KSA",
		"deviceGroup": "IPC00172-SIN-PS-M-DG-V120",
		"locationInfo": {
			"state": "karnataka",
			"country": "india",
			"longitude": "77.594563",
			"latitude": "12.971599",
			"city": "bangalore"
		},
		"postStagingTemplateInfo": {
			"templateName": "IPC00172-SIN-PS-M-V120",
			"templateData": {
				"device-template-variable": {
					"template": "IPC00172-SIN-PS-M-V120",
					"variable-binding": {
						"attrs": [
						
						    
						    
						    
						{ "name": "{$v_vni-0-2_LAN1_Unit-0__unit}", "value": "650", "isAutogeneratable": false},
						{ "name": "{$v_vni-0-2_LAN1_Unit-0__vlanId}", "value": "650", "isAutogeneratable": false },
						
						{
							"name": "{$v_IPC00172-Control-VR_16_Router_ID__vrRouteId}",
							"value": "20.20.72.16",
							"isAutogeneratable": true,
							"isOverwritten": false
						}, {
							"name": "{$v_IPC00172_NV-WC01-N6-SIN_Local_auth_email_key__IKELKey}",
							"value": "CPE16-SIN-MPLSONLY",
							"isAutogeneratable": true
						}, {
							"name": "{$v_IPC00172_NV-WC02-N6-SIN_Local_auth_email_key__IKELKey}",
							"value": "CPE16-SIN-MPLSONLY",
							"isAutogeneratable": true
						},
						
						
						
						{ "name": "{$v_LAN1_IPv4__staticaddress}", "value": "192.169.151.1/24", "isAutogeneratable": false},
						
						{
							"name": "{$v_IPC00172_NV-WC02-N6-SIN_Local_auth_email_identifier__IKELIdentifier}",
							"value": "CPE16-SIN-MPLSONLY@colt.net",
							"isAutogeneratable": true
						}, {
							"name": "{$v_Site_Id__siteSiteID}",
							"value": "2016",
							"isAutogeneratable": true
						}, {
							"name": "{$v_IPC00172_NV-WC01-N6-SIN_Local_auth_email_identifier__IKELIdentifier}",
							"value": "CPE16-SIN-MPLSONLY@colt.net",
							"isAutogeneratable": true
						}, {
							"name": "{$v_IPC00172_Site_Name__sitesSiteName}",
							"value": "CPE16-SIN-MPLSONLY",
							"isAutogeneratable": true
						}, {
							"name": "{$v_latitude__IdLatitude}",
							"value": "12.971599",
							"isAutogeneratable": true
						}, {
							"name": "{$v_identification__IdName}",
							"value": "CPE16-SIN-MPLSONLY",
							"isAutogeneratable": true
						}, {
						    "name": "{$v_tvi-0-144_-_Unit_0_Static_address__tunnelStaticAddress}",
							"value": "10.10.72.16/32",
							"isAutogeneratable": true,
							"isOverwritten": false
						}, {
							"name": "{$v_Chassis_Id__sitesChassisId}",
							"value": "CPE16KSA",
							"isAutogeneratable": true
						}, {
							"name": "{$v_longitude__Idlongitude}",
							"value": "77.594563",
							"isAutogeneratable": true
						}, {
							"name": "{$v_location__IdLocation}",
							"value": "bangalore,karnataka, india",
							"isAutogeneratable": true
						}, {
							"name": "{$v_IPC00172-Control-VR_72_Local_address__vrRouterAddress}",
							"value": "20.20.72.16",
							"isAutogeneratable": true,
							"isOverwritten": false
						}, {
							"name": "{$v_MPLS-WAN-Transport-VR_IPv4__vrHopAddress}",
							"value": "172.16.7.61",
							"isAutogeneratable": false
						}, {
							"name": "{$v_MPLS-WAN_IPv4__staticaddress}",
							"value": "172.16.7.62/30",
							"isAutogeneratable": false
						}, {
							"name": "{$v_tvi-0-145_-_Unit_0_Static_address__tunnelStaticAddress}",
							"value": "20.20.72.16/32",
							"isAutogeneratable": true,
							"isOverwritten": false
						}]
					}
				},
				"variableMetadata": [
                
                
                
				{"variable": "{$v_vni-0-2_LAN1_Unit-0__vlanId}", "group": "Vlan Info", "overlay": false, "type": "INTEGER"},
                
				{
					"variable": "{$v_IPC00172-Control-VR_72_Router_ID__vrRouteId}",
					"group": "Virtual Routers",
					"overlay": true,
					"type": "IPV4"
				}, {
					"variable": "{$v_IPC00172_NV-WC01-N6-SIN_Local_auth_email_key__IKELKey}",
					"group": "IPSEC",
					"overlay": false
				}, {
					"variable": "{$v_IPC00172_NV-WC02-N6-SIN_Local_auth_email_key__IKELKey}",
					"group": "IPSEC",
					"overlay": false
				},
			{
					"variable": "{$v_LAN1_IPv4__staticaddress}", "group": "Interfaces", "overlay": false, "type": "IPV4_MASK"
				},
            
				 {
					"variable": "{$v_IPC00172_NV-WC02-N6-SIN_Local_auth_email_identifier__IKELIdentifier}",
					"group": "IPSEC",
					"overlay": false
				}, {
					"variable": "{$v_Site_Id__siteSiteID}",
					"group": "SDWAN",
					"overlay": false
				}, {
					"variable": "{$v_IPC00172_NV-WC01-N6-SIN_Local_auth_email_identifier__IKELIdentifier}",
					"group": "IPSEC",
					"overlay": false
				}, {
					"variable": "{$v_IPC00172_Site_Name__sitesSiteName}",
					"group": "SDWAN",
					"overlay": false
				}, {
					"variable": "{$v_latitude__IdLatitude}",
					"group": "SDWAN",
					"overlay": false
				}, {
					"variable": "{$v_identification__IdName}",
					"group": "SDWAN",
					"overlay": false
				}, {
					"variable": "{$v_tvi-0-144_-_Unit_0_Static_address__tunnelStaticAddress}",
					"group": "Interfaces",
					"overlay": true,
					"type": "IPV4_IPV6_MASK"
				}, {
					"variable": "{$v_Chassis_Id__sitesChassisId}",
					"group": "SDWAN",
					"overlay": false
				}, {
					"variable": "{$v_longitude__Idlongitude}",
					"group": "SDWAN",
					"overlay": false
				}, {
					"variable": "{$v_location__IdLocation}",
					"group": "SDWAN",
					"overlay": false
				}, {
					"variable": "{$v_IPC00172-Control-VR_72_Local_address__vrRouterAddress}",
					"group": "Virtual Routers",
					"overlay": true,
					"type": "IPV4"
				}, {
					"variable": "{$v_MPLS-WAN-Transport-VR_IPv4__vrHopAddress}",
					"group": "Virtual Routers",
					"overlay": false,
					"type": "IPV4_IPV6"
				}, {
					"variable": "{$v_tvi-0-145_-_Unit_0_Static_address__tunnelStaticAddress}",
					"group": "Interfaces",
					"overlay": true,
					"type": "IPV4_IPV6_MASK"
				}]
			}
		}
	}
}
2019-07-11 17:52:52,575 - CPE16-SIN-MPLSONLY - INFO - <Response [200]>
2019-07-11 17:52:52,575 - CPE16-SIN-MPLSONLY - INFO - PASS
2019-07-11 17:53:02,792 - CPE16-SIN-MPLSONLY - INFO - 20873
2019-07-11 17:53:08,119 - CPE16-SIN-MPLSONLY - INFO - Device deployment failed
2019-07-11 17:53:08,119 - CPE16-SIN-MPLSONLY - INFO - TASK RESULT : FAILED : Configuration of controller failed :com.tailf.maapi.MaapiException: Network Element Driver: device NV-WC01-N6-SIN: out of sync
