2020-03-02 19:04:58,917 - VD1 - DEBUG - <netmiko.versa.versa_ssh.VersaSSH object at 0x000000000DA1EEF0>
2020-03-02 19:05:04,119 - VD1 - DEBUG - versa: Automated@VDir-BLR-NEW-01>
2020-03-02 19:05:08,832 - CPE11-HKG-HYBRD-IPC00190 - DEBUG - <netmiko.versa.versa_ssh.VersaSSH object at 0x000000000DA5CE80>
2020-03-02 19:05:14,036 - CPE11-HKG-HYBRD-IPC00190 - DEBUG - versa: Automated@VDir-BLR-NEW-01>
2020-03-02 19:05:38,496 - CPE12-HKG-HYBRD-IPC00190 - DEBUG - <netmiko.versa.versa_ssh.VersaSSH object at 0x000000000DA7F828>
2020-03-02 19:05:43,701 - CPE12-HKG-HYBRD-IPC00190 - DEBUG - versa: Automated@VDir-BLR-NEW-01>
2020-03-02 19:06:56,061 - CPE11-HKG-HYBRD-IPC00190 - INFO - 
CREATE SLA profile

2020-03-02 19:06:57,677 - CPE11-HKG-HYBRD-IPC00190 - DEBUG - <Response [201]>
2020-03-02 19:06:57,684 - CPE11-HKG-HYBRD-IPC00190 - INFO - 
PASS
2020-03-02 19:06:57,686 - CPE11-HKG-HYBRD-IPC00190 - INFO - >>>>>>>>>> CREATE SLA Profile PASSED. <<<<<<<<<<<
2020-03-02 19:06:57,691 - CPE11-HKG-HYBRD-IPC00190 - INFO - 
CREATE FWD PROFILE

2020-03-02 19:06:59,661 - CPE11-HKG-HYBRD-IPC00190 - DEBUG - <Response [201]>
2020-03-02 19:06:59,663 - CPE11-HKG-HYBRD-IPC00190 - INFO - 
PASS
2020-03-02 19:06:59,664 - CPE11-HKG-HYBRD-IPC00190 - INFO - >>>>>>>>>> FORWARDING PROFILE CREATION PASSED. <<<<<<<<<<<
2020-03-02 19:06:59,667 - CPE11-HKG-HYBRD-IPC00190 - INFO - 
CREATE IPaddress Object

2020-03-02 19:07:01,173 - CPE11-HKG-HYBRD-IPC00190 - DEBUG - <Response [201]>
2020-03-02 19:07:01,174 - CPE11-HKG-HYBRD-IPC00190 - INFO - 
PASS
2020-03-02 19:07:01,174 - CPE11-HKG-HYBRD-IPC00190 - INFO - >>>>>>>>>> ADDRESS OBJECT CREATION PASSED. <<<<<<<<<<<
2020-03-02 19:07:01,177 - CPE11-HKG-HYBRD-IPC00190 - INFO - 
CREATE IPaddress Object

2020-03-02 19:07:02,668 - CPE11-HKG-HYBRD-IPC00190 - DEBUG - <Response [201]>
2020-03-02 19:07:02,668 - CPE11-HKG-HYBRD-IPC00190 - INFO - 
PASS
2020-03-02 19:07:02,668 - CPE11-HKG-HYBRD-IPC00190 - INFO - >>>>>>>>>> ADDRESS OBJECT CREATION PASSED. <<<<<<<<<<<
2020-03-02 19:07:02,671 - CPE11-HKG-HYBRD-IPC00190 - INFO - 
CREATE Service Object

2020-03-02 19:07:05,124 - CPE11-HKG-HYBRD-IPC00190 - DEBUG - <Response [201]>
2020-03-02 19:07:05,124 - CPE11-HKG-HYBRD-IPC00190 - INFO - 
PASS
2020-03-02 19:07:05,125 - CPE11-HKG-HYBRD-IPC00190 - INFO - >>>>>>>>>> Service OBJECT CREATION PASSED. <<<<<<<<<<<
2020-03-02 19:08:04,573 - CPE11-HKG-HYBRD-IPC00190 - INFO - 
CREATE Policy rule

2020-03-02 19:08:07,505 - CPE11-HKG-HYBRD-IPC00190 - DEBUG - <Response [201]>
2020-03-02 19:08:07,506 - CPE11-HKG-HYBRD-IPC00190 - INFO - 
PASS
2020-03-02 19:08:07,506 - CPE11-HKG-HYBRD-IPC00190 - INFO - >>>>>>>>>> CREATE POLICY RULE PASSED. <<<<<<<<<<<
2020-03-03 11:52:32,288 - CPE11-HKG-HYBRD-IPC00190 - INFO - 
CREATE Policy rule

2020-03-03 11:52:33,394 - CPE11-HKG-HYBRD-IPC00190 - INFO - 
CREATE Policy rule

2020-03-03 11:52:34,418 - CPE11-HKG-HYBRD-IPC00190 - INFO - 
DELETE Service Object

2020-03-03 11:52:35,434 - CPE11-HKG-HYBRD-IPC00190 - INFO - 
DELETE IPaddress Object

2020-03-03 11:52:36,450 - CPE11-HKG-HYBRD-IPC00190 - INFO - 
DELETE IPaddress Object

2020-03-03 11:52:37,484 - CPE11-HKG-HYBRD-IPC00190 - INFO - 
DELETE FWD PROFILE

2020-03-03 11:52:38,503 - CPE11-HKG-HYBRD-IPC00190 - INFO - 
DELETE SLA profile

