2019-02-12 11:45:20,356 - VD1 - INFO - ORG NAME:JUNLO
2019-02-12 11:46:44,089 - VD1 - DEBUG - {
  "versanms.sdwan-org-workflow": {
    "orgName": "JUNLO",
    "globalId": "153",
    "parentOrg": "Colt",
    "ikeAuthType": "psk",
    "sharedControlPlane": false,
    "controllers": ["NV-WC01-N2-BLR", "NV-WC02-N4-MUM", "NV-WC01-N5-LON", "NV-WC02-N5-LON"],
    "vrfs": [{ "name": "LAN1-VRF", "id": "1650", "enableVPN": "true", "tooltip": "" },{ "name": "LAN2-VRF", "id": "1651", "enableVPN": "true", "tooltip": "" }],
    "supportedRoles": []
  }
}
2019-02-12 13:05:41,778 - VD1 - INFO - <Response [200]>
2019-02-12 13:05:54,375 - VD1 - INFO - PASS
2019-02-12 13:07:28,143 - VD1 - INFO - 15086
2019-02-12 13:08:58,355 - VD1 - INFO - FAILED : com.versa.vnms.cdbadaptor.common.exception.ProcessingFailureException: Failed to fetch org-id for org: ServiceProvider
2019-02-12 13:09:07,331 - VD1 - INFO - 
********************
RESULT:
ORG DEPLOYMENT : FAILED : com.versa.vnms.cdbadaptor.common.exception.ProcessingFailureException: Failed to fetch org-id for org: ServiceProvider

********************

