2019-10-10 15:03:17,681 - Versa_director - DEBUG - <netmiko.versa.versa.VersaSSH object at 0x000000000D878D30>
2019-10-10 15:03:22,884 - Versa_director - DEBUG - versa: Automated@VDir-BLR-NEW-01>
2019-10-10 15:03:22,913 - Versa_director - INFO - set devices template CPE11-HYBRD-PS config orgs org-services IPC00172 ipsec vpn-profile NV-WC01-N1-HKG-Profile ike transform aes256-sha256
set devices template CPE11-HYBRD-PS config orgs org-services IPC00172 ipsec vpn-profile NV-WC01-N1-HKG-Profile ipsec transform esp-aes128-gcm
set devices template CPE11-HYBRD-PS config orgs org-services IPC00172 ipsec vpn-profile NV-WC02-N1-HKG-Profile ike transform aes256-sha256
set devices template CPE11-HYBRD-PS config orgs org-services IPC00172 ipsec vpn-profile NV-WC02-N1-HKG-Profile ipsec transform esp-aes128-gcm

2019-10-10 15:03:30,795 - Versa_director - INFO - configure
Entering configuration mode private
[ok][2019-10-10 09:33:25]

[edit]
Automated@VDir-BLR-NEW-01% set devices template CPE11-HYBRD-PS config orgs org-services IPC00172 ipsec vpn-profile NV-WC01-N1-HKG-Profile ike transform aes256-sha256
[ok][2019-10-10 09:33:27]

[edit]
Automated@VDir-BLR-NEW-01% set devices template CPE11-HYBRD-PS config orgs org-services IPC00172 ipsec vpn-profile NV-WC01-N1-HKG-Profile ipsec transform esp-aes128-gcm
[ok][2019-10-10 09:33:28]

[edit]
Automated@VDir-BLR-NEW-01% set devices template CPE11-HYBRD-PS config orgs org-services IPC00172 ipsec vpn-profile NV-WC02-N1-HKG-Profile ike transform aes256-sha256
[ok][2019-10-10 09:33:28]

[edit]
Automated@VDir-BLR-NEW-01% set devices template CPE11-HYBRD-PS config orgs org-services IPC00172 ipsec vpn-profile NV-WC02-N1-HKG-Profile ipsec transform esp-aes128-gcm
[ok][2019-10-10 09:33:28]

[edit]
Automated@VDir-BLR-NEW-01% 
2019-10-10 15:03:31,197 - Versa_director - INFO - commit
No modifications to commit.
[ok][2019-10-10 09:33:31]

[edit]
Automated@VDir-BLR-NEW-01% 
2019-10-10 15:03:31,598 - Versa_director - INFO - exit no-confirm
[ok][2019-10-10 09:33:31]
Automated@VDir-BLR-NEW-01> 
2019-10-10 15:03:31,598 - Versa_director - INFO - No modifications to commit.
2019-10-10 15:03:31,598 - Versa_director - INFO - ********************
2019-10-10 15:03:31,598 - Versa_director - INFO - CONFIG_RESULT:
2019-10-10 15:03:31,598 - Versa_director - INFO - No modifications to commit.

2019-10-10 15:03:31,599 - Versa_director - INFO - ********************
2019-10-10 15:03:31,599 - Versa_director - INFO - Time elapsed: 0:00:08.716000

2019-10-10 15:03:31,601 - Versa_director - INFO - LOGS Stored in : C:\Softwares_mine\stefano\NV_REPOSITORY\csit/LOGS/2019_10_10_15_03_12_954000/
2019-10-10 15:03:31,632 - Versa_director - DEBUG - <netmiko.versa.versa.VersaSSH object at 0x000000000D878D30> connection closed
