2020-05-27 12:05:25,456 - CPE26-SIN-DUAL-CPE-DUAL-INTERNET-IPC00190-P - INFO - LOG FILE PATH : C:\Softwares_mine\stefano\NV_REPOSITORY\csit/LOGS/2020_05_27_12_05_22_554000/MAIN.log
2020-05-27 12:05:25,456 - CPE26-SIN-DUAL-CPE-DUAL-INTERNET-IPC00190-P - INFO - CPE NAME:CPE26-SIN-DUAL-CPE-DUAL-INTERNET-IPC00190-P
2020-05-27 12:05:26,457 - CPE26-SIN-DUAL-CPE-DUAL-INTERNET-IPC00190-P - INFO - SOLUTION SELECTED:DUAL-CPE-DUAL-INTERNET
2020-05-27 12:05:28,128 - CPE26-SIN-DUAL-CPE-DUAL-INTERNET-IPC00190-P - DEBUG - {u'versanms.sdwan-org-workflow': {u'ikeAuthType': u'psk', u'globalId': 90, u'orgName': u'IPC00190', u'controllers': [u'NV-WC01-N1-HKG', u'NV-WC01-N6-SIN', u'NV-WC02-N1-HKG', u'NV-WC02-N6-SIN'], u'bandwidth': 10, u'parentOrg': u'Colt', u'vrfs': [{u'name': u'LAN1-VRF', u'enableVPN': True, u'id': 1020}, {u'name': u'LAN2-VRF', u'enableVPN': True, u'id': 1021}, {u'name': u'LAN3-VRF', u'enableVPN': True, u'id': 1022}, {u'name': u'LAN4-VRF', u'enableVPN': True, u'id': 1023}, {u'name': u'LAN5-VRF', u'enableVPN': True, u'id': 1024}, {u'name': u'LAN6-VRF', u'enableVPN': True, u'id': 1025}, {u'name': u'LAN7-VRF', u'enableVPN': True, u'id': 1026}, {u'name': u'LAN8-VRF', u'enableVPN': True, u'id': 1027}, {u'name': u'LAN9-VRF', u'enableVPN': True, u'id': 1028}, {u'name': u'LAN10-VRF', u'enableVPN': True, u'id': 1029}], u'solutionTier': u'base-sdwan', u'sharedControlPlane': False}}
2020-05-27 12:05:28,135 - CPE26-SIN-DUAL-CPE-DUAL-INTERNET-IPC00190-P - INFO - 
STEP :CHECK ORG is available in Controller NV-WC01-N1-HKG
2020-05-27 12:05:28,135 - CPE26-SIN-DUAL-CPE-DUAL-INTERNET-IPC00190-P - INFO - PASS
2020-05-27 12:05:28,528 - CPE26-SIN-DUAL-CPE-DUAL-INTERNET-IPC00190-P - DEBUG - {u'versanms.sdwan-org-workflow': {u'ikeAuthType': u'psk', u'globalId': 90, u'orgName': u'IPC00190', u'controllers': [u'NV-WC01-N1-HKG', u'NV-WC01-N6-SIN', u'NV-WC02-N1-HKG', u'NV-WC02-N6-SIN'], u'bandwidth': 10, u'parentOrg': u'Colt', u'vrfs': [{u'name': u'LAN1-VRF', u'enableVPN': True, u'id': 1020}, {u'name': u'LAN2-VRF', u'enableVPN': True, u'id': 1021}, {u'name': u'LAN3-VRF', u'enableVPN': True, u'id': 1022}, {u'name': u'LAN4-VRF', u'enableVPN': True, u'id': 1023}, {u'name': u'LAN5-VRF', u'enableVPN': True, u'id': 1024}, {u'name': u'LAN6-VRF', u'enableVPN': True, u'id': 1025}, {u'name': u'LAN7-VRF', u'enableVPN': True, u'id': 1026}, {u'name': u'LAN8-VRF', u'enableVPN': True, u'id': 1027}, {u'name': u'LAN9-VRF', u'enableVPN': True, u'id': 1028}, {u'name': u'LAN10-VRF', u'enableVPN': True, u'id': 1029}], u'solutionTier': u'base-sdwan', u'sharedControlPlane': False}}
2020-05-27 12:05:28,528 - CPE26-SIN-DUAL-CPE-DUAL-INTERNET-IPC00190-P - INFO - 
STEP :CHECK ORG is available in Controller NV-WC02-N6-SIN
2020-05-27 12:05:28,529 - CPE26-SIN-DUAL-CPE-DUAL-INTERNET-IPC00190-P - INFO - PASS
2020-05-27 12:05:28,933 - CPE26-SIN-DUAL-CPE-DUAL-INTERNET-IPC00190-P - DEBUG - {u'versanms.sdwan-org-workflow': {u'ikeAuthType': u'psk', u'globalId': 90, u'orgName': u'IPC00190', u'controllers': [u'NV-WC01-N1-HKG', u'NV-WC01-N6-SIN', u'NV-WC02-N1-HKG', u'NV-WC02-N6-SIN'], u'bandwidth': 10, u'parentOrg': u'Colt', u'vrfs': [{u'name': u'LAN1-VRF', u'enableVPN': True, u'id': 1020}, {u'name': u'LAN2-VRF', u'enableVPN': True, u'id': 1021}, {u'name': u'LAN3-VRF', u'enableVPN': True, u'id': 1022}, {u'name': u'LAN4-VRF', u'enableVPN': True, u'id': 1023}, {u'name': u'LAN5-VRF', u'enableVPN': True, u'id': 1024}, {u'name': u'LAN6-VRF', u'enableVPN': True, u'id': 1025}, {u'name': u'LAN7-VRF', u'enableVPN': True, u'id': 1026}, {u'name': u'LAN8-VRF', u'enableVPN': True, u'id': 1027}, {u'name': u'LAN9-VRF', u'enableVPN': True, u'id': 1028}, {u'name': u'LAN10-VRF', u'enableVPN': True, u'id': 1029}], u'solutionTier': u'base-sdwan', u'sharedControlPlane': False}}
2020-05-27 12:05:28,934 - CPE26-SIN-DUAL-CPE-DUAL-INTERNET-IPC00190-P - INFO - 
STEP :CHECK ORG is available in Controller NV-WC02-N1-HKG
2020-05-27 12:05:28,934 - CPE26-SIN-DUAL-CPE-DUAL-INTERNET-IPC00190-P - INFO - PASS
2020-05-27 12:05:28,934 - CPE26-SIN-DUAL-CPE-DUAL-INTERNET-IPC00190-P - INFO - 
STEP :ONBOARD CALL
2020-05-27 12:05:28,951 - CPE26-SIN-DUAL-CPE-DUAL-INTERNET-IPC00190-P - DEBUG - 
sudo /opt/versa/scripts/staging.py -w 2 -c 10.83.130.49 -s 172.16.6.102/30 -g 172.16.6.101 -l IPC00190-CPE26-SIN-DUAL-CPE-DUAL-INTERNET-IPC00190-P@colt.net -lk CPE26-SIN-DUAL-CPE-DUAL-INTERNET-IPC00190-P  -r NV-WC01-N1-HKG@colt.net -rk 1234

2020-05-27 12:05:33,289 - CPE26-SIN-DUAL-CPE-DUAL-INTERNET-IPC00190-P - DEBUG - <netmiko.linux.linux_ssh.LinuxSSH object at 0x000000000D9724A8>
2020-05-27 12:05:33,697 - CPE26-SIN-DUAL-CPE-DUAL-INTERNET-IPC00190-P - DEBUG - [sudo] password for admin: 
2020-05-27 12:05:34,101 - CPE26-SIN-DUAL-CPE-DUAL-INTERNET-IPC00190-P - DEBUG - E26-SIN-DUAL-CPE-DUAL-MPLS-IPC00190-P: ~] $ 
2020-05-27 12:05:34,509 - CPE26-SIN-DUAL-CPE-DUAL-INTERNET-IPC00190-P - DEBUG - exit
2020-05-27 12:05:34,713 - CPE26-SIN-DUAL-CPE-DUAL-INTERNET-IPC00190-P - DEBUG - linux: [admin@CPE26-SIN-DUAL-CPE-DUAL-MPLS-IPC00190-P: ~] $
2020-05-27 12:05:35,118 - CPE26-SIN-DUAL-CPE-DUAL-INTERNET-IPC00190-P - DEBUG - vsh allow-cli
Enter password: 
2020-05-27 12:05:35,520 - CPE26-SIN-DUAL-CPE-DUAL-INTERNET-IPC00190-P - DEBUG - 

CLI now allowed
[admin@CPE26-SIN-DUAL-CPE-DUAL-MPLS-IPC00190-P: ~] $ 
2020-05-27 12:05:35,927 - CPE26-SIN-DUAL-CPE-DUAL-INTERNET-IPC00190-P - DEBUG - cli
Access to this network/system is limited to users authorised by Colt for its legitimate business purposes. Unauthorised access, use, installation of files or modification of any data is prohibited. Use of this system/network will be audited

             .---.,
            (      ``.
       _     \        )    __      ________ _____   _____
      (  `.   \      /     \ \    / /  ____|  __ \ / ____|  /\
       \    `. )    /       \ \  / /| |__  | |__) | (___   /  \
        \     |    /         \ \/ / |  __| |  _  / \___ \ / /\ \
         \    |   /           \  /  | |____| | \ \ ____) / ____ \
          \   |  /             \/   |______|_|  \_\_____/_/    \_\
           \  | /
            \_|/                   _  _ ___ _______      _____  ___ _  _____
                                  | \| | __|_   _\ \    / / _ \| _ \ |/ / __|
                                  | .` | _|  | |  \ \/\/ / (_) |   / ' <\__ \
                                  |_|\_|___| |_|   \_/\_/ \___/|_|_\_|\_\___/



admin connected from 10.91.194.20 using ssh on CPE26-SIN-DUAL-CPE-DUAL-MPLS-IPC00190-P
[?7hadmin@CPE26-SIN-DUAL-CPE-DUAL-MPLS-IPC00190-P-cli> 
2020-05-27 12:05:36,332 - CPE26-SIN-DUAL-CPE-DUAL-INTERNET-IPC00190-P - DEBUG - request erase running-config
Will delete the running config and restart Versa
Services. Are you sure? [no,yes] 
2020-05-27 12:05:46,043 - CPE26-SIN-DUAL-CPE-DUAL-INTERNET-IPC00190-P - DEBUG - yes
status  Erasing config and restarting services 
[ok][2020-05-27 06:37:48]
admin@CPE26-SIN-DUAL-CPE-DUAL-MPLS-IPC00190-P-cli> 
System message at 2020-05-27 06:37:51...
    Subsystem stopped: eventd
admin@CPE26-SIN-DUAL-CPE-DUAL-MPLS-IPC00190-P-cli> 
System message at 2020-05-27 06:37:51...
    Subsystem stopped: acctmgrd
admin@CPE26-SIN-DUAL-CPE-DUAL-MPLS-IPC00190-P-cli> 
System message at 2020-05-27 06:37:51...
    Subsystem stopped: infmgr
admin@CPE26-SIN-DUAL-CPE-DUAL-MPLS-IPC00190-P-cli> 
System message at 2020-05-27 06:37:51...
    Subsystem stopped: router-dcl
admin@CPE26-SIN-DUAL-CPE-DUAL-MPLS-IPC00190-P-cli> 
System message at 2020-05-27 06:37:51...
    Subsystem stopped: snmp-config-transform
admin@CPE26-SIN-DUAL-CPE-DUAL-MPLS-IPC00190-P-cli> 
System message at 2020-05-27 06:37:51...
    Subsystem stopped: snmp-config-hook
admin@CPE26-SIN-DUAL-CPE-DUAL-MPLS-IPC00190-P-cli> 
System message at 2020-05-27 06:37:51...
    Subsystem stopped: rtd-mgmt-thread
admin@CPE26-SIN-DUAL-CPE-DUAL-MPLS-IPC00190-P-cli> 
System message at 2020-05-27 06:37:57...
    Subsystem stopped: versa-vmod
admin@CPE26-SIN-DUAL-CPE-DUAL-MPLS-IPC00190-P-cli> [admin@CPE26-SIN-DUAL-CPE-DUAL-MPLS-IPC00190-P: ~] $ 
2020-05-27 12:05:46,648 - CPE26-SIN-DUAL-CPE-DUAL-INTERNET-IPC00190-P - DEBUG - process not up. Please wait for it to come up
2020-05-27 12:05:47,253 - CPE26-SIN-DUAL-CPE-DUAL-INTERNET-IPC00190-P - DEBUG - vsh status
versa-service          is Stopped           
versa-infmgr           is Stopped           
versa-rfd              is Stopped           
versa-vmod             is Stopped           
versa-ip2user          is Stopped           
versa-imgr             is Stopped           
versa-acctmgrd         is Stopped           
versa-fltrmgr          is Stopped           
versa-vstated          is Stopped           
versa-spack            is Stopped           
versa-addrmgrd         is Stopped           
versa-rt-cli-xfm       is Stopped           
versa-rtd              is Stopped           
versa-dhcpd            is Stopped           
versa-eventd           is Stopped           
versa-vrrpd            is Stopped           
versa-dnsd             is Stopped           
versa-ppmd             is Stopped           
versa-snmp-xform       is Stopped           
versa-certd            is Stopped           
versa-ntpd             is Stopped           
versa-dhclient6        is Stopped           
versa-redis            is Stopped           
versa-av-redis         is Stopped           
versa-spackmgr         is Stopped           
versa-devmgr           is Stopped           
versa-monit            is Stopped           
versa-confd            is Running,          [-] process 1561
versa-fail2ban         is Stopped           
versa-auditd           is Stopped           
versa-nodejs           is Stopped           
[admin@CPE26-SIN-DUAL-CPE-DUAL-MPLS-IPC00190-P: ~] $ 
2020-05-27 12:05:57,256 - CPE26-SIN-DUAL-CPE-DUAL-INTERNET-IPC00190-P - DEBUG - process not up. Please wait for it to come up
2020-05-27 12:05:57,864 - CPE26-SIN-DUAL-CPE-DUAL-INTERNET-IPC00190-P - DEBUG - vsh status
versa-service          is Stopped           
versa-infmgr           is Stopped           
versa-rfd              is Stopped           
versa-vmod             is Stopped           
versa-ip2user          is Stopped           
versa-imgr             is Stopped           
versa-acctmgrd         is Stopped           
versa-fltrmgr          is Stopped           
versa-vstated          is Stopped           
versa-spack            is Stopped           
versa-addrmgrd         is Stopped           
versa-rt-cli-xfm       is Stopped           
versa-rtd              is Stopped           
versa-dhcpd            is Stopped           
versa-eventd           is Stopped           
versa-vrrpd            is Stopped           
versa-dnsd             is Stopped           
versa-ppmd             is Stopped           
versa-snmp-xform       is Stopped           
versa-certd            is Stopped           
versa-ntpd             is Stopped           
versa-dhclient6        is Stopped           
versa-redis            is Stopped           
versa-av-redis         is Stopped           
versa-spackmgr         is Stopped           
versa-devmgr           is Stopped           
versa-monit            is Stopped           
versa-confd            is Stopped           
versa-fail2ban         is Stopped           
versa-auditd           is Running,          [*] process 18282
versa-nodejs           is Stopped           
[admin@CPE26-SIN-DUAL-CPE-DUAL-MPLS-IPC00190-P: ~] $ 
2020-05-27 12:06:07,868 - CPE26-SIN-DUAL-CPE-DUAL-INTERNET-IPC00190-P - DEBUG - process not up. Please wait for it to come up
2020-05-27 12:06:08,678 - CPE26-SIN-DUAL-CPE-DUAL-INTERNET-IPC00190-P - DEBUG - vsh status

~~~~~~~~~~~~~~~~~~~~~~~~~~~~~~~~~~~~~~~~~~~~~~~~~~~~~~~~~~~~~~~~~

Netconf traffic yet to be allowed 

~~~~~~~~~~~~~~~~~~~~~~~~~~~~~~~~~~~~~~~~~~~~~~~~~~~~~~~~~~~~~~~~~

versa-service          is Running,          [*] process 19107
versa-infmgr           is Running,          [-] process 18951
versa-rfd              is Stopped           
versa-vmod             is Stopped           
versa-ip2user          is Stopped           
versa-imgr             is Stopped           
versa-acctmgrd         is Stopped           
versa-fltrmgr          is Running,          [-] process 18957
versa-vstated          is Running,          [-] process 18953
versa-spack            is Stopped           
versa-addrmgrd         is Stopped           
versa-rt-cli-xfm       is Stopped           
versa-rtd              is Stopped           
versa-dhcpd            is Running,          [-] process 18963
versa-eventd           is Stopped           
versa-vrrpd            is Running,          [-] process 18955
versa-dnsd             is Running,          [-] process 18966
versa-ppmd             is Stopped           
versa-snmp-xform       is Stopped           
versa-certd            is Stopped           
versa-ntpd             is Running,          [*] process 18938
versa-dhclient6        is Stopped           
versa-redis            is Running,          [-] process 18717
versa-av-redis         is Running,          [-] process 18718
versa-spackmgr         is Stopped           
versa-devmgr           is Stopped           
versa-monit            is Stopped           
versa-confd            is Running,          [*] process 18680
versa-fail2ban         is Stopped           
versa-auditd           is Running,          [*] process 18282
versa-nodejs           is Stopped           
[admin@CPE26-SIN-DUAL-CPE-DUAL-MPLS-IPC00190-P: ~] $ 
2020-05-27 12:06:18,683 - CPE26-SIN-DUAL-CPE-DUAL-INTERNET-IPC00190-P - DEBUG - process not up. Please wait for it to come up
2020-05-27 12:06:19,898 - CPE26-SIN-DUAL-CPE-DUAL-INTERNET-IPC00190-P - DEBUG - vsh status

~~~~~~~~~~~~~~~~~~~~~~~~~~~~~~~~~~~~~~~~~~~~~~~~~~~~~~~~~~~~~~~~~

Netconf traffic yet to be allowed 

~~~~~~~~~~~~~~~~~~~~~~~~~~~~~~~~~~~~~~~~~~~~~~~~~~~~~~~~~~~~~~~~~

versa-service          is Running,          [*] process 19107
versa-infmgr           is Running,          [-] process 18951
versa-rfd              is Running,          [-] process 19469
versa-vmod             is Running,          [-] process 19464
versa-ip2user          is Running,          [-] process 19475
versa-imgr             is Running,          [-] process 19511
versa-acctmgrd         is Running,          [-] process 19458
versa-fltrmgr          is Running,          [-] process 18957
versa-vstated          is Running,          [-] process 18953
versa-spack            is Running,          [-] process 19745
versa-addrmgrd         is Running,          [-] process 19477
versa-rt-cli-xfm       is Running,          [-] process 19427
versa-rtd              is Running,          [-] process 19453
versa-dhcpd            is Running,          [-] process 18963
versa-eventd           is Running,          [-] process 19460
versa-vrrpd            is Running,          [-] process 18955
versa-dnsd             is Running,          [-] process 18966
versa-ppmd             is Running,          [-] process 19418
versa-snmp-xform       is Running,          [-] process 19434
versa-certd            is Running,          [-] process 19489
versa-ntpd             is Running,          [*] process 18938
versa-dhclient6        is Running,          [-] process 19437
versa-redis            is Running,          [-] process 18717
versa-av-redis         is Running,          [-] process 18718
versa-spackmgr         is Running,          [-] process 19455
versa-devmgr           is Running,          [-] process 19632
versa-monit            is Running,          [*] process 19608
versa-confd            is Running,          [*] process 18680
versa-fail2ban         is Running,          [*] process 19651
versa-auditd           is Running,          [*] process 18282
versa-nodejs           is Running,          [-] process 19366
[admin@CPE26-SIN-DUAL-CPE-DUAL-MPLS-IPC00190-P: ~] $ 
2020-05-27 12:06:29,901 - CPE26-SIN-DUAL-CPE-DUAL-INTERNET-IPC00190-P - DEBUG - process not up. Please wait for it to come up
2020-05-27 12:06:31,522 - CPE26-SIN-DUAL-CPE-DUAL-INTERNET-IPC00190-P - DEBUG - vsh status
versa-service          is Running,          [*] process 19107
versa-infmgr           is Running,          [-] process 18951
versa-rfd              is Running,          [-] process 19469
versa-vmod             is Running,          [-] process 19464
versa-ip2user          is Running,          [-] process 19475
versa-imgr             is Running,          [-] process 19511
versa-acctmgrd         is Running,          [-] process 19458
versa-fltrmgr          is Running,          [-] process 18957
versa-vstated          is Running,          [-] process 18953
versa-spack            is Running,          [-] process 19745
versa-addrmgrd         is Running,          [-] process 19477
versa-rt-cli-xfm       is Running,          [-] process 19427
versa-rtd              is Running,          [-] process 19453
versa-dhcpd            is Running,          [-] process 18963
versa-eventd           is Running,          [-] process 19460
versa-vrrpd            is Running,          [-] process 18955
versa-dnsd             is Running,          [-] process 18966
versa-ppmd             is Running,          [-] process 19418
versa-snmp-xform       is Running,          [-] process 19434
versa-certd            is Running,          [-] process 19489
versa-ntpd             is Running,          [*] process 18938
versa-dhclient6        is Running,          [-] process 19437
versa-redis            is Running,          [-] process 20491
versa-av-redis         is Running,          [-] process 18718
versa-spackmgr         is Running,          [-] process 19455
versa-devmgr           is Running,          [-] process 19632
versa-monit            is Running,          [*] process 19608
versa-confd            is Running,          [*] process 18680
versa-fail2ban         is Running,          [*] process 19651
versa-auditd           is Running,          [*] process 18282
versa-nodejs           is Running,          [-] process 19366
[admin@CPE26-SIN-DUAL-CPE-DUAL-MPLS-IPC00190-P: ~] $ 
2020-05-27 12:06:41,523 - CPE26-SIN-DUAL-CPE-DUAL-INTERNET-IPC00190-P - DEBUG - After breaking while
2020-05-27 12:06:42,536 - CPE26-SIN-DUAL-CPE-DUAL-INTERNET-IPC00190-P - DEBUG - versa-service          is Running,          [*] process 19107
versa-infmgr           is Running,          [-] process 18951
versa-rfd              is Running,          [-] process 19469
versa-vmod             is Running,          [-] process 19464
versa-ip2user          is Running,          [-] process 19475
versa-imgr             is Running,          [-] process 19511
versa-acctmgrd         is Running,          [-] process 19458
versa-fltrmgr          is Running,          [-] process 18957
versa-vstated          is Running,          [-] process 18953
versa-spack            is Running,          [-] process 19745
versa-addrmgrd         is Running,          [-] process 19477
versa-rt-cli-xfm       is Running,          [-] process 19427
versa-rtd              is Running,          [-] process 19453
versa-dhcpd            is Running,          [-] process 18963
versa-eventd           is Running,          [-] process 19460
versa-vrrpd            is Running,          [-] process 18955
versa-dnsd             is Running,          [-] process 18966
versa-ppmd             is Running,          [-] process 19418
versa-snmp-xform       is Running,          [-] process 19434
versa-certd            is Running,          [-] process 19489
versa-ntpd             is Running,          [*] process 18938
versa-dhclient6        is Running,          [-] process 19437
versa-redis            is Running,          [-] process 20491
versa-av-redis         is Running,          [-] process 18718
versa-spackmgr         is Running,          [-] process 19455
versa-devmgr           is Running,          [-] process 19632
versa-monit            is Running,          [*] process 19608
versa-confd            is Running,          [*] process 18680
versa-fail2ban         is Running,          [*] process 19651
versa-auditd           is Running,          [*] process 18282
versa-nodejs           is Running,          [-] process 19366
2020-05-27 12:06:42,943 - CPE26-SIN-DUAL-CPE-DUAL-INTERNET-IPC00190-P - DEBUG - CPE26may8
2020-05-27 12:06:43,345 - CPE26-SIN-DUAL-CPE-DUAL-INTERNET-IPC00190-P - DEBUG - 2
CPE26may22
2020-05-27 12:06:43,752 - CPE26-SIN-DUAL-CPE-DUAL-INTERNET-IPC00190-P - DEBUG - CPE26may22
2020-05-27 12:06:44,155 - CPE26-SIN-DUAL-CPE-DUAL-INTERNET-IPC00190-P - DEBUG - INT 
ERNET-IPC00190-P  -r NV-WC01-N1-HKG@colt.net -rk 1234

2020-05-27 12:07:05,410 - CPE26-SIN-DUAL-CPE-DUAL-INTERNET-IPC00190-P - INFO - checking device info in VD.
2020-05-27 12:07:05,410 - CPE26-SIN-DUAL-CPE-DUAL-INTERNET-IPC00190-P - INFO - sleeping 60 secs
2020-05-27 12:08:06,520 - CPE26-SIN-DUAL-CPE-DUAL-INTERNET-IPC00190-P - INFO - checking device info in VD.
2020-05-27 12:08:06,520 - CPE26-SIN-DUAL-CPE-DUAL-INTERNET-IPC00190-P - INFO - sleeping 60 secs
