2019-02-11 16:01:21,381 - VD1 - INFO - ORG NAME:BRIT
2019-02-11 16:01:26,128 - VD1 - DEBUG - {
  "versanms.sdwan-org-workflow": {
    "orgName": "BRIT",
    "globalId": "139",
    "parentOrg": "Colt",
    "ikeAuthType": "psk",
    "sharedControlPlane": false,
    "controllers": ["NV-WC01-N2-BLR", "NV-WC02-N4-MUM", "NV-WC01-N5-LON", "NV-WC02-N5-LON"],
    "vrfs": [{ "name": "LAN1-VRF", "id": "1510", "enableVPN": "true", "tooltip": "" },{ "name": "LAN2-VRF", "id": "1511", "enableVPN": "true", "tooltip": "" },{ "name": "LAN3-VRF", "id": "1512", "enableVPN": "true", "tooltip": "" }],
    "supportedRoles": []
  }
}
2019-02-11 16:01:26,664 - VD1 - INFO - <Response [200]>
2019-02-11 16:01:26,664 - VD1 - INFO - PASS
2019-02-11 16:01:36,810 - VD1 - INFO - 15065
2019-02-11 16:02:07,576 - VD1 - INFO - FAILED : Network Element Driver: device NV-WC02-N5-LON: out of sync
2019-02-11 16:02:07,576 - VD1 - INFO - 
********************
RESULT:
ORG DEPLOYMENT : FAILED : Network Element Driver: device NV-WC02-N5-LON: out of sync

********************

