2019-08-29 13:08:21,088 - CPE26-HKG-HYBRID-PRIM-IPC00190 - INFO - CPE NAME:CPE26-HKG-HYBRID-PRIM-IPC00190
2019-08-29 13:08:22,088 - CPE26-HKG-HYBRID-PRIM-IPC00190 - INFO - SOLUTION SELECTED:DUAL-CPE-HYBRID
2019-08-29 13:08:23,299 - CPE26-HKG-HYBRID-PRIM-IPC00190 - INFO - {u'versanms.sdwan-org-workflow': {u'ikeAuthType': u'psk', u'globalId': 90, u'orgName': u'IPC00190', u'controllers': [u'NV-WC01-N1-HKG', u'NV-WC01-N6-SIN', u'NV-WC02-N1-HKG', u'NV-WC02-N6-SIN'], u'bandwidth': 10, u'parentOrg': u'Colt', u'vrfs': [{u'name': u'LAN1-VRF', u'enableVPN': True, u'id': 1020}, {u'name': u'LAN2-VRF', u'enableVPN': True, u'id': 1021}, {u'name': u'LAN3-VRF', u'enableVPN': True, u'id': 1022}, {u'name': u'LAN4-VRF', u'enableVPN': True, u'id': 1023}, {u'name': u'LAN5-VRF', u'enableVPN': True, u'id': 1024}, {u'name': u'LAN6-VRF', u'enableVPN': True, u'id': 1025}, {u'name': u'LAN7-VRF', u'enableVPN': True, u'id': 1026}, {u'name': u'LAN8-VRF', u'enableVPN': True, u'id': 1027}, {u'name': u'LAN9-VRF', u'enableVPN': True, u'id': 1028}, {u'name': u'LAN10-VRF', u'enableVPN': True, u'id': 1029}], u'solutionTier': u'base-sdwan', u'sharedControlPlane': False}}
2019-08-29 13:08:23,607 - CPE26-HKG-HYBRID-PRIM-IPC00190 - INFO - {u'versanms.sdwan-org-workflow': {u'ikeAuthType': u'psk', u'globalId': 90, u'orgName': u'IPC00190', u'controllers': [u'NV-WC01-N1-HKG', u'NV-WC01-N6-SIN', u'NV-WC02-N1-HKG', u'NV-WC02-N6-SIN'], u'bandwidth': 10, u'parentOrg': u'Colt', u'vrfs': [{u'name': u'LAN1-VRF', u'enableVPN': True, u'id': 1020}, {u'name': u'LAN2-VRF', u'enableVPN': True, u'id': 1021}, {u'name': u'LAN3-VRF', u'enableVPN': True, u'id': 1022}, {u'name': u'LAN4-VRF', u'enableVPN': True, u'id': 1023}, {u'name': u'LAN5-VRF', u'enableVPN': True, u'id': 1024}, {u'name': u'LAN6-VRF', u'enableVPN': True, u'id': 1025}, {u'name': u'LAN7-VRF', u'enableVPN': True, u'id': 1026}, {u'name': u'LAN8-VRF', u'enableVPN': True, u'id': 1027}, {u'name': u'LAN9-VRF', u'enableVPN': True, u'id': 1028}, {u'name': u'LAN10-VRF', u'enableVPN': True, u'id': 1029}], u'solutionTier': u'base-sdwan', u'sharedControlPlane': False}}
2019-08-29 13:08:23,947 - CPE26-HKG-HYBRID-PRIM-IPC00190 - INFO - {u'versanms.sdwan-org-workflow': {u'ikeAuthType': u'psk', u'globalId': 90, u'orgName': u'IPC00190', u'controllers': [u'NV-WC01-N1-HKG', u'NV-WC01-N6-SIN', u'NV-WC02-N1-HKG', u'NV-WC02-N6-SIN'], u'bandwidth': 10, u'parentOrg': u'Colt', u'vrfs': [{u'name': u'LAN1-VRF', u'enableVPN': True, u'id': 1020}, {u'name': u'LAN2-VRF', u'enableVPN': True, u'id': 1021}, {u'name': u'LAN3-VRF', u'enableVPN': True, u'id': 1022}, {u'name': u'LAN4-VRF', u'enableVPN': True, u'id': 1023}, {u'name': u'LAN5-VRF', u'enableVPN': True, u'id': 1024}, {u'name': u'LAN6-VRF', u'enableVPN': True, u'id': 1025}, {u'name': u'LAN7-VRF', u'enableVPN': True, u'id': 1026}, {u'name': u'LAN8-VRF', u'enableVPN': True, u'id': 1027}, {u'name': u'LAN9-VRF', u'enableVPN': True, u'id': 1028}, {u'name': u'LAN10-VRF', u'enableVPN': True, u'id': 1029}], u'solutionTier': u'base-sdwan', u'sharedControlPlane': False}}
2019-08-29 13:08:23,947 - CPE26-HKG-HYBRID-PRIM-IPC00190 - INFO - 
STEP : CONFIG VRRP TRACK ROUTE & QOS RULE MATCH WAN in Secondary CPE

2019-08-29 13:08:38,444 - CPE26-HKG-HYBRID-PRIM-IPC00190 - INFO - configure private
Entering configuration mode private
[ok][2019-08-29 07:22:37]

[edit]
Automated@VDir-BLR-NEW-01% 
2019-08-29 13:08:40,644 - CPE26-HKG-HYBRID-PRIM-IPC00190 - INFO - True
2019-08-29 13:08:41,046 - CPE26-HKG-HYBRID-PRIM-IPC00190 - INFO - 

[edit]
Automated@VDir-BLR-NEW-01% 
2019-08-29 13:08:41,448 - CPE26-HKG-HYBRID-PRIM-IPC00190 - INFO - 

[edit]
Automated@VDir-BLR-NEW-01% 
2019-08-29 13:08:41,851 - CPE26-HKG-HYBRID-PRIM-IPC00190 - INFO - 

[edit]
Automated@VDir-BLR-NEW-01% 
2019-08-29 13:08:42,267 - CPE26-HKG-HYBRID-PRIM-IPC00190 - INFO - 

[edit]
Automated@VDir-BLR-NEW-01% 
2019-08-29 13:08:42,668 - CPE26-HKG-HYBRID-PRIM-IPC00190 - INFO - 

[edit]
Automated@VDir-BLR-NEW-01% 
2019-08-29 13:08:43,671 - CPE26-HKG-HYBRID-PRIM-IPC00190 - INFO - set devices device CPE26-HKG-HYBRID-PRIM-IPC00190 config interfaces vni-0/4 unit 750 family inet address 192.170.1.2/24 vrrp-group 1  priority 105
[ok][2019-08-29 07:22:44]

[edit]
Automated@VDir-BLR-NEW-01% 
2019-08-29 13:08:44,875 - CPE26-HKG-HYBRID-PRIM-IPC00190 - INFO - set devices device CPE26-HKG-HYBRID-PRIM-IPC00190 config interfaces vni-0/4 unit 750 family inet address 192.170.1.2/24 vrrp-group 1  track route 10.91.113.58/32 routing-instance IPC00190-Control-VR
[ok][2019-08-29 07:22:45]

[edit]
Automated@VDir-BLR-NEW-01% 
2019-08-29 13:08:45,676 - CPE26-HKG-HYBRID-PRIM-IPC00190 - INFO - set devices device CPE26-HKG-HYBRID-PRIM-IPC00190 config interfaces vni-0/4 unit 750 family inet address 192.170.1.2/24 vrrp-group 1  track route 10.91.113.58/32 priority-cost 10
[ok][2019-08-29 07:22:46]

[edit]
Automated@VDir-BLR-NEW-01% 
2019-08-29 13:08:46,076 - CPE26-HKG-HYBRID-PRIM-IPC00190 - INFO - 

[edit]
Automated@VDir-BLR-NEW-01% 
2019-08-29 13:08:47,279 - CPE26-HKG-HYBRID-PRIM-IPC00190 - INFO - commit and-quit
Commit complete.
[ok][2019-08-29 07:22:48]
Automated@VDir-BLR-NEW-01> 
2019-08-29 13:08:47,391 - CPE26-HKG-HYBRID-PRIM-IPC00190 - INFO - 
 >>>>>>>>>> CONFIG VRRP TRACK ROUTE & QOS RULE MATCH WAN in Secondary is PASSED. <<<<<<<<<<<

2019-08-29 13:08:47,391 - CPE26-HKG-HYBRID-PRIM-IPC00190 - INFO - CPE ONBOARDINIG SCRIPT COMPLETED
2019-08-29 13:08:47,392 - CPE26-HKG-HYBRID-PRIM-IPC00190 - INFO - Time elapsed: 0:00:29.009000

