2019-02-08 17:44:43,223 - VD1 - INFO - ORG NAME:ALCATEL1
2019-02-08 17:44:49,560 - VD1 - DEBUG - {
  "versanms.sdwan-org-workflow": {
    "orgName": "ALCATEL1",
    "globalId": "131",
    "parentOrg": "Colt",
    "ikeAuthType": "psk",
    "sharedControlPlane": false,
    "controllers": ["NV-WC01-N2-BLR", "NV-WC02-N4-MUM", "NV-WC02-N2-BLR"],
    "vrfs": [{ "name": "LAN1-VRF", "id": "1430", "enableVPN": "true", "tooltip": "" },{ "name": "LAN2-VRF", "id": "1431", "enableVPN": "true", "tooltip": "" },{ "name": "LAN3-VRF", "id": "1432", "enableVPN": "true", "tooltip": "" },{ "name": "LAN4-VRF", "id": "1433", "enableVPN": "true", "tooltip": "" },{ "name": "LAN5-VRF", "id": "1434", "enableVPN": "true", "tooltip": "" },{ "name": "LAN6-VRF", "id": "1435", "enableVPN": "true", "tooltip": "" },{ "name": "LAN7-VRF", "id": "1436", "enableVPN": "true", "tooltip": "" },{ "name": "LAN8-VRF", "id": "1437", "enableVPN": "true", "tooltip": "" },{ "name": "LAN9-VRF", "id": "1438", "enableVPN": "true", "tooltip": "" },{ "name": "LAN10-VRF", "id": "1439", "enableVPN": "true", "tooltip": "" }],
    "supportedRoles": []
  }
}
2019-02-08 17:45:05,414 - VD1 - INFO - <Response [500]>
2019-02-08 17:45:05,415 - VD1 - INFO - {"error":{"http_status_code":500,"code":0,"message":" Global Id: 131 is already configured.","more_info":"http://nms.versa.com/errors/null"}}
2019-02-08 17:45:05,415 - VD1 - INFO - FAIL : {"error":{"http_status_code":500,"code":0,"message":" Global Id: 131 is already configured.","more_info":"http://nms.versa.com/errors/null"}}
2019-02-08 17:45:05,415 - VD1 - INFO - 
********************
RESULT:
ORG DEPLOYMENT : FAIL : {"error":{"http_status_code":500,"code":0,"message":" Global Id: 131 is already configured.","more_info":"http://nms.versa.com/errors/null"}}

********************

