2019-02-26 16:10:41,882 - CPE2 - INFO - CPE NAME:CPE2-MUM
2019-02-26 16:10:41,952 - CPE2 - INFO - sudo /opt/versa/scripts/staging.py -w 1 -c 10.83.153.225 -s 172.16.7.6/30 -g 172.16.7.5 -l IPC00012-CPE2@colt.net  -r NV-WC02-N4-MUM@colt.net -rk NV-WC01-N4-MUM
2019-02-26 16:10:41,952 - CPE2 - INFO - {
	"versanms.sdwan-device-workflow": {
		"deviceName": "CPE2-MUM",
		"siteId": "1632",
		"orgName": "IPC00012",
		"serialNumber": "CPE2MUMKSA1811011",
		"deviceGroup": "IPC00012-MUM-PS-HS-LIB-DG",
		"locationInfo": {
			"state": "karnataka",
			"country": "india",
			"longitude": "77.594563",
			"latitude": "12.971599",
			"city": "bangalore"
		},
		"postStagingTemplateInfo": {
			"templateName": "IPC00012-MUM-PS-HS-LIB",
			"templateData": {
				"device-template-variable": {
					"template": "IPC00012-MUM-PS-HS-LIB",
					"variable-binding": {
						"attrs": [{
							"name": "{$v_INT-WAN_IPv4__staticaddress}",
							"value": "172.16.6.6/30",
							"isAutogeneratable": false
						},
						
						    
						    
						{ "name": "{$v_vni-0-4_LAN1_Unit-0__unit}", "value": "510", "isAutogeneratable": false},
						{ "name": "{$v_vni-0-4_LAN1_Unit-0__vlanId}", "value": "510", "isAutogeneratable": false },
						
						    
						    
						{ "name": "{$v_vni-0-4_LAN2_Unit-1__unit}", "value": "511", "isAutogeneratable": false},
						{ "name": "{$v_vni-0-4_LAN2_Unit-1__vlanId}", "value": "511", "isAutogeneratable": false },
						
						    
						    
						{ "name": "{$v_vni-0-4_LAN3_Unit-2__unit}", "value": "512", "isAutogeneratable": false},
						{ "name": "{$v_vni-0-4_LAN3_Unit-2__vlanId}", "value": "512", "isAutogeneratable": false },
						
						    
						    
						{ "name": "{$v_vni-0-4_LAN4_Unit-3__unit}", "value": "513", "isAutogeneratable": false},
						{ "name": "{$v_vni-0-4_LAN4_Unit-3__vlanId}", "value": "513", "isAutogeneratable": false },
						
						    
						    
						{ "name": "{$v_vni-0-4_LAN5_Unit-4__unit}", "value": "514", "isAutogeneratable": false},
						{ "name": "{$v_vni-0-4_LAN5_Unit-4__vlanId}", "value": "514", "isAutogeneratable": false },
						
						    
						    
						{ "name": "{$v_vni-0-4_LAN6_Unit-5__unit}", "value": "515", "isAutogeneratable": false},
						{ "name": "{$v_vni-0-4_LAN6_Unit-5__vlanId}", "value": "515", "isAutogeneratable": false },
						
						    
						    
						{ "name": "{$v_vni-0-4_LAN7_Unit-6__unit}", "value": "516", "isAutogeneratable": false},
						{ "name": "{$v_vni-0-4_LAN7_Unit-6__vlanId}", "value": "516", "isAutogeneratable": false },
						
						    
						    
						{ "name": "{$v_vni-0-4_LAN8_Unit-7__unit}", "value": "517", "isAutogeneratable": false},
						{ "name": "{$v_vni-0-4_LAN8_Unit-7__vlanId}", "value": "517", "isAutogeneratable": false },
						
						    
						    
						{ "name": "{$v_vni-0-4_LAN9_Unit-8__unit}", "value": "518", "isAutogeneratable": false},
						{ "name": "{$v_vni-0-4_LAN9_Unit-8__vlanId}", "value": "518", "isAutogeneratable": false },
						
						    
						    
						{ "name": "{$v_vni-0-4_LAN10_Unit-9__unit}", "value": "519", "isAutogeneratable": false},
						{ "name": "{$v_vni-0-4_LAN10_Unit-9__vlanId}", "value": "519", "isAutogeneratable": false },
						
						    
						    
						{ "name": "{$v_vni-0-4_LAN11_Unit-10__unit}", "value": "520", "isAutogeneratable": false},
						{ "name": "{$v_vni-0-4_LAN11_Unit-10__vlanId}", "value": "520", "isAutogeneratable": false },
						
						{
							"name": "{$v_IPC00012-Control-VR_16_Router_ID__vrRouteId}",
							"value": "20.20.16.2",
							"isAutogeneratable": true,
							"isOverwritten": false
						}, {
							"name": "{$v_IPC00012_NV-WC01-N4-MUM_Local_auth_email_key__IKELKey}",
							"value": "1234",
							"isAutogeneratable": true
						}, {
							"name": "{$v_IPC00012_NV-WC02-N4-MUM_Local_auth_email_key__IKELKey}",
							"value": "1234",
							"isAutogeneratable": true
						},
						
						
						
						{ "name": "{$v_LAN1_IPv4__staticaddress}", "value": "192.169.11.1/24", "isAutogeneratable": false},
						
						
						
						{ "name": "{$v_LAN2_IPv4__staticaddress}", "value": "192.169.12.1/24", "isAutogeneratable": false},
						
						
						
						{ "name": "{$v_LAN3_IPv4__staticaddress}", "value": "192.169.13.1/24", "isAutogeneratable": false},
						
						
						
						{ "name": "{$v_LAN4_IPv4__staticaddress}", "value": "192.169.14.1/24", "isAutogeneratable": false},
						
						
						
						{ "name": "{$v_LAN5_IPv4__staticaddress}", "value": "192.169.15.1/24", "isAutogeneratable": false},
						
						
						
						{ "name": "{$v_LAN6_IPv4__staticaddress}", "value": "192.169.16.1/24", "isAutogeneratable": false},
						
						
						
						{ "name": "{$v_LAN7_IPv4__staticaddress}", "value": "192.169.17.1/24", "isAutogeneratable": false},
						
						
						
						{ "name": "{$v_LAN8_IPv4__staticaddress}", "value": "192.169.18.1/24", "isAutogeneratable": false},
						
						
						
						{ "name": "{$v_LAN9_IPv4__staticaddress}", "value": "192.169.19.1/24", "isAutogeneratable": false},
						
						
						
						{ "name": "{$v_LAN10_IPv4__staticaddress}", "value": "192.169.20.1/24", "isAutogeneratable": false},
						
						{
							"name": "{$v_IPC00012_NV-WC02-N4-MUM_Local_auth_email_identifier__IKELIdentifier}",
							"value": "IPC00012-CPE2@colt.net",
							"isAutogeneratable": true
						}, {
							"name": "{$v_Site_Id__siteSiteID}",
							"value": "1632",
							"isAutogeneratable": true
						}, {
							"name": "{$v_IPC00012_NV-WC01-N4-MUM_Local_auth_email_identifier__IKELIdentifier}",
							"value": "IPC00012-CPE2@colt.net",
							"isAutogeneratable": true
						}, {
							"name": "{$v_IPC00012_Site_Name__sitesSiteName}",
							"value": "CPE2-MUM",
							"isAutogeneratable": true
						}, {
							"name": "{$v_latitude__IdLatitude}",
							"value": "12.971599",
							"isAutogeneratable": true
						}, {
							"name": "{$v_identification__IdName}",
							"value": "CPE2-MUM",
							"isAutogeneratable": true
						}, {
							"name": "{$v_INT-WAN-Transport-VR_IPv4__vrHopAddress}",
							"value": "172.16.6.5",
							"isAutogeneratable": false
						},	{
						    "name": "{$v_tvi-0-32_-_Unit_0_Static_address__tunnelStaticAddress}",
							"value": "10.10.16.2/32",
							"isAutogeneratable": true,
							"isOverwritten": false
						}, {
							"name": "{$v_Chassis_Id__sitesChassisId}",
							"value": "CPE2MUMKSA1811011",
							"isAutogeneratable": true
						}, {
							"name": "{$v_longitude__Idlongitude}",
							"value": "77.594563",
							"isAutogeneratable": true
						}, {
							"name": "{$v_location__IdLocation}",
							"value": "bangalore,karnataka, india",
							"isAutogeneratable": true
						}, {
							"name": "{$v_IPC00012-Control-VR_16_Local_address__vrRouterAddress}",
							"value": "20.20.16.2",
							"isAutogeneratable": true,
							"isOverwritten": false
						}, {
							"name": "{$v_MPLS-WAN-Transport-VR_IPv4__vrHopAddress}",
							"value": "172.16.7.5",
							"isAutogeneratable": false
						}, {
							"name": "{$v_MPLS-WAN_IPv4__staticaddress}",
							"value": "172.16.7.6/30",
							"isAutogeneratable": false
						}, {
							"name": "{$v_tvi-0-33_-_Unit_0_Static_address__tunnelStaticAddress}",
							"value": "20.20.16.2/32",
							"isAutogeneratable": true,
							"isOverwritten": false
						}]
					}
				},
				"variableMetadata": [{
					"variable": "{$v_INT-WAN_IPv4__staticaddress}",
					"group": "Interfaces",
					"overlay": false,
					"type": "IPV4_MASK"
				},
                
                
                
				{"variable": "{$v_vni-0-4_LAN1_Unit-0__vlanId}", "group": "Vlan Info", "overlay": false, "type": "INTEGER"},
                
                
                
				{"variable": "{$v_vni-0-4_LAN2_Unit-1__vlanId}", "group": "Vlan Info", "overlay": false, "type": "INTEGER"},
                
                
                
				{"variable": "{$v_vni-0-4_LAN3_Unit-2__vlanId}", "group": "Vlan Info", "overlay": false, "type": "INTEGER"},
                
                
                
				{"variable": "{$v_vni-0-4_LAN4_Unit-3__vlanId}", "group": "Vlan Info", "overlay": false, "type": "INTEGER"},
                
                
                
				{"variable": "{$v_vni-0-4_LAN5_Unit-4__vlanId}", "group": "Vlan Info", "overlay": false, "type": "INTEGER"},
                
                
                
				{"variable": "{$v_vni-0-4_LAN6_Unit-5__vlanId}", "group": "Vlan Info", "overlay": false, "type": "INTEGER"},
                
                
                
				{"variable": "{$v_vni-0-4_LAN7_Unit-6__vlanId}", "group": "Vlan Info", "overlay": false, "type": "INTEGER"},
                
                
                
				{"variable": "{$v_vni-0-4_LAN8_Unit-7__vlanId}", "group": "Vlan Info", "overlay": false, "type": "INTEGER"},
                
                
                
				{"variable": "{$v_vni-0-4_LAN9_Unit-8__vlanId}", "group": "Vlan Info", "overlay": false, "type": "INTEGER"},
                
                
                
				{"variable": "{$v_vni-0-4_LAN10_Unit-9__vlanId}", "group": "Vlan Info", "overlay": false, "type": "INTEGER"},
                
                
                
				{"variable": "{$v_vni-0-4_LAN11_Unit-10__vlanId}", "group": "Vlan Info", "overlay": false, "type": "INTEGER"},
                
				{
					"variable": "{$v_IPC00012-Control-VR_16_Router_ID__vrRouteId}",
					"group": "Virtual Routers",
					"overlay": true,
					"type": "IPV4"
				}, {
					"variable": "{$v_IPC00012_NV-WC01-N4-MUM_Local_auth_email_key__IKELKey}",
					"group": "IPSEC",
					"overlay": false
				}, {
					"variable": "{$v_IPC00012_NV-WC02-N4-MUM_Local_auth_email_key__IKELKey}",
					"group": "IPSEC",
					"overlay": false
				}, {
					"variable": "{$v_LAN10_IPv4__staticaddress}",
					"group": "Interfaces",
					"overlay": false,
					"type": "IPV4_MASK"
				}, {
					"variable": "{$v_LAN9_IPv4__staticaddress}",
					"group": "Interfaces",
					"overlay": false,
					"type": "IPV4_MASK"
				}, {
					"variable": "{$v_LAN5_IPv4__staticaddress}",
					"group": "Interfaces",
					"overlay": false,
					"type": "IPV4_MASK"
				}, {
					"variable": "{$v_LAN1_IPv4__staticaddress}",
					"group": "Interfaces",
					"overlay": false,
					"type": "IPV4_MASK"
				}, {
					"variable": "{$v_LAN7_IPv4__staticaddress}",
					"group": "Interfaces",
					"overlay": false,
					"type": "IPV4_MASK"
				}, {
					"variable": "{$v_IPC00012_NV-WC02-N4-MUM_Local_auth_email_identifier__IKELIdentifier}",
					"group": "IPSEC",
					"overlay": false
				}, {
					"variable": "{$v_vni-0-4_LAN10_Unit-9__unit}",
					"group": "Vlan Info",
					"overlay": false,
					"type": "INTEGER"
				}, {
					"variable": "{$v_Site_Id__siteSiteID}",
					"group": "SDWAN",
					"overlay": false
				}, {
					"variable": "{$v_LAN6_IPv4__staticaddress}",
					"group": "Interfaces",
					"overlay": false,
					"type": "IPV4_MASK"
				}, {
					"variable": "{$v_IPC00012_NV-WC01-N4-MUM_Local_auth_email_identifier__IKELIdentifier}",
					"group": "IPSEC",
					"overlay": false
				}, {
					"variable": "{$v_LAN2_IPv4__staticaddress}",
					"group": "Interfaces",
					"overlay": false,
					"type": "IPV4_MASK"
				}, {
					"variable": "{$v_LAN4_IPv4__staticaddress}",
					"group": "Interfaces",
					"overlay": false,
					"type": "IPV4_MASK"
				}, {
					"variable": "{$v_IPC00012_Site_Name__sitesSiteName}",
					"group": "SDWAN",
					"overlay": false
				}, {
					"variable": "{$v_latitude__IdLatitude}",
					"group": "SDWAN",
					"overlay": false
				}, {
					"variable": "{$v_identification__IdName}",
					"group": "SDWAN",
					"overlay": false
				}, {
					"variable": "{$v_LAN3_IPv4__staticaddress}",
					"group": "Interfaces",
					"overlay": false,
					"type": "IPV4_MASK"
				}, {
					"variable": "{$v_INT-WAN-Transport-VR_IPv4__vrHopAddress}",
					"group": "Virtual Routers",
					"overlay": false,
					"type": "IPV4_IPV6"
				}, {
					"variable": "{$v_tvi-0-32_-_Unit_0_Static_address__tunnelStaticAddress}",
					"group": "Interfaces",
					"overlay": true,
					"type": "IPV4_IPV6_MASK"
				}, {
					"variable": "{$v_Chassis_Id__sitesChassisId}",
					"group": "SDWAN",
					"overlay": false
				}, {
					"variable": "{$v_longitude__Idlongitude}",
					"group": "SDWAN",
					"overlay": false
				}, {
					"variable": "{$v_LAN8_IPv4__staticaddress}",
					"group": "Interfaces",
					"overlay": false,
					"type": "IPV4_MASK"
				}, {
					"variable": "{$v_location__IdLocation}",
					"group": "SDWAN",
					"overlay": false
				}, {
					"variable": "{$v_IPC00012-Control-VR_16_Local_address__vrRouterAddress}",
					"group": "Virtual Routers",
					"overlay": true,
					"type": "IPV4"
				}, {
					"variable": "{$v_MPLS-WAN-Transport-VR_IPv4__vrHopAddress}",
					"group": "Virtual Routers",
					"overlay": false,
					"type": "IPV4_IPV6"
				}, {
					"variable": "{$v_MPLS-WAN_IPv4__staticaddress}",
					"group": "Interfaces",
					"overlay": false,
					"type": "IPV4_MASK"
				}, {
					"variable": "{$v_tvi-0-33_-_Unit_0_Static_address__tunnelStaticAddress}",
					"group": "Interfaces",
					"overlay": true,
					"type": "IPV4_IPV6_MASK"
				}]
			}
		}
	}
}
2019-02-26 16:10:42,266 - CPE2 - INFO - <Response [500]>
2019-02-26 16:10:42,266 - CPE2 - INFO - {"error":{"http_status_code":500,"code":0,"message":"Device Group [ IPC00012-MUM-PS-HS-LIB-DG ] does not exist.","more_info":"http://nms.versa.com/errors/null"}}
2019-02-26 16:10:42,266 - CPE2 - INFO - FAIL : {"error":{"http_status_code":500,"code":0,"message":"Device Group [ IPC00012-MUM-PS-HS-LIB-DG ] does not exist.","more_info":"http://nms.versa.com/errors/null"}}
2019-02-26 16:10:52,440 - CPE2 - INFO - 15318
