2020-03-03 15:18:27,056 - VD1 - DEBUG - <netmiko.versa.versa_ssh.VersaSSH object at 0x000000000D8316A0>
2020-03-03 15:18:32,263 - VD1 - DEBUG - versa: Automated@VDir-BLR-NEW-01>
2020-03-03 15:18:36,986 - CPE11-HKG-HYBRD-IPC00190 - DEBUG - <netmiko.versa.versa_ssh.VersaSSH object at 0x000000000D86F7F0>
2020-03-03 15:18:42,190 - CPE11-HKG-HYBRD-IPC00190 - DEBUG - versa: Automated@VDir-BLR-NEW-01>
2020-03-03 15:19:06,678 - CPE12-HKG-HYBRD-IPC00190 - DEBUG - <netmiko.versa.versa_ssh.VersaSSH object at 0x000000000D88C748>
2020-03-03 15:19:11,882 - CPE12-HKG-HYBRD-IPC00190 - DEBUG - versa: Automated@VDir-BLR-NEW-01>
2020-03-03 15:20:26,821 - CPE11-HKG-HYBRD-IPC00190 - INFO - 
CREATE SLA profile

2020-03-03 15:20:28,470 - CPE11-HKG-HYBRD-IPC00190 - DEBUG - <Response [201]>
2020-03-03 15:20:28,476 - CPE11-HKG-HYBRD-IPC00190 - INFO - 
PASS
2020-03-03 15:20:28,477 - CPE11-HKG-HYBRD-IPC00190 - INFO - >>>>>>>>>> CREATE SLA Profile PASSED. <<<<<<<<<<<
2020-03-03 15:20:28,483 - CPE11-HKG-HYBRD-IPC00190 - INFO - 
CREATE FWD PROFILE

2020-03-03 15:20:30,293 - CPE11-HKG-HYBRD-IPC00190 - DEBUG - <Response [201]>
2020-03-03 15:20:30,293 - CPE11-HKG-HYBRD-IPC00190 - INFO - 
PASS
2020-03-03 15:20:30,293 - CPE11-HKG-HYBRD-IPC00190 - INFO - >>>>>>>>>> FORWARDING PROFILE CREATION PASSED. <<<<<<<<<<<
2020-03-03 15:20:30,295 - CPE11-HKG-HYBRD-IPC00190 - INFO - 
CREATE IPaddress Object

2020-03-03 15:20:31,638 - CPE11-HKG-HYBRD-IPC00190 - DEBUG - <Response [201]>
2020-03-03 15:20:31,638 - CPE11-HKG-HYBRD-IPC00190 - INFO - 
PASS
2020-03-03 15:20:31,638 - CPE11-HKG-HYBRD-IPC00190 - INFO - >>>>>>>>>> ADDRESS OBJECT CREATION PASSED. <<<<<<<<<<<
2020-03-03 15:20:31,642 - CPE11-HKG-HYBRD-IPC00190 - INFO - 
CREATE IPaddress Object

2020-03-03 15:20:32,993 - CPE11-HKG-HYBRD-IPC00190 - DEBUG - <Response [201]>
2020-03-03 15:20:32,993 - CPE11-HKG-HYBRD-IPC00190 - INFO - 
PASS
2020-03-03 15:20:32,994 - CPE11-HKG-HYBRD-IPC00190 - INFO - >>>>>>>>>> ADDRESS OBJECT CREATION PASSED. <<<<<<<<<<<
2020-03-03 15:20:32,996 - CPE11-HKG-HYBRD-IPC00190 - INFO - 
CREATE Service Object

2020-03-03 15:20:35,275 - CPE11-HKG-HYBRD-IPC00190 - DEBUG - <Response [201]>
2020-03-03 15:20:35,276 - CPE11-HKG-HYBRD-IPC00190 - INFO - 
PASS
2020-03-03 15:20:35,276 - CPE11-HKG-HYBRD-IPC00190 - INFO - >>>>>>>>>> Service OBJECT CREATION PASSED. <<<<<<<<<<<
2020-03-03 15:21:34,855 - CPE11-HKG-HYBRD-IPC00190 - INFO - 
CREATE Policy rule

2020-03-03 15:21:37,440 - CPE11-HKG-HYBRD-IPC00190 - DEBUG - <Response [201]>
2020-03-03 15:21:37,441 - CPE11-HKG-HYBRD-IPC00190 - INFO - 
PASS
2020-03-03 15:21:37,441 - CPE11-HKG-HYBRD-IPC00190 - INFO - >>>>>>>>>> CREATE POLICY RULE PASSED. <<<<<<<<<<<
2020-03-03 15:24:23,401 - CPE11-HKG-HYBRD-IPC00190 - INFO - 
DELETE IPaddress Object

2020-03-03 15:24:26,704 - CPE11-HKG-HYBRD-IPC00190 - INFO - 
PASS
2020-03-03 15:24:26,704 - CPE11-HKG-HYBRD-IPC00190 - INFO - >>>>>>>>>> Policy rule DELETION PASSED. <<<<<<<<<<<
2020-03-03 15:24:26,711 - CPE11-HKG-HYBRD-IPC00190 - INFO - 
CREATE Policy rule

2020-03-03 15:24:28,430 - CPE11-HKG-HYBRD-IPC00190 - DEBUG - <Response [201]>
2020-03-03 15:24:28,431 - CPE11-HKG-HYBRD-IPC00190 - INFO - 
PASS
2020-03-03 15:24:28,431 - CPE11-HKG-HYBRD-IPC00190 - INFO - >>>>>>>>>> CREATE POLICY RULE PASSED. <<<<<<<<<<<
2020-03-03 15:27:15,463 - CPE11-HKG-HYBRD-IPC00190 - INFO - 
DELETE IPaddress Object

2020-03-03 15:27:18,585 - CPE11-HKG-HYBRD-IPC00190 - INFO - 
PASS
2020-03-03 15:27:18,585 - CPE11-HKG-HYBRD-IPC00190 - INFO - >>>>>>>>>> Policy rule DELETION PASSED. <<<<<<<<<<<
2020-03-03 15:27:18,588 - CPE11-HKG-HYBRD-IPC00190 - INFO - 
CREATE Policy rule

2020-03-03 15:27:20,532 - CPE11-HKG-HYBRD-IPC00190 - DEBUG - <Response [201]>
2020-03-03 15:27:20,532 - CPE11-HKG-HYBRD-IPC00190 - INFO - 
PASS
2020-03-03 15:27:20,533 - CPE11-HKG-HYBRD-IPC00190 - INFO - >>>>>>>>>> CREATE POLICY RULE PASSED. <<<<<<<<<<<
2020-03-03 15:28:22,927 - CPE11-HKG-HYBRD-IPC00190 - INFO - 
DELETE IPaddress Object

2020-03-03 15:28:26,108 - CPE11-HKG-HYBRD-IPC00190 - INFO - 
PASS
2020-03-03 15:28:26,109 - CPE11-HKG-HYBRD-IPC00190 - INFO - >>>>>>>>>> Policy rule DELETION PASSED. <<<<<<<<<<<
2020-03-03 15:28:26,121 - CPE11-HKG-HYBRD-IPC00190 - INFO - 
CREATE Policy rule

2020-03-03 15:28:28,038 - CPE11-HKG-HYBRD-IPC00190 - DEBUG - <Response [201]>
2020-03-03 15:28:28,039 - CPE11-HKG-HYBRD-IPC00190 - INFO - 
PASS
2020-03-03 15:28:28,039 - CPE11-HKG-HYBRD-IPC00190 - INFO - >>>>>>>>>> CREATE POLICY RULE PASSED. <<<<<<<<<<<
2020-03-03 15:28:59,921 - CPE11-HKG-HYBRD-IPC00190 - INFO - 
DELETE IPaddress Object

2020-03-03 15:29:03,092 - CPE11-HKG-HYBRD-IPC00190 - INFO - 
PASS
2020-03-03 15:29:03,092 - CPE11-HKG-HYBRD-IPC00190 - INFO - >>>>>>>>>> Policy rule DELETION PASSED. <<<<<<<<<<<
2020-03-03 15:29:03,098 - CPE11-HKG-HYBRD-IPC00190 - INFO - 
DELETE Service Object

2020-03-03 15:29:05,584 - CPE11-HKG-HYBRD-IPC00190 - INFO - 
PASS
2020-03-03 15:29:05,585 - CPE11-HKG-HYBRD-IPC00190 - INFO - >>>>>>>>>> ADDRESS OBJECT DELETION PASSED. <<<<<<<<<<<
2020-03-03 15:29:05,588 - CPE11-HKG-HYBRD-IPC00190 - INFO - 
DELETE IPaddress Object

2020-03-03 15:29:07,941 - CPE11-HKG-HYBRD-IPC00190 - INFO - 
PASS
2020-03-03 15:29:07,941 - CPE11-HKG-HYBRD-IPC00190 - INFO - >>>>>>>>>> ADDRESS OBJECT DELETION PASSED. <<<<<<<<<<<
2020-03-03 15:29:07,944 - CPE11-HKG-HYBRD-IPC00190 - INFO - 
DELETE IPaddress Object

2020-03-03 15:29:10,299 - CPE11-HKG-HYBRD-IPC00190 - INFO - 
PASS
2020-03-03 15:29:10,299 - CPE11-HKG-HYBRD-IPC00190 - INFO - >>>>>>>>>> ADDRESS OBJECT DELETION PASSED. <<<<<<<<<<<
2020-03-03 15:29:10,299 - CPE11-HKG-HYBRD-IPC00190 - INFO - 
DELETE FWD PROFILE

2020-03-03 15:29:13,309 - CPE11-HKG-HYBRD-IPC00190 - INFO - 
PASS
2020-03-03 15:29:13,309 - CPE11-HKG-HYBRD-IPC00190 - INFO - >>>>>>>>>> FORWARDING PROFILE DELETION PASSED. <<<<<<<<<<<
2020-03-03 15:29:13,311 - CPE11-HKG-HYBRD-IPC00190 - INFO - 
DELETE SLA profile

2020-03-03 15:29:15,367 - CPE11-HKG-HYBRD-IPC00190 - INFO - 
PASS
2020-03-03 15:29:15,368 - CPE11-HKG-HYBRD-IPC00190 - INFO - >>>>>>>>>> DELETE SLA Profile PASSED. <<<<<<<<<<<
