2020-05-01 01:12:27,088 - VD1 - DEBUG - <netmiko.versa.versa_ssh.VersaSSH object at 0x0000000010177048>
2020-05-01 01:12:32,292 - VD1 - DEBUG - versa: Automated@VDir-BLR-NEW-01>
2020-05-01 01:12:37,069 - CPE26-SIN-DUAL-CPE-HYB-IPC00190-P - DEBUG - <netmiko.versa.versa_ssh.VersaSSH object at 0x00000000101F9048>
2020-05-01 01:12:42,296 - CPE26-SIN-DUAL-CPE-HYB-IPC00190-P - DEBUG - versa: Automated@VDir-BLR-NEW-01>
2020-05-01 01:13:06,408 - CPE27-SIN-DUAL-CPE-HYB-IPC00190-S - DEBUG - <netmiko.versa.versa_ssh.VersaSSH object at 0x00000000101F99B0>
2020-05-01 01:13:11,621 - CPE27-SIN-DUAL-CPE-HYB-IPC00190-S - DEBUG - versa: Automated@VDir-BLR-NEW-01>
2020-05-01 01:13:35,595 - CPE11-HKG-HYBRD-IPC00190 - DEBUG - <netmiko.versa.versa_ssh.VersaSSH object at 0x0000000010190FD0>
2020-05-01 01:13:40,813 - CPE11-HKG-HYBRD-IPC00190 - DEBUG - versa: Automated@VDir-BLR-NEW-01>
2020-05-01 01:14:20,423 - CPE26-SIN-DUAL-CPE-HYB-IPC00190-P - INFO - 
DELETE Service Object

2020-05-01 01:14:21,951 - CPE26-SIN-DUAL-CPE-HYB-IPC00190-P - ERROR - 
2020-05-01 01:14:21,957 - CPE26-SIN-DUAL-CPE-HYB-IPC00190-P - INFO - 
FAIL : 
2020-05-01 01:14:21,957 - CPE26-SIN-DUAL-CPE-HYB-IPC00190-P - INFO - >>>>>>>>>> ADDRESS OBJECT DELETION FAILED. <<<<<<<<<<<
2020-05-01 01:14:21,960 - CPE26-SIN-DUAL-CPE-HYB-IPC00190-P - INFO - 
DELETE IPaddress Object

2020-05-01 01:14:22,582 - CPE26-SIN-DUAL-CPE-HYB-IPC00190-P - ERROR - 
2020-05-01 01:14:22,582 - CPE26-SIN-DUAL-CPE-HYB-IPC00190-P - INFO - 
FAIL : 
2020-05-01 01:14:22,582 - CPE26-SIN-DUAL-CPE-HYB-IPC00190-P - INFO - >>>>>>>>>> ADDRESS OBJECT DELETION FAILED. <<<<<<<<<<<
2020-05-01 01:14:22,582 - CPE26-SIN-DUAL-CPE-HYB-IPC00190-P - INFO - 
DELETE IPaddress Object

2020-05-01 01:14:23,269 - CPE26-SIN-DUAL-CPE-HYB-IPC00190-P - ERROR - 
2020-05-01 01:14:23,270 - CPE26-SIN-DUAL-CPE-HYB-IPC00190-P - INFO - 
FAIL : 
2020-05-01 01:14:23,272 - CPE26-SIN-DUAL-CPE-HYB-IPC00190-P - INFO - >>>>>>>>>> ADDRESS OBJECT DELETION FAILED. <<<<<<<<<<<
2020-05-01 01:14:23,273 - CPE26-SIN-DUAL-CPE-HYB-IPC00190-P - INFO - 
DELETE FWD PROFILE

2020-05-01 01:14:23,964 - CPE26-SIN-DUAL-CPE-HYB-IPC00190-P - ERROR - 
2020-05-01 01:14:23,969 - CPE26-SIN-DUAL-CPE-HYB-IPC00190-P - INFO - 
FAIL : 
2020-05-01 01:14:23,969 - CPE26-SIN-DUAL-CPE-HYB-IPC00190-P - INFO - >>>>>>>>>> FORWARDING PROFILE DELETION FAILED. <<<<<<<<<<<
2020-05-01 01:14:23,970 - CPE26-SIN-DUAL-CPE-HYB-IPC00190-P - INFO - 
DELETE SLA profile

2020-05-01 01:14:24,575 - CPE26-SIN-DUAL-CPE-HYB-IPC00190-P - ERROR - 
2020-05-01 01:14:24,579 - CPE26-SIN-DUAL-CPE-HYB-IPC00190-P - INFO - 
FAIL : 
2020-05-01 01:14:24,581 - CPE26-SIN-DUAL-CPE-HYB-IPC00190-P - INFO - >>>>>>>>>> DELETE SLA Profile FAILED. <<<<<<<<<<<
