2019-08-07 18:22:48,582 - VD1 - INFO - ORG NAME:IPC00189
2019-08-07 18:22:52,648 - VD1 - DEBUG - {
  "versanms.sdwan-org-workflow": {
    "orgName": "IPC00189",
    "globalId": "89",
    "parentOrg": "Colt",
    "ikeAuthType": "psk",
    "sharedControlPlane": false,
    "controllers": ["NV-WC01-N1-HKG", "NV-WC02-N6-SIN", "NV-WC02-N1-HKG", "NV-WC01-N6-SIN"],
    "vrfs": [{ "name": "LAN1-VRF", "id": "1010", "enableVPN": "true", "tooltip": "" },{ "name": "LAN2-VRF", "id": "1011", "enableVPN": "true", "tooltip": "" },{ "name": "LAN3-VRF", "id": "1012", "enableVPN": "true", "tooltip": "" },{ "name": "LAN4-VRF", "id": "1013", "enableVPN": "true", "tooltip": "" },{ "name": "LAN5-VRF", "id": "1014", "enableVPN": "true", "tooltip": "" },{ "name": "LAN6-VRF", "id": "1015", "enableVPN": "true", "tooltip": "" },{ "name": "LAN7-VRF", "id": "1016", "enableVPN": "true", "tooltip": "" },{ "name": "LAN8-VRF", "id": "1017", "enableVPN": "true", "tooltip": "" },{ "name": "LAN9-VRF", "id": "1018", "enableVPN": "true", "tooltip": "" },{ "name": "LAN10-VRF", "id": "1019", "enableVPN": "true", "tooltip": "" }],
    "supportedRoles": []
  }
}
2019-08-07 18:22:53,967 - VD1 - INFO - <Response [500]>
2019-08-07 18:22:53,967 - VD1 - INFO - {"error":{"http_status_code":500,"code":0,"message":"Another org workflow with the same name already exists: IPC00189","more_info":"http://nms.versa.com/errors/null"}}
2019-08-07 18:22:53,967 - VD1 - INFO - FAIL : {"error":{"http_status_code":500,"code":0,"message":"Another org workflow with the same name already exists: IPC00189","more_info":"http://nms.versa.com/errors/null"}}
2019-08-07 18:22:53,967 - VD1 - INFO - 
********************
RESULT:
ORG DEPLOYMENT : FAIL : {"error":{"http_status_code":500,"code":0,"message":"Another org workflow with the same name already exists: IPC00189","more_info":"http://nms.versa.com/errors/null"}}

********************

