2020-02-12 11:29:14,750 - VD1 - DEBUG - <netmiko.versa.versa_ssh.VersaSSH object at 0x000000000DB32400>
2020-02-12 11:29:19,954 - VD1 - DEBUG - versa: Automated@VDir-BLR-NEW-01>
2020-02-12 11:29:19,954 - CPE11-HKG-HYBRD-IPC00190 - INFO - CPE NAME:CPE11-HKG-HYBRD-IPC00190
2020-02-12 11:29:20,954 - CPE11-HKG-HYBRD-IPC00190 - INFO - SOLUTION SELECTED:SINGLE-CPE-HYBRID
2020-02-12 11:29:33,286 - CPE11-HKG-HYBRD-IPC00190 - DEBUG - <netmiko.versa.versa_ssh.VersaSSH object at 0x000000000D0472E8>
2020-02-12 11:29:38,512 - CPE11-HKG-HYBRD-IPC00190 - DEBUG - versa: Automated@VDir-BLR-NEW-01>
2020-02-12 11:29:57,750 - CPE11-HKG-HYBRD-IPC00190 - INFO - 
CREATE SLA profile

2020-02-12 11:30:00,338 - CPE11-HKG-HYBRD-IPC00190 - DEBUG - <Response [201]>
2020-02-12 11:30:00,345 - CPE11-HKG-HYBRD-IPC00190 - INFO - 
PASS
2020-02-12 11:30:00,345 - CPE11-HKG-HYBRD-IPC00190 - INFO - >>>>>>>>>> CREATE SLA Profile PASSED. <<<<<<<<<<<
2020-02-12 11:30:01,164 - CPE11-HKG-HYBRD-IPC00190 - INFO - 
CREATE FWD PROFILE

2020-02-12 11:30:02,970 - CPE11-HKG-HYBRD-IPC00190 - DEBUG - <Response [201]>
2020-02-12 11:30:02,970 - CPE11-HKG-HYBRD-IPC00190 - INFO - 
PASS
2020-02-12 11:30:02,970 - CPE11-HKG-HYBRD-IPC00190 - INFO - >>>>>>>>>> FORWARDING PROFILE CREATION PASSED. <<<<<<<<<<<
2020-02-12 11:30:02,970 - CPE11-HKG-HYBRD-IPC00190 - INFO - 
CREATE IPaddress Object

2020-02-12 11:30:04,490 - CPE11-HKG-HYBRD-IPC00190 - DEBUG - <Response [201]>
2020-02-12 11:30:04,490 - CPE11-HKG-HYBRD-IPC00190 - INFO - 
PASS
2020-02-12 11:30:04,490 - CPE11-HKG-HYBRD-IPC00190 - INFO - >>>>>>>>>> ADDRESS OBJECT CREATION PASSED. <<<<<<<<<<<
2020-02-12 11:30:04,490 - CPE11-HKG-HYBRD-IPC00190 - INFO - 
CREATE Policy rule

2020-02-12 11:30:06,617 - CPE11-HKG-HYBRD-IPC00190 - DEBUG - <Response [201]>
2020-02-12 11:30:06,618 - CPE11-HKG-HYBRD-IPC00190 - INFO - 
PASS
2020-02-12 11:30:06,618 - CPE11-HKG-HYBRD-IPC00190 - INFO - >>>>>>>>>> CREATE POLICY RULE PASSED. <<<<<<<<<<<
2020-02-12 11:33:25,119 - CPE11-HKG-HYBRD-IPC00190 - INFO - 
DELETE IPaddress Object

2020-02-12 11:33:28,934 - CPE11-HKG-HYBRD-IPC00190 - INFO - 
PASS
2020-02-12 11:33:28,934 - CPE11-HKG-HYBRD-IPC00190 - INFO - >>>>>>>>>> Policy rule DELETION PASSED. <<<<<<<<<<<
2020-02-12 11:33:28,934 - CPE11-HKG-HYBRD-IPC00190 - INFO - 
DELETE IPaddress Object

2020-02-12 11:33:31,703 - CPE11-HKG-HYBRD-IPC00190 - INFO - 
PASS
2020-02-12 11:33:31,703 - CPE11-HKG-HYBRD-IPC00190 - INFO - >>>>>>>>>> ADDRESS OBJECT DELETION PASSED. <<<<<<<<<<<
2020-02-12 11:33:31,703 - CPE11-HKG-HYBRD-IPC00190 - INFO - 
DELETE FWD PROFILE

2020-02-12 11:33:34,069 - CPE11-HKG-HYBRD-IPC00190 - INFO - 
PASS
2020-02-12 11:33:34,071 - CPE11-HKG-HYBRD-IPC00190 - INFO - >>>>>>>>>> FORWARDING PROFILE DELETION PASSED. <<<<<<<<<<<
2020-02-12 11:33:34,071 - CPE11-HKG-HYBRD-IPC00190 - INFO - 
DELETE SLA profile

2020-02-12 11:33:36,569 - CPE11-HKG-HYBRD-IPC00190 - INFO - 
PASS
2020-02-12 11:33:36,569 - CPE11-HKG-HYBRD-IPC00190 - INFO - >>>>>>>>>> DELETE SLA Profile PASSED. <<<<<<<<<<<
