2020-05-01 00:43:49,525 - VD1 - DEBUG - <netmiko.versa.versa_ssh.VersaSSH object at 0x0000000010596978>
2020-05-01 00:43:54,726 - VD1 - DEBUG - versa: Automated@VDir-BLR-NEW-01>
2020-05-01 00:43:59,464 - CPE26-SIN-DUAL-CPE-HYB-IPC00190-P - DEBUG - <netmiko.versa.versa_ssh.VersaSSH object at 0x00000000105C7AC8>
2020-05-01 00:44:04,667 - CPE26-SIN-DUAL-CPE-HYB-IPC00190-P - DEBUG - versa: Automated@VDir-BLR-NEW-01>
2020-05-01 00:44:28,746 - CPE27-SIN-DUAL-CPE-HYB-IPC00190-S - DEBUG - <netmiko.versa.versa_ssh.VersaSSH object at 0x0000000010596828>
2020-05-01 00:44:33,950 - CPE27-SIN-DUAL-CPE-HYB-IPC00190-S - DEBUG - versa: Automated@VDir-BLR-NEW-01>
2020-05-01 00:44:38,844 - CPE26-SIN-DUAL-CPE-HYB-IPC00190-P - INFO - 
DELETE Service Object

2020-05-01 00:44:47,000 - CPE26-SIN-DUAL-CPE-HYB-IPC00190-P - ERROR - 
2020-05-01 00:44:47,000 - CPE26-SIN-DUAL-CPE-HYB-IPC00190-P - INFO - 
FAIL : 
2020-05-01 00:44:47,002 - CPE26-SIN-DUAL-CPE-HYB-IPC00190-P - INFO - >>>>>>>>>> ADDRESS OBJECT DELETION FAILED. <<<<<<<<<<<
2020-05-01 00:44:47,003 - CPE26-SIN-DUAL-CPE-HYB-IPC00190-P - INFO - 
DELETE IPaddress Object

2020-05-01 00:44:47,634 - CPE26-SIN-DUAL-CPE-HYB-IPC00190-P - ERROR - 
2020-05-01 00:44:47,634 - CPE26-SIN-DUAL-CPE-HYB-IPC00190-P - INFO - 
FAIL : 
2020-05-01 00:44:47,634 - CPE26-SIN-DUAL-CPE-HYB-IPC00190-P - INFO - >>>>>>>>>> ADDRESS OBJECT DELETION FAILED. <<<<<<<<<<<
2020-05-01 00:44:47,637 - CPE26-SIN-DUAL-CPE-HYB-IPC00190-P - INFO - 
DELETE IPaddress Object

2020-05-01 00:44:48,239 - CPE26-SIN-DUAL-CPE-HYB-IPC00190-P - ERROR - 
2020-05-01 00:44:48,250 - CPE26-SIN-DUAL-CPE-HYB-IPC00190-P - INFO - 
FAIL : 
2020-05-01 00:44:48,250 - CPE26-SIN-DUAL-CPE-HYB-IPC00190-P - INFO - >>>>>>>>>> ADDRESS OBJECT DELETION FAILED. <<<<<<<<<<<
2020-05-01 00:44:48,252 - CPE26-SIN-DUAL-CPE-HYB-IPC00190-P - INFO - 
DELETE FWD PROFILE

2020-05-01 00:44:48,864 - CPE26-SIN-DUAL-CPE-HYB-IPC00190-P - ERROR - 
2020-05-01 00:44:48,865 - CPE26-SIN-DUAL-CPE-HYB-IPC00190-P - INFO - 
FAIL : 
2020-05-01 00:44:48,865 - CPE26-SIN-DUAL-CPE-HYB-IPC00190-P - INFO - >>>>>>>>>> FORWARDING PROFILE DELETION FAILED. <<<<<<<<<<<
2020-05-01 00:44:48,867 - CPE26-SIN-DUAL-CPE-HYB-IPC00190-P - INFO - 
DELETE SLA profile

2020-05-01 00:44:49,505 - CPE26-SIN-DUAL-CPE-HYB-IPC00190-P - ERROR - 
2020-05-01 00:44:49,506 - CPE26-SIN-DUAL-CPE-HYB-IPC00190-P - INFO - 
FAIL : 
2020-05-01 00:44:49,506 - CPE26-SIN-DUAL-CPE-HYB-IPC00190-P - INFO - >>>>>>>>>> DELETE SLA Profile FAILED. <<<<<<<<<<<
