2020-03-19 17:21:00,641 - VD1 - DEBUG - <netmiko.versa.versa_ssh.VersaSSH object at 0x000000000DA13518>
2020-03-19 17:21:05,845 - VD1 - DEBUG - versa: Automated@VDir-BLR-NEW-01>
2020-03-19 17:21:10,730 - CPE11-HKG-HYBRD-IPC00190 - DEBUG - <netmiko.versa.versa_ssh.VersaSSH object at 0x000000000DA4A668>
2020-03-19 17:21:15,931 - CPE11-HKG-HYBRD-IPC00190 - DEBUG - versa: Automated@VDir-BLR-NEW-01>
2020-03-19 17:21:40,871 - CPE12-HKG-HYBRD-IPC00190 - DEBUG - <netmiko.versa.versa_ssh.VersaSSH object at 0x000000000DA655C0>
2020-03-19 17:21:46,073 - CPE12-HKG-HYBRD-IPC00190 - DEBUG - versa: Automated@VDir-BLR-NEW-01>
2020-03-19 17:23:01,953 - CPE11-HKG-HYBRD-IPC00190 - INFO - 
CREATE SLA profile

2020-03-19 17:23:03,220 - CPE11-HKG-HYBRD-IPC00190 - DEBUG - <Response [201]>
2020-03-19 17:23:03,221 - CPE11-HKG-HYBRD-IPC00190 - INFO - 
PASS
2020-03-19 17:23:03,221 - CPE11-HKG-HYBRD-IPC00190 - INFO - >>>>>>>>>> CREATE SLA Profile PASSED. <<<<<<<<<<<
2020-03-19 17:23:03,223 - CPE11-HKG-HYBRD-IPC00190 - INFO - 
CREATE FWD PROFILE

2020-03-19 17:23:05,275 - CPE11-HKG-HYBRD-IPC00190 - DEBUG - <Response [201]>
2020-03-19 17:23:05,275 - CPE11-HKG-HYBRD-IPC00190 - INFO - 
PASS
2020-03-19 17:23:05,276 - CPE11-HKG-HYBRD-IPC00190 - INFO - >>>>>>>>>> FORWARDING PROFILE CREATION PASSED. <<<<<<<<<<<
2020-03-19 17:23:05,276 - CPE11-HKG-HYBRD-IPC00190 - INFO - 
CREATE IPaddress Object

2020-03-19 17:23:06,395 - CPE11-HKG-HYBRD-IPC00190 - DEBUG - <Response [201]>
2020-03-19 17:23:06,397 - CPE11-HKG-HYBRD-IPC00190 - INFO - 
PASS
2020-03-19 17:23:06,397 - CPE11-HKG-HYBRD-IPC00190 - INFO - >>>>>>>>>> ADDRESS OBJECT CREATION PASSED. <<<<<<<<<<<
2020-03-19 17:23:06,398 - CPE11-HKG-HYBRD-IPC00190 - INFO - 
CREATE IPaddress Object

2020-03-19 17:23:07,536 - CPE11-HKG-HYBRD-IPC00190 - DEBUG - <Response [201]>
2020-03-19 17:23:07,536 - CPE11-HKG-HYBRD-IPC00190 - INFO - 
PASS
2020-03-19 17:23:07,536 - CPE11-HKG-HYBRD-IPC00190 - INFO - >>>>>>>>>> ADDRESS OBJECT CREATION PASSED. <<<<<<<<<<<
2020-03-19 17:23:07,538 - CPE11-HKG-HYBRD-IPC00190 - INFO - 
CREATE Service Object

2020-03-19 17:23:08,641 - CPE11-HKG-HYBRD-IPC00190 - DEBUG - <Response [201]>
2020-03-19 17:23:08,641 - CPE11-HKG-HYBRD-IPC00190 - INFO - 
PASS
2020-03-19 17:23:08,641 - CPE11-HKG-HYBRD-IPC00190 - INFO - >>>>>>>>>> Service OBJECT CREATION PASSED. <<<<<<<<<<<
2020-03-19 17:25:15,237 - CPE11-HKG-HYBRD-IPC00190 - INFO - 
DELETE Service Object

2020-03-19 17:25:17,546 - CPE11-HKG-HYBRD-IPC00190 - INFO - 
PASS
2020-03-19 17:25:17,546 - CPE11-HKG-HYBRD-IPC00190 - INFO - >>>>>>>>>> ADDRESS OBJECT DELETION PASSED. <<<<<<<<<<<
2020-03-19 17:25:17,546 - CPE11-HKG-HYBRD-IPC00190 - INFO - 
DELETE IPaddress Object

2020-03-19 17:25:18,914 - CPE11-HKG-HYBRD-IPC00190 - INFO - 
PASS
2020-03-19 17:25:18,915 - CPE11-HKG-HYBRD-IPC00190 - INFO - >>>>>>>>>> ADDRESS OBJECT DELETION PASSED. <<<<<<<<<<<
2020-03-19 17:25:18,917 - CPE11-HKG-HYBRD-IPC00190 - INFO - 
DELETE IPaddress Object

2020-03-19 17:25:20,184 - CPE11-HKG-HYBRD-IPC00190 - INFO - 
PASS
2020-03-19 17:25:20,184 - CPE11-HKG-HYBRD-IPC00190 - INFO - >>>>>>>>>> ADDRESS OBJECT DELETION PASSED. <<<<<<<<<<<
2020-03-19 17:25:20,186 - CPE11-HKG-HYBRD-IPC00190 - INFO - 
DELETE FWD PROFILE

2020-03-19 17:25:21,523 - CPE11-HKG-HYBRD-IPC00190 - INFO - 
PASS
2020-03-19 17:25:21,523 - CPE11-HKG-HYBRD-IPC00190 - INFO - >>>>>>>>>> FORWARDING PROFILE DELETION PASSED. <<<<<<<<<<<
2020-03-19 17:25:21,526 - CPE11-HKG-HYBRD-IPC00190 - INFO - 
DELETE SLA profile

2020-03-19 17:25:22,822 - CPE11-HKG-HYBRD-IPC00190 - INFO - 
PASS
2020-03-19 17:25:22,822 - CPE11-HKG-HYBRD-IPC00190 - INFO - >>>>>>>>>> DELETE SLA Profile PASSED. <<<<<<<<<<<
