2019-02-08 15:28:37,491 - VD1 - INFO - ORG NAME:FRIMON
2019-02-08 15:28:40,207 - VD1 - DEBUG - {
  "versanms.sdwan-org-workflow": {
    "orgName": "FRIMON",
    "globalId": "125",
    "parentOrg": "Colt",
    "ikeAuthType": "psk",
    "sharedControlPlane": false,
    "controllers": ["NV-WC01-N2-BLR", "NV-WC02-N4-MUM", "NV-WC02-N2-BLR"],
    "vrfs": [{ "name": "LAN1-VRF", "id": "1370", "enableVPN": "true", "tooltip": "" },{ "name": "LAN2-VRF", "id": "1371", "enableVPN": "true", "tooltip": "" },{ "name": "LAN3-VRF", "id": "1372", "enableVPN": "true", "tooltip": "" },{ "name": "LAN4-VRF", "id": "1373", "enableVPN": "true", "tooltip": "" }],
    "supportedRoles": []
  }
}
2019-02-08 15:28:40,580 - VD1 - INFO - <Response [500]>
2019-02-08 15:28:40,581 - VD1 - INFO - {"error":{"http_status_code":500,"code":0,"message":" Global Id: 125 is already configured.","more_info":"http://nms.versa.com/errors/null"}}
2019-02-08 15:28:40,581 - VD1 - INFO - FAIL : {"error":{"http_status_code":500,"code":0,"message":" Global Id: 125 is already configured.","more_info":"http://nms.versa.com/errors/null"}}
2019-02-08 15:28:40,581 - VD1 - INFO - 
********************
RESULT:
ORG DEPLOYMENT : FAIL : {"error":{"http_status_code":500,"code":0,"message":" Global Id: 125 is already configured.","more_info":"http://nms.versa.com/errors/null"}}

********************

