2020-02-12 11:16:16,691 - VD1 - DEBUG - <netmiko.versa.versa_ssh.VersaSSH object at 0x000000000DDF4160>
2020-02-12 11:16:21,904 - VD1 - DEBUG - versa: Automated@VDir-BLR-NEW-01>
2020-02-12 11:16:21,904 - CPE11-HKG-HYBRD-IPC00190 - INFO - CPE NAME:CPE11-HKG-HYBRD-IPC00190
2020-02-12 11:16:22,917 - CPE11-HKG-HYBRD-IPC00190 - INFO - SOLUTION SELECTED:SINGLE-CPE-HYBRID
2020-02-12 11:16:45,079 - CPE11-HKG-HYBRD-IPC00190 - DEBUG - <netmiko.versa.versa_ssh.VersaSSH object at 0x000000000D3090B8>
2020-02-12 11:16:50,292 - CPE11-HKG-HYBRD-IPC00190 - DEBUG - versa: Automated@VDir-BLR-NEW-01>
2020-02-12 11:17:09,563 - CPE11-HKG-HYBRD-IPC00190 - INFO - 
CREATE SLA profile

2020-02-12 11:17:12,289 - CPE11-HKG-HYBRD-IPC00190 - DEBUG - <Response [201]>
2020-02-12 11:17:12,289 - CPE11-HKG-HYBRD-IPC00190 - INFO - 
PASS
2020-02-12 11:17:12,289 - CPE11-HKG-HYBRD-IPC00190 - INFO - >>>>>>>>>> CREATE SLA Profile PASSED. <<<<<<<<<<<
2020-02-12 11:17:13,328 - CPE11-HKG-HYBRD-IPC00190 - INFO - 
CREATE FWD PROFILE

2020-02-12 11:17:14,122 - CPE11-HKG-HYBRD-IPC00190 - DEBUG - <Response [400]>
2020-02-12 11:17:14,122 - CPE11-HKG-HYBRD-IPC00190 - ERROR - {  "errors": {    "error": [      {        "error-message": "invalid value for: evaluate-continuously in /ncs:devices/ncs:device[ncs:name='CPE11-HKG-HYBRD-IPC00190']/ncs:config/org:orgs/org:org-services[org:name='IPC00190']/sdwan:sd-wan/sdwan:forwarding-profiles/sdwan:forwarding-profile[sdwan:name='FWP8']/sdwan:evaluate-continuously: \"false\" is an invalid value.",        "error-urlpath": "/api/config/devices/device/CPE11-HKG-HYBRD-IPC00190/config/org:orgs/org-services/IPC00190/sdwan:sd-wan/forwarding-profiles",        "error-tag": "malformed-message"      }    ]  }}
2020-02-12 11:17:14,138 - CPE11-HKG-HYBRD-IPC00190 - INFO - 
FAIL : {  "errors": {    "error": [      {        "error-message": "invalid value for: evaluate-continuously in /ncs:devices/ncs:device[ncs:name='CPE11-HKG-HYBRD-IPC00190']/ncs:config/org:orgs/org:org-services[org:name='IPC00190']/sdwan:sd-wan/sdwan:forwarding-profiles/sdwan:forwarding-profile[sdwan:name='FWP8']/sdwan:evaluate-continuously: \"false\" is an invalid value.",        "error-urlpath": "/api/config/devices/device/CPE11-HKG-HYBRD-IPC00190/config/org:orgs/org-services/IPC00190/sdwan:sd-wan/forwarding-profiles",        "error-tag": "malformed-message"      }    ]  }}
2020-02-12 11:17:14,138 - CPE11-HKG-HYBRD-IPC00190 - INFO - >>>>>>>>>> FORWARDING PROFILE CREATION FAILED. <<<<<<<<<<<
2020-02-12 11:17:14,138 - CPE11-HKG-HYBRD-IPC00190 - INFO - 
CREATE IPaddress Object

2020-02-12 11:17:15,819 - CPE11-HKG-HYBRD-IPC00190 - DEBUG - <Response [201]>
2020-02-12 11:17:15,821 - CPE11-HKG-HYBRD-IPC00190 - INFO - 
PASS
2020-02-12 11:17:15,821 - CPE11-HKG-HYBRD-IPC00190 - INFO - >>>>>>>>>> ADDRESS OBJECT CREATION PASSED. <<<<<<<<<<<
2020-02-12 11:17:15,821 - CPE11-HKG-HYBRD-IPC00190 - INFO - 
CREATE Policy rule

2020-02-12 11:17:16,908 - CPE11-HKG-HYBRD-IPC00190 - DEBUG - <Response [400]>
2020-02-12 11:17:16,908 - CPE11-HKG-HYBRD-IPC00190 - ERROR - {  "errors": {    "error": [      {        "error-message": "illegal reference /devices/device/config/org:orgs/org-services/sdwan:sd-wan/policies/sdwan-policy-group/rules/rule/set/forwarding-profile",        "error-urlpath": "/api/config/devices/device/CPE11-HKG-HYBRD-IPC00190/config/org:orgs/org-services/IPC00190/sdwan:sd-wan/policies/sdwan-policy-group/Default-Policy/rules/rule/ts_Destipaddr8",        "error-tag": "malformed-message"      }    ]  }}
2020-02-12 11:17:16,908 - CPE11-HKG-HYBRD-IPC00190 - INFO - 
FAIL : {  "errors": {    "error": [      {        "error-message": "illegal reference /devices/device/config/org:orgs/org-services/sdwan:sd-wan/policies/sdwan-policy-group/rules/rule/set/forwarding-profile",        "error-urlpath": "/api/config/devices/device/CPE11-HKG-HYBRD-IPC00190/config/org:orgs/org-services/IPC00190/sdwan:sd-wan/policies/sdwan-policy-group/Default-Policy/rules/rule/ts_Destipaddr8",        "error-tag": "malformed-message"      }    ]  }}
2020-02-12 11:17:16,908 - CPE11-HKG-HYBRD-IPC00190 - INFO - >>>>>>>>>> CREATE POLICY RULE FAILED. <<<<<<<<<<<
2020-02-12 11:20:32,154 - CPE11-HKG-HYBRD-IPC00190 - INFO - 
DELETE IPaddress Object

2020-02-12 11:20:34,035 - CPE11-HKG-HYBRD-IPC00190 - ERROR - 
2020-02-12 11:20:34,035 - CPE11-HKG-HYBRD-IPC00190 - INFO - 
FAIL : 
2020-02-12 11:20:34,036 - CPE11-HKG-HYBRD-IPC00190 - INFO - >>>>>>>>>> Policy rule DELETION FAILED. <<<<<<<<<<<
2020-02-12 11:20:34,036 - CPE11-HKG-HYBRD-IPC00190 - INFO - 
DELETE IPaddress Object

2020-02-12 11:20:37,108 - CPE11-HKG-HYBRD-IPC00190 - INFO - 
PASS
2020-02-12 11:20:37,108 - CPE11-HKG-HYBRD-IPC00190 - INFO - >>>>>>>>>> ADDRESS OBJECT DELETION PASSED. <<<<<<<<<<<
2020-02-12 11:20:37,108 - CPE11-HKG-HYBRD-IPC00190 - INFO - 
DELETE FWD PROFILE

2020-02-12 11:20:38,144 - CPE11-HKG-HYBRD-IPC00190 - ERROR - 
2020-02-12 11:20:38,144 - CPE11-HKG-HYBRD-IPC00190 - INFO - 
FAIL : 
2020-02-12 11:20:38,144 - CPE11-HKG-HYBRD-IPC00190 - INFO - >>>>>>>>>> FORWARDING PROFILE DELETION FAILED. <<<<<<<<<<<
2020-02-12 11:20:38,144 - CPE11-HKG-HYBRD-IPC00190 - INFO - 
DELETE SLA profile

2020-02-12 11:20:40,578 - CPE11-HKG-HYBRD-IPC00190 - INFO - 
PASS
2020-02-12 11:20:40,578 - CPE11-HKG-HYBRD-IPC00190 - INFO - >>>>>>>>>> DELETE SLA Profile PASSED. <<<<<<<<<<<
