2020-05-28 13:57:46,542 - CPE26-SIN-DUAL-CPE-DUAL-INTERNET-IPC00190-P - INFO - 
DELETE Service Object

2020-05-28 13:57:49,269 - CPE26-SIN-DUAL-CPE-DUAL-INTERNET-IPC00190-P - ERROR - 
2020-05-28 13:57:49,272 - CPE26-SIN-DUAL-CPE-DUAL-INTERNET-IPC00190-P - INFO - 
FAIL : 
2020-05-28 13:57:49,273 - CPE26-SIN-DUAL-CPE-DUAL-INTERNET-IPC00190-P - INFO - >>>>>>>>>> ADDRESS OBJECT DELETION FAILED. <<<<<<<<<<<
2020-05-28 13:57:49,276 - CPE26-SIN-DUAL-CPE-DUAL-INTERNET-IPC00190-P - INFO - 
DELETE IPaddress Object

2020-05-28 13:57:50,040 - CPE26-SIN-DUAL-CPE-DUAL-INTERNET-IPC00190-P - ERROR - 
2020-05-28 13:57:50,042 - CPE26-SIN-DUAL-CPE-DUAL-INTERNET-IPC00190-P - INFO - 
FAIL : 
2020-05-28 13:57:50,042 - CPE26-SIN-DUAL-CPE-DUAL-INTERNET-IPC00190-P - INFO - >>>>>>>>>> ADDRESS OBJECT DELETION FAILED. <<<<<<<<<<<
2020-05-28 13:57:50,052 - CPE26-SIN-DUAL-CPE-DUAL-INTERNET-IPC00190-P - INFO - 
DELETE IPaddress Object

2020-05-28 13:57:50,786 - CPE26-SIN-DUAL-CPE-DUAL-INTERNET-IPC00190-P - ERROR - 
2020-05-28 13:57:50,789 - CPE26-SIN-DUAL-CPE-DUAL-INTERNET-IPC00190-P - INFO - 
FAIL : 
2020-05-28 13:57:50,789 - CPE26-SIN-DUAL-CPE-DUAL-INTERNET-IPC00190-P - INFO - >>>>>>>>>> ADDRESS OBJECT DELETION FAILED. <<<<<<<<<<<
2020-05-28 13:57:50,792 - CPE26-SIN-DUAL-CPE-DUAL-INTERNET-IPC00190-P - INFO - 
DELETE FWD PROFILE

2020-05-28 13:57:51,489 - CPE26-SIN-DUAL-CPE-DUAL-INTERNET-IPC00190-P - ERROR - 
2020-05-28 13:57:51,492 - CPE26-SIN-DUAL-CPE-DUAL-INTERNET-IPC00190-P - INFO - 
FAIL : 
2020-05-28 13:57:51,493 - CPE26-SIN-DUAL-CPE-DUAL-INTERNET-IPC00190-P - INFO - >>>>>>>>>> FORWARDING PROFILE DELETION FAILED. <<<<<<<<<<<
2020-05-28 13:57:51,494 - CPE26-SIN-DUAL-CPE-DUAL-INTERNET-IPC00190-P - INFO - 
DELETE SLA profile

2020-05-28 13:57:52,230 - CPE26-SIN-DUAL-CPE-DUAL-INTERNET-IPC00190-P - ERROR - 
2020-05-28 13:57:52,233 - CPE26-SIN-DUAL-CPE-DUAL-INTERNET-IPC00190-P - INFO - 
FAIL : 
2020-05-28 13:57:52,234 - CPE26-SIN-DUAL-CPE-DUAL-INTERNET-IPC00190-P - INFO - >>>>>>>>>> DELETE SLA Profile FAILED. <<<<<<<<<<<
