2019-02-11 16:42:01,975 - VD1 - INFO - ORG NAME:ABCDEFGH
2019-02-11 16:42:04,317 - VD1 - DEBUG - {
  "versanms.sdwan-org-workflow": {
    "orgName": "ABCDEFGH",
    "globalId": "156",
    "parentOrg": "Colt",
    "ikeAuthType": "psk",
    "sharedControlPlane": false,
    "controllers": ["NV-WC01-N2-BLR", "NV-WC02-N4-MUM", "NV-WC01-N5-LON", "NV-WC02-N5-LON"],
    "vrfs": [{ "name": "LAN1-VRF", "id": "1680", "enableVPN": "true", "tooltip": "" },{ "name": "LAN2-VRF", "id": "1681", "enableVPN": "true", "tooltip": "" },{ "name": "LAN3-VRF", "id": "1682", "enableVPN": "true", "tooltip": "" }],
    "supportedRoles": []
  }
}
2019-02-11 16:42:04,861 - VD1 - INFO - <Response [200]>
2019-02-11 16:42:04,862 - VD1 - INFO - PASS
2019-02-11 16:42:14,992 - VD1 - INFO - 15070
2019-02-11 16:42:45,772 - VD1 - INFO - FAILED : com.versa.vnms.cdbadaptor.common.exception.ProcessingFailureException: Failed to fetch org-id for org: ServiceProvider
2019-02-11 16:42:45,773 - VD1 - INFO - 
********************
RESULT:
ORG DEPLOYMENT : FAILED : com.versa.vnms.cdbadaptor.common.exception.ProcessingFailureException: Failed to fetch org-id for org: ServiceProvider

********************

