2020-03-23 17:15:48,789 - CPE11-HKG-HYBRD-IPC00190 - INFO - 
DELETE Service Object

2020-03-23 17:15:54,039 - CPE11-HKG-HYBRD-IPC00190 - ERROR - 
2020-03-23 17:15:54,040 - CPE11-HKG-HYBRD-IPC00190 - INFO - 
FAIL : 
2020-03-23 17:15:54,041 - CPE11-HKG-HYBRD-IPC00190 - INFO - >>>>>>>>>> ADDRESS OBJECT DELETION FAILED. <<<<<<<<<<<
2020-03-23 17:15:54,043 - CPE11-HKG-HYBRD-IPC00190 - INFO - 
DELETE IPaddress Object

2020-03-23 17:15:55,959 - CPE11-HKG-HYBRD-IPC00190 - ERROR - 
2020-03-23 17:15:55,961 - CPE11-HKG-HYBRD-IPC00190 - INFO - 
FAIL : 
2020-03-23 17:15:55,961 - CPE11-HKG-HYBRD-IPC00190 - INFO - >>>>>>>>>> ADDRESS OBJECT DELETION FAILED. <<<<<<<<<<<
2020-03-23 17:15:55,963 - CPE11-HKG-HYBRD-IPC00190 - INFO - 
DELETE IPaddress Object

2020-03-23 17:16:03,409 - CPE11-HKG-HYBRD-IPC00190 - ERROR - 
2020-03-23 17:16:03,411 - CPE11-HKG-HYBRD-IPC00190 - INFO - 
FAIL : 
2020-03-23 17:16:03,411 - CPE11-HKG-HYBRD-IPC00190 - INFO - >>>>>>>>>> ADDRESS OBJECT DELETION FAILED. <<<<<<<<<<<
2020-03-23 17:16:03,413 - CPE11-HKG-HYBRD-IPC00190 - INFO - 
DELETE FWD PROFILE

2020-03-23 17:16:04,715 - CPE11-HKG-HYBRD-IPC00190 - ERROR - 
2020-03-23 17:16:04,716 - CPE11-HKG-HYBRD-IPC00190 - INFO - 
FAIL : 
2020-03-23 17:16:04,717 - CPE11-HKG-HYBRD-IPC00190 - INFO - >>>>>>>>>> FORWARDING PROFILE DELETION FAILED. <<<<<<<<<<<
2020-03-23 17:16:04,718 - CPE11-HKG-HYBRD-IPC00190 - INFO - 
DELETE SLA profile

2020-03-23 17:16:05,152 - CPE11-HKG-HYBRD-IPC00190 - ERROR - 
2020-03-23 17:16:05,153 - CPE11-HKG-HYBRD-IPC00190 - INFO - 
FAIL : 
2020-03-23 17:16:05,153 - CPE11-HKG-HYBRD-IPC00190 - INFO - >>>>>>>>>> DELETE SLA Profile FAILED. <<<<<<<<<<<
