2020-02-27 18:37:41,963 - VD1 - DEBUG - <netmiko.versa.versa_ssh.VersaSSH object at 0x000000000DDF00F0>
2020-02-27 18:37:47,167 - VD1 - DEBUG - versa: Automated@VDir-BLR-NEW-01>
2020-02-27 18:37:51,862 - CPE11-HKG-HYBRD-IPC00190 - DEBUG - <netmiko.versa.versa_ssh.VersaSSH object at 0x000000000DE32198>
2020-02-27 18:37:57,065 - CPE11-HKG-HYBRD-IPC00190 - DEBUG - versa: Automated@VDir-BLR-NEW-01>
2020-02-27 18:38:20,891 - CPE12-HKG-HYBRD-IPC00190 - DEBUG - <netmiko.versa.versa_ssh.VersaSSH object at 0x000000000DE3D048>
2020-02-27 18:38:26,092 - CPE12-HKG-HYBRD-IPC00190 - DEBUG - versa: Automated@VDir-BLR-NEW-01>
2020-02-27 18:39:40,971 - CPE11-HKG-HYBRD-IPC00190 - INFO - 
CREATE SLA profile

2020-02-27 18:39:42,832 - CPE11-HKG-HYBRD-IPC00190 - DEBUG - <Response [201]>
2020-02-27 18:39:42,832 - CPE11-HKG-HYBRD-IPC00190 - INFO - 
PASS
2020-02-27 18:39:42,832 - CPE11-HKG-HYBRD-IPC00190 - INFO - >>>>>>>>>> CREATE SLA Profile PASSED. <<<<<<<<<<<
2020-02-27 18:39:42,834 - CPE11-HKG-HYBRD-IPC00190 - INFO - 
CREATE FWD PROFILE

2020-02-27 18:39:44,770 - CPE11-HKG-HYBRD-IPC00190 - DEBUG - <Response [201]>
2020-02-27 18:39:44,772 - CPE11-HKG-HYBRD-IPC00190 - INFO - 
PASS
2020-02-27 18:39:44,772 - CPE11-HKG-HYBRD-IPC00190 - INFO - >>>>>>>>>> FORWARDING PROFILE CREATION PASSED. <<<<<<<<<<<
2020-02-27 18:39:44,775 - CPE11-HKG-HYBRD-IPC00190 - INFO - 
CREATE IPaddress Object

2020-02-27 18:39:47,351 - CPE11-HKG-HYBRD-IPC00190 - DEBUG - <Response [201]>
2020-02-27 18:39:47,351 - CPE11-HKG-HYBRD-IPC00190 - INFO - 
PASS
2020-02-27 18:39:47,352 - CPE11-HKG-HYBRD-IPC00190 - INFO - >>>>>>>>>> ADDRESS OBJECT CREATION PASSED. <<<<<<<<<<<
2020-02-27 18:39:47,354 - CPE11-HKG-HYBRD-IPC00190 - INFO - 
CREATE IPaddress Object

2020-02-27 18:39:49,734 - CPE11-HKG-HYBRD-IPC00190 - DEBUG - <Response [201]>
2020-02-27 18:39:49,734 - CPE11-HKG-HYBRD-IPC00190 - INFO - 
PASS
2020-02-27 18:39:49,734 - CPE11-HKG-HYBRD-IPC00190 - INFO - >>>>>>>>>> ADDRESS OBJECT CREATION PASSED. <<<<<<<<<<<
2020-02-27 18:39:49,737 - CPE11-HKG-HYBRD-IPC00190 - INFO - 
CREATE Policy rule

2020-02-27 18:39:51,782 - CPE11-HKG-HYBRD-IPC00190 - DEBUG - <Response [201]>
2020-02-27 18:39:51,782 - CPE11-HKG-HYBRD-IPC00190 - INFO - 
PASS
2020-02-27 18:39:51,782 - CPE11-HKG-HYBRD-IPC00190 - INFO - >>>>>>>>>> CREATE POLICY RULE PASSED. <<<<<<<<<<<
2020-02-27 18:42:44,808 - CPE11-HKG-HYBRD-IPC00190 - INFO - 
DELETE IPaddress Object

2020-02-27 18:42:48,612 - CPE11-HKG-HYBRD-IPC00190 - INFO - 
PASS
2020-02-27 18:42:48,614 - CPE11-HKG-HYBRD-IPC00190 - INFO - >>>>>>>>>> Policy rule DELETION PASSED. <<<<<<<<<<<
2020-02-27 18:42:48,627 - CPE11-HKG-HYBRD-IPC00190 - INFO - 
CREATE Policy rule

2020-02-27 18:42:50,676 - CPE11-HKG-HYBRD-IPC00190 - DEBUG - <Response [201]>
2020-02-27 18:42:50,676 - CPE11-HKG-HYBRD-IPC00190 - INFO - 
PASS
2020-02-27 18:42:50,677 - CPE11-HKG-HYBRD-IPC00190 - INFO - >>>>>>>>>> CREATE POLICY RULE PASSED. <<<<<<<<<<<
2020-02-27 18:45:42,996 - CPE11-HKG-HYBRD-IPC00190 - INFO - 
DELETE IPaddress Object

2020-02-27 18:45:47,940 - CPE11-HKG-HYBRD-IPC00190 - INFO - 
PASS
2020-02-27 18:45:47,941 - CPE11-HKG-HYBRD-IPC00190 - INFO - >>>>>>>>>> Policy rule DELETION PASSED. <<<<<<<<<<<
2020-02-27 18:45:47,963 - CPE11-HKG-HYBRD-IPC00190 - INFO - 
DELETE IPaddress Object

2020-02-27 18:45:51,555 - CPE11-HKG-HYBRD-IPC00190 - INFO - 
PASS
2020-02-27 18:45:51,555 - CPE11-HKG-HYBRD-IPC00190 - INFO - >>>>>>>>>> ADDRESS OBJECT DELETION PASSED. <<<<<<<<<<<
2020-02-27 18:45:51,558 - CPE11-HKG-HYBRD-IPC00190 - INFO - 
DELETE IPaddress Object

2020-02-27 18:45:54,440 - CPE11-HKG-HYBRD-IPC00190 - INFO - 
PASS
2020-02-27 18:45:54,440 - CPE11-HKG-HYBRD-IPC00190 - INFO - >>>>>>>>>> ADDRESS OBJECT DELETION PASSED. <<<<<<<<<<<
2020-02-27 18:45:54,441 - CPE11-HKG-HYBRD-IPC00190 - INFO - 
DELETE FWD PROFILE

2020-02-27 18:45:57,036 - CPE11-HKG-HYBRD-IPC00190 - INFO - 
PASS
2020-02-27 18:45:57,036 - CPE11-HKG-HYBRD-IPC00190 - INFO - >>>>>>>>>> FORWARDING PROFILE DELETION PASSED. <<<<<<<<<<<
2020-02-27 18:45:57,038 - CPE11-HKG-HYBRD-IPC00190 - INFO - 
DELETE SLA profile

2020-02-27 18:45:59,171 - CPE11-HKG-HYBRD-IPC00190 - INFO - 
PASS
2020-02-27 18:45:59,171 - CPE11-HKG-HYBRD-IPC00190 - INFO - >>>>>>>>>> DELETE SLA Profile PASSED. <<<<<<<<<<<
