2020-02-28 11:40:51,302 - VD1 - DEBUG - <netmiko.versa.versa_ssh.VersaSSH object at 0x000000000E68F7F0>
2020-02-28 11:40:56,509 - VD1 - DEBUG - versa: Automated@VDir-BLR-NEW-01>
2020-02-28 11:41:01,273 - CPE11-HKG-HYBRD-IPC00190 - DEBUG - <netmiko.versa.versa_ssh.VersaSSH object at 0x000000000E6D5898>
2020-02-28 11:41:06,477 - CPE11-HKG-HYBRD-IPC00190 - DEBUG - versa: Automated@VDir-BLR-NEW-01>
2020-02-28 11:41:30,572 - CPE12-HKG-HYBRD-IPC00190 - DEBUG - <netmiko.versa.versa_ssh.VersaSSH object at 0x000000000E6EE400>
2020-02-28 11:41:35,802 - CPE12-HKG-HYBRD-IPC00190 - DEBUG - versa: Automated@VDir-BLR-NEW-01>
2020-02-28 11:42:49,874 - CPE11-HKG-HYBRD-IPC00190 - INFO - 
CREATE SLA profile

2020-02-28 11:42:51,895 - CPE11-HKG-HYBRD-IPC00190 - DEBUG - <Response [201]>
2020-02-28 11:42:51,904 - CPE11-HKG-HYBRD-IPC00190 - INFO - 
PASS
2020-02-28 11:42:51,904 - CPE11-HKG-HYBRD-IPC00190 - INFO - >>>>>>>>>> CREATE SLA Profile PASSED. <<<<<<<<<<<
2020-02-28 11:42:51,911 - CPE11-HKG-HYBRD-IPC00190 - INFO - 
CREATE FWD PROFILE

2020-02-28 11:42:53,875 - CPE11-HKG-HYBRD-IPC00190 - DEBUG - <Response [201]>
2020-02-28 11:42:53,877 - CPE11-HKG-HYBRD-IPC00190 - INFO - 
PASS
2020-02-28 11:42:53,878 - CPE11-HKG-HYBRD-IPC00190 - INFO - >>>>>>>>>> FORWARDING PROFILE CREATION PASSED. <<<<<<<<<<<
2020-02-28 11:42:53,881 - CPE11-HKG-HYBRD-IPC00190 - INFO - 
CREATE IPaddress Object

2020-02-28 11:42:55,664 - CPE11-HKG-HYBRD-IPC00190 - DEBUG - <Response [201]>
2020-02-28 11:42:55,664 - CPE11-HKG-HYBRD-IPC00190 - INFO - 
PASS
2020-02-28 11:42:55,665 - CPE11-HKG-HYBRD-IPC00190 - INFO - >>>>>>>>>> ADDRESS OBJECT CREATION PASSED. <<<<<<<<<<<
2020-02-28 11:42:55,671 - CPE11-HKG-HYBRD-IPC00190 - INFO - 
CREATE Policy rule

2020-02-28 11:42:58,661 - CPE11-HKG-HYBRD-IPC00190 - DEBUG - <Response [201]>
2020-02-28 11:42:58,661 - CPE11-HKG-HYBRD-IPC00190 - INFO - 
PASS
2020-02-28 11:42:58,663 - CPE11-HKG-HYBRD-IPC00190 - INFO - >>>>>>>>>> CREATE POLICY RULE PASSED. <<<<<<<<<<<
2020-02-28 11:45:50,400 - CPE11-HKG-HYBRD-IPC00190 - INFO - 
DELETE IPaddress Object

2020-02-28 11:45:54,358 - CPE11-HKG-HYBRD-IPC00190 - INFO - 
PASS
2020-02-28 11:45:54,358 - CPE11-HKG-HYBRD-IPC00190 - INFO - >>>>>>>>>> Policy rule DELETION PASSED. <<<<<<<<<<<
2020-02-28 11:45:54,361 - CPE11-HKG-HYBRD-IPC00190 - INFO - 
DELETE IPaddress Object

2020-02-28 11:45:57,365 - CPE11-HKG-HYBRD-IPC00190 - INFO - 
PASS
2020-02-28 11:45:57,365 - CPE11-HKG-HYBRD-IPC00190 - INFO - >>>>>>>>>> ADDRESS OBJECT DELETION PASSED. <<<<<<<<<<<
2020-02-28 11:45:57,368 - CPE11-HKG-HYBRD-IPC00190 - INFO - 
DELETE FWD PROFILE

2020-02-28 11:46:00,138 - CPE11-HKG-HYBRD-IPC00190 - INFO - 
PASS
2020-02-28 11:46:00,138 - CPE11-HKG-HYBRD-IPC00190 - INFO - >>>>>>>>>> FORWARDING PROFILE DELETION PASSED. <<<<<<<<<<<
2020-02-28 11:46:00,141 - CPE11-HKG-HYBRD-IPC00190 - INFO - 
DELETE SLA profile

2020-02-28 11:46:02,648 - CPE11-HKG-HYBRD-IPC00190 - INFO - 
PASS
2020-02-28 11:46:02,648 - CPE11-HKG-HYBRD-IPC00190 - INFO - >>>>>>>>>> DELETE SLA Profile PASSED. <<<<<<<<<<<
