2019-09-16 14:49:14,263 - CPE27-HKG2-SINGLE-CPE-DUAL-INTERNET13 - INFO - LOG FILE PATH : C:\Softwares_mine\stefano\NV_REPOSITORY\csit/LOGS/2019_09_16_14_48_52_289000/MAIN.log
2019-09-16 14:49:14,263 - CPE27-HKG2-SINGLE-CPE-DUAL-INTERNET13 - INFO - CPE NAME:CPE27-HKG2-SINGLE-CPE-DUAL-INTERNET13
2019-09-16 14:49:15,266 - CPE27-HKG2-SINGLE-CPE-DUAL-INTERNET13 - INFO - SOLUTION SELECTED:SINGLE-CPE-DUAL-INTERNET
2019-09-16 14:49:16,677 - CPE27-HKG2-SINGLE-CPE-DUAL-INTERNET13 - DEBUG - {u'versanms.sdwan-org-workflow': {u'ikeAuthType': u'psk', u'globalId': 90, u'orgName': u'IPC00190', u'controllers': [u'NV-WC01-N1-HKG', u'NV-WC01-N6-SIN', u'NV-WC02-N1-HKG', u'NV-WC02-N6-SIN'], u'bandwidth': 10, u'parentOrg': u'Colt', u'vrfs': [{u'name': u'LAN1-VRF', u'enableVPN': True, u'id': 1020}, {u'name': u'LAN2-VRF', u'enableVPN': True, u'id': 1021}, {u'name': u'LAN3-VRF', u'enableVPN': True, u'id': 1022}, {u'name': u'LAN4-VRF', u'enableVPN': True, u'id': 1023}, {u'name': u'LAN5-VRF', u'enableVPN': True, u'id': 1024}, {u'name': u'LAN6-VRF', u'enableVPN': True, u'id': 1025}, {u'name': u'LAN7-VRF', u'enableVPN': True, u'id': 1026}, {u'name': u'LAN8-VRF', u'enableVPN': True, u'id': 1027}, {u'name': u'LAN9-VRF', u'enableVPN': True, u'id': 1028}, {u'name': u'LAN10-VRF', u'enableVPN': True, u'id': 1029}], u'solutionTier': u'base-sdwan', u'sharedControlPlane': False}}
2019-09-16 14:49:16,693 - CPE27-HKG2-SINGLE-CPE-DUAL-INTERNET13 - INFO - STEP : CHECK ORG is available in Controller NV-WC01-N1-HKG
2019-09-16 14:49:16,693 - CPE27-HKG2-SINGLE-CPE-DUAL-INTERNET13 - INFO - PASS
2019-09-16 14:49:16,993 - CPE27-HKG2-SINGLE-CPE-DUAL-INTERNET13 - DEBUG - {u'versanms.sdwan-org-workflow': {u'ikeAuthType': u'psk', u'globalId': 90, u'orgName': u'IPC00190', u'controllers': [u'NV-WC01-N1-HKG', u'NV-WC01-N6-SIN', u'NV-WC02-N1-HKG', u'NV-WC02-N6-SIN'], u'bandwidth': 10, u'parentOrg': u'Colt', u'vrfs': [{u'name': u'LAN1-VRF', u'enableVPN': True, u'id': 1020}, {u'name': u'LAN2-VRF', u'enableVPN': True, u'id': 1021}, {u'name': u'LAN3-VRF', u'enableVPN': True, u'id': 1022}, {u'name': u'LAN4-VRF', u'enableVPN': True, u'id': 1023}, {u'name': u'LAN5-VRF', u'enableVPN': True, u'id': 1024}, {u'name': u'LAN6-VRF', u'enableVPN': True, u'id': 1025}, {u'name': u'LAN7-VRF', u'enableVPN': True, u'id': 1026}, {u'name': u'LAN8-VRF', u'enableVPN': True, u'id': 1027}, {u'name': u'LAN9-VRF', u'enableVPN': True, u'id': 1028}, {u'name': u'LAN10-VRF', u'enableVPN': True, u'id': 1029}], u'solutionTier': u'base-sdwan', u'sharedControlPlane': False}}
2019-09-16 14:49:16,993 - CPE27-HKG2-SINGLE-CPE-DUAL-INTERNET13 - INFO - STEP : CHECK ORG is available in Controller NV-WC02-N6-SIN
2019-09-16 14:49:16,993 - CPE27-HKG2-SINGLE-CPE-DUAL-INTERNET13 - INFO - PASS
2019-09-16 14:49:17,278 - CPE27-HKG2-SINGLE-CPE-DUAL-INTERNET13 - DEBUG - {u'versanms.sdwan-org-workflow': {u'ikeAuthType': u'psk', u'globalId': 90, u'orgName': u'IPC00190', u'controllers': [u'NV-WC01-N1-HKG', u'NV-WC01-N6-SIN', u'NV-WC02-N1-HKG', u'NV-WC02-N6-SIN'], u'bandwidth': 10, u'parentOrg': u'Colt', u'vrfs': [{u'name': u'LAN1-VRF', u'enableVPN': True, u'id': 1020}, {u'name': u'LAN2-VRF', u'enableVPN': True, u'id': 1021}, {u'name': u'LAN3-VRF', u'enableVPN': True, u'id': 1022}, {u'name': u'LAN4-VRF', u'enableVPN': True, u'id': 1023}, {u'name': u'LAN5-VRF', u'enableVPN': True, u'id': 1024}, {u'name': u'LAN6-VRF', u'enableVPN': True, u'id': 1025}, {u'name': u'LAN7-VRF', u'enableVPN': True, u'id': 1026}, {u'name': u'LAN8-VRF', u'enableVPN': True, u'id': 1027}, {u'name': u'LAN9-VRF', u'enableVPN': True, u'id': 1028}, {u'name': u'LAN10-VRF', u'enableVPN': True, u'id': 1029}], u'solutionTier': u'base-sdwan', u'sharedControlPlane': False}}
2019-09-16 14:49:17,278 - CPE27-HKG2-SINGLE-CPE-DUAL-INTERNET13 - INFO - STEP : CHECK ORG is available in Controller NV-WC01-N6-SIN
2019-09-16 14:49:17,278 - CPE27-HKG2-SINGLE-CPE-DUAL-INTERNET13 - INFO - PASS
2019-09-16 14:49:17,278 - CPE27-HKG2-SINGLE-CPE-DUAL-INTERNET13 - INFO - STEP : PRE-ONBOARD WORK
2019-09-16 14:49:17,331 - CPE27-HKG2-SINGLE-CPE-DUAL-INTERNET13 - DEBUG - 
sudo /opt/versa/scripts/staging.py -w 2 -c 10.83.77.10 -s 172.16.6.106/30 -g 172.16.6.105 -l IPC00190-CPE27-HKG2-SINGLE-CPE-DUAL-INTERNET13@colt.net -lk CPE27-HKG2-SINGLE-CPE-DUAL-INTERNET13  -r NV-WC01-N6-SIN@colt.net -rk 1234

2019-09-16 14:49:17,331 - CPE27-HKG2-SINGLE-CPE-DUAL-INTERNET13 - DEBUG - {
	"versanms.sdwan-device-workflow": {
		"deviceName": "CPE27-HKG2-SINGLE-CPE-DUAL-INTERNET13",
		"siteId": "4257",
		"orgName": "IPC00190",
		"serialNumber": "CPE27rSAB9",
		"deviceGroup": "IPC00190-SIN-PS-DIS-LIB-DG",
		"locationInfo": {
			"state": "karnataka",
			"country": "india",
			"longitude": "77.594563",
			"latitude": "12.971599",
			"city": "bangalore"
		},
		"postStagingTemplateInfo": {
			"templateName": "IPC00190-SIN-PS-DIS-LIB",
			"templateData": {
				"device-template-variable": {
					"template": "IPC00190-SIN-PS-DIS-LIB",
					"variable-binding": {
						"attrs": [{
							"name": "{$v_INT-WAN2_IPv4__staticaddress}",
							"value": "172.16.6.106/30",
							"isAutogeneratable": false
						},
						
						    
						    
						    
						{ "name": "{$v_vni-0-4_LAN1_Unit-0__unit}", "value": "750", "isAutogeneratable": false},
						{ "name": "{$v_vni-0-4_LAN1_Unit-0__vlanId}", "value": "750", "isAutogeneratable": false },
						
						    
						    
						    
						{ "name": "{$v_vni-0-4_LAN2_Unit-1__unit}", "value": "751", "isAutogeneratable": false},
						{ "name": "{$v_vni-0-4_LAN2_Unit-1__vlanId}", "value": "751", "isAutogeneratable": false },
						
						{
							"name": "{$v_IPC00190-Control-VR_90_Router_ID__vrRouteId}",
							"value": "20.20.90.27",
							"isAutogeneratable": true,
							"isOverwritten": false
						}, {
							"name": "{$v_IPC00190_NV-WC01-N6-SIN_Local_auth_email_key__IKELKey}",
							"value": "CPE27-HKG2-SINGLE-CPE-DUAL-INTERNET13",
							"isAutogeneratable": true
						}, {
							"name": "{$v_IPC00190_NV-WC02-N6-SIN_Local_auth_email_key__IKELKey}",
							"value": "CPE27-HKG2-SINGLE-CPE-DUAL-INTERNET13",
							"isAutogeneratable": true
						},
						
						
						
						{ "name": "{$v_LAN1_IPv4__staticaddress}", "value": "192.170.1.1/24", "isAutogeneratable": false},
						
						
						
						{ "name": "{$v_LAN2_IPv4__staticaddress}", "value": "192.170.2.1/24", "isAutogeneratable": false},
						
						{
							"name": "{$v_IPC00190_NV-WC02-N6-SIN_Local_auth_email_identifier__IKELIdentifier}",
							"value": "CPE27-HKG2-SINGLE-CPE-DUAL-INTERNET13@colt.net",
							"isAutogeneratable": true
						}, {
							"name": "{$v_Site_Id__siteSiteID}",
							"value": "4257",
							"isAutogeneratable": true
						}, {
							"name": "{$v_IPC00190_NV-WC01-N6-SIN_Local_auth_email_identifier__IKELIdentifier}",
							"value": "CPE27-HKG2-SINGLE-CPE-DUAL-INTERNET13@colt.net",
							"isAutogeneratable": true
						}, {
							"name": "{$v_IPC00190_Site_Name__sitesSiteName}",
							"value": "CPE27-HKG2-SINGLE-CPE-DUAL-INTERNET13",
							"isAutogeneratable": true
						}, {
							"name": "{$v_latitude__IdLatitude}",
							"value": "12.971599",
							"isAutogeneratable": true
						}, {
							"name": "{$v_identification__IdName}",
							"value": "CPE27-HKG2-SINGLE-CPE-DUAL-INTERNET13",
							"isAutogeneratable": true
						}, {
							"name": "{$v_INT-WAN2-Transport-VR_IPv4__vrHopAddress}",
							"value": "172.16.6.105",
							"isAutogeneratable": false
						},	{
						    "name": "{$v_tvi-0-180_-_Unit_0_Static_address__tunnelStaticAddress}",
							"value": "10.10.90.27/32",
							"isAutogeneratable": true,
							"isOverwritten": false
						}, {
							"name": "{$v_Chassis_Id__sitesChassisId}",
							"value": "CPE27rSAB9",
							"isAutogeneratable": true
						}, {
							"name": "{$v_longitude__Idlongitude}",
							"value": "77.594563",
							"isAutogeneratable": true
						}, {
							"name": "{$v_location__IdLocation}",
							"value": "bangalore,karnataka, india",
							"isAutogeneratable": true
						}, {
							"name": "{$v_IPC00190-Control-VR_90_Local_address__vrRouterAddress}",
							"value": "20.20.90.27",
							"isAutogeneratable": true,
							"isOverwritten": false
						}, {
							"name": "{$v_INT-WAN1-Transport-VR_IPv4__vrHopAddress}",
							"value": "172.16.7.105",
							"isAutogeneratable": false
						}, {
							"name": "{$v_INT-WAN1_IPv4__staticaddress}",
							"value": "172.16.7.106/30",
							"isAutogeneratable": false
						}, {
							"name": "{$v_tvi-0-181_-_Unit_0_Static_address__tunnelStaticAddress}",
							"value": "20.20.90.27/32",
							"isAutogeneratable": true,
							"isOverwritten": false
						}]
					}
				},
				"variableMetadata": [{
					"variable": "{$v_INT-WAN2_IPv4__staticaddress}",
					"group": "Interfaces",
					"overlay": false,
					"type": "IPV4_MASK"
				},
                
                
                
				{"variable": "{$v_vni-0-4_LAN1_Unit-0__vlanId}", "group": "Vlan Info", "overlay": false, "type": "INTEGER"},
                
                
                
				{"variable": "{$v_vni-0-4_LAN2_Unit-1__vlanId}", "group": "Vlan Info", "overlay": false, "type": "INTEGER"},
                
				{
					"variable": "{$v_IPC00190-Control-VR_90_Router_ID__vrRouteId}",
					"group": "Virtual Routers",
					"overlay": true,
					"type": "IPV4"
				}, {
					"variable": "{$v_IPC00190_NV-WC01-N6-SIN_Local_auth_email_key__IKELKey}",
					"group": "IPSEC",
					"overlay": false
				}, {
					"variable": "{$v_IPC00190_NV-WC02-N6-SIN_Local_auth_email_key__IKELKey}",
					"group": "IPSEC",
					"overlay": false
				},
			{
					"variable": "{$v_LAN1_IPv4__staticaddress}", "group": "Interfaces", "overlay": false, "type": "IPV4_MASK"
				},
            {
					"variable": "{$v_LAN2_IPv4__staticaddress}", "group": "Interfaces", "overlay": false, "type": "IPV4_MASK"
				},
            
				 {
					"variable": "{$v_IPC00190_NV-WC02-N6-SIN_Local_auth_email_identifier__IKELIdentifier}",
					"group": "IPSEC",
					"overlay": false
				}, {
					"variable": "{$v_Site_Id__siteSiteID}",
					"group": "SDWAN",
					"overlay": false
				}, {
					"variable": "{$v_IPC00190_NV-WC01-N6-SIN_Local_auth_email_identifier__IKELIdentifier}",
					"group": "IPSEC",
					"overlay": false
				}, {
					"variable": "{$v_IPC00190_Site_Name__sitesSiteName}",
					"group": "SDWAN",
					"overlay": false
				}, {
					"variable": "{$v_latitude__IdLatitude}",
					"group": "SDWAN",
					"overlay": false
				}, {
					"variable": "{$v_identification__IdName}",
					"group": "SDWAN",
					"overlay": false
				}, {
					"variable": "{$v_INT-WAN2-Transport-VR_IPv4__vrHopAddress}",
					"group": "Virtual Routers",
					"overlay": false,
					"type": "IPV4_IPV6"
				}, {
					"variable": "{$v_tvi-0-180_-_Unit_0_Static_address__tunnelStaticAddress}",
					"group": "Interfaces",
					"overlay": true,
					"type": "IPV4_IPV6_MASK"
				}, {
					"variable": "{$v_Chassis_Id__sitesChassisId}",
					"group": "SDWAN",
					"overlay": false
				}, {
					"variable": "{$v_longitude__Idlongitude}",
					"group": "SDWAN",
					"overlay": false
				}, {
					"variable": "{$v_location__IdLocation}",
					"group": "SDWAN",
					"overlay": false
				}, {
					"variable": "{$v_IPC00190-Control-VR_90_Local_address__vrRouterAddress}",
					"group": "Virtual Routers",
					"overlay": true,
					"type": "IPV4"
				}, {
					"variable": "{$v_INT-WAN1-Transport-VR_IPv4__vrHopAddress}",
					"group": "Virtual Routers",
					"overlay": false,
					"type": "IPV4_IPV6"
				}, {
					"variable": "{$v_tvi-0-181_-_Unit_0_Static_address__tunnelStaticAddress}",
					"group": "Interfaces",
					"overlay": true,
					"type": "IPV4_IPV6_MASK"
				}]
			}
		}
	}
}
2019-09-16 14:49:18,510 - CPE27-HKG2-SINGLE-CPE-DUAL-INTERNET13 - INFO - <Response [200]>
2019-09-16 14:49:18,510 - CPE27-HKG2-SINGLE-CPE-DUAL-INTERNET13 - DEBUG - 
PASS
2019-09-16 14:49:18,510 - CPE27-HKG2-SINGLE-CPE-DUAL-INTERNET13 - INFO -  >>>>>>>>>> DEVICE TEMPLATE CREATION PASSED. <<<<<<<<<<<
2019-09-16 14:49:28,733 - CPE27-HKG2-SINGLE-CPE-DUAL-INTERNET13 - DEBUG - {"TaskResponse":{"task-id":21637,"link":{"@rel":"GET","@href":"vnms/tasks/task/21637"}}}
2019-09-16 14:49:33,747 - CPE27-HKG2-SINGLE-CPE-DUAL-INTERNET13 - DEBUG - 21637
2019-09-16 14:49:33,921 - CPE27-HKG2-SINGLE-CPE-DUAL-INTERNET13 - DEBUG - {u'versa-tasks.task': {u'versa-tasks.user': u'Automated', u'versa-tasks.percentage-completion': 100, u'versa-tasks.progressmessages': {u'versa-tasks.progressmessage': [{u'versa-tasks.time': u'2019-09-16 09:19:29.609', u'versa-tasks.message': u'Creating device in hardware inventory [CPE27-HKG2-SINGLE-CPE-DUAL-INTERNET13]'}, {u'versa-tasks.time': u'2019-09-16 09:19:29.624', u'versa-tasks.message': u'Add device [CPE27-HKG2-SINGLE-CPE-DUAL-INTERNET13] to device group [IPC00190-SIN-PS-DIS-LIB-DG]'}, {u'versa-tasks.time': u'2019-09-16 09:19:29.63', u'versa-tasks.message': u'Adding device [CPE27-HKG2-SINGLE-CPE-DUAL-INTERNET13] to template [ IPC00190-SIN-PS-DIS-LIB ]'}, {u'versa-tasks.time': u'2019-09-16 09:19:29.648', u'versa-tasks.message': u'Binding device variables to template [ IPC00190-SIN-PS-DIS-LIB ]'}, {u'versa-tasks.time': u'2019-09-16 09:19:29.789', u'versa-tasks.message': u'Adding post-staging configuration to controllers [NV-WC02-N6-SIN, NV-WC01-N6-SIN]'}, {u'versa-tasks.time': u'2019-09-16 09:19:30.481', u'versa-tasks.message': u'Successfully deployed device.'}]}, u'versa-tasks.object-name': u'Device Workflow', u'versa-tasks.task-status': u'COMPLETED', u'versa-tasks.task-description': u'Device workflow deployment: { CPE27-HKG2-SINGLE-CPE-DUAL-INTERNET13 }', u'versa-tasks.task-name': u'Deploy', u'versa-tasks.domain-name': u'PROVIDER', u'versa-tasks.id': 21637, u'versa-tasks.start-time': u'2019-09-16 09:19:28.724', u'versa-tasks.end-time': u'2019-09-16 09:19:30.481', u'versa-tasks.errormessages': u''}}
2019-09-16 14:49:33,921 - CPE27-HKG2-SINGLE-CPE-DUAL-INTERNET13 - DEBUG - 100
2019-09-16 14:49:33,921 - CPE27-HKG2-SINGLE-CPE-DUAL-INTERNET13 - INFO - Sleeping for 5 seconds
2019-09-16 14:49:39,154 - CPE27-HKG2-SINGLE-CPE-DUAL-INTERNET13 - DEBUG - {"versa-tasks.task":{"versa-tasks.id":21637,"versa-tasks.task-name":"Deploy","versa-tasks.object-name":"Device Workflow","versa-tasks.domain-name":"PROVIDER","versa-tasks.user":"Automated","versa-tasks.task-description":"Device workflow deployment: { CPE27-HKG2-SINGLE-CPE-DUAL-INTERNET13 }","versa-tasks.task-status":"COMPLETED","versa-tasks.percentage-completion":100,"versa-tasks.progressmessages":{"versa-tasks.progressmessage":[{"versa-tasks.message":"Creating device in hardware inventory [CPE27-HKG2-SINGLE-CPE-DUAL-INTERNET13]","versa-tasks.time":"2019-09-16 09:19:29.609"},{"versa-tasks.message":"Add device [CPE27-HKG2-SINGLE-CPE-DUAL-INTERNET13] to device group [IPC00190-SIN-PS-DIS-LIB-DG]","versa-tasks.time":"2019-09-16 09:19:29.624"},{"versa-tasks.message":"Adding device [CPE27-HKG2-SINGLE-CPE-DUAL-INTERNET13] to template [ IPC00190-SIN-PS-DIS-LIB ]","versa-tasks.time":"2019-09-16 09:19:29.63"},{"versa-tasks.message":"Binding device variables to template [ IPC00190-SIN-PS-DIS-LIB ]","versa-tasks.time":"2019-09-16 09:19:29.648"},{"versa-tasks.message":"Adding post-staging configuration to controllers [NV-WC02-N6-SIN, NV-WC01-N6-SIN]","versa-tasks.time":"2019-09-16 09:19:29.789"},{"versa-tasks.message":"Successfully deployed device.","versa-tasks.time":"2019-09-16 09:19:30.481"}]},"versa-tasks.errormessages":"","versa-tasks.start-time":"2019-09-16 09:19:28.724","versa-tasks.end-time":"2019-09-16 09:19:30.481"}}
2019-09-16 14:49:39,154 - CPE27-HKG2-SINGLE-CPE-DUAL-INTERNET13 - INFO - >>>>>>>>>> Device deployed  <<<<<<<<<<<
2019-09-16 14:49:40,046 - CPE27-HKG2-SINGLE-CPE-DUAL-INTERNET13 - DEBUG - {u'versanms.sdwan-device-workflow': {u'postStagingTemplateInfo': {u'templateData': {u'device-template-variable': {u'variable-binding': {u'attrs': [{u'isAutogeneratable': False, u'name': u'{$v_INT-WAN2_IPv4__staticaddress}', u'value': u'172.16.6.106/30'}, {u'isAutogeneratable': True, u'isOverwritten': True, u'name': u'{$v_tvi-0-181_-_Unit_0_Static_address__tunnelStaticAddress}', u'value': u'20.20.90.27/32'}, {u'isAutogeneratable': False, u'name': u'{$v_vni-0-4_LAN1_Unit-0__vlanId}', u'value': 750}, {u'isAutogeneratable': True, u'name': u'{$v_Chassis_Id__sitesChassisId}', u'value': u'CPE27rSAB9'}, {u'isAutogeneratable': True, u'isOverwritten': True, u'name': u'{$v_IPC00190-Control-VR_90_Router_ID__vrRouteId}', u'value': u'20.20.90.27'}, {u'isAutogeneratable': True, u'name': u'{$v_IPC00190_NV-WC01-N6-SIN_Local_auth_email_identifier__IKELIdentifier}', u'value': u'CPE27-HKG2-SINGLE-CPE-DUAL-INTERNET13@colt.net'}, {u'isAutogeneratable': True, u'name': u'{$v_longitude__Idlongitude}', u'value': 77.594563}, {u'isAutogeneratable': False, u'name': u'{$v_INT-WAN2-Transport-VR_IPv4__vrHopAddress}', u'value': u'172.16.6.105'}, {u'isAutogeneratable': True, u'name': u'{$v_IPC00190_NV-WC01-N6-SIN_Local_auth_email_key__IKELKey}', u'value': u'CPE27-HKG2-SINGLE-CPE-DUAL-INTERNET13'}, {u'isAutogeneratable': False, u'name': u'{$v_INT-WAN1-Transport-VR_IPv4__vrHopAddress}', u'value': u'172.16.7.105'}, {u'isAutogeneratable': False, u'name': u'{$v_INT-WAN1_IPv4__staticaddress}', u'value': u'172.16.7.106/30'}, {u'isAutogeneratable': False, u'name': u'{$v_LAN2_IPv4__staticaddress}', u'value': u'192.170.2.1/24'}, {u'isAutogeneratable': True, u'name': u'{$v_IPC00190_NV-WC02-N6-SIN_Local_auth_email_key__IKELKey}', u'value': u'CPE27-HKG2-SINGLE-CPE-DUAL-INTERNET13'}, {u'isAutogeneratable': True, u'name': u'{$v_location__IdLocation}', u'value': u'bangalore,karnataka, india'}, {u'isAutogeneratable': False, u'name': u'{$v_vni-0-4_LAN2_Unit-1__unit}', u'value': 751}, {u'isAutogeneratable': True, u'name': u'{$v_IPC00190_NV-WC02-N6-SIN_Local_auth_email_identifier__IKELIdentifier}', u'value': u'CPE27-HKG2-SINGLE-CPE-DUAL-INTERNET13@colt.net'}, {u'isAutogeneratable': True, u'isOverwritten': True, u'name': u'{$v_IPC00190-Control-VR_90_Local_address__vrRouterAddress}', u'value': u'20.20.90.27'}, {u'isAutogeneratable': True, u'isOverwritten': True, u'name': u'{$v_tvi-0-180_-_Unit_0_Static_address__tunnelStaticAddress}', u'value': u'10.10.90.27/32'}, {u'isAutogeneratable': False, u'name': u'{$v_vni-0-4_LAN2_Unit-1__vlanId}', u'value': 751}, {u'isAutogeneratable': False, u'name': u'{$v_vni-0-4_LAN1_Unit-0__unit}', u'value': 750}, {u'isAutogeneratable': True, u'name': u'{$v_Site_Id__siteSiteID}', u'value': 4257}, {u'isAutogeneratable': True, u'name': u'{$v_IPC00190_Site_Name__sitesSiteName}', u'value': u'CPE27-HKG2-SINGLE-CPE-DUAL-INTERNET13'}, {u'isAutogeneratable': False, u'name': u'{$v_LAN1_IPv4__staticaddress}', u'value': u'192.170.1.1/24'}, {u'isAutogeneratable': True, u'name': u'{$v_latitude__IdLatitude}', u'value': 12.971599}, {u'isAutogeneratable': True, u'name': u'{$v_identification__IdName}', u'value': u'CPE27-HKG2-SINGLE-CPE-DUAL-INTERNET13'}]}, u'template': u'IPC00190-SIN-PS-DIS-LIB'}, u'variableMetadata': [{u'variable': u'{$v_INT-WAN2_IPv4__staticaddress}', u'type': u'IPV4_MASK', u'group': u'Interfaces', u'overlay': False}, {u'variable': u'{$v_tvi-0-181_-_Unit_0_Static_address__tunnelStaticAddress}', u'type': u'IPV4_IPV6_MASK', u'group': u'Interfaces', u'overlay': True}, {u'variable': u'{$v_vni-0-4_LAN1_Unit-0__vlanId}', u'type': u'INTEGER', u'group': u'Vlan Info', u'overlay': False}, {u'variable': u'{$v_Chassis_Id__sitesChassisId}', u'group': u'SDWAN', u'overlay': False}, {u'variable': u'{$v_IPC00190-Control-VR_90_Router_ID__vrRouteId}', u'type': u'IPV4', u'group': u'Virtual routers', u'overlay': True}, {u'variable': u'{$v_IPC00190_NV-WC01-N6-SIN_Local_auth_email_identifier__IKELIdentifier}', u'group': u'IPSEC', u'overlay': False}, {u'variable': u'{$v_longitude__Idlongitude}', u'group': u'SDWAN', u'overlay': False}, {u'variable': u'{$v_INT-WAN2-Transport-VR_IPv4__vrHopAddress}', u'type': u'IPV4', u'group': u'Virtual routers', u'overlay': False}, {u'variable': u'{$v_IPC00190_NV-WC01-N6-SIN_Local_auth_email_key__IKELKey}', u'group': u'IPSEC', u'overlay': False}, {u'variable': u'{$v_INT-WAN1-Transport-VR_IPv4__vrHopAddress}', u'type': u'IPV4', u'group': u'Virtual routers', u'overlay': False}, {u'variable': u'{$v_INT-WAN1_IPv4__staticaddress}', u'type': u'IPV4_MASK', u'group': u'Interfaces', u'overlay': False}, {u'variable': u'{$v_LAN2_IPv4__staticaddress}', u'type': u'IPV4_MASK', u'group': u'Interfaces', u'overlay': False}, {u'variable': u'{$v_IPC00190_NV-WC02-N6-SIN_Local_auth_email_key__IKELKey}', u'group': u'IPSEC', u'overlay': False}, {u'variable': u'{$v_location__IdLocation}', u'group': u'SDWAN', u'overlay': False}, {u'variable': u'{$v_vni-0-4_LAN2_Unit-1__unit}', u'type': u'INTEGER', u'group': u'Vlan Info', u'overlay': False}, {u'variable': u'{$v_IPC00190_NV-WC02-N6-SIN_Local_auth_email_identifier__IKELIdentifier}', u'group': u'IPSEC', u'overlay': False}, {u'variable': u'{$v_IPC00190-Control-VR_90_Local_address__vrRouterAddress}', u'type': u'IPV4', u'group': u'Virtual routers', u'overlay': True}, {u'variable': u'{$v_tvi-0-180_-_Unit_0_Static_address__tunnelStaticAddress}', u'type': u'IPV4_IPV6_MASK', u'group': u'Interfaces', u'overlay': True}, {u'variable': u'{$v_vni-0-4_LAN2_Unit-1__vlanId}', u'type': u'INTEGER', u'group': u'Vlan Info', u'overlay': False}, {u'variable': u'{$v_vni-0-4_LAN1_Unit-0__unit}', u'type': u'INTEGER', u'group': u'Vlan Info', u'overlay': False}, {u'variable': u'{$v_Site_Id__siteSiteID}', u'group': u'SDWAN', u'overlay': False}, {u'variable': u'{$v_IPC00190_Site_Name__sitesSiteName}', u'group': u'SDWAN', u'overlay': False}, {u'variable': u'{$v_LAN1_IPv4__staticaddress}', u'type': u'IPV4_MASK', u'group': u'Interfaces', u'overlay': False}, {u'variable': u'{$v_latitude__IdLatitude}', u'group': u'SDWAN', u'overlay': False}, {u'variable': u'{$v_identification__IdName}', u'group': u'SDWAN', u'overlay': False}]}, u'templateName': u'IPC00190-SIN-PS-DIS-LIB'}, u'deviceName': u'CPE27-HKG2-SINGLE-CPE-DUAL-INTERNET13', u'workflowStatus': u'Deployed', u'deviceGroup': u'IPC00190-SIN-PS-DIS-LIB-DG', u'orgName': u'IPC00190', u'serialNumber': u'CPE27rSAB9', u'locationInfo': {u'latitude': 12.971599, u'country': u'india', u'state': u'karnataka', u'longitude': 77.594563, u'city': u'bangalore'}, u'bandwidth': 0, u'lastUpdatedBy': u'Automated', u'siteId': 4257, u'instanceInfo': u'', u'stagingTemplateInfo': u'', u'lastModifiedTime': u'2019-09-16T09:19:30.334000+00:00', u'urlztpBasedInfo': {u'authType': u'psk', u'enableIpv4Dhcp': False, u'branchKey': u'paNjLtBzXnnZpY13', u'branchId': u'CPE27-HKG2-SINGLE-CPE-DUAL-INTERNET13@IPC00190.com', u'enableIpv6': False, u'enableIpv4': False, u'enableIpv6Dhcp': False}}}
2019-09-16 14:49:49,882 - CPE27-HKG2-SINGLE-CPE-DUAL-INTERNET13 - DEBUG - <netmiko.versa.versa.VersaSSH object at 0x000000000D07B940>
2019-09-16 14:49:55,112 - CPE27-HKG2-SINGLE-CPE-DUAL-INTERNET13 - DEBUG - versa: Automated@VDir-BLR-NEW-01>
2019-09-16 14:49:59,680 - CPE27-HKG2-SINGLE-CPE-DUAL-INTERNET13 - DEBUG - configure private
Entering configuration mode private
[ok][2019-09-16 09:19:57]

[edit]
Automated@VDir-BLR-NEW-01% 
2019-09-16 14:50:01,882 - CPE27-HKG2-SINGLE-CPE-DUAL-INTERNET13 - DEBUG - True
2019-09-16 14:50:02,888 - CPE27-HKG2-SINGLE-CPE-DUAL-INTERNET13 - DEBUG - set devices device NV-WC01-N6-SIN config orgs org-services Colt ipsec vpn-profile INT-WAN-NV-WC01-N6-SIN-StagingIpsec psk-auth-clients remote-client IPC00190-CPE27-HKG2-SINGLE-CPE-DUAL-INTERNET13@colt.net id-type  email
[ok][2019-09-16 09:20:02]

[edit]
Automated@VDir-BLR-NEW-01% 
2019-09-16 14:50:03,694 - CPE27-HKG2-SINGLE-CPE-DUAL-INTERNET13 - DEBUG - set devices device NV-WC01-N6-SIN config orgs org-services Colt ipsec vpn-profile INT-WAN-NV-WC01-N6-SIN-StagingIpsec psk-auth-clients remote-client IPC00190-CPE27-HKG2-SINGLE-CPE-DUAL-INTERNET13@colt.net key CPE27-HKG2-SINGLE-CPE-DUAL-INTERNET13
[ok][2019-09-16 09:20:03]

[edit]
Automated@VDir-BLR-NEW-01% 
2019-09-16 14:50:04,499 - CPE27-HKG2-SINGLE-CPE-DUAL-INTERNET13 - DEBUG - commit and-quit
Commit complete.
[ok][2019-09-16 09:20:04]
Automated@VDir-BLR-NEW-01> 
2019-09-16 14:50:04,500 - CPE27-HKG2-SINGLE-CPE-DUAL-INTERNET13 - INFO - >>>>>>>>>> Staging profile config done  <<<<<<<<<<<
2019-09-16 14:50:04,568 - CPE27-HKG2-SINGLE-CPE-DUAL-INTERNET13 - INFO - STEP : ONBOARD CALL
2019-09-16 14:50:04,568 - CPE27-HKG2-SINGLE-CPE-DUAL-INTERNET13 - DEBUG - 
sudo /opt/versa/scripts/staging.py -w 2 -c 10.83.77.10 -s 172.16.6.106/30 -g 172.16.6.105 -l IPC00190-CPE27-HKG2-SINGLE-CPE-DUAL-INTERNET13@colt.net -lk CPE27-HKG2-SINGLE-CPE-DUAL-INTERNET13  -r NV-WC01-N6-SIN@colt.net -rk 1234

2019-09-16 14:50:08,664 - CPE27-HKG2-SINGLE-CPE-DUAL-INTERNET13 - DEBUG - <netmiko.linux.linux_ssh.LinuxSSH object at 0x000000000D07BFD0>
2019-09-16 14:50:09,065 - CPE27-HKG2-SINGLE-CPE-DUAL-INTERNET13 - DEBUG - [sudo] password for admin: 
2019-09-16 14:50:09,467 - CPE27-HKG2-SINGLE-CPE-DUAL-INTERNET13 - DEBUG - E27-HKG2-SINGLE-CPE-DUAL-INTERNET11: ~] # 
2019-09-16 14:50:09,869 - CPE27-HKG2-SINGLE-CPE-DUAL-INTERNET13 - DEBUG - exit
2019-09-16 14:50:10,085 - CPE27-HKG2-SINGLE-CPE-DUAL-INTERNET13 - DEBUG - linux: [admin@CPE27-HKG2-SINGLE-CPE-DUAL-INTERNET11: ~] #
2019-09-16 14:50:10,486 - CPE27-HKG2-SINGLE-CPE-DUAL-INTERNET13 - DEBUG - vsh allow-cli
Enter password: 
2019-09-16 14:50:10,905 - CPE27-HKG2-SINGLE-CPE-DUAL-INTERNET13 - DEBUG - 

CLI now allowed
[admin@CPE27-HKG2-SINGLE-CPE-DUAL-INTERNET11: ~] # 
2019-09-16 14:50:11,312 - CPE27-HKG2-SINGLE-CPE-DUAL-INTERNET13 - DEBUG - cli
Access to this network/system is limited to users authorised by Colt for its legitimate business purposes. Unauthorised access, use, installation of files or modification of any data is prohibited. Use of this system/network will be audited

             .---.,
            (      ``.
       _     \        )    __      ________ _____   _____
      (  `.   \      /     \ \    / /  ____|  __ \ / ____|  /\
       \    `. )    /       \ \  / /| |__  | |__) | (___   /  \
        \     |    /         \ \/ / |  __| |  _  / \___ \ / /\ \
         \    |   /           \  /  | |____| | \ \ ____) / ____ \
          \   |  /             \/   |______|_|  \_\_____/_/    \_\
           \  | /
            \_|/                   _  _ ___ _______      _____  ___ _  _____
                                  | \| | __|_   _\ \    / / _ \| _ \ |/ / __|
                                  | .` | _|  | |  \ \/\/ / (_) |   / ' <\__ \
                                  |_|\_|___| |_|   \_/\_/ \___/|_|_\_|\_\___/



admin connected from 10.91.192.178 using ssh on CPE27-HKG2-SINGLE-CPE-DUAL-INTERNET11
[?7hadmin@CPE27-HKG2-SINGLE-CPE-DUAL-INTERNET11-cli> 
2019-09-16 14:50:11,717 - CPE27-HKG2-SINGLE-CPE-DUAL-INTERNET13 - DEBUG - request erase running-config
Will delete the running config and restart Versa
Services. Are you sure? [no,yes] 
2019-09-16 14:50:21,459 - CPE27-HKG2-SINGLE-CPE-DUAL-INTERNET13 - DEBUG - yes
status  Erasing config and restarting services 
[ok][2019-09-16 09:20:11]
admin@CPE27-HKG2-SINGLE-CPE-DUAL-INTERNET11-cli> 
System message at 2019-09-16 09:20:14...
    Subsystem stopped: eventd
admin@CPE27-HKG2-SINGLE-CPE-DUAL-INTERNET11-cli> 
System message at 2019-09-16 09:20:14...
    Subsystem stopped: acctmgrd
admin@CPE27-HKG2-SINGLE-CPE-DUAL-INTERNET11-cli> 
System message at 2019-09-16 09:20:14...
    Subsystem stopped: snmp-config-transform
admin@CPE27-HKG2-SINGLE-CPE-DUAL-INTERNET11-cli> 
System message at 2019-09-16 09:20:14...
    Subsystem stopped: snmp-config-hook
admin@CPE27-HKG2-SINGLE-CPE-DUAL-INTERNET11-cli> 
System message at 2019-09-16 09:20:14...
    Subsystem stopped: router-dcl
admin@CPE27-HKG2-SINGLE-CPE-DUAL-INTERNET11-cli> 
System message at 2019-09-16 09:20:14...
    Subsystem stopped: versa-vmod
admin@CPE27-HKG2-SINGLE-CPE-DUAL-INTERNET11-cli> 
System message at 2019-09-16 09:20:14...
    Subsystem stopped: infmgr
admin@CPE27-HKG2-SINGLE-CPE-DUAL-INTERNET11-cli> 
System message at 2019-09-16 09:20:14...
    Subsystem stopped: rtd-mgmt-thread
admin@CPE27-HKG2-SINGLE-CPE-DUAL-INTERNET11-cli> [admin@CPE27-HKG2-SINGLE-CPE-DUAL-INTERNET11: ~] # 
2019-09-16 14:50:22,063 - CPE27-HKG2-SINGLE-CPE-DUAL-INTERNET13 - DEBUG - process not up. Please wait for it to come up
2019-09-16 14:50:22,667 - CPE27-HKG2-SINGLE-CPE-DUAL-INTERNET13 - DEBUG - vsh status

~~~~~~~~~~~~~~~~~~~~~~~~~~~~~~~~~~~~~~~~~~~~~~~~~~~~~~~~~~~~~~~~~

The product evaluation period has expired.
 Please contact Versa Support (support@versa-networks.com) 

~~~~~~~~~~~~~~~~~~~~~~~~~~~~~~~~~~~~~~~~~~~~~~~~~~~~~~~~~~~~~~~~~

versa-service          is Stopped           
versa-infmgr           is Stopped           
versa-rfd              is Stopped           
versa-vmod             is Stopped           
versa-ip2user          is Stopped           
versa-imgr             is Stopped           
versa-acctmgrd         is Stopped           
versa-fltrmgr          is Stopped           
versa-vstated          is Stopped           
versa-spack            is Stopped           
versa-addrmgrd         is Stopped           
versa-rt-cli-xfm       is Stopped           
versa-rtd              is Stopped           
versa-dhcpd            is Stopped           
versa-eventd           is Stopped           
versa-vrrpd            is Stopped           
versa-dnsd             is Stopped           
versa-ppmd             is Stopped           
versa-snmp-xform       is Stopped           
versa-certd            is Stopped           
versa-ntpd             is Stopped           
versa-dhclient6        is Stopped           
versa-redis            is Stopped           
versa-av-redis         is Stopped           
versa-spackmgr         is Stopped           
versa-devmgr           is Stopped           
versa-monit            is Stopped           
versa-confd            is Running,          [-] process 1574
versa-fail2ban         is Stopped           
versa-auditd           is Stopped           
versa-nodejs           is Stopped           
[admin@CPE27-HKG2-SINGLE-CPE-DUAL-INTERNET11: ~] # 
2019-09-16 14:50:32,678 - CPE27-HKG2-SINGLE-CPE-DUAL-INTERNET13 - DEBUG - process not up. Please wait for it to come up
2019-09-16 14:50:33,290 - CPE27-HKG2-SINGLE-CPE-DUAL-INTERNET13 - DEBUG - vsh status

~~~~~~~~~~~~~~~~~~~~~~~~~~~~~~~~~~~~~~~~~~~~~~~~~~~~~~~~~~~~~~~~~

The product evaluation period has expired.
 Please contact Versa Support (support@versa-networks.com) 

~~~~~~~~~~~~~~~~~~~~~~~~~~~~~~~~~~~~~~~~~~~~~~~~~~~~~~~~~~~~~~~~~

versa-service          is Stopped           
versa-infmgr           is Stopped           
versa-rfd              is Stopped           
versa-vmod             is Stopped           
versa-ip2user          is Stopped           
versa-imgr             is Stopped           
versa-acctmgrd         is Stopped           
versa-fltrmgr          is Stopped           
versa-vstated          is Stopped           
versa-spack            is Stopped           
versa-addrmgrd         is Stopped           
versa-rt-cli-xfm       is Stopped           
versa-rtd              is Stopped           
versa-dhcpd            is Stopped           
versa-eventd           is Stopped           
versa-vrrpd            is Stopped           
versa-dnsd             is Stopped           
versa-ppmd             is Stopped           
versa-snmp-xform       is Stopped           
versa-certd            is Stopped           
versa-ntpd             is Stopped           
versa-dhclient6        is Stopped           
versa-redis            is Stopped           
versa-av-redis         is Stopped           
versa-spackmgr         is Stopped           
versa-devmgr           is Stopped           
versa-monit            is Stopped           
versa-confd            is Stopped           
versa-fail2ban         is Stopped           
versa-auditd           is Stopped           
versa-nodejs           is Stopped           
[admin@CPE27-HKG2-SINGLE-CPE-DUAL-INTERNET11: ~] # 
2019-09-16 14:50:43,305 - CPE27-HKG2-SINGLE-CPE-DUAL-INTERNET13 - DEBUG - process not up. Please wait for it to come up
2019-09-16 14:50:44,713 - CPE27-HKG2-SINGLE-CPE-DUAL-INTERNET13 - DEBUG - vsh status

~~~~~~~~~~~~~~~~~~~~~~~~~~~~~~~~~~~~~~~~~~~~~~~~~~~~~~~~~~~~~~~~~

The product evaluation period has expired.
 Please contact Versa Support (support@versa-networks.com) 

~~~~~~~~~~~~~~~~~~~~~~~~~~~~~~~~~~~~~~~~~~~~~~~~~~~~~~~~~~~~~~~~~


~~~~~~~~~~~~~~~~~~~~~~~~~~~~~~~~~~~~~~~~~~~~~~~~~~~~~~~~~~~~~~~~~

Netconf traffic yet to be allowed 

~~~~~~~~~~~~~~~~~~~~~~~~~~~~~~~~~~~~~~~~~~~~~~~~~~~~~~~~~~~~~~~~~

versa-service          is Stopped           
versa-infmgr           is Running,          [-] process 7671
versa-rfd              is Stopped           
versa-vmod             is Stopped           
versa-ip2user          is Stopped           
versa-imgr             is Stopped           
versa-acctmgrd         is Stopped           
versa-fltrmgr          is Running,          [-] process 7675
versa-vstated          is Running,          [-] process 7669
versa-spack            is Stopped           
versa-addrmgrd         is Stopped           
versa-rt-cli-xfm       is Stopped           
versa-rtd              is Stopped           
versa-dhcpd            is Running,          [-] process 7670
versa-eventd           is Stopped           
versa-vrrpd            is Running,          [-] process 7673
versa-dnsd             is Running,          [-] process 7683
versa-ppmd             is Stopped           
versa-snmp-xform       is Stopped           
versa-certd            is Stopped           
versa-ntpd             is Running,          [*] process 7652
versa-dhclient6        is Stopped           
versa-redis            is Running,          [-] process 7433
versa-av-redis         is Running,          [-] process 7434
versa-spackmgr         is Stopped           
versa-devmgr           is Stopped           
versa-monit            is Stopped           
versa-confd            is Running,          [*] process 7396
versa-fail2ban         is Stopped           
versa-auditd           is Stopped           
versa-nodejs           is Stopped           
[admin@CPE27-HKG2-SINGLE-CPE-DUAL-INTERNET11: ~] # 
2019-09-16 14:50:54,726 - CPE27-HKG2-SINGLE-CPE-DUAL-INTERNET13 - DEBUG - process not up. Please wait for it to come up
2019-09-16 14:50:57,138 - CPE27-HKG2-SINGLE-CPE-DUAL-INTERNET13 - DEBUG - vsh status

~~~~~~~~~~~~~~~~~~~~~~~~~~~~~~~~~~~~~~~~~~~~~~~~~~~~~~~~~~~~~~~~~

The product evaluation period has expired.
 Please contact Versa Support (support@versa-networks.com) 

~~~~~~~~~~~~~~~~~~~~~~~~~~~~~~~~~~~~~~~~~~~~~~~~~~~~~~~~~~~~~~~~~


~~~~~~~~~~~~~~~~~~~~~~~~~~~~~~~~~~~~~~~~~~~~~~~~~~~~~~~~~~~~~~~~~

Netconf traffic yet to be allowed 

~~~~~~~~~~~~~~~~~~~~~~~~~~~~~~~~~~~~~~~~~~~~~~~~~~~~~~~~~~~~~~~~~

versa-service          is Running,          [*] process 7914
versa-infmgr           is Running,          [-] process 7671
versa-rfd              is Running,          [-] process 8246
versa-vmod             is Running,          [-] process 8243
versa-ip2user          is Running,          [-] process 8265
versa-imgr             is Running,          [-] process 8272
versa-acctmgrd         is Running,          [-] process 8234
versa-fltrmgr          is Running,          [-] process 7675
versa-vstated          is Running,          [-] process 7669
versa-spack            is Running,          [-] process 8525
versa-addrmgrd         is Running,          [-] process 8267
versa-rt-cli-xfm       is Running,          [-] process 8205
versa-rtd              is Running,          [-] process 8228
versa-dhcpd            is Running,          [-] process 7670
versa-eventd           is Running,          [-] process 8238
versa-vrrpd            is Running,          [-] process 7673
versa-dnsd             is Running,          [-] process 7683
versa-ppmd             is Running,          [-] process 8192
versa-snmp-xform       is Running,          [-] process 8210
versa-certd            is Running,          [-] process 8270
versa-ntpd             is Running,          [*] process 7652
versa-dhclient6        is Running,          [-] process 8213
versa-redis            is Running,          [-] process 7433
versa-av-redis         is Running,          [-] process 7434
versa-spackmgr         is Running,          [-] process 8231
versa-devmgr           is Running,          [-] process 8406
versa-monit            is Running,          [*] process 8388
versa-confd            is Running,          [*] process 7396
versa-fail2ban         is Running,          [*] process 8427
versa-auditd           is Running,          [*] process 8442
versa-nodejs           is Running,          [-] process 8160
[admin@CPE27-HKG2-SINGLE-CPE-DUAL-INTERNET11: ~] # 
2019-09-16 14:51:07,151 - CPE27-HKG2-SINGLE-CPE-DUAL-INTERNET13 - DEBUG - process not up. Please wait for it to come up
2019-09-16 14:51:09,181 - CPE27-HKG2-SINGLE-CPE-DUAL-INTERNET13 - DEBUG - vsh status

~~~~~~~~~~~~~~~~~~~~~~~~~~~~~~~~~~~~~~~~~~~~~~~~~~~~~~~~~~~~~~~~~

The product evaluation period has expired.
 Please contact Versa Support (support@versa-networks.com) 

~~~~~~~~~~~~~~~~~~~~~~~~~~~~~~~~~~~~~~~~~~~~~~~~~~~~~~~~~~~~~~~~~

versa-service          is Running,          [*] process 7914
versa-infmgr           is Running,          [-] process 7671
versa-rfd              is Running,          [-] process 8246
versa-vmod             is Running,          [-] process 8243
versa-ip2user          is Running,          [-] process 8265
versa-imgr             is Running,          [-] process 8272
versa-acctmgrd         is Running,          [-] process 8234
versa-fltrmgr          is Running,          [-] process 7675
versa-vstated          is Running,          [-] process 7669
versa-spack            is Running,          [-] process 8525
versa-addrmgrd         is Running,          [-] process 8267
versa-rt-cli-xfm       is Running,          [-] process 8205
versa-rtd              is Running,          [-] process 8228
versa-dhcpd            is Running,          [-] process 7670
versa-eventd           is Running,          [-] process 8238
versa-vrrpd            is Running,          [-] process 7673
versa-dnsd             is Running,          [-] process 7683
versa-ppmd             is Running,          [-] process 8192
versa-snmp-xform       is Running,          [-] process 8210
versa-certd            is Running,          [-] process 8270
versa-ntpd             is Running,          [*] process 7652
versa-dhclient6        is Running,          [-] process 8213
versa-redis            is Running,          [-] process 9278
versa-av-redis         is Running,          [-] process 7434
versa-spackmgr         is Running,          [-] process 8231
versa-devmgr           is Running,          [-] process 8406
versa-monit            is Running,          [*] process 8388
versa-confd            is Running,          [*] process 7396
versa-fail2ban         is Running,          [*] process 8427
versa-auditd           is Running,          [*] process 8442
versa-nodejs           is Running,          [-] process 8160
[admin@CPE27-HKG2-SINGLE-CPE-DUAL-INTERNET11: ~] # 
2019-09-16 14:51:19,191 - CPE27-HKG2-SINGLE-CPE-DUAL-INTERNET13 - DEBUG - After breaking while
2019-09-16 14:51:20,802 - CPE27-HKG2-SINGLE-CPE-DUAL-INTERNET13 - DEBUG - 
~~~~~~~~~~~~~~~~~~~~~~~~~~~~~~~~~~~~~~~~~~~~~~~~~~~~~~~~~~~~~~~~~

The product evaluation period has expired.
 Please contact Versa Support (support@versa-networks.com) 

~~~~~~~~~~~~~~~~~~~~~~~~~~~~~~~~~~~~~~~~~~~~~~~~~~~~~~~~~~~~~~~~~

versa-service          is Running,          [*] process 7914
versa-infmgr           is Running,          [-] process 7671
versa-rfd              is Running,          [-] process 8246
versa-vmod             is Running,          [-] process 8243
versa-ip2user          is Running,          [-] process 8265
versa-imgr             is Running,          [-] process 8272
versa-acctmgrd         is Running,          [-] process 8234
versa-fltrmgr          is Running,          [-] process 7675
versa-vstated          is Running,          [-] process 7669
versa-spack            is Running,          [-] process 8525
versa-addrmgrd         is Running,          [-] process 8267
versa-rt-cli-xfm       is Running,          [-] process 8205
versa-rtd              is Running,          [-] process 8228
versa-dhcpd            is Running,          [-] process 7670
versa-eventd           is Running,          [-] process 8238
versa-vrrpd            is Running,          [-] process 7673
versa-dnsd             is Running,          [-] process 7683
versa-ppmd             is Running,          [-] process 8192
versa-snmp-xform       is Running,          [-] process 8210
versa-certd            is Running,          [-] process 8270
versa-ntpd             is Running,          [*] process 7652
versa-dhclient6        is Running,          [-] process 8213
versa-redis            is Running,          [-] process 9278
versa-av-redis         is Running,          [-] process 7434
versa-spackmgr         is Running,          [-] process 8231
versa-devmgr           is Running,          [-] process 8406
versa-monit            is Running,          [*] process 8388
versa-confd            is Running,          [*] process 7396
versa-fail2ban         is Running,          [*] process 8427
versa-auditd           is Running,          [*] process 8442
versa-nodejs           is Running,          [-] process 8160
2019-09-16 14:51:21,204 - CPE27-HKG2-SINGLE-CPE-DUAL-INTERNET13 - DEBUG - CPE27pSAB9
2019-09-16 14:51:21,605 - CPE27-HKG2-SINGLE-CPE-DUAL-INTERNET13 - DEBUG - CPE27rSAB9
2019-09-16 14:51:22,007 - CPE27-HKG2-SINGLE-CPE-DUAL-INTERNET13 - DEBUG - CPE27rSAB9
2019-09-16 14:51:22,410 - CPE27-HKG2-SINGLE-CPE-DUAL-INTERNET13 - DEBUG - E-DUAL-INTERNET1 
3  -r NV-WC01-N6-SIN@colt.net -rk 1234

2019-09-16 14:51:43,798 - CPE27-HKG2-SINGLE-CPE-DUAL-INTERNET13 - INFO -  checking device info in VD.
2019-09-16 14:51:43,798 - CPE27-HKG2-SINGLE-CPE-DUAL-INTERNET13 - INFO - sleeping 50 secs
2019-09-16 14:52:34,539 - CPE27-HKG2-SINGLE-CPE-DUAL-INTERNET13 - INFO -  checking device info in VD.
2019-09-16 14:52:34,539 - CPE27-HKG2-SINGLE-CPE-DUAL-INTERNET13 - INFO - sleeping 50 secs
2019-09-16 14:53:25,377 - CPE27-HKG2-SINGLE-CPE-DUAL-INTERNET13 - INFO -  checking device info in VD.
2019-09-16 14:53:25,377 - CPE27-HKG2-SINGLE-CPE-DUAL-INTERNET13 - INFO - sleeping 50 secs
2019-09-16 14:54:16,348 - CPE27-HKG2-SINGLE-CPE-DUAL-INTERNET13 - INFO -  checking device info in VD.
2019-09-16 14:54:16,348 - CPE27-HKG2-SINGLE-CPE-DUAL-INTERNET13 - INFO - sleeping 50 secs
2019-09-16 14:55:07,101 - CPE27-HKG2-SINGLE-CPE-DUAL-INTERNET13 - INFO -  checking device info in VD.
2019-09-16 14:55:07,101 - CPE27-HKG2-SINGLE-CPE-DUAL-INTERNET13 - INFO - sleeping 50 secs
2019-09-16 14:55:57,940 - CPE27-HKG2-SINGLE-CPE-DUAL-INTERNET13 - INFO -  checking device info in VD.
2019-09-16 14:55:57,940 - CPE27-HKG2-SINGLE-CPE-DUAL-INTERNET13 - INFO - sleeping 50 secs
2019-09-16 14:56:48,756 - CPE27-HKG2-SINGLE-CPE-DUAL-INTERNET13 - INFO -  checking device info in VD.
2019-09-16 14:56:48,756 - CPE27-HKG2-SINGLE-CPE-DUAL-INTERNET13 - INFO - sleeping 50 secs
2019-09-16 14:57:39,595 - CPE27-HKG2-SINGLE-CPE-DUAL-INTERNET13 - INFO -  checking device info in VD.
2019-09-16 14:57:39,595 - CPE27-HKG2-SINGLE-CPE-DUAL-INTERNET13 - INFO - sleeping 50 secs
2019-09-16 14:58:30,323 - CPE27-HKG2-SINGLE-CPE-DUAL-INTERNET13 - INFO -  checking device info in VD.
2019-09-16 14:58:30,323 - CPE27-HKG2-SINGLE-CPE-DUAL-INTERNET13 - INFO - sleeping 50 secs
2019-09-16 14:59:21,115 - CPE27-HKG2-SINGLE-CPE-DUAL-INTERNET13 - INFO -  checking device info in VD.
2019-09-16 14:59:21,115 - CPE27-HKG2-SINGLE-CPE-DUAL-INTERNET13 - INFO - sleeping 50 secs
2019-09-16 15:00:12,108 - CPE27-HKG2-SINGLE-CPE-DUAL-INTERNET13 - INFO -  checking device info in VD.
2019-09-16 15:00:12,108 - CPE27-HKG2-SINGLE-CPE-DUAL-INTERNET13 - INFO - sleeping 50 secs
2019-09-16 15:01:02,999 - CPE27-HKG2-SINGLE-CPE-DUAL-INTERNET13 - INFO -  checking device info in VD.
2019-09-16 15:01:02,999 - CPE27-HKG2-SINGLE-CPE-DUAL-INTERNET13 - INFO - sleeping 50 secs
2019-09-16 15:01:54,065 - CPE27-HKG2-SINGLE-CPE-DUAL-INTERNET13 - INFO - 
 	 >>>>>>>>>>>> CPE ONBOARDING PASSED <<<<<<<<<<<<
 	 >>>>>>>>>>>>    CPE DETAILS        <<<<<<<<<<<<
2019-09-16 15:01:55,092 - CPE27-HKG2-SINGLE-CPE-DUAL-INTERNET13 - INFO - None
2019-09-16 15:01:55,092 - CPE27-HKG2-SINGLE-CPE-DUAL-INTERNET13 - INFO - CPE ONBOARDINIG SCRIPT COMPLETED
2019-09-16 15:01:55,092 - CPE27-HKG2-SINGLE-CPE-DUAL-INTERNET13 - INFO - Time elapsed: 0:13:02.801000

2019-09-16 15:01:55,092 - CPE27-HKG2-SINGLE-CPE-DUAL-INTERNET13 - INFO - LOG FILE PATH : C:\Softwares_mine\stefano\NV_REPOSITORY\csit/LOGS/2019_09_16_14_48_52_289000/MAIN.log
