2019-09-06 11:37:50,250 - CPE26-HKG2-DDI - INFO - CPE NAME:CPE26-HKG2-DDI
2019-09-06 11:37:51,253 - CPE26-HKG2-DDI - INFO - SOLUTION SELECTED:DUAL-CPE-DUAL-INTERNET
2019-09-06 11:37:52,510 - CPE26-HKG2-DDI - INFO - {u'versanms.sdwan-org-workflow': {u'ikeAuthType': u'psk', u'globalId': 90, u'orgName': u'IPC00190', u'controllers': [u'NV-WC01-N1-HKG', u'NV-WC01-N6-SIN', u'NV-WC02-N1-HKG', u'NV-WC02-N6-SIN'], u'bandwidth': 10, u'parentOrg': u'Colt', u'vrfs': [{u'name': u'LAN1-VRF', u'enableVPN': True, u'id': 1020}, {u'name': u'LAN2-VRF', u'enableVPN': True, u'id': 1021}, {u'name': u'LAN3-VRF', u'enableVPN': True, u'id': 1022}, {u'name': u'LAN4-VRF', u'enableVPN': True, u'id': 1023}, {u'name': u'LAN5-VRF', u'enableVPN': True, u'id': 1024}, {u'name': u'LAN6-VRF', u'enableVPN': True, u'id': 1025}, {u'name': u'LAN7-VRF', u'enableVPN': True, u'id': 1026}, {u'name': u'LAN8-VRF', u'enableVPN': True, u'id': 1027}, {u'name': u'LAN9-VRF', u'enableVPN': True, u'id': 1028}, {u'name': u'LAN10-VRF', u'enableVPN': True, u'id': 1029}], u'solutionTier': u'base-sdwan', u'sharedControlPlane': False}}
2019-09-06 11:37:52,790 - CPE26-HKG2-DDI - INFO - {u'versanms.sdwan-org-workflow': {u'ikeAuthType': u'psk', u'globalId': 90, u'orgName': u'IPC00190', u'controllers': [u'NV-WC01-N1-HKG', u'NV-WC01-N6-SIN', u'NV-WC02-N1-HKG', u'NV-WC02-N6-SIN'], u'bandwidth': 10, u'parentOrg': u'Colt', u'vrfs': [{u'name': u'LAN1-VRF', u'enableVPN': True, u'id': 1020}, {u'name': u'LAN2-VRF', u'enableVPN': True, u'id': 1021}, {u'name': u'LAN3-VRF', u'enableVPN': True, u'id': 1022}, {u'name': u'LAN4-VRF', u'enableVPN': True, u'id': 1023}, {u'name': u'LAN5-VRF', u'enableVPN': True, u'id': 1024}, {u'name': u'LAN6-VRF', u'enableVPN': True, u'id': 1025}, {u'name': u'LAN7-VRF', u'enableVPN': True, u'id': 1026}, {u'name': u'LAN8-VRF', u'enableVPN': True, u'id': 1027}, {u'name': u'LAN9-VRF', u'enableVPN': True, u'id': 1028}, {u'name': u'LAN10-VRF', u'enableVPN': True, u'id': 1029}], u'solutionTier': u'base-sdwan', u'sharedControlPlane': False}}
2019-09-06 11:37:53,073 - CPE26-HKG2-DDI - INFO - {u'versanms.sdwan-org-workflow': {u'ikeAuthType': u'psk', u'globalId': 90, u'orgName': u'IPC00190', u'controllers': [u'NV-WC01-N1-HKG', u'NV-WC01-N6-SIN', u'NV-WC02-N1-HKG', u'NV-WC02-N6-SIN'], u'bandwidth': 10, u'parentOrg': u'Colt', u'vrfs': [{u'name': u'LAN1-VRF', u'enableVPN': True, u'id': 1020}, {u'name': u'LAN2-VRF', u'enableVPN': True, u'id': 1021}, {u'name': u'LAN3-VRF', u'enableVPN': True, u'id': 1022}, {u'name': u'LAN4-VRF', u'enableVPN': True, u'id': 1023}, {u'name': u'LAN5-VRF', u'enableVPN': True, u'id': 1024}, {u'name': u'LAN6-VRF', u'enableVPN': True, u'id': 1025}, {u'name': u'LAN7-VRF', u'enableVPN': True, u'id': 1026}, {u'name': u'LAN8-VRF', u'enableVPN': True, u'id': 1027}, {u'name': u'LAN9-VRF', u'enableVPN': True, u'id': 1028}, {u'name': u'LAN10-VRF', u'enableVPN': True, u'id': 1029}], u'solutionTier': u'base-sdwan', u'sharedControlPlane': False}}
2019-09-06 11:37:53,075 - CPE26-HKG2-DDI - INFO - 
STEP : POST STAGING TEMPLATE CREATION AND DEPLOYMENT

2019-09-06 11:37:53,131 - CPE26-HKG2-DDI - INFO - {
  "versanms.sdwan-template-workflow": {
    "templateName": "IPC00190-HKG-PS2-D-IOS-LIB",
    "templateType": "sdwan-post-staging",
    "controllers": ["NV-WC01-N1-HKG", "NV-WC02-N1-HKG"],
    "providerOrg": {
      "name": "IPC00190",
      "statefulFW": false,
      "nextGenFW": false
    },
    "analyticsCluster": "LogCollectors-GGN",
    "deviceFirmfactor": "6",
    "wanInterfaces": [
      {
        "interfaceName": "vni-0/2",
        "pppoe": false,
        "unitInfo": [
          {
            "subUnit": 0,
            "vlanId": 0,
            "networkName": "INT-WAN1",
            "ipv4Static": true,
            "ipv4Dhcp": false,
            "ipv6Static": false,
            "ipv6Dhcp": false,
            "allowSSH": false,
            "monitor": {},
            "linkPriority": "",
            "transportDomains": [
              "MPLS-TD"
            ]
          }
        ]
      }
    ],
    "redundantWanInterfaces": [
      {
        "interfaceName": "vni-0/2",
        "pppoe": false,
        "unitInfo": [
          {
            "subUnit": 0,
            "vlanId": 0,
            "networkName": "INT-WAN2",
            "ipv4Static": true,
            "ipv4Dhcp": false,
            "ipv6Static": false,
            "ipv6Dhcp": false,
            "allowSSH": false,
            "monitor": {},
            "linkPriority": "",
            "transportDomains": [
              "INTERNET-TD"
            ]
          }
        ]
      }
    ],
    "crossConnectport": "vni-0/3",
    "deviceType": "full-mesh",
    "redundantPair": {
      "enable": true,
      "templateName": "IPC00190-HKG-PS2-D-IOS-LIB-LS",
      "vrrp": true,
      "cloudCPE": false
    },
    "lanInterfaces": [
      {
		"interfaceName": "vni-0/4",
		"unitInfo": [
		{
			"subUnit": "{$v_vni-0-4_LAN1_Unit-0__unit}",
			"vlanId": "{$v_vni-0-4_LAN1_Unit-0__vlanId}",
			"networkName": "LAN1",
			"subOrganization": "IPC00190",
			"ipv4Static": true,
			"ipv4Dhcp": false,
			"ip6Static": false,
			"ipv6Dhcp": false,
			"vrfName": "LAN1-VRF",
			"zoneName": ""
		}
		
	]
	}
    ],
    "solutionTier": "standard-sdwan",
    "bandwidth": 1000,
    "customParams": [],
    "minimumImageVersion": "16.1R2-S9",
    "isAnalyticsEnabled": true,
    "isPrimary": true,
    "diaConfig": {
    
      "loadBalance": false},
    "splitTunnels": [
    {
        "vrfName": "LAN1-VRF",
        "wanNetworkName": "",
        "dia": true,
        "gateway": false
      },
      {
        "vrfName": "LAN1-VRF",
        "wanNetworkName": "",
        "dia": true,
        "gateway": false
      }
    
    ],
    "inBoundNats": []
  }
}
2019-09-06 11:37:53,730 - CPE26-HKG2-DDI - INFO - <Response [500]>
2019-09-06 11:37:53,730 - CPE26-HKG2-DDI - INFO - {"error":{"http_status_code":500,"code":0,"message":"Split Tunnel WAN Network Name cannot be empty !","more_info":"http://nms.versa.com/errors/null"}}
2019-09-06 11:37:53,730 - CPE26-HKG2-DDI - INFO - 
FAIL : {"error":{"http_status_code":500,"code":0,"message":"Split Tunnel WAN Network Name cannot be empty !","more_info":"http://nms.versa.com/errors/null"}}
2019-09-06 11:37:53,730 - CPE26-HKG2-DDI - INFO - 
 >>>>>>>>>> POST STAGING TEMPLATE CREATION FAILED. <<<<<<<<<<<

2019-09-06 11:37:59,033 - CPE26-HKG2-DDI - INFO - <Response [500]>
2019-09-06 11:37:59,035 - CPE26-HKG2-DDI - INFO - {"error":{"http_status_code":500,"code":0,"message":"Entity not found.","more_info":"http://nms.versa.com/errors/null"}}
