2020-01-20 16:44:17,374 - VD1 - DEBUG - <netmiko.versa.versa_ssh.VersaSSH object at 0x000000000DE67940>
2020-01-20 16:44:22,576 - VD1 - DEBUG - versa: Automated@VDir-BLR-NEW-01>
2020-01-20 16:44:22,576 - CPE11-HKG-HYBRD-IPC00190 - INFO - CPE NAME:CPE11-HKG-HYBRD-IPC00190
2020-01-20 16:44:23,578 - CPE11-HKG-HYBRD-IPC00190 - INFO - SOLUTION SELECTED:SINGLE-CPE-HYBRID
2020-01-20 16:44:31,341 - CPE11-HKG-HYBRD-IPC00190 - INFO - 
CREATE FWD PROFILE

2020-01-20 16:44:33,196 - CPE11-HKG-HYBRD-IPC00190 - DEBUG - <Response [201]>
2020-01-20 16:44:33,196 - CPE11-HKG-HYBRD-IPC00190 - INFO - 
PASS
2020-01-20 16:44:33,196 - CPE11-HKG-HYBRD-IPC00190 - INFO - >>>>>>>>>> FORWARDING PROFILE CREATION PASSED. <<<<<<<<<<<
2020-01-20 16:44:33,197 - CPE11-HKG-HYBRD-IPC00190 - INFO - 
CREATE IPaddress Object

2020-01-20 16:44:34,809 - CPE11-HKG-HYBRD-IPC00190 - DEBUG - <Response [201]>
2020-01-20 16:44:34,809 - CPE11-HKG-HYBRD-IPC00190 - INFO - 
PASS
2020-01-20 16:44:34,809 - CPE11-HKG-HYBRD-IPC00190 - INFO - >>>>>>>>>> ADDRESS OBJECT CREATION PASSED. <<<<<<<<<<<
2020-01-20 16:44:34,809 - CPE11-HKG-HYBRD-IPC00190 - INFO - 
CREATE Policy rule

2020-01-20 16:44:36,845 - CPE11-HKG-HYBRD-IPC00190 - DEBUG - <Response [201]>
2020-01-20 16:44:36,845 - CPE11-HKG-HYBRD-IPC00190 - INFO - 
PASS
2020-01-20 16:44:36,845 - CPE11-HKG-HYBRD-IPC00190 - INFO - >>>>>>>>>> CREATE POLICY RULE PASSED. <<<<<<<<<<<
