2020-05-07 15:31:20,460 - VD1 - DEBUG - <netmiko.versa.versa_ssh.VersaSSH object at 0x000000000FD968D0>
2020-05-07 15:31:25,664 - VD1 - DEBUG - versa: Automated@VDir-BLR-NEW-01>
2020-05-07 15:31:30,684 - CPE26-SIN-DUAL-CPE-HYB-IPC00190-P - DEBUG - <netmiko.versa.versa_ssh.VersaSSH object at 0x000000000FDD2A20>
2020-05-07 15:31:35,887 - CPE26-SIN-DUAL-CPE-HYB-IPC00190-P - DEBUG - versa: Automated@VDir-BLR-NEW-01>
2020-05-07 15:31:55,211 - CPE26-SIN-DUAL-CPE-HYB-IPC00190-P - INFO - 
DELETE Service Object

2020-05-07 15:31:58,430 - CPE26-SIN-DUAL-CPE-HYB-IPC00190-P - INFO - 
PASS
2020-05-07 15:31:58,430 - CPE26-SIN-DUAL-CPE-HYB-IPC00190-P - INFO - >>>>>>>>>> ADDRESS OBJECT DELETION PASSED. <<<<<<<<<<<
2020-05-07 15:31:58,430 - CPE26-SIN-DUAL-CPE-HYB-IPC00190-P - INFO - 
DELETE IPaddress Object

2020-05-07 15:31:59,969 - CPE26-SIN-DUAL-CPE-HYB-IPC00190-P - INFO - 
PASS
2020-05-07 15:31:59,970 - CPE26-SIN-DUAL-CPE-HYB-IPC00190-P - INFO - >>>>>>>>>> ADDRESS OBJECT DELETION PASSED. <<<<<<<<<<<
2020-05-07 15:31:59,973 - CPE26-SIN-DUAL-CPE-HYB-IPC00190-P - INFO - 
DELETE IPaddress Object

2020-05-07 15:32:01,595 - CPE26-SIN-DUAL-CPE-HYB-IPC00190-P - INFO - 
PASS
2020-05-07 15:32:01,595 - CPE26-SIN-DUAL-CPE-HYB-IPC00190-P - INFO - >>>>>>>>>> ADDRESS OBJECT DELETION PASSED. <<<<<<<<<<<
2020-05-07 15:32:01,598 - CPE26-SIN-DUAL-CPE-HYB-IPC00190-P - INFO - 
DELETE FWD PROFILE

2020-05-07 15:32:03,319 - CPE26-SIN-DUAL-CPE-HYB-IPC00190-P - INFO - 
PASS
2020-05-07 15:32:03,321 - CPE26-SIN-DUAL-CPE-HYB-IPC00190-P - INFO - >>>>>>>>>> FORWARDING PROFILE DELETION PASSED. <<<<<<<<<<<
2020-05-07 15:32:03,323 - CPE26-SIN-DUAL-CPE-HYB-IPC00190-P - INFO - 
DELETE SLA profile

2020-05-07 15:32:04,687 - CPE26-SIN-DUAL-CPE-HYB-IPC00190-P - INFO - 
PASS
2020-05-07 15:32:04,687 - CPE26-SIN-DUAL-CPE-HYB-IPC00190-P - INFO - >>>>>>>>>> DELETE SLA Profile PASSED. <<<<<<<<<<<
