2019-05-29 11:20:47,790 - VD1 - INFO - ORG NAME:SAMPLE4
2019-05-29 11:21:03,974 - VD1 - DEBUG - {
  "versanms.sdwan-org-workflow": {
    "orgName": "SAMPLE4",
    "globalId": "4",
    "parentOrg": "Colt",
    "ikeAuthType": "psk",
    "sharedControlPlane": false,
    "controllers": ["NV-WC01-N3-GGN", "NV-WC02-N1-HKG", "NV-WC01-N1-HKG", "NV-WC02-N3-GGN"],
    "vrfs": [{ "name": "LAN1-VRF", "id": "160", "enableVPN": "true", "tooltip": "" }],
    "supportedRoles": []
  }
}
2019-05-29 11:21:05,244 - VD1 - INFO - <Response [500]>
2019-05-29 11:21:05,244 - VD1 - INFO - {"error":{"http_status_code":500,"code":0,"message":" Global Id: 4 is already configured.","more_info":"http://nms.versa.com/errors/null"}}
2019-05-29 11:21:05,244 - VD1 - INFO - FAIL : {"error":{"http_status_code":500,"code":0,"message":" Global Id: 4 is already configured.","more_info":"http://nms.versa.com/errors/null"}}
2019-05-29 11:21:05,244 - VD1 - INFO - 
********************
RESULT:
ORG DEPLOYMENT : FAIL : {"error":{"http_status_code":500,"code":0,"message":" Global Id: 4 is already configured.","more_info":"http://nms.versa.com/errors/null"}}

********************

