2019-06-10 15:18:31,233 - CPE11-HKG-MPLSONLY - INFO - CPE NAME:CPE11-HKG-MPLSONLY
2019-06-10 15:18:32,233 - CPE11-HKG-MPLSONLY - INFO - SOLUTION SELECTED:SINGLE-CPE-MPLS-ONLY
2019-06-10 15:18:33,272 - CPE11-HKG-MPLSONLY - INFO - {u'versanms.sdwan-org-workflow': {u'ikeAuthType': u'psk', u'globalId': 71, u'orgName': u'IPC00171', u'controllers': [u'NV-WC01-N1-HKG', u'NV-WC01-N6-SIN', u'NV-WC02-N1-HKG', u'NV-WC02-N6-SIN'], u'bandwidth': 10, u'parentOrg': u'Colt', u'vrfs': [{u'name': u'LAN1-VRF', u'enableVPN': True, u'id': 830}, {u'name': u'LAN2-VRF', u'enableVPN': True, u'id': 831}], u'solutionTier': u'base-sdwan', u'sharedControlPlane': False}}
2019-06-10 15:18:33,471 - CPE11-HKG-MPLSONLY - INFO - {u'versanms.sdwan-org-workflow': {u'ikeAuthType': u'psk', u'globalId': 71, u'orgName': u'IPC00171', u'controllers': [u'NV-WC01-N1-HKG', u'NV-WC01-N6-SIN', u'NV-WC02-N1-HKG', u'NV-WC02-N6-SIN'], u'bandwidth': 10, u'parentOrg': u'Colt', u'vrfs': [{u'name': u'LAN1-VRF', u'enableVPN': True, u'id': 830}, {u'name': u'LAN2-VRF', u'enableVPN': True, u'id': 831}], u'solutionTier': u'base-sdwan', u'sharedControlPlane': False}}
2019-06-10 15:18:33,703 - CPE11-HKG-MPLSONLY - INFO - {u'versanms.sdwan-org-workflow': {u'ikeAuthType': u'psk', u'globalId': 71, u'orgName': u'IPC00171', u'controllers': [u'NV-WC01-N1-HKG', u'NV-WC01-N6-SIN', u'NV-WC02-N1-HKG', u'NV-WC02-N6-SIN'], u'bandwidth': 10, u'parentOrg': u'Colt', u'vrfs': [{u'name': u'LAN1-VRF', u'enableVPN': True, u'id': 830}, {u'name': u'LAN2-VRF', u'enableVPN': True, u'id': 831}], u'solutionTier': u'base-sdwan', u'sharedControlPlane': False}}
2019-06-10 15:18:33,703 - CPE11-HKG-MPLSONLY - INFO - 
STEP : POST STAGING TEMPLATE CREATION AND DEPLOYMENT

2019-06-10 15:18:33,719 - CPE11-HKG-MPLSONLY - INFO - {
	"versanms.sdwan-template-workflow": {
		"templateName": "IPC00171-HKG-PS-M",
		"templateType": "sdwan-post-staging",
		"controllers": ["NV-WC01-N1-HKG", "NV-WC02-N1-HKG"],
		"providerOrg": {
			"name": "IPC00171",
			"statefulFW": true,
			"nextGenFW": false
		},
		"analyticsCluster": "VAN-Cluster",
		"deviceFirmfactor": "6",
		"wanInterfaces": [{
			"interfaceName": "vni-0/1",
			"pppoe": false,
			"unitInfo": [{
				"subUnit": 0,
				"vlanId": 0,
				"networkName": "MPLS-WAN",
				"ipv4Static": true,
				"ipv4Dhcp": false,
				"ipv6Static": false,
				"ipv6Dhcp": false,
				"allowSSH": false,
				"monitor": {},
				"linkPriority": "",
				"transportDomains": ["MPLS-TD"]
			}]
		}],
		"deviceType": "full-mesh",
		"redundantPair": {
			"enable": false
		},
		"lanInterfaces": [{
			"interfaceName": "vni-0/4",
			"unitInfo": [
			{
				"subUnit": "{$v_vni-0-4_LAN1_Unit-0__unit}",
				"vlanId": "{$v_vni-0-4_LAN1_Unit-0__vlanId}",
				"networkName": "LAN1",
				"subOrganization": "IPC00171",
				"ipv4Static": true,
				"ipv4Dhcp": false,
				"ip6Static": false,
				"ipv6Dhcp": false,
				"vrfName": "LAN1-VRF",
				"zoneName": ""
			}
            
        ]
		}],
		"solutionTier": "standard-sdwan-plus-ngfw",
		"bandwidth": 1000,
		"customParams": [],
		"minimumImageVersion": "16.1R2-S2.2",
		"isAnalyticsEnabled": true,
		"isPrimary": true,
		"diaConfig": {
			"loadBalance": false
		},
		"inBoundNats": []
	}
}

2019-06-10 15:18:33,987 - CPE11-HKG-MPLSONLY - INFO - <Response [500]>
2019-06-10 15:18:33,987 - CPE11-HKG-MPLSONLY - INFO - {"error":{"http_status_code":500,"code":0,"message":"Template workflow [ IPC00171-HKG-PS-M] already exists. Please choose another name.","more_info":"http://nms.versa.com/errors/null"}}
2019-06-10 15:18:33,987 - CPE11-HKG-MPLSONLY - INFO - 
FAIL : {"error":{"http_status_code":500,"code":0,"message":"Template workflow [ IPC00171-HKG-PS-M] already exists. Please choose another name.","more_info":"http://nms.versa.com/errors/null"}}
2019-06-10 15:18:33,987 - CPE11-HKG-MPLSONLY - INFO - 
 >>>>>>>>>> POST STAGING TEMPLATE CREATION FAILED. <<<<<<<<<<<

