2019-06-13 12:20:07,759 - CPE11-HKG-MPLSONLY - INFO - CPE NAME:CPE11-HKG-MPLSONLY
2019-06-13 12:20:08,760 - CPE11-HKG-MPLSONLY - INFO - SOLUTION SELECTED:SINGLE-CPE-MPLS-ONLY
2019-06-13 12:20:09,904 - CPE11-HKG-MPLSONLY - INFO - {u'versanms.sdwan-org-workflow': {u'ikeAuthType': u'psk', u'globalId': 73, u'orgName': u'IPC00173', u'controllers': [u'NV-WC01-N1-HKG', u'NV-WC01-N6-SIN', u'NV-WC02-N1-HKG', u'NV-WC02-N6-SIN'], u'bandwidth': 10, u'parentOrg': u'Colt', u'vrfs': [{u'name': u'LAN1-VRF', u'enableVPN': True, u'id': 850}, {u'name': u'LAN2-VRF', u'enableVPN': True, u'id': 851}], u'solutionTier': u'base-sdwan', u'sharedControlPlane': False}}
2019-06-13 12:20:10,099 - CPE11-HKG-MPLSONLY - INFO - {u'versanms.sdwan-org-workflow': {u'ikeAuthType': u'psk', u'globalId': 73, u'orgName': u'IPC00173', u'controllers': [u'NV-WC01-N1-HKG', u'NV-WC01-N6-SIN', u'NV-WC02-N1-HKG', u'NV-WC02-N6-SIN'], u'bandwidth': 10, u'parentOrg': u'Colt', u'vrfs': [{u'name': u'LAN1-VRF', u'enableVPN': True, u'id': 850}, {u'name': u'LAN2-VRF', u'enableVPN': True, u'id': 851}], u'solutionTier': u'base-sdwan', u'sharedControlPlane': False}}
2019-06-13 12:20:10,289 - CPE11-HKG-MPLSONLY - INFO - {u'versanms.sdwan-org-workflow': {u'ikeAuthType': u'psk', u'globalId': 73, u'orgName': u'IPC00173', u'controllers': [u'NV-WC01-N1-HKG', u'NV-WC01-N6-SIN', u'NV-WC02-N1-HKG', u'NV-WC02-N6-SIN'], u'bandwidth': 10, u'parentOrg': u'Colt', u'vrfs': [{u'name': u'LAN1-VRF', u'enableVPN': True, u'id': 850}, {u'name': u'LAN2-VRF', u'enableVPN': True, u'id': 851}], u'solutionTier': u'base-sdwan', u'sharedControlPlane': False}}
2019-06-13 12:20:10,289 - CPE11-HKG-MPLSONLY - INFO - 
STEP : POST STAGING TEMPLATE CREATION AND DEPLOYMENT

2019-06-13 12:20:10,312 - CPE11-HKG-MPLSONLY - INFO - {
	"versanms.sdwan-template-workflow": {
		"templateName": "IPC00173-HKG-PS-M",
		"templateType": "sdwan-post-staging",
		"controllers": ["NV-WC01-N1-HKG", "NV-WC02-N1-HKG"],
		"providerOrg": {
			"name": "IPC00173",
			"statefulFW": true,
			"nextGenFW": false
		},
		"analyticsCluster": "VAN-Cluster",
		"deviceFirmfactor": "6",
		"wanInterfaces": [{
			"interfaceName": "vni-0/1",
			"pppoe": false,
			"unitInfo": [{
				"subUnit": 0,
				"vlanId": 0,
				"networkName": "MPLS-WAN",
				"ipv4Static": true,
				"ipv4Dhcp": false,
				"ipv6Static": false,
				"ipv6Dhcp": false,
				"allowSSH": false,
				"monitor": {},
				"linkPriority": "",
				"transportDomains": ["MPLS-TD"]
			}]
		}],
		"deviceType": "full-mesh",
		"redundantPair": {
			"enable": false
		},
		"lanInterfaces": [{
			"interfaceName": "vni-0/4",
			"unitInfo": [
			{
				"subUnit": "{$v_vni-0-4_LAN1_Unit-0__unit}",
				"vlanId": "{$v_vni-0-4_LAN1_Unit-0__vlanId}",
				"networkName": "LAN1",
				"subOrganization": "IPC00173",
				"ipv4Static": true,
				"ipv4Dhcp": false,
				"ip6Static": false,
				"ipv6Dhcp": false,
				"vrfName": "LAN1-VRF",
				"zoneName": ""
			}
            
        ]
		}],
		"solutionTier": "standard-sdwan-plus-ngfw",
		"bandwidth": 1000,
		"customParams": [],
		"minimumImageVersion": "16.1R2-S2.2",
		"isAnalyticsEnabled": true,
		"isPrimary": true,
		"diaConfig": {
			"loadBalance": false
		},
		"inBoundNats": []
	}
}

