2020-01-21 18:31:32,871 - VD1 - DEBUG - <netmiko.versa.versa_ssh.VersaSSH object at 0x000000000DA1DBE0>
2020-01-21 18:31:38,072 - VD1 - DEBUG - versa: Automated@VDir-BLR-NEW-01>
2020-01-21 18:31:38,072 - CPE11-HKG-HYBRD-IPC00190 - INFO - CPE NAME:CPE11-HKG-HYBRD-IPC00190
2020-01-21 18:31:39,072 - CPE11-HKG-HYBRD-IPC00190 - INFO - SOLUTION SELECTED:SINGLE-CPE-HYBRID
2020-01-21 18:31:39,181 - CPE11-HKG-HYBRD-IPC00190 - INFO - 
CREATE SLA profile

2020-01-21 18:31:43,000 - CPE11-HKG-HYBRD-IPC00190 - DEBUG - <Response [201]>
2020-01-21 18:31:43,000 - CPE11-HKG-HYBRD-IPC00190 - INFO - 
PASS
2020-01-21 18:31:43,000 - CPE11-HKG-HYBRD-IPC00190 - INFO - >>>>>>>>>> CREATE SLA Profile PASSED. <<<<<<<<<<<
2020-01-21 18:31:44,000 - CPE11-HKG-HYBRD-IPC00190 - INFO - 
CREATE FWD PROFILE

2020-01-21 18:31:45,897 - CPE11-HKG-HYBRD-IPC00190 - DEBUG - <Response [201]>
2020-01-21 18:31:45,898 - CPE11-HKG-HYBRD-IPC00190 - INFO - 
PASS
2020-01-21 18:31:45,898 - CPE11-HKG-HYBRD-IPC00190 - INFO - >>>>>>>>>> FORWARDING PROFILE CREATION PASSED. <<<<<<<<<<<
2020-01-21 18:31:45,898 - CPE11-HKG-HYBRD-IPC00190 - INFO - 
CREATE IPaddress Object

2020-01-21 18:31:47,733 - CPE11-HKG-HYBRD-IPC00190 - DEBUG - <Response [201]>
2020-01-21 18:31:47,734 - CPE11-HKG-HYBRD-IPC00190 - INFO - 
PASS
2020-01-21 18:31:47,734 - CPE11-HKG-HYBRD-IPC00190 - INFO - >>>>>>>>>> ADDRESS OBJECT CREATION PASSED. <<<<<<<<<<<
2020-01-21 18:31:47,734 - CPE11-HKG-HYBRD-IPC00190 - INFO - 
CREATE Policy rule

2020-01-21 18:31:49,826 - CPE11-HKG-HYBRD-IPC00190 - DEBUG - <Response [201]>
2020-01-21 18:31:49,828 - CPE11-HKG-HYBRD-IPC00190 - INFO - 
PASS
2020-01-21 18:31:49,828 - CPE11-HKG-HYBRD-IPC00190 - INFO - >>>>>>>>>> CREATE POLICY RULE PASSED. <<<<<<<<<<<
