2019-08-29 12:50:31,714 - CPE26-HKG-HYBRID-PRIM-IPC00190 - INFO - CPE NAME:CPE26-HKG-HYBRID-PRIM-IPC00190
2019-08-29 12:50:32,716 - CPE26-HKG-HYBRID-PRIM-IPC00190 - INFO - SOLUTION SELECTED:DUAL-CPE-HYBRID
2019-08-29 12:50:33,979 - CPE26-HKG-HYBRID-PRIM-IPC00190 - INFO - {u'versanms.sdwan-org-workflow': {u'ikeAuthType': u'psk', u'globalId': 90, u'orgName': u'IPC00190', u'controllers': [u'NV-WC01-N1-HKG', u'NV-WC01-N6-SIN', u'NV-WC02-N1-HKG', u'NV-WC02-N6-SIN'], u'bandwidth': 10, u'parentOrg': u'Colt', u'vrfs': [{u'name': u'LAN1-VRF', u'enableVPN': True, u'id': 1020}, {u'name': u'LAN2-VRF', u'enableVPN': True, u'id': 1021}, {u'name': u'LAN3-VRF', u'enableVPN': True, u'id': 1022}, {u'name': u'LAN4-VRF', u'enableVPN': True, u'id': 1023}, {u'name': u'LAN5-VRF', u'enableVPN': True, u'id': 1024}, {u'name': u'LAN6-VRF', u'enableVPN': True, u'id': 1025}, {u'name': u'LAN7-VRF', u'enableVPN': True, u'id': 1026}, {u'name': u'LAN8-VRF', u'enableVPN': True, u'id': 1027}, {u'name': u'LAN9-VRF', u'enableVPN': True, u'id': 1028}, {u'name': u'LAN10-VRF', u'enableVPN': True, u'id': 1029}], u'solutionTier': u'base-sdwan', u'sharedControlPlane': False}}
2019-08-29 12:50:34,365 - CPE26-HKG-HYBRID-PRIM-IPC00190 - INFO - {u'versanms.sdwan-org-workflow': {u'ikeAuthType': u'psk', u'globalId': 90, u'orgName': u'IPC00190', u'controllers': [u'NV-WC01-N1-HKG', u'NV-WC01-N6-SIN', u'NV-WC02-N1-HKG', u'NV-WC02-N6-SIN'], u'bandwidth': 10, u'parentOrg': u'Colt', u'vrfs': [{u'name': u'LAN1-VRF', u'enableVPN': True, u'id': 1020}, {u'name': u'LAN2-VRF', u'enableVPN': True, u'id': 1021}, {u'name': u'LAN3-VRF', u'enableVPN': True, u'id': 1022}, {u'name': u'LAN4-VRF', u'enableVPN': True, u'id': 1023}, {u'name': u'LAN5-VRF', u'enableVPN': True, u'id': 1024}, {u'name': u'LAN6-VRF', u'enableVPN': True, u'id': 1025}, {u'name': u'LAN7-VRF', u'enableVPN': True, u'id': 1026}, {u'name': u'LAN8-VRF', u'enableVPN': True, u'id': 1027}, {u'name': u'LAN9-VRF', u'enableVPN': True, u'id': 1028}, {u'name': u'LAN10-VRF', u'enableVPN': True, u'id': 1029}], u'solutionTier': u'base-sdwan', u'sharedControlPlane': False}}
2019-08-29 12:50:34,759 - CPE26-HKG-HYBRID-PRIM-IPC00190 - INFO - {u'versanms.sdwan-org-workflow': {u'ikeAuthType': u'psk', u'globalId': 90, u'orgName': u'IPC00190', u'controllers': [u'NV-WC01-N1-HKG', u'NV-WC01-N6-SIN', u'NV-WC02-N1-HKG', u'NV-WC02-N6-SIN'], u'bandwidth': 10, u'parentOrg': u'Colt', u'vrfs': [{u'name': u'LAN1-VRF', u'enableVPN': True, u'id': 1020}, {u'name': u'LAN2-VRF', u'enableVPN': True, u'id': 1021}, {u'name': u'LAN3-VRF', u'enableVPN': True, u'id': 1022}, {u'name': u'LAN4-VRF', u'enableVPN': True, u'id': 1023}, {u'name': u'LAN5-VRF', u'enableVPN': True, u'id': 1024}, {u'name': u'LAN6-VRF', u'enableVPN': True, u'id': 1025}, {u'name': u'LAN7-VRF', u'enableVPN': True, u'id': 1026}, {u'name': u'LAN8-VRF', u'enableVPN': True, u'id': 1027}, {u'name': u'LAN9-VRF', u'enableVPN': True, u'id': 1028}, {u'name': u'LAN10-VRF', u'enableVPN': True, u'id': 1029}], u'solutionTier': u'base-sdwan', u'sharedControlPlane': False}}
2019-08-29 12:50:34,759 - CPE26-HKG-HYBRID-PRIM-IPC00190 - INFO - 
STEP : PRE-ONBOARD WORK

2019-08-29 12:50:34,813 - CPE26-HKG-HYBRID-PRIM-IPC00190 - INFO - 
sudo /opt/versa/scripts/staging.py -w 1 -c 10.63.77.14 -s 172.16.7.102/30 -g 172.16.7.101 -l IPC00190-CPE26-HKG-HYBRID-PRIM-IPC00190@colt.net -lk CPE26-HKG-HYBRID-PRIM-IPC00190  -r NV-WC02-N6-SIN@colt.net -rk 1234

2019-08-29 12:50:34,813 - CPE26-HKG-HYBRID-PRIM-IPC00190 - INFO - {
  "versanms.sdwan-device-workflow": {
	"deviceName": "CPE26-HKG-HYBRID-PRIM-IPC00190",
	"siteId": "4926",
	"orgName": "IPC00190",
	"serialNumber": "CPE26KSB01",
	"deviceGroup": "IPC00190-HKG-PS-D-MPLS-DG",
    "locationInfo": {
      "country": "singapore",
      "longitude": "103.819836",
      "latitude": "1.352083"
    },
    "postStagingTemplateInfo": {
      "templateName": "IPC00190-HKG-PS-D-MPLS",
      "templateData": {
        "device-template-variable": {
          "template": "IPC00190-HKG-PS-D-MPLS",
          "variable-binding": {
            "attrs": [
              {
                "name": "{$v_IPC00190_NV-WC01-N1-HKG_Local_auth_email_identifier__IKELIdentifier}",
                "value": "CPE26-HKG-HYBRID-PRIM-IPC00190@colt.net",
                "isAutogeneratable": true
              },
              {
                "name": "{$v_IPC00190_NV-WC01-N1-HKG_Local_auth_email_key__IKELKey}",
                "value": "CPE26-HKG-HYBRID-PRIM-IPC00190",
                "isAutogeneratable": true
              },
              {
                "name": "{$v_IPC00190-Control-VR_90_Router_ID__vrRouteId}",
                "value": "20.20.90.26",
                "isAutogeneratable": true,
                "isOverwritten": true
              },
              {
                "name": "{$v_Paired_Site__locationID}",
                "value": "4927",
                "isAutogeneratable": false
              },
              {
                "name": "{$v_IPC00190_NV-WC02-N1-HKG_Local_auth_email_key__IKELKey}",
                "value": "CPE26-HKG-HYBRID-PRIM-IPC00190",
                "isAutogeneratable": true
              },
              {
				"name": "{$v_MPLS-WAN_IPv4__staticaddress}",
				"value": "172.16.7.102/30",
				"isAutogeneratable": false
              },
              {
                "name": "{$v_IPC00190_Site_Name__sitesSiteName}",
                "value": "CPE26-HKG-HYBRID-PRIM-IPC00190",
                "isAutogeneratable": true
              },
			  
			  
			  
			  
			  { "name": "{$v_LAN1_vrrp__vrrpVirtualAddress}", "value": "192.170.1.1", "isAutogeneratable": false},
			  { "name": "{$v_LAN1_IPv4__staticaddress}", "value": "192.170.1.2/24", "isAutogeneratable": false},
			  
              {
                "name": "{$v_tvi-0-181_-_Unit_0_Static_address__tunnelStaticAddress}",
                "value": "20.20.90.26/32",
                "isAutogeneratable": true,
                "isOverwritten": true
              },
              {
                "name": "{$v_latitude__IdLatitude}",
                "value": 1.352083,
                "isAutogeneratable": true
              },
              {
                "name": "{$v_MPLS-WAN-Transport-VR_IPv4__vrHopAddress}",
                "value": "172.16.7.101",
                "isAutogeneratable": false
              },
              {
                "name": "{$v_identification__IdName}",
                "value": "CPE26-HKG-HYBRID-PRIM-IPC00190",
                "isAutogeneratable": true
              },
              {
                "name": "{$v_tvi-0-180_-_Unit_0_Static_address__tunnelStaticAddress}",
                "value": "10.10.90.26/32",
                "isAutogeneratable": true,
                "isOverwritten": true
              },
              {
                "name": "{$v_IPC00190_NV-WC02-N1-HKG_Local_auth_email_identifier__IKELIdentifier}",
                "value": "CPE26-HKG-HYBRID-PRIM-IPC00190@colt.net",
                "isAutogeneratable": true
              },
              {
                "name": "{$v_Chassis_Id__sitesChassisId}",
                "value": "4926",
                "isAutogeneratable": true
              },
              {
                "name": "{$v_longitude__Idlongitude}",
                "value": 103.819836,
                "isAutogeneratable": true
              },
              {
                "name": "{$v_IPC00190-Control-VR_90_Local_address__vrRouterAddress}",
                "value": "20.20.90.26",
                "isAutogeneratable": true,
                "isOverwritten": true
              },
              {
                "name": "{$v_location__IdLocation}",
                "value": "singapore",
                "isAutogeneratable": true
              },
			
				
				
				
			{ "name": "{$v_vni-0-4_LAN1_Unit-0__unit}", "value": "750", "isAutogeneratable": false},
			{ "name": "{$v_vni-0-4_LAN1_Unit-0__vlanId}", "value": "750", "isAutogeneratable": false },
			
              {
                "name": "{$v_Site_Id__siteSiteID}",
                "value": "4926",
                "isAutogeneratable": true
              }
            ]
          }
        },
        "variableMetadata": [
          {
            "variable": "{$v_IPC00190_NV-WC01-N1-HKG_Local_auth_email_identifier__IKELIdentifier}",
            "group": "IPSEC",
            "overlay": false
          },
          {
            "variable": "{$v_IPC00190_NV-WC01-N1-HKG_Local_auth_email_key__IKELKey}",
            "group": "IPSEC",
            "overlay": false
          },
          {
            "variable": "{$v_vni-0-4_LAN1_Unit-0__vlanId}",
            "group": "Vlan Info",
            "overlay": false,
            "type": "INTEGER"
          },
          {
            "variable": "{$v_IPC00190-Control-VR_90_Router_ID__vrRouteId}",
            "group": "Virtual routers",
            "overlay": true,
            "type": "IPV4"
          },
          {
            "variable": "{$v_Paired_Site__locationID}",
            "group": "SDWAN",
            "overlay": false
          },
          {
            "variable": "{$v_IPC00190_NV-WC02-N1-HKG_Local_auth_email_key__IKELKey}",
            "group": "IPSEC",
            "overlay": false
          },
          {
            "variable": "{$v_MPLS-WAN_IPv4__staticaddress}",
            "group": "Interfaces",
            "overlay": false,
            "type": "IPV4_MASK"
          },
          {
            "variable": "{$v_IPC00190_Site_Name__sitesSiteName}",
            "group": "SDWAN",
            "overlay": false
          },
		{ "variable": "{$v_LAN1_vrrp__vrrpVirtualAddress}", "group": "Others", "overlay": false, "type": "IPV4" },
		{ "variable": "{$v_LAN1_IPv4__staticaddress}", "group": "Interfaces", "overlay": false, "type": "IPV4_MASK" },
		
          {
            "variable": "{$v_tvi-0-181_-_Unit_0_Static_address__tunnelStaticAddress}",
            "group": "Interfaces",
            "overlay": true,
            "type": "IPV4_IPV6_MASK"
          },
          {
            "variable": "{$v_latitude__IdLatitude}",
            "group": "SDWAN",
            "overlay": false
          },
          {
            "variable": "{$v_MPLS-WAN-Transport-VR_IPv4__vrHopAddress}",
            "group": "Virtual Routers",
            "overlay": false,
            "type": "IPV4"
          },
          {
            "variable": "{$v_identification__IdName}",
            "group": "SDWAN",
            "overlay": false
          },
          {
            "variable": "{$v_tvi-0-180_-_Unit_0_Static_address__tunnelStaticAddress}",
            "group": "Interfaces",
            "overlay": true,
            "type": "IPV4_IPV6_MASK"
          },
          {
            "variable": "{$v_IPC00190_NV-WC02-N1-HKG_Local_auth_email_identifier__IKELIdentifier}",
            "group": "IPSEC",
            "overlay": false
          },
          {
            "variable": "{$v_Chassis_Id__sitesChassisId}",
            "group": "SDWAN",
            "overlay": false
          },
          {
            "variable": "{$v_longitude__Idlongitude}",
            "group": "SDWAN",
            "overlay": false
          },
          {
            "variable": "{$v_IPC00190-Control-VR_90_Local_address__vrRouterAddress}",
            "group": "Virtual routers",
            "overlay": true,
            "type": "IPV4"
          },
          {
            "variable": "{$v_location__IdLocation}",
            "group": "SDWAN",
            "overlay": false
          },
		 
		 
		 
		 {"variable": "{$v_vni-0-4_LAN1_Unit-0__vlanId}", "group": "Vlan Info", "overlay": false, "type": "INTEGER"},
		 
          {
            "variable": "{$v_Site_Id__siteSiteID}",
            "group": "SDWAN",
            "overlay": false
          }
        ]
      }
    }
  }
}
2019-08-29 12:50:35,845 - CPE26-HKG-HYBRID-PRIM-IPC00190 - INFO - <Response [200]>
2019-08-29 12:50:35,845 - CPE26-HKG-HYBRID-PRIM-IPC00190 - INFO - PASS
2019-08-29 12:50:46,052 - CPE26-HKG-HYBRID-PRIM-IPC00190 - INFO - 21345
2019-08-29 12:50:51,443 - CPE26-HKG-HYBRID-PRIM-IPC00190 - INFO - Device deployed
2019-08-29 12:50:52,167 - CPE26-HKG-HYBRID-PRIM-IPC00190 - INFO - {u'versanms.sdwan-device-workflow': {u'postStagingTemplateInfo': {u'templateData': {u'device-template-variable': {u'variable-binding': {u'attrs': [{u'isAutogeneratable': False, u'name': u'{$v_LAN1_vrrp__vrrpVirtualAddress}', u'value': u'192.170.1.1'}, {u'isAutogeneratable': True, u'isOverwritten': True, u'name': u'{$v_tvi-0-181_-_Unit_0_Static_address__tunnelStaticAddress}', u'value': u'20.20.90.26/32'}, {u'isAutogeneratable': False, u'name': u'{$v_vni-0-4_LAN1_Unit-0__vlanId}', u'value': 750}, {u'isAutogeneratable': False, u'name': u'{$v_Paired_Site__locationID}', u'value': 4927}, {u'isAutogeneratable': True, u'name': u'{$v_Chassis_Id__sitesChassisId}', u'value': u'CPE26KSB01'}, {u'isAutogeneratable': True, u'isOverwritten': True, u'name': u'{$v_IPC00190-Control-VR_90_Router_ID__vrRouteId}', u'value': u'20.20.90.26'}, {u'isAutogeneratable': True, u'name': u'{$v_IPC00190_NV-WC01-N1-HKG_Local_auth_email_key__IKELKey}', u'value': u'CPE26-HKG-HYBRID-PRIM-IPC00190'}, {u'isAutogeneratable': True, u'name': u'{$v_longitude__Idlongitude}', u'value': 103.819836}, {u'isAutogeneratable': True, u'name': u'{$v_IPC00190_NV-WC02-N1-HKG_Local_auth_email_identifier__IKELIdentifier}', u'value': u'CPE26-HKG-HYBRID-PRIM-IPC00190@colt.net'}, {u'isAutogeneratable': True, u'name': u'{$v_location__IdLocation}', u'value': u'singapore'}, {u'isAutogeneratable': True, u'isOverwritten': True, u'name': u'{$v_IPC00190-Control-VR_90_Local_address__vrRouterAddress}', u'value': u'20.20.90.26'}, {u'isAutogeneratable': False, u'name': u'{$v_MPLS-WAN-Transport-VR_IPv4__vrHopAddress}', u'value': u'172.16.7.101'}, {u'isAutogeneratable': True, u'isOverwritten': True, u'name': u'{$v_tvi-0-180_-_Unit_0_Static_address__tunnelStaticAddress}', u'value': u'10.10.90.26/32'}, {u'isAutogeneratable': False, u'name': u'{$v_vni-0-4_LAN1_Unit-0__unit}', u'value': 750}, {u'isAutogeneratable': True, u'name': u'{$v_Site_Id__siteSiteID}', u'value': 4926}, {u'isAutogeneratable': True, u'name': u'{$v_IPC00190_NV-WC01-N1-HKG_Local_auth_email_identifier__IKELIdentifier}', u'value': u'CPE26-HKG-HYBRID-PRIM-IPC00190@colt.net'}, {u'isAutogeneratable': False, u'name': u'{$v_MPLS-WAN_IPv4__staticaddress}', u'value': u'172.16.7.102/30'}, {u'isAutogeneratable': True, u'name': u'{$v_IPC00190_Site_Name__sitesSiteName}', u'value': u'CPE26-HKG-HYBRID-PRIM-IPC00190'}, {u'isAutogeneratable': False, u'name': u'{$v_LAN1_IPv4__staticaddress}', u'value': u'192.170.1.2/24'}, {u'isAutogeneratable': True, u'name': u'{$v_latitude__IdLatitude}', u'value': 1.352083}, {u'isAutogeneratable': True, u'name': u'{$v_IPC00190_NV-WC02-N1-HKG_Local_auth_email_key__IKELKey}', u'value': u'CPE26-HKG-HYBRID-PRIM-IPC00190'}, {u'isAutogeneratable': True, u'name': u'{$v_identification__IdName}', u'value': u'CPE26-HKG-HYBRID-PRIM-IPC00190'}]}, u'template': u'IPC00190-HKG-PS-D-MPLS'}, u'variableMetadata': [{u'variable': u'{$v_LAN1_vrrp__vrrpVirtualAddress}', u'type': u'IPV4', u'group': u'Others', u'overlay': False}, {u'variable': u'{$v_tvi-0-181_-_Unit_0_Static_address__tunnelStaticAddress}', u'type': u'IPV4_IPV6_MASK', u'group': u'Interfaces', u'overlay': True}, {u'variable': u'{$v_vni-0-4_LAN1_Unit-0__vlanId}', u'type': u'INTEGER', u'group': u'Vlan Info', u'overlay': False}, {u'variable': u'{$v_Paired_Site__locationID}', u'group': u'SDWAN', u'overlay': False}, {u'variable': u'{$v_Chassis_Id__sitesChassisId}', u'group': u'SDWAN', u'overlay': False}, {u'variable': u'{$v_IPC00190-Control-VR_90_Router_ID__vrRouteId}', u'type': u'IPV4', u'group': u'Virtual routers', u'overlay': True}, {u'variable': u'{$v_IPC00190_NV-WC01-N1-HKG_Local_auth_email_key__IKELKey}', u'group': u'IPSEC', u'overlay': False}, {u'variable': u'{$v_longitude__Idlongitude}', u'group': u'SDWAN', u'overlay': False}, {u'variable': u'{$v_IPC00190_NV-WC02-N1-HKG_Local_auth_email_identifier__IKELIdentifier}', u'group': u'IPSEC', u'overlay': False}, {u'variable': u'{$v_location__IdLocation}', u'group': u'SDWAN', u'overlay': False}, {u'variable': u'{$v_IPC00190-Control-VR_90_Local_address__vrRouterAddress}', u'type': u'IPV4', u'group': u'Virtual routers', u'overlay': True}, {u'variable': u'{$v_MPLS-WAN-Transport-VR_IPv4__vrHopAddress}', u'type': u'IPV4', u'group': u'Virtual routers', u'overlay': False}, {u'variable': u'{$v_tvi-0-180_-_Unit_0_Static_address__tunnelStaticAddress}', u'type': u'IPV4_IPV6_MASK', u'group': u'Interfaces', u'overlay': True}, {u'variable': u'{$v_vni-0-4_LAN1_Unit-0__unit}', u'type': u'INTEGER', u'group': u'Vlan Info', u'overlay': False}, {u'variable': u'{$v_Site_Id__siteSiteID}', u'group': u'SDWAN', u'overlay': False}, {u'variable': u'{$v_IPC00190_NV-WC01-N1-HKG_Local_auth_email_identifier__IKELIdentifier}', u'group': u'IPSEC', u'overlay': False}, {u'variable': u'{$v_MPLS-WAN_IPv4__staticaddress}', u'type': u'IPV4_MASK', u'group': u'Interfaces', u'overlay': False}, {u'variable': u'{$v_IPC00190_Site_Name__sitesSiteName}', u'group': u'SDWAN', u'overlay': False}, {u'variable': u'{$v_LAN1_IPv4__staticaddress}', u'type': u'IPV4_MASK', u'group': u'Interfaces', u'overlay': False}, {u'variable': u'{$v_latitude__IdLatitude}', u'group': u'SDWAN', u'overlay': False}, {u'variable': u'{$v_IPC00190_NV-WC02-N1-HKG_Local_auth_email_key__IKELKey}', u'group': u'IPSEC', u'overlay': False}, {u'variable': u'{$v_identification__IdName}', u'group': u'SDWAN', u'overlay': False}]}, u'templateName': u'IPC00190-HKG-PS-D-MPLS'}, u'deviceName': u'CPE26-HKG-HYBRID-PRIM-IPC00190', u'workflowStatus': u'Deployed', u'deviceGroup': u'IPC00190-HKG-PS-D-MPLS-DG', u'orgName': u'IPC00190', u'serialNumber': u'CPE26KSB01', u'locationInfo': {u'latitude': 1.352083, u'country': u'singapore', u'longitude': 103.819836}, u'bandwidth': 0, u'lastUpdatedBy': u'Automated', u'siteId': 4926, u'instanceInfo': u'', u'stagingTemplateInfo': u'', u'lastModifiedTime': u'2019-08-29T07:04:49.503000+00:00', u'urlztpBasedInfo': {u'authType': u'psk', u'enableIpv4Dhcp': False, u'branchKey': u'LVGqLhSGsNxhJJSZ', u'branchId': u'CPE26-HKG-HYBRID-PRIM-IPC00190@IPC00190.com', u'enableIpv6': False, u'enableIpv4': False, u'enableIpv6Dhcp': False}}}
2019-08-29 12:51:11,739 - CPE26-HKG-HYBRID-PRIM-IPC00190 - INFO - configure private
Entering configuration mode private
[ok][2019-08-29 07:05:16]

[edit]
Automated@VDir-BLR-NEW-01% 
2019-08-29 12:51:13,940 - CPE26-HKG-HYBRID-PRIM-IPC00190 - INFO - True
2019-08-29 12:51:14,743 - CPE26-HKG-HYBRID-PRIM-IPC00190 - INFO - set devices device NV-WC02-N6-SIN config orgs org-services Colt ipsec vpn-profile MPLS-WAN-NV-WC02-N6-SIN-StagingIpsec psk-auth-clients remote-client IPC00190-CPE26-HKG-HYBRID-PRIM-IPC00190@colt.net id-type email
[ok][2019-08-29 07:05:21]

[edit]
Automated@VDir-BLR-NEW-01% 
2019-08-29 12:51:15,545 - CPE26-HKG-HYBRID-PRIM-IPC00190 - INFO - set devices device NV-WC02-N6-SIN config orgs org-services Colt ipsec vpn-profile MPLS-WAN-NV-WC02-N6-SIN-StagingIpsec psk-auth-clients remote-client IPC00190-CPE26-HKG-HYBRID-PRIM-IPC00190@colt.net key CPE26-HKG-HYBRID-PRIM-IPC00190
[ok][2019-08-29 07:05:22]

[edit]
Automated@VDir-BLR-NEW-01% 
2019-08-29 12:51:15,946 - CPE26-HKG-HYBRID-PRIM-IPC00190 - INFO - commit and-quit
No modifications to commit.
[ok][2019-08-29 07:05:22]
Automated@VDir-BLR-NEW-01> 
2019-08-29 12:51:16,062 - CPE26-HKG-HYBRID-PRIM-IPC00190 - INFO - 
STEP : ONBOARD CALL

2019-08-29 12:51:16,072 - CPE26-HKG-HYBRID-PRIM-IPC00190 - INFO - 
sudo /opt/versa/scripts/staging.py -w 1 -c 10.63.77.14 -s 172.16.7.102/30 -g 172.16.7.101 -l IPC00190-CPE26-HKG-HYBRID-PRIM-IPC00190@colt.net -lk CPE26-HKG-HYBRID-PRIM-IPC00190  -r NV-WC02-N6-SIN@colt.net -rk 1234

2019-08-29 12:58:05,900 - CPE26-HKG-HYBRID-PRIM-IPC00190 - INFO - 
 	 >>>>>>>>>>>> CPE ONBOARDING PASSED <<<<<<<<<<<<
 	 >>>>>>>>>>>>    CPE DETAILS        <<<<<<<<<<<<
2019-08-29 12:58:06,614 - CPE26-HKG-HYBRID-PRIM-IPC00190 - INFO - None
2019-08-29 12:58:06,614 - CPE26-HKG-HYBRID-PRIM-IPC00190 - INFO - 
STEP : CONFIG VRRP TRACK ROUTE & QOS RULE MATCH WAN in Secondary CPE

2019-08-29 12:58:21,201 - CPE26-HKG-HYBRID-PRIM-IPC00190 - INFO - configure private
Entering configuration mode private
[ok][2019-08-29 07:12:23]

[edit]
Automated@VDir-BLR-NEW-01% 
2019-08-29 12:58:23,404 - CPE26-HKG-HYBRID-PRIM-IPC00190 - INFO - True
2019-08-29 12:58:23,805 - CPE26-HKG-HYBRID-PRIM-IPC00190 - INFO - 

[edit]
Automated@VDir-BLR-NEW-01% 
2019-08-29 12:58:24,211 - CPE26-HKG-HYBRID-PRIM-IPC00190 - INFO - 

[edit]
Automated@VDir-BLR-NEW-01% 
2019-08-29 12:58:24,615 - CPE26-HKG-HYBRID-PRIM-IPC00190 - INFO - 

[edit]
Automated@VDir-BLR-NEW-01% 
2019-08-29 12:58:25,016 - CPE26-HKG-HYBRID-PRIM-IPC00190 - INFO - 

[edit]
Automated@VDir-BLR-NEW-01% 
2019-08-29 12:58:25,417 - CPE26-HKG-HYBRID-PRIM-IPC00190 - INFO - 

[edit]
Automated@VDir-BLR-NEW-01% 
2019-08-29 12:58:25,819 - CPE26-HKG-HYBRID-PRIM-IPC00190 - INFO - 

[edit]
Automated@VDir-BLR-NEW-01% 
2019-08-29 12:58:26,822 - CPE26-HKG-HYBRID-PRIM-IPC00190 - INFO - set devices device CPE26-HKG-HYBRID-PRIM-IPC00190 config interfaces vni-0/4 unit 1 family inet address 192.170.1.2/24 vrrp-group 1 priority 105
[ok][2019-08-29 07:12:30]

[edit]
Automated@VDir-BLR-NEW-01% 
2019-08-29 12:58:27,825 - CPE26-HKG-HYBRID-PRIM-IPC00190 - INFO - set devices device CPE26-HKG-HYBRID-PRIM-IPC00190 config interfaces vni-0/4 unit 1 family inet address 192.170.1.2/24 vrrp-group 1 track route 10.91.113.58/32 routing-instance IPC00190-Control-VR
[ok][2019-08-29 07:12:32]

[edit]
Automated@VDir-BLR-NEW-01% 
2019-08-29 12:58:28,828 - CPE26-HKG-HYBRID-PRIM-IPC00190 - INFO - set devices device CPE26-HKG-HYBRID-PRIM-IPC00190 config interfaces vni-0/4 unit 1 family inet address 192.170.1.2/24 vrrp-group 1 track route 10.91.113.58/32 priority-cost 10
[ok][2019-08-29 07:12:33]

[edit]
Automated@VDir-BLR-NEW-01% 
2019-08-29 12:58:29,233 - CPE26-HKG-HYBRID-PRIM-IPC00190 - INFO - 

[edit]
Automated@VDir-BLR-NEW-01% 
