2019-06-04 16:01:50,710 - CPE25-GGN-HYBRID - INFO - CPE NAME:CPE25-GGN-HYBRID
2019-06-04 16:01:51,716 - CPE25-GGN-HYBRID - INFO - SOLUTION SELECTED:SINGLE-CPE-HYBRID
2019-06-04 16:01:52,815 - CPE25-GGN-HYBRID - INFO - {u'versanms.sdwan-org-workflow': {u'ikeAuthType': u'psk', u'globalId': 42, u'orgName': u'IPC00142', u'controllers': [u'NV-WC01-N3-GGN', u'NV-WC01-N6-SIN', u'NV-WC02-N3-GGN', u'NV-WC02-N6-SIN'], u'bandwidth': 10, u'parentOrg': u'Colt', u'vrfs': [{u'name': u'LAN1-VRF', u'enableVPN': True, u'id': 540}, {u'name': u'LAN2-VRF', u'enableVPN': True, u'id': 541}], u'solutionTier': u'base-sdwan', u'sharedControlPlane': False}}
2019-06-04 16:01:53,016 - CPE25-GGN-HYBRID - INFO - {u'versanms.sdwan-org-workflow': {u'ikeAuthType': u'psk', u'globalId': 42, u'orgName': u'IPC00142', u'controllers': [u'NV-WC01-N3-GGN', u'NV-WC01-N6-SIN', u'NV-WC02-N3-GGN', u'NV-WC02-N6-SIN'], u'bandwidth': 10, u'parentOrg': u'Colt', u'vrfs': [{u'name': u'LAN1-VRF', u'enableVPN': True, u'id': 540}, {u'name': u'LAN2-VRF', u'enableVPN': True, u'id': 541}], u'solutionTier': u'base-sdwan', u'sharedControlPlane': False}}
2019-06-04 16:01:53,257 - CPE25-GGN-HYBRID - INFO - {u'versanms.sdwan-org-workflow': {u'ikeAuthType': u'psk', u'globalId': 42, u'orgName': u'IPC00142', u'controllers': [u'NV-WC01-N3-GGN', u'NV-WC01-N6-SIN', u'NV-WC02-N3-GGN', u'NV-WC02-N6-SIN'], u'bandwidth': 10, u'parentOrg': u'Colt', u'vrfs': [{u'name': u'LAN1-VRF', u'enableVPN': True, u'id': 540}, {u'name': u'LAN2-VRF', u'enableVPN': True, u'id': 541}], u'solutionTier': u'base-sdwan', u'sharedControlPlane': False}}
2019-06-04 16:01:53,262 - CPE25-GGN-HYBRID - INFO - 
STEP : PRE-ONBOARD WORK

2019-06-04 16:01:53,316 - CPE25-GGN-HYBRID - INFO - 
sudo /opt/versa/scripts/staging.py -w 2 -c 10.83.130.53 -s 172.16.6.98/30 -g 172.16.6.97 -l IPC00142-CPE25-GGN-HYBRID@colt.net -lk CPE25-GGN-HYBRID  -r NV-WC01-N3-GGN@colt.net -rk 1234

2019-06-04 16:01:53,316 - CPE25-GGN-HYBRID - INFO - {
	"versanms.sdwan-device-workflow": {
		"deviceName": "CPE25-GGN-HYBRID",
		"siteId": "2025",
		"orgName": "IPC00142",
		"serialNumber": "CPE25KSA",
		"deviceGroup": "IPC00142-GGN-PS-HS-LIB-DG",
		"locationInfo": {
			"state": "karnataka",
			"country": "india",
			"longitude": "77.594563",
			"latitude": "12.971599",
			"city": "bangalore"
		},
		"postStagingTemplateInfo": {
			"templateName": "IPC00142-GGN-PS-HS-LIB",
			"templateData": {
				"device-template-variable": {
					"template": "IPC00142-GGN-PS-HS-LIB",
					"variable-binding": {
						"attrs": [{
							"name": "{$v_INT-WAN_IPv4__staticaddress}",
							"value": "172.16.6.98/30",
							"isAutogeneratable": false
						},
						
						    
						    
						    
						{ "name": "{$v_vni-0-4_LAN1_Unit-0__unit}", "value": "740", "isAutogeneratable": false},
						{ "name": "{$v_vni-0-4_LAN1_Unit-0__vlanId}", "value": "740", "isAutogeneratable": false },
						
						{
							"name": "{$v_IPC00142-Control-VR_16_Router_ID__vrRouteId}",
							"value": "20.20.42.25",
							"isAutogeneratable": true,
							"isOverwritten": false
						}, {
							"name": "{$v_IPC00142_NV-WC01-N3-GGN_Local_auth_email_key__IKELKey}",
							"value": "CPE25-GGN-HYBRID",
							"isAutogeneratable": true
						}, {
							"name": "{$v_IPC00142_NV-WC02-N3-GGN_Local_auth_email_key__IKELKey}",
							"value": "CPE25-GGN-HYBRID",
							"isAutogeneratable": true
						},
						
						
						
						{ "name": "{$v_LAN1_IPv4__staticaddress}", "value": "192.169.241.1/24", "isAutogeneratable": false},
						
						{
							"name": "{$v_IPC00142_NV-WC02-N3-GGN_Local_auth_email_identifier__IKELIdentifier}",
							"value": "CPE25-GGN-HYBRID@colt.net",
							"isAutogeneratable": true
						}, {
							"name": "{$v_Site_Id__siteSiteID}",
							"value": "2025",
							"isAutogeneratable": true
						}, {
							"name": "{$v_IPC00142_NV-WC01-N3-GGN_Local_auth_email_identifier__IKELIdentifier}",
							"value": "CPE25-GGN-HYBRID@colt.net",
							"isAutogeneratable": true
						}, {
							"name": "{$v_IPC00142_Site_Name__sitesSiteName}",
							"value": "CPE25-GGN-HYBRID",
							"isAutogeneratable": true
						}, {
							"name": "{$v_latitude__IdLatitude}",
							"value": "12.971599",
							"isAutogeneratable": true
						}, {
							"name": "{$v_identification__IdName}",
							"value": "CPE25-GGN-HYBRID",
							"isAutogeneratable": true
						}, {
							"name": "{$v_INT-WAN-Transport-VR_IPv4__vrHopAddress}",
							"value": "172.16.6.97",
							"isAutogeneratable": false
						},	{
						    "name": "{$v_tvi-0-84_-_Unit_0_Static_address__tunnelStaticAddress}",
							"value": "10.10.42.25/32",
							"isAutogeneratable": true,
							"isOverwritten": false
						}, {
							"name": "{$v_Chassis_Id__sitesChassisId}",
							"value": "CPE25KSA",
							"isAutogeneratable": true
						}, {
							"name": "{$v_longitude__Idlongitude}",
							"value": "77.594563",
							"isAutogeneratable": true
						}, {
							"name": "{$v_location__IdLocation}",
							"value": "bangalore,karnataka, india",
							"isAutogeneratable": true
						}, {
							"name": "{$v_IPC00142-Control-VR_42_Local_address__vrRouterAddress}",
							"value": "20.20.42.25",
							"isAutogeneratable": true,
							"isOverwritten": false
						}, {
							"name": "{$v_MPLS-WAN-Transport-VR_IPv4__vrHopAddress}",
							"value": "172.16.7.97",
							"isAutogeneratable": false
						}, {
							"name": "{$v_MPLS-WAN_IPv4__staticaddress}",
							"value": "172.16.7.98/30",
							"isAutogeneratable": false
						}, {
							"name": "{$v_tvi-0-85_-_Unit_0_Static_address__tunnelStaticAddress}",
							"value": "20.20.42.25/32",
							"isAutogeneratable": true,
							"isOverwritten": false
						}]
					}
				},
				"variableMetadata": [{
					"variable": "{$v_INT-WAN_IPv4__staticaddress}",
					"group": "Interfaces",
					"overlay": false,
					"type": "IPV4_MASK"
				},
                
                
                
				{"variable": "{$v_vni-0-4_LAN1_Unit-0__vlanId}", "group": "Vlan Info", "overlay": false, "type": "INTEGER"},
                
				{
					"variable": "{$v_IPC00142-Control-VR_42_Router_ID__vrRouteId}",
					"group": "Virtual Routers",
					"overlay": true,
					"type": "IPV4"
				}, {
					"variable": "{$v_IPC00142_NV-WC01-N3-GGN_Local_auth_email_key__IKELKey}",
					"group": "IPSEC",
					"overlay": false
				}, {
					"variable": "{$v_IPC00142_NV-WC02-N3-GGN_Local_auth_email_key__IKELKey}",
					"group": "IPSEC",
					"overlay": false
				},
			{
					"variable": "{$v_LAN1_IPv4__staticaddress}", "group": "Interfaces", "overlay": false, "type": "IPV4_MASK"
				},
            
				 {
					"variable": "{$v_IPC00142_NV-WC02-N3-GGN_Local_auth_email_identifier__IKELIdentifier}",
					"group": "IPSEC",
					"overlay": false
				}, {
					"variable": "{$v_Site_Id__siteSiteID}",
					"group": "SDWAN",
					"overlay": false
				}, {
					"variable": "{$v_IPC00142_NV-WC01-N3-GGN_Local_auth_email_identifier__IKELIdentifier}",
					"group": "IPSEC",
					"overlay": false
				}, {
					"variable": "{$v_IPC00142_Site_Name__sitesSiteName}",
					"group": "SDWAN",
					"overlay": false
				}, {
					"variable": "{$v_latitude__IdLatitude}",
					"group": "SDWAN",
					"overlay": false
				}, {
					"variable": "{$v_identification__IdName}",
					"group": "SDWAN",
					"overlay": false
				}, {
					"variable": "{$v_INT-WAN-Transport-VR_IPv4__vrHopAddress}",
					"group": "Virtual Routers",
					"overlay": false,
					"type": "IPV4_IPV6"
				}, {
					"variable": "{$v_tvi-0-84_-_Unit_0_Static_address__tunnelStaticAddress}",
					"group": "Interfaces",
					"overlay": true,
					"type": "IPV4_IPV6_MASK"
				}, {
					"variable": "{$v_Chassis_Id__sitesChassisId}",
					"group": "SDWAN",
					"overlay": false
				}, {
					"variable": "{$v_longitude__Idlongitude}",
					"group": "SDWAN",
					"overlay": false
				}, {
					"variable": "{$v_location__IdLocation}",
					"group": "SDWAN",
					"overlay": false
				}, {
					"variable": "{$v_IPC00142-Control-VR_42_Local_address__vrRouterAddress}",
					"group": "Virtual Routers",
					"overlay": true,
					"type": "IPV4"
				}, {
					"variable": "{$v_MPLS-WAN-Transport-VR_IPv4__vrHopAddress}",
					"group": "Virtual Routers",
					"overlay": false,
					"type": "IPV4_IPV6"
				}, {
					"variable": "{$v_tvi-0-85_-_Unit_0_Static_address__tunnelStaticAddress}",
					"group": "Interfaces",
					"overlay": true,
					"type": "IPV4_IPV6_MASK"
				}]
			}
		}
	}
}
2019-06-04 16:02:00,903 - CPE25-GGN-HYBRID - INFO - <Response [200]>
2019-06-04 16:02:00,903 - CPE25-GGN-HYBRID - INFO - PASS
2019-06-04 16:02:11,086 - CPE25-GGN-HYBRID - INFO - 20500
2019-06-04 16:02:16,411 - CPE25-GGN-HYBRID - INFO - Device deployed
2019-06-04 16:02:17,187 - CPE25-GGN-HYBRID - INFO - {u'versanms.sdwan-device-workflow': {u'postStagingTemplateInfo': {u'templateData': {u'device-template-variable': {u'variable-binding': {u'attrs': [{u'isAutogeneratable': True, u'isOverwritten': True, u'name': u'{$v_tvi-0-85_-_Unit_0_Static_address__tunnelStaticAddress}', u'value': u'20.20.42.25/32'}, {u'isAutogeneratable': True, u'isOverwritten': False, u'name': u'{$v_IPC00142-Control-VR_42_Router_ID__vrRouteId}', u'value': u'10.42.71.233'}, {u'isAutogeneratable': False, u'name': u'{$v_INT-WAN-Transport-VR_IPv4__vrHopAddress}', u'value': u'172.16.6.97'}, {u'isAutogeneratable': True, u'isOverwritten': True, u'name': u'{$v_IPC00142-Control-VR_42_Local_address__vrRouterAddress}', u'value': u'20.20.42.25'}, {u'isAutogeneratable': False, u'name': u'{$v_vni-0-4_LAN1_Unit-0__vlanId}', u'value': 740}, {u'isAutogeneratable': True, u'isOverwritten': True, u'name': u'{$v_tvi-0-84_-_Unit_0_Static_address__tunnelStaticAddress}', u'value': u'10.10.42.25/32'}, {u'isAutogeneratable': True, u'name': u'{$v_Chassis_Id__sitesChassisId}', u'value': u'CPE25KSA'}, {u'isAutogeneratable': True, u'name': u'{$v_IPC00142_NV-WC02-N3-GGN_Local_auth_email_identifier__IKELIdentifier}', u'value': u'CPE25-GGN-HYBRID@colt.net'}, {u'isAutogeneratable': False, u'name': u'{$v_INT-WAN_IPv4__staticaddress}', u'value': u'172.16.6.98/30'}, {u'isAutogeneratable': True, u'name': u'{$v_longitude__Idlongitude}', u'value': 77.594563}, {u'isAutogeneratable': True, u'name': u'{$v_IPC00142_Site_Name__sitesSiteName}', u'value': u'CPE25-GGN-HYBRID'}, {u'isAutogeneratable': True, u'name': u'{$v_IPC00142_NV-WC01-N3-GGN_Local_auth_email_key__IKELKey}', u'value': u'CPE25-GGN-HYBRID'}, {u'isAutogeneratable': True, u'name': u'{$v_IPC00142_NV-WC01-N3-GGN_Local_auth_email_identifier__IKELIdentifier}', u'value': u'CPE25-GGN-HYBRID@colt.net'}, {u'isAutogeneratable': True, u'name': u'{$v_location__IdLocation}', u'value': u'bangalore,karnataka, india'}, {u'isAutogeneratable': True, u'name': u'{$v_IPC00142_NV-WC02-N3-GGN_Local_auth_email_key__IKELKey}', u'value': u'CPE25-GGN-HYBRID'}, {u'isAutogeneratable': False, u'name': u'{$v_MPLS-WAN-Transport-VR_IPv4__vrHopAddress}', u'value': u'172.16.7.97'}, {u'isAutogeneratable': False, u'name': u'{$v_vni-0-4_LAN1_Unit-0__unit}', u'value': 740}, {u'isAutogeneratable': True, u'name': u'{$v_Site_Id__siteSiteID}', u'value': 2025}, {u'isAutogeneratable': False, u'name': u'{$v_MPLS-WAN_IPv4__staticaddress}', u'value': u'172.16.7.98/30'}, {u'isAutogeneratable': False, u'name': u'{$v_LAN1_IPv4__staticaddress}', u'value': u'192.169.241.1/24'}, {u'isAutogeneratable': True, u'name': u'{$v_latitude__IdLatitude}', u'value': 12.971599}, {u'isAutogeneratable': True, u'name': u'{$v_identification__IdName}', u'value': u'CPE25-GGN-HYBRID'}]}, u'template': u'IPC00142-GGN-PS-HS-LIB'}, u'variableMetadata': [{u'variable': u'{$v_tvi-0-85_-_Unit_0_Static_address__tunnelStaticAddress}', u'type': u'IPV4_IPV6_MASK', u'group': u'Interfaces', u'overlay': True}, {u'variable': u'{$v_IPC00142-Control-VR_42_Router_ID__vrRouteId}', u'type': u'IPV4', u'group': u'Virtual routers', u'overlay': True}, {u'variable': u'{$v_INT-WAN-Transport-VR_IPv4__vrHopAddress}', u'type': u'IPV4_IPV6', u'group': u'Virtual routers', u'overlay': False}, {u'variable': u'{$v_IPC00142-Control-VR_42_Local_address__vrRouterAddress}', u'type': u'IPV4', u'group': u'Virtual routers', u'overlay': True}, {u'variable': u'{$v_vni-0-4_LAN1_Unit-0__vlanId}', u'type': u'INTEGER', u'group': u'Vlan Info', u'overlay': False}, {u'variable': u'{$v_tvi-0-84_-_Unit_0_Static_address__tunnelStaticAddress}', u'type': u'IPV4_IPV6_MASK', u'group': u'Interfaces', u'overlay': True}, {u'variable': u'{$v_Chassis_Id__sitesChassisId}', u'group': u'SDWAN', u'overlay': False}, {u'variable': u'{$v_IPC00142_NV-WC02-N3-GGN_Local_auth_email_identifier__IKELIdentifier}', u'group': u'IPSEC', u'overlay': False}, {u'variable': u'{$v_INT-WAN_IPv4__staticaddress}', u'type': u'IPV4_MASK', u'group': u'Interfaces', u'overlay': False}, {u'variable': u'{$v_longitude__Idlongitude}', u'group': u'SDWAN', u'overlay': False}, {u'variable': u'{$v_IPC00142_Site_Name__sitesSiteName}', u'group': u'SDWAN', u'overlay': False}, {u'variable': u'{$v_IPC00142_NV-WC01-N3-GGN_Local_auth_email_key__IKELKey}', u'group': u'IPSEC', u'overlay': False}, {u'variable': u'{$v_IPC00142_NV-WC01-N3-GGN_Local_auth_email_identifier__IKELIdentifier}', u'group': u'IPSEC', u'overlay': False}, {u'variable': u'{$v_location__IdLocation}', u'group': u'SDWAN', u'overlay': False}, {u'variable': u'{$v_IPC00142_NV-WC02-N3-GGN_Local_auth_email_key__IKELKey}', u'group': u'IPSEC', u'overlay': False}, {u'variable': u'{$v_MPLS-WAN-Transport-VR_IPv4__vrHopAddress}', u'type': u'IPV4_IPV6', u'group': u'Virtual routers', u'overlay': False}, {u'variable': u'{$v_vni-0-4_LAN1_Unit-0__unit}', u'type': u'INTEGER', u'group': u'Vlan Info', u'overlay': False}, {u'variable': u'{$v_Site_Id__siteSiteID}', u'group': u'SDWAN', u'overlay': False}, {u'variable': u'{$v_MPLS-WAN_IPv4__staticaddress}', u'type': u'IPV4_MASK', u'group': u'Interfaces', u'overlay': False}, {u'variable': u'{$v_LAN1_IPv4__staticaddress}', u'type': u'IPV4_MASK', u'group': u'Interfaces', u'overlay': False}, {u'variable': u'{$v_latitude__IdLatitude}', u'group': u'SDWAN', u'overlay': False}, {u'variable': u'{$v_identification__IdName}', u'group': u'SDWAN', u'overlay': False}]}, u'templateName': u'IPC00142-GGN-PS-HS-LIB'}, u'deviceName': u'CPE25-GGN-HYBRID', u'deviceGroup': u'IPC00142-GGN-PS-HS-LIB-DG', u'orgName': u'IPC00142', u'serialNumber': u'CPE25KSA', u'locationInfo': {u'latitude': 12.971599, u'country': u'india', u'state': u'karnataka', u'longitude': 77.594563, u'city': u'bangalore'}, u'siteId': 2025, u'instanceInfo': u'', u'stagingTemplateInfo': u'', u'urlztpBasedInfo': {u'authType': u'psk', u'enableIpv4Dhcp': False, u'branchKey': u'THA85ItSspMmgHN3', u'branchId': u'CPE25-GGN-HYBRID@IPC00142.com', u'enableIpv6': False, u'enableIpv4': False, u'enableIpv6Dhcp': False}}}
2019-06-04 16:02:36,667 - CPE25-GGN-HYBRID - INFO - configure private
Entering configuration mode private
Current configuration users:
admin tcp (maapi from 127.0.0.1) on since 2019-06-04 08:26:02 private mode
admin tcp (maapi from 127.0.0.1) on since 2019-06-04 07:35:57 private mode
[ok][2019-06-04 08:29:20]

[edit]
Administrator@VDir-BLR-NEW-01% 
2019-06-04 16:02:38,877 - CPE25-GGN-HYBRID - INFO - True
2019-06-04 16:02:39,677 - CPE25-GGN-HYBRID - INFO - set devices device NV-WC01-N3-GGN config orgs org-services Colt ipsec vpn-profile INT-WAN-NV-WC01-N3-GGN-StagingIpsec psk-auth-clients remote-client IPC00142-CPE25-GGN-HYBRID@colt.net id-type email
[ok][2019-06-04 08:29:25]

[edit]
Administrator@VDir-BLR-NEW-01% 
2019-06-04 16:02:40,283 - CPE25-GGN-HYBRID - INFO - set devices device NV-WC01-N3-GGN config orgs org-services Colt ipsec vpn-profile INT-WAN-NV-WC01-N3-GGN-StagingIpsec psk-auth-clients remote-client IPC00142-CPE25-GGN-HYBRID@colt.net key CPE25-GGN-HYBRID
[ok][2019-06-04 08:29:26]

[edit]
Administrator@VDir-BLR-NEW-01% 
2019-06-04 16:02:40,688 - CPE25-GGN-HYBRID - INFO - commit and-quit
No modifications to commit.
[ok][2019-06-04 08:29:26]
Administrator@VDir-BLR-NEW-01> 
2019-06-04 16:02:40,763 - CPE25-GGN-HYBRID - INFO - 
STEP : ONBOARD CALL

2019-06-04 16:02:40,788 - CPE25-GGN-HYBRID - INFO - 
sudo /opt/versa/scripts/staging.py -w 2 -c 10.83.130.53 -s 172.16.6.98/30 -g 172.16.6.97 -l IPC00142-CPE25-GGN-HYBRID@colt.net -lk CPE25-GGN-HYBRID  -r NV-WC01-N3-GGN@colt.net -rk 1234

