2020-05-20 12:44:36,456 - CPE27-SIN-DUAL-CPE-DUAL-MPLS-IPC00190-S - INFO - LOG FILE PATH : C:\Softwares_mine\stefano\NV_REPOSITORY\csit/LOGS/2020_05_20_12_44_32_595000/MAIN.log
2020-05-20 12:44:36,456 - CPE27-SIN-DUAL-CPE-DUAL-MPLS-IPC00190-S - INFO - CPE NAME:CPE27-SIN-DUAL-CPE-DUAL-MPLS-IPC00190-S
2020-05-20 12:44:37,456 - CPE27-SIN-DUAL-CPE-DUAL-MPLS-IPC00190-S - INFO - SOLUTION SELECTED:DUAL-CPE-DUAL-MPLS
2020-05-20 12:44:38,823 - CPE27-SIN-DUAL-CPE-DUAL-MPLS-IPC00190-S - DEBUG - {u'versanms.sdwan-org-workflow': {u'ikeAuthType': u'psk', u'globalId': 90, u'orgName': u'IPC00190', u'controllers': [u'NV-WC01-N1-HKG', u'NV-WC01-N6-SIN', u'NV-WC02-N1-HKG', u'NV-WC02-N6-SIN'], u'bandwidth': 10, u'parentOrg': u'Colt', u'vrfs': [{u'name': u'LAN1-VRF', u'enableVPN': True, u'id': 1020}, {u'name': u'LAN2-VRF', u'enableVPN': True, u'id': 1021}, {u'name': u'LAN3-VRF', u'enableVPN': True, u'id': 1022}, {u'name': u'LAN4-VRF', u'enableVPN': True, u'id': 1023}, {u'name': u'LAN5-VRF', u'enableVPN': True, u'id': 1024}, {u'name': u'LAN6-VRF', u'enableVPN': True, u'id': 1025}, {u'name': u'LAN7-VRF', u'enableVPN': True, u'id': 1026}, {u'name': u'LAN8-VRF', u'enableVPN': True, u'id': 1027}, {u'name': u'LAN9-VRF', u'enableVPN': True, u'id': 1028}, {u'name': u'LAN10-VRF', u'enableVPN': True, u'id': 1029}], u'solutionTier': u'base-sdwan', u'sharedControlPlane': False}}
2020-05-20 12:44:38,825 - CPE27-SIN-DUAL-CPE-DUAL-MPLS-IPC00190-S - INFO - 
STEP :CHECK ORG is available in Controller NV-WC01-N1-HKG
2020-05-20 12:44:38,825 - CPE27-SIN-DUAL-CPE-DUAL-MPLS-IPC00190-S - INFO - PASS
2020-05-20 12:44:39,191 - CPE27-SIN-DUAL-CPE-DUAL-MPLS-IPC00190-S - DEBUG - {u'versanms.sdwan-org-workflow': {u'ikeAuthType': u'psk', u'globalId': 90, u'orgName': u'IPC00190', u'controllers': [u'NV-WC01-N1-HKG', u'NV-WC01-N6-SIN', u'NV-WC02-N1-HKG', u'NV-WC02-N6-SIN'], u'bandwidth': 10, u'parentOrg': u'Colt', u'vrfs': [{u'name': u'LAN1-VRF', u'enableVPN': True, u'id': 1020}, {u'name': u'LAN2-VRF', u'enableVPN': True, u'id': 1021}, {u'name': u'LAN3-VRF', u'enableVPN': True, u'id': 1022}, {u'name': u'LAN4-VRF', u'enableVPN': True, u'id': 1023}, {u'name': u'LAN5-VRF', u'enableVPN': True, u'id': 1024}, {u'name': u'LAN6-VRF', u'enableVPN': True, u'id': 1025}, {u'name': u'LAN7-VRF', u'enableVPN': True, u'id': 1026}, {u'name': u'LAN8-VRF', u'enableVPN': True, u'id': 1027}, {u'name': u'LAN9-VRF', u'enableVPN': True, u'id': 1028}, {u'name': u'LAN10-VRF', u'enableVPN': True, u'id': 1029}], u'solutionTier': u'base-sdwan', u'sharedControlPlane': False}}
2020-05-20 12:44:39,191 - CPE27-SIN-DUAL-CPE-DUAL-MPLS-IPC00190-S - INFO - 
STEP :CHECK ORG is available in Controller NV-WC02-N6-SIN
2020-05-20 12:44:39,191 - CPE27-SIN-DUAL-CPE-DUAL-MPLS-IPC00190-S - INFO - PASS
2020-05-20 12:44:39,566 - CPE27-SIN-DUAL-CPE-DUAL-MPLS-IPC00190-S - DEBUG - {u'versanms.sdwan-org-workflow': {u'ikeAuthType': u'psk', u'globalId': 90, u'orgName': u'IPC00190', u'controllers': [u'NV-WC01-N1-HKG', u'NV-WC01-N6-SIN', u'NV-WC02-N1-HKG', u'NV-WC02-N6-SIN'], u'bandwidth': 10, u'parentOrg': u'Colt', u'vrfs': [{u'name': u'LAN1-VRF', u'enableVPN': True, u'id': 1020}, {u'name': u'LAN2-VRF', u'enableVPN': True, u'id': 1021}, {u'name': u'LAN3-VRF', u'enableVPN': True, u'id': 1022}, {u'name': u'LAN4-VRF', u'enableVPN': True, u'id': 1023}, {u'name': u'LAN5-VRF', u'enableVPN': True, u'id': 1024}, {u'name': u'LAN6-VRF', u'enableVPN': True, u'id': 1025}, {u'name': u'LAN7-VRF', u'enableVPN': True, u'id': 1026}, {u'name': u'LAN8-VRF', u'enableVPN': True, u'id': 1027}, {u'name': u'LAN9-VRF', u'enableVPN': True, u'id': 1028}, {u'name': u'LAN10-VRF', u'enableVPN': True, u'id': 1029}], u'solutionTier': u'base-sdwan', u'sharedControlPlane': False}}
2020-05-20 12:44:39,568 - CPE27-SIN-DUAL-CPE-DUAL-MPLS-IPC00190-S - INFO - 
STEP :CHECK ORG is available in Controller NV-WC01-N6-SIN
2020-05-20 12:44:39,568 - CPE27-SIN-DUAL-CPE-DUAL-MPLS-IPC00190-S - INFO - PASS
2020-05-20 12:44:39,568 - CPE27-SIN-DUAL-CPE-DUAL-MPLS-IPC00190-S - INFO - 
STEP :ONBOARD CALL
2020-05-20 12:44:39,582 - CPE27-SIN-DUAL-CPE-DUAL-MPLS-IPC00190-S - DEBUG - 
sudo /opt/versa/scripts/staging.py -w 1 -c 10.63.77.14 -s 172.16.7.106/30 -g 172.16.7.105 -l IPC00190-CPE27-SIN-DUAL-CPE-DUAL-MPLS-IPC00190-S@colt.net -lk CPE27-SIN-DUAL-CPE-DUAL-MPLS-IPC00190-S  -r NV-WC02-N6-SIN@colt.net -rk 1234

2020-05-20 12:44:43,733 - CPE27-SIN-DUAL-CPE-DUAL-MPLS-IPC00190-S - DEBUG - <netmiko.linux.linux_ssh.LinuxSSH object at 0x000000000DC99898>
2020-05-20 12:44:44,134 - CPE27-SIN-DUAL-CPE-DUAL-MPLS-IPC00190-S - DEBUG - [sudo] password for admin: 
2020-05-20 12:44:44,538 - CPE27-SIN-DUAL-CPE-DUAL-MPLS-IPC00190-S - DEBUG - E27-SIN-DUAL-CPE-HYB-IPC00190-S: ~] # 
2020-05-20 12:44:44,938 - CPE27-SIN-DUAL-CPE-DUAL-MPLS-IPC00190-S - DEBUG - exit
2020-05-20 12:44:45,141 - CPE27-SIN-DUAL-CPE-DUAL-MPLS-IPC00190-S - DEBUG - linux: [admin@CPE27-SIN-DUAL-CPE-HYB-IPC00190-S: ~] #
2020-05-20 12:44:45,542 - CPE27-SIN-DUAL-CPE-DUAL-MPLS-IPC00190-S - DEBUG - vsh allow-cli
Enter password: 
2020-05-20 12:44:45,946 - CPE27-SIN-DUAL-CPE-DUAL-MPLS-IPC00190-S - DEBUG - 

CLI now allowed
[admin@CPE27-SIN-DUAL-CPE-HYB-IPC00190-S: ~] # 
2020-05-20 12:44:46,346 - CPE27-SIN-DUAL-CPE-DUAL-MPLS-IPC00190-S - DEBUG - cli


             .---.,
            (      ``.
       _     \        )    __      ________ _____   _____
      (  `.   \      /     \ \    / /  ____|  __ \ / ____|  /\
       \    `. )    /       \ \  / /| |__  | |__) | (___   /  \
        \     |    /         \ \/ / |  __| |  _  / \___ \ / /\ \
         \    |   /           \  /  | |____| | \ \ ____) / ____ \
          \   |  /             \/   |______|_|  \_\_____/_/    \_\
           \  | /
            \_|/                   _  _ ___ _______      _____  ___ _  _____
                                  | \| | __|_   _\ \    / / _ \| _ \ |/ / __|
                                  | .` | _|  | |  \ \/\/ / (_) |   / ' <\__ \
                                  |_|\_|___| |_|   \_/\_/ \___/|_|_\_|\_\___/



admin connected from 10.91.194.86 using ssh on CPE27-SIN-DUAL-CPE-HYB-IPC00190-S
[?7hadmin@CPE27-SIN-DUAL-CPE-HYB-IPC00190-S-cli> 
2020-05-20 12:44:46,750 - CPE27-SIN-DUAL-CPE-DUAL-MPLS-IPC00190-S - DEBUG - request erase running-config
Will delete the running config and restart Versa
Services. Are you sure? [no,yes] 
2020-05-20 12:44:56,171 - CPE27-SIN-DUAL-CPE-DUAL-MPLS-IPC00190-S - DEBUG - yes
status  Erasing config and restarting services 
[ok][2020-05-20 07:16:32]
admin@CPE27-SIN-DUAL-CPE-HYB-IPC00190-S-cli> 
System message at 2020-05-20 07:16:35...
    Subsystem stopped: eventd
admin@CPE27-SIN-DUAL-CPE-HYB-IPC00190-S-cli> 
System message at 2020-05-20 07:16:35...
    Subsystem stopped: router-dcl
admin@CPE27-SIN-DUAL-CPE-HYB-IPC00190-S-cli> 
System message at 2020-05-20 07:16:35...
    Subsystem stopped: snmp-config-transform
admin@CPE27-SIN-DUAL-CPE-HYB-IPC00190-S-cli> 
System message at 2020-05-20 07:16:35...
    Subsystem stopped: snmp-config-hook
admin@CPE27-SIN-DUAL-CPE-HYB-IPC00190-S-cli> 
System message at 2020-05-20 07:16:35...
    Subsystem stopped: acctmgrd
admin@CPE27-SIN-DUAL-CPE-HYB-IPC00190-S-cli> 
System message at 2020-05-20 07:16:35...
    Subsystem stopped: infmgr
admin@CPE27-SIN-DUAL-CPE-HYB-IPC00190-S-cli> 
System message at 2020-05-20 07:16:35...
    Subsystem stopped: rtd-mgmt-thread
admin@CPE27-SIN-DUAL-CPE-HYB-IPC00190-S-cli> 
System message at 2020-05-20 07:16:35...
    Subsystem stopped: versa-vmod
admin@CPE27-SIN-DUAL-CPE-HYB-IPC00190-S-cli> [admin@CPE27-SIN-DUAL-CPE-HYB-IPC00190-S: ~] # 
2020-05-20 12:44:56,773 - CPE27-SIN-DUAL-CPE-DUAL-MPLS-IPC00190-S - DEBUG - process not up. Please wait for it to come up
2020-05-20 12:44:57,375 - CPE27-SIN-DUAL-CPE-DUAL-MPLS-IPC00190-S - DEBUG - vsh status

~~~~~~~~~~~~~~~~~~~~~~~~~~~~~~~~~~~~~~~~~~~~~~~~~~~~~~~~~~~~~~~~~

The product evaluation period has expired.
 Please contact Versa Support (support@versa-networks.com) 

~~~~~~~~~~~~~~~~~~~~~~~~~~~~~~~~~~~~~~~~~~~~~~~~~~~~~~~~~~~~~~~~~

versa-service          is Stopped           
versa-infmgr           is Stopped           
versa-rfd              is Stopped           
versa-vmod             is Stopped           
versa-ip2user          is Stopped           
versa-imgr             is Stopped           
versa-acctmgrd         is Stopped           
versa-fltrmgr          is Stopped           
versa-vstated          is Stopped           
versa-spack            is Stopped           
versa-addrmgrd         is Stopped           
versa-rt-cli-xfm       is Stopped           
versa-rtd              is Stopped           
versa-dhcpd            is Stopped           
versa-eventd           is Stopped           
versa-vrrpd            is Stopped           
versa-dnsd             is Stopped           
versa-ppmd             is Stopped           
versa-snmp-xform       is Stopped           
versa-certd            is Stopped           
versa-ntpd             is Stopped           
versa-dhclient6        is Stopped           
versa-redis            is Stopped           
versa-av-redis         is Stopped           
versa-spackmgr         is Stopped           
versa-devmgr           is Stopped           
versa-monit            is Stopped           
versa-confd            is Running,          [-] process 10156
versa-fail2ban         is Stopped           
versa-auditd           is Stopped           
versa-nodejs           is Stopped           
[admin@CPE27-SIN-DUAL-CPE-HYB-IPC00190-S: ~] # 
2020-05-20 12:45:07,377 - CPE27-SIN-DUAL-CPE-DUAL-MPLS-IPC00190-S - DEBUG - process not up. Please wait for it to come up
2020-05-20 12:45:07,980 - CPE27-SIN-DUAL-CPE-DUAL-MPLS-IPC00190-S - DEBUG - vsh status

~~~~~~~~~~~~~~~~~~~~~~~~~~~~~~~~~~~~~~~~~~~~~~~~~~~~~~~~~~~~~~~~~

The product evaluation period has expired.
 Please contact Versa Support (support@versa-networks.com) 

~~~~~~~~~~~~~~~~~~~~~~~~~~~~~~~~~~~~~~~~~~~~~~~~~~~~~~~~~~~~~~~~~

versa-service          is Stopped           
versa-infmgr           is Stopped           
versa-rfd              is Stopped           
versa-vmod             is Stopped           
versa-ip2user          is Stopped           
versa-imgr             is Stopped           
versa-acctmgrd         is Stopped           
versa-fltrmgr          is Stopped           
versa-vstated          is Stopped           
versa-spack            is Stopped           
versa-addrmgrd         is Stopped           
versa-rt-cli-xfm       is Stopped           
versa-rtd              is Stopped           
versa-dhcpd            is Stopped           
versa-eventd           is Stopped           
versa-vrrpd            is Stopped           
versa-dnsd             is Stopped           
versa-ppmd             is Stopped           
versa-snmp-xform       is Stopped           
versa-certd            is Stopped           
versa-ntpd             is Stopped           
versa-dhclient6        is Stopped           
versa-redis            is Stopped           
versa-av-redis         is Stopped           
versa-spackmgr         is Stopped           
versa-devmgr           is Stopped           
versa-monit            is Stopped           
versa-confd            is Stopped           
versa-fail2ban         is Stopped           
versa-auditd           is Stopped           
versa-nodejs           is Stopped           
[admin@CPE27-SIN-DUAL-CPE-HYB-IPC00190-S: ~] # 
2020-05-20 12:45:17,983 - CPE27-SIN-DUAL-CPE-DUAL-MPLS-IPC00190-S - DEBUG - process not up. Please wait for it to come up
2020-05-20 12:45:19,385 - CPE27-SIN-DUAL-CPE-DUAL-MPLS-IPC00190-S - DEBUG - vsh status

~~~~~~~~~~~~~~~~~~~~~~~~~~~~~~~~~~~~~~~~~~~~~~~~~~~~~~~~~~~~~~~~~

The product evaluation period has expired.
 Please contact Versa Support (support@versa-networks.com) 

~~~~~~~~~~~~~~~~~~~~~~~~~~~~~~~~~~~~~~~~~~~~~~~~~~~~~~~~~~~~~~~~~


~~~~~~~~~~~~~~~~~~~~~~~~~~~~~~~~~~~~~~~~~~~~~~~~~~~~~~~~~~~~~~~~~

Netconf traffic yet to be allowed 

~~~~~~~~~~~~~~~~~~~~~~~~~~~~~~~~~~~~~~~~~~~~~~~~~~~~~~~~~~~~~~~~~

versa-service          is Running,          [*] process 17215
versa-infmgr           is Running,          [-] process 17067
versa-rfd              is Stopped           
versa-vmod             is Stopped           
versa-ip2user          is Stopped           
versa-imgr             is Stopped           
versa-acctmgrd         is Stopped           
versa-fltrmgr          is Running,          [-] process 17081
versa-vstated          is Running,          [-] process 17068
versa-spack            is Stopped           
versa-addrmgrd         is Stopped           
versa-rt-cli-xfm       is Stopped           
versa-rtd              is Stopped           
versa-dhcpd            is Running,          [-] process 17069
versa-eventd           is Stopped           
versa-vrrpd            is Running,          [-] process 17065
versa-dnsd             is Running,          [-] process 17075
versa-ppmd             is Stopped           
versa-snmp-xform       is Stopped           
versa-certd            is Stopped           
versa-ntpd             is Running,          [*] process 17055
versa-dhclient6        is Stopped           
versa-redis            is Running,          [-] process 16829
versa-av-redis         is Running,          [-] process 16828
versa-spackmgr         is Stopped           
versa-devmgr           is Stopped           
versa-monit            is Stopped           
versa-confd            is Running,          [*] process 16791
versa-fail2ban         is Stopped           
versa-auditd           is Stopped           
versa-nodejs           is Stopped           
[admin@CPE27-SIN-DUAL-CPE-HYB-IPC00190-S: ~] # 
2020-05-20 12:45:29,387 - CPE27-SIN-DUAL-CPE-DUAL-MPLS-IPC00190-S - DEBUG - process not up. Please wait for it to come up
2020-05-20 12:45:31,604 - CPE27-SIN-DUAL-CPE-DUAL-MPLS-IPC00190-S - DEBUG - vsh status

~~~~~~~~~~~~~~~~~~~~~~~~~~~~~~~~~~~~~~~~~~~~~~~~~~~~~~~~~~~~~~~~~

The product evaluation period has expired.
 Please contact Versa Support (support@versa-networks.com) 

~~~~~~~~~~~~~~~~~~~~~~~~~~~~~~~~~~~~~~~~~~~~~~~~~~~~~~~~~~~~~~~~~


~~~~~~~~~~~~~~~~~~~~~~~~~~~~~~~~~~~~~~~~~~~~~~~~~~~~~~~~~~~~~~~~~

Netconf traffic yet to be allowed 

~~~~~~~~~~~~~~~~~~~~~~~~~~~~~~~~~~~~~~~~~~~~~~~~~~~~~~~~~~~~~~~~~

versa-service          is Running,          [*] process 17215
versa-infmgr           is Running,          [-] process 17067
versa-rfd              is Running,          [-] process 17591
versa-vmod             is Running,          [-] process 17590
versa-ip2user          is Running,          [-] process 17608
versa-imgr             is Running,          [-] process 17603
versa-acctmgrd         is Running,          [-] process 17583
versa-fltrmgr          is Running,          [-] process 17081
versa-vstated          is Running,          [-] process 17068
versa-spack            is Running,          [-] process 17828
versa-addrmgrd         is Running,          [-] process 17606
versa-rt-cli-xfm       is Running,          [-] process 17550
versa-rtd              is Running,          [-] process 17576
versa-dhcpd            is Running,          [-] process 17069
versa-eventd           is Running,          [-] process 17586
versa-vrrpd            is Running,          [-] process 17065
versa-dnsd             is Running,          [-] process 17075
versa-ppmd             is Running,          [-] process 17540
versa-snmp-xform       is Running,          [-] process 17558
versa-certd            is Running,          [-] process 17607
versa-ntpd             is Running,          [*] process 17055
versa-dhclient6        is Running,          [-] process 17560
versa-redis            is Running,          [-] process 16829
versa-av-redis         is Running,          [-] process 16828
versa-spackmgr         is Running,          [-] process 17578
versa-devmgr           is Running,          [-] process 17754
versa-monit            is Running,          [*] process 17725
versa-confd            is Running,          [*] process 16791
versa-fail2ban         is Running,          [*] process 17774
versa-auditd           is Running,          [*] process 17791
versa-nodejs           is Running,          [-] process 17521
[admin@CPE27-SIN-DUAL-CPE-HYB-IPC00190-S: ~] # 
2020-05-20 12:45:41,607 - CPE27-SIN-DUAL-CPE-DUAL-MPLS-IPC00190-S - DEBUG - process not up. Please wait for it to come up
2020-05-20 12:45:43,211 - CPE27-SIN-DUAL-CPE-DUAL-MPLS-IPC00190-S - DEBUG - vsh status

~~~~~~~~~~~~~~~~~~~~~~~~~~~~~~~~~~~~~~~~~~~~~~~~~~~~~~~~~~~~~~~~~

The product evaluation period has expired.
 Please contact Versa Support (support@versa-networks.com) 

~~~~~~~~~~~~~~~~~~~~~~~~~~~~~~~~~~~~~~~~~~~~~~~~~~~~~~~~~~~~~~~~~

versa-service          is Running,          [*] process 17215
versa-infmgr           is Running,          [-] process 17067
versa-rfd              is Running,          [-] process 17591
versa-vmod             is Running,          [-] process 17590
versa-ip2user          is Running,          [-] process 17608
versa-imgr             is Running,          [-] process 17603
versa-acctmgrd         is Running,          [-] process 17583
versa-fltrmgr          is Running,          [-] process 17081
versa-vstated          is Running,          [-] process 17068
versa-spack            is Running,          [-] process 17828
versa-addrmgrd         is Running,          [-] process 17606
versa-rt-cli-xfm       is Running,          [-] process 17550
versa-rtd              is Running,          [-] process 17576
versa-dhcpd            is Running,          [-] process 17069
versa-eventd           is Running,          [-] process 17586
versa-vrrpd            is Running,          [-] process 17065
versa-dnsd             is Running,          [-] process 17075
versa-ppmd             is Running,          [-] process 17540
versa-snmp-xform       is Running,          [-] process 17558
versa-certd            is Running,          [-] process 17607
versa-ntpd             is Running,          [*] process 17055
versa-dhclient6        is Running,          [-] process 17560
versa-redis            is Running,          [-] process 18622
versa-av-redis         is Running,          [-] process 16828
versa-spackmgr         is Running,          [-] process 17578
versa-devmgr           is Running,          [-] process 17754
versa-monit            is Running,          [*] process 17725
versa-confd            is Running,          [*] process 16791
versa-fail2ban         is Running,          [*] process 17774
versa-auditd           is Running,          [*] process 17791
versa-nodejs           is Running,          [-] process 17521
[admin@CPE27-SIN-DUAL-CPE-HYB-IPC00190-S: ~] # 
2020-05-20 12:45:53,213 - CPE27-SIN-DUAL-CPE-DUAL-MPLS-IPC00190-S - DEBUG - After breaking while
2020-05-20 12:45:54,818 - CPE27-SIN-DUAL-CPE-DUAL-MPLS-IPC00190-S - DEBUG - 
~~~~~~~~~~~~~~~~~~~~~~~~~~~~~~~~~~~~~~~~~~~~~~~~~~~~~~~~~~~~~~~~~

The product evaluation period has expired.
 Please contact Versa Support (support@versa-networks.com) 

~~~~~~~~~~~~~~~~~~~~~~~~~~~~~~~~~~~~~~~~~~~~~~~~~~~~~~~~~~~~~~~~~

versa-service          is Running,          [*] process 17215
versa-infmgr           is Running,          [-] process 17067
versa-rfd              is Running,          [-] process 17591
versa-vmod             is Running,          [-] process 17590
versa-ip2user          is Running,          [-] process 17608
versa-imgr             is Running,          [-] process 17603
versa-acctmgrd         is Running,          [-] process 17583
versa-fltrmgr          is Running,          [-] process 17081
versa-vstated          is Running,          [-] process 17068
versa-spack            is Running,          [-] process 17828
versa-addrmgrd         is Running,          [-] process 17606
versa-rt-cli-xfm       is Running,          [-] process 17550
versa-rtd              is Running,          [-] process 17576
versa-dhcpd            is Running,          [-] process 17069
versa-eventd           is Running,          [-] process 17586
versa-vrrpd            is Running,          [-] process 17065
versa-dnsd             is Running,          [-] process 17075
versa-ppmd             is Running,          [-] process 17540
versa-snmp-xform       is Running,          [-] process 17558
versa-certd            is Running,          [-] process 17607
versa-ntpd             is Running,          [*] process 17055
versa-dhclient6        is Running,          [-] process 17560
versa-redis            is Running,          [-] process 18622
versa-av-redis         is Running,          [-] process 16828
versa-spackmgr         is Running,          [-] process 17578
versa-devmgr           is Running,          [-] process 17754
versa-monit            is Running,          [*] process 17725
versa-confd            is Running,          [*] process 16791
versa-fail2ban         is Running,          [*] process 17774
versa-auditd           is Running,          [*] process 17791
versa-nodejs           is Running,          [-] process 17521
2020-05-20 12:45:55,219 - CPE27-SIN-DUAL-CPE-DUAL-MPLS-IPC00190-S - DEBUG - CPE27may8
2020-05-20 12:45:55,622 - CPE27-SIN-DUAL-CPE-DUAL-MPLS-IPC00190-S - DEBUG - CPE27may8
2020-05-20 12:45:56,025 - CPE27-SIN-DUAL-CPE-DUAL-MPLS-IPC00190-S - DEBUG - CPE27may8
2020-05-20 12:45:56,427 - CPE27-SIN-DUAL-CPE-DUAL-MPLS-IPC00190-S - DEBUG - LS-IPC00190- 
S  -r NV-WC02-N6-SIN@colt.net -rk 1234

2020-05-20 12:46:17,483 - CPE27-SIN-DUAL-CPE-DUAL-MPLS-IPC00190-S - INFO - checking device info in VD.
2020-05-20 12:46:17,483 - CPE27-SIN-DUAL-CPE-DUAL-MPLS-IPC00190-S - INFO - sleeping 60 secs
2020-05-20 12:47:18,551 - CPE27-SIN-DUAL-CPE-DUAL-MPLS-IPC00190-S - INFO - checking device info in VD.
2020-05-20 12:47:18,552 - CPE27-SIN-DUAL-CPE-DUAL-MPLS-IPC00190-S - INFO - sleeping 60 secs
2020-05-20 12:48:19,700 - CPE27-SIN-DUAL-CPE-DUAL-MPLS-IPC00190-S - INFO - checking device info in VD.
2020-05-20 12:48:19,700 - CPE27-SIN-DUAL-CPE-DUAL-MPLS-IPC00190-S - INFO - sleeping 60 secs
2020-05-20 12:49:20,767 - CPE27-SIN-DUAL-CPE-DUAL-MPLS-IPC00190-S - INFO - checking device info in VD.
2020-05-20 12:49:20,767 - CPE27-SIN-DUAL-CPE-DUAL-MPLS-IPC00190-S - INFO - sleeping 60 secs
2020-05-20 12:50:21,835 - CPE27-SIN-DUAL-CPE-DUAL-MPLS-IPC00190-S - INFO - checking device info in VD.
2020-05-20 12:50:21,835 - CPE27-SIN-DUAL-CPE-DUAL-MPLS-IPC00190-S - INFO - sleeping 60 secs
2020-05-20 12:51:22,881 - CPE27-SIN-DUAL-CPE-DUAL-MPLS-IPC00190-S - INFO - checking device info in VD.
2020-05-20 12:51:22,881 - CPE27-SIN-DUAL-CPE-DUAL-MPLS-IPC00190-S - INFO - sleeping 60 secs
2020-05-20 12:52:23,997 - CPE27-SIN-DUAL-CPE-DUAL-MPLS-IPC00190-S - INFO - checking device info in VD.
2020-05-20 12:52:23,999 - CPE27-SIN-DUAL-CPE-DUAL-MPLS-IPC00190-S - INFO - sleeping 60 secs
2020-05-20 12:53:25,019 - CPE27-SIN-DUAL-CPE-DUAL-MPLS-IPC00190-S - INFO - checking device info in VD.
2020-05-20 12:53:25,019 - CPE27-SIN-DUAL-CPE-DUAL-MPLS-IPC00190-S - INFO - sleeping 60 secs
2020-05-20 12:54:26,180 - CPE27-SIN-DUAL-CPE-DUAL-MPLS-IPC00190-S - INFO - checking device info in VD.
2020-05-20 12:54:26,180 - CPE27-SIN-DUAL-CPE-DUAL-MPLS-IPC00190-S - INFO - sleeping 60 secs
2020-05-20 12:55:27,265 - CPE27-SIN-DUAL-CPE-DUAL-MPLS-IPC00190-S - INFO - checking device info in VD.
2020-05-20 12:55:27,265 - CPE27-SIN-DUAL-CPE-DUAL-MPLS-IPC00190-S - INFO - sleeping 60 secs
2020-05-20 12:56:28,371 - CPE27-SIN-DUAL-CPE-DUAL-MPLS-IPC00190-S - INFO - checking device info in VD.
2020-05-20 12:56:28,371 - CPE27-SIN-DUAL-CPE-DUAL-MPLS-IPC00190-S - INFO - sleeping 60 secs
2020-05-20 12:57:29,431 - CPE27-SIN-DUAL-CPE-DUAL-MPLS-IPC00190-S - INFO - checking device info in VD.
2020-05-20 12:57:29,431 - CPE27-SIN-DUAL-CPE-DUAL-MPLS-IPC00190-S - INFO - sleeping 60 secs
2020-05-20 12:58:30,519 - CPE27-SIN-DUAL-CPE-DUAL-MPLS-IPC00190-S - INFO - checking device info in VD.
2020-05-20 12:58:30,519 - CPE27-SIN-DUAL-CPE-DUAL-MPLS-IPC00190-S - INFO - sleeping 60 secs
2020-05-20 12:59:31,653 - CPE27-SIN-DUAL-CPE-DUAL-MPLS-IPC00190-S - INFO - checking device info in VD.
2020-05-20 12:59:31,653 - CPE27-SIN-DUAL-CPE-DUAL-MPLS-IPC00190-S - INFO - sleeping 60 secs
