2019-02-21 16:18:32,518 - VD1 - INFO - ORG NAME:NITIN
2019-02-21 16:18:34,790 - VD1 - DEBUG - {
  "versanms.sdwan-org-workflow": {
    "orgName": "NITIN",
    "globalId": "122",
    "parentOrg": "Colt",
    "ikeAuthType": "psk",
    "sharedControlPlane": false,
    "controllers": ["NV-WC01-N2-BLR", "NV-WC02-N4-MUM", "NV-WC02-N2-BLR"],
    "vrfs": [{ "name": "LAN1-VRF", "id": "1340", "enableVPN": "true", "tooltip": "" },{ "name": "LAN2-VRF", "id": "1341", "enableVPN": "true", "tooltip": "" },{ "name": "LAN3-VRF", "id": "1342", "enableVPN": "true", "tooltip": "" },{ "name": "LAN4-VRF", "id": "1343", "enableVPN": "true", "tooltip": "" },{ "name": "LAN5-VRF", "id": "1344", "enableVPN": "true", "tooltip": "" },{ "name": "LAN6-VRF", "id": "1345", "enableVPN": "true", "tooltip": "" },{ "name": "LAN7-VRF", "id": "1346", "enableVPN": "true", "tooltip": "" },{ "name": "LAN8-VRF", "id": "1347", "enableVPN": "true", "tooltip": "" },{ "name": "LAN9-VRF", "id": "1348", "enableVPN": "true", "tooltip": "" },{ "name": "LAN10-VRF", "id": "1349", "enableVPN": "true", "tooltip": "" }],
    "supportedRoles": []
  }
}
2019-02-21 16:20:56,270 - VD1 - INFO - <Response [500]>
2019-02-21 16:20:56,271 - VD1 - INFO - {"error":{"http_status_code":500,"code":0,"message":"Another org workflow with the same name already exists: NITIN","more_info":"http://nms.versa.com/errors/null"}}
2019-02-21 16:20:56,271 - VD1 - INFO - FAIL : {"error":{"http_status_code":500,"code":0,"message":"Another org workflow with the same name already exists: NITIN","more_info":"http://nms.versa.com/errors/null"}}
2019-02-21 16:20:56,271 - VD1 - INFO - 
********************
RESULT:
ORG DEPLOYMENT : FAIL : {"error":{"http_status_code":500,"code":0,"message":"Another org workflow with the same name already exists: NITIN","more_info":"http://nms.versa.com/errors/null"}}

********************

