2019-08-23 15:49:32,223 - CPE11-HKG-HYB-IPC00190 - INFO - CPE NAME:CPE11-HKG-HYB-IPC00190
2019-08-23 15:49:33,224 - CPE11-HKG-HYB-IPC00190 - INFO - SOLUTION SELECTED:SINGLE-CPE-HYBRID
2019-08-23 15:49:34,407 - CPE11-HKG-HYB-IPC00190 - INFO - {u'versanms.sdwan-org-workflow': {u'ikeAuthType': u'psk', u'globalId': 90, u'orgName': u'IPC00190', u'controllers': [u'NV-WC01-N1-HKG', u'NV-WC01-N6-SIN', u'NV-WC02-N1-HKG', u'NV-WC02-N6-SIN'], u'bandwidth': 10, u'parentOrg': u'Colt', u'vrfs': [{u'name': u'LAN1-VRF', u'enableVPN': True, u'id': 1020}, {u'name': u'LAN2-VRF', u'enableVPN': True, u'id': 1021}, {u'name': u'LAN3-VRF', u'enableVPN': True, u'id': 1022}, {u'name': u'LAN4-VRF', u'enableVPN': True, u'id': 1023}, {u'name': u'LAN5-VRF', u'enableVPN': True, u'id': 1024}, {u'name': u'LAN6-VRF', u'enableVPN': True, u'id': 1025}, {u'name': u'LAN7-VRF', u'enableVPN': True, u'id': 1026}, {u'name': u'LAN8-VRF', u'enableVPN': True, u'id': 1027}, {u'name': u'LAN9-VRF', u'enableVPN': True, u'id': 1028}, {u'name': u'LAN10-VRF', u'enableVPN': True, u'id': 1029}], u'solutionTier': u'base-sdwan', u'sharedControlPlane': False}}
2019-08-23 15:49:34,717 - CPE11-HKG-HYB-IPC00190 - INFO - {u'versanms.sdwan-org-workflow': {u'ikeAuthType': u'psk', u'globalId': 90, u'orgName': u'IPC00190', u'controllers': [u'NV-WC01-N1-HKG', u'NV-WC01-N6-SIN', u'NV-WC02-N1-HKG', u'NV-WC02-N6-SIN'], u'bandwidth': 10, u'parentOrg': u'Colt', u'vrfs': [{u'name': u'LAN1-VRF', u'enableVPN': True, u'id': 1020}, {u'name': u'LAN2-VRF', u'enableVPN': True, u'id': 1021}, {u'name': u'LAN3-VRF', u'enableVPN': True, u'id': 1022}, {u'name': u'LAN4-VRF', u'enableVPN': True, u'id': 1023}, {u'name': u'LAN5-VRF', u'enableVPN': True, u'id': 1024}, {u'name': u'LAN6-VRF', u'enableVPN': True, u'id': 1025}, {u'name': u'LAN7-VRF', u'enableVPN': True, u'id': 1026}, {u'name': u'LAN8-VRF', u'enableVPN': True, u'id': 1027}, {u'name': u'LAN9-VRF', u'enableVPN': True, u'id': 1028}, {u'name': u'LAN10-VRF', u'enableVPN': True, u'id': 1029}], u'solutionTier': u'base-sdwan', u'sharedControlPlane': False}}
2019-08-23 15:49:35,017 - CPE11-HKG-HYB-IPC00190 - INFO - {u'versanms.sdwan-org-workflow': {u'ikeAuthType': u'psk', u'globalId': 90, u'orgName': u'IPC00190', u'controllers': [u'NV-WC01-N1-HKG', u'NV-WC01-N6-SIN', u'NV-WC02-N1-HKG', u'NV-WC02-N6-SIN'], u'bandwidth': 10, u'parentOrg': u'Colt', u'vrfs': [{u'name': u'LAN1-VRF', u'enableVPN': True, u'id': 1020}, {u'name': u'LAN2-VRF', u'enableVPN': True, u'id': 1021}, {u'name': u'LAN3-VRF', u'enableVPN': True, u'id': 1022}, {u'name': u'LAN4-VRF', u'enableVPN': True, u'id': 1023}, {u'name': u'LAN5-VRF', u'enableVPN': True, u'id': 1024}, {u'name': u'LAN6-VRF', u'enableVPN': True, u'id': 1025}, {u'name': u'LAN7-VRF', u'enableVPN': True, u'id': 1026}, {u'name': u'LAN8-VRF', u'enableVPN': True, u'id': 1027}, {u'name': u'LAN9-VRF', u'enableVPN': True, u'id': 1028}, {u'name': u'LAN10-VRF', u'enableVPN': True, u'id': 1029}], u'solutionTier': u'base-sdwan', u'sharedControlPlane': False}}
2019-08-23 15:49:35,017 - CPE11-HKG-HYB-IPC00190 - INFO - 
STEP : POST STAGING TEMPLATE CREATION AND DEPLOYMENT

2019-08-23 15:49:35,061 - CPE11-HKG-HYB-IPC00190 - INFO - {
	"versanms.sdwan-template-workflow": {
		"templateName": "IPC00190-HKG-PS-HS-LIB",
		"templateType": "sdwan-post-staging",
		"controllers": ["NV-WC01-N1-HKG", "NV-WC02-N1-HKG"],
		"providerOrg": {
			"name": "IPC00190",
			"statefulFW": true,
			"nextGenFW": false
		},
		"analyticsCluster": "LogCollectors-GGN",
		"deviceFirmfactor": "6",
		"wanInterfaces": [{
			"interfaceName": "vni-0/1",
			"pppoe": false,
			"unitInfo": [{
				"subUnit": 0,
				"vlanId": 0,
				"networkName": "MPLS-WAN",
				"ipv4Static": true,
				"ipv4Dhcp": false,
				"ipv6Static": false,
				"ipv6Dhcp": false,
				"allowSSH": false,
				"monitor": {},
				"linkPriority": "",
				"transportDomains": ["MPLS-TD"]
			}]
		}, {
			"interfaceName": "vni-0/2",
			"pppoe": false,
			"unitInfo": [{
				"subUnit": 0,
				"vlanId": 0,
				"networkName": "INT-WAN","ipv4Static": true,
				"ipv4Dhcp": false,
				"ipv6Static": false,
				"ipv6Dhcp": false,
				"allowSSH": false,
				"monitor": {},
				"linkPriority": "",
				"transportDomains": ["INTERNET-TD"]
			}]
		}],
		"deviceType": "full-mesh",
		"redundantPair": {
			"enable": false
		},
		"lanInterfaces": [{
			"interfaceName": "vni-0/4",
			"unitInfo": [
			{
				"subUnit": "{$v_vni-0-4_LAN1_Unit-0__unit}",
				"vlanId": "{$v_vni-0-4_LAN1_Unit-0__vlanId}",
				"networkName": "LAN1",
				"subOrganization": "IPC00190",
				"ipv4Static": true,
				"ipv4Dhcp": false,
				"ip6Static": false,
				"ipv6Dhcp": false,
				"vrfName": "LAN1-VRF",
				"zoneName": ""
			}
            
                    ,{
				"subUnit": "{$v_vni-0-4_LAN2_Unit-1__unit}",
				"vlanId": "{$v_vni-0-4_LAN2_Unit-1__vlanId}",
				"networkName": "LAN2",
				"subOrganization": "IPC00190",
				"ipv4Static": true,
				"ipv4Dhcp": false,
				"ip6Static": false,
				"ipv6Dhcp": false,
				"vrfName": "LAN2-VRF",
				"zoneName": ""
			}
            
        ]
		}],
		"solutionTier": "standard-sdwan-plus-ngfw",
		"bandwidth": 1000,
		"customParams": [],
		"minimumImageVersion": "16.1R2-S9",
		"isAnalyticsEnabled": true,
		"isPrimary": true,
		"diaConfig": {
			"loadBalance": false
		},
		"splitTunnels": [
        {
			"vrfName": "LAN1-VRF",
			"wanNetworkName": "INT-WAN",
			"dia": true,
			"gateway": false
		}
        
        ,{
			"vrfName": "LAN2-VRF",
			"wanNetworkName": "INT-WAN",
			"dia": true,
			"gateway": false
		}
        
		],
		"inBoundNats": []
	}
}

2019-08-23 15:49:35,302 - CPE11-HKG-HYB-IPC00190 - INFO - <Response [500]>
2019-08-23 15:49:35,302 - CPE11-HKG-HYB-IPC00190 - INFO - {"error":{"http_status_code":500,"code":0,"message":"Template workflow [ IPC00190-HKG-PS-HS-LIB] already exists. Please choose another name.","more_info":"http://nms.versa.com/errors/null"}}
2019-08-23 15:49:35,302 - CPE11-HKG-HYB-IPC00190 - INFO - 
FAIL : {"error":{"http_status_code":500,"code":0,"message":"Template workflow [ IPC00190-HKG-PS-HS-LIB] already exists. Please choose another name.","more_info":"http://nms.versa.com/errors/null"}}
2019-08-23 15:49:35,302 - CPE11-HKG-HYB-IPC00190 - INFO - 
 >>>>>>>>>> POST STAGING TEMPLATE CREATION FAILED. <<<<<<<<<<<

