2020-05-07 16:18:26,996 - VD1 - DEBUG - <netmiko.versa.versa_ssh.VersaSSH object at 0x00000000105C0320>
2020-05-07 16:18:32,200 - VD1 - DEBUG - versa: Automated@VDir-BLR-NEW-01>
2020-05-07 16:18:37,209 - CPE26-SIN-DUAL-CPE-HYB-IPC00190-P - DEBUG - <netmiko.versa.versa_ssh.VersaSSH object at 0x000000001063A3C8>
2020-05-07 16:18:42,413 - CPE26-SIN-DUAL-CPE-HYB-IPC00190-P - DEBUG - versa: Automated@VDir-BLR-NEW-01>
2020-05-07 16:19:01,709 - CPE26-SIN-DUAL-CPE-HYB-IPC00190-P - INFO - 
DELETE Service Object

2020-05-07 16:19:04,305 - CPE26-SIN-DUAL-CPE-HYB-IPC00190-P - ERROR - 
2020-05-07 16:19:04,309 - CPE26-SIN-DUAL-CPE-HYB-IPC00190-P - INFO - 
FAIL : 
2020-05-07 16:19:04,311 - CPE26-SIN-DUAL-CPE-HYB-IPC00190-P - INFO - >>>>>>>>>> ADDRESS OBJECT DELETION FAILED. <<<<<<<<<<<
2020-05-07 16:19:04,321 - CPE26-SIN-DUAL-CPE-HYB-IPC00190-P - INFO - 
DELETE IPaddress Object

2020-05-07 16:19:05,055 - CPE26-SIN-DUAL-CPE-HYB-IPC00190-P - ERROR - 
2020-05-07 16:19:05,059 - CPE26-SIN-DUAL-CPE-HYB-IPC00190-P - INFO - 
FAIL : 
2020-05-07 16:19:05,059 - CPE26-SIN-DUAL-CPE-HYB-IPC00190-P - INFO - >>>>>>>>>> ADDRESS OBJECT DELETION FAILED. <<<<<<<<<<<
2020-05-07 16:19:05,062 - CPE26-SIN-DUAL-CPE-HYB-IPC00190-P - INFO - 
DELETE IPaddress Object

2020-05-07 16:19:05,798 - CPE26-SIN-DUAL-CPE-HYB-IPC00190-P - ERROR - 
2020-05-07 16:19:05,801 - CPE26-SIN-DUAL-CPE-HYB-IPC00190-P - INFO - 
FAIL : 
2020-05-07 16:19:05,802 - CPE26-SIN-DUAL-CPE-HYB-IPC00190-P - INFO - >>>>>>>>>> ADDRESS OBJECT DELETION FAILED. <<<<<<<<<<<
2020-05-07 16:19:05,803 - CPE26-SIN-DUAL-CPE-HYB-IPC00190-P - INFO - 
DELETE FWD PROFILE

2020-05-07 16:19:06,572 - CPE26-SIN-DUAL-CPE-HYB-IPC00190-P - ERROR - 
2020-05-07 16:19:06,573 - CPE26-SIN-DUAL-CPE-HYB-IPC00190-P - INFO - 
FAIL : 
2020-05-07 16:19:06,575 - CPE26-SIN-DUAL-CPE-HYB-IPC00190-P - INFO - >>>>>>>>>> FORWARDING PROFILE DELETION FAILED. <<<<<<<<<<<
2020-05-07 16:19:06,575 - CPE26-SIN-DUAL-CPE-HYB-IPC00190-P - INFO - 
DELETE SLA profile

2020-05-07 16:19:07,240 - CPE26-SIN-DUAL-CPE-HYB-IPC00190-P - ERROR - 
2020-05-07 16:19:07,244 - CPE26-SIN-DUAL-CPE-HYB-IPC00190-P - INFO - 
FAIL : 
2020-05-07 16:19:07,246 - CPE26-SIN-DUAL-CPE-HYB-IPC00190-P - INFO - >>>>>>>>>> DELETE SLA Profile FAILED. <<<<<<<<<<<
