2020-05-04 15:56:41,510 - VD1 - DEBUG - <netmiko.versa.versa_ssh.VersaSSH object at 0x0000000010D398D0>
2020-05-04 15:56:46,714 - VD1 - DEBUG - versa: Automated@VDir-BLR-NEW-01>
2020-05-04 15:56:51,552 - CPE26-SIN-DUAL-CPE-HYB-IPC00190-P - DEBUG - <netmiko.versa.versa_ssh.VersaSSH object at 0x0000000010D6E9B0>
2020-05-04 15:56:56,756 - CPE26-SIN-DUAL-CPE-HYB-IPC00190-P - DEBUG - versa: Automated@VDir-BLR-NEW-01>
2020-05-04 15:57:21,013 - CPE27-SIN-DUAL-CPE-HYB-IPC00190-S - DEBUG - <netmiko.versa.versa_ssh.VersaSSH object at 0x0000000010D93390>
2020-05-04 15:57:26,217 - CPE27-SIN-DUAL-CPE-HYB-IPC00190-S - DEBUG - versa: Automated@VDir-BLR-NEW-01>
2020-05-04 15:57:50,233 - CPE11-HKG-HYBRD-IPC00190 - DEBUG - <netmiko.versa.versa_ssh.VersaSSH object at 0x0000000010D9F160>
2020-05-04 15:57:55,437 - CPE11-HKG-HYBRD-IPC00190 - DEBUG - versa: Automated@VDir-BLR-NEW-01>
2020-05-04 15:59:26,388 - CPE26-SIN-DUAL-CPE-HYB-IPC00190-P - INFO - 
CREATE SLA profile

2020-05-04 15:59:27,609 - CPE26-SIN-DUAL-CPE-HYB-IPC00190-P - DEBUG - <Response [201]>
2020-05-04 15:59:27,611 - CPE26-SIN-DUAL-CPE-HYB-IPC00190-P - INFO - 
PASS
2020-05-04 15:59:27,611 - CPE26-SIN-DUAL-CPE-HYB-IPC00190-P - INFO - >>>>>>>>>> CREATE SLA Profile PASSED. <<<<<<<<<<<
2020-05-04 15:59:27,612 - CPE26-SIN-DUAL-CPE-HYB-IPC00190-P - INFO - 
CREATE FWD PROFILE

2020-05-04 15:59:28,977 - CPE26-SIN-DUAL-CPE-HYB-IPC00190-P - DEBUG - <Response [201]>
2020-05-04 15:59:28,979 - CPE26-SIN-DUAL-CPE-HYB-IPC00190-P - INFO - 
PASS
2020-05-04 15:59:28,980 - CPE26-SIN-DUAL-CPE-HYB-IPC00190-P - INFO - >>>>>>>>>> FORWARDING PROFILE CREATION PASSED. <<<<<<<<<<<
2020-05-04 15:59:28,983 - CPE26-SIN-DUAL-CPE-HYB-IPC00190-P - INFO - 
CREATE IPaddress Object

2020-05-04 15:59:30,361 - CPE26-SIN-DUAL-CPE-HYB-IPC00190-P - DEBUG - <Response [201]>
2020-05-04 15:59:30,361 - CPE26-SIN-DUAL-CPE-HYB-IPC00190-P - INFO - 
PASS
2020-05-04 15:59:30,362 - CPE26-SIN-DUAL-CPE-HYB-IPC00190-P - INFO - >>>>>>>>>> ADDRESS OBJECT CREATION PASSED. <<<<<<<<<<<
2020-05-04 15:59:30,364 - CPE26-SIN-DUAL-CPE-HYB-IPC00190-P - INFO - 
CREATE IPaddress Object

2020-05-04 15:59:31,496 - CPE26-SIN-DUAL-CPE-HYB-IPC00190-P - DEBUG - <Response [201]>
2020-05-04 15:59:31,496 - CPE26-SIN-DUAL-CPE-HYB-IPC00190-P - INFO - 
PASS
2020-05-04 15:59:31,497 - CPE26-SIN-DUAL-CPE-HYB-IPC00190-P - INFO - >>>>>>>>>> ADDRESS OBJECT CREATION PASSED. <<<<<<<<<<<
2020-05-04 15:59:31,500 - CPE26-SIN-DUAL-CPE-HYB-IPC00190-P - INFO - 
CREATE Service Object

2020-05-04 15:59:32,604 - CPE26-SIN-DUAL-CPE-HYB-IPC00190-P - DEBUG - <Response [201]>
2020-05-04 15:59:32,604 - CPE26-SIN-DUAL-CPE-HYB-IPC00190-P - INFO - 
PASS
2020-05-04 15:59:32,605 - CPE26-SIN-DUAL-CPE-HYB-IPC00190-P - INFO - >>>>>>>>>> Service OBJECT CREATION PASSED. <<<<<<<<<<<
2020-05-04 15:59:32,612 - CPE26-SIN-DUAL-CPE-HYB-IPC00190-P - INFO - 
DELETE Service Object

2020-05-04 15:59:34,124 - CPE26-SIN-DUAL-CPE-HYB-IPC00190-P - INFO - 
PASS
2020-05-04 15:59:34,125 - CPE26-SIN-DUAL-CPE-HYB-IPC00190-P - INFO - >>>>>>>>>> ADDRESS OBJECT DELETION PASSED. <<<<<<<<<<<
2020-05-04 15:59:34,128 - CPE26-SIN-DUAL-CPE-HYB-IPC00190-P - INFO - 
DELETE IPaddress Object

2020-05-04 15:59:36,542 - CPE26-SIN-DUAL-CPE-HYB-IPC00190-P - INFO - 
PASS
2020-05-04 15:59:36,543 - CPE26-SIN-DUAL-CPE-HYB-IPC00190-P - INFO - >>>>>>>>>> ADDRESS OBJECT DELETION PASSED. <<<<<<<<<<<
2020-05-04 15:59:36,546 - CPE26-SIN-DUAL-CPE-HYB-IPC00190-P - INFO - 
DELETE IPaddress Object

2020-05-04 15:59:38,010 - CPE26-SIN-DUAL-CPE-HYB-IPC00190-P - INFO - 
PASS
2020-05-04 15:59:38,012 - CPE26-SIN-DUAL-CPE-HYB-IPC00190-P - INFO - >>>>>>>>>> ADDRESS OBJECT DELETION PASSED. <<<<<<<<<<<
2020-05-04 15:59:38,015 - CPE26-SIN-DUAL-CPE-HYB-IPC00190-P - INFO - 
DELETE FWD PROFILE

2020-05-04 15:59:39,562 - CPE26-SIN-DUAL-CPE-HYB-IPC00190-P - INFO - 
PASS
2020-05-04 15:59:39,562 - CPE26-SIN-DUAL-CPE-HYB-IPC00190-P - INFO - >>>>>>>>>> FORWARDING PROFILE DELETION PASSED. <<<<<<<<<<<
2020-05-04 15:59:39,565 - CPE26-SIN-DUAL-CPE-HYB-IPC00190-P - INFO - 
DELETE SLA profile

2020-05-04 15:59:40,923 - CPE26-SIN-DUAL-CPE-HYB-IPC00190-P - INFO - 
PASS
2020-05-04 15:59:40,924 - CPE26-SIN-DUAL-CPE-HYB-IPC00190-P - INFO - >>>>>>>>>> DELETE SLA Profile PASSED. <<<<<<<<<<<
2020-05-04 15:59:43,595 - CPE27-SIN-DUAL-CPE-HYB-IPC00190-S - INFO - 
DELETE Service Object

2020-05-04 15:59:44,183 - CPE27-SIN-DUAL-CPE-HYB-IPC00190-S - ERROR - 
2020-05-04 15:59:44,186 - CPE27-SIN-DUAL-CPE-HYB-IPC00190-S - INFO - 
FAIL : 
2020-05-04 15:59:44,187 - CPE27-SIN-DUAL-CPE-HYB-IPC00190-S - INFO - >>>>>>>>>> ADDRESS OBJECT DELETION FAILED. <<<<<<<<<<<
2020-05-04 15:59:44,187 - CPE27-SIN-DUAL-CPE-HYB-IPC00190-S - INFO - 
DELETE IPaddress Object

2020-05-04 15:59:44,648 - CPE27-SIN-DUAL-CPE-HYB-IPC00190-S - ERROR - 
2020-05-04 15:59:44,653 - CPE27-SIN-DUAL-CPE-HYB-IPC00190-S - INFO - 
FAIL : 
2020-05-04 15:59:44,654 - CPE27-SIN-DUAL-CPE-HYB-IPC00190-S - INFO - >>>>>>>>>> ADDRESS OBJECT DELETION FAILED. <<<<<<<<<<<
2020-05-04 15:59:44,657 - CPE27-SIN-DUAL-CPE-HYB-IPC00190-S - INFO - 
DELETE IPaddress Object

2020-05-04 15:59:45,246 - CPE27-SIN-DUAL-CPE-HYB-IPC00190-S - ERROR - 
2020-05-04 15:59:45,250 - CPE27-SIN-DUAL-CPE-HYB-IPC00190-S - INFO - 
FAIL : 
2020-05-04 15:59:45,250 - CPE27-SIN-DUAL-CPE-HYB-IPC00190-S - INFO - >>>>>>>>>> ADDRESS OBJECT DELETION FAILED. <<<<<<<<<<<
2020-05-04 15:59:45,253 - CPE27-SIN-DUAL-CPE-HYB-IPC00190-S - INFO - 
DELETE FWD PROFILE

2020-05-04 15:59:46,569 - CPE27-SIN-DUAL-CPE-HYB-IPC00190-S - ERROR - 
2020-05-04 15:59:46,572 - CPE27-SIN-DUAL-CPE-HYB-IPC00190-S - INFO - 
FAIL : 
2020-05-04 15:59:46,572 - CPE27-SIN-DUAL-CPE-HYB-IPC00190-S - INFO - >>>>>>>>>> FORWARDING PROFILE DELETION FAILED. <<<<<<<<<<<
2020-05-04 15:59:46,575 - CPE27-SIN-DUAL-CPE-HYB-IPC00190-S - INFO - 
DELETE SLA profile

2020-05-04 15:59:47,140 - CPE27-SIN-DUAL-CPE-HYB-IPC00190-S - ERROR - 
2020-05-04 15:59:47,142 - CPE27-SIN-DUAL-CPE-HYB-IPC00190-S - INFO - 
FAIL : 
2020-05-04 15:59:47,142 - CPE27-SIN-DUAL-CPE-HYB-IPC00190-S - INFO - >>>>>>>>>> DELETE SLA Profile FAILED. <<<<<<<<<<<
