2020-05-20 14:30:32,611 - VD1 - DEBUG - <netmiko.versa.versa_ssh.VersaSSH object at 0x000000000E265E80>
2020-05-20 14:30:37,822 - VD1 - DEBUG - versa: Automated@VDir-BLR-NEW-01>
2020-05-20 14:30:48,361 - CPE26-SIN-DUAL-CPE-DUAL-MPLS-IPC00190-P - DEBUG - <netmiko.versa.versa_ssh.VersaSSH object at 0x000000000E43B320>
2020-05-20 14:30:53,565 - CPE26-SIN-DUAL-CPE-DUAL-MPLS-IPC00190-P - DEBUG - versa: Automated@VDir-BLR-NEW-01>
2020-05-20 14:31:17,622 - CPE27-SIN-DUAL-CPE-DUAL-MPLS-IPC00190-S - DEBUG - <netmiko.versa.versa_ssh.VersaSSH object at 0x000000000E49BDA0>
2020-05-20 14:31:22,829 - CPE27-SIN-DUAL-CPE-DUAL-MPLS-IPC00190-S - DEBUG - versa: Automated@VDir-BLR-NEW-01>
2020-05-20 14:31:36,515 - CPE26-SIN-DUAL-CPE-DUAL-MPLS-IPC00190-P - INFO - 
DELETE Service Object

2020-05-20 14:31:45,950 - CPE26-SIN-DUAL-CPE-DUAL-MPLS-IPC00190-P - ERROR - 
2020-05-20 14:31:45,953 - CPE26-SIN-DUAL-CPE-DUAL-MPLS-IPC00190-P - INFO - 
FAIL : 
2020-05-20 14:31:45,954 - CPE26-SIN-DUAL-CPE-DUAL-MPLS-IPC00190-P - INFO - >>>>>>>>>> ADDRESS OBJECT DELETION FAILED. <<<<<<<<<<<
2020-05-20 14:31:45,957 - CPE26-SIN-DUAL-CPE-DUAL-MPLS-IPC00190-P - INFO - 
DELETE IPaddress Object

2020-05-20 14:31:46,730 - CPE26-SIN-DUAL-CPE-DUAL-MPLS-IPC00190-P - ERROR - 
2020-05-20 14:31:46,733 - CPE26-SIN-DUAL-CPE-DUAL-MPLS-IPC00190-P - INFO - 
FAIL : 
2020-05-20 14:31:46,734 - CPE26-SIN-DUAL-CPE-DUAL-MPLS-IPC00190-P - INFO - >>>>>>>>>> ADDRESS OBJECT DELETION FAILED. <<<<<<<<<<<
2020-05-20 14:31:46,737 - CPE26-SIN-DUAL-CPE-DUAL-MPLS-IPC00190-P - INFO - 
DELETE IPaddress Object

2020-05-20 14:31:47,483 - CPE26-SIN-DUAL-CPE-DUAL-MPLS-IPC00190-P - ERROR - 
2020-05-20 14:31:47,486 - CPE26-SIN-DUAL-CPE-DUAL-MPLS-IPC00190-P - INFO - 
FAIL : 
2020-05-20 14:31:47,486 - CPE26-SIN-DUAL-CPE-DUAL-MPLS-IPC00190-P - INFO - >>>>>>>>>> ADDRESS OBJECT DELETION FAILED. <<<<<<<<<<<
2020-05-20 14:31:47,487 - CPE26-SIN-DUAL-CPE-DUAL-MPLS-IPC00190-P - INFO - 
DELETE FWD PROFILE

2020-05-20 14:31:48,201 - CPE26-SIN-DUAL-CPE-DUAL-MPLS-IPC00190-P - ERROR - 
2020-05-20 14:31:48,204 - CPE26-SIN-DUAL-CPE-DUAL-MPLS-IPC00190-P - INFO - 
FAIL : 
2020-05-20 14:31:48,206 - CPE26-SIN-DUAL-CPE-DUAL-MPLS-IPC00190-P - INFO - >>>>>>>>>> FORWARDING PROFILE DELETION FAILED. <<<<<<<<<<<
2020-05-20 14:31:48,209 - CPE26-SIN-DUAL-CPE-DUAL-MPLS-IPC00190-P - INFO - 
DELETE SLA profile

2020-05-20 14:31:48,920 - CPE26-SIN-DUAL-CPE-DUAL-MPLS-IPC00190-P - ERROR - 
2020-05-20 14:31:48,924 - CPE26-SIN-DUAL-CPE-DUAL-MPLS-IPC00190-P - INFO - 
FAIL : 
2020-05-20 14:31:48,924 - CPE26-SIN-DUAL-CPE-DUAL-MPLS-IPC00190-P - INFO - >>>>>>>>>> DELETE SLA Profile FAILED. <<<<<<<<<<<
