2020-03-23 16:21:37,391 - VD1 - DEBUG - <netmiko.versa.versa_ssh.VersaSSH object at 0x7f86445e4c90>
2020-03-23 16:21:42,598 - VD1 - DEBUG - versa: Automated@VDir-BLR-NEW-01>
2020-03-23 16:21:47,323 - CPE11-HKG-HYBRD-IPC00190 - DEBUG - <netmiko.versa.versa_ssh.VersaSSH object at 0x7f8644581210>
2020-03-23 16:21:52,529 - CPE11-HKG-HYBRD-IPC00190 - DEBUG - versa: Automated@VDir-BLR-NEW-01>
2020-03-23 16:22:17,017 - CPE12-HKG-HYBRD-IPC00190 - DEBUG - <netmiko.versa.versa_ssh.VersaSSH object at 0x7f8644530c90>
2020-03-23 16:22:22,223 - CPE12-HKG-HYBRD-IPC00190 - DEBUG - versa: Automated@VDir-BLR-NEW-01>
2020-03-23 16:23:22,013 - CPE11-HKG-HYBRD-IPC00190 - INFO - 
CREATE SLA profile

2020-03-23 16:23:23,199 - CPE11-HKG-HYBRD-IPC00190 - DEBUG - <Response [201]>
2020-03-23 16:23:23,200 - CPE11-HKG-HYBRD-IPC00190 - INFO - 
PASS
2020-03-23 16:23:23,200 - CPE11-HKG-HYBRD-IPC00190 - INFO - >>>>>>>>>> CREATE SLA Profile PASSED. <<<<<<<<<<<
2020-03-23 16:23:23,203 - CPE11-HKG-HYBRD-IPC00190 - INFO - 
CREATE FWD PROFILE

2020-03-23 16:23:24,486 - CPE11-HKG-HYBRD-IPC00190 - DEBUG - <Response [201]>
2020-03-23 16:23:24,487 - CPE11-HKG-HYBRD-IPC00190 - INFO - 
PASS
2020-03-23 16:23:24,487 - CPE11-HKG-HYBRD-IPC00190 - INFO - >>>>>>>>>> FORWARDING PROFILE CREATION PASSED. <<<<<<<<<<<
2020-03-23 16:23:24,489 - CPE11-HKG-HYBRD-IPC00190 - INFO - 
CREATE IPaddress Object

2020-03-23 16:23:25,525 - CPE11-HKG-HYBRD-IPC00190 - DEBUG - <Response [201]>
2020-03-23 16:23:25,525 - CPE11-HKG-HYBRD-IPC00190 - INFO - 
PASS
2020-03-23 16:23:25,526 - CPE11-HKG-HYBRD-IPC00190 - INFO - >>>>>>>>>> ADDRESS OBJECT CREATION PASSED. <<<<<<<<<<<
2020-03-23 16:23:25,529 - CPE11-HKG-HYBRD-IPC00190 - INFO - 
CREATE IPaddress Object

2020-03-23 16:23:26,587 - CPE11-HKG-HYBRD-IPC00190 - DEBUG - <Response [201]>
2020-03-23 16:23:26,588 - CPE11-HKG-HYBRD-IPC00190 - INFO - 
PASS
2020-03-23 16:23:26,589 - CPE11-HKG-HYBRD-IPC00190 - INFO - >>>>>>>>>> ADDRESS OBJECT CREATION PASSED. <<<<<<<<<<<
2020-03-23 16:23:26,590 - CPE11-HKG-HYBRD-IPC00190 - INFO - 
CREATE Service Object

2020-03-23 16:23:27,721 - CPE11-HKG-HYBRD-IPC00190 - DEBUG - <Response [201]>
2020-03-23 16:23:27,721 - CPE11-HKG-HYBRD-IPC00190 - INFO - 
PASS
2020-03-23 16:23:27,722 - CPE11-HKG-HYBRD-IPC00190 - INFO - >>>>>>>>>> Service OBJECT CREATION PASSED. <<<<<<<<<<<
2020-03-23 16:24:28,645 - CPE11-HKG-HYBRD-IPC00190 - INFO - 
CREATE Policy rule

2020-03-23 16:24:30,877 - CPE11-HKG-HYBRD-IPC00190 - DEBUG - <Response [201]>
2020-03-23 16:24:30,878 - CPE11-HKG-HYBRD-IPC00190 - INFO - 
PASS
2020-03-23 16:24:30,878 - CPE11-HKG-HYBRD-IPC00190 - INFO - >>>>>>>>>> CREATE POLICY RULE PASSED. <<<<<<<<<<<
2020-03-23 16:27:19,661 - CPE11-HKG-HYBRD-IPC00190 - INFO - 
DELETE IPaddress Object

2020-03-23 16:27:22,194 - CPE11-HKG-HYBRD-IPC00190 - INFO - 
PASS
2020-03-23 16:27:22,195 - CPE11-HKG-HYBRD-IPC00190 - INFO - >>>>>>>>>> Policy rule DELETION PASSED. <<<<<<<<<<<
2020-03-23 16:27:22,201 - CPE11-HKG-HYBRD-IPC00190 - INFO - 
CREATE Policy rule

2020-03-23 16:27:23,650 - CPE11-HKG-HYBRD-IPC00190 - DEBUG - <Response [201]>
2020-03-23 16:27:23,651 - CPE11-HKG-HYBRD-IPC00190 - INFO - 
PASS
2020-03-23 16:27:23,652 - CPE11-HKG-HYBRD-IPC00190 - INFO - >>>>>>>>>> CREATE POLICY RULE PASSED. <<<<<<<<<<<
2020-03-23 16:30:11,004 - CPE11-HKG-HYBRD-IPC00190 - INFO - 
DELETE IPaddress Object

2020-03-23 16:30:13,605 - CPE11-HKG-HYBRD-IPC00190 - INFO - 
PASS
2020-03-23 16:30:13,641 - CPE11-HKG-HYBRD-IPC00190 - INFO - >>>>>>>>>> Policy rule DELETION PASSED. <<<<<<<<<<<
2020-03-23 16:30:13,646 - CPE11-HKG-HYBRD-IPC00190 - INFO - 
CREATE Policy rule

2020-03-23 16:30:15,241 - CPE11-HKG-HYBRD-IPC00190 - DEBUG - <Response [201]>
2020-03-23 16:30:15,242 - CPE11-HKG-HYBRD-IPC00190 - INFO - 
PASS
2020-03-23 16:30:15,243 - CPE11-HKG-HYBRD-IPC00190 - INFO - >>>>>>>>>> CREATE POLICY RULE PASSED. <<<<<<<<<<<
2020-03-23 16:31:31,485 - CPE11-HKG-HYBRD-IPC00190 - INFO - 
DELETE IPaddress Object

2020-03-23 16:31:33,800 - CPE11-HKG-HYBRD-IPC00190 - INFO - 
PASS
2020-03-23 16:31:33,801 - CPE11-HKG-HYBRD-IPC00190 - INFO - >>>>>>>>>> Policy rule DELETION PASSED. <<<<<<<<<<<
2020-03-23 16:31:33,806 - CPE11-HKG-HYBRD-IPC00190 - INFO - 
CREATE Policy rule

2020-03-23 16:31:35,348 - CPE11-HKG-HYBRD-IPC00190 - DEBUG - <Response [201]>
2020-03-23 16:31:35,349 - CPE11-HKG-HYBRD-IPC00190 - INFO - 
PASS
2020-03-23 16:31:35,350 - CPE11-HKG-HYBRD-IPC00190 - INFO - >>>>>>>>>> CREATE POLICY RULE PASSED. <<<<<<<<<<<
2020-03-23 16:32:28,267 - CPE11-HKG-HYBRD-IPC00190 - INFO - 
DELETE IPaddress Object

2020-03-23 16:32:30,579 - CPE11-HKG-HYBRD-IPC00190 - INFO - 
PASS
2020-03-23 16:32:30,580 - CPE11-HKG-HYBRD-IPC00190 - INFO - >>>>>>>>>> Policy rule DELETION PASSED. <<<<<<<<<<<
2020-03-23 16:33:34,363 - CPE11-HKG-HYBRD-IPC00190 - INFO - 
DELETE Service Object

2020-03-23 16:33:36,437 - CPE11-HKG-HYBRD-IPC00190 - INFO - 
PASS
2020-03-23 16:33:36,438 - CPE11-HKG-HYBRD-IPC00190 - INFO - >>>>>>>>>> ADDRESS OBJECT DELETION PASSED. <<<<<<<<<<<
2020-03-23 16:33:36,440 - CPE11-HKG-HYBRD-IPC00190 - INFO - 
DELETE IPaddress Object

2020-03-23 16:33:37,864 - CPE11-HKG-HYBRD-IPC00190 - INFO - 
PASS
2020-03-23 16:33:37,865 - CPE11-HKG-HYBRD-IPC00190 - INFO - >>>>>>>>>> ADDRESS OBJECT DELETION PASSED. <<<<<<<<<<<
2020-03-23 16:33:37,866 - CPE11-HKG-HYBRD-IPC00190 - INFO - 
DELETE IPaddress Object

2020-03-23 16:33:39,183 - CPE11-HKG-HYBRD-IPC00190 - INFO - 
PASS
2020-03-23 16:33:39,184 - CPE11-HKG-HYBRD-IPC00190 - INFO - >>>>>>>>>> ADDRESS OBJECT DELETION PASSED. <<<<<<<<<<<
2020-03-23 16:33:39,186 - CPE11-HKG-HYBRD-IPC00190 - INFO - 
DELETE FWD PROFILE

2020-03-23 16:33:40,612 - CPE11-HKG-HYBRD-IPC00190 - INFO - 
PASS
2020-03-23 16:33:40,613 - CPE11-HKG-HYBRD-IPC00190 - INFO - >>>>>>>>>> FORWARDING PROFILE DELETION PASSED. <<<<<<<<<<<
2020-03-23 16:33:40,615 - CPE11-HKG-HYBRD-IPC00190 - INFO - 
DELETE SLA profile

2020-03-23 16:33:41,755 - CPE11-HKG-HYBRD-IPC00190 - INFO - 
PASS
2020-03-23 16:33:41,756 - CPE11-HKG-HYBRD-IPC00190 - INFO - >>>>>>>>>> DELETE SLA Profile PASSED. <<<<<<<<<<<
