2019-03-14 15:08:41,931 - CPE-4 - DEBUG - CPE NAME:CPE-4
2019-03-14 15:08:42,009 - CPE-4 - INFO - 
sudo /opt/versa/scripts/staging.py -w 1 -c 10.63.151.90 -s 172.16.7.14/30 -g 172.16.7.13 -l IPC00012-CPE-4@colt.net -lk CPE-4  -r NV-WC02-N2-BLR@colt.net -rk NV-WC02-N2-BLR

2019-03-14 15:08:42,009 - CPE-4 - INFO - {
	"versanms.sdwan-device-workflow": {
		"deviceName": "CPE-4",
		"siteId": "1634",
		"orgName": "IPC00012",
		"serialNumber": "AUTOCPE4",
		"deviceGroup": "IPC00012-BLR-PS-HS-LIB-DG",
		"locationInfo": {
			"state": "karnataka",
			"country": "india",
			"longitude": "77.594563",
			"latitude": "12.971599",
			"city": "bangalore"
		},
		"postStagingTemplateInfo": {
			"templateName": "IPC00012-BLR-PS-HS-LIB",
			"templateData": {
				"device-template-variable": {
					"template": "IPC00012-BLR-PS-HS-LIB",
					"variable-binding": {
						"attrs": [{
							"name": "{$v_INT-WAN_IPv4__staticaddress}",
							"value": "172.16.6.14/30",
							"isAutogeneratable": false
						},
						
						    
						    
						    
						{ "name": "{$v_vni-0-4_LAN1_Unit-0__unit}", "value": "530", "isAutogeneratable": false},
						{ "name": "{$v_vni-0-4_LAN1_Unit-0__vlanId}", "value": "530", "isAutogeneratable": false },
						
						    
						    
						    
						{ "name": "{$v_vni-0-4_LAN2_Unit-1__unit}", "value": "531", "isAutogeneratable": false},
						{ "name": "{$v_vni-0-4_LAN2_Unit-1__vlanId}", "value": "531", "isAutogeneratable": false },
						
						    
						    
						    
						{ "name": "{$v_vni-0-4_LAN3_Unit-2__unit}", "value": "532", "isAutogeneratable": false},
						{ "name": "{$v_vni-0-4_LAN3_Unit-2__vlanId}", "value": "532", "isAutogeneratable": false },
						
						    
						    
						    
						{ "name": "{$v_vni-0-4_LAN4_Unit-3__unit}", "value": "533", "isAutogeneratable": false},
						{ "name": "{$v_vni-0-4_LAN4_Unit-3__vlanId}", "value": "533", "isAutogeneratable": false },
						
						    
						    
						    
						{ "name": "{$v_vni-0-4_LAN5_Unit-4__unit}", "value": "534", "isAutogeneratable": false},
						{ "name": "{$v_vni-0-4_LAN5_Unit-4__vlanId}", "value": "534", "isAutogeneratable": false },
						
						    
						    
						    
						{ "name": "{$v_vni-0-4_LAN6_Unit-5__unit}", "value": "535", "isAutogeneratable": false},
						{ "name": "{$v_vni-0-4_LAN6_Unit-5__vlanId}", "value": "535", "isAutogeneratable": false },
						
						    
						    
						    
						{ "name": "{$v_vni-0-4_LAN7_Unit-6__unit}", "value": "536", "isAutogeneratable": false},
						{ "name": "{$v_vni-0-4_LAN7_Unit-6__vlanId}", "value": "536", "isAutogeneratable": false },
						
						    
						    
						    
						{ "name": "{$v_vni-0-4_LAN8_Unit-7__unit}", "value": "537", "isAutogeneratable": false},
						{ "name": "{$v_vni-0-4_LAN8_Unit-7__vlanId}", "value": "537", "isAutogeneratable": false },
						
						    
						    
						    
						{ "name": "{$v_vni-0-4_LAN9_Unit-8__unit}", "value": "538", "isAutogeneratable": false},
						{ "name": "{$v_vni-0-4_LAN9_Unit-8__vlanId}", "value": "538", "isAutogeneratable": false },
						
						    
						    
						    
						{ "name": "{$v_vni-0-4_LAN10_Unit-9__unit}", "value": "539", "isAutogeneratable": false},
						{ "name": "{$v_vni-0-4_LAN10_Unit-9__vlanId}", "value": "539", "isAutogeneratable": false },
						
						{
							"name": "{$v_IPC00012-Control-VR_16_Router_ID__vrRouteId}",
							"value": "20.20.16.11",
							"isAutogeneratable": true,
							"isOverwritten": false
						}, {
							"name": "{$v_IPC00012_NV-WC01-N2-BLR_Local_auth_email_key__IKELKey}",
							"value": "CPE-4",
							"isAutogeneratable": true
						}, {
							"name": "{$v_IPC00012_NV-WC02-N2-BLR_Local_auth_email_key__IKELKey}",
							"value": "CPE-4",
							"isAutogeneratable": true
						},
						
						
						
						{ "name": "{$v_LAN1_IPv4__staticaddress}", "value": "192.169.31.1/24", "isAutogeneratable": false},
						
						
						
						{ "name": "{$v_LAN2_IPv4__staticaddress}", "value": "192.169.32.1/24", "isAutogeneratable": false},
						
						
						
						{ "name": "{$v_LAN3_IPv4__staticaddress}", "value": "192.169.33.1/24", "isAutogeneratable": false},
						
						
						
						{ "name": "{$v_LAN4_IPv4__staticaddress}", "value": "192.169.34.1/24", "isAutogeneratable": false},
						
						
						
						{ "name": "{$v_LAN5_IPv4__staticaddress}", "value": "192.169.35.1/24", "isAutogeneratable": false},
						
						
						
						{ "name": "{$v_LAN6_IPv4__staticaddress}", "value": "192.169.36.1/24", "isAutogeneratable": false},
						
						
						
						{ "name": "{$v_LAN7_IPv4__staticaddress}", "value": "192.169.37.1/24", "isAutogeneratable": false},
						
						
						
						{ "name": "{$v_LAN8_IPv4__staticaddress}", "value": "192.169.38.1/24", "isAutogeneratable": false},
						
						
						
						{ "name": "{$v_LAN9_IPv4__staticaddress}", "value": "192.169.39.1/24", "isAutogeneratable": false},
						
						
						
						{ "name": "{$v_LAN10_IPv4__staticaddress}", "value": "192.169.40.1/24", "isAutogeneratable": false},
						
						{
							"name": "{$v_IPC00012_NV-WC02-N2-BLR_Local_auth_email_identifier__IKELIdentifier}",
							"value": "CPE-4@colt.net",
							"isAutogeneratable": true
						}, {
							"name": "{$v_Site_Id__siteSiteID}",
							"value": "1634",
							"isAutogeneratable": true
						}, {
							"name": "{$v_IPC00012_NV-WC01-N2-BLR_Local_auth_email_identifier__IKELIdentifier}",
							"value": "CPE-4@colt.net",
							"isAutogeneratable": true
						}, {
							"name": "{$v_IPC00012_Site_Name__sitesSiteName}",
							"value": "CPE-4",
							"isAutogeneratable": true
						}, {
							"name": "{$v_latitude__IdLatitude}",
							"value": "12.971599",
							"isAutogeneratable": true
						}, {
							"name": "{$v_identification__IdName}",
							"value": "CPE-4",
							"isAutogeneratable": true
						}, {
							"name": "{$v_INT-WAN-Transport-VR_IPv4__vrHopAddress}",
							"value": "172.16.6.13",
							"isAutogeneratable": false
						},	{
						    "name": "{$v_tvi-0-32_-_Unit_0_Static_address__tunnelStaticAddress}",
							"value": "10.10.16.11/32",
							"isAutogeneratable": true,
							"isOverwritten": false
						}, {
							"name": "{$v_Chassis_Id__sitesChassisId}",
							"value": "AUTOCPE4",
							"isAutogeneratable": true
						}, {
							"name": "{$v_longitude__Idlongitude}",
							"value": "77.594563",
							"isAutogeneratable": true
						}, {
							"name": "{$v_location__IdLocation}",
							"value": "bangalore,karnataka, india",
							"isAutogeneratable": true
						}, {
							"name": "{$v_IPC00012-Control-VR_16_Local_address__vrRouterAddress}",
							"value": "20.20.16.11",
							"isAutogeneratable": true,
							"isOverwritten": false
						}, {
							"name": "{$v_MPLS-WAN-Transport-VR_IPv4__vrHopAddress}",
							"value": "172.16.7.13",
							"isAutogeneratable": false
						}, {
							"name": "{$v_MPLS-WAN_IPv4__staticaddress}",
							"value": "172.16.7.14/30",
							"isAutogeneratable": false
						}, {
							"name": "{$v_tvi-0-33_-_Unit_0_Static_address__tunnelStaticAddress}",
							"value": "20.20.16.11/32",
							"isAutogeneratable": true,
							"isOverwritten": false
						}]
					}
				},
				"variableMetadata": [{
					"variable": "{$v_INT-WAN_IPv4__staticaddress}",
					"group": "Interfaces",
					"overlay": false,
					"type": "IPV4_MASK"
				},
                
                
                
				{"variable": "{$v_vni-0-4_LAN1_Unit-0__vlanId}", "group": "Vlan Info", "overlay": false, "type": "INTEGER"},
                
                
                
				{"variable": "{$v_vni-0-4_LAN2_Unit-1__vlanId}", "group": "Vlan Info", "overlay": false, "type": "INTEGER"},
                
                
                
				{"variable": "{$v_vni-0-4_LAN3_Unit-2__vlanId}", "group": "Vlan Info", "overlay": false, "type": "INTEGER"},
                
                
                
				{"variable": "{$v_vni-0-4_LAN4_Unit-3__vlanId}", "group": "Vlan Info", "overlay": false, "type": "INTEGER"},
                
                
                
				{"variable": "{$v_vni-0-4_LAN5_Unit-4__vlanId}", "group": "Vlan Info", "overlay": false, "type": "INTEGER"},
                
                
                
				{"variable": "{$v_vni-0-4_LAN6_Unit-5__vlanId}", "group": "Vlan Info", "overlay": false, "type": "INTEGER"},
                
                
                
				{"variable": "{$v_vni-0-4_LAN7_Unit-6__vlanId}", "group": "Vlan Info", "overlay": false, "type": "INTEGER"},
                
                
                
				{"variable": "{$v_vni-0-4_LAN8_Unit-7__vlanId}", "group": "Vlan Info", "overlay": false, "type": "INTEGER"},
                
                
                
				{"variable": "{$v_vni-0-4_LAN9_Unit-8__vlanId}", "group": "Vlan Info", "overlay": false, "type": "INTEGER"},
                
                
                
				{"variable": "{$v_vni-0-4_LAN10_Unit-9__vlanId}", "group": "Vlan Info", "overlay": false, "type": "INTEGER"},
                
				{
					"variable": "{$v_IPC00012-Control-VR_16_Router_ID__vrRouteId}",
					"group": "Virtual Routers",
					"overlay": true,
					"type": "IPV4"
				}, {
					"variable": "{$v_IPC00012_NV-WC01-N2-BLR_Local_auth_email_key__IKELKey}",
					"group": "IPSEC",
					"overlay": false
				}, {
					"variable": "{$v_IPC00012_NV-WC02-N2-BLR_Local_auth_email_key__IKELKey}",
					"group": "IPSEC",
					"overlay": false
				},
			{
					"variable": "{$v_LAN1_IPv4__staticaddress}", "group": "Interfaces", "overlay": false, "type": "IPV4_MASK"
				},
            {
					"variable": "{$v_LAN2_IPv4__staticaddress}", "group": "Interfaces", "overlay": false, "type": "IPV4_MASK"
				},
            {
					"variable": "{$v_LAN3_IPv4__staticaddress}", "group": "Interfaces", "overlay": false, "type": "IPV4_MASK"
				},
            {
					"variable": "{$v_LAN4_IPv4__staticaddress}", "group": "Interfaces", "overlay": false, "type": "IPV4_MASK"
				},
            {
					"variable": "{$v_LAN5_IPv4__staticaddress}", "group": "Interfaces", "overlay": false, "type": "IPV4_MASK"
				},
            {
					"variable": "{$v_LAN6_IPv4__staticaddress}", "group": "Interfaces", "overlay": false, "type": "IPV4_MASK"
				},
            {
					"variable": "{$v_LAN7_IPv4__staticaddress}", "group": "Interfaces", "overlay": false, "type": "IPV4_MASK"
				},
            {
					"variable": "{$v_LAN8_IPv4__staticaddress}", "group": "Interfaces", "overlay": false, "type": "IPV4_MASK"
				},
            {
					"variable": "{$v_LAN9_IPv4__staticaddress}", "group": "Interfaces", "overlay": false, "type": "IPV4_MASK"
				},
            {
					"variable": "{$v_LAN10_IPv4__staticaddress}", "group": "Interfaces", "overlay": false, "type": "IPV4_MASK"
				},
            
				 {
					"variable": "{$v_IPC00012_NV-WC02-N2-BLR_Local_auth_email_identifier__IKELIdentifier}",
					"group": "IPSEC",
					"overlay": false
				}, {
					"variable": "{$v_Site_Id__siteSiteID}",
					"group": "SDWAN",
					"overlay": false
				}, {
					"variable": "{$v_IPC00012_NV-WC01-N2-BLR_Local_auth_email_identifier__IKELIdentifier}",
					"group": "IPSEC",
					"overlay": false
				}, {
					"variable": "{$v_IPC00012_Site_Name__sitesSiteName}",
					"group": "SDWAN",
					"overlay": false
				}, {
					"variable": "{$v_latitude__IdLatitude}",
					"group": "SDWAN",
					"overlay": false
				}, {
					"variable": "{$v_identification__IdName}",
					"group": "SDWAN",
					"overlay": false
				}, {
					"variable": "{$v_INT-WAN-Transport-VR_IPv4__vrHopAddress}",
					"group": "Virtual Routers",
					"overlay": false,
					"type": "IPV4_IPV6"
				}, {
					"variable": "{$v_tvi-0-32_-_Unit_0_Static_address__tunnelStaticAddress}",
					"group": "Interfaces",
					"overlay": true,
					"type": "IPV4_IPV6_MASK"
				}, {
					"variable": "{$v_Chassis_Id__sitesChassisId}",
					"group": "SDWAN",
					"overlay": false
				}, {
					"variable": "{$v_longitude__Idlongitude}",
					"group": "SDWAN",
					"overlay": false
				}, {
					"variable": "{$v_location__IdLocation}",
					"group": "SDWAN",
					"overlay": false
				}, {
					"variable": "{$v_IPC00012-Control-VR_16_Local_address__vrRouterAddress}",
					"group": "Virtual Routers",
					"overlay": true,
					"type": "IPV4"
				}, {
					"variable": "{$v_MPLS-WAN-Transport-VR_IPv4__vrHopAddress}",
					"group": "Virtual Routers",
					"overlay": false,
					"type": "IPV4_IPV6"
				}, {
					"variable": "{$v_tvi-0-33_-_Unit_0_Static_address__tunnelStaticAddress}",
					"group": "Interfaces",
					"overlay": true,
					"type": "IPV4_IPV6_MASK"
				}]
			}
		}
	}
}
2019-03-14 15:08:44,529 - CPE-4 - INFO - <Response [200]>
2019-03-14 15:08:44,530 - CPE-4 - INFO - PASS
2019-03-14 15:08:54,769 - CPE-4 - INFO - 15691
2019-03-14 15:09:05,319 - CPE-4 - INFO - Device deployed
2019-03-14 15:09:06,665 - CPE-4 - INFO - {u'versanms.sdwan-device-workflow': {u'postStagingTemplateInfo': {u'templateData': {u'device-template-variable': {u'variable-binding': {u'attrs': [{u'isAutogeneratable': False, u'name': u'{$v_INT-WAN_IPv4__staticaddress}', u'value': u'172.16.6.14/30'}, {u'isAutogeneratable': False, u'name': u'{$v_vni-0-4_LAN6_Unit-5__vlanId}', u'value': 535}, {u'isAutogeneratable': True, u'isOverwritten': True, u'name': u'{$v_IPC00012-Control-VR_16_Router_ID__vrRouteId}', u'value': u'20.20.16.11'}, {u'isAutogeneratable': True, u'name': u'{$v_IPC00012_NV-WC01-N2-BLR_Local_auth_email_key__IKELKey}', u'value': u'CPE-4'}, {u'isAutogeneratable': True, u'name': u'{$v_IPC00012_NV-WC02-N2-BLR_Local_auth_email_key__IKELKey}', u'value': u'CPE-4'}, {u'isAutogeneratable': False, u'name': u'{$v_LAN10_IPv4__staticaddress}', u'value': u'192.169.40.1/24'}, {u'isAutogeneratable': False, u'name': u'{$v_vni-0-4_LAN8_Unit-7__vlanId}', u'value': 537}, {u'isAutogeneratable': False, u'name': u'{$v_vni-0-4_LAN2_Unit-1__vlanId}', u'value': 531}, {u'isAutogeneratable': False, u'name': u'{$v_LAN9_IPv4__staticaddress}', u'value': u'192.169.39.1/24'}, {u'isAutogeneratable': False, u'name': u'{$v_LAN5_IPv4__staticaddress}', u'value': u'192.169.35.1/24'}, {u'isAutogeneratable': False, u'name': u'{$v_LAN1_IPv4__staticaddress}', u'value': u'192.169.31.1/24'}, {u'isAutogeneratable': False, u'name': u'{$v_vni-0-4_LAN4_Unit-3__vlanId}', u'value': 533}, {u'isAutogeneratable': False, u'name': u'{$v_LAN7_IPv4__staticaddress}', u'value': u'192.169.37.1/24'}, {u'isAutogeneratable': False, u'name': u'{$v_vni-0-4_LAN4_Unit-3__unit}', u'value': 533}, {u'isAutogeneratable': True, u'name': u'{$v_IPC00012_NV-WC02-N2-BLR_Local_auth_email_identifier__IKELIdentifier}', u'value': u'CPE-4@colt.net'}, {u'isAutogeneratable': False, u'name': u'{$v_vni-0-4_LAN10_Unit-9__unit}', u'value': 539}, {u'isAutogeneratable': False, u'name': u'{$v_vni-0-4_LAN9_Unit-8__unit}', u'value': 538}, {u'isAutogeneratable': False, u'name': u'{$v_vni-0-4_LAN1_Unit-0__unit}', u'value': 530}, {u'isAutogeneratable': False, u'name': u'{$v_vni-0-4_LAN3_Unit-2__unit}', u'value': 532}, {u'isAutogeneratable': True, u'name': u'{$v_Site_Id__siteSiteID}', u'value': 1634}, {u'isAutogeneratable': False, u'name': u'{$v_vni-0-4_LAN6_Unit-5__unit}', u'value': 535}, {u'isAutogeneratable': False, u'name': u'{$v_vni-0-4_LAN7_Unit-6__vlanId}', u'value': 536}, {u'isAutogeneratable': False, u'name': u'{$v_LAN6_IPv4__staticaddress}', u'value': u'192.169.36.1/24'}, {u'isAutogeneratable': True, u'name': u'{$v_IPC00012_NV-WC01-N2-BLR_Local_auth_email_identifier__IKELIdentifier}', u'value': u'CPE-4@colt.net'}, {u'isAutogeneratable': False, u'name': u'{$v_vni-0-4_LAN1_Unit-0__vlanId}', u'value': 530}, {u'isAutogeneratable': False, u'name': u'{$v_vni-0-4_LAN9_Unit-8__vlanId}', u'value': 538}, {u'isAutogeneratable': False, u'name': u'{$v_LAN2_IPv4__staticaddress}', u'value': u'192.169.32.1/24'}, {u'isAutogeneratable': False, u'name': u'{$v_vni-0-4_LAN10_Unit-9__vlanId}', u'value': 539}, {u'isAutogeneratable': False, u'name': u'{$v_vni-0-4_LAN5_Unit-4__unit}', u'value': 534}, {u'isAutogeneratable': False, u'name': u'{$v_vni-0-4_LAN2_Unit-1__unit}', u'value': 531}, {u'isAutogeneratable': False, u'name': u'{$v_LAN4_IPv4__staticaddress}', u'value': u'192.169.34.1/24'}, {u'isAutogeneratable': True, u'name': u'{$v_IPC00012_Site_Name__sitesSiteName}', u'value': u'CPE-4'}, {u'isAutogeneratable': False, u'name': u'{$v_vni-0-4_LAN3_Unit-2__vlanId}', u'value': 532}, {u'isAutogeneratable': True, u'name': u'{$v_latitude__IdLatitude}', u'value': 12.971599}, {u'isAutogeneratable': True, u'name': u'{$v_identification__IdName}', u'value': u'CPE-4'}, {u'isAutogeneratable': False, u'name': u'{$v_LAN3_IPv4__staticaddress}', u'value': u'192.169.33.1/24'}, {u'isAutogeneratable': False, u'name': u'{$v_INT-WAN-Transport-VR_IPv4__vrHopAddress}', u'value': u'172.16.6.13'}, {u'isAutogeneratable': False, u'name': u'{$v_vni-0-4_LAN7_Unit-6__unit}', u'value': 536}, {u'isAutogeneratable': True, u'isOverwritten': True, u'name': u'{$v_tvi-0-32_-_Unit_0_Static_address__tunnelStaticAddress}', u'value': u'10.10.16.11/32'}, {u'isAutogeneratable': True, u'name': u'{$v_Chassis_Id__sitesChassisId}', u'value': u'AUTOCPE4'}, {u'isAutogeneratable': True, u'name': u'{$v_longitude__Idlongitude}', u'value': 77.594563}, {u'isAutogeneratable': False, u'name': u'{$v_LAN8_IPv4__staticaddress}', u'value': u'192.169.38.1/24'}, {u'isAutogeneratable': True, u'name': u'{$v_location__IdLocation}', u'value': u'bangalore,karnataka, india'}, {u'isAutogeneratable': False, u'name': u'{$v_vni-0-4_LAN5_Unit-4__vlanId}', u'value': 534}, {u'isAutogeneratable': True, u'isOverwritten': True, u'name': u'{$v_IPC00012-Control-VR_16_Local_address__vrRouterAddress}', u'value': u'20.20.16.11'}, {u'isAutogeneratable': False, u'name': u'{$v_vni-0-4_LAN8_Unit-7__unit}', u'value': 537}, {u'isAutogeneratable': False, u'name': u'{$v_MPLS-WAN-Transport-VR_IPv4__vrHopAddress}', u'value': u'172.16.7.13'}, {u'isAutogeneratable': False, u'name': u'{$v_MPLS-WAN_IPv4__staticaddress}', u'value': u'172.16.7.14/30'}, {u'isAutogeneratable': True, u'isOverwritten': True, u'name': u'{$v_tvi-0-33_-_Unit_0_Static_address__tunnelStaticAddress}', u'value': u'20.20.16.11/32'}]}, u'template': u'IPC00012-BLR-PS-HS-LIB'}, u'variableMetadata': [{u'variable': u'{$v_INT-WAN_IPv4__staticaddress}', u'type': u'IPV4_MASK', u'group': u'Interfaces', u'overlay': False}, {u'variable': u'{$v_vni-0-4_LAN6_Unit-5__vlanId}', u'type': u'INTEGER', u'group': u'Vlan Info', u'overlay': False}, {u'variable': u'{$v_IPC00012-Control-VR_16_Router_ID__vrRouteId}', u'type': u'IPV4', u'group': u'Virtual routers', u'overlay': True}, {u'variable': u'{$v_IPC00012_NV-WC01-N2-BLR_Local_auth_email_key__IKELKey}', u'group': u'IPSEC', u'overlay': False}, {u'variable': u'{$v_IPC00012_NV-WC02-N2-BLR_Local_auth_email_key__IKELKey}', u'group': u'IPSEC', u'overlay': False}, {u'variable': u'{$v_LAN10_IPv4__staticaddress}', u'type': u'IPV4_MASK', u'group': u'Interfaces', u'overlay': False}, {u'variable': u'{$v_vni-0-4_LAN8_Unit-7__vlanId}', u'type': u'INTEGER', u'group': u'Vlan Info', u'overlay': False}, {u'variable': u'{$v_vni-0-4_LAN2_Unit-1__vlanId}', u'type': u'INTEGER', u'group': u'Vlan Info', u'overlay': False}, {u'variable': u'{$v_LAN9_IPv4__staticaddress}', u'type': u'IPV4_MASK', u'group': u'Interfaces', u'overlay': False}, {u'variable': u'{$v_LAN5_IPv4__staticaddress}', u'type': u'IPV4_MASK', u'group': u'Interfaces', u'overlay': False}, {u'variable': u'{$v_LAN1_IPv4__staticaddress}', u'type': u'IPV4_MASK', u'group': u'Interfaces', u'overlay': False}, {u'variable': u'{$v_vni-0-4_LAN4_Unit-3__vlanId}', u'type': u'INTEGER', u'group': u'Vlan Info', u'overlay': False}, {u'variable': u'{$v_LAN7_IPv4__staticaddress}', u'type': u'IPV4_MASK', u'group': u'Interfaces', u'overlay': False}, {u'variable': u'{$v_vni-0-4_LAN4_Unit-3__unit}', u'type': u'INTEGER', u'group': u'Vlan Info', u'overlay': False}, {u'variable': u'{$v_IPC00012_NV-WC02-N2-BLR_Local_auth_email_identifier__IKELIdentifier}', u'group': u'IPSEC', u'overlay': False}, {u'variable': u'{$v_vni-0-4_LAN10_Unit-9__unit}', u'type': u'INTEGER', u'group': u'Vlan Info', u'overlay': False}, {u'variable': u'{$v_vni-0-4_LAN9_Unit-8__unit}', u'type': u'INTEGER', u'group': u'Vlan Info', u'overlay': False}, {u'variable': u'{$v_vni-0-4_LAN1_Unit-0__unit}', u'type': u'INTEGER', u'group': u'Vlan Info', u'overlay': False}, {u'variable': u'{$v_vni-0-4_LAN3_Unit-2__unit}', u'type': u'INTEGER', u'group': u'Vlan Info', u'overlay': False}, {u'variable': u'{$v_Site_Id__siteSiteID}', u'group': u'SDWAN', u'overlay': False}, {u'variable': u'{$v_vni-0-4_LAN6_Unit-5__unit}', u'type': u'INTEGER', u'group': u'Vlan Info', u'overlay': False}, {u'variable': u'{$v_vni-0-4_LAN7_Unit-6__vlanId}', u'type': u'INTEGER', u'group': u'Vlan Info', u'overlay': False}, {u'variable': u'{$v_LAN6_IPv4__staticaddress}', u'type': u'IPV4_MASK', u'group': u'Interfaces', u'overlay': False}, {u'variable': u'{$v_IPC00012_NV-WC01-N2-BLR_Local_auth_email_identifier__IKELIdentifier}', u'group': u'IPSEC', u'overlay': False}, {u'variable': u'{$v_vni-0-4_LAN1_Unit-0__vlanId}', u'type': u'INTEGER', u'group': u'Vlan Info', u'overlay': False}, {u'variable': u'{$v_vni-0-4_LAN9_Unit-8__vlanId}', u'type': u'INTEGER', u'group': u'Vlan Info', u'overlay': False}, {u'variable': u'{$v_LAN2_IPv4__staticaddress}', u'type': u'IPV4_MASK', u'group': u'Interfaces', u'overlay': False}, {u'variable': u'{$v_vni-0-4_LAN10_Unit-9__vlanId}', u'type': u'INTEGER', u'group': u'Vlan Info', u'overlay': False}, {u'variable': u'{$v_vni-0-4_LAN5_Unit-4__unit}', u'type': u'INTEGER', u'group': u'Vlan Info', u'overlay': False}, {u'variable': u'{$v_vni-0-4_LAN2_Unit-1__unit}', u'type': u'INTEGER', u'group': u'Vlan Info', u'overlay': False}, {u'variable': u'{$v_LAN4_IPv4__staticaddress}', u'type': u'IPV4_MASK', u'group': u'Interfaces', u'overlay': False}, {u'variable': u'{$v_IPC00012_Site_Name__sitesSiteName}', u'group': u'SDWAN', u'overlay': False}, {u'variable': u'{$v_vni-0-4_LAN3_Unit-2__vlanId}', u'type': u'INTEGER', u'group': u'Vlan Info', u'overlay': False}, {u'variable': u'{$v_latitude__IdLatitude}', u'group': u'SDWAN', u'overlay': False}, {u'variable': u'{$v_identification__IdName}', u'group': u'SDWAN', u'overlay': False}, {u'variable': u'{$v_LAN3_IPv4__staticaddress}', u'type': u'IPV4_MASK', u'group': u'Interfaces', u'overlay': False}, {u'variable': u'{$v_INT-WAN-Transport-VR_IPv4__vrHopAddress}', u'type': u'IPV4_IPV6', u'group': u'Virtual routers', u'overlay': False}, {u'variable': u'{$v_vni-0-4_LAN7_Unit-6__unit}', u'type': u'INTEGER', u'group': u'Vlan Info', u'overlay': False}, {u'variable': u'{$v_tvi-0-32_-_Unit_0_Static_address__tunnelStaticAddress}', u'type': u'IPV4_IPV6_MASK', u'group': u'Interfaces', u'overlay': True}, {u'variable': u'{$v_Chassis_Id__sitesChassisId}', u'group': u'SDWAN', u'overlay': False}, {u'variable': u'{$v_longitude__Idlongitude}', u'group': u'SDWAN', u'overlay': False}, {u'variable': u'{$v_LAN8_IPv4__staticaddress}', u'type': u'IPV4_MASK', u'group': u'Interfaces', u'overlay': False}, {u'variable': u'{$v_location__IdLocation}', u'group': u'SDWAN', u'overlay': False}, {u'variable': u'{$v_vni-0-4_LAN5_Unit-4__vlanId}', u'type': u'INTEGER', u'group': u'Vlan Info', u'overlay': False}, {u'variable': u'{$v_IPC00012-Control-VR_16_Local_address__vrRouterAddress}', u'type': u'IPV4', u'group': u'Virtual routers', u'overlay': True}, {u'variable': u'{$v_vni-0-4_LAN8_Unit-7__unit}', u'type': u'INTEGER', u'group': u'Vlan Info', u'overlay': False}, {u'variable': u'{$v_MPLS-WAN-Transport-VR_IPv4__vrHopAddress}', u'type': u'IPV4_IPV6', u'group': u'Virtual routers', u'overlay': False}, {u'variable': u'{$v_MPLS-WAN_IPv4__staticaddress}', u'type': u'IPV4_MASK', u'group': u'Interfaces', u'overlay': False}, {u'variable': u'{$v_tvi-0-33_-_Unit_0_Static_address__tunnelStaticAddress}', u'type': u'IPV4_IPV6_MASK', u'group': u'Interfaces', u'overlay': True}]}, u'templateName': u'IPC00012-BLR-PS-HS-LIB'}, u'deviceName': u'CPE-4', u'deviceGroup': u'IPC00012-BLR-PS-HS-LIB-DG', u'orgName': u'IPC00012', u'serialNumber': u'AUTOCPE4', u'locationInfo': {u'latitude': 12.971599, u'country': u'india', u'state': u'karnataka', u'longitude': 77.594563, u'city': u'bangalore'}, u'siteId': 1634, u'instanceInfo': u'', u'stagingTemplateInfo': u'', u'urlztpBasedInfo': {u'authType': u'psk', u'enableIpv4Dhcp': False, u'branchKey': u'yvswws0w7sEbfIfM', u'branchId': u'CPE-4@IPC00012.com', u'enableIpv6': False, u'enableIpv4': False, u'enableIpv6Dhcp': False}}}
2019-03-14 15:09:27,861 - CPE-4 - INFO - configure private
Entering configuration mode private
Current configuration users:
Administrator ssh (cli from 10.91.194.22) on since 2019-03-14 09:05:09 private mode
[ok][2019-03-14 09:39:27]

[edit]
Administrator@Versa-Dir-BLR-1% 
2019-03-14 15:09:27,885 - CPE-4 - INFO - True
2019-03-14 15:09:28,710 - CPE-4 - INFO - set devices device NV-WC02-N2-BLR config orgs org-services Colt ipsec vpn-profile STAGING-MPLS psk-auth-clients remote-client IPC00012-CPE-4@colt.net id-type email
[ok][2019-03-14 09:39:28]

[edit]
Administrator@Versa-Dir-BLR-1% 
2019-03-14 15:09:29,513 - CPE-4 - INFO - set devices device NV-WC02-N2-BLR config orgs org-services Colt ipsec vpn-profile STAGING-MPLS psk-auth-clients remote-client IPC00012-CPE-4@colt.net key CPE-4
[ok][2019-03-14 09:39:29]

[edit]
Administrator@Versa-Dir-BLR-1% 
2019-03-14 15:09:34,924 - CPE-4 - INFO - commit and-quit
Commit complete.
[ok][2019-03-14 09:39:34]
Administrator@Versa-Dir-BLR-1> 
2019-03-14 15:09:35,068 - CPE-4 - INFO - sudo /opt/versa/scripts/staging.py -w 1 -c 10.63.151.90 -s 172.16.7.14/30 -g 172.16.7.13 -l IPC00012-CPE-4@colt.net -lk CPE-4  -r NV-WC02-N2-BLR@colt.net -rk NV-WC02-N2-BLR
2019-03-14 15:17:55,519 - CPE-4 - INFO - {'ownerOrg': u'IPC00012', 'name': u'CPE-4', 'ipAddress': u'20.20.16.11', 'ping_status': u'REACHABLE', 'controllers': [u'NV-WC02-N2-BLR'], 'softwareVersion': u'16.1-R2-S2.2 d1653f6 20180508', 'sync_status': u'IN_SYNC', 'type': u'branch', 'uuid': u'f1e4471b-9a5d-4fb7-99c7-513a7b07e91c'}
