2020-03-26 15:16:23,427 - VD1 - DEBUG - <netmiko.versa.versa_ssh.VersaSSH object at 0x000000000DF6A160>
2020-03-26 15:16:28,638 - VD1 - DEBUG - versa: Automated@VDir-BLR-NEW-01>
2020-03-26 15:16:28,638 - CPE11-HKG-HYBRD-IPC00190 - INFO - CPE NAME:CPE11-HKG-HYBRD-IPC00190
2020-03-26 15:16:29,650 - CPE11-HKG-HYBRD-IPC00190 - INFO - SOLUTION SELECTED:SINGLE-CPE-HYBRID
2020-03-26 15:16:34,815 - CPE11-HKG-HYBRD-IPC00190 - DEBUG - <netmiko.versa.versa_ssh.VersaSSH object at 0x000000000DF5B0F0>
2020-03-26 15:16:40,053 - CPE11-HKG-HYBRD-IPC00190 - DEBUG - versa: Automated@VDir-BLR-NEW-01>
2020-03-26 15:17:02,421 - VD1 - INFO - 

STEP :CONFIG QOS

2020-03-26 15:17:02,448 - VD1 - INFO - delete devices device CPE11-HKG-HYBRD-IPC00190 config orgs org-services IPC00190 class-of-service qos-policies Default-Policy rules LAN1-VRF-Premium match dscp [ 46 ]
set devices device CPE11-HKG-HYBRD-IPC00190 config orgs org-services IPC00190 class-of-service qos-policies Default-Policy rules LAN1-VRF-Premium match source address address-list srcip
move devices device CPE11-HKG-HYBRD-IPC00190 config orgs org-services IPC00190 class-of-service qos-policies Default-Policy rules LAN1-VRF-Premium first



2020-03-26 15:17:02,719 - VD1 - DEBUG - configure private
Entering configuration mode private
[ok][2020-03-26 09:48:22]

[edit]
Automated@VDir-BLR-NEW-01% 
2020-03-26 15:17:02,734 - VD1 - DEBUG - True
2020-03-26 15:17:03,578 - VD1 - DEBUG - delete devices device CPE11-HKG-HYBRD-IPC00190 config  orgs org-services IPC00190 class-of-service qos-policies Default-Policy rules LAN1-VRF-Premium match dscp [ 46 ]
[ok][2020-03-26 09:48:22]

[edit]
Automated@VDir-BLR-NEW-01% 
2020-03-26 15:17:04,417 - VD1 - DEBUG - set devices device CPE11-HKG-HYBRD-IPC00190 config orgs org-services IPC00190 class-of-service qos-policies Default-Policy rules LAN1-VRF-Premium match source address address-list srcip
[ok][2020-03-26 09:48:23]

[edit]
Automated@VDir-BLR-NEW-01% 
2020-03-26 15:17:05,869 - VD1 - DEBUG - move devices device CPE11-HKG-HYBRD-IPC00190 config orgs org-services IPC00190 class-of-service qos-policies Default-Policy rules LAN1-VRF-Premium first
[ok][2020-03-26 09:48:25]

[edit]
Automated@VDir-BLR-NEW-01% 
2020-03-26 15:17:06,283 - VD1 - DEBUG - 

[edit]
Automated@VDir-BLR-NEW-01% 
2020-03-26 15:17:06,706 - VD1 - DEBUG - 

[edit]
Automated@VDir-BLR-NEW-01% 
2020-03-26 15:17:07,125 - VD1 - DEBUG - 

[edit]
Automated@VDir-BLR-NEW-01% 
2020-03-26 15:17:08,181 - VD1 - DEBUG - commit and-quit
Commit complete.
[ok][2020-03-26 09:48:27]
Automated@VDir-BLR-NEW-01> 
2020-03-26 15:17:23,767 - VD1 - INFO - 

STEP :CONFIG QOS

2020-03-26 15:17:23,783 - VD1 - INFO - delete devices device CPE11-HKG-HYBRD-IPC00190 config orgs org-services IPC00190 class-of-service qos-policies Default-Policy rules LAN1-VRF-Premium match source address address-list srcip
set devices device CPE11-HKG-HYBRD-IPC00190 config orgs org-services IPC00190 class-of-service qos-policies Default-Policy rules LAN1-VRF-Premium match dscp [ 46 ]
move devices device CPE11-HKG-HYBRD-IPC00190 config orgs org-services IPC00190 class-of-service qos-policies Default-Policy rules LAN1-VRF-Premium first

2020-03-26 15:17:23,996 - VD1 - DEBUG - configure private
Entering configuration mode private
[ok][2020-03-26 09:48:43]

[edit]
Automated@VDir-BLR-NEW-01% 
2020-03-26 15:17:24,016 - VD1 - DEBUG - True
2020-03-26 15:17:24,835 - VD1 - DEBUG - delete devices device CPE11-HKG-HYBRD-IPC00190 config  orgs org-services IPC00190 class-of-service qos-policies Default-Policy rules LAN1-VRF-Premium match source address address-list srcip
[ok][2020-03-26 09:48:44]

[edit]
Automated@VDir-BLR-NEW-01% 
2020-03-26 15:17:25,674 - VD1 - DEBUG - set devices device CPE11-HKG-HYBRD-IPC00190 config orgs org-services IPC00190 class-of-service qos-policies Default-Policy rules LAN1-VRF-Premium match dscp [ 46 ]
[ok][2020-03-26 09:48:45]

[edit]
Automated@VDir-BLR-NEW-01% 
2020-03-26 15:17:27,132 - VD1 - DEBUG - move devices device CPE11-HKG-HYBRD-IPC00190 config orgs org-services IPC00190 class-of-service qos-policies Default-Policy rules LAN1-VRF-Premium first
[ok][2020-03-26 09:48:46]

[edit]
Automated@VDir-BLR-NEW-01% 
2020-03-26 15:17:27,555 - VD1 - DEBUG - 

[edit]
Automated@VDir-BLR-NEW-01% 
2020-03-26 15:17:28,586 - VD1 - DEBUG - commit and-quit
Commit complete.
[ok][2020-03-26 09:48:47]
Automated@VDir-BLR-NEW-01> 
