2020-02-20 15:55:34,976 - VD1 - DEBUG - <netmiko.versa.versa_ssh.VersaSSH object at 0x000000000FF68E48>
2020-02-20 15:55:40,181 - VD1 - DEBUG - versa: Automated@VDir-BLR-NEW-01>
2020-02-20 15:55:45,009 - CPE11-HKG-HYBRD-IPC00190 - DEBUG - <netmiko.versa.versa_ssh.VersaSSH object at 0x000000000FFE7E48>
2020-02-20 15:55:50,217 - CPE11-HKG-HYBRD-IPC00190 - DEBUG - versa: Automated@VDir-BLR-NEW-01>
2020-02-20 15:56:14,319 - CPE12-HKG-HYBRD-IPC00190 - DEBUG - <netmiko.versa.versa_ssh.VersaSSH object at 0x0000000010009C50>
2020-02-20 15:56:19,528 - CPE12-HKG-HYBRD-IPC00190 - DEBUG - versa: Automated@VDir-BLR-NEW-01>
2020-02-20 15:57:30,502 - CPE11-HKG-HYBRD-IPC00190 - INFO - 
CREATE SLA profile

2020-02-20 15:57:32,322 - CPE11-HKG-HYBRD-IPC00190 - DEBUG - <Response [201]>
2020-02-20 15:57:32,331 - CPE11-HKG-HYBRD-IPC00190 - INFO - 
PASS
2020-02-20 15:57:32,332 - CPE11-HKG-HYBRD-IPC00190 - INFO - >>>>>>>>>> CREATE SLA Profile PASSED. <<<<<<<<<<<
2020-02-20 15:57:32,336 - CPE11-HKG-HYBRD-IPC00190 - INFO - 
CREATE FWD PROFILE

2020-02-20 15:57:34,165 - CPE11-HKG-HYBRD-IPC00190 - DEBUG - <Response [201]>
2020-02-20 15:57:34,167 - CPE11-HKG-HYBRD-IPC00190 - INFO - 
PASS
2020-02-20 15:57:34,167 - CPE11-HKG-HYBRD-IPC00190 - INFO - >>>>>>>>>> FORWARDING PROFILE CREATION PASSED. <<<<<<<<<<<
2020-02-20 15:57:34,171 - CPE11-HKG-HYBRD-IPC00190 - INFO - 
CREATE IPaddress Object

2020-02-20 15:57:35,802 - CPE11-HKG-HYBRD-IPC00190 - DEBUG - <Response [201]>
2020-02-20 15:57:35,802 - CPE11-HKG-HYBRD-IPC00190 - INFO - 
PASS
2020-02-20 15:57:35,803 - CPE11-HKG-HYBRD-IPC00190 - INFO - >>>>>>>>>> ADDRESS OBJECT CREATION PASSED. <<<<<<<<<<<
2020-02-20 15:57:35,808 - CPE11-HKG-HYBRD-IPC00190 - INFO - 
CREATE Policy rule

2020-02-20 15:57:38,048 - CPE11-HKG-HYBRD-IPC00190 - DEBUG - <Response [201]>
2020-02-20 15:57:38,049 - CPE11-HKG-HYBRD-IPC00190 - INFO - 
PASS
2020-02-20 15:57:38,049 - CPE11-HKG-HYBRD-IPC00190 - INFO - >>>>>>>>>> CREATE POLICY RULE PASSED. <<<<<<<<<<<
2020-02-20 16:00:52,128 - CPE11-HKG-HYBRD-IPC00190 - INFO - 
DELETE IPaddress Object

2020-02-20 16:00:55,690 - CPE11-HKG-HYBRD-IPC00190 - INFO - 
PASS
2020-02-20 16:00:55,690 - CPE11-HKG-HYBRD-IPC00190 - INFO - >>>>>>>>>> Policy rule DELETION PASSED. <<<<<<<<<<<
2020-02-20 16:00:55,694 - CPE11-HKG-HYBRD-IPC00190 - INFO - 
DELETE IPaddress Object

2020-02-20 16:00:58,357 - CPE11-HKG-HYBRD-IPC00190 - INFO - 
PASS
2020-02-20 16:00:58,358 - CPE11-HKG-HYBRD-IPC00190 - INFO - >>>>>>>>>> ADDRESS OBJECT DELETION PASSED. <<<<<<<<<<<
2020-02-20 16:00:58,361 - CPE11-HKG-HYBRD-IPC00190 - INFO - 
DELETE FWD PROFILE

2020-02-20 16:01:00,706 - CPE11-HKG-HYBRD-IPC00190 - INFO - 
PASS
2020-02-20 16:01:00,707 - CPE11-HKG-HYBRD-IPC00190 - INFO - >>>>>>>>>> FORWARDING PROFILE DELETION PASSED. <<<<<<<<<<<
2020-02-20 16:01:00,710 - CPE11-HKG-HYBRD-IPC00190 - INFO - 
DELETE SLA profile

2020-02-20 16:01:03,022 - CPE11-HKG-HYBRD-IPC00190 - INFO - 
PASS
2020-02-20 16:01:03,023 - CPE11-HKG-HYBRD-IPC00190 - INFO - >>>>>>>>>> DELETE SLA Profile PASSED. <<<<<<<<<<<
