2020-05-27 12:11:59,355 - CPE26-SIN-DUAL-CPE-DUAL-INTERNET-IPC00190-P - INFO - LOG FILE PATH : C:\Softwares_mine\stefano\NV_REPOSITORY\csit/LOGS/2020_05_27_12_11_55_840000/MAIN.log
2020-05-27 12:11:59,355 - CPE26-SIN-DUAL-CPE-DUAL-INTERNET-IPC00190-P - INFO - CPE NAME:CPE26-SIN-DUAL-CPE-DUAL-INTERNET-IPC00190-P
2020-05-27 12:12:00,358 - CPE26-SIN-DUAL-CPE-DUAL-INTERNET-IPC00190-P - INFO - SOLUTION SELECTED:DUAL-CPE-DUAL-INTERNET
2020-05-27 12:12:02,180 - CPE26-SIN-DUAL-CPE-DUAL-INTERNET-IPC00190-P - DEBUG - {u'versanms.sdwan-org-workflow': {u'ikeAuthType': u'psk', u'globalId': 90, u'orgName': u'IPC00190', u'controllers': [u'NV-WC01-N1-HKG', u'NV-WC01-N6-SIN', u'NV-WC02-N1-HKG', u'NV-WC02-N6-SIN'], u'bandwidth': 10, u'parentOrg': u'Colt', u'vrfs': [{u'name': u'LAN1-VRF', u'enableVPN': True, u'id': 1020}, {u'name': u'LAN2-VRF', u'enableVPN': True, u'id': 1021}, {u'name': u'LAN3-VRF', u'enableVPN': True, u'id': 1022}, {u'name': u'LAN4-VRF', u'enableVPN': True, u'id': 1023}, {u'name': u'LAN5-VRF', u'enableVPN': True, u'id': 1024}, {u'name': u'LAN6-VRF', u'enableVPN': True, u'id': 1025}, {u'name': u'LAN7-VRF', u'enableVPN': True, u'id': 1026}, {u'name': u'LAN8-VRF', u'enableVPN': True, u'id': 1027}, {u'name': u'LAN9-VRF', u'enableVPN': True, u'id': 1028}, {u'name': u'LAN10-VRF', u'enableVPN': True, u'id': 1029}], u'solutionTier': u'base-sdwan', u'sharedControlPlane': False}}
2020-05-27 12:12:02,187 - CPE26-SIN-DUAL-CPE-DUAL-INTERNET-IPC00190-P - INFO - 
STEP :CHECK ORG is available in Controller NV-WC01-N1-HKG
2020-05-27 12:12:02,188 - CPE26-SIN-DUAL-CPE-DUAL-INTERNET-IPC00190-P - INFO - PASS
2020-05-27 12:12:02,592 - CPE26-SIN-DUAL-CPE-DUAL-INTERNET-IPC00190-P - DEBUG - {u'versanms.sdwan-org-workflow': {u'ikeAuthType': u'psk', u'globalId': 90, u'orgName': u'IPC00190', u'controllers': [u'NV-WC01-N1-HKG', u'NV-WC01-N6-SIN', u'NV-WC02-N1-HKG', u'NV-WC02-N6-SIN'], u'bandwidth': 10, u'parentOrg': u'Colt', u'vrfs': [{u'name': u'LAN1-VRF', u'enableVPN': True, u'id': 1020}, {u'name': u'LAN2-VRF', u'enableVPN': True, u'id': 1021}, {u'name': u'LAN3-VRF', u'enableVPN': True, u'id': 1022}, {u'name': u'LAN4-VRF', u'enableVPN': True, u'id': 1023}, {u'name': u'LAN5-VRF', u'enableVPN': True, u'id': 1024}, {u'name': u'LAN6-VRF', u'enableVPN': True, u'id': 1025}, {u'name': u'LAN7-VRF', u'enableVPN': True, u'id': 1026}, {u'name': u'LAN8-VRF', u'enableVPN': True, u'id': 1027}, {u'name': u'LAN9-VRF', u'enableVPN': True, u'id': 1028}, {u'name': u'LAN10-VRF', u'enableVPN': True, u'id': 1029}], u'solutionTier': u'base-sdwan', u'sharedControlPlane': False}}
2020-05-27 12:12:02,592 - CPE26-SIN-DUAL-CPE-DUAL-INTERNET-IPC00190-P - INFO - 
STEP :CHECK ORG is available in Controller NV-WC02-N6-SIN
2020-05-27 12:12:02,592 - CPE26-SIN-DUAL-CPE-DUAL-INTERNET-IPC00190-P - INFO - PASS
2020-05-27 12:12:02,961 - CPE26-SIN-DUAL-CPE-DUAL-INTERNET-IPC00190-P - DEBUG - {u'versanms.sdwan-org-workflow': {u'ikeAuthType': u'psk', u'globalId': 90, u'orgName': u'IPC00190', u'controllers': [u'NV-WC01-N1-HKG', u'NV-WC01-N6-SIN', u'NV-WC02-N1-HKG', u'NV-WC02-N6-SIN'], u'bandwidth': 10, u'parentOrg': u'Colt', u'vrfs': [{u'name': u'LAN1-VRF', u'enableVPN': True, u'id': 1020}, {u'name': u'LAN2-VRF', u'enableVPN': True, u'id': 1021}, {u'name': u'LAN3-VRF', u'enableVPN': True, u'id': 1022}, {u'name': u'LAN4-VRF', u'enableVPN': True, u'id': 1023}, {u'name': u'LAN5-VRF', u'enableVPN': True, u'id': 1024}, {u'name': u'LAN6-VRF', u'enableVPN': True, u'id': 1025}, {u'name': u'LAN7-VRF', u'enableVPN': True, u'id': 1026}, {u'name': u'LAN8-VRF', u'enableVPN': True, u'id': 1027}, {u'name': u'LAN9-VRF', u'enableVPN': True, u'id': 1028}, {u'name': u'LAN10-VRF', u'enableVPN': True, u'id': 1029}], u'solutionTier': u'base-sdwan', u'sharedControlPlane': False}}
2020-05-27 12:12:02,961 - CPE26-SIN-DUAL-CPE-DUAL-INTERNET-IPC00190-P - INFO - 
STEP :CHECK ORG is available in Controller NV-WC02-N1-HKG
2020-05-27 12:12:02,963 - CPE26-SIN-DUAL-CPE-DUAL-INTERNET-IPC00190-P - INFO - PASS
2020-05-27 12:12:02,963 - CPE26-SIN-DUAL-CPE-DUAL-INTERNET-IPC00190-P - INFO - 
STEP :PRE-ONBOARD WORK
2020-05-27 12:12:03,078 - CPE26-SIN-DUAL-CPE-DUAL-INTERNET-IPC00190-P - DEBUG - 
sudo /opt/versa/scripts/staging.py -w 2 -c 10.83.130.49 -s 172.16.6.102/30 -g 172.16.6.101 -l IPC00190-CPE26-SIN-DUAL-CPE-DUAL-INTERNET-IPC00190-P@colt.net -lk CPE26-SIN-DUAL-CPE-DUAL-INTERNET-IPC00190-P  -r NV-WC01-N1-HKG@colt.net -rk 1234

2020-05-27 12:12:03,078 - CPE26-SIN-DUAL-CPE-DUAL-INTERNET-IPC00190-P - DEBUG - {
  "versanms.sdwan-device-workflow": {
	"deviceName": "CPE26-SIN-DUAL-CPE-DUAL-INTERNET-IPC00190-P",
	"siteId": "4286",
	"orgName": "IPC00190",
	"serialNumber": "CPE26may22",
	"deviceGroup": "IPC00190-SIN-DUAL-DINTP-DG",
    "locationInfo": {
      "country": "singapore",
      "longitude": "103.819836",
      "latitude": "1.352083"
    },
    "postStagingTemplateInfo": {
      "templateName": "IPC00190-SIN-DUAL-DINTP",
      "templateData": {
        "device-template-variable": {
          "template": "IPC00190-SIN-DUAL-DINTP",
          "variable-binding": {
            "attrs": [
              {
                "name": "{$v_IPC00190_NV-WC01-N1-HKG_Local_auth_email_identifier__IKELIdentifier}",
                "value": "CPE26-SIN-DUAL-CPE-DUAL-INTERNET-IPC00190-P@colt.net",
                "isAutogeneratable": true
              },
              {
                "name": "{$v_IPC00190_NV-WC01-N1-HKG_Local_auth_email_key__IKELKey}",
                "value": "CPE26-SIN-DUAL-CPE-DUAL-INTERNET-IPC00190-P",
                "isAutogeneratable": true
              },
              {
                "name": "{$v_IPC00190-Control-VR_90_Router_ID__vrRouteId}",
                "value": "20.20.90.26",
                "isAutogeneratable": true,
                "isOverwritten": true
              },
              {
                "name": "{$v_Paired_Site__locationID}",
                "value": "4287",
                "isAutogeneratable": false
              },
              {
                "name": "{$v_IPC00190_NV-WC02-N1-HKG_Local_auth_email_key__IKELKey}",
                "value": "CPE26-SIN-DUAL-CPE-DUAL-INTERNET-IPC00190-P",
                "isAutogeneratable": true
              },
              {
				"name": "{$v_INT-WAN1_IPv4__staticaddress}",
				"value": "172.16.6.102/30",
				"isAutogeneratable": false
              },
              {
                "name": "{$v_IPC00190_Site_Name__sitesSiteName}",
                "value": "CPE26-SIN-DUAL-CPE-DUAL-INTERNET-IPC00190-P",
                "isAutogeneratable": true
              },
			  
			  
			  
			  
			  { "name": "{$v_LAN1_vrrp__vrrpVirtualAddress}", "value": "192.170.1.1", "isAutogeneratable": false},
			  { "name": "{$v_LAN1_IPv4__staticaddress}", "value": "192.170.1.2/24", "isAutogeneratable": false},
			  
              {
                "name": "{$v_tvi-0-181_-_Unit_0_Static_address__tunnelStaticAddress}",
                "value": "20.20.90.26/32",
                "isAutogeneratable": true,
                "isOverwritten": true
              },
              {
                "name": "{$v_latitude__IdLatitude}",
                "value": 1.352083,
                "isAutogeneratable": true
              },
              {
                "name": "{$v_INT-WAN1-Transport-VR_IPv4__vrHopAddress}",
                "value": "172.16.6.101",
                "isAutogeneratable": false
              },
              {
                "name": "{$v_identification__IdName}",
                "value": "CPE26-SIN-DUAL-CPE-DUAL-INTERNET-IPC00190-P",
                "isAutogeneratable": true
              },
              {
                "name": "{$v_tvi-0-180_-_Unit_0_Static_address__tunnelStaticAddress}",
                "value": "10.10.90.26/32",
                "isAutogeneratable": true,
                "isOverwritten": true
              },
              {
                "name": "{$v_IPC00190_NV-WC02-N1-HKG_Local_auth_email_identifier__IKELIdentifier}",
                "value": "CPE26-SIN-DUAL-CPE-DUAL-INTERNET-IPC00190-P@colt.net",
                "isAutogeneratable": true
              },
              {
                "name": "{$v_Chassis_Id__sitesChassisId}",
                "value": "4286",
                "isAutogeneratable": true
              },
              {
                "name": "{$v_longitude__Idlongitude}",
                "value": 103.819836,
                "isAutogeneratable": true
              },
              {
                "name": "{$v_IPC00190-Control-VR_90_Local_address__vrRouterAddress}",
                "value": "20.20.90.26",
                "isAutogeneratable": true,
                "isOverwritten": true
              },
              {
                "name": "{$v_location__IdLocation}",
                "value": "singapore",
                "isAutogeneratable": true
              },
			
				
				
				
			{ "name": "{$v_vni-0-4_LAN1_Unit-0__unit}", "value": "750", "isAutogeneratable": false},
			{ "name": "{$v_vni-0-4_LAN1_Unit-0__vlanId}", "value": "750", "isAutogeneratable": false },
			
              {
                "name": "{$v_Site_Id__siteSiteID}",
                "value": "4286",
                "isAutogeneratable": true
              }
            ]
          }
        },
        "variableMetadata": [
          {
            "variable": "{$v_IPC00190_NV-WC01-N1-HKG_Local_auth_email_identifier__IKELIdentifier}",
            "group": "IPSEC",
            "overlay": false
          },
          {
            "variable": "{$v_IPC00190_NV-WC01-N1-HKG_Local_auth_email_key__IKELKey}",
            "group": "IPSEC",
            "overlay": false
          },
          {
            "variable": "{$v_IPC00190-Control-VR_90_Router_ID__vrRouteId}",
            "group": "Virtual routers",
            "overlay": true,
            "type": "IPV4"
          },
          {
            "variable": "{$v_Paired_Site__locationID}",
            "group": "SDWAN",
            "overlay": false
          },
          {
            "variable": "{$v_IPC00190_NV-WC02-N1-HKG_Local_auth_email_key__IKELKey}",
            "group": "IPSEC",
            "overlay": false
          },
          {
            "variable": "{$v_INT-WAN1_IPv4__staticaddress}",
            "group": "Interfaces",
            "overlay": false,
            "type": "IPV4_MASK"
          },
          {
            "variable": "{$v_IPC00190_Site_Name__sitesSiteName}",
            "group": "SDWAN",
            "overlay": false
          },
		{ "variable": "{$v_LAN1_vrrp__vrrpVirtualAddress}", "group": "Others", "overlay": false, "type": "IPV4" },
		{ "variable": "{$v_LAN1_IPv4__staticaddress}", "group": "Interfaces", "overlay": false, "type": "IPV4_MASK" },
		
          {
            "variable": "{$v_tvi-0-181_-_Unit_0_Static_address__tunnelStaticAddress}",
            "group": "Interfaces",
            "overlay": true,
            "type": "IPV4_IPV6_MASK"
          },
          {
            "variable": "{$v_latitude__IdLatitude}",
            "group": "SDWAN",
            "overlay": false
          },
          {
            "variable": "{$v_INT-WAN1-Transport-VR_IPv4__vrHopAddress}",
            "group": "Virtual Routers",
            "overlay": false,
            "type": "IPV4"
          },
          {
            "variable": "{$v_identification__IdName}",
            "group": "SDWAN",
            "overlay": false
          },
          {
            "variable": "{$v_tvi-0-180_-_Unit_0_Static_address__tunnelStaticAddress}",
            "group": "Interfaces",
            "overlay": true,
            "type": "IPV4_IPV6_MASK"
          },
          {
            "variable": "{$v_IPC00190_NV-WC02-N1-HKG_Local_auth_email_identifier__IKELIdentifier}",
            "group": "IPSEC",
            "overlay": false
          },
          {
            "variable": "{$v_Chassis_Id__sitesChassisId}",
            "group": "SDWAN",
            "overlay": false
          },
          {
            "variable": "{$v_longitude__Idlongitude}",
            "group": "SDWAN",
            "overlay": false
          },
          {
            "variable": "{$v_IPC00190-Control-VR_90_Local_address__vrRouterAddress}",
            "group": "Virtual routers",
            "overlay": true,
            "type": "IPV4"
          },
          {
            "variable": "{$v_location__IdLocation}",
            "group": "SDWAN",
            "overlay": false
          },
		 
		 
		 
		 {"variable": "{$v_vni-0-4_LAN1_Unit-0__vlanId}", "group": "Vlan Info", "overlay": false, "type": "INTEGER"},
		 
          {
            "variable": "{$v_Site_Id__siteSiteID}",
            "group": "SDWAN",
            "overlay": false
          }
        ]
      }
    }
  }
}
2020-05-27 12:12:04,227 - CPE26-SIN-DUAL-CPE-DUAL-INTERNET-IPC00190-P - DEBUG - <Response [200]>
2020-05-27 12:12:04,229 - CPE26-SIN-DUAL-CPE-DUAL-INTERNET-IPC00190-P - DEBUG - 
PASS
2020-05-27 12:12:04,229 - CPE26-SIN-DUAL-CPE-DUAL-INTERNET-IPC00190-P - INFO - >>>>>>>>>> DEVICE TEMPLATE CREATION PASSED. <<<<<<<<<<<
2020-05-27 12:12:14,489 - CPE26-SIN-DUAL-CPE-DUAL-INTERNET-IPC00190-P - DEBUG - {"TaskResponse":{"task-id":25020,"link":{"@rel":"GET","@href":"vnms/tasks/task/25020"}}}
2020-05-27 12:12:19,493 - CPE26-SIN-DUAL-CPE-DUAL-INTERNET-IPC00190-P - DEBUG - 25020
2020-05-27 12:12:19,746 - CPE26-SIN-DUAL-CPE-DUAL-INTERNET-IPC00190-P - DEBUG - {u'versa-tasks.task': {u'versa-tasks.user': u'Automated', u'versa-tasks.percentage-completion': 100, u'versa-tasks.progressmessages': {u'versa-tasks.progressmessage': [{u'versa-tasks.time': u'2020-05-27 06:44:33.69', u'versa-tasks.message': u'Creating device in hardware inventory [CPE26-SIN-DUAL-CPE-DUAL-INTERNET-IPC00190-P]'}, {u'versa-tasks.time': u'2020-05-27 06:44:33.706', u'versa-tasks.message': u'Add device [CPE26-SIN-DUAL-CPE-DUAL-INTERNET-IPC00190-P] to device group [IPC00190-SIN-DUAL-DINTP-DG]'}, {u'versa-tasks.time': u'2020-05-27 06:44:33.71', u'versa-tasks.message': u'Adding device [CPE26-SIN-DUAL-CPE-DUAL-INTERNET-IPC00190-P] to template [ IPC00190-SIN-DUAL-DINTP ]'}, {u'versa-tasks.time': u'2020-05-27 06:44:33.729', u'versa-tasks.message': u'Binding device variables to template [ IPC00190-SIN-DUAL-DINTP ]'}, {u'versa-tasks.time': u'2020-05-27 06:44:33.881', u'versa-tasks.message': u'Adding post-staging configuration to controllers [NV-WC01-N1-HKG, NV-WC02-N1-HKG]'}, {u'versa-tasks.time': u'2020-05-27 06:44:34.431', u'versa-tasks.message': u'Successfully deployed device.'}]}, u'versa-tasks.object-name': u'Device Workflow', u'versa-tasks.task-status': u'COMPLETED', u'versa-tasks.task-description': u'Device workflow deployment: { CPE26-SIN-DUAL-CPE-DUAL-INTERNET-IPC00190-P }', u'versa-tasks.task-name': u'Deploy', u'versa-tasks.domain-name': u'PROVIDER', u'versa-tasks.id': 25020, u'versa-tasks.start-time': u'2020-05-27 06:44:32.863', u'versa-tasks.end-time': u'2020-05-27 06:44:34.431', u'versa-tasks.errormessages': u''}}
2020-05-27 12:12:19,747 - CPE26-SIN-DUAL-CPE-DUAL-INTERNET-IPC00190-P - DEBUG - 100
2020-05-27 12:12:19,747 - CPE26-SIN-DUAL-CPE-DUAL-INTERNET-IPC00190-P - INFO - Sleeping for 5 seconds
2020-05-27 12:12:25,012 - CPE26-SIN-DUAL-CPE-DUAL-INTERNET-IPC00190-P - DEBUG - {"versa-tasks.task":{"versa-tasks.id":25020,"versa-tasks.task-name":"Deploy","versa-tasks.object-name":"Device Workflow","versa-tasks.domain-name":"PROVIDER","versa-tasks.user":"Automated","versa-tasks.task-description":"Device workflow deployment: { CPE26-SIN-DUAL-CPE-DUAL-INTERNET-IPC00190-P }","versa-tasks.task-status":"COMPLETED","versa-tasks.percentage-completion":100,"versa-tasks.progressmessages":{"versa-tasks.progressmessage":[{"versa-tasks.message":"Creating device in hardware inventory [CPE26-SIN-DUAL-CPE-DUAL-INTERNET-IPC00190-P]","versa-tasks.time":"2020-05-27 06:44:33.69"},{"versa-tasks.message":"Add device [CPE26-SIN-DUAL-CPE-DUAL-INTERNET-IPC00190-P] to device group [IPC00190-SIN-DUAL-DINTP-DG]","versa-tasks.time":"2020-05-27 06:44:33.706"},{"versa-tasks.message":"Adding device [CPE26-SIN-DUAL-CPE-DUAL-INTERNET-IPC00190-P] to template [ IPC00190-SIN-DUAL-DINTP ]","versa-tasks.time":"2020-05-27 06:44:33.71"},{"versa-tasks.message":"Binding device variables to template [ IPC00190-SIN-DUAL-DINTP ]","versa-tasks.time":"2020-05-27 06:44:33.729"},{"versa-tasks.message":"Adding post-staging configuration to controllers [NV-WC01-N1-HKG, NV-WC02-N1-HKG]","versa-tasks.time":"2020-05-27 06:44:33.881"},{"versa-tasks.message":"Successfully deployed device.","versa-tasks.time":"2020-05-27 06:44:34.431"}]},"versa-tasks.errormessages":"","versa-tasks.start-time":"2020-05-27 06:44:32.863","versa-tasks.end-time":"2020-05-27 06:44:34.431"}}
2020-05-27 12:12:25,013 - CPE26-SIN-DUAL-CPE-DUAL-INTERNET-IPC00190-P - INFO - >>>>>>>>>> Device deployed  <<<<<<<<<<<
2020-05-27 12:12:26,069 - CPE26-SIN-DUAL-CPE-DUAL-INTERNET-IPC00190-P - DEBUG - {u'versanms.sdwan-device-workflow': {u'postStagingTemplateInfo': {u'templateData': {u'device-template-variable': {u'variable-binding': {u'attrs': [{u'isAutogeneratable': False, u'name': u'{$v_LAN1_vrrp__vrrpVirtualAddress}', u'value': u'192.170.1.1'}, {u'isAutogeneratable': True, u'isOverwritten': True, u'name': u'{$v_tvi-0-181_-_Unit_0_Static_address__tunnelStaticAddress}', u'value': u'20.20.90.26/32'}, {u'isAutogeneratable': False, u'name': u'{$v_vni-0-4_LAN1_Unit-0__vlanId}', u'value': 750}, {u'isAutogeneratable': False, u'name': u'{$v_Paired_Site__locationID}', u'value': 4287}, {u'isAutogeneratable': True, u'name': u'{$v_Chassis_Id__sitesChassisId}', u'value': u'CPE26may22'}, {u'isAutogeneratable': True, u'isOverwritten': True, u'name': u'{$v_IPC00190-Control-VR_90_Router_ID__vrRouteId}', u'value': u'20.20.90.26'}, {u'isAutogeneratable': True, u'name': u'{$v_IPC00190_NV-WC01-N1-HKG_Local_auth_email_key__IKELKey}', u'value': u'CPE26-SIN-DUAL-CPE-DUAL-INTERNET-IPC00190-P'}, {u'isAutogeneratable': True, u'name': u'{$v_longitude__Idlongitude}', u'value': 103.819836}, {u'isAutogeneratable': False, u'name': u'{$v_INT-WAN1-Transport-VR_IPv4__vrHopAddress}', u'value': u'172.16.6.101'}, {u'isAutogeneratable': True, u'name': u'{$v_IPC00190_NV-WC02-N1-HKG_Local_auth_email_identifier__IKELIdentifier}', u'value': u'CPE26-SIN-DUAL-CPE-DUAL-INTERNET-IPC00190-P@colt.net'}, {u'isAutogeneratable': False, u'name': u'{$v_INT-WAN1_IPv4__staticaddress}', u'value': u'172.16.6.102/30'}, {u'isAutogeneratable': True, u'name': u'{$v_location__IdLocation}', u'value': u'singapore'}, {u'isAutogeneratable': True, u'isOverwritten': True, u'name': u'{$v_IPC00190-Control-VR_90_Local_address__vrRouterAddress}', u'value': u'20.20.90.26'}, {u'isAutogeneratable': True, u'isOverwritten': True, u'name': u'{$v_tvi-0-180_-_Unit_0_Static_address__tunnelStaticAddress}', u'value': u'10.10.90.26/32'}, {u'isAutogeneratable': False, u'name': u'{$v_vni-0-4_LAN1_Unit-0__unit}', u'value': 750}, {u'isAutogeneratable': True, u'name': u'{$v_Site_Id__siteSiteID}', u'value': 4286}, {u'isAutogeneratable': True, u'name': u'{$v_IPC00190_NV-WC01-N1-HKG_Local_auth_email_identifier__IKELIdentifier}', u'value': u'CPE26-SIN-DUAL-CPE-DUAL-INTERNET-IPC00190-P@colt.net'}, {u'isAutogeneratable': True, u'name': u'{$v_IPC00190_Site_Name__sitesSiteName}', u'value': u'CPE26-SIN-DUAL-CPE-DUAL-INTERNET-IPC00190-P'}, {u'isAutogeneratable': False, u'name': u'{$v_LAN1_IPv4__staticaddress}', u'value': u'192.170.1.2/24'}, {u'isAutogeneratable': True, u'name': u'{$v_latitude__IdLatitude}', u'value': 1.352083}, {u'isAutogeneratable': True, u'name': u'{$v_IPC00190_NV-WC02-N1-HKG_Local_auth_email_key__IKELKey}', u'value': u'CPE26-SIN-DUAL-CPE-DUAL-INTERNET-IPC00190-P'}, {u'isAutogeneratable': True, u'name': u'{$v_identification__IdName}', u'value': u'CPE26-SIN-DUAL-CPE-DUAL-INTERNET-IPC00190-P'}]}, u'template': u'IPC00190-SIN-DUAL-DINTP'}, u'variableMetadata': [{u'variable': u'{$v_LAN1_vrrp__vrrpVirtualAddress}', u'type': u'IPV4', u'group': u'Others', u'overlay': False}, {u'variable': u'{$v_tvi-0-181_-_Unit_0_Static_address__tunnelStaticAddress}', u'type': u'IPV4_IPV6_MASK', u'group': u'Interfaces', u'overlay': True}, {u'variable': u'{$v_vni-0-4_LAN1_Unit-0__vlanId}', u'type': u'INTEGER', u'group': u'Vlan Info', u'overlay': False}, {u'variable': u'{$v_Paired_Site__locationID}', u'group': u'SDWAN', u'overlay': False}, {u'variable': u'{$v_Chassis_Id__sitesChassisId}', u'group': u'SDWAN', u'overlay': False}, {u'variable': u'{$v_IPC00190-Control-VR_90_Router_ID__vrRouteId}', u'type': u'IPV4', u'group': u'Virtual routers', u'overlay': True}, {u'variable': u'{$v_IPC00190_NV-WC01-N1-HKG_Local_auth_email_key__IKELKey}', u'group': u'IPSEC', u'overlay': False}, {u'variable': u'{$v_longitude__Idlongitude}', u'group': u'SDWAN', u'overlay': False}, {u'variable': u'{$v_INT-WAN1-Transport-VR_IPv4__vrHopAddress}', u'type': u'IPV4', u'group': u'Virtual routers', u'overlay': False}, {u'variable': u'{$v_IPC00190_NV-WC02-N1-HKG_Local_auth_email_identifier__IKELIdentifier}', u'group': u'IPSEC', u'overlay': False}, {u'variable': u'{$v_INT-WAN1_IPv4__staticaddress}', u'type': u'IPV4_MASK', u'group': u'Interfaces', u'overlay': False}, {u'variable': u'{$v_location__IdLocation}', u'group': u'SDWAN', u'overlay': False}, {u'variable': u'{$v_IPC00190-Control-VR_90_Local_address__vrRouterAddress}', u'type': u'IPV4', u'group': u'Virtual routers', u'overlay': True}, {u'variable': u'{$v_tvi-0-180_-_Unit_0_Static_address__tunnelStaticAddress}', u'type': u'IPV4_IPV6_MASK', u'group': u'Interfaces', u'overlay': True}, {u'variable': u'{$v_vni-0-4_LAN1_Unit-0__unit}', u'type': u'INTEGER', u'group': u'Vlan Info', u'overlay': False}, {u'variable': u'{$v_Site_Id__siteSiteID}', u'group': u'SDWAN', u'overlay': False}, {u'variable': u'{$v_IPC00190_NV-WC01-N1-HKG_Local_auth_email_identifier__IKELIdentifier}', u'group': u'IPSEC', u'overlay': False}, {u'variable': u'{$v_IPC00190_Site_Name__sitesSiteName}', u'group': u'SDWAN', u'overlay': False}, {u'variable': u'{$v_LAN1_IPv4__staticaddress}', u'type': u'IPV4_MASK', u'group': u'Interfaces', u'overlay': False}, {u'variable': u'{$v_latitude__IdLatitude}', u'group': u'SDWAN', u'overlay': False}, {u'variable': u'{$v_IPC00190_NV-WC02-N1-HKG_Local_auth_email_key__IKELKey}', u'group': u'IPSEC', u'overlay': False}, {u'variable': u'{$v_identification__IdName}', u'group': u'SDWAN', u'overlay': False}]}, u'templateName': u'IPC00190-SIN-DUAL-DINTP'}, u'deviceName': u'CPE26-SIN-DUAL-CPE-DUAL-INTERNET-IPC00190-P', u'workflowStatus': u'Deployed', u'deviceGroup': u'IPC00190-SIN-DUAL-DINTP-DG', u'orgName': u'IPC00190', u'serialNumber': u'CPE26may22', u'locationInfo': {u'latitude': 1.352083, u'country': u'singapore', u'longitude': 103.819836}, u'bandwidth': 0, u'lastUpdatedBy': u'Automated', u'siteId': 4286, u'instanceInfo': u'', u'stagingTemplateInfo': u'', u'lastModifiedTime': u'2020-05-27T06:44:34.318000+00:00', u'urlztpBasedInfo': {u'authType': u'psk', u'enableIpv4Dhcp': False, u'branchKey': u'XKDMAqvwnTbcIZis', u'branchId': u'CPE26-SIN-DUAL-CPE-DUAL-INTERNET-IPC00190-P@IPC00190.com', u'enableIpv6': False, u'enableIpv4': False, u'enableIpv6Dhcp': False}}}
2020-05-27 12:12:36,163 - CPE26-SIN-DUAL-CPE-DUAL-INTERNET-IPC00190-P - DEBUG - <netmiko.versa.versa_ssh.VersaSSH object at 0x000000000D4E2AC8>
2020-05-27 12:12:41,368 - CPE26-SIN-DUAL-CPE-DUAL-INTERNET-IPC00190-P - DEBUG - versa: Automated@VDir-BLR-NEW-01>
2020-05-27 12:12:41,588 - CPE26-SIN-DUAL-CPE-DUAL-INTERNET-IPC00190-P - DEBUG - configure private
Entering configuration mode private
[ok][2020-05-27 06:44:59]

[edit]
Automated@VDir-BLR-NEW-01% 
2020-05-27 12:12:41,714 - CPE26-SIN-DUAL-CPE-DUAL-INTERNET-IPC00190-P - DEBUG - True
2020-05-27 12:12:42,526 - CPE26-SIN-DUAL-CPE-DUAL-INTERNET-IPC00190-P - DEBUG - set devices device NV-WC01-N1-HKG config orgs org-services Colt ipsec vpn-profile INT-WAN-NV-WC01-N1-HKG-StagingIpsec psk-auth-clients remote-client IPC00190-CPE26-SIN-DUAL-CPE-DUAL-INTERNET-IPC00190-P@colt.net id-type email
[ok][2020-05-27 06:45:00]

[edit]
Automated@VDir-BLR-NEW-01% 
2020-05-27 12:12:43,338 - CPE26-SIN-DUAL-CPE-DUAL-INTERNET-IPC00190-P - DEBUG - set devices device NV-WC01-N1-HKG config orgs org-services Colt ipsec vpn-profile INT-WAN-NV-WC01-N1-HKG-StagingIpsec psk-auth-clients remote-client IPC00190-CPE26-SIN-DUAL-CPE-DUAL-INTERNET-IPC00190-P@colt.net key CPE26-SIN-DUAL-CPE-DUAL-INTERNET-IPC00190-P
[ok][2020-05-27 06:45:01]

[edit]
Automated@VDir-BLR-NEW-01% 
2020-05-27 12:12:44,145 - CPE26-SIN-DUAL-CPE-DUAL-INTERNET-IPC00190-P - DEBUG - commit and-quit
Commit complete.
[ok][2020-05-27 06:45:02]
Automated@VDir-BLR-NEW-01> 
2020-05-27 12:12:44,147 - CPE26-SIN-DUAL-CPE-DUAL-INTERNET-IPC00190-P - INFO - >>>>>>>>>> Staging profile config done  <<<<<<<<<<<
2020-05-27 12:12:44,226 - CPE26-SIN-DUAL-CPE-DUAL-INTERNET-IPC00190-P - DEBUG - <netmiko.versa.versa_ssh.VersaSSH object at 0x000000000D4E2AC8> connection closed
2020-05-27 12:12:44,226 - CPE26-SIN-DUAL-CPE-DUAL-INTERNET-IPC00190-P - INFO - 
STEP :ONBOARD CALL
2020-05-27 12:12:44,239 - CPE26-SIN-DUAL-CPE-DUAL-INTERNET-IPC00190-P - DEBUG - 
sudo /opt/versa/scripts/staging.py -w 2 -c 10.83.130.49 -s 172.16.6.102/30 -g 172.16.6.101 -l IPC00190-CPE26-SIN-DUAL-CPE-DUAL-INTERNET-IPC00190-P@colt.net -lk CPE26-SIN-DUAL-CPE-DUAL-INTERNET-IPC00190-P  -r NV-WC01-N1-HKG@colt.net -rk 1234

2020-05-27 12:12:48,556 - CPE26-SIN-DUAL-CPE-DUAL-INTERNET-IPC00190-P - DEBUG - <netmiko.linux.linux_ssh.LinuxSSH object at 0x000000000D5121D0>
2020-05-27 12:12:48,961 - CPE26-SIN-DUAL-CPE-DUAL-INTERNET-IPC00190-P - DEBUG - [sudo] password for admin: 
2020-05-27 12:12:49,367 - CPE26-SIN-DUAL-CPE-DUAL-INTERNET-IPC00190-P - DEBUG - E26-SIN-DUAL-CPE-DUAL-MPLS-IPC00190-P: ~] $ 
2020-05-27 12:12:49,770 - CPE26-SIN-DUAL-CPE-DUAL-INTERNET-IPC00190-P - DEBUG - exit
2020-05-27 12:12:49,974 - CPE26-SIN-DUAL-CPE-DUAL-INTERNET-IPC00190-P - DEBUG - linux: [admin@CPE26-SIN-DUAL-CPE-DUAL-MPLS-IPC00190-P: ~] $
2020-05-27 12:12:50,381 - CPE26-SIN-DUAL-CPE-DUAL-INTERNET-IPC00190-P - DEBUG - vsh allow-cli
Enter password: 
2020-05-27 12:12:50,786 - CPE26-SIN-DUAL-CPE-DUAL-INTERNET-IPC00190-P - DEBUG - 

CLI now allowed
[admin@CPE26-SIN-DUAL-CPE-DUAL-MPLS-IPC00190-P: ~] $ 
2020-05-27 12:12:51,190 - CPE26-SIN-DUAL-CPE-DUAL-INTERNET-IPC00190-P - DEBUG - cli


             .---.,
            (      ``.
       _     \        )    __      ________ _____   _____
      (  `.   \      /     \ \    / /  ____|  __ \ / ____|  /\
       \    `. )    /       \ \  / /| |__  | |__) | (___   /  \
        \     |    /         \ \/ / |  __| |  _  / \___ \ / /\ \
         \    |   /           \  /  | |____| | \ \ ____) / ____ \
          \   |  /             \/   |______|_|  \_\_____/_/    \_\
           \  | /
            \_|/                   _  _ ___ _______      _____  ___ _  _____
                                  | \| | __|_   _\ \    / / _ \| _ \ |/ / __|
                                  | .` | _|  | |  \ \/\/ / (_) |   / ' <\__ \
                                  |_|\_|___| |_|   \_/\_/ \___/|_|_\_|\_\___/



admin connected from 10.91.194.20 using ssh on CPE26-SIN-DUAL-CPE-DUAL-MPLS-IPC00190-P
[?7hadmin@CPE26-SIN-DUAL-CPE-DUAL-MPLS-IPC00190-P-cli> 
2020-05-27 12:12:51,598 - CPE26-SIN-DUAL-CPE-DUAL-INTERNET-IPC00190-P - DEBUG - request erase running-config
Will delete the running config and restart Versa
Services. Are you sure? [no,yes] 
2020-05-27 12:13:01,088 - CPE26-SIN-DUAL-CPE-DUAL-INTERNET-IPC00190-P - DEBUG - yes
status  Erasing config and restarting services 
[ok][2020-05-27 06:45:03]
admin@CPE26-SIN-DUAL-CPE-DUAL-MPLS-IPC00190-P-cli> 
System message at 2020-05-27 06:45:06...
    Subsystem stopped: eventd
admin@CPE26-SIN-DUAL-CPE-DUAL-MPLS-IPC00190-P-cli> 
System message at 2020-05-27 06:45:06...
    Subsystem stopped: router-dcl
admin@CPE26-SIN-DUAL-CPE-DUAL-MPLS-IPC00190-P-cli> 
System message at 2020-05-27 06:45:06...
    Subsystem stopped: rtd-mgmt-thread
admin@CPE26-SIN-DUAL-CPE-DUAL-MPLS-IPC00190-P-cli> 
System message at 2020-05-27 06:45:06...
    Subsystem stopped: acctmgrd

System message at 2020-05-27 06:45:06...
    Subsystem stopped: infmgr
admin@CPE26-SIN-DUAL-CPE-DUAL-MPLS-IPC00190-P-cli> admin@CPE26-SIN-DUAL-CPE-DUAL-MPLS-IPC00190-P-cli> 
System message at 2020-05-27 06:45:06...
    Subsystem stopped: snmp-config-hook
admin@CPE26-SIN-DUAL-CPE-DUAL-MPLS-IPC00190-P-cli> 
System message at 2020-05-27 06:45:06...
    Subsystem stopped: snmp-config-transform
admin@CPE26-SIN-DUAL-CPE-DUAL-MPLS-IPC00190-P-cli> 
System message at 2020-05-27 06:45:06...
    Subsystem stopped: versa-vmod
admin@CPE26-SIN-DUAL-CPE-DUAL-MPLS-IPC00190-P-cli> [admin@CPE26-SIN-DUAL-CPE-DUAL-MPLS-IPC00190-P: ~] $ 
2020-05-27 12:13:01,700 - CPE26-SIN-DUAL-CPE-DUAL-INTERNET-IPC00190-P - DEBUG - process not up. Please wait for it to come up
2020-05-27 12:13:02,305 - CPE26-SIN-DUAL-CPE-DUAL-INTERNET-IPC00190-P - DEBUG - vsh status
versa-service          is Stopped           
versa-infmgr           is Stopped           
versa-rfd              is Stopped           
versa-vmod             is Stopped           
versa-ip2user          is Stopped           
versa-imgr             is Stopped           
versa-acctmgrd         is Stopped           
versa-fltrmgr          is Stopped           
versa-vstated          is Stopped           
versa-spack            is Stopped           
versa-addrmgrd         is Stopped           
versa-rt-cli-xfm       is Stopped           
versa-rtd              is Stopped           
versa-dhcpd            is Stopped           
versa-eventd           is Stopped           
versa-vrrpd            is Stopped           
versa-dnsd             is Stopped           
versa-ppmd             is Stopped           
versa-snmp-xform       is Stopped           
versa-certd            is Stopped           
versa-ntpd             is Stopped           
versa-dhclient6        is Stopped           
versa-redis            is Stopped           
versa-av-redis         is Stopped           
versa-spackmgr         is Stopped           
versa-devmgr           is Stopped           
versa-monit            is Stopped           
versa-confd            is Running,          [-] process 18680
versa-fail2ban         is Stopped           
versa-auditd           is Stopped           
versa-nodejs           is Stopped           
[admin@CPE26-SIN-DUAL-CPE-DUAL-MPLS-IPC00190-P: ~] $ 
2020-05-27 12:13:12,305 - CPE26-SIN-DUAL-CPE-DUAL-INTERNET-IPC00190-P - DEBUG - process not up. Please wait for it to come up
2020-05-27 12:13:12,911 - CPE26-SIN-DUAL-CPE-DUAL-INTERNET-IPC00190-P - DEBUG - vsh status
versa-service          is Stopped           
versa-infmgr           is Stopped           
versa-rfd              is Stopped           
versa-vmod             is Stopped           
versa-ip2user          is Stopped           
versa-imgr             is Stopped           
versa-acctmgrd         is Stopped           
versa-fltrmgr          is Stopped           
versa-vstated          is Stopped           
versa-spack            is Stopped           
versa-addrmgrd         is Stopped           
versa-rt-cli-xfm       is Stopped           
versa-rtd              is Stopped           
versa-dhcpd            is Stopped           
versa-eventd           is Stopped           
versa-vrrpd            is Stopped           
versa-dnsd             is Stopped           
versa-ppmd             is Stopped           
versa-snmp-xform       is Stopped           
versa-certd            is Stopped           
versa-ntpd             is Stopped           
versa-dhclient6        is Stopped           
versa-redis            is Stopped           
versa-av-redis         is Stopped           
versa-spackmgr         is Stopped           
versa-devmgr           is Stopped           
versa-monit            is Stopped           
versa-confd            is Stopped           
versa-fail2ban         is Stopped           
versa-auditd           is Stopped           
versa-nodejs           is Stopped           
[admin@CPE26-SIN-DUAL-CPE-DUAL-MPLS-IPC00190-P: ~] $ 
2020-05-27 12:13:22,914 - CPE26-SIN-DUAL-CPE-DUAL-INTERNET-IPC00190-P - DEBUG - process not up. Please wait for it to come up
2020-05-27 12:13:23,726 - CPE26-SIN-DUAL-CPE-DUAL-INTERNET-IPC00190-P - DEBUG - vsh status

~~~~~~~~~~~~~~~~~~~~~~~~~~~~~~~~~~~~~~~~~~~~~~~~~~~~~~~~~~~~~~~~~

Netconf traffic yet to be allowed 

~~~~~~~~~~~~~~~~~~~~~~~~~~~~~~~~~~~~~~~~~~~~~~~~~~~~~~~~~~~~~~~~~

versa-service          is Running,          [*] process 24763
versa-infmgr           is Running,          [-] process 24613
versa-rfd              is Stopped           
versa-vmod             is Stopped           
versa-ip2user          is Stopped           
versa-imgr             is Stopped           
versa-acctmgrd         is Stopped           
versa-fltrmgr          is Running,          [-] process 24622
versa-vstated          is Running,          [-] process 24612
versa-spack            is Stopped           
versa-addrmgrd         is Stopped           
versa-rt-cli-xfm       is Stopped           
versa-rtd              is Stopped           
versa-dhcpd            is Running,          [-] process 24614
versa-eventd           is Stopped           
versa-vrrpd            is Running,          [-] process 24617
versa-dnsd             is Running,          [-] process 24618
versa-ppmd             is Stopped           
versa-snmp-xform       is Stopped           
versa-certd            is Stopped           
versa-ntpd             is Running,          [*] process 24598
versa-dhclient6        is Stopped           
versa-redis            is Running,          [-] process 24373
versa-av-redis         is Running,          [-] process 24374
versa-spackmgr         is Stopped           
versa-devmgr           is Stopped           
versa-monit            is Stopped           
versa-confd            is Running,          [*] process 24336
versa-fail2ban         is Stopped           
versa-auditd           is Stopped           
versa-nodejs           is Stopped           
[admin@CPE26-SIN-DUAL-CPE-DUAL-MPLS-IPC00190-P: ~] $ 
2020-05-27 12:13:33,726 - CPE26-SIN-DUAL-CPE-DUAL-INTERNET-IPC00190-P - DEBUG - process not up. Please wait for it to come up
2020-05-27 12:13:34,934 - CPE26-SIN-DUAL-CPE-DUAL-INTERNET-IPC00190-P - DEBUG - vsh status

~~~~~~~~~~~~~~~~~~~~~~~~~~~~~~~~~~~~~~~~~~~~~~~~~~~~~~~~~~~~~~~~~

Netconf traffic yet to be allowed 

~~~~~~~~~~~~~~~~~~~~~~~~~~~~~~~~~~~~~~~~~~~~~~~~~~~~~~~~~~~~~~~~~

versa-service          is Running,          [*] process 24763
versa-infmgr           is Running,          [-] process 24613
versa-rfd              is Running,          [-] process 25123
versa-vmod             is Running,          [-] process 25141
versa-ip2user          is Running,          [-] process 25136
versa-imgr             is Running,          [-] process 25138
versa-acctmgrd         is Running,          [-] process 25116
versa-fltrmgr          is Running,          [-] process 24622
versa-vstated          is Running,          [-] process 24612
versa-spack            is Running,          [-] process 25361
versa-addrmgrd         is Running,          [-] process 25128
versa-rt-cli-xfm       is Running,          [-] process 25085
versa-rtd              is Running,          [-] process 25108
versa-dhcpd            is Running,          [-] process 24614
versa-eventd           is Running,          [-] process 25117
versa-vrrpd            is Running,          [-] process 24617
versa-dnsd             is Running,          [-] process 24618
versa-ppmd             is Running,          [-] process 25074
versa-snmp-xform       is Running,          [-] process 25091
versa-certd            is Running,          [-] process 25137
versa-ntpd             is Running,          [*] process 24598
versa-dhclient6        is Running,          [-] process 25093
versa-redis            is Running,          [-] process 24373
versa-av-redis         is Running,          [-] process 24374
versa-spackmgr         is Running,          [-] process 25111
versa-devmgr           is Running,          [-] process 25257
versa-monit            is Running,          [*] process 25276
versa-confd            is Running,          [*] process 24336
versa-fail2ban         is Running,          [*] process 25308
versa-auditd           is Running,          [*] process 25325
versa-nodejs           is Running,          [-] process 25049
[admin@CPE26-SIN-DUAL-CPE-DUAL-MPLS-IPC00190-P: ~] $ 
2020-05-27 12:13:44,936 - CPE26-SIN-DUAL-CPE-DUAL-INTERNET-IPC00190-P - DEBUG - process not up. Please wait for it to come up
2020-05-27 12:13:46,349 - CPE26-SIN-DUAL-CPE-DUAL-INTERNET-IPC00190-P - DEBUG - vsh status
versa-service          is Running,          [*] process 24763
versa-infmgr           is Running,          [-] process 24613
versa-rfd              is Running,          [-] process 25123
versa-vmod             is Running,          [-] process 25141
versa-ip2user          is Running,          [-] process 25136
versa-imgr             is Running,          [-] process 25138
versa-acctmgrd         is Running,          [-] process 25116
versa-fltrmgr          is Running,          [-] process 24622
versa-vstated          is Running,          [-] process 24612
versa-spack            is Running,          [-] process 25361
versa-addrmgrd         is Running,          [-] process 25128
versa-rt-cli-xfm       is Running,          [-] process 25085
versa-rtd              is Running,          [-] process 25108
versa-dhcpd            is Running,          [-] process 24614
versa-eventd           is Running,          [-] process 25117
versa-vrrpd            is Running,          [-] process 24617
versa-dnsd             is Running,          [-] process 24618
versa-ppmd             is Running,          [-] process 25074
versa-snmp-xform       is Running,          [-] process 25091
versa-certd            is Running,          [-] process 25137
versa-ntpd             is Running,          [*] process 24598
versa-dhclient6        is Running,          [-] process 25093
versa-redis            is Running,          [-] process 26154
versa-av-redis         is Running,          [-] process 24374
versa-spackmgr         is Running,          [-] process 25111
versa-devmgr           is Running,          [-] process 25257
versa-monit            is Running,          [*] process 25276
versa-confd            is Running,          [*] process 24336
versa-fail2ban         is Running,          [*] process 25308
versa-auditd           is Running,          [*] process 25325
versa-nodejs           is Running,          [-] process 25049
[admin@CPE26-SIN-DUAL-CPE-DUAL-MPLS-IPC00190-P: ~] $ 
2020-05-27 12:13:56,352 - CPE26-SIN-DUAL-CPE-DUAL-INTERNET-IPC00190-P - DEBUG - After breaking while
2020-05-27 12:13:57,569 - CPE26-SIN-DUAL-CPE-DUAL-INTERNET-IPC00190-P - DEBUG - versa-service          is Running,          [*] process 24763
versa-infmgr           is Running,          [-] process 24613
versa-rfd              is Running,          [-] process 25123
versa-vmod             is Running,          [-] process 25141
versa-ip2user          is Running,          [-] process 25136
versa-imgr             is Running,          [-] process 25138
versa-acctmgrd         is Running,          [-] process 25116
versa-fltrmgr          is Running,          [-] process 24622
versa-vstated          is Running,          [-] process 24612
versa-spack            is Running,          [-] process 25361
versa-addrmgrd         is Running,          [-] process 25128
versa-rt-cli-xfm       is Running,          [-] process 25085
versa-rtd              is Running,          [-] process 25108
versa-dhcpd            is Running,          [-] process 24614
versa-eventd           is Running,          [-] process 25117
versa-vrrpd            is Running,          [-] process 24617
versa-dnsd             is Running,          [-] process 24618
versa-ppmd             is Running,          [-] process 25074
versa-snmp-xform       is Running,          [-] process 25091
versa-certd            is Running,          [-] process 25137
versa-ntpd             is Running,          [*] process 24598
versa-dhclient6        is Running,          [-] process 25093
versa-redis            is Running,          [-] process 26154
versa-av-redis         is Running,          [-] process 24374
versa-spackmgr         is Running,          [-] process 25111
versa-devmgr           is Running,          [-] process 25257
versa-monit            is Running,          [*] process 25276
versa-confd            is Running,          [*] process 24336
versa-fail2ban         is Running,          [*] process 25308
versa-auditd           is Running,          [*] process 25325
versa-nodejs           is Running,          [-] process 25049
2020-05-27 12:13:57,973 - CPE26-SIN-DUAL-CPE-DUAL-INTERNET-IPC00190-P - DEBUG - CPE26may22
2020-05-27 12:13:58,381 - CPE26-SIN-DUAL-CPE-DUAL-INTERNET-IPC00190-P - DEBUG - 2
CPE26may22
2020-05-27 12:13:58,786 - CPE26-SIN-DUAL-CPE-DUAL-INTERNET-IPC00190-P - DEBUG - CPE26may22
2020-05-27 12:13:59,194 - CPE26-SIN-DUAL-CPE-DUAL-INTERNET-IPC00190-P - DEBUG - INT 
ERNET-IPC00190-P  -r NV-WC01-N1-HKG@colt.net -rk 1234

2020-05-27 12:14:20,411 - CPE26-SIN-DUAL-CPE-DUAL-INTERNET-IPC00190-P - INFO - checking device info in VD.
2020-05-27 12:14:20,411 - CPE26-SIN-DUAL-CPE-DUAL-INTERNET-IPC00190-P - INFO - sleeping 60 secs
2020-05-27 12:15:22,799 - CPE26-SIN-DUAL-CPE-DUAL-INTERNET-IPC00190-P - INFO - checking device info in VD.
2020-05-27 12:15:22,799 - CPE26-SIN-DUAL-CPE-DUAL-INTERNET-IPC00190-P - INFO - sleeping 60 secs
2020-05-27 12:16:24,464 - CPE26-SIN-DUAL-CPE-DUAL-INTERNET-IPC00190-P - INFO - checking device info in VD.
2020-05-27 12:16:24,464 - CPE26-SIN-DUAL-CPE-DUAL-INTERNET-IPC00190-P - INFO - sleeping 60 secs
2020-05-27 12:17:25,803 - CPE26-SIN-DUAL-CPE-DUAL-INTERNET-IPC00190-P - INFO - checking device info in VD.
2020-05-27 12:17:25,805 - CPE26-SIN-DUAL-CPE-DUAL-INTERNET-IPC00190-P - INFO - sleeping 60 secs
2020-05-27 12:18:27,046 - CPE26-SIN-DUAL-CPE-DUAL-INTERNET-IPC00190-P - INFO - checking device info in VD.
2020-05-27 12:18:27,046 - CPE26-SIN-DUAL-CPE-DUAL-INTERNET-IPC00190-P - INFO - sleeping 60 secs
2020-05-27 12:19:28,194 - CPE26-SIN-DUAL-CPE-DUAL-INTERNET-IPC00190-P - INFO - checking device info in VD.
2020-05-27 12:19:28,194 - CPE26-SIN-DUAL-CPE-DUAL-INTERNET-IPC00190-P - INFO - sleeping 60 secs
2020-05-27 12:20:29,417 - CPE26-SIN-DUAL-CPE-DUAL-INTERNET-IPC00190-P - INFO - checking device info in VD.
2020-05-27 12:20:29,417 - CPE26-SIN-DUAL-CPE-DUAL-INTERNET-IPC00190-P - INFO - sleeping 60 secs
2020-05-27 12:21:30,786 - CPE26-SIN-DUAL-CPE-DUAL-INTERNET-IPC00190-P - INFO - checking device info in VD.
2020-05-27 12:21:30,786 - CPE26-SIN-DUAL-CPE-DUAL-INTERNET-IPC00190-P - INFO - sleeping 60 secs
2020-05-27 12:22:31,938 - CPE26-SIN-DUAL-CPE-DUAL-INTERNET-IPC00190-P - INFO - checking device info in VD.
2020-05-27 12:22:31,938 - CPE26-SIN-DUAL-CPE-DUAL-INTERNET-IPC00190-P - INFO - sleeping 60 secs
2020-05-27 12:23:33,272 - CPE26-SIN-DUAL-CPE-DUAL-INTERNET-IPC00190-P - INFO - checking device info in VD.
2020-05-27 12:23:33,272 - CPE26-SIN-DUAL-CPE-DUAL-INTERNET-IPC00190-P - INFO - sleeping 60 secs
2020-05-27 12:24:34,503 - CPE26-SIN-DUAL-CPE-DUAL-INTERNET-IPC00190-P - INFO - checking device info in VD.
2020-05-27 12:24:34,503 - CPE26-SIN-DUAL-CPE-DUAL-INTERNET-IPC00190-P - INFO - sleeping 60 secs
2020-05-27 12:25:35,707 - CPE26-SIN-DUAL-CPE-DUAL-INTERNET-IPC00190-P - INFO - 
 	 >>>>>>>>>>>> CPE ONBOARDING PASSED <<<<<<<<<<<<
 	 >>>>>>>>>>>>    CPE DETAILS        <<<<<<<<<<<<
2020-05-27 12:25:36,984 - CPE26-SIN-DUAL-CPE-DUAL-INTERNET-IPC00190-P - INFO - None
2020-05-27 12:25:36,984 - CPE26-SIN-DUAL-CPE-DUAL-INTERNET-IPC00190-P - INFO - 

STEP :CONFIG VRRP TRACK ROUTE & QOS RULE MATCH WAN in Secondary CPE

2020-05-27 12:25:37,039 - CPE26-SIN-DUAL-CPE-DUAL-INTERNET-IPC00190-P - INFO - 

set devices device CPE26-SIN-DUAL-CPE-DUAL-INTERNET-IPC00190-P config orgs org-services IPC00190 class-of-service qos-policies Default-Policy rules WAN_IN set action allow
set devices device CPE26-SIN-DUAL-CPE-DUAL-INTERNET-IPC00190-P config orgs org-services IPC00190 class-of-service qos-policies Default-Policy rules WAN_IN match source zone zone-list [ Intf-INT-WAN1-Zone Intf-INT-WAN1-Failover-Zone Intf-INT-WAN2-Zone ]
set devices device CPE26-SIN-DUAL-CPE-DUAL-INTERNET-IPC00190-P config orgs org-services IPC00190 class-of-service qos-policies Default-Policy rules WAN_OUT set action allow
set devices device CPE26-SIN-DUAL-CPE-DUAL-INTERNET-IPC00190-P config orgs org-services IPC00190 class-of-service qos-policies Default-Policy rules WAN_OUT match destination zone zone-list [ Intf-INT-WAN1-Zone Intf-INT-WAN1-Failover-Zone Intf-INT-WAN2-Zone ]
#Repeat following lines of config for all LAN-VRFs provisioned






set devices device CPE26-SIN-DUAL-CPE-DUAL-INTERNET-IPC00190-P config interfaces vni-0/4 unit 750 family inet address 192.170.1.2/24 vrrp-group 1 track route 0.0.0.0/0 priority-cost 10
set devices device CPE26-SIN-DUAL-CPE-DUAL-INTERNET-IPC00190-P config interfaces vni-0/4 unit 750 family inet address 192.170.1.2/24 vrrp-group 1 track route 0.0.0.0/0 routing-instance LAN1-VRF


2020-05-27 12:25:42,049 - CPE26-SIN-DUAL-CPE-DUAL-INTERNET-IPC00190-P - DEBUG - <netmiko.versa.versa_ssh.VersaSSH object at 0x000000000D4FC5C0>
2020-05-27 12:25:47,253 - CPE26-SIN-DUAL-CPE-DUAL-INTERNET-IPC00190-P - DEBUG - versa: Automated@VDir-BLR-NEW-01>
2020-05-27 12:25:47,461 - CPE26-SIN-DUAL-CPE-DUAL-INTERNET-IPC00190-P - DEBUG - configure private
Entering configuration mode private
[ok][2020-05-27 06:58:05]

[edit]
Automated@VDir-BLR-NEW-01% 
2020-05-27 12:25:47,497 - CPE26-SIN-DUAL-CPE-DUAL-INTERNET-IPC00190-P - DEBUG - True
2020-05-27 12:25:47,900 - CPE26-SIN-DUAL-CPE-DUAL-INTERNET-IPC00190-P - DEBUG - 

[edit]
Automated@VDir-BLR-NEW-01% 
2020-05-27 12:25:48,301 - CPE26-SIN-DUAL-CPE-DUAL-INTERNET-IPC00190-P - DEBUG - 

[edit]
Automated@VDir-BLR-NEW-01% 
2020-05-27 12:25:49,105 - CPE26-SIN-DUAL-CPE-DUAL-INTERNET-IPC00190-P - DEBUG - set devices device CPE26-SIN-DUAL-CPE-DUAL-INTERNET-IPC00190-P config orgs org-services IPC00190 class-of-service qos-policies Default-Policy rules WAN_IN set action allow
[ok][2020-05-27 06:58:07]

[edit]
Automated@VDir-BLR-NEW-01% 
2020-05-27 12:25:50,311 - CPE26-SIN-DUAL-CPE-DUAL-INTERNET-IPC00190-P - DEBUG - set devices device CPE26-SIN-DUAL-CPE-DUAL-INTERNET-IPC00190-P config orgs org-services IPC00190 class-of-service qos-policies Default-Policy rules WAN_IN match source zone zone-list [ Intf-INT-WAN1-Zone Intf-INT-WAN1-Failover-Zone Intf-INT-WAN2-Zone ]
[ok][2020-05-27 06:58:08]

[edit]
Automated@VDir-BLR-NEW-01% 
2020-05-27 12:25:51,114 - CPE26-SIN-DUAL-CPE-DUAL-INTERNET-IPC00190-P - DEBUG - set devices device CPE26-SIN-DUAL-CPE-DUAL-INTERNET-IPC00190-P config orgs org-services IPC00190 class-of-service qos-policies Default-Policy rules WAN_OUT set action allow
[ok][2020-05-27 06:58:09]

[edit]
Automated@VDir-BLR-NEW-01% 
2020-05-27 12:25:52,140 - CPE26-SIN-DUAL-CPE-DUAL-INTERNET-IPC00190-P - DEBUG - set devices device CPE26-SIN-DUAL-CPE-DUAL-INTERNET-IPC00190-P config orgs org-services IPC00190 class-of-service qos-policies Default-Policy rules WAN_OUT match destination zone zone-list [ Intf-INT-WAN1-Zone Intf-INT-WAN1-Failover-Zone Intf-INT-WAN2-Zone ]
[ok][2020-05-27 06:58:10]

[edit]
Automated@VDir-BLR-NEW-01% 
2020-05-27 12:25:52,542 - CPE26-SIN-DUAL-CPE-DUAL-INTERNET-IPC00190-P - DEBUG - #Repeat following lines of config for all LAN-VRFs provisioned
[ok][2020-05-27 06:58:10]

[edit]
Automated@VDir-BLR-NEW-01% 
2020-05-27 12:25:52,946 - CPE26-SIN-DUAL-CPE-DUAL-INTERNET-IPC00190-P - DEBUG - 

[edit]
Automated@VDir-BLR-NEW-01% 
2020-05-27 12:25:53,348 - CPE26-SIN-DUAL-CPE-DUAL-INTERNET-IPC00190-P - DEBUG - 

[edit]
Automated@VDir-BLR-NEW-01% 
2020-05-27 12:25:53,750 - CPE26-SIN-DUAL-CPE-DUAL-INTERNET-IPC00190-P - DEBUG - 

[edit]
Automated@VDir-BLR-NEW-01% 
2020-05-27 12:25:54,153 - CPE26-SIN-DUAL-CPE-DUAL-INTERNET-IPC00190-P - DEBUG - 

[edit]
Automated@VDir-BLR-NEW-01% 
2020-05-27 12:25:54,555 - CPE26-SIN-DUAL-CPE-DUAL-INTERNET-IPC00190-P - DEBUG - 

[edit]
Automated@VDir-BLR-NEW-01% 
2020-05-27 12:25:54,957 - CPE26-SIN-DUAL-CPE-DUAL-INTERNET-IPC00190-P - DEBUG - 

[edit]
Automated@VDir-BLR-NEW-01% 
2020-05-27 12:25:55,963 - CPE26-SIN-DUAL-CPE-DUAL-INTERNET-IPC00190-P - DEBUG - set devices device CPE26-SIN-DUAL-CPE-DUAL-INTERNET-IPC00190-P config interfaces vni-0/4 unit 750 family inet address 192.170.1.2/24  vrrp-group 1 track route 0.0.0.0/0 priority-cost 10
[ok][2020-05-27 06:58:14]

[edit]
Automated@VDir-BLR-NEW-01% 
2020-05-27 12:25:56,969 - CPE26-SIN-DUAL-CPE-DUAL-INTERNET-IPC00190-P - DEBUG - set devices device CPE26-SIN-DUAL-CPE-DUAL-INTERNET-IPC00190-P config interfaces vni-0/4 unit 750 family inet address 192.170.1.2/24  vrrp-group 1 track route 0.0.0.0/0 routing-instance LAN1-VRF
[ok][2020-05-27 06:58:15]

[edit]
Automated@VDir-BLR-NEW-01% 
2020-05-27 12:25:57,371 - CPE26-SIN-DUAL-CPE-DUAL-INTERNET-IPC00190-P - DEBUG - 

[edit]
Automated@VDir-BLR-NEW-01% 
2020-05-27 12:25:57,775 - CPE26-SIN-DUAL-CPE-DUAL-INTERNET-IPC00190-P - DEBUG - 

[edit]
Automated@VDir-BLR-NEW-01% 
2020-05-27 12:25:58,980 - CPE26-SIN-DUAL-CPE-DUAL-INTERNET-IPC00190-P - DEBUG - commit and-quit
Commit complete.
[ok][2020-05-27 06:58:17]
Automated@VDir-BLR-NEW-01> 
2020-05-27 12:25:59,095 - CPE26-SIN-DUAL-CPE-DUAL-INTERNET-IPC00190-P - DEBUG - <netmiko.versa.versa_ssh.VersaSSH object at 0x000000000D4FC5C0> connection closed
2020-05-27 12:25:59,096 - CPE26-SIN-DUAL-CPE-DUAL-INTERNET-IPC00190-P - INFO - >>>>>>>>>> CONFIG VRRP TRACK ROUTE passed. <<<<<<<<<<<
2020-05-27 12:25:59,096 - CPE26-SIN-DUAL-CPE-DUAL-INTERNET-IPC00190-P - INFO - CPE ONBOARDINIG SCRIPT COMPLETED
2020-05-27 12:25:59,096 - CPE26-SIN-DUAL-CPE-DUAL-INTERNET-IPC00190-P - INFO - Time elapsed: 0:14:03.255000

2020-05-27 12:25:59,098 - CPE26-SIN-DUAL-CPE-DUAL-INTERNET-IPC00190-P - INFO - LOG FILE PATH : C:\Softwares_mine\stefano\NV_REPOSITORY\csit/LOGS/2020_05_27_12_11_55_840000/MAIN.log
