2019-02-13 14:04:45,322 - VD1 - INFO - ORG NAME:AA
2019-02-13 14:04:51,467 - VD1 - DEBUG - {
  "versanms.sdwan-org-workflow": {
    "orgName": "AA",
    "globalId": "22",
    "parentOrg": "Colt",
    "ikeAuthType": "psk",
    "sharedControlPlane": false,
    "controllers": ["NV-WC01-N2-BLR", "NV-WC02-N4-MUM", "NV-WC02-N2-BLR"],
    "vrfs": [{ "name": "LAN1-VRF", "id": "340", "enableVPN": "true", "tooltip": "" }],
    "supportedRoles": []
  }
}
2019-02-13 14:04:51,468 - VD1 - INFO - PASS
2019-02-13 14:04:56,215 - VD1 - INFO - set devices device NV-WC01-N2-BLR config routing-instances AA-Control-VR protocols bgp 22 graceful-restart maximum-restart-time 15
set devices device NV-WC01-N2-BLR config routing-instances AA-Control-VR protocols bgp 22 hold-time 90
set devices device NV-WC01-N2-BLR config routing-instances AA-Control-VR protocols bgp 22 graceful-restart recovery-time 15
set devices device NV-WC01-N2-BLR config routing-instances AA-Control-VR protocols bgp 22 graceful-restart select-defer-time 15
set devices device NV-WC01-N2-BLR config routing-instances AA-Control-VR protocols bgp 22 graceful-restart stalepath-time 15
set devices device NV-WC01-N2-BLR config routing-instances AA-Control-VR protocols bgp 22 graceful-restart dynamic-peer-restart-time 0
set devices device NV-WC01-N2-BLR config routing-instances AA-Control-VR protocols bgp 22 prefix-list MGMT-VA-SB seq 10 permit
set devices device NV-WC01-N2-BLR config routing-instances AA-Control-VR protocols bgp 22 prefix-list MGMT-VA-SB seq 10 address-family ipv4 unicast address-mask 10.91.140.0/22
set devices device NV-WC01-N2-BLR config routing-instances AA-Control-VR protocols bgp 22 prefix-list MGMT-VA-SB seq 10 address-family ipv4 unicast ge_le ge 27
set devices device NV-WC01-N2-BLR config routing-instances AA-Control-VR protocols bgp 22 prefix-list MGMT-VA-SB seq 10 address-family ipv4 unicast ge_le le 32
set devices device NV-WC01-N2-BLR config routing-instances AA-Control-VR protocols bgp 22 routing-peer-policy EXPORT-Controllers term 1REJECT-MGMT-ROUTES match community "(^|,)100:1($|,)"
set devices device NV-WC01-N2-BLR config routing-instances AA-Control-VR protocols bgp 22 routing-peer-policy EXPORT-Controllers term 1REJECT-MGMT-ROUTES action reject
set devices device NV-WC01-N2-BLR config routing-instances AA-Control-VR protocols bgp 22 routing-peer-policy EXPORT-Controllers term 2ACCEPT-L-CPE-ROUTES match family inet-vpn
set devices device NV-WC01-N2-BLR config routing-instances AA-Control-VR protocols bgp 22 routing-peer-policy EXPORT-Controllers term 2ACCEPT-L-CPE-ROUTES match community "(^|,)91:10($|,)"
set devices device NV-WC01-N2-BLR config routing-instances AA-Control-VR protocols bgp 22 routing-peer-policy EXPORT-Controllers term 2ACCEPT-L-CPE-ROUTES action accept
delete devices device NV-WC01-N2-BLR config routing-instances AA--Control-VR routing-options static route 0.0.0.0/0 0.0.0.0 none
set devices device NV-WC01-N2-BLR config routing-instances AA-Control-VR routing-options static route 0.0.0.0/0 0.0.0.0 tvi-0/45.0
delete devices device NV-WC01-N2-BLR config orgs org-services AA ipsec vpn-profile AA-PostStaging psk-auth-clients
set devices device NV-WC01-N2-BLR config orgs org-services AA ipsec vpn-profile AA-PostStaging psk-auth-clients



set devices device NV-WC01-N2-BLR config routing-instances AA-Control-VR protocols bgp 22 routing-peer-policy EXPORT-Controllers term 3DENY-REST match family inet-vpn
set devices device NV-WC01-N2-BLR config routing-instances AA-Control-VR protocols bgp 22 routing-peer-policy EXPORT-Controllers term 3DENY-REST action reject
set devices device NV-WC01-N2-BLR config routing-instances AA-Control-VR protocols bgp 22 routing-peer-policy EXPORT-AA-WC-TO-GW term 1ACCEPT-MGMT-VA-SB match ip nlri prefix-list MGMT-VA-SB
set devices device NV-WC01-N2-BLR config routing-instances AA-Control-VR protocols bgp 22 routing-peer-policy EXPORT-AA-WC-TO-GW term 1ACCEPT-MGMT-VA-SB action accept
set devices device NV-WC01-N2-BLR config routing-instances AA-Control-VR protocols bgp 22 routing-peer-policy EXPORT-AA-WC-TO-GW term 2REJECT-MGMT-ROUTES match community "(^|,)100:1($|,)"
set devices device NV-WC01-N2-BLR config routing-instances AA-Control-VR protocols bgp 22 routing-peer-policy EXPORT-AA-WC-TO-GW term 2REJECT-MGMT-ROUTES action reject
set devices device NV-WC01-N2-BLR config routing-instances AA-Control-VR protocols bgp 22 routing-peer-policy EXPORT-AA-WC-TO-GW term 3REJECT-L-PGW-ROUTES match community "(^|,)91:11($|,)"
set devices device NV-WC01-N2-BLR config routing-instances AA-Control-VR protocols bgp 22 routing-peer-policy EXPORT-AA-WC-TO-GW term 3REJECT-L-PGW-ROUTES match family inet-vpn
set devices device NV-WC01-N2-BLR config routing-instances AA-Control-VR protocols bgp 22 routing-peer-policy EXPORT-AA-WC-TO-GW term 3REJECT-L-PGW-ROUTES action reject
set devices device NV-WC01-N2-BLR config routing-instances AA-Control-VR protocols bgp 22 routing-peer-policy EXPORT-AA-WC-TO-GW term 4REJECT-L-SGW-ROUTES match community "(^|,)91:12($|,)"
set devices device NV-WC01-N2-BLR config routing-instances AA-Control-VR protocols bgp 22 routing-peer-policy EXPORT-AA-WC-TO-GW term 4REJECT-L-SGW-ROUTES match family inet-vpn
set devices device NV-WC01-N2-BLR config routing-instances AA-Control-VR protocols bgp 22 routing-peer-policy EXPORT-AA-WC-TO-GW term 4REJECT-L-SGW-ROUTES action reject
set devices device NV-WC01-N2-BLR config routing-instances AA-Control-VR protocols bgp 22 routing-peer-policy EXPORT-AA-WC-TO-GW term 5ACCEPT-L-CPE-ROUTES match family inet-vpn
set devices device NV-WC01-N2-BLR config routing-instances AA-Control-VR protocols bgp 22 routing-peer-policy EXPORT-AA-WC-TO-GW term 5ACCEPT-L-CPE-ROUTES match community "(^|,)91:10($|,)"
set devices device NV-WC01-N2-BLR config routing-instances AA-Control-VR protocols bgp 22 routing-peer-policy EXPORT-AA-WC-TO-GW term 5ACCEPT-L-CPE-ROUTES action accept
set devices device NV-WC01-N2-BLR config routing-instances AA-Control-VR protocols bgp 22 routing-peer-policy EXPORT-AA-WC-TO-GW term 6ACCEPT-R-CPE-ROUTES match community "(^|,)*:10($|,)"
set devices device NV-WC01-N2-BLR config routing-instances AA-Control-VR protocols bgp 22 routing-peer-policy EXPORT-AA-WC-TO-GW term 6ACCEPT-R-CPE-ROUTES action accept
set devices device NV-WC01-N2-BLR config routing-instances AA-Control-VR protocols bgp 22 routing-peer-policy EXPORT-AA-WC-TO-GW term 6ACCEPT-R-CPE-ROUTES action community 666:666
set devices device NV-WC01-N2-BLR config routing-instances AA-Control-VR protocols bgp 22 routing-peer-policy EXPORT-AA-WC-TO-GW term 6ACCEPT-R-CPE-ROUTES action community-action set-specific
set devices device NV-WC01-N2-BLR config routing-instances AA-Control-VR protocols bgp 22 routing-peer-policy EXPORT-AA-WC-TO-GW term 7DENY-REST match family inet-vpn
set devices device NV-WC01-N2-BLR config routing-instances AA-Control-VR protocols bgp 22 routing-peer-policy EXPORT-AA-WC-TO-GW term 7DENY-REST action reject
set devices device NV-WC01-N2-BLR config routing-instances AA-Control-VR protocols bgp 22 routing-peer-policy IMPORT-AA-GW-TO-WC term 1REJECT-R-CPE-ROUTES match community "(^|,)666:666($|,)"
set devices device NV-WC01-N2-BLR config routing-instances AA-Control-VR protocols bgp 22 routing-peer-policy IMPORT-AA-GW-TO-WC term 1REJECT-R-CPE-ROUTES action reject
set devices device NV-WC01-N2-BLR config routing-instances AA-Control-VR protocols bgp 22 routing-peer-policy IMPORT-AA-GW-TO-WC term 2ACCEPT-REST match family inet-vpn
set devices device NV-WC01-N2-BLR config routing-instances AA-Control-VR protocols bgp 22 routing-peer-policy IMPORT-AA-GW-TO-WC term 2ACCEPT-REST action accept
set devices device NV-WC01-N2-BLR config routing-instances AA-Control-VR protocols bgp 22 group VNF-GW import IMPORT-AA-GW-TO-WC
set devices device NV-WC01-N2-BLR config routing-instances AA-Control-VR protocols bgp 22 group VNF-GW export IMPORT-AA-WC-TO-GW
delete devices device NV-WC01-N2-BLR config routing-instances AA-Control-VR protocols bgp 22 group Branches allow
set devices device NV-WC01-N2-BLR config routing-instances AA-Control-VR protocols bgp 22 group Branches allow all
set devices device NV-WC01-N2-BLR config routing-instances AA-Control-VR protocols bgp 22 group VNF-GW type internal
set devices device NV-WC01-N2-BLR config routing-instances AA-Control-VR protocols bgp 22 group VNF-GW family inet unicast
set devices device NV-WC01-N2-BLR config routing-instances AA-Control-VR protocols bgp 22 group VNF-GW family inet versa-private
set devices device NV-WC01-N2-BLR config routing-instances AA-Control-VR protocols bgp 22 group VNF-GW family inet-vpn unicast
set devices device NV-WC01-N2-BLR config routing-instances AA-Control-VR protocols bgp 22 group VNF-GW export EXPORT-AA-WC-TO-GW
set devices device NV-WC01-N2-BLR config routing-instances AA-Control-VR protocols bgp 22 group VNF-GW route-reflector-client
set devices device NV-WC01-N2-BLR config routing-instances AA-Control-VR protocols bgp 22 group VNF-GW bfd-liveness-detection
set devices device NV-WC01-N2-BLR config routing-instances AA-Control-VR protocols bgp 22 group VNF-GW bfd-liveness-detection minimum-receive-interval 1000
set devices device NV-WC01-N2-BLR config routing-instances AA-Control-VR protocols bgp 22 group VNF-GW bfd-liveness-detection multiplier 3
set devices device NV-WC01-N2-BLR config routing-instances AA-Control-VR protocols bgp 22 group VNF-GW bfd-liveness-detection transmit-interval minimum-interval 1000


set devices device NV-WC01-N2-BLR config routing-instances AA-Control-VR protocols bgp 22 group VNF-GW neighbor 40.22.2.1
set devices device NV-WC01-N2-BLR config routing-instances AA-Control-VR protocols bgp 22 group VNF-GW neighbor 40.22.2.1 peer-as 65505


set devices device NV-WC01-N2-BLR config routing-instances AA-Control-VR protocols bgp 22 group VNF-GW neighbor 40.22.2.2
set devices device NV-WC01-N2-BLR config routing-instances AA-Control-VR protocols bgp 22 group VNF-GW neighbor 40.22.2.2 peer-as 65505




set devices device NV-WC01-N2-BLR config orgs org-services AA ipsec vpn-profile AA-PostStaging local-auth-info key NV-WC01-N2-BLR
set devices device NV-WC01-N2-BLR config orgs org-services AA ipsec vpn-profile AA-PostStaging local-auth-info id-string NV-WC01-N2-BLR@AA.com





set devices device NV-WC01-N2-BLR config orgs org-services AA ipsec vpn-profile AA-PostStaging psk-auth-clients remote-client NV-GW01-N2-BLR@AA.com id-type email
set devices device NV-WC01-N2-BLR config orgs org-services AA ipsec vpn-profile AA-PostStaging psk-auth-clients remote-client NV-GW01-N2-BLR@AA.com key NV-GW01-N2-BLR





set devices device NV-WC01-N2-BLR config orgs org-services AA ipsec vpn-profile AA-PostStaging psk-auth-clients remote-client NV-GW02-N2-BLR@AA.com id-type email
set devices device NV-WC01-N2-BLR config orgs org-services AA ipsec vpn-profile AA-PostStaging psk-auth-clients remote-client NV-GW02-N2-BLR@AA.com key NV-GW02-N2-BLR

2019-02-13 14:05:57,307 - VD1 - INFO - set devices device NV-WC02-N4-MUM config routing-instances AA-Control-VR protocols bgp 22 graceful-restart maximum-restart-time 15
set devices device NV-WC02-N4-MUM config routing-instances AA-Control-VR protocols bgp 22 hold-time 90
set devices device NV-WC02-N4-MUM config routing-instances AA-Control-VR protocols bgp 22 graceful-restart recovery-time 15
set devices device NV-WC02-N4-MUM config routing-instances AA-Control-VR protocols bgp 22 graceful-restart select-defer-time 15
set devices device NV-WC02-N4-MUM config routing-instances AA-Control-VR protocols bgp 22 graceful-restart stalepath-time 15
set devices device NV-WC02-N4-MUM config routing-instances AA-Control-VR protocols bgp 22 graceful-restart dynamic-peer-restart-time 0
set devices device NV-WC02-N4-MUM config routing-instances AA-Control-VR protocols bgp 22 prefix-list MGMT-VA-SB seq 10 permit
set devices device NV-WC02-N4-MUM config routing-instances AA-Control-VR protocols bgp 22 prefix-list MGMT-VA-SB seq 10 address-family ipv4 unicast address-mask 10.91.140.0/22
set devices device NV-WC02-N4-MUM config routing-instances AA-Control-VR protocols bgp 22 prefix-list MGMT-VA-SB seq 10 address-family ipv4 unicast ge_le ge 27
set devices device NV-WC02-N4-MUM config routing-instances AA-Control-VR protocols bgp 22 prefix-list MGMT-VA-SB seq 10 address-family ipv4 unicast ge_le le 32
set devices device NV-WC02-N4-MUM config routing-instances AA-Control-VR protocols bgp 22 routing-peer-policy EXPORT-Controllers term 1REJECT-MGMT-ROUTES match community "(^|,)100:1($|,)"
set devices device NV-WC02-N4-MUM config routing-instances AA-Control-VR protocols bgp 22 routing-peer-policy EXPORT-Controllers term 1REJECT-MGMT-ROUTES action reject
set devices device NV-WC02-N4-MUM config routing-instances AA-Control-VR protocols bgp 22 routing-peer-policy EXPORT-Controllers term 2ACCEPT-L-CPE-ROUTES match family inet-vpn
set devices device NV-WC02-N4-MUM config routing-instances AA-Control-VR protocols bgp 22 routing-peer-policy EXPORT-Controllers term 2ACCEPT-L-CPE-ROUTES match community "(^|,)1091:10($|,)"
set devices device NV-WC02-N4-MUM config routing-instances AA-Control-VR protocols bgp 22 routing-peer-policy EXPORT-Controllers term 2ACCEPT-L-CPE-ROUTES action accept
delete devices device NV-WC02-N4-MUM config routing-instances AA--Control-VR routing-options static route 0.0.0.0/0 0.0.0.0 none
set devices device NV-WC02-N4-MUM config routing-instances AA-Control-VR routing-options static route 0.0.0.0/0 0.0.0.0 tvi-0/45.0
delete devices device NV-WC02-N4-MUM config orgs org-services AA ipsec vpn-profile AA-PostStaging psk-auth-clients
set devices device NV-WC02-N4-MUM config orgs org-services AA ipsec vpn-profile AA-PostStaging psk-auth-clients







set devices device NV-WC02-N4-MUM config routing-instances AA-Control-VR protocols bgp 22 routing-peer-policy EXPORT-Controllers term 2ACCEPT-BLR-ROUTES match family inet-vpn
set devices device NV-WC02-N4-MUM config routing-instances AA-Control-VR protocols bgp 22 routing-peer-policy EXPORT-Controllers term 2ACCEPT-BLR-ROUTES match community "(^|,)91:10($|,)"
set devices device NV-WC02-N4-MUM config routing-instances AA-Control-VR protocols bgp 22 routing-peer-policy EXPORT-Controllers term 2ACCEPT-BLR-ROUTES action accept
set devices device NV-WC02-N4-MUM config orgs org-services AA ipsec vpn-profile AA-PostStaging psk-auth-clients remote-client NV-WC02-N2-BLR@AA.com id-type email
set devices device NV-WC02-N4-MUM config orgs org-services AA ipsec vpn-profile AA-PostStaging psk-auth-clients remote-client NV-WC02-N2-BLR@AA.com key NV-WC02-N2-BLR




set devices device NV-WC02-N4-MUM config routing-instances AA-Control-VR protocols bgp 22 routing-peer-policy EXPORT-Controllers term 3DENY-REST match family inet-vpn
set devices device NV-WC02-N4-MUM config routing-instances AA-Control-VR protocols bgp 22 routing-peer-policy EXPORT-Controllers term 3DENY-REST action reject
set devices device NV-WC02-N4-MUM config routing-instances AA-Control-VR protocols bgp 22 routing-peer-policy EXPORT-AA-WC-TO-GW term 1ACCEPT-MGMT-VA-SB match ip nlri prefix-list MGMT-VA-SB
set devices device NV-WC02-N4-MUM config routing-instances AA-Control-VR protocols bgp 22 routing-peer-policy EXPORT-AA-WC-TO-GW term 1ACCEPT-MGMT-VA-SB action accept
set devices device NV-WC02-N4-MUM config routing-instances AA-Control-VR protocols bgp 22 routing-peer-policy EXPORT-AA-WC-TO-GW term 2REJECT-MGMT-ROUTES match community "(^|,)100:1($|,)"
set devices device NV-WC02-N4-MUM config routing-instances AA-Control-VR protocols bgp 22 routing-peer-policy EXPORT-AA-WC-TO-GW term 2REJECT-MGMT-ROUTES action reject
set devices device NV-WC02-N4-MUM config routing-instances AA-Control-VR protocols bgp 22 routing-peer-policy EXPORT-AA-WC-TO-GW term 3REJECT-L-PGW-ROUTES match community "(^|,)1091:11($|,)"
set devices device NV-WC02-N4-MUM config routing-instances AA-Control-VR protocols bgp 22 routing-peer-policy EXPORT-AA-WC-TO-GW term 3REJECT-L-PGW-ROUTES match family inet-vpn
set devices device NV-WC02-N4-MUM config routing-instances AA-Control-VR protocols bgp 22 routing-peer-policy EXPORT-AA-WC-TO-GW term 3REJECT-L-PGW-ROUTES action reject
set devices device NV-WC02-N4-MUM config routing-instances AA-Control-VR protocols bgp 22 routing-peer-policy EXPORT-AA-WC-TO-GW term 4REJECT-L-SGW-ROUTES match community "(^|,)1091:12($|,)"
set devices device NV-WC02-N4-MUM config routing-instances AA-Control-VR protocols bgp 22 routing-peer-policy EXPORT-AA-WC-TO-GW term 4REJECT-L-SGW-ROUTES match family inet-vpn
set devices device NV-WC02-N4-MUM config routing-instances AA-Control-VR protocols bgp 22 routing-peer-policy EXPORT-AA-WC-TO-GW term 4REJECT-L-SGW-ROUTES action reject
set devices device NV-WC02-N4-MUM config routing-instances AA-Control-VR protocols bgp 22 routing-peer-policy EXPORT-AA-WC-TO-GW term 5ACCEPT-L-CPE-ROUTES match family inet-vpn
set devices device NV-WC02-N4-MUM config routing-instances AA-Control-VR protocols bgp 22 routing-peer-policy EXPORT-AA-WC-TO-GW term 5ACCEPT-L-CPE-ROUTES match community "(^|,)1091:10($|,)"
set devices device NV-WC02-N4-MUM config routing-instances AA-Control-VR protocols bgp 22 routing-peer-policy EXPORT-AA-WC-TO-GW term 5ACCEPT-L-CPE-ROUTES action accept
set devices device NV-WC02-N4-MUM config routing-instances AA-Control-VR protocols bgp 22 routing-peer-policy EXPORT-AA-WC-TO-GW term 6ACCEPT-R-CPE-ROUTES match community "(^|,)*:10($|,)"
set devices device NV-WC02-N4-MUM config routing-instances AA-Control-VR protocols bgp 22 routing-peer-policy EXPORT-AA-WC-TO-GW term 6ACCEPT-R-CPE-ROUTES action accept
set devices device NV-WC02-N4-MUM config routing-instances AA-Control-VR protocols bgp 22 routing-peer-policy EXPORT-AA-WC-TO-GW term 6ACCEPT-R-CPE-ROUTES action community 666:666
set devices device NV-WC02-N4-MUM config routing-instances AA-Control-VR protocols bgp 22 routing-peer-policy EXPORT-AA-WC-TO-GW term 6ACCEPT-R-CPE-ROUTES action community-action set-specific
set devices device NV-WC02-N4-MUM config routing-instances AA-Control-VR protocols bgp 22 routing-peer-policy EXPORT-AA-WC-TO-GW term 7DENY-REST match family inet-vpn
set devices device NV-WC02-N4-MUM config routing-instances AA-Control-VR protocols bgp 22 routing-peer-policy EXPORT-AA-WC-TO-GW term 7DENY-REST action reject
set devices device NV-WC02-N4-MUM config routing-instances AA-Control-VR protocols bgp 22 routing-peer-policy IMPORT-AA-GW-TO-WC term 1REJECT-R-CPE-ROUTES match community "(^|,)666:666($|,)"
set devices device NV-WC02-N4-MUM config routing-instances AA-Control-VR protocols bgp 22 routing-peer-policy IMPORT-AA-GW-TO-WC term 1REJECT-R-CPE-ROUTES action reject
set devices device NV-WC02-N4-MUM config routing-instances AA-Control-VR protocols bgp 22 routing-peer-policy IMPORT-AA-GW-TO-WC term 2ACCEPT-REST match family inet-vpn
set devices device NV-WC02-N4-MUM config routing-instances AA-Control-VR protocols bgp 22 routing-peer-policy IMPORT-AA-GW-TO-WC term 2ACCEPT-REST action accept
set devices device NV-WC02-N4-MUM config routing-instances AA-Control-VR protocols bgp 22 group VNF-GW import IMPORT-AA-GW-TO-WC
set devices device NV-WC02-N4-MUM config routing-instances AA-Control-VR protocols bgp 22 group VNF-GW export IMPORT-AA-WC-TO-GW
delete devices device NV-WC02-N4-MUM config routing-instances AA-Control-VR protocols bgp 22 group Branches allow
set devices device NV-WC02-N4-MUM config routing-instances AA-Control-VR protocols bgp 22 group Branches allow all
set devices device NV-WC02-N4-MUM config routing-instances AA-Control-VR protocols bgp 22 group VNF-GW type internal
set devices device NV-WC02-N4-MUM config routing-instances AA-Control-VR protocols bgp 22 group VNF-GW family inet unicast
set devices device NV-WC02-N4-MUM config routing-instances AA-Control-VR protocols bgp 22 group VNF-GW family inet versa-private
set devices device NV-WC02-N4-MUM config routing-instances AA-Control-VR protocols bgp 22 group VNF-GW family inet-vpn unicast
set devices device NV-WC02-N4-MUM config routing-instances AA-Control-VR protocols bgp 22 group VNF-GW export EXPORT-AA-WC-TO-GW
set devices device NV-WC02-N4-MUM config routing-instances AA-Control-VR protocols bgp 22 group VNF-GW route-reflector-client
set devices device NV-WC02-N4-MUM config routing-instances AA-Control-VR protocols bgp 22 group VNF-GW bfd-liveness-detection
set devices device NV-WC02-N4-MUM config routing-instances AA-Control-VR protocols bgp 22 group VNF-GW bfd-liveness-detection minimum-receive-interval 1000
set devices device NV-WC02-N4-MUM config routing-instances AA-Control-VR protocols bgp 22 group VNF-GW bfd-liveness-detection multiplier 3
set devices device NV-WC02-N4-MUM config routing-instances AA-Control-VR protocols bgp 22 group VNF-GW bfd-liveness-detection transmit-interval minimum-interval 1000


set devices device NV-WC02-N4-MUM config routing-instances AA-Control-VR protocols bgp 22 group Controllers type internal
set devices device NV-WC02-N4-MUM config routing-instances AA-Control-VR protocols bgp 22 group Controllers family inet versa-private
set devices device NV-WC02-N4-MUM config routing-instances AA-Control-VR protocols bgp 22 group Controllers family inet-vpn unicast
set devices device NV-WC02-N4-MUM config routing-instances AA-Control-VR protocols bgp 22 group Controllers export EXPORT-Controllers
set devices device NV-WC02-N4-MUM config routing-instances AA-Control-VR protocols bgp 22 group Controllers route-reflector-client
set devices device NV-WC02-N4-MUM config routing-instances AA-Control-VR protocols bgp 22 group Controllers peer-as 65505


set devices device NV-WC02-N4-MUM config routing-instances AA-Control-VR protocols bgp 22 group Controllers neighbor 10.22.64.24



set devices device NV-WC02-N4-MUM config orgs org-services AA ipsec vpn-profile AA-PostStaging local-auth-info key NV-WC02-N4-MUM
set devices device NV-WC02-N4-MUM config orgs org-services AA ipsec vpn-profile AA-PostStaging local-auth-info id-string NV-WC02-N4-MUM@AA.com

