2019-09-05 18:41:20,976 - CPE27-HKG-DDI-SEC - INFO - CPE NAME:CPE27-HKG-DDI-SEC
2019-09-05 18:41:21,976 - CPE27-HKG-DDI-SEC - INFO - SOLUTION SELECTED:DUAL-CPE-DUAL-INTERNET
2019-09-05 18:41:23,197 - CPE27-HKG-DDI-SEC - INFO - {u'versanms.sdwan-org-workflow': {u'ikeAuthType': u'psk', u'globalId': 90, u'orgName': u'IPC00190', u'controllers': [u'NV-WC01-N1-HKG', u'NV-WC01-N6-SIN', u'NV-WC02-N1-HKG', u'NV-WC02-N6-SIN'], u'bandwidth': 10, u'parentOrg': u'Colt', u'vrfs': [{u'name': u'LAN1-VRF', u'enableVPN': True, u'id': 1020}, {u'name': u'LAN2-VRF', u'enableVPN': True, u'id': 1021}, {u'name': u'LAN3-VRF', u'enableVPN': True, u'id': 1022}, {u'name': u'LAN4-VRF', u'enableVPN': True, u'id': 1023}, {u'name': u'LAN5-VRF', u'enableVPN': True, u'id': 1024}, {u'name': u'LAN6-VRF', u'enableVPN': True, u'id': 1025}, {u'name': u'LAN7-VRF', u'enableVPN': True, u'id': 1026}, {u'name': u'LAN8-VRF', u'enableVPN': True, u'id': 1027}, {u'name': u'LAN9-VRF', u'enableVPN': True, u'id': 1028}, {u'name': u'LAN10-VRF', u'enableVPN': True, u'id': 1029}], u'solutionTier': u'base-sdwan', u'sharedControlPlane': False}}
2019-09-05 18:41:23,457 - CPE27-HKG-DDI-SEC - INFO - {u'versanms.sdwan-org-workflow': {u'ikeAuthType': u'psk', u'globalId': 90, u'orgName': u'IPC00190', u'controllers': [u'NV-WC01-N1-HKG', u'NV-WC01-N6-SIN', u'NV-WC02-N1-HKG', u'NV-WC02-N6-SIN'], u'bandwidth': 10, u'parentOrg': u'Colt', u'vrfs': [{u'name': u'LAN1-VRF', u'enableVPN': True, u'id': 1020}, {u'name': u'LAN2-VRF', u'enableVPN': True, u'id': 1021}, {u'name': u'LAN3-VRF', u'enableVPN': True, u'id': 1022}, {u'name': u'LAN4-VRF', u'enableVPN': True, u'id': 1023}, {u'name': u'LAN5-VRF', u'enableVPN': True, u'id': 1024}, {u'name': u'LAN6-VRF', u'enableVPN': True, u'id': 1025}, {u'name': u'LAN7-VRF', u'enableVPN': True, u'id': 1026}, {u'name': u'LAN8-VRF', u'enableVPN': True, u'id': 1027}, {u'name': u'LAN9-VRF', u'enableVPN': True, u'id': 1028}, {u'name': u'LAN10-VRF', u'enableVPN': True, u'id': 1029}], u'solutionTier': u'base-sdwan', u'sharedControlPlane': False}}
2019-09-05 18:41:23,749 - CPE27-HKG-DDI-SEC - INFO - {u'versanms.sdwan-org-workflow': {u'ikeAuthType': u'psk', u'globalId': 90, u'orgName': u'IPC00190', u'controllers': [u'NV-WC01-N1-HKG', u'NV-WC01-N6-SIN', u'NV-WC02-N1-HKG', u'NV-WC02-N6-SIN'], u'bandwidth': 10, u'parentOrg': u'Colt', u'vrfs': [{u'name': u'LAN1-VRF', u'enableVPN': True, u'id': 1020}, {u'name': u'LAN2-VRF', u'enableVPN': True, u'id': 1021}, {u'name': u'LAN3-VRF', u'enableVPN': True, u'id': 1022}, {u'name': u'LAN4-VRF', u'enableVPN': True, u'id': 1023}, {u'name': u'LAN5-VRF', u'enableVPN': True, u'id': 1024}, {u'name': u'LAN6-VRF', u'enableVPN': True, u'id': 1025}, {u'name': u'LAN7-VRF', u'enableVPN': True, u'id': 1026}, {u'name': u'LAN8-VRF', u'enableVPN': True, u'id': 1027}, {u'name': u'LAN9-VRF', u'enableVPN': True, u'id': 1028}, {u'name': u'LAN10-VRF', u'enableVPN': True, u'id': 1029}], u'solutionTier': u'base-sdwan', u'sharedControlPlane': False}}
2019-09-05 18:41:23,750 - CPE27-HKG-DDI-SEC - INFO - 
STEP : CONFIG VRRP TRACK ROUTE & QOS RULE MATCH WAN in Secondary CPE

2019-09-05 18:41:38,187 - CPE27-HKG-DDI-SEC - INFO - configure private
Entering configuration mode private
[ok][2019-09-05 11:57:27]

[edit]
Automated@VDir-BLR-NEW-01% 
2019-09-05 18:41:40,388 - CPE27-HKG-DDI-SEC - INFO - True
2019-09-05 18:41:40,789 - CPE27-HKG-DDI-SEC - INFO - 

[edit]
Automated@VDir-BLR-NEW-01% 
2019-09-05 18:41:41,190 - CPE27-HKG-DDI-SEC - INFO - 

[edit]
Automated@VDir-BLR-NEW-01% 
2019-09-05 18:41:41,592 - CPE27-HKG-DDI-SEC - INFO - 

[edit]
Automated@VDir-BLR-NEW-01% 
2019-09-05 18:41:41,993 - CPE27-HKG-DDI-SEC - INFO - 

[edit]
Automated@VDir-BLR-NEW-01% 
2019-09-05 18:41:42,392 - CPE27-HKG-DDI-SEC - INFO - 

[edit]
Automated@VDir-BLR-NEW-01% 
2019-09-05 18:41:42,793 - CPE27-HKG-DDI-SEC - INFO - 

[edit]
Automated@VDir-BLR-NEW-01% 
2019-09-05 18:41:43,194 - CPE27-HKG-DDI-SEC - INFO - 

[edit]
Automated@VDir-BLR-NEW-01% 
