2019-11-25 17:59:31,444 - CPE12-SIN-HYBRD-IPC00190 - INFO - LOG FILE PATH : C:\Softwares_mine\stefano\NV_REPOSITORY\csit/LOGS/2019_11_25_17_57_48_831000/MAIN.log
2019-11-25 17:59:31,446 - CPE12-SIN-HYBRD-IPC00190 - INFO - CPE NAME:CPE12-SIN-HYBRD-IPC00190
2019-11-25 17:59:32,446 - CPE12-SIN-HYBRD-IPC00190 - INFO - SOLUTION SELECTED:SINGLE-CPE-HYBRID
2019-11-25 17:59:33,713 - CPE12-SIN-HYBRD-IPC00190 - DEBUG - {u'versanms.sdwan-org-workflow': {u'ikeAuthType': u'psk', u'globalId': 94, u'orgName': u'IPC00194', u'controllers': [u'NV-WC01-N1-HKG', u'NV-WC01-N5-LON', u'NV-WC01-N6-SIN', u'NV-WC02-N1-HKG', u'NV-WC02-N5-LON', u'NV-WC02-N6-SIN'], u'bandwidth': 10, u'parentOrg': u'Colt', u'vrfs': [{u'name': u'LAN1-VRF', u'enableVPN': True, u'id': 1060}], u'solutionTier': u'base-sdwan', u'sharedControlPlane': False}}
2019-11-25 17:59:33,720 - CPE12-SIN-HYBRD-IPC00190 - INFO - 
STEP :CHECK ORG is available in Controller NV-WC01-N1-HKG
2019-11-25 17:59:33,720 - CPE12-SIN-HYBRD-IPC00190 - INFO - PASS
2019-11-25 17:59:33,892 - CPE12-SIN-HYBRD-IPC00190 - DEBUG - {u'versanms.sdwan-org-workflow': {u'ikeAuthType': u'psk', u'globalId': 94, u'orgName': u'IPC00194', u'controllers': [u'NV-WC01-N1-HKG', u'NV-WC01-N5-LON', u'NV-WC01-N6-SIN', u'NV-WC02-N1-HKG', u'NV-WC02-N5-LON', u'NV-WC02-N6-SIN'], u'bandwidth': 10, u'parentOrg': u'Colt', u'vrfs': [{u'name': u'LAN1-VRF', u'enableVPN': True, u'id': 1060}], u'solutionTier': u'base-sdwan', u'sharedControlPlane': False}}
2019-11-25 17:59:33,892 - CPE12-SIN-HYBRD-IPC00190 - INFO - 
STEP :CHECK ORG is available in Controller NV-WC02-N6-SIN
2019-11-25 17:59:33,892 - CPE12-SIN-HYBRD-IPC00190 - INFO - PASS
2019-11-25 17:59:34,075 - CPE12-SIN-HYBRD-IPC00190 - DEBUG - {u'versanms.sdwan-org-workflow': {u'ikeAuthType': u'psk', u'globalId': 94, u'orgName': u'IPC00194', u'controllers': [u'NV-WC01-N1-HKG', u'NV-WC01-N5-LON', u'NV-WC01-N6-SIN', u'NV-WC02-N1-HKG', u'NV-WC02-N5-LON', u'NV-WC02-N6-SIN'], u'bandwidth': 10, u'parentOrg': u'Colt', u'vrfs': [{u'name': u'LAN1-VRF', u'enableVPN': True, u'id': 1060}], u'solutionTier': u'base-sdwan', u'sharedControlPlane': False}}
2019-11-25 17:59:34,075 - CPE12-SIN-HYBRD-IPC00190 - INFO - 
STEP :CHECK ORG is available in Controller NV-WC01-N6-SIN
2019-11-25 17:59:34,075 - CPE12-SIN-HYBRD-IPC00190 - INFO - PASS
2019-11-25 17:59:34,075 - CPE12-SIN-HYBRD-IPC00190 - INFO - 
STEP :POST STAGING TEMPLATE CREATION AND DEPLOYMENT
2019-11-25 17:59:34,104 - CPE12-SIN-HYBRD-IPC00190 - DEBUG - {
	"versanms.sdwan-template-workflow": {
		"templateName": "IPC00194-SIN-PS-HS-LIB",
		"templateType": "sdwan-post-staging",
		"controllers": ["NV-WC01-N6-SIN", "NV-WC02-N6-SIN"],
		"providerOrg": {
			"name": "IPC00194",
			"statefulFW": true,
			"nextGenFW": false
		},
		"analyticsCluster": "LogCollectors-GGN",
		"deviceFirmfactor": "6",
		"wanInterfaces": [{
			"interfaceName": "vni-0/1",
			"pppoe": false,
			"unitInfo": [{
				"subUnit": 0,
				"vlanId": 0,
				"networkName": "MPLS-WAN",
				"ipv4Static": true,
				"ipv4Dhcp": false,
				"ipv6Static": false,
				"ipv6Dhcp": false,
				"allowSSH": false,
				"monitor": {},
				"linkPriority": "",
				"transportDomains": ["MPLS-TD"]
			}]
		}, {
			"interfaceName": "vni-0/2",
			"pppoe": false,
			"unitInfo": [{
				"subUnit": 0,
				"vlanId": 0,
				"networkName": "INT-WAN","ipv4Static": true,
				"ipv4Dhcp": false,
				"ipv6Static": false,
				"ipv6Dhcp": false,
				"allowSSH": false,
				"monitor": {},
				"linkPriority": "",
				"transportDomains": ["INTERNET-TD"]
			}]
		}],
		"deviceType": "full-mesh",
		"redundantPair": {
			"enable": false
		},
		"lanInterfaces": [{
			"interfaceName": "vni-0/4",
			"unitInfo": [
			{
				"subUnit": "{$v_vni-0-4_LAN1_Unit-0__unit}",
				"vlanId": "{$v_vni-0-4_LAN1_Unit-0__vlanId}",
				"networkName": "LAN1",
				"subOrganization": "IPC00194",
				"ipv4Static": true,
				"ipv4Dhcp": false,
				"ip6Static": false,
				"ipv6Dhcp": false,
				"vrfName": "LAN1-VRF",
				"zoneName": ""
			}
            
        ]
		}],
		"solutionTier": "standard-sdwan-plus-ngfw",
		"bandwidth": 1000,
		"customParams": [],
		"minimumImageVersion": "16.1R2-S2.2",
		"isAnalyticsEnabled": true,
		"isPrimary": true,
		"diaConfig": {
			"loadBalance": false
		},
		"splitTunnels": [
        {
			"vrfName": "LAN1-VRF",
			"wanNetworkName": "INT-WAN",
			"dia": true,
			"gateway": false
		}
        
		],
		"inBoundNats": []
	}
}

2019-11-25 17:59:34,339 - CPE12-SIN-HYBRD-IPC00190 - DEBUG - <Response [500]>
2019-11-25 17:59:34,341 - CPE12-SIN-HYBRD-IPC00190 - ERROR - {"error":{"http_status_code":500,"code":0,"message":"Template workflow [ IPC00194-SIN-PS-HS-LIB] already exists. Please choose another name.","more_info":"http://nms.versa.com/errors/null"}}
2019-11-25 17:59:34,341 - CPE12-SIN-HYBRD-IPC00190 - DEBUG - 
FAIL : {"error":{"http_status_code":500,"code":0,"message":"Template workflow [ IPC00194-SIN-PS-HS-LIB] already exists. Please choose another name.","more_info":"http://nms.versa.com/errors/null"}}
2019-11-25 17:59:34,341 - CPE12-SIN-HYBRD-IPC00190 - INFO - >>>>>>>>>> POST STAGING TEMPLATE CREATION FAILED. <<<<<<<<<<<
