2020-05-02 15:18:39,766 - VD1 - DEBUG - <netmiko.versa.versa_ssh.VersaSSH object at 0x00000000109324E0>
2020-05-02 15:18:44,980 - VD1 - DEBUG - versa: Automated@VDir-BLR-NEW-01>
2020-05-02 15:18:50,088 - CPE26-SIN-DUAL-CPE-HYB-IPC00190-P - DEBUG - <netmiko.versa.versa_ssh.VersaSSH object at 0x00000000109664E0>
2020-05-02 15:18:55,299 - CPE26-SIN-DUAL-CPE-HYB-IPC00190-P - DEBUG - versa: Automated@VDir-BLR-NEW-01>
2020-05-02 15:19:19,670 - CPE27-SIN-DUAL-CPE-HYB-IPC00190-S - DEBUG - <netmiko.versa.versa_ssh.VersaSSH object at 0x0000000010982128>
2020-05-02 15:19:24,878 - CPE27-SIN-DUAL-CPE-HYB-IPC00190-S - DEBUG - versa: Automated@VDir-BLR-NEW-01>
2020-05-02 15:19:49,191 - CPE11-HKG-HYBRD-IPC00190 - DEBUG - <netmiko.versa.versa_ssh.VersaSSH object at 0x00000000109821D0>
2020-05-02 15:19:54,401 - CPE11-HKG-HYBRD-IPC00190 - DEBUG - versa: Automated@VDir-BLR-NEW-01>
2020-05-02 15:20:44,957 - CPE26-SIN-DUAL-CPE-HYB-IPC00190-P - INFO - 
DELETE Service Object

2020-05-02 15:20:46,698 - CPE26-SIN-DUAL-CPE-HYB-IPC00190-P - ERROR - 
2020-05-02 15:20:46,703 - CPE26-SIN-DUAL-CPE-HYB-IPC00190-P - INFO - 
FAIL : 
2020-05-02 15:20:46,703 - CPE26-SIN-DUAL-CPE-HYB-IPC00190-P - INFO - >>>>>>>>>> ADDRESS OBJECT DELETION FAILED. <<<<<<<<<<<
2020-05-02 15:20:46,703 - CPE26-SIN-DUAL-CPE-HYB-IPC00190-P - INFO - 
DELETE IPaddress Object

2020-05-02 15:20:47,517 - CPE26-SIN-DUAL-CPE-HYB-IPC00190-P - ERROR - 
2020-05-02 15:20:47,520 - CPE26-SIN-DUAL-CPE-HYB-IPC00190-P - INFO - 
FAIL : 
2020-05-02 15:20:47,522 - CPE26-SIN-DUAL-CPE-HYB-IPC00190-P - INFO - >>>>>>>>>> ADDRESS OBJECT DELETION FAILED. <<<<<<<<<<<
2020-05-02 15:20:47,523 - CPE26-SIN-DUAL-CPE-HYB-IPC00190-P - INFO - 
DELETE IPaddress Object

2020-05-02 15:20:48,338 - CPE26-SIN-DUAL-CPE-HYB-IPC00190-P - ERROR - 
2020-05-02 15:20:48,339 - CPE26-SIN-DUAL-CPE-HYB-IPC00190-P - INFO - 
FAIL : 
2020-05-02 15:20:48,341 - CPE26-SIN-DUAL-CPE-HYB-IPC00190-P - INFO - >>>>>>>>>> ADDRESS OBJECT DELETION FAILED. <<<<<<<<<<<
2020-05-02 15:20:48,345 - CPE26-SIN-DUAL-CPE-HYB-IPC00190-P - INFO - 
DELETE FWD PROFILE

2020-05-02 15:20:49,259 - CPE26-SIN-DUAL-CPE-HYB-IPC00190-P - ERROR - 
2020-05-02 15:20:49,263 - CPE26-SIN-DUAL-CPE-HYB-IPC00190-P - INFO - 
FAIL : 
2020-05-02 15:20:49,263 - CPE26-SIN-DUAL-CPE-HYB-IPC00190-P - INFO - >>>>>>>>>> FORWARDING PROFILE DELETION FAILED. <<<<<<<<<<<
2020-05-02 15:20:49,263 - CPE26-SIN-DUAL-CPE-HYB-IPC00190-P - INFO - 
DELETE SLA profile

2020-05-02 15:20:49,976 - CPE26-SIN-DUAL-CPE-HYB-IPC00190-P - ERROR - 
2020-05-02 15:20:49,994 - CPE26-SIN-DUAL-CPE-HYB-IPC00190-P - INFO - 
FAIL : 
2020-05-02 15:20:49,996 - CPE26-SIN-DUAL-CPE-HYB-IPC00190-P - INFO - >>>>>>>>>> DELETE SLA Profile FAILED. <<<<<<<<<<<
