2020-01-17 18:53:04,838 - VD1 - DEBUG - <netmiko.versa.versa_ssh.VersaSSH object at 0x000000000D7A7828>
2020-01-17 18:53:10,039 - VD1 - DEBUG - versa: Automated@VDir-BLR-NEW-01>
2020-01-17 18:53:10,039 - CPE11-HKG-HYBRD-IPC00190 - INFO - CPE NAME:CPE11-HKG-HYBRD-IPC00190
2020-01-17 18:53:11,039 - CPE11-HKG-HYBRD-IPC00190 - INFO - SOLUTION SELECTED:SINGLE-CPE-HYBRID
2020-01-17 18:53:11,190 - CPE11-HKG-HYBRD-IPC00190 - INFO - 
DELETE IPaddress Object

2020-01-17 18:53:13,926 - CPE11-HKG-HYBRD-IPC00190 - ERROR - 
2020-01-17 18:53:13,926 - CPE11-HKG-HYBRD-IPC00190 - INFO - 
FAIL : 
2020-01-17 18:53:13,926 - CPE11-HKG-HYBRD-IPC00190 - INFO - >>>>>>>>>> Policy rule DELETION FAILED. <<<<<<<<<<<
2020-01-17 18:53:13,926 - CPE11-HKG-HYBRD-IPC00190 - INFO - 
DELETE IPaddress Object

2020-01-17 18:53:16,957 - CPE11-HKG-HYBRD-IPC00190 - INFO - 
PASS
2020-01-17 18:53:16,957 - CPE11-HKG-HYBRD-IPC00190 - INFO - >>>>>>>>>> ADDRESS OBJECT DELETION PASSED. <<<<<<<<<<<
2020-01-17 18:53:16,957 - CPE11-HKG-HYBRD-IPC00190 - INFO - 
DELETE FWD PROFILE

2020-01-17 18:53:20,811 - CPE11-HKG-HYBRD-IPC00190 - INFO - 
PASS
2020-01-17 18:53:20,811 - CPE11-HKG-HYBRD-IPC00190 - INFO - >>>>>>>>>> FORWARDING PROFILE DELETION PASSED. <<<<<<<<<<<
