2020-05-02 15:14:47,598 - CPE26-SIN-DUAL-CPE-HYB-IPC00190-P - INFO - 
DELETE Service Object

2020-05-02 15:14:56,493 - CPE26-SIN-DUAL-CPE-HYB-IPC00190-P - ERROR - 
2020-05-02 15:14:56,496 - CPE26-SIN-DUAL-CPE-HYB-IPC00190-P - INFO - 
FAIL : 
2020-05-02 15:14:56,496 - CPE26-SIN-DUAL-CPE-HYB-IPC00190-P - INFO - >>>>>>>>>> ADDRESS OBJECT DELETION FAILED. <<<<<<<<<<<
2020-05-02 15:14:56,499 - CPE26-SIN-DUAL-CPE-HYB-IPC00190-P - INFO - 
DELETE IPaddress Object

2020-05-02 15:14:57,259 - CPE26-SIN-DUAL-CPE-HYB-IPC00190-P - ERROR - 
2020-05-02 15:14:57,263 - CPE26-SIN-DUAL-CPE-HYB-IPC00190-P - INFO - 
FAIL : 
2020-05-02 15:14:57,265 - CPE26-SIN-DUAL-CPE-HYB-IPC00190-P - INFO - >>>>>>>>>> ADDRESS OBJECT DELETION FAILED. <<<<<<<<<<<
2020-05-02 15:14:57,273 - CPE26-SIN-DUAL-CPE-HYB-IPC00190-P - INFO - 
DELETE IPaddress Object

2020-05-02 15:14:57,822 - CPE26-SIN-DUAL-CPE-HYB-IPC00190-P - ERROR - 
2020-05-02 15:14:57,825 - CPE26-SIN-DUAL-CPE-HYB-IPC00190-P - INFO - 
FAIL : 
2020-05-02 15:14:57,825 - CPE26-SIN-DUAL-CPE-HYB-IPC00190-P - INFO - >>>>>>>>>> ADDRESS OBJECT DELETION FAILED. <<<<<<<<<<<
2020-05-02 15:14:57,826 - CPE26-SIN-DUAL-CPE-HYB-IPC00190-P - INFO - 
DELETE FWD PROFILE

2020-05-02 15:14:58,538 - CPE26-SIN-DUAL-CPE-HYB-IPC00190-P - ERROR - 
2020-05-02 15:14:58,542 - CPE26-SIN-DUAL-CPE-HYB-IPC00190-P - INFO - 
FAIL : 
2020-05-02 15:14:58,542 - CPE26-SIN-DUAL-CPE-HYB-IPC00190-P - INFO - >>>>>>>>>> FORWARDING PROFILE DELETION FAILED. <<<<<<<<<<<
2020-05-02 15:14:58,546 - CPE26-SIN-DUAL-CPE-HYB-IPC00190-P - INFO - 
DELETE SLA profile

2020-05-02 15:14:59,460 - CPE26-SIN-DUAL-CPE-HYB-IPC00190-P - ERROR - 
2020-05-02 15:14:59,463 - CPE26-SIN-DUAL-CPE-HYB-IPC00190-P - INFO - 
FAIL : 
2020-05-02 15:14:59,463 - CPE26-SIN-DUAL-CPE-HYB-IPC00190-P - INFO - >>>>>>>>>> DELETE SLA Profile FAILED. <<<<<<<<<<<
