2019-02-11 13:32:39,405 - VD1 - INFO - ORG NAME:VEN00066
2019-02-11 13:32:56,490 - VD1 - DEBUG - {
  "versanms.sdwan-org-workflow": {
    "orgName": "VEN00066",
    "globalId": "143",
    "parentOrg": "Colt",
    "ikeAuthType": "psk",
    "sharedControlPlane": false,
    "controllers": ["NV-WC01-N2-BLR", "NV-WC02-N4-MUM", "NV-WC02-N2-BLR"],
    "vrfs": [{ "name": "LAN1-VRF", "id": "1550", "enableVPN": "true", "tooltip": "" },{ "name": "LAN2-VRF", "id": "1551", "enableVPN": "true", "tooltip": "" },{ "name": "LAN3-VRF", "id": "1552", "enableVPN": "true", "tooltip": "" },{ "name": "LAN4-VRF", "id": "1553", "enableVPN": "true", "tooltip": "" },{ "name": "LAN5-VRF", "id": "1554", "enableVPN": "true", "tooltip": "" },{ "name": "LAN6-VRF", "id": "1555", "enableVPN": "true", "tooltip": "" }],
    "supportedRoles": []
  }
}
2019-02-11 13:32:58,455 - VD1 - INFO - <Response [200]>
2019-02-11 13:32:58,455 - VD1 - INFO - PASS
2019-02-11 13:33:08,587 - VD1 - INFO - 15053
2019-02-11 13:33:39,368 - VD1 - INFO - FAILED : Network Element Driver: device NV-WC02-N2-BLR: out of sync
2019-02-11 13:33:39,368 - VD1 - INFO - 
********************
RESULT:
ORG DEPLOYMENT : FAILED : Network Element Driver: device NV-WC02-N2-BLR: out of sync

********************

