2019-05-29 12:07:02,676 - VD1 - INFO - ORG NAME:SAMPLE203
2019-05-29 12:07:08,384 - VD1 - DEBUG - {
  "versanms.sdwan-org-workflow": {
    "orgName": "SAMPLE203",
    "globalId": "203",
    "parentOrg": "Colt",
    "ikeAuthType": "psk",
    "sharedControlPlane": false,
    "controllers": ["NV-WC01-N3-GGN", "NV-WC02-N1-HKG", "NV-WC02-N3-GGN"],
    "vrfs": [{ "name": "LAN1-VRF", "id": "2150", "enableVPN": "true", "tooltip": "" }],
    "supportedRoles": []
  }
}
2019-05-29 12:07:10,096 - VD1 - INFO - <Response [500]>
2019-05-29 12:07:10,098 - VD1 - INFO - {"error":{"http_status_code":500,"code":0,"message":" Global Id: 203 is already configured.","more_info":"http://nms.versa.com/errors/null"}}
2019-05-29 12:07:10,098 - VD1 - INFO - FAIL : {"error":{"http_status_code":500,"code":0,"message":" Global Id: 203 is already configured.","more_info":"http://nms.versa.com/errors/null"}}
2019-05-29 12:07:10,105 - VD1 - INFO - 
********************
RESULT:
ORG DEPLOYMENT : FAIL : {"error":{"http_status_code":500,"code":0,"message":" Global Id: 203 is already configured.","more_info":"http://nms.versa.com/errors/null"}}

********************

