2020-05-01 01:10:04,177 - VD1 - DEBUG - <netmiko.versa.versa_ssh.VersaSSH object at 0x00000000107500B8>
2020-05-01 01:10:09,381 - VD1 - DEBUG - versa: Automated@VDir-BLR-NEW-01>
2020-05-01 01:10:09,453 - CPE26-SIN-DUAL-CPE-HYB-IPC00190-P - INFO - 
DELETE Service Object

2020-05-01 01:10:12,216 - CPE26-SIN-DUAL-CPE-HYB-IPC00190-P - ERROR - 
2020-05-01 01:10:12,217 - CPE26-SIN-DUAL-CPE-HYB-IPC00190-P - INFO - 
FAIL : 
2020-05-01 01:10:12,217 - CPE26-SIN-DUAL-CPE-HYB-IPC00190-P - INFO - >>>>>>>>>> ADDRESS OBJECT DELETION FAILED. <<<<<<<<<<<
2020-05-01 01:10:12,219 - CPE26-SIN-DUAL-CPE-HYB-IPC00190-P - INFO - 
DELETE IPaddress Object

2020-05-01 01:10:13,474 - CPE26-SIN-DUAL-CPE-HYB-IPC00190-P - ERROR - 
2020-05-01 01:10:13,476 - CPE26-SIN-DUAL-CPE-HYB-IPC00190-P - INFO - 
FAIL : 
2020-05-01 01:10:13,476 - CPE26-SIN-DUAL-CPE-HYB-IPC00190-P - INFO - >>>>>>>>>> ADDRESS OBJECT DELETION FAILED. <<<<<<<<<<<
2020-05-01 01:10:13,477 - CPE26-SIN-DUAL-CPE-HYB-IPC00190-P - INFO - 
DELETE IPaddress Object

2020-05-01 01:10:14,359 - CPE26-SIN-DUAL-CPE-HYB-IPC00190-P - ERROR - 
2020-05-01 01:10:14,361 - CPE26-SIN-DUAL-CPE-HYB-IPC00190-P - INFO - 
FAIL : 
2020-05-01 01:10:14,361 - CPE26-SIN-DUAL-CPE-HYB-IPC00190-P - INFO - >>>>>>>>>> ADDRESS OBJECT DELETION FAILED. <<<<<<<<<<<
2020-05-01 01:10:14,361 - CPE26-SIN-DUAL-CPE-HYB-IPC00190-P - INFO - 
DELETE FWD PROFILE

2020-05-01 01:10:15,147 - CPE26-SIN-DUAL-CPE-HYB-IPC00190-P - ERROR - 
2020-05-01 01:10:15,148 - CPE26-SIN-DUAL-CPE-HYB-IPC00190-P - INFO - 
FAIL : 
2020-05-01 01:10:15,148 - CPE26-SIN-DUAL-CPE-HYB-IPC00190-P - INFO - >>>>>>>>>> FORWARDING PROFILE DELETION FAILED. <<<<<<<<<<<
2020-05-01 01:10:15,150 - CPE26-SIN-DUAL-CPE-HYB-IPC00190-P - INFO - 
DELETE SLA profile

2020-05-01 01:10:15,841 - CPE26-SIN-DUAL-CPE-HYB-IPC00190-P - ERROR - 
2020-05-01 01:10:15,842 - CPE26-SIN-DUAL-CPE-HYB-IPC00190-P - INFO - 
FAIL : 
2020-05-01 01:10:15,844 - CPE26-SIN-DUAL-CPE-HYB-IPC00190-P - INFO - >>>>>>>>>> DELETE SLA Profile FAILED. <<<<<<<<<<<
