2019-06-19 14:26:50,207 - CPE26-HKG-HYBRID - INFO - CPE NAME:CPE26-HKG-HYBRID
2019-06-19 14:26:51,207 - CPE26-HKG-HYBRID - INFO - SOLUTION SELECTED:SINGLE-CPE-HYBRID
2019-06-19 14:26:52,365 - CPE26-HKG-HYBRID - INFO - {u'versanms.sdwan-org-workflow': {u'ikeAuthType': u'psk', u'globalId': 72, u'orgName': u'IPC00172', u'controllers': [u'NV-WC01-N1-HKG', u'NV-WC01-N6-SIN', u'NV-WC02-N1-HKG', u'NV-WC02-N6-SIN'], u'bandwidth': 10, u'parentOrg': u'Colt', u'vrfs': [{u'name': u'LAN1-VRF', u'enableVPN': True, u'id': 840}, {u'name': u'LAN2-VRF', u'enableVPN': True, u'id': 841}], u'solutionTier': u'base-sdwan', u'sharedControlPlane': False}}
2019-06-19 14:26:52,565 - CPE26-HKG-HYBRID - INFO - {u'versanms.sdwan-org-workflow': {u'ikeAuthType': u'psk', u'globalId': 72, u'orgName': u'IPC00172', u'controllers': [u'NV-WC01-N1-HKG', u'NV-WC01-N6-SIN', u'NV-WC02-N1-HKG', u'NV-WC02-N6-SIN'], u'bandwidth': 10, u'parentOrg': u'Colt', u'vrfs': [{u'name': u'LAN1-VRF', u'enableVPN': True, u'id': 840}, {u'name': u'LAN2-VRF', u'enableVPN': True, u'id': 841}], u'solutionTier': u'base-sdwan', u'sharedControlPlane': False}}
2019-06-19 14:26:52,770 - CPE26-HKG-HYBRID - INFO - {u'versanms.sdwan-org-workflow': {u'ikeAuthType': u'psk', u'globalId': 72, u'orgName': u'IPC00172', u'controllers': [u'NV-WC01-N1-HKG', u'NV-WC01-N6-SIN', u'NV-WC02-N1-HKG', u'NV-WC02-N6-SIN'], u'bandwidth': 10, u'parentOrg': u'Colt', u'vrfs': [{u'name': u'LAN1-VRF', u'enableVPN': True, u'id': 840}, {u'name': u'LAN2-VRF', u'enableVPN': True, u'id': 841}], u'solutionTier': u'base-sdwan', u'sharedControlPlane': False}}
2019-06-19 14:26:52,770 - CPE26-HKG-HYBRID - INFO - 
STEP : POST STAGING TEMPLATE CREATION AND DEPLOYMENT

2019-06-19 14:26:52,825 - CPE26-HKG-HYBRID - INFO - {
	"versanms.sdwan-template-workflow": {
		"templateName": "AFTER_UPGRADE_PS2",
		"templateType": "sdwan-post-staging",
		"controllers": ["NV-WC01-N1-HKG", "NV-WC02-N1-HKG"],
		"providerOrg": {
			"name": "IPC00172",
			"statefulFW": true,
			"nextGenFW": false
		},
		"analyticsCluster": "VAN-Cluster",
		"deviceFirmfactor": "6",
		"wanInterfaces": [{
			"interfaceName": "vni-0/1",
			"pppoe": false,
			"unitInfo": [{
				"subUnit": 0,
				"vlanId": 0,
				"networkName": "MPLS-WAN",
				"ipv4Static": true,
				"ipv4Dhcp": false,
				"ipv6Static": false,
				"ipv6Dhcp": false,
				"allowSSH": false,
				"monitor": {},
				"linkPriority": "",
				"transportDomains": ["MPLS-TD"]
			}]
		}, {
			"interfaceName": "vni-0/2",
			"pppoe": false,
			"unitInfo": [{
				"subUnit": 0,
				"vlanId": 0,
				"networkName": "INT-WAN","ipv4Static": true,
				"ipv4Dhcp": false,
				"ipv6Static": false,
				"ipv6Dhcp": false,
				"allowSSH": false,
				"monitor": {},
				"linkPriority": "",
				"transportDomains": ["INTERNET-TD"]
			}]
		}],
		"deviceType": "full-mesh",
		"redundantPair": {
			"enable": false
		},
		"lanInterfaces": [{
			"interfaceName": "vni-0/4",
			"unitInfo": [
			{
				"subUnit": "{$v_vni-0-4_LAN1_Unit-0__unit}",
				"vlanId": "{$v_vni-0-4_LAN1_Unit-0__vlanId}",
				"networkName": "LAN1",
				"subOrganization": "IPC00172",
				"ipv4Static": true,
				"ipv4Dhcp": false,
				"ip6Static": false,
				"ipv6Dhcp": false,
				"vrfName": "LAN1-VRF",
				"zoneName": ""
			}
            
        ]
		}],
		"solutionTier": "standard-sdwan-plus-ngfw",
		"bandwidth": 1000,
		"customParams": [],
		"minimumImageVersion": "16.1R2-S8",
		"isAnalyticsEnabled": true,
		"isPrimary": true,
		"diaConfig": {
			"loadBalance": false
		},
		"splitTunnels": [
        {
			"vrfName": "LAN1-VRF",
			"wanNetworkName": "INT-WAN",
			"dia": true,
			"gateway": false
		}
        
		],
		"inBoundNats": []
	}
}

2019-06-19 14:26:53,647 - CPE26-HKG-HYBRID - INFO - <Response [200]>
2019-06-19 14:26:53,647 - CPE26-HKG-HYBRID - INFO - 
PASS
2019-06-19 14:26:53,648 - CPE26-HKG-HYBRID - INFO - 
 >>>>>>>>>> POST STAGING TEMPLATE CREATION PASSED. <<<<<<<<<<<

2019-06-19 14:26:58,801 - CPE26-HKG-HYBRID - INFO - <Response [200]>
2019-06-19 14:26:58,801 - CPE26-HKG-HYBRID - INFO - 
PASS
2019-06-19 14:26:58,801 - CPE26-HKG-HYBRID - INFO - 
 >>>>>>>>>> FW ASSOCIATION WITH POST STAGING TEMPLATE PASSED. <<<<<<<<<<<

2019-06-19 14:27:13,269 - CPE26-HKG-HYBRID - INFO - <Response [200]>
2019-06-19 14:27:18,269 - CPE26-HKG-HYBRID - INFO - 
PASS
2019-06-19 14:27:18,269 - CPE26-HKG-HYBRID - INFO - 
 >>>>>>>>>> POST STAGING TEMPLATE DEPLOY PASSED. <<<<<<<<<<<

2019-06-19 14:27:23,638 - CPE26-HKG-HYBRID - INFO - {u'versanms.sdwan-template-workflow': {u'providerOrg': {u'nextGenFW': False, u'name': u'IPC00172', u'statefulFW': True}, u'snmp': {u'snmpV1': False, u'snmpV2': False, u'snmpV3': False}, u'minimumImageVersion': u'16.1R2-S8', u'wanInterfaces': [{u'unitInfo': [{u'ipv6Dhcp': False, u'monitor': {u'monitorNexthop': False}, u'allowSSH': False, u'ipv4Static': True, u'DIA': False, u'vlanId': 0, u'transportDomains': [u'MPLS-TD'], u'ipv4Dhcp': False, u'ipv6rs': False, u'subUnit': 0, u'networkName': u'MPLS-WAN', u'ipv6Static': False}], u'interfaceName': u'vni-0/1', u'pppoe': False}, {u'unitInfo': [{u'ipv6Dhcp': False, u'monitor': {u'monitorNexthop': False}, u'allowSSH': False, u'ipv4Static': True, u'DIA': False, u'vlanId': 0, u'transportDomains': [u'INTERNET-TD'], u'ipv4Dhcp': False, u'ipv6rs': False, u'subUnit': 0, u'networkName': u'INT-WAN', u'ipv6Static': False}], u'interfaceName': u'vni-0/2', u'pppoe': False}], u'diaConfig': {u'loadBalance': False, u'dia': False}, u'templateName': u'AFTER_UPGRADE_PS2', u'isPrimary': True, u'isAnalyticsEnabled': True, u'lanInterfaces': [{u'unitInfo': [{u'ipv6Dhcp': False, u'ipv4DhcpServer': False, u'vrfName': u'LAN1-VRF', u'ipv6ra': False, u'ipv4Static': True, u'DIA': False, u'vlanId': u'{$v_vni-0-4_LAN1_Unit-0__vlanId}', u'ip6Static': False, u'ipv4Dhcp': False, u'subOrganization': u'IPC00172', u'subUnit': u'{$v_vni-0-4_LAN1_Unit-0__unit}', u'networkName': u'LAN1', u'dhcpV4Relay': False}], u'interfaceName': u'vni-0/4'}], u'bandwidth': 1000, u'controllers': [u'NV-WC01-N1-HKG', u'NV-WC02-N1-HKG'], u'templateType': u'sdwan-post-staging', u'deviceType': u'full-mesh', u'redundantPair': {u'vrrp': True, u'enable': False, u'cloudCPE': False}, u'solutionTier': u'standard-sdwan-plus-ngfw', u'deviceFirmfactor': 6, u'analyticsCluster': u'VAN-Cluster', u'splitTunnels': [{u'wanNetworkName': u'INT-WAN', u'vrfName': u'LAN1-VRF', u'dia': True, u'gateway': False}]}}
2019-06-19 14:27:23,786 - CPE26-HKG-HYBRID - INFO - [{u'category': u'stateful-firewall', u'organization': u'IPC00172', u'serviceTemplate': u'COMMON-SFW-TEMPLATE1', u'id': 88, u'templateName': u'AFTER_UPGRADE_PS2'}]
2019-06-19 14:27:39,250 - CPE26-HKG-HYBRID - INFO - set devices template AFTER_UPGRADE_PS2 config interfaces vni vni-0/1 description "MPLS-WAN"
set devices template AFTER_UPGRADE_PS2 config interfaces vni vni-0/1 bandwidth uplink "5000"
set devices template AFTER_UPGRADE_PS2 config interfaces vni vni-0/1 bandwidth downlink "5000"
set devices template AFTER_UPGRADE_PS2 config interfaces vni vni-0/2 description "INT-WAN"

set devices template AFTER_UPGRADE_PS2 config system vnf-manager ip-addresses [ 10.92.116.67/32 10.92.116.68/32 ]
set devices template AFTER_UPGRADE_PS2 config system service-options qos-frame-overhead auto-adjust true
set devices template AFTER_UPGRADE_PS2 config routing-instances routing-instance IPC00172-Control-VR protocols bgp bgp 72 hold-time 90
set devices template AFTER_UPGRADE_PS2 config routing-instances routing-instance IPC00172-Control-VR protocols bgp bgp 72 graceful-restart enable
set devices template AFTER_UPGRADE_PS2 config routing-instances routing-instance IPC00172-Control-VR protocols bgp bgp 72 graceful-restart maximum-restart-time 15
set devices template AFTER_UPGRADE_PS2 config routing-instances routing-instance IPC00172-Control-VR protocols bgp bgp 72 graceful-restart recovery-time 15
set devices template AFTER_UPGRADE_PS2 config routing-instances routing-instance IPC00172-Control-VR protocols bgp bgp 72 graceful-restart select-defer-time 15
set devices template AFTER_UPGRADE_PS2 config routing-instances routing-instance IPC00172-Control-VR protocols bgp bgp 72 graceful-restart stalepath-time 15
set devices template AFTER_UPGRADE_PS2 config routing-instances routing-instance IPC00172-Control-VR protocols bgp bgp 72 graceful-restart dynamic-peer-restart-time 0

set devices template AFTER_UPGRADE_PS2 config routing-instances routing-instance IPC00172-Control-VR protocols bgp bgp 72 routing-peer-policy Import-From-SDWAN-Policy term 1GW1 match family inet-vpn
set devices template AFTER_UPGRADE_PS2 config routing-instances routing-instance IPC00172-Control-VR protocols bgp bgp 72 routing-peer-policy Import-From-SDWAN-Policy term 1GW1 match community "(^|,)([0-9]*:11)($|,)"
set devices template AFTER_UPGRADE_PS2 config routing-instances routing-instance IPC00172-Control-VR protocols bgp bgp 72 routing-peer-policy Import-From-SDWAN-Policy term 1GW1 action filter accept
set devices template AFTER_UPGRADE_PS2 config routing-instances routing-instance IPC00172-Control-VR protocols bgp bgp 72 routing-peer-policy Import-From-SDWAN-Policy term 1GW1 action community 8009:8009
set devices template AFTER_UPGRADE_PS2 config routing-instances routing-instance IPC00172-Control-VR protocols bgp bgp 72 routing-peer-policy Import-From-SDWAN-Policy term 1GW1 action community-action set-specific
set devices template AFTER_UPGRADE_PS2 config routing-instances routing-instance IPC00172-Control-VR protocols bgp bgp 72 routing-peer-policy Import-From-SDWAN-Policy term 1GW1 action set-local-preference 80
set devices template AFTER_UPGRADE_PS2 config routing-instances routing-instance IPC00172-Control-VR protocols bgp bgp 72 routing-peer-policy Import-From-SDWAN-Policy term 2GW2 match family inet-vpn
set devices template AFTER_UPGRADE_PS2 config routing-instances routing-instance IPC00172-Control-VR protocols bgp bgp 72 routing-peer-policy Import-From-SDWAN-Policy term 2GW2 match community "(^|,)([0-9]*:12)($|,)"
set devices template AFTER_UPGRADE_PS2 config routing-instances routing-instance IPC00172-Control-VR protocols bgp bgp 72 routing-peer-policy Import-From-SDWAN-Policy term 2GW2 action filter accept
set devices template AFTER_UPGRADE_PS2 config routing-instances routing-instance IPC00172-Control-VR protocols bgp bgp 72 routing-peer-policy Import-From-SDWAN-Policy term 2GW2 action community 8009:8009
set devices template AFTER_UPGRADE_PS2 config routing-instances routing-instance IPC00172-Control-VR protocols bgp bgp 72 routing-peer-policy Import-From-SDWAN-Policy term 2GW2 action community-action set-specific
set devices template AFTER_UPGRADE_PS2 config routing-instances routing-instance IPC00172-Control-VR protocols bgp bgp 72 routing-peer-policy Import-From-SDWAN-Policy term 2GW2 action set-local-preference 60
move devices template AFTER_UPGRADE_PS2 config routing-instances routing-instance IPC00172-Control-VR protocols bgp bgp 72 routing-peer-policy Import-From-SDWAN-Policy term 2GW2 first
move devices template AFTER_UPGRADE_PS2 config routing-instances routing-instance IPC00172-Control-VR protocols bgp bgp 72 routing-peer-policy Import-From-SDWAN-Policy term 1GW1 first

set devices template AFTER_UPGRADE_PS2 config routing-instances routing-instance IPC00172-Control-VR protocols bgp bgp 72 routing-peer-policy TO_SDWAN term Wildcard match family inet-vpn
set devices template AFTER_UPGRADE_PS2 config routing-instances routing-instance IPC00172-Control-VR protocols bgp bgp 72 routing-peer-policy TO_SDWAN term Wildcard action filter accept
set devices template AFTER_UPGRADE_PS2 config routing-instances routing-instance IPC00172-Control-VR protocols bgp bgp 72 routing-peer-policy TO_SDWAN term Wildcard action community 852:10
set devices template AFTER_UPGRADE_PS2 config routing-instances routing-instance IPC00172-Control-VR protocols bgp bgp 72 routing-peer-policy TO_SDWAN term Wildcard action community-action set-specific
set devices template AFTER_UPGRADE_PS2 config routing-instances routing-instance IPC00172-Control-VR protocols bgp bgp 72 routing-peer-policy TO_SDWAN term VersaPvt-Wildcard match family versa-private
set devices template AFTER_UPGRADE_PS2 config routing-instances routing-instance IPC00172-Control-VR protocols bgp bgp 72 routing-peer-policy TO_SDWAN term VersaPvt-Wildcard action filter accept
set devices template AFTER_UPGRADE_PS2 config routing-instances routing-instance IPC00172-Control-VR protocols bgp bgp 72 routing-peer-policy TO_SDWAN term VersaPvt-Wildcard action community 852:10
set devices template AFTER_UPGRADE_PS2 config routing-instances routing-instance IPC00172-Control-VR protocols bgp bgp 72 routing-peer-policy TO_SDWAN term VersaPvt-Wildcard action community-action set-specific
set devices template AFTER_UPGRADE_PS2 config routing-instances routing-instance IPC00172-Control-VR protocols bgp bgp 72 group Controllers-Group export TO_SDWAN
set devices template AFTER_UPGRADE_PS2 config orgs org IPC00172 sd-wan site wan-interfaces vni vni-0/1.0 sla-monitoring fc fc_nc interval 10
set devices template AFTER_UPGRADE_PS2 config orgs org IPC00172 sd-wan site wan-interfaces vni vni-0/1.0 sla-monitoring fc fc_nc logging-interval 30
set devices template AFTER_UPGRADE_PS2 config orgs org IPC00172 sd-wan site wan-interfaces vni vni-0/1.0 sla-monitoring fc fc_nc send-to controller
set devices template AFTER_UPGRADE_PS2 config orgs org IPC00172 sd-wan site wan-interfaces vni vni-0/1.0 sla-monitoring fc fc_ef interval 10
set devices template AFTER_UPGRADE_PS2 config orgs org IPC00172 sd-wan site wan-interfaces vni vni-0/1.0 sla-monitoring fc fc_ef logging-interval 30
set devices template AFTER_UPGRADE_PS2 config orgs org IPC00172 sd-wan site wan-interfaces vni vni-0/1.0 sla-monitoring fc fc_ef send-to branches
set devices template AFTER_UPGRADE_PS2 config orgs org IPC00172 sd-wan site wan-interfaces vni vni-0/1.0 sla-monitoring fc fc_be interval 10
set devices template AFTER_UPGRADE_PS2 config orgs org IPC00172 sd-wan site wan-interfaces vni vni-0/1.0 sla-monitoring fc fc_be logging-interval 30
set devices template AFTER_UPGRADE_PS2 config orgs org IPC00172 sd-wan site wan-interfaces vni vni-0/1.0 sla-monitoring fc fc_be send-to branches
set devices template AFTER_UPGRADE_PS2 config orgs org IPC00172 sd-wan site wan-interfaces vni vni-0/1.0 sla-monitoring fc fc13 interval 10
set devices template AFTER_UPGRADE_PS2 config orgs org IPC00172 sd-wan site wan-interfaces vni vni-0/1.0 sla-monitoring fc fc13 logging-interval 30
set devices template AFTER_UPGRADE_PS2 config orgs org IPC00172 sd-wan site wan-interfaces vni vni-0/1.0 sla-monitoring fc fc13 send-to branches
set devices template AFTER_UPGRADE_PS2 config orgs org IPC00172 sd-wan site wan-interfaces vni vni-0/1.0 sla-monitoring fc fc14 interval 10
set devices template AFTER_UPGRADE_PS2 config orgs org IPC00172 sd-wan site wan-interfaces vni vni-0/1.0 sla-monitoring fc fc14 logging-interval 30
set devices template AFTER_UPGRADE_PS2 config orgs org IPC00172 sd-wan site wan-interfaces vni vni-0/1.0 sla-monitoring fc fc14 send-to branches
set devices template AFTER_UPGRADE_PS2 config orgs org IPC00172 sd-wan site wan-interfaces vni vni-0/1.0 sla-monitoring fc fc15 interval 10
set devices template AFTER_UPGRADE_PS2 config orgs org IPC00172 sd-wan site wan-interfaces vni vni-0/1.0 sla-monitoring fc fc15 logging-interval 30
set devices template AFTER_UPGRADE_PS2 config orgs org IPC00172 sd-wan site wan-interfaces vni vni-0/1.0 sla-monitoring fc fc15 send-to branches
set devices template AFTER_UPGRADE_PS2 config orgs org IPC00172 sd-wan site wan-interfaces vni vni-0/1.0 management-traffic priority 0
set devices template AFTER_UPGRADE_PS2 config orgs org IPC00172 sd-wan site wan-interfaces vni vni-0/2.0 sla-monitoring fc fc_nc interval 10
set devices template AFTER_UPGRADE_PS2 config orgs org IPC00172 sd-wan site wan-interfaces vni vni-0/2.0 sla-monitoring fc fc_nc logging-interval 30
set devices template AFTER_UPGRADE_PS2 config orgs org IPC00172 sd-wan site wan-interfaces vni vni-0/2.0 sla-monitoring fc fc_nc send-to controller
set devices template AFTER_UPGRADE_PS2 config orgs org IPC00172 sd-wan site wan-interfaces vni vni-0/2.0 sla-monitoring fc fc_be interval 10
set devices template AFTER_UPGRADE_PS2 config orgs org IPC00172 sd-wan site wan-interfaces vni vni-0/2.0 sla-monitoring fc fc_be logging-interval 30
set devices template AFTER_UPGRADE_PS2 config orgs org IPC00172 sd-wan site wan-interfaces vni vni-0/2.0 sla-monitoring fc fc_be send-to branches
set devices template AFTER_UPGRADE_PS2 config orgs org-services IPC00172 class-of-service qos-policies qos-policy-group Default-Policy rules qos-policy IPSEC_IN match source zone zone-list [ Intf-INT-WAN-Zone Intf-MPLS-WAN-Zone ]
set devices template AFTER_UPGRADE_PS2 config orgs org-services IPC00172 class-of-service qos-policies qos-policy-group Default-Policy rules qos-policy IPSEC_IN match services predefined-services-list [ ESP ICMP ]
set devices template AFTER_UPGRADE_PS2 config orgs org-services IPC00172 class-of-service qos-policies qos-policy-group Default-Policy rules qos-policy IPSEC_IN match services services-list [ IPSEC IPSecAH ]
set devices template AFTER_UPGRADE_PS2 config orgs org-services IPC00172 class-of-service qos-policies qos-policy-group Default-Policy rules qos-policy IPSEC_IN set action allow
set devices template AFTER_UPGRADE_PS2 config orgs org-services IPC00172 class-of-service qos-policies qos-policy-group Default-Policy rules qos-policy IPSEC_OUT match destination zone zone-list [ Intf-INT-WAN-Zone Intf-MPLS-WAN-Zone ]
set devices template AFTER_UPGRADE_PS2 config orgs org-services IPC00172 class-of-service qos-policies qos-policy-group Default-Policy rules qos-policy IPSEC_OUT match services predefined-services-list [ ESP ICMP ]
set devices template AFTER_UPGRADE_PS2 config orgs org-services IPC00172 class-of-service qos-policies qos-policy-group Default-Policy rules qos-policy IPSEC_OUT match services services-list [ IPSEC IPSIPSecAH ]
set devices template AFTER_UPGRADE_PS2 config orgs org-services IPC00172 class-of-service qos-policies qos-policy-group Default-Policy rules qos-policy IPSEC_OUT set action allow
set devices template AFTER_UPGRADE_PS2 config orgs org-services IPC00172 class-of-service qos-policies qos-policy-group Default-Policy rules qos-policy ARP_IN match source zone zone-list [ Intf-INT-WAN-Zone Intf-MPLS-WAN-Zone ]
set devices template AFTER_UPGRADE_PS2 config orgs org-services IPC00172 class-of-service qos-policies qos-policy-group Default-Policy rules qos-policy ARP_IN match ether-type ARP
set devices template AFTER_UPGRADE_PS2 config orgs org-services IPC00172 class-of-service qos-policies qos-policy-group Default-Policy rules qos-policy ARP_IN set action allow
set devices template AFTER_UPGRADE_PS2 config orgs org-services IPC00172 class-of-service qos-policies qos-policy-group Default-Policy rules qos-policy ARP_OUT match destination zone zone-list [ Intf-INT-WAN-Zone Intf-MPLS-WAN-Zone ]
set devices template AFTER_UPGRADE_PS2 config orgs org-services IPC00172 class-of-service qos-policies qos-policy-group Default-Policy rules qos-policy ARP_OUT match ether-type ARP
set devices template AFTER_UPGRADE_PS2 config orgs org-services IPC00172 class-of-service qos-policies qos-policy-group Default-Policy rules qos-policy ARP_OUT set action allow
set devices template AFTER_UPGRADE_PS2 config orgs org-services IPC00172 class-of-service qos-policies qos-policy-group Default-Policy rules qos-policy DHCP_IN match source zone zone-list [ Intf-INT-WAN-Zone ]
set devices template AFTER_UPGRADE_PS2 config orgs org-services IPC00172 class-of-service qos-policies qos-policy-group Default-Policy rules qos-policy DHCP_IN match services services-list [ DHCP-67 DHCP-68 ]
set devices template AFTER_UPGRADE_PS2 config orgs org-services IPC00172 class-of-service qos-policies qos-policy-group Default-Policy rules qos-policy DHCP_IN set action allow
set devices template AFTER_UPGRADE_PS2 config orgs org-services IPC00172 class-of-service qos-policies qos-policy-group Default-Policy rules qos-policy DHCP_OUT match destination zone zone-list [ Intf-INT-WAN-Zone ]
set devices template AFTER_UPGRADE_PS2 config orgs org-services IPC00172 class-of-service qos-policies qos-policy-group Default-Policy rules qos-policy DHCP_OUT match services services-list [ DHCP-67 DHCP-68 ]
set devices template AFTER_UPGRADE_PS2 config orgs org-services IPC00172 class-of-service qos-policies qos-policy-group Default-Policy rules qos-policy DHCP_OUT set action allow

set devices template AFTER_UPGRADE_PS2 config orgs org-services IPC00172 class-of-service qos-policies qos-policy-group Default-Policy rules qos-policy INT_OUT match source zone zone-list [ Intf-LAN1-Zone W-ST-LAN1-VRF-INT-WAN ]
set devices template AFTER_UPGRADE_PS2 config orgs org-services IPC00172 class-of-service qos-policies qos-policy-group Default-Policy rules qos-policy INT_OUT match destination zone zone-list [ Intf-INT-WAN-Zone L-ST-LAN1-VRF-INT-WAN ]
set devices template AFTER_UPGRADE_PS2 config orgs org-services IPC00172 class-of-service qos-policies qos-policy-group Default-Policy rules qos-policy INT_OUT set action allow
set devices template AFTER_UPGRADE_PS2 config orgs org-services IPC00172 class-of-service qos-policies qos-policy-group Default-Policy rules qos-policy INT_IN match source zone zone-list [ Intf-INT-WAN-Zone L-ST-LAN1-VRF-INT-WAN ]
set devices template AFTER_UPGRADE_PS2 config orgs org-services IPC00172 class-of-service qos-policies qos-policy-group Default-Policy rules qos-policy INT_IN set action allow


set devices template AFTER_UPGRADE_PS2 config orgs org-services IPC00172 class-of-service qos-policies qos-policy-group Default-Policy rules qos-policy WAN_IN match source zone zone-list [ Intf-INT-WAN-Zone Intf-MPLS-WAN-Zone ]
set devices template AFTER_UPGRADE_PS2 config orgs org-services IPC00172 class-of-service qos-policies qos-policy-group Default-Policy rules qos-policy WAN_IN set action deny
set devices template AFTER_UPGRADE_PS2 config orgs org-services IPC00172 class-of-service qos-policies qos-policy-group Default-Policy rules qos-policy WAN_OUT match destination zone zone-list [ Intf-INT-WAN-Zone Intf-MPLS-WAN-Zone ]
set devices template AFTER_UPGRADE_PS2 config orgs org-services IPC00172 class-of-service qos-policies qos-policy-group Default-Policy rules qos-policy WAN_OUT set action deny

delete devices template AFTER_UPGRADE_PS2 config orgs org-services IPC00172 cgnat rules rule RFC_1918_NoTranslate
delete devices template AFTER_UPGRADE_PS2 config orgs org-services IPC00172 cgnat rules rule DIA-Rule-LAN1-VRF-INT-WAN from
set devices template AFTER_UPGRADE_PS2 config orgs org-services IPC00172 cgnat rules rule DIA-Rule-LAN1-VRF-INT-WAN match source-zone [ W-ST-LAN1-VRF-INT-WAN ]
set devices template AFTER_UPGRADE_PS2 config orgs org-services IPC00172 cgnat rules rule DIA-Rule-LAN1-VRF-INT-WAN match destination-zone [ Intf-INT-WAN-Zone ]


set devices template AFTER_UPGRADE_PS2 config orgs org-services IPC00172 class-of-service app-qos-policies app-qos-policy-group Default-Policy
set devices template AFTER_UPGRADE_PS2 config orgs org-services IPC00172 class-of-service qos-profiles qos-profile Business1 forwarding-class fc13
set devices template AFTER_UPGRADE_PS2 config orgs org-services IPC00172 class-of-service qos-profiles qos-profile Business1 loss-priority high
set devices template AFTER_UPGRADE_PS2 config orgs org-services IPC00172 class-of-service qos-profiles qos-profile Business1 dscp-rw-enable yes
set devices template AFTER_UPGRADE_PS2 config orgs org-services IPC00172 class-of-service qos-profiles qos-profile Business1 dot1p-rw-enable no
set devices template AFTER_UPGRADE_PS2 config orgs org-services IPC00172 class-of-service qos-profiles qos-profile Business2 forwarding-class fc14
set devices template AFTER_UPGRADE_PS2 config orgs org-services IPC00172 class-of-service qos-profiles qos-profile Business2 loss-priority high
set devices template AFTER_UPGRADE_PS2 config orgs org-services IPC00172 class-of-service qos-profiles qos-profile Business2 dscp-rw-enable yes
set devices template AFTER_UPGRADE_PS2 config orgs org-services IPC00172 class-of-service qos-profiles qos-profile Business2 dot1p-rw-enable no
set devices template AFTER_UPGRADE_PS2 config orgs org-services IPC00172 class-of-service qos-profiles qos-profile Business3 forwarding-class fc15
set devices template AFTER_UPGRADE_PS2 config orgs org-services IPC00172 class-of-service qos-profiles qos-profile Business3 loss-priority high
set devices template AFTER_UPGRADE_PS2 config orgs org-services IPC00172 class-of-service qos-profiles qos-profile Business3 dscp-rw-enable yes
set devices template AFTER_UPGRADE_PS2 config orgs org-services IPC00172 class-of-service qos-profiles qos-profile Business3 dot1p-rw-enable no
set devices template AFTER_UPGRADE_PS2 config orgs org-services IPC00172 class-of-service qos-profiles qos-profile Internet-Default forwarding-class fc_be
set devices template AFTER_UPGRADE_PS2 config orgs org-services IPC00172 class-of-service qos-profiles qos-profile Internet-Default loss-priority high
set devices template AFTER_UPGRADE_PS2 config orgs org-services IPC00172 class-of-service qos-profiles qos-profile Internet-Default dscp-rw-enable no
set devices template AFTER_UPGRADE_PS2 config orgs org-services IPC00172 class-of-service qos-profiles qos-profile Internet-Default dot1p-rw-enable no
set devices template AFTER_UPGRADE_PS2 config orgs org-services IPC00172 class-of-service qos-profiles qos-profile Premium forwarding-class fc_ef
set devices template AFTER_UPGRADE_PS2 config orgs org-services IPC00172 class-of-service qos-profiles qos-profile Premium loss-priority low
set devices template AFTER_UPGRADE_PS2 config orgs org-services IPC00172 class-of-service qos-profiles qos-profile Premium dscp-rw-enable yes
set devices template AFTER_UPGRADE_PS2 config orgs org-services IPC00172 class-of-service qos-profiles qos-profile Premium dot1p-rw-enable no
set devices template AFTER_UPGRADE_PS2 config orgs org-services IPC00172 class-of-service qos-profiles qos-profile Routing-Management forwarding-class fc_nc
set devices template AFTER_UPGRADE_PS2 config orgs org-services IPC00172 class-of-service qos-profiles qos-profile Routing-Management loss-priority low
set devices template AFTER_UPGRADE_PS2 config orgs org-services IPC00172 class-of-service qos-profiles qos-profile Routing-Management dscp-rw-enable yes
set devices template AFTER_UPGRADE_PS2 config orgs org-services IPC00172 class-of-service qos-profiles qos-profile Routing-Management dot1p-rw-enable no

set devices template AFTER_UPGRADE_PS2 config orgs org-services IPC00172 objects services service IPSEC protocol UDP
set devices template AFTER_UPGRADE_PS2 config orgs org-services IPC00172 objects services service IPSEC destination-port 4790,4500,500
set devices template AFTER_UPGRADE_PS2 config orgs org-services IPC00172 objects services service IPSecAH protocol AH
set devices template AFTER_UPGRADE_PS2 config orgs org-services IPC00172 objects services service IPSIPSecAH protocol AH
set devices template AFTER_UPGRADE_PS2 config orgs org-services IPC00172 objects services service DHCP-67 protocol UDP
set devices template AFTER_UPGRADE_PS2 config orgs org-services IPC00172 objects services service DHCP-67 port 67
set devices template AFTER_UPGRADE_PS2 config orgs org-services IPC00172 objects services service DHCP-68 protocol UDP
set devices template AFTER_UPGRADE_PS2 config orgs org-services IPC00172 objects services service DHCP-68 port 68
delete devices template AFTER_UPGRADE_PS2 config orgs org-services IPC00172 security access-policies access-policy-group Default-Policy

delete device template AFTER_UPGRADE_PS2 config org org-services IPC00172 sd-wan policies sdwan-policy-group Default-Policy rules rule Default-Rule
set devices template AFTER_UPGRADE_PS2 config org org-services IPC00172 sd-wan forwarding-profiles forwarding-profile DEFAULT-TRAFFIC-PROFILE circuit-priorities priority 1 circuit-names local [ MPLS-WAN INT-WAN ]
set devices template AFTER_UPGRADE_PS2 config org org-services IPC00172 sd-wan forwarding-profiles forwarding-profile DEFAULT-TRAFFIC-PROFILE circuit-priorities priority 1 circuit-names remote [ MPLS-WAN MPLS-WAN1 MPLS-WAN2 INT-WAN INT-WAN1 INT-WAN2 ]
set devices template AFTER_UPGRADE_PS2 config org org-services IPC00172 sd-wan forwarding-profiles forwarding-profile DEFAULT-TRAFFIC-PROFILE circuit-priorities priority 2 circuit-names local [ INT-WAN ]
set devices template AFTER_UPGRADE_PS2 config org org-services IPC00172 sd-wan forwarding-profiles forwarding-profile DEFAULT-TRAFFIC-PROFILE circuit-priorities priority 2 circuit-names remote [ LTE-WAN ]
set devices template AFTER_UPGRADE_PS2 config org org-services IPC00172 sd-wan forwarding-profiles forwarding-profile DEFAULT-TRAFFIC-PROFILE connection-selection-method weighted-round-robin
set devices template AFTER_UPGRADE_PS2 config org org-services IPC00172 sd-wan forwarding-profiles forwarding-profile DEFAULT-TRAFFIC-PROFILE recompute-timer 40
set devices template AFTER_UPGRADE_PS2 config org org-services IPC00172 sd-wan forwarding-profiles forwarding-profile DEFAULT-TRAFFIC-PROFILE encryption optional
set devices template AFTER_UPGRADE_PS2 config org org-services IPC00172 sd-wan forwarding-profiles forwarding-profile DEFAULT-TRAFFIC-PROFILE symmetric-forwarding enable
set devices template AFTER_UPGRADE_PS2 config org org-services IPC00172 sd-wan policies sdwan-policy-group Default-Policy rules rule DEFAULT-TRAFFIC-RULE description DEFAULT-TRAFFIC-RULE
set devices template AFTER_UPGRADE_PS2 config org org-services IPC00172 sd-wan policies sdwan-policy-group Default-Policy rules rule DEFAULT-TRAFFIC-RULE set action allow
set devices template AFTER_UPGRADE_PS2 config org org-services IPC00172 sd-wan policies sdwan-policy-group Default-Policy rules rule DEFAULT-TRAFFIC-RULE set forwarding-profile DEFAULT-TRAFFIC-PROFILE

set devices template AFTER_UPGRADE_PS2 config routing-instances routing-instance LAN1-VRF vrf-import-target target:840L:8402
set devices template AFTER_UPGRADE_PS2 config routing-instances routing-instance LAN1-VRF policy-options redistribution-policy Default-Policy-To-BGP term T3-STATIC match protocol static
set devices template AFTER_UPGRADE_PS2 config routing-instances routing-instance LAN1-VRF policy-options redistribution-policy Default-Policy-To-BGP term T3-STATIC action filter accept
set devices template AFTER_UPGRADE_PS2 config routing-instances routing-instance LAN1-VRF policy-options redistribution-policy Default-Policy-To-BGP term T3-STATIC action set-origin igp
set devices template AFTER_UPGRADE_PS2 config routing-instances routing-instance LAN1-VRF policy-options redistribution-policy Default-Policy-To-BGP term T3-STATIC action set-local-preference 110
set devices template AFTER_UPGRADE_PS2 config snmp usm local user coltuser auth sha password Colt1234

set devices template AFTER_UPGRADE_PS2 config system time-zone Greenwich
set devices template AFTER_UPGRADE_PS2 config confdConfig cli banner "Access to this network/system is limited to users authorised by Colt for its legitimate business purposes. Unauthorised access, use, installation of files or modification of any data is prohibited. Use of this system/network will be audited"
set devices template AFTER_UPGRADE_PS2 config system users portal login shell role admin password yA:D#{}Vn9JE-?Qa
set devices template AFTER_UPGRADE_PS2 config system users portal ssh-public-key portal contents "ssh-rsa AAAAB3NzaC1yc2EAAAADAQABAAABAQDo+WWU8BDyqZCYadUGElffuy1pkOo4nrg/yfOqV84G+ukVGf+SF48h+543zMxMmKTauHEqmSp+74IbSpN9buBom/BFpBTm3c66BErMmLNariqvfItG7CO9UBPqoXpUBAXnF/muohwe145jEyRRI4Lof2wK6F6qYjzTQHK+zp5IpV6D+VurfQ6fIQB2oUIj9c8OG3Zfyp33l9utdLCzR7Uo4OGt9GidMrO2mXSBWXb+L5o6MAiOB4EhKvVyG9O8+So7zHEcUI65bq3JWzLzM7w705ySVwitEeqCx2wS7v/2KNuHmI8kSQVOuXQ539V3PJThvlVPY7ABmrY5+4MZT+Fv novitas@colt.net"
2019-06-19 14:28:39,394 - CPE26-HKG-HYBRID - INFO - configure
Entering configuration mode private
[ok][2019-06-19 08:49:50]

[edit]
smurugesan2@VDir-BLR-NEW-01% set devices template AFTER_UPGRADE_PS2 config interfaces vni vni-0/1 description "MPLS-WAN"
[ok][2019-06-19 08:49:53]

[edit]
smurugesan2@VDir-BLR-NEW-01% set devices template AFTER_UPGRADE_PS2 config interfaces vni vni-0/1 bandwidth uplink "5000"
[ok][2019-06-19 08:49:53]

[edit]
smurugesan2@VDir-BLR-NEW-01% set devices template AFTER_UPGRADE_PS2 config interfaces vni vni-0/1 bandwidth downlink "5000"
[ok][2019-06-19 08:49:53]

[edit]
smurugesan2@VDir-BLR-NEW-01% set devices template AFTER_UPGRADE_PS2 config interfaces vni vni-0/2 description "INT-WAN"
[ok][2019-06-19 08:49:53]

[edit]
smurugesan2@VDir-BLR-NEW-01% 

[edit]
smurugesan2@VDir-BLR-NEW-01% set devices template AFTER_UPGRADE_PS2 config system vnf-manager ip-addresses [ 10.92.116.67/32 10.92.116.68/32 ]
[ok][2019-06-19 08:49:54]

[edit]
smurugesan2@VDir-BLR-NEW-01% set devices template AFTER_UPGRADE_PS2 config system service-options qos-frame-overhead auto-adjust true
[ok][2019-06-19 08:49:54]

[edit]
smurugesan2@VDir-BLR-NEW-01% set devices template AFTER_UPGRADE_PS2 config routing-instances routing-instance IPC00172-Control-VR protocols bgp bgp 72 hold-time  90
[ok][2019-06-19 08:49:54]

[edit]
smurugesan2@VDir-BLR-NEW-01% set devices template AFTER_UPGRADE_PS2 config routing-instances routing-instance IPC00172-Control-VR protocols bgp bgp 72 graceful-restart enable
[ok][2019-06-19 08:49:55]

[edit]
smurugesan2@VDir-BLR-NEW-01% set devices template AFTER_UPGRADE_PS2 config routing-instances routing-instance IPC00172-Control-VR protocols bgp bgp 72 graceful-restart maximum-restart-time 15
[ok][2019-06-19 08:49:55]

[edit]
smurugesan2@VDir-BLR-NEW-01% set devices template AFTER_UPGRADE_PS2 config routing-instances routing-instance IPC00172-Control-VR protocols bgp bgp 72 graceful-restart recovery-time 15
[ok][2019-06-19 08:49:55]

[edit]
smurugesan2@VDir-BLR-NEW-01% set devices template AFTER_UPGRADE_PS2 config routing-instances routing-instance IPC00172-Control-VR protocols bgp bgp 72 graceful-restart select-defer-time 15
[ok][2019-06-19 08:49:56]

[edit]
smurugesan2@VDir-BLR-NEW-01% set devices template AFTER_UPGRADE_PS2 config routing-instances routing-instance IPC00172-Control-VR protocols bgp bgp 72 graceful-restart stalepath-time 15
[ok][2019-06-19 08:49:56]

[edit]
smurugesan2@VDir-BLR-NEW-01% set devices template AFTER_UPGRADE_PS2 config routing-instances routing-instance IPC00172-Control-VR protocols bgp bgp 72 graceful-restart dynamic-peer-restart-time 0
[ok][2019-06-19 08:49:56]

[edit]
smurugesan2@VDir-BLR-NEW-01% 

[edit]
smurugesan2@VDir-BLR-NEW-01% set devices template AFTER_UPGRADE_PS2 config routing-instances routing-instance IPC00172-Control-VR protocols bgp bgp 72 routing-peer-policy Import-From-SDWAN-Policy term 1GW1 match family inet-vpn
[ok][2019-06-19 08:49:57]

[edit]
smurugesan2@VDir-BLR-NEW-01% set devices template AFTER_UPGRADE_PS2 config routing-instances routing-instance IPC00172-Control-VR protocols bgp bgp 72 routing-peer-policy Import-From-SDWAN-Policy term 1GW1 match community "(^|,)([0-9]*:11)($|,)"
[ok][2019-06-19 08:49:57]

[edit]
smurugesan2@VDir-BLR-NEW-01% set devices template AFTER_UPGRADE_PS2 config routing-instances routing-instance IPC00172-Control-VR protocols bgp bgp 72 routing-peer-policy Import-From-SDWAN-Policy term 1GW1 action filter accept
[ok][2019-06-19 08:49:58]

[edit]
smurugesan2@VDir-BLR-NEW-01% set devices template AFTER_UPGRADE_PS2 config routing-instances routing-instance IPC00172-Control-VR protocols bgp bgp 72 routing-peer-policy Import-From-SDWAN-Policy term 1GW1 action community 8009:8009
[ok][2019-06-19 08:49:58]

[edit]
smurugesan2@VDir-BLR-NEW-01% set devices template AFTER_UPGRADE_PS2 config routing-instances routing-instance IPC00172-Control-VR protocols bgp bgp 72 routing-peer-policy Import-From-SDWAN-Policy term 1GW1 action community-action set-specific
[ok][2019-06-19 08:49:58]

[edit]
smurugesan2@VDir-BLR-NEW-01% set devices template AFTER_UPGRADE_PS2 config routing-instances routing-instance IPC00172-Control-VR protocols bgp bgp 72 routing-peer-policy Import-From-SDWAN-Policy term 1GW1 action set-local-preference 80
[ok][2019-06-19 08:49:59]

[edit]
smurugesan2@VDir-BLR-NEW-01% set devices template AFTER_UPGRADE_PS2 config routing-instances routing-instance IPC00172-Control-VR protocols bgp bgp 72 routing-peer-policy Import-From-SDWAN-Policy term 2GW2 match family inet-vpn
[ok][2019-06-19 08:49:59]

[edit]
smurugesan2@VDir-BLR-NEW-01% set devices template AFTER_UPGRADE_PS2 config routing-instances routing-instance IPC00172-Control-VR protocols bgp bgp 72 routing-peer-policy Import-From-SDWAN-Policy term 2GW2 match community "(^|,)([0-9]*:12)($|,)"
[ok][2019-06-19 08:50:00]

[edit]
smurugesan2@VDir-BLR-NEW-01% set devices template AFTER_UPGRADE_PS2 config routing-instances routing-instance IPC00172-Control-VR protocols bgp bgp 72 routing-peer-policy Import-From-SDWAN-Policy term 2GW2 action filter accept
[ok][2019-06-19 08:50:00]

[edit]
smurugesan2@VDir-BLR-NEW-01% set devices template AFTER_UPGRADE_PS2 config routing-instances routing-instance IPC00172-Control-VR protocols bgp bgp 72 routing-peer-policy Import-From-SDWAN-Policy term 2GW2 action community 8009:8009
[ok][2019-06-19 08:50:01]

[edit]
smurugesan2@VDir-BLR-NEW-01% set devices template AFTER_UPGRADE_PS2 config routing-instances routing-instance IPC00172-Control-VR protocols bgp bgp 72 routing-peer-policy Import-From-SDWAN-Policy term 2GW2 action community-action set-specific
[ok][2019-06-19 08:50:01]

[edit]
smurugesan2@VDir-BLR-NEW-01% set devices template AFTER_UPGRADE_PS2 config routing-instances routing-instance IPC00172-Control-VR protocols bgp bgp 72 routing-peer-policy Import-From-SDWAN-Policy term 2GW2 action set-local-preference 60
[ok][2019-06-19 08:50:01]

[edit]
smurugesan2@VDir-BLR-NEW-01% move devices template AFTER_UPGRADE_PS2 config routing-instances routing-instance IPC00172-Control-VR protocols bgp bgp 72 routing-peer-policy Import-From-SDWAN-Policy term 2GW2 first
[ok][2019-06-19 08:50:02]

[edit]
smurugesan2@VDir-BLR-NEW-01% move devices template AFTER_UPGRADE_PS2 config routing-instances routing-instance IPC00172-Control-VR protocols bgp bgp 72 routing-peer-policy Import-From-SDWAN-Policy term 1GW1 first
[ok][2019-06-19 08:50:03]

[edit]
smurugesan2@VDir-BLR-NEW-01% 

[edit]
smurugesan2@VDir-BLR-NEW-01% set devices template AFTER_UPGRADE_PS2 config routing-instances routing-instance IPC00172-Control-VR protocols bgp bgp 72 routing-peer-policy TO_SDWAN term Wildcard match family inet-vpn
[ok][2019-06-19 08:50:03]

[edit]
smurugesan2@VDir-BLR-NEW-01% set devices template AFTER_UPGRADE_PS2 config routing-instances routing-instance IPC00172-Control-VR protocols bgp bgp 72 routing-peer-policy TO_SDWAN term Wildcard action filter accept
[ok][2019-06-19 08:50:03]

[edit]
smurugesan2@VDir-BLR-NEW-01% set devices template AFTER_UPGRADE_PS2 config routing-instances routing-instance IPC00172-Control-VR protocols bgp bgp 72 routing-peer-policy TO_SDWAN term Wildcard action community 852:10
[ok][2019-06-19 08:50:04]

[edit]
smurugesan2@VDir-BLR-NEW-01% set devices template AFTER_UPGRADE_PS2 config routing-instances routing-instance IPC00172-Control-VR protocols bgp bgp 72 routing-peer-policy TO_SDWAN term Wildcard action community-action set-specific
[ok][2019-06-19 08:50:04]

[edit]
smurugesan2@VDir-BLR-NEW-01% set devices template AFTER_UPGRADE_PS2 config routing-instances routing-instance IPC00172-Control-VR protocols bgp bgp 72 routing-peer-policy TO_SDWAN term VersaPvt-Wildcard match family versa-private
[ok][2019-06-19 08:50:04]

[edit]
smurugesan2@VDir-BLR-NEW-01% set devices template AFTER_UPGRADE_PS2 config routing-instances routing-instance IPC00172-Control-VR protocols bgp bgp 72 routing-peer-policy TO_SDWAN term VersaPvt-Wildcard action filter accept
[ok][2019-06-19 08:50:05]

[edit]
smurugesan2@VDir-BLR-NEW-01% set devices template AFTER_UPGRADE_PS2 config routing-instances routing-instance IPC00172-Control-VR protocols bgp bgp 72 routing-peer-policy TO_SDWAN term VersaPvt-Wildcard action community 852:10
[ok][2019-06-19 08:50:05]

[edit]
smurugesan2@VDir-BLR-NEW-01% set devices template AFTER_UPGRADE_PS2 config routing-instances routing-instance IPC00172-Control-VR protocols bgp bgp 72 routing-peer-policy TO_SDWAN term VersaPvt-Wildcard action community-action set-specific
[ok][2019-06-19 08:50:06]

[edit]
smurugesan2@VDir-BLR-NEW-01% set devices template AFTER_UPGRADE_PS2 config routing-instances routing-instance IPC00172-Control-VR protocols bgp bgp 72 group Controllers-Group export TO_SDWAN
[ok][2019-06-19 08:50:06]

[edit]
smurugesan2@VDir-BLR-NEW-01% set devices template AFTER_UPGRADE_PS2 config orgs  org IPC00172 sd-wan site wan-interfaces vni vni-0/1.0 sla-monitoring fc fc_nc interval 10
[ok][2019-06-19 08:50:06]

[edit]
smurugesan2@VDir-BLR-NEW-01% set devices template AFTER_UPGRADE_PS2 config orgs  org IPC00172 sd-wan site wan-interfaces vni vni-0/1.0 sla-monitoring fc fc_nc logging-interval 30
[ok][2019-06-19 08:50:07]

[edit]
smurugesan2@VDir-BLR-NEW-01% set devices template AFTER_UPGRADE_PS2 config orgs  org IPC00172 sd-wan site wan-interfaces vni vni-0/1.0 sla-monitoring fc fc_nc send-to controller
[ok][2019-06-19 08:50:07]

[edit]
smurugesan2@VDir-BLR-NEW-01% set devices template AFTER_UPGRADE_PS2 config orgs  org IPC00172 sd-wan site wan-interfaces vni vni-0/1.0 sla-monitoring fc fc_ef interval 10
[ok][2019-06-19 08:50:07]

[edit]
smurugesan2@VDir-BLR-NEW-01% set devices template AFTER_UPGRADE_PS2 config orgs  org IPC00172 sd-wan site wan-interfaces vni vni-0/1.0 sla-monitoring fc fc_ef logging-interval 30
[ok][2019-06-19 08:50:08]

[edit]
smurugesan2@VDir-BLR-NEW-01% set devices template AFTER_UPGRADE_PS2 config orgs  org IPC00172 sd-wan site wan-interfaces vni vni-0/1.0 sla-monitoring fc fc_ef send-to branches
[ok][2019-06-19 08:50:08]

[edit]
smurugesan2@VDir-BLR-NEW-01% set devices template AFTER_UPGRADE_PS2 config orgs  org IPC00172 sd-wan site wan-interfaces vni vni-0/1.0 sla-monitoring fc fc_be interval 10
[ok][2019-06-19 08:50:08]

[edit]
smurugesan2@VDir-BLR-NEW-01% set devices template AFTER_UPGRADE_PS2 config orgs  org IPC00172 sd-wan site wan-interfaces vni vni-0/1.0 sla-monitoring fc fc_be logging-interval 30
[ok][2019-06-19 08:50:09]

[edit]
smurugesan2@VDir-BLR-NEW-01% set devices template AFTER_UPGRADE_PS2 config orgs  org IPC00172 sd-wan site wan-interfaces vni vni-0/1.0 sla-monitoring fc fc_be send-to branches
[ok][2019-06-19 08:50:09]

[edit]
smurugesan2@VDir-BLR-NEW-01% set devices template AFTER_UPGRADE_PS2 config orgs  org IPC00172 sd-wan site wan-interfaces vni vni-0/1.0 sla-monitoring fc fc13 interval 10
[ok][2019-06-19 08:50:09]

[edit]
smurugesan2@VDir-BLR-NEW-01% set devices template AFTER_UPGRADE_PS2 config orgs  org IPC00172 sd-wan site wan-interfaces vni vni-0/1.0 sla-monitoring fc fc13 logging-interval 30
[ok][2019-06-19 08:50:10]

[edit]
smurugesan2@VDir-BLR-NEW-01% set devices template AFTER_UPGRADE_PS2 config orgs  org IPC00172 sd-wan site wan-interfaces vni vni-0/1.0 sla-monitoring fc fc13 send-to branches
[ok][2019-06-19 08:50:10]

[edit]
smurugesan2@VDir-BLR-NEW-01% set devices template AFTER_UPGRADE_PS2 config orgs  org IPC00172 sd-wan site wan-interfaces vni vni-0/1.0 sla-monitoring fc fc14 interval 10
[ok][2019-06-19 08:50:10]

[edit]
smurugesan2@VDir-BLR-NEW-01% set devices template AFTER_UPGRADE_PS2 config orgs  org IPC00172 sd-wan site wan-interfaces vni vni-0/1.0 sla-monitoring fc fc14 logging-interval 30
[ok][2019-06-19 08:50:11]

[edit]
smurugesan2@VDir-BLR-NEW-01% set devices template AFTER_UPGRADE_PS2 config orgs  org IPC00172 sd-wan site wan-interfaces vni vni-0/1.0 sla-monitoring fc fc14 send-to branches
[ok][2019-06-19 08:50:11]

[edit]
smurugesan2@VDir-BLR-NEW-01% set devices template AFTER_UPGRADE_PS2 config orgs  org IPC00172 sd-wan site wan-interfaces vni vni-0/1.0 sla-monitoring fc fc15 interval 10
[ok][2019-06-19 08:50:12]

[edit]
smurugesan2@VDir-BLR-NEW-01% set devices template AFTER_UPGRADE_PS2 config orgs  org IPC00172 sd-wan site wan-interfaces vni vni-0/1.0 sla-monitoring fc fc15 logging-interval 30
[ok][2019-06-19 08:50:12]

[edit]
smurugesan2@VDir-BLR-NEW-01% set devices template AFTER_UPGRADE_PS2 config orgs  org IPC00172 sd-wan site wan-interfaces vni vni-0/1.0 sla-monitoring fc fc15 send-to branches
[ok][2019-06-19 08:50:12]

[edit]
smurugesan2@VDir-BLR-NEW-01% set devices template AFTER_UPGRADE_PS2 config orgs  org IPC00172 sd-wan site wan-interfaces vni vni-0/1.0 management-traffic priority 0
[ok][2019-06-19 08:50:13]

[edit]
smurugesan2@VDir-BLR-NEW-01% set devices template AFTER_UPGRADE_PS2 config orgs  org IPC00172 sd-wan site wan-interfaces vni vni-0/2.0 sla-monitoring fc fc_nc interval 10
[ok][2019-06-19 08:50:13]

[edit]
smurugesan2@VDir-BLR-NEW-01% set devices template AFTER_UPGRADE_PS2 config orgs  org IPC00172 sd-wan site wan-interfaces vni vni-0/2.0 sla-monitoring fc fc_nc logging-interval 30
[ok][2019-06-19 08:50:14]

[edit]
smurugesan2@VDir-BLR-NEW-01% set devices template AFTER_UPGRADE_PS2 config orgs  org IPC00172 sd-wan site wan-interfaces vni vni-0/2.0 sla-monitoring fc fc_nc send-to controller
[ok][2019-06-19 08:50:14]

[edit]
smurugesan2@VDir-BLR-NEW-01% set devices template AFTER_UPGRADE_PS2 config orgs  org IPC00172 sd-wan site wan-interfaces vni vni-0/2.0 sla-monitoring fc fc_be interval 10
[ok][2019-06-19 08:50:14]

[edit]
smurugesan2@VDir-BLR-NEW-01% set devices template AFTER_UPGRADE_PS2 config orgs  org IPC00172 sd-wan site wan-interfaces vni vni-0/2.0 sla-monitoring fc fc_be logging-interval 30
[ok][2019-06-19 08:50:15]

[edit]
smurugesan2@VDir-BLR-NEW-01% set devices template AFTER_UPGRADE_PS2 config orgs  org IPC00172 sd-wan site wan-interfaces vni vni-0/2.0 sla-monitoring fc fc_be send-to branches
[ok][2019-06-19 08:50:15]

[edit]
smurugesan2@VDir-BLR-NEW-01% set devices template AFTER_UPGRADE_PS2 config orgs  org-services IPC00172 class-of-service qos-policies qos-policy-group Default-Policy rules qos-policy IPSEC_IN match source zone zone-list [ Intf-INT-WAN-Zone Intf-MPLS-WAN-Zone ]
[ok][2019-06-19 08:50:16]

[edit]
smurugesan2@VDir-BLR-NEW-01% set devices template AFTER_UPGRADE_PS2 config orgs  org-services IPC00172 class-of-service qos-policies qos-policy-group Default-Policy rules qos-policy IPSEC_IN match services predefined-services-list [ ESP ICMP  ]
[ok][2019-06-19 08:50:16]

[edit]
smurugesan2@VDir-BLR-NEW-01% set devices template AFTER_UPGRADE_PS2 config orgs  org-services IPC00172 class-of-service qos-policies qos-policy-group Default-Policy rules qos-policy IPSEC_IN match services services-list [ IPSEC IPSecAH ]
[ok][2019-06-19 08:50:16]

[edit]
smurugesan2@VDir-BLR-NEW-01% set devices template AFTER_UPGRADE_PS2 config orgs  org-services IPC00172 class-of-service qos-policies qos-policy-group Default-Policy rules qos-policy IPSEC_IN set action allow
[ok][2019-06-19 08:50:17]

[edit]
smurugesan2@VDir-BLR-NEW-01% set devices template AFTER_UPGRADE_PS2 config orgs  org-services IPC00172 class-of-service qos-policies qos-policy-group Default-Policy rules qos-policy IPSEC_OUT match destination zone zone-list [ Intf-INT-WAN-Zone Intf-MPLS-WAN-Zone ]
[ok][2019-06-19 08:50:18]

[edit]
smurugesan2@VDir-BLR-NEW-01% set devices template AFTER_UPGRADE_PS2 config orgs  org-services IPC00172 class-of-service qos-policies qos-policy-group Default-Policy rules qos-policy IPSEC_OUT match services predefined-services-list [ ESP ICMP ]
[ok][2019-06-19 08:50:18]

[edit]
smurugesan2@VDir-BLR-NEW-01% set devices template AFTER_UPGRADE_PS2 config orgs  org-services IPC00172 class-of-service qos-policies qos-policy-group Default-Policy rules qos-policy IPSEC_OUT match services services-list [ IPSEC IPSIPSecAH ] 
[ok][2019-06-19 08:50:18]

[edit]
smurugesan2@VDir-BLR-NEW-01% set devices template AFTER_UPGRADE_PS2 config orgs  org-services IPC00172 class-of-service qos-policies qos-policy-group Default-Policy rules qos-policy IPSEC_OUT set action allow
[ok][2019-06-19 08:50:19]

[edit]
smurugesan2@VDir-BLR-NEW-01% set devices template AFTER_UPGRADE_PS2 config orgs  org-services IPC00172 class-of-service qos-policies qos-policy-group Default-Policy rules qos-policy ARP_IN match source zone zone-list [ Intf-INT-WAN-Zone Intf-MPLS-WAN-Zone ]
[ok][2019-06-19 08:50:19]

[edit]
smurugesan2@VDir-BLR-NEW-01% set devices template AFTER_UPGRADE_PS2 config orgs  org-services IPC00172 class-of-service qos-policies qos-policy-group Default-Policy rules qos-policy ARP_IN match ether-type ARP
[ok][2019-06-19 08:50:20]

[edit]
smurugesan2@VDir-BLR-NEW-01% set devices template AFTER_UPGRADE_PS2 config orgs  org-services IPC00172 class-of-service qos-policies qos-policy-group Default-Policy rules qos-policy ARP_IN set action allow
[ok][2019-06-19 08:50:20]

[edit]
smurugesan2@VDir-BLR-NEW-01% set devices template AFTER_UPGRADE_PS2 config orgs  org-services IPC00172 class-of-service qos-policies qos-policy-group Default-Policy rules qos-policy ARP_OUT match destination zone zone-list [ Intf-INT-WAN-Zone Intf-MPLS-WAN-Zone ]
[ok][2019-06-19 08:50:21]

[edit]
smurugesan2@VDir-BLR-NEW-01% set devices template AFTER_UPGRADE_PS2 config orgs  org-services IPC00172 class-of-service qos-policies qos-policy-group Default-Policy rules qos-policy ARP_OUT match ether-type ARP
[ok][2019-06-19 08:50:21]

[edit]
smurugesan2@VDir-BLR-NEW-01% set devices template AFTER_UPGRADE_PS2 config orgs  org-services IPC00172 class-of-service qos-policies qos-policy-group Default-Policy rules qos-policy ARP_OUT set action allow
[ok][2019-06-19 08:50:21]

[edit]
smurugesan2@VDir-BLR-NEW-01% set devices template AFTER_UPGRADE_PS2 config orgs  org-services IPC00172 class-of-service qos-policies qos-policy-group Default-Policy rules qos-policy DHCP_IN match source zone zone-list [ Intf-INT-WAN-Zone ]
[ok][2019-06-19 08:50:22]

[edit]
smurugesan2@VDir-BLR-NEW-01% set devices template AFTER_UPGRADE_PS2 config orgs  org-services IPC00172 class-of-service qos-policies qos-policy-group Default-Policy rules qos-policy DHCP_IN match services services-list [ DHCP-67 DHCP-68 ]
[ok][2019-06-19 08:50:23]

[edit]
smurugesan2@VDir-BLR-NEW-01% set devices template AFTER_UPGRADE_PS2 config orgs  org-services IPC00172 class-of-service qos-policies qos-policy-group Default-Policy rules qos-policy DHCP_IN set action allow
[ok][2019-06-19 08:50:23]

[edit]
smurugesan2@VDir-BLR-NEW-01% set devices template AFTER_UPGRADE_PS2 config orgs  org-services IPC00172 class-of-service qos-policies qos-policy-group Default-Policy rules qos-policy DHCP_OUT match destination zone zone-list [ Intf-INT-WAN-Zone ]
[ok][2019-06-19 08:50:23]

[edit]
smurugesan2@VDir-BLR-NEW-01% set devices template AFTER_UPGRADE_PS2 config orgs  org-services IPC00172 class-of-service qos-policies qos-policy-group Default-Policy rules qos-policy DHCP_OUT match services services-list [ DHCP-67 DHCP-68 ]
[ok][2019-06-19 08:50:24]

[edit]
smurugesan2@VDir-BLR-NEW-01% set devices template AFTER_UPGRADE_PS2 config orgs  org-services IPC00172 class-of-service qos-policies qos-policy-group Default-Policy rules qos-policy DHCP_OUT set action allow
[ok][2019-06-19 08:50:24]

[edit]
smurugesan2@VDir-BLR-NEW-01% 

[edit]
smurugesan2@VDir-BLR-NEW-01% set devices template AFTER_UPGRADE_PS2 config orgs  org-services IPC00172 class-of-service qos-policies qos-policy-group Default-Policy rules qos-policy INT_OUT match source zone zone-list [ Intf-LAN1-Zone W-ST-LAN1-VRF-INT-WAN ]
[ok][2019-06-19 08:50:25]

[edit]
smurugesan2@VDir-BLR-NEW-01% set devices template AFTER_UPGRADE_PS2 config orgs  org-services IPC00172 class-of-service qos-policies qos-policy-group Default-Policy rules qos-policy INT_OUT match destination zone zone-list [ Intf-INT-WAN-Zone L-ST-LAN1-VRF-INT-WAN ]
[ok][2019-06-19 08:50:25]

[edit]
smurugesan2@VDir-BLR-NEW-01% set devices template AFTER_UPGRADE_PS2 config orgs  org-services IPC00172 class-of-service qos-policies qos-policy-group Default-Policy rules qos-policy INT_OUT set action allow
[ok][2019-06-19 08:50:26]

[edit]
smurugesan2@VDir-BLR-NEW-01% set devices template AFTER_UPGRADE_PS2 config orgs  org-services IPC00172 class-of-service qos-policies qos-policy-group Default-Policy rules qos-policy INT_IN match source zone zone-list [ Intf-INT-WAN-Zone L-ST-LAN1-VRF-INT-WAN ]
[ok][2019-06-19 08:50:26]

[edit]
smurugesan2@VDir-BLR-NEW-01% set devices template AFTER_UPGRADE_PS2 config orgs  org-services IPC00172 class-of-service qos-policies qos-policy-group Default-Policy rules qos-policy INT_IN set action allow
[ok][2019-06-19 08:50:26]

[edit]
smurugesan2@VDir-BLR-NEW-01% 

[edit]
smurugesan2@VDir-BLR-NEW-01% 

[edit]
smurugesan2@VDir-BLR-NEW-01% set devices template AFTER_UPGRADE_PS2 config orgs  org-services IPC00172 class-of-service qos-policies qos-policy-group Default-Policy rules qos-policy WAN_IN match source zone zone-list [ Intf-INT-WAN-Zone Intf-MPLS-WAN-Zone ]
[ok][2019-06-19 08:50:27]

[edit]
smurugesan2@VDir-BLR-NEW-01% set devices template AFTER_UPGRADE_PS2 config orgs  org-services IPC00172 class-of-service qos-policies qos-policy-group Default-Policy rules qos-policy WAN_IN set action deny
[ok][2019-06-19 08:50:27]

[edit]
smurugesan2@VDir-BLR-NEW-01% set devices template AFTER_UPGRADE_PS2 config orgs  org-services IPC00172 class-of-service qos-policies qos-policy-group Default-Policy rules qos-policy WAN_OUT match destination zone zone-list [ Intf-INT-WAN-Zone Intf-MPLS-WAN-Zone ]
[ok][2019-06-19 08:50:28]

[edit]
smurugesan2@VDir-BLR-NEW-01% set devices template AFTER_UPGRADE_PS2 config orgs  org-services IPC00172 class-of-service qos-policies qos-policy-group Default-Policy rules qos-policy WAN_OUT set action deny
[ok][2019-06-19 08:50:28]

[edit]
smurugesan2@VDir-BLR-NEW-01% 

[edit]
smurugesan2@VDir-BLR-NEW-01% delete devices template AFTER_UPGRADE_PS2 config orgs org-services IPC00172 cgnat rules rule RFC_1918_NoTranslate
[ok][2019-06-19 08:50:28]

[edit]
smurugesan2@VDir-BLR-NEW-01% delete devices template AFTER_UPGRADE_PS2 config orgs org-services IPC00172 cgnat rules rule DIA-Rule-LAN1-VRF-INT-WAN from
[ok][2019-06-19 08:50:29]

[edit]
smurugesan2@VDir-BLR-NEW-01% set devices template AFTER_UPGRADE_PS2 config orgs  org-services IPC00172 cgnat rules rule DIA-Rule-LAN1-VRF-INT-WAN match source-zone [ W-ST-LAN1-VRF-INT-WAN ]
[ok][2019-06-19 08:50:29]

[edit]
smurugesan2@VDir-BLR-NEW-01% set devices template AFTER_UPGRADE_PS2 config orgs  org-services IPC00172 cgnat rules rule DIA-Rule-LAN1-VRF-INT-WAN match destination-zone [ Intf-INT-WAN-Zone ]
[ok][2019-06-19 08:50:29]

[edit]
smurugesan2@VDir-BLR-NEW-01% 

[edit]
smurugesan2@VDir-BLR-NEW-01% 

[edit]
smurugesan2@VDir-BLR-NEW-01% set devices template AFTER_UPGRADE_PS2 config orgs  org-services IPC00172 class-of-service app-qos-policies app-qos-policy-group Default-Policy
[ok][2019-06-19 08:50:30]

[edit]
smurugesan2@VDir-BLR-NEW-01% set devices template AFTER_UPGRADE_PS2 config orgs  org-services IPC00172 class-of-service qos-profiles qos-profile Business1 forwarding-class fc13
[ok][2019-06-19 08:50:30]

[edit]
smurugesan2@VDir-BLR-NEW-01% set devices template AFTER_UPGRADE_PS2 config orgs  org-services IPC00172 class-of-service qos-profiles qos-profile Business1 loss-priority high
[ok][2019-06-19 08:50:30]

[edit]
smurugesan2@VDir-BLR-NEW-01% set devices template AFTER_UPGRADE_PS2 config orgs  org-services IPC00172 class-of-service qos-profiles qos-profile Business1 dscp-rw-enable yes
[ok][2019-06-19 08:50:30]

[edit]
smurugesan2@VDir-BLR-NEW-01% set devices template AFTER_UPGRADE_PS2 config orgs  org-services IPC00172 class-of-service qos-profiles qos-profile Business1 dot1p-rw-enable no
[ok][2019-06-19 08:50:31]

[edit]
smurugesan2@VDir-BLR-NEW-01% set devices template AFTER_UPGRADE_PS2 config orgs  org-services IPC00172 class-of-service qos-profiles qos-profile Business2 forwarding-class fc14
[ok][2019-06-19 08:50:31]

[edit]
smurugesan2@VDir-BLR-NEW-01% set devices template AFTER_UPGRADE_PS2 config orgs  org-services IPC00172 class-of-service qos-profiles qos-profile Business2 loss-priority high
[ok][2019-06-19 08:50:31]

[edit]
smurugesan2@VDir-BLR-NEW-01% set devices template AFTER_UPGRADE_PS2 config orgs  org-services IPC00172 class-of-service qos-profiles qos-profile Business2 dscp-rw-enable yes
[ok][2019-06-19 08:50:31]

[edit]
smurugesan2@VDir-BLR-NEW-01% set devices template AFTER_UPGRADE_PS2 config orgs  org-services IPC00172 class-of-service qos-profiles qos-profile Business2 dot1p-rw-enable no
[ok][2019-06-19 08:50:32]

[edit]
smurugesan2@VDir-BLR-NEW-01% set devices template AFTER_UPGRADE_PS2 config orgs  org-services IPC00172 class-of-service qos-profiles qos-profile Business3 forwarding-class fc15
[ok][2019-06-19 08:50:32]

[edit]
smurugesan2@VDir-BLR-NEW-01% set devices template AFTER_UPGRADE_PS2 config orgs  org-services IPC00172 class-of-service qos-profiles qos-profile Business3 loss-priority high
[ok][2019-06-19 08:50:33]

[edit]
smurugesan2@VDir-BLR-NEW-01% set devices template AFTER_UPGRADE_PS2 config orgs  org-services IPC00172 class-of-service qos-profiles qos-profile Business3 dscp-rw-enable yes
[ok][2019-06-19 08:50:33]

[edit]
smurugesan2@VDir-BLR-NEW-01% set devices template AFTER_UPGRADE_PS2 config orgs  org-services IPC00172 class-of-service qos-profiles qos-profile Business3 dot1p-rw-enable no
[ok][2019-06-19 08:50:33]

[edit]
smurugesan2@VDir-BLR-NEW-01% set devices template AFTER_UPGRADE_PS2 config orgs  org-services IPC00172 class-of-service qos-profiles qos-profile Internet-Default  forwarding-class fc_be
[ok][2019-06-19 08:50:33]

[edit]
smurugesan2@VDir-BLR-NEW-01% set devices template AFTER_UPGRADE_PS2 config orgs  org-services IPC00172 class-of-service qos-profiles qos-profile Internet-Default  loss-priority high
[ok][2019-06-19 08:50:34]

[edit]
smurugesan2@VDir-BLR-NEW-01% set devices template AFTER_UPGRADE_PS2 config orgs  org-services IPC00172 class-of-service qos-profiles qos-profile Internet-Default  dscp-rw-enable no
[ok][2019-06-19 08:50:34]

[edit]
smurugesan2@VDir-BLR-NEW-01% set devices template AFTER_UPGRADE_PS2 config orgs  org-services IPC00172 class-of-service qos-profiles qos-profile Internet-Default  dot1p-rw-enable no
[ok][2019-06-19 08:50:34]

[edit]
smurugesan2@VDir-BLR-NEW-01% set devices template AFTER_UPGRADE_PS2 config orgs  org-services IPC00172 class-of-service qos-profiles qos-profile Premium forwarding-class fc_ef
[ok][2019-06-19 08:50:34]

[edit]
smurugesan2@VDir-BLR-NEW-01% set devices template AFTER_UPGRADE_PS2 config orgs  org-services IPC00172 class-of-service qos-profiles qos-profile Premium loss-priority low
[ok][2019-06-19 08:50:35]

[edit]
smurugesan2@VDir-BLR-NEW-01% set devices template AFTER_UPGRADE_PS2 config orgs  org-services IPC00172 class-of-service qos-profiles qos-profile Premium dscp-rw-enable yes
[ok][2019-06-19 08:50:35]

[edit]
smurugesan2@VDir-BLR-NEW-01% set devices template AFTER_UPGRADE_PS2 config orgs  org-services IPC00172 class-of-service qos-profiles qos-profile Premium dot1p-rw-enable no
[ok][2019-06-19 08:50:35]

[edit]
smurugesan2@VDir-BLR-NEW-01% set devices template AFTER_UPGRADE_PS2 config orgs  org-services IPC00172 class-of-service qos-profiles qos-profile Routing-Management forwarding-class fc_nc
[ok][2019-06-19 08:50:36]

[edit]
smurugesan2@VDir-BLR-NEW-01% set devices template AFTER_UPGRADE_PS2 config orgs  org-services IPC00172 class-of-service qos-profiles qos-profile Routing-Management loss-priority low
[ok][2019-06-19 08:50:36]

[edit]
smurugesan2@VDir-BLR-NEW-01% set devices template AFTER_UPGRADE_PS2 config orgs  org-services IPC00172 class-of-service qos-profiles qos-profile Routing-Management dscp-rw-enable yes
[ok][2019-06-19 08:50:36]

[edit]
smurugesan2@VDir-BLR-NEW-01% set devices template AFTER_UPGRADE_PS2 config orgs  org-services IPC00172 class-of-service qos-profiles qos-profile Routing-Management dot1p-rw-enable no
[ok][2019-06-19 08:50:36]

[edit]
smurugesan2@VDir-BLR-NEW-01% 

[edit]
smurugesan2@VDir-BLR-NEW-01% set devices template AFTER_UPGRADE_PS2 config orgs  org-services IPC00172 objects services service IPSEC protocol UDP
[ok][2019-06-19 08:50:37]

[edit]
smurugesan2@VDir-BLR-NEW-01% set devices template AFTER_UPGRADE_PS2 config orgs  org-services IPC00172 objects services service IPSEC destination-port 4790,4500,500
[ok][2019-06-19 08:50:37]

[edit]
smurugesan2@VDir-BLR-NEW-01% set devices template AFTER_UPGRADE_PS2 config orgs  org-services IPC00172 objects services service IPSecAH protocol AH
[ok][2019-06-19 08:50:37]

[edit]
smurugesan2@VDir-BLR-NEW-01% set devices template AFTER_UPGRADE_PS2 config orgs  org-services IPC00172 objects services service IPSIPSecAH protocol AH
[ok][2019-06-19 08:50:37]

[edit]
smurugesan2@VDir-BLR-NEW-01% set devices template AFTER_UPGRADE_PS2 config orgs  org-services IPC00172 objects services service DHCP-67 protocol UDP
[ok][2019-06-19 08:50:38]

[edit]
smurugesan2@VDir-BLR-NEW-01% set devices template AFTER_UPGRADE_PS2 config orgs  org-services IPC00172 objects services service DHCP-67 port 67
[ok][2019-06-19 08:50:38]

[edit]
smurugesan2@VDir-BLR-NEW-01% set devices template AFTER_UPGRADE_PS2 config orgs  org-services IPC00172 objects services service DHCP-68 protocol UDP
[ok][2019-06-19 08:50:38]

[edit]
smurugesan2@VDir-BLR-NEW-01% set devices template AFTER_UPGRADE_PS2 config orgs  org-services IPC00172 objects services service DHCP-68 port 68
[ok][2019-06-19 08:50:38]

[edit]
smurugesan2@VDir-BLR-NEW-01% delete devices template AFTER_UPGRADE_PS2 config orgs org-services IPC00172 security access-policies access-policy-group Default-Policy
[ok][2019-06-19 08:50:39]

[edit]
smurugesan2@VDir-BLR-NEW-01% 

[edit]
smurugesan2@VDir-BLR-NEW-01% delete devices template AFTER_UPGRADE_PS2 config orgs org-services IPC00172 sd-wan policies sdwan-policy-group Default-Policy rules  rule Default-Rule
Error: element not found
[error][2019-06-19 08:50:39]

[edit]
smurugesan2@VDir-BLR-NEW-01% set devices template AFTER_UPGRADE_PS2 config orgs  org-services IPC00172 sd-wan forwarding-profiles forwarding-profile DEFAULT-TRAFFIC-PROFILE circuit-priorities priority 1 circuit-names local [ MPLS-WAN INT-WAN  ]
[ok][2019-06-19 08:50:39]

[edit]
smurugesan2@VDir-BLR-NEW-01% set devices template AFTER_UPGRADE_PS2 config orgs  org-services IPC00172 sd-wan forwarding-profiles forwarding-profile DEFAULT-TRAFFIC-PROFILE circuit-priorities priority 1 circuit-names remote [ MPLS-WAN MPLS-WAN1 MPLS-WAN2 INT-WAN INT-WAN1 INT-WAN2 ]
[ok][2019-06-19 08:50:40]

[edit]
smurugesan2@VDir-BLR-NEW-01% set devices template AFTER_UPGRADE_PS2 config orgs  org-services IPC00172 sd-wan forwarding-profiles forwarding-profile DEFAULT-TRAFFIC-PROFILE circuit-priorities priority 2 circuit-names local [ INT-WAN ]
[ok][2019-06-19 08:50:40]

[edit]
smurugesan2@VDir-BLR-NEW-01% set devices template AFTER_UPGRADE_PS2 config orgs  org-services IPC00172 sd-wan forwarding-profiles forwarding-profile DEFAULT-TRAFFIC-PROFILE circuit-priorities priority 2 circuit-names remote [ LTE-WAN ]
[ok][2019-06-19 08:50:40]

[edit]
smurugesan2@VDir-BLR-NEW-01% set devices template AFTER_UPGRADE_PS2 config orgs  org-services IPC00172 sd-wan forwarding-profiles forwarding-profile DEFAULT-TRAFFIC-PROFILE connection-selection-method weighted-round-robin
[ok][2019-06-19 08:50:41]

[edit]
smurugesan2@VDir-BLR-NEW-01% set devices template AFTER_UPGRADE_PS2 config orgs  org-services IPC00172 sd-wan forwarding-profiles forwarding-profile DEFAULT-TRAFFIC-PROFILE recompute-timer 40
[ok][2019-06-19 08:50:41]

[edit]
smurugesan2@VDir-BLR-NEW-01% set devices template AFTER_UPGRADE_PS2 config orgs  org-services IPC00172 sd-wan forwarding-profiles forwarding-profile DEFAULT-TRAFFIC-PROFILE encryption optional
[ok][2019-06-19 08:50:42]

[edit]
smurugesan2@VDir-BLR-NEW-01% set devices template AFTER_UPGRADE_PS2 config orgs  org-services IPC00172 sd-wan forwarding-profiles forwarding-profile DEFAULT-TRAFFIC-PROFILE symmetric-forwarding enable
[ok][2019-06-19 08:50:42]

[edit]
smurugesan2@VDir-BLR-NEW-01% set devices template AFTER_UPGRADE_PS2 config orgs  org-services IPC00172 sd-wan policies sdwan-policy-group Default-Policy rules rule DEFAULT-TRAFFIC-RULE description DEFAULT-TRAFFIC-RULE
[ok][2019-06-19 08:50:42]

[edit]
smurugesan2@VDir-BLR-NEW-01% set devices template AFTER_UPGRADE_PS2 config orgs  org-services IPC00172 sd-wan policies sdwan-policy-group Default-Policy rules rule DEFAULT-TRAFFIC-RULE set action allow
[ok][2019-06-19 08:50:43]

[edit]
smurugesan2@VDir-BLR-NEW-01% set devices template AFTER_UPGRADE_PS2 config orgs  org-services IPC00172 sd-wan policies sdwan-policy-group Default-Policy rules rule DEFAULT-TRAFFIC-RULE set forwarding-profile DEFAULT-TRAFFIC-PROFILE
[ok][2019-06-19 08:50:43]

[edit]
smurugesan2@VDir-BLR-NEW-01% 

[edit]
smurugesan2@VDir-BLR-NEW-01% set devices template AFTER_UPGRADE_PS2 config routing-instances routing-instance LAN1-VRF vrf-import-target target:840L:8402
[ok][2019-06-19 08:50:43]

[edit]
smurugesan2@VDir-BLR-NEW-01% set devices template AFTER_UPGRADE_PS2 config routing-instances routing-instance LAN1-VRF policy-options redistribution-policy Default-Policy-To-BGP term T3-STATIC match protocol static
[ok][2019-06-19 08:50:44]

[edit]
smurugesan2@VDir-BLR-NEW-01% set devices template AFTER_UPGRADE_PS2 config routing-instances routing-instance LAN1-VRF policy-options redistribution-policy Default-Policy-To-BGP term T3-STATIC action filter accept
[ok][2019-06-19 08:50:44]

[edit]
smurugesan2@VDir-BLR-NEW-01% set devices template AFTER_UPGRADE_PS2 config routing-instances routing-instance LAN1-VRF policy-options redistribution-policy Default-Policy-To-BGP term T3-STATIC action set-origin igp
[ok][2019-06-19 08:50:44]

[edit]
smurugesan2@VDir-BLR-NEW-01% set devices template AFTER_UPGRADE_PS2 config routing-instances routing-instance LAN1-VRF policy-options redistribution-policy Default-Policy-To-BGP term T3-STATIC action set-local-preference 110
[ok][2019-06-19 08:50:44]

[edit]
smurugesan2@VDir-BLR-NEW-01% set devices template AFTER_UPGRADE_PS2 config snmp  usm local user coltuser auth sha password Colt1234
[ok][2019-06-19 08:50:45]

[edit]
smurugesan2@VDir-BLR-NEW-01% 

[edit]
smurugesan2@VDir-BLR-NEW-01% set devices template AFTER_UPGRADE_PS2 config system time-zone Greenwich
[ok][2019-06-19 08:50:45]

[edit]
smurugesan2@VDir-BLR-NEW-01% set devices template AFTER_UPGRADE_PS2 config confdConfig cli banner "Access to this network/system is limited to users authorised  by Colt for its legitimate business purposes. Unauthorised access, use, installation of files or modification of any data is prohibited. Use of this system/network will be audited"
[ok][2019-06-19 08:50:45]

[edit]
smurugesan2@VDir-BLR-NEW-01% set devices template AFTER_UPGRADE_PS2 config system users portal login shell role admin password yA:D#{}Vn9JE-?Qa
[ok][2019-06-19 08:50:45]

[edit]
smurugesan2@VDir-BLR-NEW-01% set devices template AFTER_UPGRADE_PS2 config system users portal ssh-public-key portal contents "ssh-rsa AAAAB3NzaC1yc2EAAAADAQABAAABAQDo+WWU8BDyqZCYadUGElffuy1pkOo4nrg/yfOqV84G+ukVGf+SF48h+543zMxMmKTauHEqmSp+74IbSpN9buBom/BFpBTm3c66BErMmLNariqvfItG7CO9UBPqoXpUBAXnF/muohwe145jEyRRI4Lof2wK6F6qYjzTQHK+zp5IpV6D+VurfQ6fIQB2oUIj9c8OG3Zfyp33l9utdLCzR7Uo4OGt9GidMrO2mXSBWXb+L5o6MAiOB4EhKvVyG9O8+So7zHEcUI65bq3JWzLzM7w705ySVwitEeqCx2wS7v/2KNuHmI8kSQVOuXQ539V3PJThvlVPY7ABmrY5+4MZT+Fv novitas@colt.net"
[ok][2019-06-19 08:50:46]

[edit]
smurugesan2@VDir-BLR-NEW-01% 
2019-06-19 14:28:40,207 - CPE26-HKG-HYBRID - INFO - commit
Commit complete.
[ok][2019-06-19 08:50:48]

[edit]
smurugesan2@VDir-BLR-NEW-01% 
2019-06-19 14:28:40,244 - CPE26-HKG-HYBRID - INFO - 
CPE26-HKG-HYBRID : element not found error.Commit success.
2019-06-19 14:28:40,244 - CPE26-HKG-HYBRID - INFO - 
 >>>>>>>>>> PS MAIN TEMPLATE MODIFY PASSED. <<<<<<<<<<<

2019-06-19 14:28:45,246 - CPE26-HKG-HYBRID - INFO - 
STEP : DEVICE GROUP CREATION AND DEPLOYMENT

2019-06-19 14:28:45,693 - CPE26-HKG-HYBRID - INFO - <Response [201]>
2019-06-19 14:28:45,694 - CPE26-HKG-HYBRID - INFO - 
PASS
2019-06-19 14:28:45,694 - CPE26-HKG-HYBRID - INFO - 
 >>>>>>>>>> DEVICE GROUP TEMPLATE CREATION PASSED. <<<<<<<<<<<

2019-06-19 14:28:50,694 - CPE26-HKG-HYBRID - INFO - 
STEP : PRE-ONBOARD WORK

2019-06-19 14:28:50,757 - CPE26-HKG-HYBRID - INFO - 
sudo /opt/versa/scripts/staging.py -w 2 -c 10.83.130.49 -s 172.16.6.102/30 -g 172.16.6.101 -l IPC00172-CPE26-HKG-HYBRID@colt.net -lk CPE26-HKG-HYBRID  -r NV-WC01-N1-HKG@colt.net -rk 1234

2019-06-19 14:28:50,759 - CPE26-HKG-HYBRID - INFO - {
	"versanms.sdwan-device-workflow": {
		"deviceName": "CPE26-HKG-HYBRID",
		"siteId": "2026",
		"orgName": "IPC00172",
		"serialNumber": "CPE26KSA",
		"deviceGroup": "AFTER_UPGRADE_DG2",
		"locationInfo": {
			"state": "karnataka",
			"country": "india",
			"longitude": "77.594563",
			"latitude": "12.971599",
			"city": "bangalore"
		},
		"postStagingTemplateInfo": {
			"templateName": "AFTER_UPGRADE_PS2",
			"templateData": {
				"device-template-variable": {
					"template": "AFTER_UPGRADE_PS2",
					"variable-binding": {
						"attrs": [{
							"name": "{$v_INT-WAN_IPv4__staticaddress}",
							"value": "172.16.6.102/30",
							"isAutogeneratable": false
						},
						
						    
						    
						    
						{ "name": "{$v_vni-0-4_LAN1_Unit-0__unit}", "value": "750", "isAutogeneratable": false},
						{ "name": "{$v_vni-0-4_LAN1_Unit-0__vlanId}", "value": "750", "isAutogeneratable": false },
						
						{
							"name": "{$v_IPC00172-Control-VR_16_Router_ID__vrRouteId}",
							"value": "20.20.72.26",
							"isAutogeneratable": true,
							"isOverwritten": false
						}, {
							"name": "{$v_IPC00172_NV-WC01-N1-HKG_Local_auth_email_key__IKELKey}",
							"value": "CPE26-HKG-HYBRID",
							"isAutogeneratable": true
						}, {
							"name": "{$v_IPC00172_NV-WC02-N1-HKG_Local_auth_email_key__IKELKey}",
							"value": "CPE26-HKG-HYBRID",
							"isAutogeneratable": true
						},
						
						
						
						{ "name": "{$v_LAN1_IPv4__staticaddress}", "value": "192.170.1.1/24", "isAutogeneratable": false},
						
						{
							"name": "{$v_IPC00172_NV-WC02-N1-HKG_Local_auth_email_identifier__IKELIdentifier}",
							"value": "CPE26-HKG-HYBRID@colt.net",
							"isAutogeneratable": true
						}, {
							"name": "{$v_Site_Id__siteSiteID}",
							"value": "2026",
							"isAutogeneratable": true
						}, {
							"name": "{$v_IPC00172_NV-WC01-N1-HKG_Local_auth_email_identifier__IKELIdentifier}",
							"value": "CPE26-HKG-HYBRID@colt.net",
							"isAutogeneratable": true
						}, {
							"name": "{$v_IPC00172_Site_Name__sitesSiteName}",
							"value": "CPE26-HKG-HYBRID",
							"isAutogeneratable": true
						}, {
							"name": "{$v_latitude__IdLatitude}",
							"value": "12.971599",
							"isAutogeneratable": true
						}, {
							"name": "{$v_identification__IdName}",
							"value": "CPE26-HKG-HYBRID",
							"isAutogeneratable": true
						}, {
							"name": "{$v_INT-WAN-Transport-VR_IPv4__vrHopAddress}",
							"value": "172.16.6.101",
							"isAutogeneratable": false
						},	{
						    "name": "{$v_tvi-0-144_-_Unit_0_Static_address__tunnelStaticAddress}",
							"value": "10.10.72.26/32",
							"isAutogeneratable": true,
							"isOverwritten": false
						}, {
							"name": "{$v_Chassis_Id__sitesChassisId}",
							"value": "CPE26KSA",
							"isAutogeneratable": true
						}, {
							"name": "{$v_longitude__Idlongitude}",
							"value": "77.594563",
							"isAutogeneratable": true
						}, {
							"name": "{$v_location__IdLocation}",
							"value": "bangalore,karnataka, india",
							"isAutogeneratable": true
						}, {
							"name": "{$v_IPC00172-Control-VR_72_Local_address__vrRouterAddress}",
							"value": "20.20.72.26",
							"isAutogeneratable": true,
							"isOverwritten": false
						}, {
							"name": "{$v_MPLS-WAN-Transport-VR_IPv4__vrHopAddress}",
							"value": "172.16.7.101",
							"isAutogeneratable": false
						}, {
							"name": "{$v_MPLS-WAN_IPv4__staticaddress}",
							"value": "172.16.7.102/30",
							"isAutogeneratable": false
						}, {
							"name": "{$v_tvi-0-145_-_Unit_0_Static_address__tunnelStaticAddress}",
							"value": "20.20.72.26/32",
							"isAutogeneratable": true,
							"isOverwritten": false
						}]
					}
				},
				"variableMetadata": [{
					"variable": "{$v_INT-WAN_IPv4__staticaddress}",
					"group": "Interfaces",
					"overlay": false,
					"type": "IPV4_MASK"
				},
                
                
                
				{"variable": "{$v_vni-0-4_LAN1_Unit-0__vlanId}", "group": "Vlan Info", "overlay": false, "type": "INTEGER"},
                
				{
					"variable": "{$v_IPC00172-Control-VR_72_Router_ID__vrRouteId}",
					"group": "Virtual Routers",
					"overlay": true,
					"type": "IPV4"
				}, {
					"variable": "{$v_IPC00172_NV-WC01-N1-HKG_Local_auth_email_key__IKELKey}",
					"group": "IPSEC",
					"overlay": false
				}, {
					"variable": "{$v_IPC00172_NV-WC02-N1-HKG_Local_auth_email_key__IKELKey}",
					"group": "IPSEC",
					"overlay": false
				},
			{
					"variable": "{$v_LAN1_IPv4__staticaddress}", "group": "Interfaces", "overlay": false, "type": "IPV4_MASK"
				},
            
				 {
					"variable": "{$v_IPC00172_NV-WC02-N1-HKG_Local_auth_email_identifier__IKELIdentifier}",
					"group": "IPSEC",
					"overlay": false
				}, {
					"variable": "{$v_Site_Id__siteSiteID}",
					"group": "SDWAN",
					"overlay": false
				}, {
					"variable": "{$v_IPC00172_NV-WC01-N1-HKG_Local_auth_email_identifier__IKELIdentifier}",
					"group": "IPSEC",
					"overlay": false
				}, {
					"variable": "{$v_IPC00172_Site_Name__sitesSiteName}",
					"group": "SDWAN",
					"overlay": false
				}, {
					"variable": "{$v_latitude__IdLatitude}",
					"group": "SDWAN",
					"overlay": false
				}, {
					"variable": "{$v_identification__IdName}",
					"group": "SDWAN",
					"overlay": false
				}, {
					"variable": "{$v_INT-WAN-Transport-VR_IPv4__vrHopAddress}",
					"group": "Virtual Routers",
					"overlay": false,
					"type": "IPV4_IPV6"
				}, {
					"variable": "{$v_tvi-0-144_-_Unit_0_Static_address__tunnelStaticAddress}",
					"group": "Interfaces",
					"overlay": true,
					"type": "IPV4_IPV6_MASK"
				}, {
					"variable": "{$v_Chassis_Id__sitesChassisId}",
					"group": "SDWAN",
					"overlay": false
				}, {
					"variable": "{$v_longitude__Idlongitude}",
					"group": "SDWAN",
					"overlay": false
				}, {
					"variable": "{$v_location__IdLocation}",
					"group": "SDWAN",
					"overlay": false
				}, {
					"variable": "{$v_IPC00172-Control-VR_72_Local_address__vrRouterAddress}",
					"group": "Virtual Routers",
					"overlay": true,
					"type": "IPV4"
				}, {
					"variable": "{$v_MPLS-WAN-Transport-VR_IPv4__vrHopAddress}",
					"group": "Virtual Routers",
					"overlay": false,
					"type": "IPV4_IPV6"
				}, {
					"variable": "{$v_tvi-0-145_-_Unit_0_Static_address__tunnelStaticAddress}",
					"group": "Interfaces",
					"overlay": true,
					"type": "IPV4_IPV6_MASK"
				}]
			}
		}
	}
}
2019-06-19 14:28:51,625 - CPE26-HKG-HYBRID - INFO - <Response [200]>
2019-06-19 14:28:51,625 - CPE26-HKG-HYBRID - INFO - PASS
2019-06-19 14:29:01,779 - CPE26-HKG-HYBRID - INFO - 20778
2019-06-19 14:29:07,052 - CPE26-HKG-HYBRID - INFO - Device deployed
2019-06-19 14:29:07,826 - CPE26-HKG-HYBRID - INFO - {u'versanms.sdwan-device-workflow': {u'postStagingTemplateInfo': {u'templateData': {u'device-template-variable': {u'variable-binding': {u'attrs': [{u'isAutogeneratable': False, u'name': u'{$v_INT-WAN-Transport-VR_IPv4__vrHopAddress}', u'value': u'172.16.6.101'}, {u'isAutogeneratable': True, u'isOverwritten': True, u'name': u'{$v_tvi-0-144_-_Unit_0_Static_address__tunnelStaticAddress}', u'value': u'10.10.72.26/32'}, {u'isAutogeneratable': False, u'name': u'{$v_vni-0-4_LAN1_Unit-0__vlanId}', u'value': 750}, {u'isAutogeneratable': True, u'isOverwritten': False, u'name': u'{$v_IPC00172-Control-VR_72_Router_ID__vrRouteId}', u'value': u'10.72.71.234'}, {u'isAutogeneratable': True, u'name': u'{$v_IPC00172_NV-WC02-N1-HKG_Local_auth_email_key__IKELKey}', u'value': u'CPE26-HKG-HYBRID'}, {u'isAutogeneratable': True, u'name': u'{$v_Chassis_Id__sitesChassisId}', u'value': u'CPE26KSA'}, {u'isAutogeneratable': False, u'name': u'{$v_INT-WAN_IPv4__staticaddress}', u'value': u'172.16.6.102/30'}, {u'isAutogeneratable': True, u'name': u'{$v_longitude__Idlongitude}', u'value': 77.594563}, {u'isAutogeneratable': True, u'isOverwritten': True, u'name': u'{$v_IPC00172-Control-VR_72_Local_address__vrRouterAddress}', u'value': u'20.20.72.26'}, {u'isAutogeneratable': True, u'name': u'{$v_IPC00172_NV-WC01-N1-HKG_Local_auth_email_key__IKELKey}', u'value': u'CPE26-HKG-HYBRID'}, {u'isAutogeneratable': True, u'name': u'{$v_location__IdLocation}', u'value': u'bangalore,karnataka, india'}, {u'isAutogeneratable': True, u'name': u'{$v_IPC00172_NV-WC02-N1-HKG_Local_auth_email_identifier__IKELIdentifier}', u'value': u'CPE26-HKG-HYBRID@colt.net'}, {u'isAutogeneratable': False, u'name': u'{$v_MPLS-WAN-Transport-VR_IPv4__vrHopAddress}', u'value': u'172.16.7.101'}, {u'isAutogeneratable': False, u'name': u'{$v_vni-0-4_LAN1_Unit-0__unit}', u'value': 750}, {u'isAutogeneratable': True, u'name': u'{$v_IPC00172_Site_Name__sitesSiteName}', u'value': u'CPE26-HKG-HYBRID'}, {u'isAutogeneratable': True, u'name': u'{$v_Site_Id__siteSiteID}', u'value': 2026}, {u'isAutogeneratable': False, u'name': u'{$v_MPLS-WAN_IPv4__staticaddress}', u'value': u'172.16.7.102/30'}, {u'isAutogeneratable': True, u'isOverwritten': True, u'name': u'{$v_tvi-0-145_-_Unit_0_Static_address__tunnelStaticAddress}', u'value': u'20.20.72.26/32'}, {u'isAutogeneratable': False, u'name': u'{$v_LAN1_IPv4__staticaddress}', u'value': u'192.170.1.1/24'}, {u'isAutogeneratable': True, u'name': u'{$v_latitude__IdLatitude}', u'value': 12.971599}, {u'isAutogeneratable': True, u'name': u'{$v_IPC00172_NV-WC01-N1-HKG_Local_auth_email_identifier__IKELIdentifier}', u'value': u'CPE26-HKG-HYBRID@colt.net'}, {u'isAutogeneratable': True, u'name': u'{$v_identification__IdName}', u'value': u'CPE26-HKG-HYBRID'}]}, u'template': u'AFTER_UPGRADE_PS2'}, u'variableMetadata': [{u'variable': u'{$v_INT-WAN-Transport-VR_IPv4__vrHopAddress}', u'type': u'IPV4', u'group': u'Virtual routers', u'overlay': False}, {u'variable': u'{$v_tvi-0-144_-_Unit_0_Static_address__tunnelStaticAddress}', u'type': u'IPV4_IPV6_MASK', u'group': u'Interfaces', u'overlay': True}, {u'variable': u'{$v_vni-0-4_LAN1_Unit-0__vlanId}', u'type': u'INTEGER', u'group': u'Vlan Info', u'overlay': False}, {u'variable': u'{$v_IPC00172-Control-VR_72_Router_ID__vrRouteId}', u'type': u'IPV4', u'group': u'Virtual routers', u'overlay': True}, {u'variable': u'{$v_IPC00172_NV-WC02-N1-HKG_Local_auth_email_key__IKELKey}', u'group': u'IPSEC', u'overlay': False}, {u'variable': u'{$v_Chassis_Id__sitesChassisId}', u'group': u'SDWAN', u'overlay': False}, {u'variable': u'{$v_INT-WAN_IPv4__staticaddress}', u'type': u'IPV4_MASK', u'group': u'Interfaces', u'overlay': False}, {u'variable': u'{$v_longitude__Idlongitude}', u'group': u'SDWAN', u'overlay': False}, {u'variable': u'{$v_IPC00172-Control-VR_72_Local_address__vrRouterAddress}', u'type': u'IPV4', u'group': u'Virtual routers', u'overlay': True}, {u'variable': u'{$v_IPC00172_NV-WC01-N1-HKG_Local_auth_email_key__IKELKey}', u'group': u'IPSEC', u'overlay': False}, {u'variable': u'{$v_location__IdLocation}', u'group': u'SDWAN', u'overlay': False}, {u'variable': u'{$v_IPC00172_NV-WC02-N1-HKG_Local_auth_email_identifier__IKELIdentifier}', u'group': u'IPSEC', u'overlay': False}, {u'variable': u'{$v_MPLS-WAN-Transport-VR_IPv4__vrHopAddress}', u'type': u'IPV4', u'group': u'Virtual routers', u'overlay': False}, {u'variable': u'{$v_vni-0-4_LAN1_Unit-0__unit}', u'type': u'INTEGER', u'group': u'Vlan Info', u'overlay': False}, {u'variable': u'{$v_IPC00172_Site_Name__sitesSiteName}', u'group': u'SDWAN', u'overlay': False}, {u'variable': u'{$v_Site_Id__siteSiteID}', u'group': u'SDWAN', u'overlay': False}, {u'variable': u'{$v_MPLS-WAN_IPv4__staticaddress}', u'type': u'IPV4_MASK', u'group': u'Interfaces', u'overlay': False}, {u'variable': u'{$v_tvi-0-145_-_Unit_0_Static_address__tunnelStaticAddress}', u'type': u'IPV4_IPV6_MASK', u'group': u'Interfaces', u'overlay': True}, {u'variable': u'{$v_LAN1_IPv4__staticaddress}', u'type': u'IPV4_MASK', u'group': u'Interfaces', u'overlay': False}, {u'variable': u'{$v_latitude__IdLatitude}', u'group': u'SDWAN', u'overlay': False}, {u'variable': u'{$v_IPC00172_NV-WC01-N1-HKG_Local_auth_email_identifier__IKELIdentifier}', u'group': u'IPSEC', u'overlay': False}, {u'variable': u'{$v_identification__IdName}', u'group': u'SDWAN', u'overlay': False}]}, u'templateName': u'AFTER_UPGRADE_PS2'}, u'deviceName': u'CPE26-HKG-HYBRID', u'workflowStatus': u'Deployed', u'deviceGroup': u'AFTER_UPGRADE_DG2', u'orgName': u'IPC00172', u'serialNumber': u'CPE26KSA', u'locationInfo': {u'latitude': 12.971599, u'country': u'india', u'state': u'karnataka', u'longitude': 77.594563, u'city': u'bangalore'}, u'lastUpdatedBy': u'smurugesan2@System', u'siteId': 2026, u'instanceInfo': u'', u'stagingTemplateInfo': u'', u'lastModifiedTime': u'2019-06-19T08:51:09.628000+00:00', u'urlztpBasedInfo': {u'authType': u'psk', u'enableIpv4Dhcp': False, u'branchKey': u'GfEf8NSIdpkUasmw', u'branchId': u'CPE26-HKG-HYBRID@IPC00172.com', u'enableIpv6': False, u'enableIpv4': False, u'enableIpv6Dhcp': False}}}
2019-06-19 14:29:27,267 - CPE26-HKG-HYBRID - INFO - configure private
Entering configuration mode private
[ok][2019-06-19 08:51:33]

[edit]
smurugesan2@VDir-BLR-NEW-01% 
2019-06-19 14:29:29,470 - CPE26-HKG-HYBRID - INFO - True
2019-06-19 14:29:30,270 - CPE26-HKG-HYBRID - INFO - set devices device NV-WC01-N1-HKG config orgs org-services Colt ipsec vpn-profile INT-WAN-NV-WC01-N1-HKG-StagingIpsec psk-auth-clients remote-client IPC00172-CPE26-HKG-HYBRID@colt.net id-type email
[ok][2019-06-19 08:51:38]

[edit]
smurugesan2@VDir-BLR-NEW-01% 
2019-06-19 14:29:31,072 - CPE26-HKG-HYBRID - INFO - set devices device NV-WC01-N1-HKG config orgs org-services Colt ipsec vpn-profile INT-WAN-NV-WC01-N1-HKG-StagingIpsec psk-auth-clients remote-client IPC00172-CPE26-HKG-HYBRID@colt.net key CPE26-HKG-HYBRID
[ok][2019-06-19 08:51:39]

[edit]
smurugesan2@VDir-BLR-NEW-01% 
2019-06-19 14:29:34,081 - CPE26-HKG-HYBRID - INFO - commit and-quit
Commit complete.
[ok][2019-06-19 08:51:42]
smurugesan2@VDir-BLR-NEW-01> 
2019-06-19 14:29:34,114 - CPE26-HKG-HYBRID - INFO - 
STEP : ONBOARD CALL

2019-06-19 14:29:34,118 - CPE26-HKG-HYBRID - INFO - 
sudo /opt/versa/scripts/staging.py -w 2 -c 10.83.130.49 -s 172.16.6.102/30 -g 172.16.6.101 -l IPC00172-CPE26-HKG-HYBRID@colt.net -lk CPE26-HKG-HYBRID  -r NV-WC01-N1-HKG@colt.net -rk 1234

