2020-05-28 13:42:25,069 - VD1 - DEBUG - <netmiko.versa.versa_ssh.VersaSSH object at 0x000000000D9DE630>
2020-05-28 13:42:30,272 - VD1 - DEBUG - versa: Automated@VDir-BLR-NEW-01>
2020-05-28 13:42:35,240 - CPE26-SIN-DUAL-CPE-DUAL-INTERNET-IPC00190-P - DEBUG - <netmiko.versa.versa_ssh.VersaSSH object at 0x000000000DA12630>
2020-05-28 13:42:40,443 - CPE26-SIN-DUAL-CPE-DUAL-INTERNET-IPC00190-P - DEBUG - versa: Automated@VDir-BLR-NEW-01>
2020-05-28 13:43:04,732 - CPE27-SIN-DUAL-CPE-DUAL-INTERNET-IPC00190-S - DEBUG - <netmiko.versa.versa_ssh.VersaSSH object at 0x000000000DA2C5F8>
2020-05-28 13:43:09,934 - CPE27-SIN-DUAL-CPE-DUAL-INTERNET-IPC00190-S - DEBUG - versa: Automated@VDir-BLR-NEW-01>
2020-05-28 13:43:34,148 - CPE11-HKG-HYBRD-IPC00190 - DEBUG - <netmiko.versa.versa_ssh.VersaSSH object at 0x000000000DA2CE10>
2020-05-28 13:43:39,352 - CPE11-HKG-HYBRD-IPC00190 - DEBUG - versa: Automated@VDir-BLR-NEW-01>
2020-05-28 13:45:21,122 - CPE26-SIN-DUAL-CPE-DUAL-INTERNET-IPC00190-P - INFO - 
DELETE Service Object

2020-05-28 13:45:21,836 - CPE26-SIN-DUAL-CPE-DUAL-INTERNET-IPC00190-P - ERROR - 
2020-05-28 13:45:21,839 - CPE26-SIN-DUAL-CPE-DUAL-INTERNET-IPC00190-P - INFO - 
FAIL : 
2020-05-28 13:45:21,839 - CPE26-SIN-DUAL-CPE-DUAL-INTERNET-IPC00190-P - INFO - >>>>>>>>>> ADDRESS OBJECT DELETION FAILED. <<<<<<<<<<<
2020-05-28 13:45:21,841 - CPE26-SIN-DUAL-CPE-DUAL-INTERNET-IPC00190-P - INFO - 
DELETE IPaddress Object

2020-05-28 13:45:22,555 - CPE26-SIN-DUAL-CPE-DUAL-INTERNET-IPC00190-P - ERROR - 
2020-05-28 13:45:22,556 - CPE26-SIN-DUAL-CPE-DUAL-INTERNET-IPC00190-P - INFO - 
FAIL : 
2020-05-28 13:45:22,558 - CPE26-SIN-DUAL-CPE-DUAL-INTERNET-IPC00190-P - INFO - >>>>>>>>>> ADDRESS OBJECT DELETION FAILED. <<<<<<<<<<<
2020-05-28 13:45:22,561 - CPE26-SIN-DUAL-CPE-DUAL-INTERNET-IPC00190-P - INFO - 
DELETE IPaddress Object

2020-05-28 13:45:23,236 - CPE26-SIN-DUAL-CPE-DUAL-INTERNET-IPC00190-P - ERROR - 
2020-05-28 13:45:23,239 - CPE26-SIN-DUAL-CPE-DUAL-INTERNET-IPC00190-P - INFO - 
FAIL : 
2020-05-28 13:45:23,240 - CPE26-SIN-DUAL-CPE-DUAL-INTERNET-IPC00190-P - INFO - >>>>>>>>>> ADDRESS OBJECT DELETION FAILED. <<<<<<<<<<<
2020-05-28 13:45:23,242 - CPE26-SIN-DUAL-CPE-DUAL-INTERNET-IPC00190-P - INFO - 
DELETE FWD PROFILE

2020-05-28 13:45:23,947 - CPE26-SIN-DUAL-CPE-DUAL-INTERNET-IPC00190-P - ERROR - 
2020-05-28 13:45:23,948 - CPE26-SIN-DUAL-CPE-DUAL-INTERNET-IPC00190-P - INFO - 
FAIL : 
2020-05-28 13:45:23,950 - CPE26-SIN-DUAL-CPE-DUAL-INTERNET-IPC00190-P - INFO - >>>>>>>>>> FORWARDING PROFILE DELETION FAILED. <<<<<<<<<<<
2020-05-28 13:45:23,951 - CPE26-SIN-DUAL-CPE-DUAL-INTERNET-IPC00190-P - INFO - 
DELETE SLA profile

2020-05-28 13:45:24,628 - CPE26-SIN-DUAL-CPE-DUAL-INTERNET-IPC00190-P - ERROR - 
2020-05-28 13:45:24,631 - CPE26-SIN-DUAL-CPE-DUAL-INTERNET-IPC00190-P - INFO - 
FAIL : 
2020-05-28 13:45:24,631 - CPE26-SIN-DUAL-CPE-DUAL-INTERNET-IPC00190-P - INFO - >>>>>>>>>> DELETE SLA Profile FAILED. <<<<<<<<<<<
