2019-02-11 16:15:08,813 - VD1 - INFO - ORG NAME:ABRIT
2019-02-11 16:15:11,224 - VD1 - DEBUG - {
  "versanms.sdwan-org-workflow": {
    "orgName": "ABRIT",
    "globalId": "139",
    "parentOrg": "Colt",
    "ikeAuthType": "psk",
    "sharedControlPlane": false,
    "controllers": ["NV-WC01-N2-BLR", "NV-WC02-N4-MUM", "NV-WC01-N5-LON", "NV-WC02-N5-LON"],
    "vrfs": [{ "name": "LAN1-VRF", "id": "1510", "enableVPN": "true", "tooltip": "" },{ "name": "LAN2-VRF", "id": "1511", "enableVPN": "true", "tooltip": "" },{ "name": "LAN3-VRF", "id": "1512", "enableVPN": "true", "tooltip": "" }],
    "supportedRoles": []
  }
}
2019-02-11 16:23:20,985 - VD1 - INFO - <Response [500]>
2019-02-11 16:23:20,986 - VD1 - INFO - {"error":{"http_status_code":500,"code":0,"message":" Global Id: 139 is already configured.","more_info":"http://nms.versa.com/errors/null"}}
2019-02-11 16:23:20,987 - VD1 - INFO - FAIL : {"error":{"http_status_code":500,"code":0,"message":" Global Id: 139 is already configured.","more_info":"http://nms.versa.com/errors/null"}}
2019-02-11 16:23:20,987 - VD1 - INFO - 
********************
RESULT:
ORG DEPLOYMENT : FAIL : {"error":{"http_status_code":500,"code":0,"message":" Global Id: 139 is already configured.","more_info":"http://nms.versa.com/errors/null"}}

********************

