2019-02-07 10:59:34,310 - VD1 - INFO - ORG NAME:JAN232
2019-02-07 10:59:34,383 - VD1 - DEBUG - {
  "versanms.sdwan-org-workflow": {
    "orgName": "JAN232",
    "globalId": "232",
    "parentOrg": "Colt",
    "ikeAuthType": "psk",
    "sharedControlPlane": false,
    "controllers": ["NV-WC01-N2-BLR", "NV-WC02-N4-MUM", "NV-WC02-N2-BLR"],
    "vrfs": [{ "name": "LAN1-VRF", "id": "2440", "enableVPN": "true", "tooltip": "" },{ "name": "LAN2-VRF", "id": "2441", "enableVPN": "true", "tooltip": "" },{ "name": "LAN3-VRF", "id": "2442", "enableVPN": "true", "tooltip": "" },{ "name": "LAN4-VRF", "id": "2443", "enableVPN": "true", "tooltip": "" }],
    "supportedRoles": []
  }
}
2019-02-07 10:59:34,384 - VD1 - INFO - PASS
2019-02-07 10:59:49,360 - VD1 - INFO - set devices device NV-WC01-N2-BLR config routing-instances JAN232-Control-VR protocols bgp 232 graceful-restart maximum-restart-time 15
set devices device NV-WC01-N2-BLR config routing-instances JAN232-Control-VR protocols bgp 232 hold-time 90
set devices device NV-WC01-N2-BLR config routing-instances JAN232-Control-VR protocols bgp 232 graceful-restart recovery-time 15
set devices device NV-WC01-N2-BLR config routing-instances JAN232-Control-VR protocols bgp 232 graceful-restart select-defer-time 15
set devices device NV-WC01-N2-BLR config routing-instances JAN232-Control-VR protocols bgp 232 graceful-restart stalepath-time 15
set devices device NV-WC01-N2-BLR config routing-instances JAN232-Control-VR protocols bgp 232 graceful-restart dynamic-peer-restart-time 0
set devices device NV-WC01-N2-BLR config routing-instances JAN232-Control-VR protocols bgp 232 prefix-list MGMT-VA-SB seq 10 permit
set devices device NV-WC01-N2-BLR config routing-instances JAN232-Control-VR protocols bgp 232 prefix-list MGMT-VA-SB seq 10 address-family ipv4 unicast address-mask 10.91.140.0/22
set devices device NV-WC01-N2-BLR config routing-instances JAN232-Control-VR protocols bgp 232 prefix-list MGMT-VA-SB seq 10 address-family ipv4 unicast ge_le ge 27
set devices device NV-WC01-N2-BLR config routing-instances JAN232-Control-VR protocols bgp 232 prefix-list MGMT-VA-SB seq 10 address-family ipv4 unicast ge_le le 32
set devices device NV-WC01-N2-BLR config routing-instances JAN232-Control-VR protocols bgp 232 routing-peer-policy EXPORT-Controllers term 1REJECT-MGMT-ROUTES match community "(^|,)100:1($|,)"
set devices device NV-WC01-N2-BLR config routing-instances JAN232-Control-VR protocols bgp 232 routing-peer-policy EXPORT-Controllers term 1REJECT-MGMT-ROUTES action reject
set devices device NV-WC01-N2-BLR config routing-instances JAN232-Control-VR protocols bgp 232 routing-peer-policy EXPORT-Controllers term 2ACCEPT-L-CPE-ROUTES match family inet-vpn
set devices device NV-WC01-N2-BLR config routing-instances JAN232-Control-VR protocols bgp 232 routing-peer-policy EXPORT-Controllers term 2ACCEPT-L-CPE-ROUTES match community "(^|,)91:10($|,)"
set devices device NV-WC01-N2-BLR config routing-instances JAN232-Control-VR protocols bgp 232 routing-peer-policy EXPORT-Controllers term 2ACCEPT-L-CPE-ROUTES action accept
delete devices device NV-WC01-N2-BLR config routing-instances JAN232--Control-VR routing-options static route 0.0.0.0/0 0.0.0.0 none
set devices device NV-WC01-N2-BLR config routing-instances JAN232-Control-VR routing-options static route 0.0.0.0/0 0.0.0.0 tvi-0/465.0
delete devices device NV-WC01-N2-BLR config orgs org-services JAN232 ipsec vpn-profile JAN232-PostStaging psk-auth-clients
set devices device NV-WC01-N2-BLR config orgs org-services JAN232 ipsec vpn-profile JAN232-PostStaging psk-auth-clients



set devices device NV-WC01-N2-BLR config routing-instances JAN232-Control-VR protocols bgp 232 routing-peer-policy EXPORT-Controllers term 3DENY-REST match family inet-vpn
set devices device NV-WC01-N2-BLR config routing-instances JAN232-Control-VR protocols bgp 232 routing-peer-policy EXPORT-Controllers term 3DENY-REST action reject
set devices device NV-WC01-N2-BLR config routing-instances JAN232-Control-VR protocols bgp 232 routing-peer-policy EXPORT-JAN232-WC-TO-GW term 1ACCEPT-MGMT-VA-SB match ip nlri prefix-list MGMT-VA-SB
set devices device NV-WC01-N2-BLR config routing-instances JAN232-Control-VR protocols bgp 232 routing-peer-policy EXPORT-JAN232-WC-TO-GW term 1ACCEPT-MGMT-VA-SB action accept
set devices device NV-WC01-N2-BLR config routing-instances JAN232-Control-VR protocols bgp 232 routing-peer-policy EXPORT-JAN232-WC-TO-GW term 2REJECT-MGMT-ROUTES match community "(^|,)100:1($|,)"
set devices device NV-WC01-N2-BLR config routing-instances JAN232-Control-VR protocols bgp 232 routing-peer-policy EXPORT-JAN232-WC-TO-GW term 2REJECT-MGMT-ROUTES action reject
set devices device NV-WC01-N2-BLR config routing-instances JAN232-Control-VR protocols bgp 232 routing-peer-policy EXPORT-JAN232-WC-TO-GW term 3REJECT-L-PGW-ROUTES match community "(^|,)91:11($|,)"
set devices device NV-WC01-N2-BLR config routing-instances JAN232-Control-VR protocols bgp 232 routing-peer-policy EXPORT-JAN232-WC-TO-GW term 3REJECT-L-PGW-ROUTES match family inet-vpn
set devices device NV-WC01-N2-BLR config routing-instances JAN232-Control-VR protocols bgp 232 routing-peer-policy EXPORT-JAN232-WC-TO-GW term 3REJECT-L-PGW-ROUTES action reject
set devices device NV-WC01-N2-BLR config routing-instances JAN232-Control-VR protocols bgp 232 routing-peer-policy EXPORT-JAN232-WC-TO-GW term 4REJECT-L-SGW-ROUTES match community "(^|,)91:12($|,)"
set devices device NV-WC01-N2-BLR config routing-instances JAN232-Control-VR protocols bgp 232 routing-peer-policy EXPORT-JAN232-WC-TO-GW term 4REJECT-L-SGW-ROUTES match family inet-vpn
set devices device NV-WC01-N2-BLR config routing-instances JAN232-Control-VR protocols bgp 232 routing-peer-policy EXPORT-JAN232-WC-TO-GW term 4REJECT-L-SGW-ROUTES action reject
set devices device NV-WC01-N2-BLR config routing-instances JAN232-Control-VR protocols bgp 232 routing-peer-policy EXPORT-JAN232-WC-TO-GW term 5ACCEPT-L-CPE-ROUTES match family inet-vpn
set devices device NV-WC01-N2-BLR config routing-instances JAN232-Control-VR protocols bgp 232 routing-peer-policy EXPORT-JAN232-WC-TO-GW term 5ACCEPT-L-CPE-ROUTES match community "(^|,)91:10($|,)"
set devices device NV-WC01-N2-BLR config routing-instances JAN232-Control-VR protocols bgp 232 routing-peer-policy EXPORT-JAN232-WC-TO-GW term 5ACCEPT-L-CPE-ROUTES action accept
set devices device NV-WC01-N2-BLR config routing-instances JAN232-Control-VR protocols bgp 232 routing-peer-policy EXPORT-JAN232-WC-TO-GW term 6ACCEPT-R-CPE-ROUTES match community "(^|,)*:10($|,)"
set devices device NV-WC01-N2-BLR config routing-instances JAN232-Control-VR protocols bgp 232 routing-peer-policy EXPORT-JAN232-WC-TO-GW term 6ACCEPT-R-CPE-ROUTES action accept
set devices device NV-WC01-N2-BLR config routing-instances JAN232-Control-VR protocols bgp 232 routing-peer-policy EXPORT-JAN232-WC-TO-GW term 6ACCEPT-R-CPE-ROUTES action community 666:666
set devices device NV-WC01-N2-BLR config routing-instances JAN232-Control-VR protocols bgp 232 routing-peer-policy EXPORT-JAN232-WC-TO-GW term 6ACCEPT-R-CPE-ROUTES action community-action set-specific
set devices device NV-WC01-N2-BLR config routing-instances JAN232-Control-VR protocols bgp 232 routing-peer-policy EXPORT-JAN232-WC-TO-GW term 7DENY-REST match family inet-vpn
set devices device NV-WC01-N2-BLR config routing-instances JAN232-Control-VR protocols bgp 232 routing-peer-policy EXPORT-JAN232-WC-TO-GW term 7DENY-REST action reject
set devices device NV-WC01-N2-BLR config routing-instances JAN232-Control-VR protocols bgp 232 routing-peer-policy IMPORT-JAN232-GW-TO-WC term 1REJECT-R-CPE-ROUTES match community "(^|,)666:666($|,)"
set devices device NV-WC01-N2-BLR config routing-instances JAN232-Control-VR protocols bgp 232 routing-peer-policy IMPORT-JAN232-GW-TO-WC term 1REJECT-R-CPE-ROUTES action reject
set devices device NV-WC01-N2-BLR config routing-instances JAN232-Control-VR protocols bgp 232 routing-peer-policy IMPORT-JAN232-GW-TO-WC term 2ACCEPT-REST match family inet-vpn
set devices device NV-WC01-N2-BLR config routing-instances JAN232-Control-VR protocols bgp 232 routing-peer-policy IMPORT-JAN232-GW-TO-WC term 2ACCEPT-REST action accept
set devices device NV-WC01-N2-BLR config routing-instances JAN232-Control-VR protocols bgp 232 group VNF-GW import IMPORT-JAN232-GW-TO-WC
set devices device NV-WC01-N2-BLR config routing-instances JAN232-Control-VR protocols bgp 232 group VNF-GW export IMPORT-JAN232-WC-TO-GW
delete devices device NV-WC01-N2-BLR config routing-instances JAN232-Control-VR protocols bgp 232 group Branches allow
set devices device NV-WC01-N2-BLR config routing-instances JAN232-Control-VR protocols bgp 232 group Branches allow all
set devices device NV-WC01-N2-BLR config routing-instances JAN232-Control-VR protocols bgp 232 group VNF-GW type internal
set devices device NV-WC01-N2-BLR config routing-instances JAN232-Control-VR protocols bgp 232 group VNF-GW family inet unicast
set devices device NV-WC01-N2-BLR config routing-instances JAN232-Control-VR protocols bgp 232 group VNF-GW family inet versa-private
set devices device NV-WC01-N2-BLR config routing-instances JAN232-Control-VR protocols bgp 232 group VNF-GW family inet-vpn unicast
set devices device NV-WC01-N2-BLR config routing-instances JAN232-Control-VR protocols bgp 232 group VNF-GW export EXPORT-JAN232-WC-TO-GW
set devices device NV-WC01-N2-BLR config routing-instances JAN232-Control-VR protocols bgp 232 group VNF-GW route-reflector-client
set devices device NV-WC01-N2-BLR config routing-instances JAN232-Control-VR protocols bgp 232 group VNF-GW bfd-liveness-detection
set devices device NV-WC01-N2-BLR config routing-instances JAN232-Control-VR protocols bgp 232 group VNF-GW bfd-liveness-detection minimum-receive-interval 1000
set devices device NV-WC01-N2-BLR config routing-instances JAN232-Control-VR protocols bgp 232 group VNF-GW bfd-liveness-detection multiplier 3
set devices device NV-WC01-N2-BLR config routing-instances JAN232-Control-VR protocols bgp 232 group VNF-GW bfd-liveness-detection transmit-interval minimum-interval 1000


set devices device NV-WC01-N2-BLR config routing-instances JAN232-Control-VR protocols bgp 232 group VNF-GW neighbor 40.232.2.1
set devices device NV-WC01-N2-BLR config routing-instances JAN232-Control-VR protocols bgp 232 group VNF-GW neighbor 40.232.2.1 peer-as 65505


set devices device NV-WC01-N2-BLR config routing-instances JAN232-Control-VR protocols bgp 232 group VNF-GW neighbor 40.232.2.2
set devices device NV-WC01-N2-BLR config routing-instances JAN232-Control-VR protocols bgp 232 group VNF-GW neighbor 40.232.2.2 peer-as 65505




set devices device NV-WC01-N2-BLR config orgs org-services JAN232 ipsec vpn-profile JAN232-PostStaging local-auth-info key NV-WC01-N2-BLR
set devices device NV-WC01-N2-BLR config orgs org-services JAN232 ipsec vpn-profile JAN232-PostStaging local-auth-info id-string NV-WC01-N2-BLR@JAN232.com





set devices device NV-WC01-N2-BLR config orgs org-services JAN232 ipsec vpn-profile JAN232-PostStaging psk-auth-clients remote-client NV-GW01-N2-BLR@JAN232.com id-type email
set devices device NV-WC01-N2-BLR config orgs org-services JAN232 ipsec vpn-profile JAN232-PostStaging psk-auth-clients remote-client NV-GW01-N2-BLR@JAN232.com key NV-GW01-N2-BLR





set devices device NV-WC01-N2-BLR config orgs org-services JAN232 ipsec vpn-profile JAN232-PostStaging psk-auth-clients remote-client NV-GW02-N2-BLR@JAN232.com id-type email
set devices device NV-WC01-N2-BLR config orgs org-services JAN232 ipsec vpn-profile JAN232-PostStaging psk-auth-clients remote-client NV-GW02-N2-BLR@JAN232.com key NV-GW02-N2-BLR

2019-02-07 11:00:17,881 - VD1 - INFO - configure
Entering configuration mode private
[ok][2019-02-07 07:03:53]

[edit]
Administrator@Versa-Dir-BLR-1% set devices device NV-WC01-N2-BLR config routing-instances JAN232-Control-VR protocols bgp 232 graceful-restart maximum-restart-time 15
[ok][2019-02-07 07:03:53]

[edit]
Administrator@Versa-Dir-BLR-1% set devices device NV-WC01-N2-BLR config routing-instances JAN232-Control-VR protocols bgp 232 hold-time 90
[ok][2019-02-07 07:03:53]

[edit]
Administrator@Versa-Dir-BLR-1% set devices device NV-WC01-N2-BLR config routing-instances JAN232-Control-VR protocols bgp 232 graceful-restart recovery-time 15
[ok][2019-02-07 07:03:54]

[edit]
Administrator@Versa-Dir-BLR-1% set devices device NV-WC01-N2-BLR config routing-instances JAN232-Control-VR protocols bgp 232 graceful-restart select-defer-time  15
[ok][2019-02-07 07:03:54]

[edit]
Administrator@Versa-Dir-BLR-1% set devices device NV-WC01-N2-BLR config routing-instances JAN232-Control-VR protocols bgp 232 graceful-restart stalepath-time 15 
[ok][2019-02-07 07:03:54]

[edit]
Administrator@Versa-Dir-BLR-1% set devices device NV-WC01-N2-BLR config routing-instances JAN232-Control-VR protocols bgp 232 graceful-restart dynamic-peer-restart-time 0
[ok][2019-02-07 07:03:55]

[edit]
Administrator@Versa-Dir-BLR-1% set devices device NV-WC01-N2-BLR config routing-instances JAN232-Control-VR protocols bgp 232 prefix-list MGMT-VA-SB seq 10 permit
[ok][2019-02-07 07:03:55]

[edit]
Administrator@Versa-Dir-BLR-1% set devices device NV-WC01-N2-BLR config routing-instances JAN232-Control-VR protocols bgp 232 prefix-list MGMT-VA-SB seq 10 address-family ipv4 unicast address-mask 10.91.140.0/22
[ok][2019-02-07 07:03:56]

[edit]
Administrator@Versa-Dir-BLR-1% set devices device NV-WC01-N2-BLR config routing-instances JAN232-Control-VR protocols bgp 232 prefix-list MGMT-VA-SB seq 10 address-family ipv4 unicast ge_le ge 27
[ok][2019-02-07 07:03:56]

[edit]
Administrator@Versa-Dir-BLR-1% set devices device NV-WC01-N2-BLR config routing-instances JAN232-Control-VR protocols bgp 232 prefix-list MGMT-VA-SB seq 10 address-family ipv4 unicast ge_le le 32
[ok][2019-02-07 07:03:56]

[edit]
Administrator@Versa-Dir-BLR-1% set devices device NV-WC01-N2-BLR config routing-instances JAN232-Control-VR protocols bgp 232 routing-peer-policy EXPORT-Controllers term 1REJECT-MGMT-ROUTES match community "(^|,)100:1($|,)"
[ok][2019-02-07 07:03:57]

[edit]
Administrator@Versa-Dir-BLR-1% set devices device NV-WC01-N2-BLR config routing-instances JAN232-Control-VR protocols bgp 232 routing-peer-policy EXPORT-Controllers term 1REJECT-MGMT-ROUTES action reject
[ok][2019-02-07 07:03:57]

[edit]
Administrator@Versa-Dir-BLR-1% set devices device NV-WC01-N2-BLR config routing-instances JAN232-Control-VR protocols bgp 232 routing-peer-policy EXPORT-Controllers term 2ACCEPT-L-CPE-ROUTES match family inet-vpn
[ok][2019-02-07 07:03:58]

[edit]
Administrator@Versa-Dir-BLR-1% set devices device NV-WC01-N2-BLR config routing-instances JAN232-Control-VR protocols bgp 232 routing-peer-policy EXPORT-Controllers term 2ACCEPT-L-CPE-ROUTES match community "(^|,)91:10($|,)"
[ok][2019-02-07 07:03:58]

[edit]
Administrator@Versa-Dir-BLR-1% set devices device NV-WC01-N2-BLR config routing-instances JAN232-Control-VR protocols bgp 232 routing-peer-policy EXPORT-Controllers term 2ACCEPT-L-CPE-ROUTES action accept
[ok][2019-02-07 07:03:59]

[edit]
Administrator@Versa-Dir-BLR-1% delete devices device NV-WC01-N2-BLR config routing-instances JAN232--Control-VR routing-options static route 0.0.0.0/0 0.0.0.0 none
Error: element not found
[error][2019-02-07 07:03:59]

[edit]
Administrator@Versa-Dir-BLR-1% set devices device NV-WC01-N2-BLR config routing-instances JAN232-Control-VR routing-options static route 0.0.0.0/0 0.0.0.0 tvi-0/465.0
[ok][2019-02-07 07:04:00]

[edit]
Administrator@Versa-Dir-BLR-1% delete devices device NV-WC01-N2-BLR config orgs  org-services JAN232 ipsec vpn-profile JAN232-PostStaging psk-auth-clients
[ok][2019-02-07 07:04:00]

[edit]
Administrator@Versa-Dir-BLR-1% set devices device NV-WC01-N2-BLR config orgs org-services JAN232 ipsec vpn-profile JAN232-PostStaging psk-auth-clients
[ok][2019-02-07 07:04:00]

[edit]
Administrator@Versa-Dir-BLR-1% 

[edit]
Administrator@Versa-Dir-BLR-1% 

[edit]
Administrator@Versa-Dir-BLR-1% 

[edit]
Administrator@Versa-Dir-BLR-1% set devices device NV-WC01-N2-BLR config routing-instances JAN232-Control-VR protocols bgp 232 routing-peer-policy EXPORT-Controllers term 3DENY-REST match family inet-vpn
[ok][2019-02-07 07:04:01]

[edit]
Administrator@Versa-Dir-BLR-1% set devices device NV-WC01-N2-BLR config routing-instances JAN232-Control-VR protocols bgp 232 routing-peer-policy EXPORT-Controllers term 3DENY-REST action reject
[ok][2019-02-07 07:04:01]

[edit]
Administrator@Versa-Dir-BLR-1% set devices device NV-WC01-N2-BLR config routing-instances JAN232-Control-VR protocols bgp 232 routing-peer-policy EXPORT-JAN232-WC-TO-GW term 1ACCEPT-MGMT-VA-SB match ip nlri prefix-list MGMT-VA-SB
[ok][2019-02-07 07:04:02]

[edit]
Administrator@Versa-Dir-BLR-1% set devices device NV-WC01-N2-BLR config routing-instances JAN232-Control-VR protocols bgp 232 routing-peer-policy EXPORT-JAN232-WC-TO-GW term 1ACCEPT-MGMT-VA-SB action accept
[ok][2019-02-07 07:04:02]

[edit]
Administrator@Versa-Dir-BLR-1% set devices device NV-WC01-N2-BLR config routing-instances JAN232-Control-VR protocols bgp 232 routing-peer-policy EXPORT-JAN232-WC-TO-GW term 2REJECT-MGMT-ROUTES match community "(^|,)100:1($|,)"
[ok][2019-02-07 07:04:03]

[edit]
Administrator@Versa-Dir-BLR-1% set devices device NV-WC01-N2-BLR config routing-instances JAN232-Control-VR protocols bgp 232 routing-peer-policy EXPORT-JAN232-WC-TO-GW term 2REJECT-MGMT-ROUTES action reject
[ok][2019-02-07 07:04:03]

[edit]
Administrator@Versa-Dir-BLR-1% set devices device NV-WC01-N2-BLR config routing-instances JAN232-Control-VR protocols bgp 232 routing-peer-policy EXPORT-JAN232-WC-TO-GW term 3REJECT-L-PGW-ROUTES match community "(^|,)91:11($|,)"
[ok][2019-02-07 07:04:04]

[edit]
Administrator@Versa-Dir-BLR-1% set devices device NV-WC01-N2-BLR config routing-instances JAN232-Control-VR protocols bgp 232 routing-peer-policy EXPORT-JAN232-WC-TO-GW term 3REJECT-L-PGW-ROUTES match family inet-vpn
[ok][2019-02-07 07:04:04]

[edit]
Administrator@Versa-Dir-BLR-1% set devices device NV-WC01-N2-BLR config routing-instances JAN232-Control-VR protocols bgp 232 routing-peer-policy EXPORT-JAN232-WC-TO-GW term 3REJECT-L-PGW-ROUTES action reject
[ok][2019-02-07 07:04:05]

[edit]
Administrator@Versa-Dir-BLR-1% set devices device NV-WC01-N2-BLR config routing-instances JAN232-Control-VR protocols bgp 232 routing-peer-policy EXPORT-JAN232-WC-TO-GW term 4REJECT-L-SGW-ROUTES match community "(^|,)91:12($|,)"
[ok][2019-02-07 07:04:05]

[edit]
Administrator@Versa-Dir-BLR-1% set devices device NV-WC01-N2-BLR config routing-instances JAN232-Control-VR protocols bgp 232 routing-peer-policy EXPORT-JAN232-WC-TO-GW term 4REJECT-L-SGW-ROUTES match family inet-vpn
[ok][2019-02-07 07:04:05]

[edit]
Administrator@Versa-Dir-BLR-1% set devices device NV-WC01-N2-BLR config routing-instances JAN232-Control-VR protocols bgp 232 routing-peer-policy EXPORT-JAN232-WC-TO-GW term 4REJECT-L-SGW-ROUTES action reject
[ok][2019-02-07 07:04:06]

[edit]
Administrator@Versa-Dir-BLR-1% set devices device NV-WC01-N2-BLR config routing-instances JAN232-Control-VR protocols bgp 232 routing-peer-policy EXPORT-JAN232-WC-TO-GW term 5ACCEPT-L-CPE-ROUTES match family inet-vpn
[ok][2019-02-07 07:04:06]

[edit]
Administrator@Versa-Dir-BLR-1% set devices device NV-WC01-N2-BLR config routing-instances JAN232-Control-VR protocols bgp 232 routing-peer-policy EXPORT-JAN232-WC-TO-GW term 5ACCEPT-L-CPE-ROUTES match community "(^|,)91:10($|,)"
[ok][2019-02-07 07:04:07]

[edit]
Administrator@Versa-Dir-BLR-1% set devices device NV-WC01-N2-BLR config routing-instances JAN232-Control-VR protocols bgp 232 routing-peer-policy EXPORT-JAN232-WC-TO-GW term 5ACCEPT-L-CPE-ROUTES action accept
[ok][2019-02-07 07:04:07]

[edit]
Administrator@Versa-Dir-BLR-1% set devices device NV-WC01-N2-BLR config routing-instances JAN232-Control-VR protocols bgp 232 routing-peer-policy EXPORT-JAN232-WC-TO-GW term 6ACCEPT-R-CPE-ROUTES match community "(^|,)*:10($|,)"
[ok][2019-02-07 07:04:07]

[edit]
Administrator@Versa-Dir-BLR-1% set devices device NV-WC01-N2-BLR config routing-instances JAN232-Control-VR protocols bgp 232 routing-peer-policy EXPORT-JAN232-WC-TO-GW term 6ACCEPT-R-CPE-ROUTES action accept
[ok][2019-02-07 07:04:08]

[edit]
Administrator@Versa-Dir-BLR-1% set devices device NV-WC01-N2-BLR config routing-instances JAN232-Control-VR protocols bgp 232 routing-peer-policy EXPORT-JAN232-WC-TO-GW term 6ACCEPT-R-CPE-ROUTES action community 666:666
[ok][2019-02-07 07:04:08]

[edit]
Administrator@Versa-Dir-BLR-1% set devices device NV-WC01-N2-BLR config routing-instances JAN232-Control-VR protocols bgp 232 routing-peer-policy EXPORT-JAN232-WC-TO-GW term 6ACCEPT-R-CPE-ROUTES action community-action set-specific
[ok][2019-02-07 07:04:08]

[edit]
Administrator@Versa-Dir-BLR-1% set devices device NV-WC01-N2-BLR config routing-instances JAN232-Control-VR protocols bgp 232 routing-peer-policy EXPORT-JAN232-WC-TO-GW term 7DENY-REST match family inet-vpn
[ok][2019-02-07 07:04:09]

[edit]
Administrator@Versa-Dir-BLR-1% set devices device NV-WC01-N2-BLR config routing-instances JAN232-Control-VR protocols bgp 232 routing-peer-policy EXPORT-JAN232-WC-TO-GW term 7DENY-REST action reject
[ok][2019-02-07 07:04:09]

[edit]
Administrator@Versa-Dir-BLR-1% set devices device NV-WC01-N2-BLR config routing-instances JAN232-Control-VR protocols bgp 232 routing-peer-policy IMPORT-JAN232-GW-TO-WC term 1REJECT-R-CPE-ROUTES match community "(^|,)666:666($|,)"
[ok][2019-02-07 07:04:09]

[edit]
Administrator@Versa-Dir-BLR-1% set devices device NV-WC01-N2-BLR config routing-instances JAN232-Control-VR protocols bgp 232 routing-peer-policy IMPORT-JAN232-GW-TO-WC term 1REJECT-R-CPE-ROUTES action reject
[ok][2019-02-07 07:04:10]

[edit]
Administrator@Versa-Dir-BLR-1% set devices device NV-WC01-N2-BLR config routing-instances JAN232-Control-VR protocols bgp 232 routing-peer-policy IMPORT-JAN232-GW-TO-WC term 2ACCEPT-REST match family inet-vpn
[ok][2019-02-07 07:04:10]

[edit]
Administrator@Versa-Dir-BLR-1% set devices device NV-WC01-N2-BLR config routing-instances JAN232-Control-VR protocols bgp 232 routing-peer-policy IMPORT-JAN232-GW-TO-WC term 2ACCEPT-REST action accept
[ok][2019-02-07 07:04:11]

[edit]
Administrator@Versa-Dir-BLR-1% set devices device NV-WC01-N2-BLR config routing-instances JAN232-Control-VR protocols bgp 232 group VNF-GW import IMPORT-JAN232-GW-TO-WC
[ok][2019-02-07 07:04:11]

[edit]
Administrator@Versa-Dir-BLR-1% set devices device NV-WC01-N2-BLR config routing-instances JAN232-Control-VR protocols bgp 232 group VNF-GW export IMPORT-JAN232-WC-TO-GW
[ok][2019-02-07 07:04:11]

[edit]
Administrator@Versa-Dir-BLR-1% delete devices device NV-WC01-N2-BLR config routing-instances JAN232-Control-VR protocols bgp 232 group Branches allow
[ok][2019-02-07 07:04:12]

[edit]
Administrator@Versa-Dir-BLR-1% set devices device NV-WC01-N2-BLR config routing-instances JAN232-Control-VR protocols bgp 232 group Branches allow all
[ok][2019-02-07 07:04:12]

[edit]
Administrator@Versa-Dir-BLR-1% set devices device NV-WC01-N2-BLR config routing-instances JAN232-Control-VR protocols bgp 232 group VNF-GW type internal
[ok][2019-02-07 07:04:12]

[edit]
Administrator@Versa-Dir-BLR-1% set devices device NV-WC01-N2-BLR config routing-instances JAN232-Control-VR protocols bgp 232 group VNF-GW family inet unicast
[ok][2019-02-07 07:04:12]

[edit]
Administrator@Versa-Dir-BLR-1% set devices device NV-WC01-N2-BLR config routing-instances JAN232-Control-VR protocols bgp 232 group VNF-GW family inet versa-private
[ok][2019-02-07 07:04:13]

[edit]
Administrator@Versa-Dir-BLR-1% set devices device NV-WC01-N2-BLR config routing-instances JAN232-Control-VR protocols bgp 232 group VNF-GW family inet-vpn unicast
[ok][2019-02-07 07:04:13]

[edit]
Administrator@Versa-Dir-BLR-1% set devices device NV-WC01-N2-BLR config routing-instances JAN232-Control-VR protocols bgp 232 group VNF-GW export EXPORT-JAN232-WC-TO-GW
[ok][2019-02-07 07:04:14]

[edit]
Administrator@Versa-Dir-BLR-1% set devices device NV-WC01-N2-BLR config routing-instances JAN232-Control-VR protocols bgp 232 group VNF-GW route-reflector-client
[ok][2019-02-07 07:04:14]

[edit]
Administrator@Versa-Dir-BLR-1% set devices device NV-WC01-N2-BLR config routing-instances JAN232-Control-VR protocols bgp 232 group VNF-GW bfd-liveness-detection
[ok][2019-02-07 07:04:14]

[edit]
Administrator@Versa-Dir-BLR-1% set devices device NV-WC01-N2-BLR config routing-instances JAN232-Control-VR protocols bgp 232 group VNF-GW bfd-liveness-detection minimum-receive-interval 1000
[ok][2019-02-07 07:04:14]

[edit]
Administrator@Versa-Dir-BLR-1% set devices device NV-WC01-N2-BLR config routing-instances JAN232-Control-VR protocols bgp 232 group VNF-GW bfd-liveness-detection multiplier 3
[ok][2019-02-07 07:04:15]

[edit]
Administrator@Versa-Dir-BLR-1% set devices device NV-WC01-N2-BLR config routing-instances JAN232-Control-VR protocols bgp 232 group VNF-GW bfd-liveness-detection transmit-interval minimum-interval 1000
[ok][2019-02-07 07:04:15]

[edit]
Administrator@Versa-Dir-BLR-1% 

[edit]
Administrator@Versa-Dir-BLR-1% 

[edit]
Administrator@Versa-Dir-BLR-1% set devices device NV-WC01-N2-BLR config routing-instances JAN232-Control-VR protocols bgp 232 group VNF-GW neighbor 40.232.2.1
[ok][2019-02-07 07:04:15]

[edit]
Administrator@Versa-Dir-BLR-1% set devices device NV-WC01-N2-BLR config routing-instances JAN232-Control-VR protocols bgp 232 group VNF-GW neighbor 40.232.2.1 peer-as 65505
[ok][2019-02-07 07:04:16]

[edit]
Administrator@Versa-Dir-BLR-1% 

[edit]
Administrator@Versa-Dir-BLR-1% 

[edit]
Administrator@Versa-Dir-BLR-1% set devices device NV-WC01-N2-BLR config routing-instances JAN232-Control-VR protocols bgp 232 group VNF-GW neighbor 40.232.2.2
[ok][2019-02-07 07:04:16]

[edit]
Administrator@Versa-Dir-BLR-1% set devices device NV-WC01-N2-BLR config routing-instances JAN232-Control-VR protocols bgp 232 group VNF-GW neighbor 40.232.2.2 peer-as 65505
[ok][2019-02-07 07:04:17]

[edit]
Administrator@Versa-Dir-BLR-1% 

[edit]
Administrator@Versa-Dir-BLR-1% 

[edit]
Administrator@Versa-Dir-BLR-1% 

[edit]
Administrator@Versa-Dir-BLR-1% 

[edit]
Administrator@Versa-Dir-BLR-1% set devices device NV-WC01-N2-BLR config orgs org-services JAN232 ipsec vpn-profile JAN232-PostStaging local-auth-info key NV-WC01-N2-BLR
[ok][2019-02-07 07:04:17]

[edit]
Administrator@Versa-Dir-BLR-1% set devices device NV-WC01-N2-BLR config orgs org-services JAN232 ipsec vpn-profile JAN232-PostStaging local-auth-info id-string  NV-WC01-N2-BLR@JAN232.com
[ok][2019-02-07 07:04:17]

[edit]
Administrator@Versa-Dir-BLR-1% 

[edit]
Administrator@Versa-Dir-BLR-1% 

[edit]
Administrator@Versa-Dir-BLR-1% 

[edit]
Administrator@Versa-Dir-BLR-1% 

[edit]
Administrator@Versa-Dir-BLR-1% 

[edit]
Administrator@Versa-Dir-BLR-1% set devices device NV-WC01-N2-BLR config orgs org-services JAN232 ipsec vpn-profile JAN232-PostStaging psk-auth-clients remote-client NV-GW01-N2-BLR@JAN232.com id-type email
[ok][2019-02-07 07:04:18]

[edit]
Administrator@Versa-Dir-BLR-1% set devices device NV-WC01-N2-BLR config orgs org-services JAN232 ipsec vpn-profile JAN232-PostStaging psk-auth-clients remote-client NV-GW01-N2-BLR@JAN232.com key NV-GW01-N2-BLR
[ok][2019-02-07 07:04:18]

[edit]
Administrator@Versa-Dir-BLR-1% 

[edit]
Administrator@Versa-Dir-BLR-1% 

[edit]
Administrator@Versa-Dir-BLR-1% 

[edit]
Administrator@Versa-Dir-BLR-1% 

[edit]
Administrator@Versa-Dir-BLR-1% 

[edit]
Administrator@Versa-Dir-BLR-1% set devices device NV-WC01-N2-BLR config orgs org-services JAN232 ipsec vpn-profile JAN232-PostStaging psk-auth-clients remote-client NV-GW02-N2-BLR@JAN232.com id-type email
[ok][2019-02-07 07:04:19]

[edit]
Administrator@Versa-Dir-BLR-1% set devices device NV-WC01-N2-BLR config orgs org-services JAN232 ipsec vpn-profile JAN232-PostStaging psk-auth-clients remote-client NV-GW02-N2-BLR@JAN232.com key NV-GW02-N2-BLR
[ok][2019-02-07 07:04:19]

[edit]
Administrator@Versa-Dir-BLR-1% 
2019-02-07 11:00:18,283 - VD1 - INFO - commit
No modifications to commit.
[ok][2019-02-07 07:04:21]

[edit]
Administrator@Versa-Dir-BLR-1% 
2019-02-07 11:00:18,283 - VD1 - INFO - NV-WC01-N2-BLR : element not found error.No modifications to commit.
2019-02-07 11:00:33,203 - VD1 - INFO - set devices device NV-WC02-N4-MUM config routing-instances JAN232-Control-VR protocols bgp 232 graceful-restart maximum-restart-time 15
set devices device NV-WC02-N4-MUM config routing-instances JAN232-Control-VR protocols bgp 232 hold-time 90
set devices device NV-WC02-N4-MUM config routing-instances JAN232-Control-VR protocols bgp 232 graceful-restart recovery-time 15
set devices device NV-WC02-N4-MUM config routing-instances JAN232-Control-VR protocols bgp 232 graceful-restart select-defer-time 15
set devices device NV-WC02-N4-MUM config routing-instances JAN232-Control-VR protocols bgp 232 graceful-restart stalepath-time 15
set devices device NV-WC02-N4-MUM config routing-instances JAN232-Control-VR protocols bgp 232 graceful-restart dynamic-peer-restart-time 0
set devices device NV-WC02-N4-MUM config routing-instances JAN232-Control-VR protocols bgp 232 prefix-list MGMT-VA-SB seq 10 permit
set devices device NV-WC02-N4-MUM config routing-instances JAN232-Control-VR protocols bgp 232 prefix-list MGMT-VA-SB seq 10 address-family ipv4 unicast address-mask 10.91.140.0/22
set devices device NV-WC02-N4-MUM config routing-instances JAN232-Control-VR protocols bgp 232 prefix-list MGMT-VA-SB seq 10 address-family ipv4 unicast ge_le ge 27
set devices device NV-WC02-N4-MUM config routing-instances JAN232-Control-VR protocols bgp 232 prefix-list MGMT-VA-SB seq 10 address-family ipv4 unicast ge_le le 32
set devices device NV-WC02-N4-MUM config routing-instances JAN232-Control-VR protocols bgp 232 routing-peer-policy EXPORT-Controllers term 1REJECT-MGMT-ROUTES match community "(^|,)100:1($|,)"
set devices device NV-WC02-N4-MUM config routing-instances JAN232-Control-VR protocols bgp 232 routing-peer-policy EXPORT-Controllers term 1REJECT-MGMT-ROUTES action reject
set devices device NV-WC02-N4-MUM config routing-instances JAN232-Control-VR protocols bgp 232 routing-peer-policy EXPORT-Controllers term 2ACCEPT-L-CPE-ROUTES match family inet-vpn
set devices device NV-WC02-N4-MUM config routing-instances JAN232-Control-VR protocols bgp 232 routing-peer-policy EXPORT-Controllers term 2ACCEPT-L-CPE-ROUTES match community "(^|,)1091:10($|,)"
set devices device NV-WC02-N4-MUM config routing-instances JAN232-Control-VR protocols bgp 232 routing-peer-policy EXPORT-Controllers term 2ACCEPT-L-CPE-ROUTES action accept
delete devices device NV-WC02-N4-MUM config routing-instances JAN232--Control-VR routing-options static route 0.0.0.0/0 0.0.0.0 none
set devices device NV-WC02-N4-MUM config routing-instances JAN232-Control-VR routing-options static route 0.0.0.0/0 0.0.0.0 tvi-0/465.0
delete devices device NV-WC02-N4-MUM config orgs org-services JAN232 ipsec vpn-profile JAN232-PostStaging psk-auth-clients
set devices device NV-WC02-N4-MUM config orgs org-services JAN232 ipsec vpn-profile JAN232-PostStaging psk-auth-clients







set devices device NV-WC02-N4-MUM config routing-instances JAN232-Control-VR protocols bgp 232 routing-peer-policy EXPORT-Controllers term 2ACCEPT-BLR-ROUTES match family inet-vpn
set devices device NV-WC02-N4-MUM config routing-instances JAN232-Control-VR protocols bgp 232 routing-peer-policy EXPORT-Controllers term 2ACCEPT-BLR-ROUTES match community "(^|,)91:10($|,)"
set devices device NV-WC02-N4-MUM config routing-instances JAN232-Control-VR protocols bgp 232 routing-peer-policy EXPORT-Controllers term 2ACCEPT-BLR-ROUTES action accept
set devices device NV-WC02-N4-MUM config orgs org-services JAN232 ipsec vpn-profile JAN232-PostStaging psk-auth-clients remote-client NV-WC02-N2-BLR@JAN232.com id-type email
set devices device NV-WC02-N4-MUM config orgs org-services JAN232 ipsec vpn-profile JAN232-PostStaging psk-auth-clients remote-client NV-WC02-N2-BLR@JAN232.com key NV-WC02-N2-BLR




set devices device NV-WC02-N4-MUM config routing-instances JAN232-Control-VR protocols bgp 232 routing-peer-policy EXPORT-Controllers term 3DENY-REST match family inet-vpn
set devices device NV-WC02-N4-MUM config routing-instances JAN232-Control-VR protocols bgp 232 routing-peer-policy EXPORT-Controllers term 3DENY-REST action reject
set devices device NV-WC02-N4-MUM config routing-instances JAN232-Control-VR protocols bgp 232 routing-peer-policy EXPORT-JAN232-WC-TO-GW term 1ACCEPT-MGMT-VA-SB match ip nlri prefix-list MGMT-VA-SB
set devices device NV-WC02-N4-MUM config routing-instances JAN232-Control-VR protocols bgp 232 routing-peer-policy EXPORT-JAN232-WC-TO-GW term 1ACCEPT-MGMT-VA-SB action accept
set devices device NV-WC02-N4-MUM config routing-instances JAN232-Control-VR protocols bgp 232 routing-peer-policy EXPORT-JAN232-WC-TO-GW term 2REJECT-MGMT-ROUTES match community "(^|,)100:1($|,)"
set devices device NV-WC02-N4-MUM config routing-instances JAN232-Control-VR protocols bgp 232 routing-peer-policy EXPORT-JAN232-WC-TO-GW term 2REJECT-MGMT-ROUTES action reject
set devices device NV-WC02-N4-MUM config routing-instances JAN232-Control-VR protocols bgp 232 routing-peer-policy EXPORT-JAN232-WC-TO-GW term 3REJECT-L-PGW-ROUTES match community "(^|,)1091:11($|,)"
set devices device NV-WC02-N4-MUM config routing-instances JAN232-Control-VR protocols bgp 232 routing-peer-policy EXPORT-JAN232-WC-TO-GW term 3REJECT-L-PGW-ROUTES match family inet-vpn
set devices device NV-WC02-N4-MUM config routing-instances JAN232-Control-VR protocols bgp 232 routing-peer-policy EXPORT-JAN232-WC-TO-GW term 3REJECT-L-PGW-ROUTES action reject
set devices device NV-WC02-N4-MUM config routing-instances JAN232-Control-VR protocols bgp 232 routing-peer-policy EXPORT-JAN232-WC-TO-GW term 4REJECT-L-SGW-ROUTES match community "(^|,)1091:12($|,)"
set devices device NV-WC02-N4-MUM config routing-instances JAN232-Control-VR protocols bgp 232 routing-peer-policy EXPORT-JAN232-WC-TO-GW term 4REJECT-L-SGW-ROUTES match family inet-vpn
set devices device NV-WC02-N4-MUM config routing-instances JAN232-Control-VR protocols bgp 232 routing-peer-policy EXPORT-JAN232-WC-TO-GW term 4REJECT-L-SGW-ROUTES action reject
set devices device NV-WC02-N4-MUM config routing-instances JAN232-Control-VR protocols bgp 232 routing-peer-policy EXPORT-JAN232-WC-TO-GW term 5ACCEPT-L-CPE-ROUTES match family inet-vpn
set devices device NV-WC02-N4-MUM config routing-instances JAN232-Control-VR protocols bgp 232 routing-peer-policy EXPORT-JAN232-WC-TO-GW term 5ACCEPT-L-CPE-ROUTES match community "(^|,)1091:10($|,)"
set devices device NV-WC02-N4-MUM config routing-instances JAN232-Control-VR protocols bgp 232 routing-peer-policy EXPORT-JAN232-WC-TO-GW term 5ACCEPT-L-CPE-ROUTES action accept
set devices device NV-WC02-N4-MUM config routing-instances JAN232-Control-VR protocols bgp 232 routing-peer-policy EXPORT-JAN232-WC-TO-GW term 6ACCEPT-R-CPE-ROUTES match community "(^|,)*:10($|,)"
set devices device NV-WC02-N4-MUM config routing-instances JAN232-Control-VR protocols bgp 232 routing-peer-policy EXPORT-JAN232-WC-TO-GW term 6ACCEPT-R-CPE-ROUTES action accept
set devices device NV-WC02-N4-MUM config routing-instances JAN232-Control-VR protocols bgp 232 routing-peer-policy EXPORT-JAN232-WC-TO-GW term 6ACCEPT-R-CPE-ROUTES action community 666:666
set devices device NV-WC02-N4-MUM config routing-instances JAN232-Control-VR protocols bgp 232 routing-peer-policy EXPORT-JAN232-WC-TO-GW term 6ACCEPT-R-CPE-ROUTES action community-action set-specific
set devices device NV-WC02-N4-MUM config routing-instances JAN232-Control-VR protocols bgp 232 routing-peer-policy EXPORT-JAN232-WC-TO-GW term 7DENY-REST match family inet-vpn
set devices device NV-WC02-N4-MUM config routing-instances JAN232-Control-VR protocols bgp 232 routing-peer-policy EXPORT-JAN232-WC-TO-GW term 7DENY-REST action reject
set devices device NV-WC02-N4-MUM config routing-instances JAN232-Control-VR protocols bgp 232 routing-peer-policy IMPORT-JAN232-GW-TO-WC term 1REJECT-R-CPE-ROUTES match community "(^|,)666:666($|,)"
set devices device NV-WC02-N4-MUM config routing-instances JAN232-Control-VR protocols bgp 232 routing-peer-policy IMPORT-JAN232-GW-TO-WC term 1REJECT-R-CPE-ROUTES action reject
set devices device NV-WC02-N4-MUM config routing-instances JAN232-Control-VR protocols bgp 232 routing-peer-policy IMPORT-JAN232-GW-TO-WC term 2ACCEPT-REST match family inet-vpn
set devices device NV-WC02-N4-MUM config routing-instances JAN232-Control-VR protocols bgp 232 routing-peer-policy IMPORT-JAN232-GW-TO-WC term 2ACCEPT-REST action accept
set devices device NV-WC02-N4-MUM config routing-instances JAN232-Control-VR protocols bgp 232 group VNF-GW import IMPORT-JAN232-GW-TO-WC
set devices device NV-WC02-N4-MUM config routing-instances JAN232-Control-VR protocols bgp 232 group VNF-GW export IMPORT-JAN232-WC-TO-GW
delete devices device NV-WC02-N4-MUM config routing-instances JAN232-Control-VR protocols bgp 232 group Branches allow
set devices device NV-WC02-N4-MUM config routing-instances JAN232-Control-VR protocols bgp 232 group Branches allow all
set devices device NV-WC02-N4-MUM config routing-instances JAN232-Control-VR protocols bgp 232 group VNF-GW type internal
set devices device NV-WC02-N4-MUM config routing-instances JAN232-Control-VR protocols bgp 232 group VNF-GW family inet unicast
set devices device NV-WC02-N4-MUM config routing-instances JAN232-Control-VR protocols bgp 232 group VNF-GW family inet versa-private
set devices device NV-WC02-N4-MUM config routing-instances JAN232-Control-VR protocols bgp 232 group VNF-GW family inet-vpn unicast
set devices device NV-WC02-N4-MUM config routing-instances JAN232-Control-VR protocols bgp 232 group VNF-GW export EXPORT-JAN232-WC-TO-GW
set devices device NV-WC02-N4-MUM config routing-instances JAN232-Control-VR protocols bgp 232 group VNF-GW route-reflector-client
set devices device NV-WC02-N4-MUM config routing-instances JAN232-Control-VR protocols bgp 232 group VNF-GW bfd-liveness-detection
set devices device NV-WC02-N4-MUM config routing-instances JAN232-Control-VR protocols bgp 232 group VNF-GW bfd-liveness-detection minimum-receive-interval 1000
set devices device NV-WC02-N4-MUM config routing-instances JAN232-Control-VR protocols bgp 232 group VNF-GW bfd-liveness-detection multiplier 3
set devices device NV-WC02-N4-MUM config routing-instances JAN232-Control-VR protocols bgp 232 group VNF-GW bfd-liveness-detection transmit-interval minimum-interval 1000


set devices device NV-WC02-N4-MUM config routing-instances JAN232-Control-VR protocols bgp 232 group Controllers type internal
set devices device NV-WC02-N4-MUM config routing-instances JAN232-Control-VR protocols bgp 232 group Controllers family inet versa-private
set devices device NV-WC02-N4-MUM config routing-instances JAN232-Control-VR protocols bgp 232 group Controllers family inet-vpn unicast
set devices device NV-WC02-N4-MUM config routing-instances JAN232-Control-VR protocols bgp 232 group Controllers export EXPORT-Controllers
set devices device NV-WC02-N4-MUM config routing-instances JAN232-Control-VR protocols bgp 232 group Controllers route-reflector-client
set devices device NV-WC02-N4-MUM config routing-instances JAN232-Control-VR protocols bgp 232 group Controllers peer-as 65505


set devices device NV-WC02-N4-MUM config routing-instances JAN232-Control-VR protocols bgp 232 group Controllers neighbor 10.232.0.24



set devices device NV-WC02-N4-MUM config orgs org-services JAN232 ipsec vpn-profile JAN232-PostStaging local-auth-info key NV-WC02-N4-MUM
set devices device NV-WC02-N4-MUM config orgs org-services JAN232 ipsec vpn-profile JAN232-PostStaging local-auth-info id-string NV-WC02-N4-MUM@JAN232.com

2019-02-07 11:01:04,115 - VD1 - INFO - configure
Entering configuration mode private
Current configuration users:
Administrator ssh (cli from 10.91.124.96) on since 2019-02-07 07:03:46 private mode
[ok][2019-02-07 07:04:37]

[edit]
Administrator@Versa-Dir-BLR-1% set devices device NV-WC02-N4-MUM config routing-instances JAN232-Control-VR protocols bgp 232 graceful-restart maximum-restart-time 15
[ok][2019-02-07 07:04:37]

[edit]
Administrator@Versa-Dir-BLR-1% set devices device NV-WC02-N4-MUM config routing-instances JAN232-Control-VR protocols bgp 232 hold-time 90
[ok][2019-02-07 07:04:37]

[edit]
Administrator@Versa-Dir-BLR-1% set devices device NV-WC02-N4-MUM config routing-instances JAN232-Control-VR protocols bgp 232 graceful-restart recovery-time 15
[ok][2019-02-07 07:04:38]

[edit]
Administrator@Versa-Dir-BLR-1% set devices device NV-WC02-N4-MUM config routing-instances JAN232-Control-VR protocols bgp 232 graceful-restart select-defer-time  15
[ok][2019-02-07 07:04:38]

[edit]
Administrator@Versa-Dir-BLR-1% set devices device NV-WC02-N4-MUM config routing-instances JAN232-Control-VR protocols bgp 232 graceful-restart stalepath-time 15 
[ok][2019-02-07 07:04:38]

[edit]
Administrator@Versa-Dir-BLR-1% set devices device NV-WC02-N4-MUM config routing-instances JAN232-Control-VR protocols bgp 232 graceful-restart dynamic-peer-restart-time 0
[ok][2019-02-07 07:04:38]

[edit]
Administrator@Versa-Dir-BLR-1% set devices device NV-WC02-N4-MUM config routing-instances JAN232-Control-VR protocols bgp 232 prefix-list MGMT-VA-SB seq 10 permit
[ok][2019-02-07 07:04:39]

[edit]
Administrator@Versa-Dir-BLR-1% set devices device NV-WC02-N4-MUM config routing-instances JAN232-Control-VR protocols bgp 232 prefix-list MGMT-VA-SB seq 10 address-family ipv4 unicast address-mask 10.91.140.0/22
[ok][2019-02-07 07:04:39]

[edit]
Administrator@Versa-Dir-BLR-1% set devices device NV-WC02-N4-MUM config routing-instances JAN232-Control-VR protocols bgp 232 prefix-list MGMT-VA-SB seq 10 address-family ipv4 unicast ge_le ge 27
[ok][2019-02-07 07:04:40]

[edit]
Administrator@Versa-Dir-BLR-1% set devices device NV-WC02-N4-MUM config routing-instances JAN232-Control-VR protocols bgp 232 prefix-list MGMT-VA-SB seq 10 address-family ipv4 unicast ge_le le 32
[ok][2019-02-07 07:04:40]

[edit]
Administrator@Versa-Dir-BLR-1% set devices device NV-WC02-N4-MUM config routing-instances JAN232-Control-VR protocols bgp 232 routing-peer-policy EXPORT-Controllers term 1REJECT-MGMT-ROUTES match community "(^|,)100:1($|,)"
[ok][2019-02-07 07:04:40]

[edit]
Administrator@Versa-Dir-BLR-1% set devices device NV-WC02-N4-MUM config routing-instances JAN232-Control-VR protocols bgp 232 routing-peer-policy EXPORT-Controllers term 1REJECT-MGMT-ROUTES action reject
[ok][2019-02-07 07:04:41]

[edit]
Administrator@Versa-Dir-BLR-1% set devices device NV-WC02-N4-MUM config routing-instances JAN232-Control-VR protocols bgp 232 routing-peer-policy EXPORT-Controllers term 2ACCEPT-L-CPE-ROUTES match family inet-vpn
[ok][2019-02-07 07:04:41]

[edit]
Administrator@Versa-Dir-BLR-1% set devices device NV-WC02-N4-MUM config routing-instances JAN232-Control-VR protocols bgp 232 routing-peer-policy EXPORT-Controllers term 2ACCEPT-L-CPE-ROUTES match community "(^|,)1091:10($|,)"
[ok][2019-02-07 07:04:42]

[edit]
Administrator@Versa-Dir-BLR-1% set devices device NV-WC02-N4-MUM config routing-instances JAN232-Control-VR protocols bgp 232 routing-peer-policy EXPORT-Controllers term 2ACCEPT-L-CPE-ROUTES action accept
[ok][2019-02-07 07:04:42]

[edit]
Administrator@Versa-Dir-BLR-1% delete devices device NV-WC02-N4-MUM config routing-instances JAN232--Control-VR routing-options static route 0.0.0.0/0 0.0.0.0 none
Error: element not found
[error][2019-02-07 07:04:43]

[edit]
Administrator@Versa-Dir-BLR-1% set devices device NV-WC02-N4-MUM config routing-instances JAN232-Control-VR routing-options static route 0.0.0.0/0 0.0.0.0 tvi-0/465.0
[ok][2019-02-07 07:04:43]

[edit]
Administrator@Versa-Dir-BLR-1% delete devices device NV-WC02-N4-MUM config orgs  org-services JAN232 ipsec vpn-profile JAN232-PostStaging psk-auth-clients
[ok][2019-02-07 07:04:43]

[edit]
Administrator@Versa-Dir-BLR-1% set devices device NV-WC02-N4-MUM config orgs org-services JAN232 ipsec vpn-profile JAN232-PostStaging psk-auth-clients
[ok][2019-02-07 07:04:44]

[edit]
Administrator@Versa-Dir-BLR-1% 

[edit]
Administrator@Versa-Dir-BLR-1% 

[edit]
Administrator@Versa-Dir-BLR-1% 

[edit]
Administrator@Versa-Dir-BLR-1% 

[edit]
Administrator@Versa-Dir-BLR-1% 

[edit]
Administrator@Versa-Dir-BLR-1% 

[edit]
Administrator@Versa-Dir-BLR-1% 

[edit]
Administrator@Versa-Dir-BLR-1% set devices device NV-WC02-N4-MUM config routing-instances JAN232-Control-VR protocols bgp 232 routing-peer-policy EXPORT-Controllers term 2ACCEPT-BLR-ROUTES match family inet-vpn
[ok][2019-02-07 07:04:44]

[edit]
Administrator@Versa-Dir-BLR-1% set devices device NV-WC02-N4-MUM config routing-instances JAN232-Control-VR protocols bgp 232 routing-peer-policy EXPORT-Controllers term 2ACCEPT-BLR-ROUTES match community "(^|,)91:10($|,)"
[ok][2019-02-07 07:04:44]

[edit]
Administrator@Versa-Dir-BLR-1% set devices device NV-WC02-N4-MUM config routing-instances JAN232-Control-VR protocols bgp 232 routing-peer-policy EXPORT-Controllers term 2ACCEPT-BLR-ROUTES action accept
[ok][2019-02-07 07:04:45]

[edit]
Administrator@Versa-Dir-BLR-1% set devices device NV-WC02-N4-MUM config orgs org-services JAN232 ipsec vpn-profile JAN232-PostStaging psk-auth-clients remote-client NV-WC02-N2-BLR@JAN232.com id-type email
[ok][2019-02-07 07:04:45]

[edit]
Administrator@Versa-Dir-BLR-1% set devices device NV-WC02-N4-MUM config orgs org-services JAN232 ipsec vpn-profile JAN232-PostStaging psk-auth-clients remote-client NV-WC02-N2-BLR@JAN232.com key NV-WC02-N2-BLR
[ok][2019-02-07 07:04:46]

[edit]
Administrator@Versa-Dir-BLR-1% 

[edit]
Administrator@Versa-Dir-BLR-1% 

[edit]
Administrator@Versa-Dir-BLR-1% 

[edit]
Administrator@Versa-Dir-BLR-1% 

[edit]
Administrator@Versa-Dir-BLR-1% set devices device NV-WC02-N4-MUM config routing-instances JAN232-Control-VR protocols bgp 232 routing-peer-policy EXPORT-Controllers term 3DENY-REST match family inet-vpn
[ok][2019-02-07 07:04:46]

[edit]
Administrator@Versa-Dir-BLR-1% set devices device NV-WC02-N4-MUM config routing-instances JAN232-Control-VR protocols bgp 232 routing-peer-policy EXPORT-Controllers term 3DENY-REST action reject
[ok][2019-02-07 07:04:46]

[edit]
Administrator@Versa-Dir-BLR-1% set devices device NV-WC02-N4-MUM config routing-instances JAN232-Control-VR protocols bgp 232 routing-peer-policy EXPORT-JAN232-WC-TO-GW term 1ACCEPT-MGMT-VA-SB match ip nlri prefix-list MGMT-VA-SB
[ok][2019-02-07 07:04:47]

[edit]
Administrator@Versa-Dir-BLR-1% set devices device NV-WC02-N4-MUM config routing-instances JAN232-Control-VR protocols bgp 232 routing-peer-policy EXPORT-JAN232-WC-TO-GW term 1ACCEPT-MGMT-VA-SB action accept
[ok][2019-02-07 07:04:47]

[edit]
Administrator@Versa-Dir-BLR-1% set devices device NV-WC02-N4-MUM config routing-instances JAN232-Control-VR protocols bgp 232 routing-peer-policy EXPORT-JAN232-WC-TO-GW term 2REJECT-MGMT-ROUTES match community "(^|,)100:1($|,)"
[ok][2019-02-07 07:04:48]

[edit]
Administrator@Versa-Dir-BLR-1% set devices device NV-WC02-N4-MUM config routing-instances JAN232-Control-VR protocols bgp 232 routing-peer-policy EXPORT-JAN232-WC-TO-GW term 2REJECT-MGMT-ROUTES action reject
[ok][2019-02-07 07:04:48]

[edit]
Administrator@Versa-Dir-BLR-1% set devices device NV-WC02-N4-MUM config routing-instances JAN232-Control-VR protocols bgp 232 routing-peer-policy EXPORT-JAN232-WC-TO-GW term 3REJECT-L-PGW-ROUTES match community "(^|,)1091:11($|,)"
[ok][2019-02-07 07:04:48]

[edit]
Administrator@Versa-Dir-BLR-1% set devices device NV-WC02-N4-MUM config routing-instances JAN232-Control-VR protocols bgp 232 routing-peer-policy EXPORT-JAN232-WC-TO-GW term 3REJECT-L-PGW-ROUTES match family inet-vpn
[ok][2019-02-07 07:04:49]

[edit]
Administrator@Versa-Dir-BLR-1% set devices device NV-WC02-N4-MUM config routing-instances JAN232-Control-VR protocols bgp 232 routing-peer-policy EXPORT-JAN232-WC-TO-GW term 3REJECT-L-PGW-ROUTES action reject
[ok][2019-02-07 07:04:49]

[edit]
Administrator@Versa-Dir-BLR-1% set devices device NV-WC02-N4-MUM config routing-instances JAN232-Control-VR protocols bgp 232 routing-peer-policy EXPORT-JAN232-WC-TO-GW term 4REJECT-L-SGW-ROUTES match community "(^|,)1091:12($|,)"
[ok][2019-02-07 07:04:50]

[edit]
Administrator@Versa-Dir-BLR-1% set devices device NV-WC02-N4-MUM config routing-instances JAN232-Control-VR protocols bgp 232 routing-peer-policy EXPORT-JAN232-WC-TO-GW term 4REJECT-L-SGW-ROUTES match family inet-vpn
[ok][2019-02-07 07:04:50]

[edit]
Administrator@Versa-Dir-BLR-1% set devices device NV-WC02-N4-MUM config routing-instances JAN232-Control-VR protocols bgp 232 routing-peer-policy EXPORT-JAN232-WC-TO-GW term 4REJECT-L-SGW-ROUTES action reject
[ok][2019-02-07 07:04:51]

[edit]
Administrator@Versa-Dir-BLR-1% set devices device NV-WC02-N4-MUM config routing-instances JAN232-Control-VR protocols bgp 232 routing-peer-policy EXPORT-JAN232-WC-TO-GW term 5ACCEPT-L-CPE-ROUTES match family inet-vpn
[ok][2019-02-07 07:04:51]

[edit]
Administrator@Versa-Dir-BLR-1% set devices device NV-WC02-N4-MUM config routing-instances JAN232-Control-VR protocols bgp 232 routing-peer-policy EXPORT-JAN232-WC-TO-GW term 5ACCEPT-L-CPE-ROUTES match community "(^|,)1091:10($|,)"
[ok][2019-02-07 07:04:52]

[edit]
Administrator@Versa-Dir-BLR-1% set devices device NV-WC02-N4-MUM config routing-instances JAN232-Control-VR protocols bgp 232 routing-peer-policy EXPORT-JAN232-WC-TO-GW term 5ACCEPT-L-CPE-ROUTES action accept
[ok][2019-02-07 07:04:52]

[edit]
Administrator@Versa-Dir-BLR-1% set devices device NV-WC02-N4-MUM config routing-instances JAN232-Control-VR protocols bgp 232 routing-peer-policy EXPORT-JAN232-WC-TO-GW term 6ACCEPT-R-CPE-ROUTES match community "(^|,)*:10($|,)"
[ok][2019-02-07 07:04:53]

[edit]
Administrator@Versa-Dir-BLR-1% set devices device NV-WC02-N4-MUM config routing-instances JAN232-Control-VR protocols bgp 232 routing-peer-policy EXPORT-JAN232-WC-TO-GW term 6ACCEPT-R-CPE-ROUTES action accept
[ok][2019-02-07 07:04:53]

[edit]
Administrator@Versa-Dir-BLR-1% set devices device NV-WC02-N4-MUM config routing-instances JAN232-Control-VR protocols bgp 232 routing-peer-policy EXPORT-JAN232-WC-TO-GW term 6ACCEPT-R-CPE-ROUTES action community 666:666
[ok][2019-02-07 07:04:54]

[edit]
Administrator@Versa-Dir-BLR-1% set devices device NV-WC02-N4-MUM config routing-instances JAN232-Control-VR protocols bgp 232 routing-peer-policy EXPORT-JAN232-WC-TO-GW term 6ACCEPT-R-CPE-ROUTES action community-action set-specific
[ok][2019-02-07 07:04:54]

[edit]
Administrator@Versa-Dir-BLR-1% set devices device NV-WC02-N4-MUM config routing-instances JAN232-Control-VR protocols bgp 232 routing-peer-policy EXPORT-JAN232-WC-TO-GW term 7DENY-REST match family inet-vpn
[ok][2019-02-07 07:04:54]

[edit]
Administrator@Versa-Dir-BLR-1% set devices device NV-WC02-N4-MUM config routing-instances JAN232-Control-VR protocols bgp 232 routing-peer-policy EXPORT-JAN232-WC-TO-GW term 7DENY-REST action reject
[ok][2019-02-07 07:04:55]

[edit]
Administrator@Versa-Dir-BLR-1% set devices device NV-WC02-N4-MUM config routing-instances JAN232-Control-VR protocols bgp 232 routing-peer-policy IMPORT-JAN232-GW-TO-WC term 1REJECT-R-CPE-ROUTES match community "(^|,)666:666($|,)"
[ok][2019-02-07 07:04:55]

[edit]
Administrator@Versa-Dir-BLR-1% set devices device NV-WC02-N4-MUM config routing-instances JAN232-Control-VR protocols bgp 232 routing-peer-policy IMPORT-JAN232-GW-TO-WC term 1REJECT-R-CPE-ROUTES action reject
[ok][2019-02-07 07:04:55]

[edit]
Administrator@Versa-Dir-BLR-1% set devices device NV-WC02-N4-MUM config routing-instances JAN232-Control-VR protocols bgp 232 routing-peer-policy IMPORT-JAN232-GW-TO-WC term 2ACCEPT-REST match family inet-vpn
[ok][2019-02-07 07:04:56]

[edit]
Administrator@Versa-Dir-BLR-1% set devices device NV-WC02-N4-MUM config routing-instances JAN232-Control-VR protocols bgp 232 routing-peer-policy IMPORT-JAN232-GW-TO-WC term 2ACCEPT-REST action accept
[ok][2019-02-07 07:04:56]

[edit]
Administrator@Versa-Dir-BLR-1% set devices device NV-WC02-N4-MUM config routing-instances JAN232-Control-VR protocols bgp 232 group VNF-GW import IMPORT-JAN232-GW-TO-WC
[ok][2019-02-07 07:04:57]

[edit]
Administrator@Versa-Dir-BLR-1% set devices device NV-WC02-N4-MUM config routing-instances JAN232-Control-VR protocols bgp 232 group VNF-GW export IMPORT-JAN232-WC-TO-GW
[ok][2019-02-07 07:04:57]

[edit]
Administrator@Versa-Dir-BLR-1% delete devices device NV-WC02-N4-MUM config routing-instances JAN232-Control-VR protocols bgp 232 group Branches allow
[ok][2019-02-07 07:04:57]

[edit]
Administrator@Versa-Dir-BLR-1% set devices device NV-WC02-N4-MUM config routing-instances JAN232-Control-VR protocols bgp 232 group Branches allow all
[ok][2019-02-07 07:04:58]

[edit]
Administrator@Versa-Dir-BLR-1% set devices device NV-WC02-N4-MUM config routing-instances JAN232-Control-VR protocols bgp 232 group VNF-GW type internal
[ok][2019-02-07 07:04:58]

[edit]
Administrator@Versa-Dir-BLR-1% set devices device NV-WC02-N4-MUM config routing-instances JAN232-Control-VR protocols bgp 232 group VNF-GW family inet unicast
[ok][2019-02-07 07:04:59]

[edit]
Administrator@Versa-Dir-BLR-1% set devices device NV-WC02-N4-MUM config routing-instances JAN232-Control-VR protocols bgp 232 group VNF-GW family inet versa-private
[ok][2019-02-07 07:04:59]

[edit]
Administrator@Versa-Dir-BLR-1% set devices device NV-WC02-N4-MUM config routing-instances JAN232-Control-VR protocols bgp 232 group VNF-GW family inet-vpn unicast
[ok][2019-02-07 07:04:59]

[edit]
Administrator@Versa-Dir-BLR-1% set devices device NV-WC02-N4-MUM config routing-instances JAN232-Control-VR protocols bgp 232 group VNF-GW export EXPORT-JAN232-WC-TO-GW
[ok][2019-02-07 07:05:00]

[edit]
Administrator@Versa-Dir-BLR-1% set devices device NV-WC02-N4-MUM config routing-instances JAN232-Control-VR protocols bgp 232 group VNF-GW route-reflector-client
[ok][2019-02-07 07:05:00]

[edit]
Administrator@Versa-Dir-BLR-1% set devices device NV-WC02-N4-MUM config routing-instances JAN232-Control-VR protocols bgp 232 group VNF-GW bfd-liveness-detection
[ok][2019-02-07 07:05:00]

[edit]
Administrator@Versa-Dir-BLR-1% set devices device NV-WC02-N4-MUM config routing-instances JAN232-Control-VR protocols bgp 232 group VNF-GW bfd-liveness-detection minimum-receive-interval 1000
[ok][2019-02-07 07:05:01]

[edit]
Administrator@Versa-Dir-BLR-1% set devices device NV-WC02-N4-MUM config routing-instances JAN232-Control-VR protocols bgp 232 group VNF-GW bfd-liveness-detection multiplier 3
[ok][2019-02-07 07:05:01]

[edit]
Administrator@Versa-Dir-BLR-1% set devices device NV-WC02-N4-MUM config routing-instances JAN232-Control-VR protocols bgp 232 group VNF-GW bfd-liveness-detection transmit-interval minimum-interval 1000
[ok][2019-02-07 07:05:02]

[edit]
Administrator@Versa-Dir-BLR-1% 

[edit]
Administrator@Versa-Dir-BLR-1% 

[edit]
Administrator@Versa-Dir-BLR-1% set devices device NV-WC02-N4-MUM config routing-instances JAN232-Control-VR protocols bgp 232 group Controllers type internal
[ok][2019-02-07 07:05:02]

[edit]
Administrator@Versa-Dir-BLR-1% set devices device NV-WC02-N4-MUM config routing-instances JAN232-Control-VR protocols bgp 232 group Controllers family inet versa-private
[ok][2019-02-07 07:05:02]

[edit]
Administrator@Versa-Dir-BLR-1% set devices device NV-WC02-N4-MUM config routing-instances JAN232-Control-VR protocols bgp 232 group Controllers family inet-vpn  unicast
[ok][2019-02-07 07:05:03]

[edit]
Administrator@Versa-Dir-BLR-1% set devices device NV-WC02-N4-MUM config routing-instances JAN232-Control-VR protocols bgp 232 group Controllers export EXPORT-Controllers
[ok][2019-02-07 07:05:03]

[edit]
Administrator@Versa-Dir-BLR-1% set devices device NV-WC02-N4-MUM config routing-instances JAN232-Control-VR protocols bgp 232 group Controllers route-reflector-client
[ok][2019-02-07 07:05:04]

[edit]
Administrator@Versa-Dir-BLR-1% set devices device NV-WC02-N4-MUM config routing-instances JAN232-Control-VR protocols bgp 232 group Controllers peer-as 65505
[ok][2019-02-07 07:05:04]

[edit]
Administrator@Versa-Dir-BLR-1% 

[edit]
Administrator@Versa-Dir-BLR-1% 

[edit]
Administrator@Versa-Dir-BLR-1% set devices device NV-WC02-N4-MUM config routing-instances JAN232-Control-VR protocols bgp 232 group Controllers neighbor 10.232.0.24
[ok][2019-02-07 07:05:05]

[edit]
Administrator@Versa-Dir-BLR-1% 

[edit]
Administrator@Versa-Dir-BLR-1% 

[edit]
Administrator@Versa-Dir-BLR-1% 

[edit]
Administrator@Versa-Dir-BLR-1% set devices device NV-WC02-N4-MUM config orgs org-services JAN232 ipsec vpn-profile JAN232-PostStaging local-auth-info key NV-WC02-N4-MUM
[ok][2019-02-07 07:05:05]

[edit]
Administrator@Versa-Dir-BLR-1% set devices device NV-WC02-N4-MUM config orgs org-services JAN232 ipsec vpn-profile JAN232-PostStaging local-auth-info id-string  NV-WC02-N4-MUM@JAN232.com
[ok][2019-02-07 07:05:05]

[edit]
Administrator@Versa-Dir-BLR-1% 
2019-02-07 11:01:04,517 - VD1 - INFO - commit
No modifications to commit.
[ok][2019-02-07 07:05:08]

[edit]
Administrator@Versa-Dir-BLR-1% 
2019-02-07 11:01:04,518 - VD1 - INFO - NV-WC02-N4-MUM : element not found error.No modifications to commit.
2019-02-07 11:01:19,452 - VD1 - INFO - set devices device NV-WC02-N2-BLR config routing-instances JAN232-Control-VR protocols bgp 232 graceful-restart maximum-restart-time 15
set devices device NV-WC02-N2-BLR config routing-instances JAN232-Control-VR protocols bgp 232 hold-time 90
set devices device NV-WC02-N2-BLR config routing-instances JAN232-Control-VR protocols bgp 232 graceful-restart recovery-time 15
set devices device NV-WC02-N2-BLR config routing-instances JAN232-Control-VR protocols bgp 232 graceful-restart select-defer-time 15
set devices device NV-WC02-N2-BLR config routing-instances JAN232-Control-VR protocols bgp 232 graceful-restart stalepath-time 15
set devices device NV-WC02-N2-BLR config routing-instances JAN232-Control-VR protocols bgp 232 graceful-restart dynamic-peer-restart-time 0
set devices device NV-WC02-N2-BLR config routing-instances JAN232-Control-VR protocols bgp 232 prefix-list MGMT-VA-SB seq 10 permit
set devices device NV-WC02-N2-BLR config routing-instances JAN232-Control-VR protocols bgp 232 prefix-list MGMT-VA-SB seq 10 address-family ipv4 unicast address-mask 10.91.140.0/22
set devices device NV-WC02-N2-BLR config routing-instances JAN232-Control-VR protocols bgp 232 prefix-list MGMT-VA-SB seq 10 address-family ipv4 unicast ge_le ge 27
set devices device NV-WC02-N2-BLR config routing-instances JAN232-Control-VR protocols bgp 232 prefix-list MGMT-VA-SB seq 10 address-family ipv4 unicast ge_le le 32
set devices device NV-WC02-N2-BLR config routing-instances JAN232-Control-VR protocols bgp 232 routing-peer-policy EXPORT-Controllers term 1REJECT-MGMT-ROUTES match community "(^|,)100:1($|,)"
set devices device NV-WC02-N2-BLR config routing-instances JAN232-Control-VR protocols bgp 232 routing-peer-policy EXPORT-Controllers term 1REJECT-MGMT-ROUTES action reject
set devices device NV-WC02-N2-BLR config routing-instances JAN232-Control-VR protocols bgp 232 routing-peer-policy EXPORT-Controllers term 2ACCEPT-L-CPE-ROUTES match family inet-vpn
set devices device NV-WC02-N2-BLR config routing-instances JAN232-Control-VR protocols bgp 232 routing-peer-policy EXPORT-Controllers term 2ACCEPT-L-CPE-ROUTES match community "(^|,)91:10($|,)"
set devices device NV-WC02-N2-BLR config routing-instances JAN232-Control-VR protocols bgp 232 routing-peer-policy EXPORT-Controllers term 2ACCEPT-L-CPE-ROUTES action accept
delete devices device NV-WC02-N2-BLR config routing-instances JAN232--Control-VR routing-options static route 0.0.0.0/0 0.0.0.0 none
set devices device NV-WC02-N2-BLR config routing-instances JAN232-Control-VR routing-options static route 0.0.0.0/0 0.0.0.0 tvi-0/465.0
delete devices device NV-WC02-N2-BLR config orgs org-services JAN232 ipsec vpn-profile JAN232-PostStaging psk-auth-clients
set devices device NV-WC02-N2-BLR config orgs org-services JAN232 ipsec vpn-profile JAN232-PostStaging psk-auth-clients



set devices device NV-WC02-N2-BLR config routing-instances JAN232-Control-VR protocols bgp 232 routing-peer-policy EXPORT-Controllers term 3DENY-REST match family inet-vpn
set devices device NV-WC02-N2-BLR config routing-instances JAN232-Control-VR protocols bgp 232 routing-peer-policy EXPORT-Controllers term 3DENY-REST action reject
set devices device NV-WC02-N2-BLR config routing-instances JAN232-Control-VR protocols bgp 232 routing-peer-policy EXPORT-JAN232-WC-TO-GW term 1ACCEPT-MGMT-VA-SB match ip nlri prefix-list MGMT-VA-SB
set devices device NV-WC02-N2-BLR config routing-instances JAN232-Control-VR protocols bgp 232 routing-peer-policy EXPORT-JAN232-WC-TO-GW term 1ACCEPT-MGMT-VA-SB action accept
set devices device NV-WC02-N2-BLR config routing-instances JAN232-Control-VR protocols bgp 232 routing-peer-policy EXPORT-JAN232-WC-TO-GW term 2REJECT-MGMT-ROUTES match community "(^|,)100:1($|,)"
set devices device NV-WC02-N2-BLR config routing-instances JAN232-Control-VR protocols bgp 232 routing-peer-policy EXPORT-JAN232-WC-TO-GW term 2REJECT-MGMT-ROUTES action reject
set devices device NV-WC02-N2-BLR config routing-instances JAN232-Control-VR protocols bgp 232 routing-peer-policy EXPORT-JAN232-WC-TO-GW term 3REJECT-L-PGW-ROUTES match community "(^|,)91:11($|,)"
set devices device NV-WC02-N2-BLR config routing-instances JAN232-Control-VR protocols bgp 232 routing-peer-policy EXPORT-JAN232-WC-TO-GW term 3REJECT-L-PGW-ROUTES match family inet-vpn
set devices device NV-WC02-N2-BLR config routing-instances JAN232-Control-VR protocols bgp 232 routing-peer-policy EXPORT-JAN232-WC-TO-GW term 3REJECT-L-PGW-ROUTES action reject
set devices device NV-WC02-N2-BLR config routing-instances JAN232-Control-VR protocols bgp 232 routing-peer-policy EXPORT-JAN232-WC-TO-GW term 4REJECT-L-SGW-ROUTES match community "(^|,)91:12($|,)"
set devices device NV-WC02-N2-BLR config routing-instances JAN232-Control-VR protocols bgp 232 routing-peer-policy EXPORT-JAN232-WC-TO-GW term 4REJECT-L-SGW-ROUTES match family inet-vpn
set devices device NV-WC02-N2-BLR config routing-instances JAN232-Control-VR protocols bgp 232 routing-peer-policy EXPORT-JAN232-WC-TO-GW term 4REJECT-L-SGW-ROUTES action reject
set devices device NV-WC02-N2-BLR config routing-instances JAN232-Control-VR protocols bgp 232 routing-peer-policy EXPORT-JAN232-WC-TO-GW term 5ACCEPT-L-CPE-ROUTES match family inet-vpn
set devices device NV-WC02-N2-BLR config routing-instances JAN232-Control-VR protocols bgp 232 routing-peer-policy EXPORT-JAN232-WC-TO-GW term 5ACCEPT-L-CPE-ROUTES match community "(^|,)91:10($|,)"
set devices device NV-WC02-N2-BLR config routing-instances JAN232-Control-VR protocols bgp 232 routing-peer-policy EXPORT-JAN232-WC-TO-GW term 5ACCEPT-L-CPE-ROUTES action accept
set devices device NV-WC02-N2-BLR config routing-instances JAN232-Control-VR protocols bgp 232 routing-peer-policy EXPORT-JAN232-WC-TO-GW term 6ACCEPT-R-CPE-ROUTES match community "(^|,)*:10($|,)"
set devices device NV-WC02-N2-BLR config routing-instances JAN232-Control-VR protocols bgp 232 routing-peer-policy EXPORT-JAN232-WC-TO-GW term 6ACCEPT-R-CPE-ROUTES action accept
set devices device NV-WC02-N2-BLR config routing-instances JAN232-Control-VR protocols bgp 232 routing-peer-policy EXPORT-JAN232-WC-TO-GW term 6ACCEPT-R-CPE-ROUTES action community 666:666
set devices device NV-WC02-N2-BLR config routing-instances JAN232-Control-VR protocols bgp 232 routing-peer-policy EXPORT-JAN232-WC-TO-GW term 6ACCEPT-R-CPE-ROUTES action community-action set-specific
set devices device NV-WC02-N2-BLR config routing-instances JAN232-Control-VR protocols bgp 232 routing-peer-policy EXPORT-JAN232-WC-TO-GW term 7DENY-REST match family inet-vpn
set devices device NV-WC02-N2-BLR config routing-instances JAN232-Control-VR protocols bgp 232 routing-peer-policy EXPORT-JAN232-WC-TO-GW term 7DENY-REST action reject
set devices device NV-WC02-N2-BLR config routing-instances JAN232-Control-VR protocols bgp 232 routing-peer-policy IMPORT-JAN232-GW-TO-WC term 1REJECT-R-CPE-ROUTES match community "(^|,)666:666($|,)"
set devices device NV-WC02-N2-BLR config routing-instances JAN232-Control-VR protocols bgp 232 routing-peer-policy IMPORT-JAN232-GW-TO-WC term 1REJECT-R-CPE-ROUTES action reject
set devices device NV-WC02-N2-BLR config routing-instances JAN232-Control-VR protocols bgp 232 routing-peer-policy IMPORT-JAN232-GW-TO-WC term 2ACCEPT-REST match family inet-vpn
set devices device NV-WC02-N2-BLR config routing-instances JAN232-Control-VR protocols bgp 232 routing-peer-policy IMPORT-JAN232-GW-TO-WC term 2ACCEPT-REST action accept
set devices device NV-WC02-N2-BLR config routing-instances JAN232-Control-VR protocols bgp 232 group VNF-GW import IMPORT-JAN232-GW-TO-WC
set devices device NV-WC02-N2-BLR config routing-instances JAN232-Control-VR protocols bgp 232 group VNF-GW export IMPORT-JAN232-WC-TO-GW
delete devices device NV-WC02-N2-BLR config routing-instances JAN232-Control-VR protocols bgp 232 group Branches allow
set devices device NV-WC02-N2-BLR config routing-instances JAN232-Control-VR protocols bgp 232 group Branches allow all
set devices device NV-WC02-N2-BLR config routing-instances JAN232-Control-VR protocols bgp 232 group VNF-GW type internal
set devices device NV-WC02-N2-BLR config routing-instances JAN232-Control-VR protocols bgp 232 group VNF-GW family inet unicast
set devices device NV-WC02-N2-BLR config routing-instances JAN232-Control-VR protocols bgp 232 group VNF-GW family inet versa-private
set devices device NV-WC02-N2-BLR config routing-instances JAN232-Control-VR protocols bgp 232 group VNF-GW family inet-vpn unicast
set devices device NV-WC02-N2-BLR config routing-instances JAN232-Control-VR protocols bgp 232 group VNF-GW export EXPORT-JAN232-WC-TO-GW
set devices device NV-WC02-N2-BLR config routing-instances JAN232-Control-VR protocols bgp 232 group VNF-GW route-reflector-client
set devices device NV-WC02-N2-BLR config routing-instances JAN232-Control-VR protocols bgp 232 group VNF-GW bfd-liveness-detection
set devices device NV-WC02-N2-BLR config routing-instances JAN232-Control-VR protocols bgp 232 group VNF-GW bfd-liveness-detection minimum-receive-interval 1000
set devices device NV-WC02-N2-BLR config routing-instances JAN232-Control-VR protocols bgp 232 group VNF-GW bfd-liveness-detection multiplier 3
set devices device NV-WC02-N2-BLR config routing-instances JAN232-Control-VR protocols bgp 232 group VNF-GW bfd-liveness-detection transmit-interval minimum-interval 1000


set devices device NV-WC02-N2-BLR config routing-instances JAN232-Control-VR protocols bgp 232 group VNF-GW neighbor 40.232.2.1
set devices device NV-WC02-N2-BLR config routing-instances JAN232-Control-VR protocols bgp 232 group VNF-GW neighbor 40.232.2.1 peer-as 65505


set devices device NV-WC02-N2-BLR config routing-instances JAN232-Control-VR protocols bgp 232 group VNF-GW neighbor 40.232.2.2
set devices device NV-WC02-N2-BLR config routing-instances JAN232-Control-VR protocols bgp 232 group VNF-GW neighbor 40.232.2.2 peer-as 65505




set devices device NV-WC02-N2-BLR config orgs org-services JAN232 ipsec vpn-profile JAN232-PostStaging local-auth-info key NV-WC02-N2-BLR
set devices device NV-WC02-N2-BLR config orgs org-services JAN232 ipsec vpn-profile JAN232-PostStaging local-auth-info id-string NV-WC02-N2-BLR@JAN232.com





set devices device NV-WC02-N2-BLR config orgs org-services JAN232 ipsec vpn-profile JAN232-PostStaging psk-auth-clients remote-client NV-GW01-N2-BLR@JAN232.com id-type email
set devices device NV-WC02-N2-BLR config orgs org-services JAN232 ipsec vpn-profile JAN232-PostStaging psk-auth-clients remote-client NV-GW01-N2-BLR@JAN232.com key NV-GW01-N2-BLR





set devices device NV-WC02-N2-BLR config orgs org-services JAN232 ipsec vpn-profile JAN232-PostStaging psk-auth-clients remote-client NV-GW02-N2-BLR@JAN232.com id-type email
set devices device NV-WC02-N2-BLR config orgs org-services JAN232 ipsec vpn-profile JAN232-PostStaging psk-auth-clients remote-client NV-GW02-N2-BLR@JAN232.com key NV-GW02-N2-BLR

2019-02-07 11:01:46,340 - VD1 - INFO - configure
Entering configuration mode private
Current configuration users:
Administrator ssh (cli from 10.91.124.96) on since 2019-02-07 07:04:30 private mode
Administrator ssh (cli from 10.91.124.96) on since 2019-02-07 07:03:46 private mode
[ok][2019-02-07 07:05:23]

[edit]
Administrator@Versa-Dir-BLR-1% set devices device NV-WC02-N2-BLR config routing-instances JAN232-Control-VR protocols bgp 232 graceful-restart maximum-restart-time 15
[ok][2019-02-07 07:05:23]

[edit]
Administrator@Versa-Dir-BLR-1% set devices device NV-WC02-N2-BLR config routing-instances JAN232-Control-VR protocols bgp 232 hold-time 90
[ok][2019-02-07 07:05:23]

[edit]
Administrator@Versa-Dir-BLR-1% set devices device NV-WC02-N2-BLR config routing-instances JAN232-Control-VR protocols bgp 232 graceful-restart recovery-time 15
[ok][2019-02-07 07:05:24]

[edit]
Administrator@Versa-Dir-BLR-1% set devices device NV-WC02-N2-BLR config routing-instances JAN232-Control-VR protocols bgp 232 graceful-restart select-defer-time  15
[ok][2019-02-07 07:05:24]

[edit]
Administrator@Versa-Dir-BLR-1% set devices device NV-WC02-N2-BLR config routing-instances JAN232-Control-VR protocols bgp 232 graceful-restart stalepath-time 15 
[ok][2019-02-07 07:05:24]

[edit]
Administrator@Versa-Dir-BLR-1% set devices device NV-WC02-N2-BLR config routing-instances JAN232-Control-VR protocols bgp 232 graceful-restart dynamic-peer-restart-time 0
[ok][2019-02-07 07:05:25]

[edit]
Administrator@Versa-Dir-BLR-1% set devices device NV-WC02-N2-BLR config routing-instances JAN232-Control-VR protocols bgp 232 prefix-list MGMT-VA-SB seq 10 permit
[ok][2019-02-07 07:05:25]

[edit]
Administrator@Versa-Dir-BLR-1% set devices device NV-WC02-N2-BLR config routing-instances JAN232-Control-VR protocols bgp 232 prefix-list MGMT-VA-SB seq 10 address-family ipv4 unicast address-mask 10.91.140.0/22
[ok][2019-02-07 07:05:25]

[edit]
Administrator@Versa-Dir-BLR-1% set devices device NV-WC02-N2-BLR config routing-instances JAN232-Control-VR protocols bgp 232 prefix-list MGMT-VA-SB seq 10 address-family ipv4 unicast ge_le ge 27
[ok][2019-02-07 07:05:26]

[edit]
Administrator@Versa-Dir-BLR-1% set devices device NV-WC02-N2-BLR config routing-instances JAN232-Control-VR protocols bgp 232 prefix-list MGMT-VA-SB seq 10 address-family ipv4 unicast ge_le le 32
[ok][2019-02-07 07:05:26]

[edit]
Administrator@Versa-Dir-BLR-1% set devices device NV-WC02-N2-BLR config routing-instances JAN232-Control-VR protocols bgp 232 routing-peer-policy EXPORT-Controllers term 1REJECT-MGMT-ROUTES match community "(^|,)100:1($|,)"
[ok][2019-02-07 07:05:27]

[edit]
Administrator@Versa-Dir-BLR-1% set devices device NV-WC02-N2-BLR config routing-instances JAN232-Control-VR protocols bgp 232 routing-peer-policy EXPORT-Controllers term 1REJECT-MGMT-ROUTES action reject
[ok][2019-02-07 07:05:27]

[edit]
Administrator@Versa-Dir-BLR-1% set devices device NV-WC02-N2-BLR config routing-instances JAN232-Control-VR protocols bgp 232 routing-peer-policy EXPORT-Controllers term 2ACCEPT-L-CPE-ROUTES match family inet-vpn
[ok][2019-02-07 07:05:28]

[edit]
Administrator@Versa-Dir-BLR-1% set devices device NV-WC02-N2-BLR config routing-instances JAN232-Control-VR protocols bgp 232 routing-peer-policy EXPORT-Controllers term 2ACCEPT-L-CPE-ROUTES match community "(^|,)91:10($|,)"
[ok][2019-02-07 07:05:28]

[edit]
Administrator@Versa-Dir-BLR-1% set devices device NV-WC02-N2-BLR config routing-instances JAN232-Control-VR protocols bgp 232 routing-peer-policy EXPORT-Controllers term 2ACCEPT-L-CPE-ROUTES action accept
[ok][2019-02-07 07:05:28]

[edit]
Administrator@Versa-Dir-BLR-1% delete devices device NV-WC02-N2-BLR config routing-instances JAN232--Control-VR routing-options static route 0.0.0.0/0 0.0.0.0 none
Error: element not found
[error][2019-02-07 07:05:29]

[edit]
Administrator@Versa-Dir-BLR-1% set devices device NV-WC02-N2-BLR config routing-instances JAN232-Control-VR routing-options static route 0.0.0.0/0 0.0.0.0 tvi-0/465.0
[ok][2019-02-07 07:05:29]

[edit]
Administrator@Versa-Dir-BLR-1% delete devices device NV-WC02-N2-BLR config orgs  org-services JAN232 ipsec vpn-profile JAN232-PostStaging psk-auth-clients
[ok][2019-02-07 07:05:29]

[edit]
Administrator@Versa-Dir-BLR-1% set devices device NV-WC02-N2-BLR config orgs org-services JAN232 ipsec vpn-profile JAN232-PostStaging psk-auth-clients
[ok][2019-02-07 07:05:29]

[edit]
Administrator@Versa-Dir-BLR-1% 

[edit]
Administrator@Versa-Dir-BLR-1% 

[edit]
Administrator@Versa-Dir-BLR-1% 

[edit]
Administrator@Versa-Dir-BLR-1% set devices device NV-WC02-N2-BLR config routing-instances JAN232-Control-VR protocols bgp 232 routing-peer-policy EXPORT-Controllers term 3DENY-REST match family inet-vpn
[ok][2019-02-07 07:05:30]

[edit]
Administrator@Versa-Dir-BLR-1% set devices device NV-WC02-N2-BLR config routing-instances JAN232-Control-VR protocols bgp 232 routing-peer-policy EXPORT-Controllers term 3DENY-REST action reject
[ok][2019-02-07 07:05:30]

[edit]
Administrator@Versa-Dir-BLR-1% set devices device NV-WC02-N2-BLR config routing-instances JAN232-Control-VR protocols bgp 232 routing-peer-policy EXPORT-JAN232-WC-TO-GW term 1ACCEPT-MGMT-VA-SB match ip nlri prefix-list MGMT-VA-SB
[ok][2019-02-07 07:05:31]

[edit]
Administrator@Versa-Dir-BLR-1% set devices device NV-WC02-N2-BLR config routing-instances JAN232-Control-VR protocols bgp 232 routing-peer-policy EXPORT-JAN232-WC-TO-GW term 1ACCEPT-MGMT-VA-SB action accept
[ok][2019-02-07 07:05:31]

[edit]
Administrator@Versa-Dir-BLR-1% set devices device NV-WC02-N2-BLR config routing-instances JAN232-Control-VR protocols bgp 232 routing-peer-policy EXPORT-JAN232-WC-TO-GW term 2REJECT-MGMT-ROUTES match community "(^|,)100:1($|,)"
[ok][2019-02-07 07:05:31]

[edit]
Administrator@Versa-Dir-BLR-1% set devices device NV-WC02-N2-BLR config routing-instances JAN232-Control-VR protocols bgp 232 routing-peer-policy EXPORT-JAN232-WC-TO-GW term 2REJECT-MGMT-ROUTES action reject
[ok][2019-02-07 07:05:32]

[edit]
Administrator@Versa-Dir-BLR-1% set devices device NV-WC02-N2-BLR config routing-instances JAN232-Control-VR protocols bgp 232 routing-peer-policy EXPORT-JAN232-WC-TO-GW term 3REJECT-L-PGW-ROUTES match community "(^|,)91:11($|,)"
[ok][2019-02-07 07:05:32]

[edit]
Administrator@Versa-Dir-BLR-1% set devices device NV-WC02-N2-BLR config routing-instances JAN232-Control-VR protocols bgp 232 routing-peer-policy EXPORT-JAN232-WC-TO-GW term 3REJECT-L-PGW-ROUTES match family inet-vpn
[ok][2019-02-07 07:05:33]

[edit]
Administrator@Versa-Dir-BLR-1% set devices device NV-WC02-N2-BLR config routing-instances JAN232-Control-VR protocols bgp 232 routing-peer-policy EXPORT-JAN232-WC-TO-GW term 3REJECT-L-PGW-ROUTES action reject
[ok][2019-02-07 07:05:33]

[edit]
Administrator@Versa-Dir-BLR-1% set devices device NV-WC02-N2-BLR config routing-instances JAN232-Control-VR protocols bgp 232 routing-peer-policy EXPORT-JAN232-WC-TO-GW term 4REJECT-L-SGW-ROUTES match community "(^|,)91:12($|,)"
[ok][2019-02-07 07:05:33]

[edit]
Administrator@Versa-Dir-BLR-1% set devices device NV-WC02-N2-BLR config routing-instances JAN232-Control-VR protocols bgp 232 routing-peer-policy EXPORT-JAN232-WC-TO-GW term 4REJECT-L-SGW-ROUTES match family inet-vpn
[ok][2019-02-07 07:05:34]

[edit]
Administrator@Versa-Dir-BLR-1% set devices device NV-WC02-N2-BLR config routing-instances JAN232-Control-VR protocols bgp 232 routing-peer-policy EXPORT-JAN232-WC-TO-GW term 4REJECT-L-SGW-ROUTES action reject
[ok][2019-02-07 07:05:34]

[edit]
Administrator@Versa-Dir-BLR-1% set devices device NV-WC02-N2-BLR config routing-instances JAN232-Control-VR protocols bgp 232 routing-peer-policy EXPORT-JAN232-WC-TO-GW term 5ACCEPT-L-CPE-ROUTES match family inet-vpn
[ok][2019-02-07 07:05:35]

[edit]
Administrator@Versa-Dir-BLR-1% set devices device NV-WC02-N2-BLR config routing-instances JAN232-Control-VR protocols bgp 232 routing-peer-policy EXPORT-JAN232-WC-TO-GW term 5ACCEPT-L-CPE-ROUTES match community "(^|,)91:10($|,)"
[ok][2019-02-07 07:05:35]

[edit]
Administrator@Versa-Dir-BLR-1% set devices device NV-WC02-N2-BLR config routing-instances JAN232-Control-VR protocols bgp 232 routing-peer-policy EXPORT-JAN232-WC-TO-GW term 5ACCEPT-L-CPE-ROUTES action accept
[ok][2019-02-07 07:05:35]

[edit]
Administrator@Versa-Dir-BLR-1% set devices device NV-WC02-N2-BLR config routing-instances JAN232-Control-VR protocols bgp 232 routing-peer-policy EXPORT-JAN232-WC-TO-GW term 6ACCEPT-R-CPE-ROUTES match community "(^|,)*:10($|,)"
[ok][2019-02-07 07:05:36]

[edit]
Administrator@Versa-Dir-BLR-1% set devices device NV-WC02-N2-BLR config routing-instances JAN232-Control-VR protocols bgp 232 routing-peer-policy EXPORT-JAN232-WC-TO-GW term 6ACCEPT-R-CPE-ROUTES action accept
[ok][2019-02-07 07:05:36]

[edit]
Administrator@Versa-Dir-BLR-1% set devices device NV-WC02-N2-BLR config routing-instances JAN232-Control-VR protocols bgp 232 routing-peer-policy EXPORT-JAN232-WC-TO-GW term 6ACCEPT-R-CPE-ROUTES action community 666:666
[ok][2019-02-07 07:05:37]

[edit]
Administrator@Versa-Dir-BLR-1% set devices device NV-WC02-N2-BLR config routing-instances JAN232-Control-VR protocols bgp 232 routing-peer-policy EXPORT-JAN232-WC-TO-GW term 6ACCEPT-R-CPE-ROUTES action community-action set-specific
[ok][2019-02-07 07:05:37]

[edit]
Administrator@Versa-Dir-BLR-1% set devices device NV-WC02-N2-BLR config routing-instances JAN232-Control-VR protocols bgp 232 routing-peer-policy EXPORT-JAN232-WC-TO-GW term 7DENY-REST match family inet-vpn
[ok][2019-02-07 07:05:38]

[edit]
Administrator@Versa-Dir-BLR-1% set devices device NV-WC02-N2-BLR config routing-instances JAN232-Control-VR protocols bgp 232 routing-peer-policy EXPORT-JAN232-WC-TO-GW term 7DENY-REST action reject
[ok][2019-02-07 07:05:38]

[edit]
Administrator@Versa-Dir-BLR-1% set devices device NV-WC02-N2-BLR config routing-instances JAN232-Control-VR protocols bgp 232 routing-peer-policy IMPORT-JAN232-GW-TO-WC term 1REJECT-R-CPE-ROUTES match community "(^|,)666:666($|,)"
[ok][2019-02-07 07:05:38]

[edit]
Administrator@Versa-Dir-BLR-1% set devices device NV-WC02-N2-BLR config routing-instances JAN232-Control-VR protocols bgp 232 routing-peer-policy IMPORT-JAN232-GW-TO-WC term 1REJECT-R-CPE-ROUTES action reject
[ok][2019-02-07 07:05:39]

[edit]
Administrator@Versa-Dir-BLR-1% set devices device NV-WC02-N2-BLR config routing-instances JAN232-Control-VR protocols bgp 232 routing-peer-policy IMPORT-JAN232-GW-TO-WC term 2ACCEPT-REST match family inet-vpn
[ok][2019-02-07 07:05:39]

[edit]
Administrator@Versa-Dir-BLR-1% set devices device NV-WC02-N2-BLR config routing-instances JAN232-Control-VR protocols bgp 232 routing-peer-policy IMPORT-JAN232-GW-TO-WC term 2ACCEPT-REST action accept
[ok][2019-02-07 07:05:40]

[edit]
Administrator@Versa-Dir-BLR-1% set devices device NV-WC02-N2-BLR config routing-instances JAN232-Control-VR protocols bgp 232 group VNF-GW import IMPORT-JAN232-GW-TO-WC
[ok][2019-02-07 07:05:40]

[edit]
Administrator@Versa-Dir-BLR-1% set devices device NV-WC02-N2-BLR config routing-instances JAN232-Control-VR protocols bgp 232 group VNF-GW export IMPORT-JAN232-WC-TO-GW
[ok][2019-02-07 07:05:41]

[edit]
Administrator@Versa-Dir-BLR-1% delete devices device NV-WC02-N2-BLR config routing-instances JAN232-Control-VR protocols bgp 232 group Branches allow
[ok][2019-02-07 07:05:41]

[edit]
Administrator@Versa-Dir-BLR-1% set devices device NV-WC02-N2-BLR config routing-instances JAN232-Control-VR protocols bgp 232 group Branches allow all
[ok][2019-02-07 07:05:41]

[edit]
Administrator@Versa-Dir-BLR-1% set devices device NV-WC02-N2-BLR config routing-instances JAN232-Control-VR protocols bgp 232 group VNF-GW type internal
[ok][2019-02-07 07:05:42]

[edit]
Administrator@Versa-Dir-BLR-1% set devices device NV-WC02-N2-BLR config routing-instances JAN232-Control-VR protocols bgp 232 group VNF-GW family inet unicast
[ok][2019-02-07 07:05:42]

[edit]
Administrator@Versa-Dir-BLR-1% set devices device NV-WC02-N2-BLR config routing-instances JAN232-Control-VR protocols bgp 232 group VNF-GW family inet versa-private
[ok][2019-02-07 07:05:43]

[edit]
Administrator@Versa-Dir-BLR-1% set devices device NV-WC02-N2-BLR config routing-instances JAN232-Control-VR protocols bgp 232 group VNF-GW family inet-vpn unicast
[ok][2019-02-07 07:05:43]

[edit]
Administrator@Versa-Dir-BLR-1% set devices device NV-WC02-N2-BLR config routing-instances JAN232-Control-VR protocols bgp 232 group VNF-GW export EXPORT-JAN232-WC-TO-GW
[ok][2019-02-07 07:05:43]

[edit]
Administrator@Versa-Dir-BLR-1% set devices device NV-WC02-N2-BLR config routing-instances JAN232-Control-VR protocols bgp 232 group VNF-GW route-reflector-client
[ok][2019-02-07 07:05:43]

[edit]
Administrator@Versa-Dir-BLR-1% set devices device NV-WC02-N2-BLR config routing-instances JAN232-Control-VR protocols bgp 232 group VNF-GW bfd-liveness-detection
[ok][2019-02-07 07:05:44]

[edit]
Administrator@Versa-Dir-BLR-1% set devices device NV-WC02-N2-BLR config routing-instances JAN232-Control-VR protocols bgp 232 group VNF-GW bfd-liveness-detection minimum-receive-interval 1000
[ok][2019-02-07 07:05:44]

[edit]
Administrator@Versa-Dir-BLR-1% set devices device NV-WC02-N2-BLR config routing-instances JAN232-Control-VR protocols bgp 232 group VNF-GW bfd-liveness-detection multiplier 3
[ok][2019-02-07 07:05:44]

[edit]
Administrator@Versa-Dir-BLR-1% set devices device NV-WC02-N2-BLR config routing-instances JAN232-Control-VR protocols bgp 232 group VNF-GW bfd-liveness-detection transmit-interval minimum-interval 1000
[ok][2019-02-07 07:05:44]

[edit]
Administrator@Versa-Dir-BLR-1% 

[edit]
Administrator@Versa-Dir-BLR-1% 

[edit]
Administrator@Versa-Dir-BLR-1% set devices device NV-WC02-N2-BLR config routing-instances JAN232-Control-VR protocols bgp 232 group VNF-GW neighbor 40.232.2.1
[ok][2019-02-07 07:05:45]

[edit]
Administrator@Versa-Dir-BLR-1% set devices device NV-WC02-N2-BLR config routing-instances JAN232-Control-VR protocols bgp 232 group VNF-GW neighbor 40.232.2.1 peer-as 65505
[ok][2019-02-07 07:05:45]

[edit]
Administrator@Versa-Dir-BLR-1% 

[edit]
Administrator@Versa-Dir-BLR-1% 

[edit]
Administrator@Versa-Dir-BLR-1% set devices device NV-WC02-N2-BLR config routing-instances JAN232-Control-VR protocols bgp 232 group VNF-GW neighbor 40.232.2.2
[ok][2019-02-07 07:05:45]

[edit]
Administrator@Versa-Dir-BLR-1% set devices device NV-WC02-N2-BLR config routing-instances JAN232-Control-VR protocols bgp 232 group VNF-GW neighbor 40.232.2.2 peer-as 65505
[ok][2019-02-07 07:05:46]

[edit]
Administrator@Versa-Dir-BLR-1% 

[edit]
Administrator@Versa-Dir-BLR-1% 

[edit]
Administrator@Versa-Dir-BLR-1% 

[edit]
Administrator@Versa-Dir-BLR-1% 

[edit]
Administrator@Versa-Dir-BLR-1% set devices device NV-WC02-N2-BLR config orgs org-services JAN232 ipsec vpn-profile JAN232-PostStaging local-auth-info key NV-WC02-N2-BLR
[ok][2019-02-07 07:05:46]

[edit]
Administrator@Versa-Dir-BLR-1% set devices device NV-WC02-N2-BLR config orgs org-services JAN232 ipsec vpn-profile JAN232-PostStaging local-auth-info id-string  NV-WC02-N2-BLR@JAN232.com
[ok][2019-02-07 07:05:46]

[edit]
Administrator@Versa-Dir-BLR-1% 

[edit]
Administrator@Versa-Dir-BLR-1% 

[edit]
Administrator@Versa-Dir-BLR-1% 

[edit]
Administrator@Versa-Dir-BLR-1% 

[edit]
Administrator@Versa-Dir-BLR-1% 

[edit]
Administrator@Versa-Dir-BLR-1% set devices device NV-WC02-N2-BLR config orgs org-services JAN232 ipsec vpn-profile JAN232-PostStaging psk-auth-clients remote-client NV-GW01-N2-BLR@JAN232.com id-type email
[ok][2019-02-07 07:05:46]

[edit]
Administrator@Versa-Dir-BLR-1% set devices device NV-WC02-N2-BLR config orgs org-services JAN232 ipsec vpn-profile JAN232-PostStaging psk-auth-clients remote-client NV-GW01-N2-BLR@JAN232.com key NV-GW01-N2-BLR
[ok][2019-02-07 07:05:47]

[edit]
Administrator@Versa-Dir-BLR-1% 

[edit]
Administrator@Versa-Dir-BLR-1% 

[edit]
Administrator@Versa-Dir-BLR-1% 

[edit]
Administrator@Versa-Dir-BLR-1% 

[edit]
Administrator@Versa-Dir-BLR-1% 

[edit]
Administrator@Versa-Dir-BLR-1% set devices device NV-WC02-N2-BLR config orgs org-services JAN232 ipsec vpn-profile JAN232-PostStaging psk-auth-clients remote-client NV-GW02-N2-BLR@JAN232.com id-type email
[ok][2019-02-07 07:05:47]

[edit]
Administrator@Versa-Dir-BLR-1% set devices device NV-WC02-N2-BLR config orgs org-services JAN232 ipsec vpn-profile JAN232-PostStaging psk-auth-clients remote-client NV-GW02-N2-BLR@JAN232.com key NV-GW02-N2-BLR
[ok][2019-02-07 07:05:47]

[edit]
Administrator@Versa-Dir-BLR-1% 
2019-02-07 11:01:46,742 - VD1 - INFO - commit
No modifications to commit.
[ok][2019-02-07 07:05:50]

[edit]
Administrator@Versa-Dir-BLR-1% 
2019-02-07 11:01:46,742 - VD1 - INFO - NV-WC02-N2-BLR : element not found error.No modifications to commit.
