2020-04-01 16:50:05,378 - CPE27-SIN-SINGLE-CPE-INTONLY-IPC00190 - INFO - 
DELETE Service Object

2020-04-01 16:50:07,700 - CPE27-SIN-SINGLE-CPE-INTONLY-IPC00190 - ERROR - 
2020-04-01 16:50:07,700 - CPE27-SIN-SINGLE-CPE-INTONLY-IPC00190 - INFO - 
FAIL : 
2020-04-01 16:50:07,700 - CPE27-SIN-SINGLE-CPE-INTONLY-IPC00190 - INFO - >>>>>>>>>> ADDRESS OBJECT DELETION FAILED. <<<<<<<<<<<
2020-04-01 16:50:07,700 - CPE27-SIN-SINGLE-CPE-INTONLY-IPC00190 - INFO - 
DELETE IPaddress Object

2020-04-01 16:50:08,187 - CPE27-SIN-SINGLE-CPE-INTONLY-IPC00190 - ERROR - 
2020-04-01 16:50:08,187 - CPE27-SIN-SINGLE-CPE-INTONLY-IPC00190 - INFO - 
FAIL : 
2020-04-01 16:50:08,187 - CPE27-SIN-SINGLE-CPE-INTONLY-IPC00190 - INFO - >>>>>>>>>> ADDRESS OBJECT DELETION FAILED. <<<<<<<<<<<
2020-04-01 16:50:08,201 - CPE27-SIN-SINGLE-CPE-INTONLY-IPC00190 - INFO - 
DELETE IPaddress Object

2020-04-01 16:50:08,819 - CPE27-SIN-SINGLE-CPE-INTONLY-IPC00190 - ERROR - 
2020-04-01 16:50:08,819 - CPE27-SIN-SINGLE-CPE-INTONLY-IPC00190 - INFO - 
FAIL : 
2020-04-01 16:50:08,819 - CPE27-SIN-SINGLE-CPE-INTONLY-IPC00190 - INFO - >>>>>>>>>> ADDRESS OBJECT DELETION FAILED. <<<<<<<<<<<
2020-04-01 16:50:08,835 - CPE27-SIN-SINGLE-CPE-INTONLY-IPC00190 - INFO - 
DELETE FWD PROFILE

2020-04-01 16:50:09,157 - CPE27-SIN-SINGLE-CPE-INTONLY-IPC00190 - ERROR - 
2020-04-01 16:50:09,173 - CPE27-SIN-SINGLE-CPE-INTONLY-IPC00190 - INFO - 
FAIL : 
2020-04-01 16:50:09,173 - CPE27-SIN-SINGLE-CPE-INTONLY-IPC00190 - INFO - >>>>>>>>>> FORWARDING PROFILE DELETION FAILED. <<<<<<<<<<<
2020-04-01 16:50:09,173 - CPE27-SIN-SINGLE-CPE-INTONLY-IPC00190 - INFO - 
DELETE SLA profile

2020-04-01 16:50:09,743 - CPE27-SIN-SINGLE-CPE-INTONLY-IPC00190 - ERROR - 
2020-04-01 16:50:09,743 - CPE27-SIN-SINGLE-CPE-INTONLY-IPC00190 - INFO - 
FAIL : 
2020-04-01 16:50:09,743 - CPE27-SIN-SINGLE-CPE-INTONLY-IPC00190 - INFO - >>>>>>>>>> DELETE SLA Profile FAILED. <<<<<<<<<<<
