2020-03-02 14:10:45,707 - VD1 - DEBUG - <netmiko.versa.versa_ssh.VersaSSH object at 0x000000000DFEBAC8>
2020-03-02 14:10:50,911 - VD1 - DEBUG - versa: Automated@VDir-BLR-NEW-01>
2020-03-02 14:10:55,648 - CPE11-HKG-HYBRD-IPC00190 - DEBUG - <netmiko.versa.versa_ssh.VersaSSH object at 0x000000000E065C18>
2020-03-02 14:11:00,854 - CPE11-HKG-HYBRD-IPC00190 - DEBUG - versa: Automated@VDir-BLR-NEW-01>
2020-03-02 14:11:25,421 - CPE12-HKG-HYBRD-IPC00190 - DEBUG - <netmiko.versa.versa_ssh.VersaSSH object at 0x000000000E08C6D8>
2020-03-02 14:11:30,628 - CPE12-HKG-HYBRD-IPC00190 - DEBUG - versa: Automated@VDir-BLR-NEW-01>
2020-03-02 14:13:45,403 - CPE11-HKG-HYBRD-IPC00190 - INFO - 
CREATE SLA profile

2020-03-02 14:13:47,775 - CPE11-HKG-HYBRD-IPC00190 - DEBUG - <Response [201]>
2020-03-02 14:13:47,776 - CPE11-HKG-HYBRD-IPC00190 - INFO - 
PASS
2020-03-02 14:13:47,776 - CPE11-HKG-HYBRD-IPC00190 - INFO - >>>>>>>>>> CREATE SLA Profile PASSED. <<<<<<<<<<<
2020-03-02 14:13:47,782 - CPE11-HKG-HYBRD-IPC00190 - INFO - 
CREATE FWD PROFILE

2020-03-02 14:13:49,951 - CPE11-HKG-HYBRD-IPC00190 - DEBUG - <Response [201]>
2020-03-02 14:13:49,953 - CPE11-HKG-HYBRD-IPC00190 - INFO - 
PASS
2020-03-02 14:13:49,953 - CPE11-HKG-HYBRD-IPC00190 - INFO - >>>>>>>>>> FORWARDING PROFILE CREATION PASSED. <<<<<<<<<<<
2020-03-02 14:13:49,957 - CPE11-HKG-HYBRD-IPC00190 - INFO - 
CREATE IPaddress Object

2020-03-02 14:13:51,665 - CPE11-HKG-HYBRD-IPC00190 - DEBUG - <Response [201]>
2020-03-02 14:13:51,667 - CPE11-HKG-HYBRD-IPC00190 - INFO - 
PASS
2020-03-02 14:13:51,667 - CPE11-HKG-HYBRD-IPC00190 - INFO - >>>>>>>>>> ADDRESS OBJECT CREATION PASSED. <<<<<<<<<<<
2020-03-02 14:13:51,671 - CPE11-HKG-HYBRD-IPC00190 - INFO - 
CREATE Policy rule

2020-03-02 14:13:54,746 - CPE11-HKG-HYBRD-IPC00190 - DEBUG - <Response [201]>
2020-03-02 14:13:54,747 - CPE11-HKG-HYBRD-IPC00190 - INFO - 
PASS
2020-03-02 14:13:54,749 - CPE11-HKG-HYBRD-IPC00190 - INFO - >>>>>>>>>> CREATE POLICY RULE PASSED. <<<<<<<<<<<
2020-03-02 14:16:43,757 - CPE11-HKG-HYBRD-IPC00190 - INFO - 
DELETE IPaddress Object

2020-03-02 14:16:47,305 - CPE11-HKG-HYBRD-IPC00190 - INFO - 
PASS
2020-03-02 14:16:47,305 - CPE11-HKG-HYBRD-IPC00190 - INFO - >>>>>>>>>> Policy rule DELETION PASSED. <<<<<<<<<<<
2020-03-02 14:16:47,312 - CPE11-HKG-HYBRD-IPC00190 - INFO - 
DELETE IPaddress Object

2020-03-02 14:16:49,898 - CPE11-HKG-HYBRD-IPC00190 - INFO - 
PASS
2020-03-02 14:16:49,898 - CPE11-HKG-HYBRD-IPC00190 - INFO - >>>>>>>>>> ADDRESS OBJECT DELETION PASSED. <<<<<<<<<<<
2020-03-02 14:16:49,903 - CPE11-HKG-HYBRD-IPC00190 - INFO - 
DELETE FWD PROFILE

2020-03-02 14:16:52,634 - CPE11-HKG-HYBRD-IPC00190 - INFO - 
PASS
2020-03-02 14:16:52,635 - CPE11-HKG-HYBRD-IPC00190 - INFO - >>>>>>>>>> FORWARDING PROFILE DELETION PASSED. <<<<<<<<<<<
2020-03-02 14:16:52,641 - CPE11-HKG-HYBRD-IPC00190 - INFO - 
DELETE SLA profile

2020-03-02 14:16:55,177 - CPE11-HKG-HYBRD-IPC00190 - INFO - 
PASS
2020-03-02 14:16:55,177 - CPE11-HKG-HYBRD-IPC00190 - INFO - >>>>>>>>>> DELETE SLA Profile PASSED. <<<<<<<<<<<
2020-03-02 14:17:04,309 - CPE11-HKG-HYBRD-IPC00190 - INFO - 
CREATE SLA profile

2020-03-02 14:17:06,134 - CPE11-HKG-HYBRD-IPC00190 - DEBUG - <Response [201]>
2020-03-02 14:17:06,134 - CPE11-HKG-HYBRD-IPC00190 - INFO - 
PASS
2020-03-02 14:17:06,135 - CPE11-HKG-HYBRD-IPC00190 - INFO - >>>>>>>>>> CREATE SLA Profile PASSED. <<<<<<<<<<<
2020-03-02 14:17:06,141 - CPE11-HKG-HYBRD-IPC00190 - INFO - 
CREATE FWD PROFILE

2020-03-02 14:17:09,012 - CPE11-HKG-HYBRD-IPC00190 - DEBUG - <Response [201]>
2020-03-02 14:17:09,013 - CPE11-HKG-HYBRD-IPC00190 - INFO - 
PASS
2020-03-02 14:17:09,013 - CPE11-HKG-HYBRD-IPC00190 - INFO - >>>>>>>>>> FORWARDING PROFILE CREATION PASSED. <<<<<<<<<<<
2020-03-02 14:17:09,019 - CPE11-HKG-HYBRD-IPC00190 - INFO - 
CREATE IPaddress Object

2020-03-02 14:17:10,733 - CPE11-HKG-HYBRD-IPC00190 - DEBUG - <Response [201]>
2020-03-02 14:17:10,733 - CPE11-HKG-HYBRD-IPC00190 - INFO - 
PASS
2020-03-02 14:17:10,733 - CPE11-HKG-HYBRD-IPC00190 - INFO - >>>>>>>>>> ADDRESS OBJECT CREATION PASSED. <<<<<<<<<<<
2020-03-02 14:17:10,736 - CPE11-HKG-HYBRD-IPC00190 - INFO - 
CREATE Policy rule

2020-03-02 14:17:12,977 - CPE11-HKG-HYBRD-IPC00190 - DEBUG - <Response [201]>
2020-03-02 14:17:12,977 - CPE11-HKG-HYBRD-IPC00190 - INFO - 
PASS
2020-03-02 14:17:12,977 - CPE11-HKG-HYBRD-IPC00190 - INFO - >>>>>>>>>> CREATE POLICY RULE PASSED. <<<<<<<<<<<
2020-03-02 14:19:56,970 - CPE11-HKG-HYBRD-IPC00190 - INFO - 
DELETE IPaddress Object

2020-03-02 14:20:00,604 - CPE11-HKG-HYBRD-IPC00190 - INFO - 
PASS
2020-03-02 14:20:00,605 - CPE11-HKG-HYBRD-IPC00190 - INFO - >>>>>>>>>> Policy rule DELETION PASSED. <<<<<<<<<<<
2020-03-02 14:20:00,611 - CPE11-HKG-HYBRD-IPC00190 - INFO - 
DELETE IPaddress Object

2020-03-02 14:20:03,164 - CPE11-HKG-HYBRD-IPC00190 - INFO - 
PASS
2020-03-02 14:20:03,164 - CPE11-HKG-HYBRD-IPC00190 - INFO - >>>>>>>>>> ADDRESS OBJECT DELETION PASSED. <<<<<<<<<<<
2020-03-02 14:20:03,170 - CPE11-HKG-HYBRD-IPC00190 - INFO - 
DELETE FWD PROFILE

2020-03-02 14:20:05,894 - CPE11-HKG-HYBRD-IPC00190 - INFO - 
PASS
2020-03-02 14:20:05,895 - CPE11-HKG-HYBRD-IPC00190 - INFO - >>>>>>>>>> FORWARDING PROFILE DELETION PASSED. <<<<<<<<<<<
2020-03-02 14:20:05,901 - CPE11-HKG-HYBRD-IPC00190 - INFO - 
DELETE SLA profile

2020-03-02 14:20:08,417 - CPE11-HKG-HYBRD-IPC00190 - INFO - 
PASS
2020-03-02 14:20:08,418 - CPE11-HKG-HYBRD-IPC00190 - INFO - >>>>>>>>>> DELETE SLA Profile PASSED. <<<<<<<<<<<
