2019-10-10 15:04:08,558 - Versa_director - DEBUG - <netmiko.versa.versa.VersaSSH object at 0x000000000DD99CC0>
2019-10-10 15:04:13,759 - Versa_director - DEBUG - versa: Automated@VDir-BLR-NEW-01>
2019-10-10 15:04:13,786 - Versa_director - INFO - set devices template CPE11-HYBRD-PS config orgs org-services IPC00172 ipsec vpn-profile NV-WC01-N1-HKG-Profile ike transform aes256-sha256
set devices template CPE11-HYBRD-PS config orgs org-services IPC00172 ipsec vpn-profile NV-WC01-N1-HKG-Profile ipsec transform esp-aes128-gcm
set devices template CPE11-HYBRD-PS config orgs org-services IPC00172 ipsec vpn-profile NV-WC02-N1-HKG-Profile ike transform aes256-sha256
set devices template CPE11-HYBRD-PS config orgs org-services IPC00172 ipsec vpn-profile NV-WC02-N1-HKG-Profile ipsec transform esp-aes128-gcm

2019-10-10 15:04:22,957 - Versa_director - INFO - configure
Entering configuration mode private
[ok][2019-10-10 09:34:16]

[edit]
Automated@VDir-BLR-NEW-01% set devices template CPE11-HYBRD-PS config orgs org-services IPC00172 ipsec vpn-profile NV-WC01-N1-HKG-Profile ike transform aes256-sha256
[ok][2019-10-10 09:34:18]

[edit]
Automated@VDir-BLR-NEW-01% set devices template CPE11-HYBRD-PS config orgs org-services IPC00172 ipsec vpn-profile NV-WC01-N1-HKG-Profile ipsec transform esp-aes128-gcm
[ok][2019-10-10 09:34:19]

[edit]
Automated@VDir-BLR-NEW-01% set devices template CPE11-HYBRD-PS config orgs org-services IPC00172 ipsec vpn-profile NV-WC02-N1-HKG-Profile ike transform aes256-sha256
[ok][2019-10-10 09:34:19]

[edit]
Automated@VDir-BLR-NEW-01% set devices template CPE11-HYBRD-PS config orgs org-services IPC00172 ipsec vpn-profile NV-WC02-N1-HKG-Profile ipsec transform esp-aes128-gcm
[ok][2019-10-10 09:34:19]

[edit]
Automated@VDir-BLR-NEW-01% 
2019-10-10 15:04:23,358 - Versa_director - INFO - commit
No modifications to commit.
[ok][2019-10-10 09:34:23]

[edit]
Automated@VDir-BLR-NEW-01% 
2019-10-10 15:04:23,760 - Versa_director - INFO - exit no-confirm
[ok][2019-10-10 09:34:23]
Automated@VDir-BLR-NEW-01> 
2019-10-10 15:04:23,762 - Versa_director - INFO - No modifications to commit.
2019-10-10 15:04:23,762 - Versa_director - INFO - ****************************************
2019-10-10 15:04:23,762 - Versa_director - INFO - CONFIG_RESULT:
2019-10-10 15:04:23,763 - Versa_director - INFO - No modifications to commit.
2019-10-10 15:04:23,763 - Versa_director - INFO - ****************************************
2019-10-10 15:04:23,763 - Versa_director - INFO - Time elapsed: 0:00:10.003000

2019-10-10 15:04:23,763 - Versa_director - INFO - LOGS Stored in : C:\Softwares_mine\stefano\NV_REPOSITORY\csit/LOGS/2019_10_10_15_04_03_883000/
2019-10-10 15:04:23,796 - Versa_director - DEBUG - <netmiko.versa.versa.VersaSSH object at 0x000000000DD99CC0> connection closed
