2020-03-03 12:31:22,900 - VD1 - DEBUG - <netmiko.versa.versa_ssh.VersaSSH object at 0x000000000E702EB8>
2020-03-03 12:31:28,101 - VD1 - DEBUG - versa: Automated@VDir-BLR-NEW-01>
2020-03-03 12:31:32,854 - CPE11-HKG-HYBRD-IPC00190 - DEBUG - <netmiko.versa.versa_ssh.VersaSSH object at 0x000000000E746E48>
2020-03-03 12:31:38,056 - CPE11-HKG-HYBRD-IPC00190 - DEBUG - versa: Automated@VDir-BLR-NEW-01>
2020-03-03 12:32:02,766 - CPE12-HKG-HYBRD-IPC00190 - DEBUG - <netmiko.versa.versa_ssh.VersaSSH object at 0x000000000E7727F0>
2020-03-03 12:32:07,970 - CPE12-HKG-HYBRD-IPC00190 - DEBUG - versa: Automated@VDir-BLR-NEW-01>
2020-03-03 12:33:22,345 - CPE11-HKG-HYBRD-IPC00190 - INFO - 
CREATE SLA profile

2020-03-03 12:33:24,219 - CPE11-HKG-HYBRD-IPC00190 - DEBUG - <Response [201]>
2020-03-03 12:33:24,220 - CPE11-HKG-HYBRD-IPC00190 - INFO - 
PASS
2020-03-03 12:33:24,220 - CPE11-HKG-HYBRD-IPC00190 - INFO - >>>>>>>>>> CREATE SLA Profile PASSED. <<<<<<<<<<<
2020-03-03 12:33:24,223 - CPE11-HKG-HYBRD-IPC00190 - INFO - 
CREATE FWD PROFILE

2020-03-03 12:33:26,032 - CPE11-HKG-HYBRD-IPC00190 - DEBUG - <Response [201]>
2020-03-03 12:33:26,032 - CPE11-HKG-HYBRD-IPC00190 - INFO - 
PASS
2020-03-03 12:33:26,032 - CPE11-HKG-HYBRD-IPC00190 - INFO - >>>>>>>>>> FORWARDING PROFILE CREATION PASSED. <<<<<<<<<<<
2020-03-03 12:33:26,032 - CPE11-HKG-HYBRD-IPC00190 - INFO - 
CREATE IPaddress Object

2020-03-03 12:33:27,487 - CPE11-HKG-HYBRD-IPC00190 - DEBUG - <Response [201]>
2020-03-03 12:33:27,487 - CPE11-HKG-HYBRD-IPC00190 - INFO - 
PASS
2020-03-03 12:33:27,489 - CPE11-HKG-HYBRD-IPC00190 - INFO - >>>>>>>>>> ADDRESS OBJECT CREATION PASSED. <<<<<<<<<<<
2020-03-03 12:33:27,490 - CPE11-HKG-HYBRD-IPC00190 - INFO - 
CREATE IPaddress Object

2020-03-03 12:33:29,157 - CPE11-HKG-HYBRD-IPC00190 - DEBUG - <Response [201]>
2020-03-03 12:33:29,157 - CPE11-HKG-HYBRD-IPC00190 - INFO - 
PASS
2020-03-03 12:33:29,157 - CPE11-HKG-HYBRD-IPC00190 - INFO - >>>>>>>>>> ADDRESS OBJECT CREATION PASSED. <<<<<<<<<<<
2020-03-03 12:33:29,158 - CPE11-HKG-HYBRD-IPC00190 - INFO - 
CREATE Service Object

2020-03-03 12:33:31,526 - CPE11-HKG-HYBRD-IPC00190 - DEBUG - <Response [201]>
2020-03-03 12:33:31,526 - CPE11-HKG-HYBRD-IPC00190 - INFO - 
PASS
2020-03-03 12:33:31,528 - CPE11-HKG-HYBRD-IPC00190 - INFO - >>>>>>>>>> Service OBJECT CREATION PASSED. <<<<<<<<<<<
2020-03-03 12:34:30,082 - CPE11-HKG-HYBRD-IPC00190 - INFO - 
CREATE Policy rule

2020-03-03 12:34:32,861 - CPE11-HKG-HYBRD-IPC00190 - DEBUG - <Response [201]>
2020-03-03 12:34:32,862 - CPE11-HKG-HYBRD-IPC00190 - INFO - 
PASS
2020-03-03 12:34:32,862 - CPE11-HKG-HYBRD-IPC00190 - INFO - >>>>>>>>>> CREATE POLICY RULE PASSED. <<<<<<<<<<<
2020-03-03 12:37:28,519 - CPE11-HKG-HYBRD-IPC00190 - INFO - 
DELETE IPaddress Object

2020-03-03 12:37:32,299 - CPE11-HKG-HYBRD-IPC00190 - INFO - 
PASS
2020-03-03 12:37:32,299 - CPE11-HKG-HYBRD-IPC00190 - INFO - >>>>>>>>>> Policy rule DELETION PASSED. <<<<<<<<<<<
2020-03-03 12:37:32,303 - CPE11-HKG-HYBRD-IPC00190 - INFO - 
CREATE Policy rule

2020-03-03 12:37:34,713 - CPE11-HKG-HYBRD-IPC00190 - DEBUG - <Response [201]>
2020-03-03 12:37:34,713 - CPE11-HKG-HYBRD-IPC00190 - INFO - 
PASS
2020-03-03 12:37:34,713 - CPE11-HKG-HYBRD-IPC00190 - INFO - >>>>>>>>>> CREATE POLICY RULE PASSED. <<<<<<<<<<<
2020-03-03 12:40:24,101 - CPE11-HKG-HYBRD-IPC00190 - INFO - 
DELETE IPaddress Object

2020-03-03 12:40:27,726 - CPE11-HKG-HYBRD-IPC00190 - INFO - 
PASS
2020-03-03 12:40:27,726 - CPE11-HKG-HYBRD-IPC00190 - INFO - >>>>>>>>>> Policy rule DELETION PASSED. <<<<<<<<<<<
2020-03-03 12:40:27,730 - CPE11-HKG-HYBRD-IPC00190 - INFO - 
CREATE Policy rule

2020-03-03 12:40:29,674 - CPE11-HKG-HYBRD-IPC00190 - DEBUG - <Response [201]>
2020-03-03 12:40:29,674 - CPE11-HKG-HYBRD-IPC00190 - INFO - 
PASS
2020-03-03 12:40:29,676 - CPE11-HKG-HYBRD-IPC00190 - INFO - >>>>>>>>>> CREATE POLICY RULE PASSED. <<<<<<<<<<<
2020-03-03 12:41:32,588 - CPE11-HKG-HYBRD-IPC00190 - INFO - 
DELETE IPaddress Object

2020-03-03 12:41:36,105 - CPE11-HKG-HYBRD-IPC00190 - INFO - 
PASS
2020-03-03 12:41:36,105 - CPE11-HKG-HYBRD-IPC00190 - INFO - >>>>>>>>>> Policy rule DELETION PASSED. <<<<<<<<<<<
2020-03-03 12:41:36,117 - CPE11-HKG-HYBRD-IPC00190 - INFO - 
DELETE Service Object

2020-03-03 12:41:38,272 - CPE11-HKG-HYBRD-IPC00190 - INFO - 
PASS
2020-03-03 12:41:38,273 - CPE11-HKG-HYBRD-IPC00190 - INFO - >>>>>>>>>> ADDRESS OBJECT DELETION PASSED. <<<<<<<<<<<
2020-03-03 12:41:38,273 - CPE11-HKG-HYBRD-IPC00190 - INFO - 
DELETE IPaddress Object

2020-03-03 12:41:40,690 - CPE11-HKG-HYBRD-IPC00190 - INFO - 
PASS
2020-03-03 12:41:40,690 - CPE11-HKG-HYBRD-IPC00190 - INFO - >>>>>>>>>> ADDRESS OBJECT DELETION PASSED. <<<<<<<<<<<
2020-03-03 12:41:40,691 - CPE11-HKG-HYBRD-IPC00190 - INFO - 
DELETE IPaddress Object

2020-03-03 12:41:42,947 - CPE11-HKG-HYBRD-IPC00190 - INFO - 
PASS
2020-03-03 12:41:42,947 - CPE11-HKG-HYBRD-IPC00190 - INFO - >>>>>>>>>> ADDRESS OBJECT DELETION PASSED. <<<<<<<<<<<
2020-03-03 12:41:42,947 - CPE11-HKG-HYBRD-IPC00190 - INFO - 
DELETE FWD PROFILE

2020-03-03 12:41:46,144 - CPE11-HKG-HYBRD-IPC00190 - INFO - 
PASS
2020-03-03 12:41:46,144 - CPE11-HKG-HYBRD-IPC00190 - INFO - >>>>>>>>>> FORWARDING PROFILE DELETION PASSED. <<<<<<<<<<<
2020-03-03 12:41:46,145 - CPE11-HKG-HYBRD-IPC00190 - INFO - 
DELETE SLA profile

2020-03-03 12:41:48,434 - CPE11-HKG-HYBRD-IPC00190 - INFO - 
PASS
2020-03-03 12:41:48,434 - CPE11-HKG-HYBRD-IPC00190 - INFO - >>>>>>>>>> DELETE SLA Profile PASSED. <<<<<<<<<<<
