2019-04-16 11:47:33,756 - CPE11-BLR-INT-ONLY - INFO - CPE NAME:CPE11-BLR-INT-ONLY
2019-04-16 11:47:34,760 - CPE11-BLR-INT-ONLY - INFO - SOLUTION SELECTED:SINGLE-CPE-INTERNET-ONLY
2019-04-16 11:47:35,944 - CPE11-BLR-INT-ONLY - INFO - {u'versanms.sdwan-org-workflow': {u'ikeAuthType': u'psk', u'globalId': 125, u'orgName': u'JAPAN', u'controllers': [u'NV-WC01-N2-BLR', u'NV-WC02-N2-BLR', u'NV-WC02-N4-MUM'], u'bandwidth': 10, u'parentOrg': u'Colt', u'vrfs': [{u'name': u'LAN1-VRF', u'enableVPN': True, u'id': 1370}, {u'name': u'LAN2-VRF', u'enableVPN': True, u'id': 1371}, {u'name': u'LAN3-VRF', u'enableVPN': True, u'id': 1372}, {u'name': u'LAN4-VRF', u'enableVPN': True, u'id': 1373}, {u'name': u'LAN5-VRF', u'enableVPN': True, u'id': 1374}, {u'name': u'LAN6-VRF', u'enableVPN': True, u'id': 1375}, {u'name': u'LAN7-VRF', u'enableVPN': True, u'id': 1376}, {u'name': u'LAN8-VRF', u'enableVPN': True, u'id': 1377}, {u'name': u'LAN9-VRF', u'enableVPN': True, u'id': 1378}, {u'name': u'LAN10-VRF', u'enableVPN': True, u'id': 1379}], u'solutionTier': u'base-sdwan', u'sharedControlPlane': False}}
2019-04-16 11:47:36,538 - CPE11-BLR-INT-ONLY - INFO - {u'versanms.sdwan-org-workflow': {u'ikeAuthType': u'psk', u'globalId': 125, u'orgName': u'JAPAN', u'controllers': [u'NV-WC01-N2-BLR', u'NV-WC02-N2-BLR', u'NV-WC02-N4-MUM'], u'bandwidth': 10, u'parentOrg': u'Colt', u'vrfs': [{u'name': u'LAN1-VRF', u'enableVPN': True, u'id': 1370}, {u'name': u'LAN2-VRF', u'enableVPN': True, u'id': 1371}, {u'name': u'LAN3-VRF', u'enableVPN': True, u'id': 1372}, {u'name': u'LAN4-VRF', u'enableVPN': True, u'id': 1373}, {u'name': u'LAN5-VRF', u'enableVPN': True, u'id': 1374}, {u'name': u'LAN6-VRF', u'enableVPN': True, u'id': 1375}, {u'name': u'LAN7-VRF', u'enableVPN': True, u'id': 1376}, {u'name': u'LAN8-VRF', u'enableVPN': True, u'id': 1377}, {u'name': u'LAN9-VRF', u'enableVPN': True, u'id': 1378}, {u'name': u'LAN10-VRF', u'enableVPN': True, u'id': 1379}], u'solutionTier': u'base-sdwan', u'sharedControlPlane': False}}
2019-04-16 11:47:36,933 - CPE11-BLR-INT-ONLY - INFO - {u'versanms.sdwan-org-workflow': {u'ikeAuthType': u'psk', u'globalId': 125, u'orgName': u'JAPAN', u'controllers': [u'NV-WC01-N2-BLR', u'NV-WC02-N2-BLR', u'NV-WC02-N4-MUM'], u'bandwidth': 10, u'parentOrg': u'Colt', u'vrfs': [{u'name': u'LAN1-VRF', u'enableVPN': True, u'id': 1370}, {u'name': u'LAN2-VRF', u'enableVPN': True, u'id': 1371}, {u'name': u'LAN3-VRF', u'enableVPN': True, u'id': 1372}, {u'name': u'LAN4-VRF', u'enableVPN': True, u'id': 1373}, {u'name': u'LAN5-VRF', u'enableVPN': True, u'id': 1374}, {u'name': u'LAN6-VRF', u'enableVPN': True, u'id': 1375}, {u'name': u'LAN7-VRF', u'enableVPN': True, u'id': 1376}, {u'name': u'LAN8-VRF', u'enableVPN': True, u'id': 1377}, {u'name': u'LAN9-VRF', u'enableVPN': True, u'id': 1378}, {u'name': u'LAN10-VRF', u'enableVPN': True, u'id': 1379}], u'solutionTier': u'base-sdwan', u'sharedControlPlane': False}}
2019-04-16 11:47:36,933 - CPE11-BLR-INT-ONLY - INFO - 
STEP : POST STAGING TEMPLATE CREATION AND DEPLOYMENT

2019-04-16 11:47:36,963 - CPE11-BLR-INT-ONLY - INFO - {
	"versanms.sdwan-template-workflow": {
		"templateName": "JAPAN-BLR-PS-IS",
		"templateType": "sdwan-post-staging",
		"controllers": ["NV-WC01-N2-BLR", "NV-WC02-N2-BLR"],
		"providerOrg": {
			"name": "JAPAN",
			"statefulFW": true,
			"nextGenFW": false
		},
		"analyticsCluster": "LogCollectors",
		"deviceFirmfactor": "6",
		"wanInterfaces": [{
			"interfaceName": "vni-0/2",
			"pppoe": false,
			"unitInfo": [{
				"subUnit": 0,
				"vlanId": 0,
				"networkName": "INT-WAN","ipv4Static": true,
				"ipv4Dhcp": false,
				"ipv6Static": false,
				"ipv6Dhcp": false,
				"allowSSH": false,
				"monitor": {},
				"linkPriority": "",
				"transportDomains": ["INTERNET-TD"]
			}]
		}],
		"deviceType": "full-mesh",
		"redundantPair": {
			"enable": false
		},
		"lanInterfaces": [{
			"interfaceName": "vni-0/4",
			"unitInfo": [
			{
				"subUnit": "{$v_vni-0-4_LAN1_Unit-0__unit}",
				"vlanId": "{$v_vni-0-4_LAN1_Unit-0__vlanId}",
				"networkName": "LAN1",
				"subOrganization": "JAPAN",
				"ipv4Static": true,
				"ipv4Dhcp": false,
				"ip6Static": false,
				"ipv6Dhcp": false,
				"vrfName": "LAN1-VRF",
				"zoneName": ""
			}
            
                    ,{
				"subUnit": "{$v_vni-0-4_LAN2_Unit-1__unit}",
				"vlanId": "{$v_vni-0-4_LAN2_Unit-1__vlanId}",
				"networkName": "LAN2",
				"subOrganization": "JAPAN",
				"ipv4Static": true,
				"ipv4Dhcp": false,
				"ip6Static": false,
				"ipv6Dhcp": false,
				"vrfName": "LAN2-VRF",
				"zoneName": ""
			}
            
                    ,{
				"subUnit": "{$v_vni-0-4_LAN3_Unit-2__unit}",
				"vlanId": "{$v_vni-0-4_LAN3_Unit-2__vlanId}",
				"networkName": "LAN3",
				"subOrganization": "JAPAN",
				"ipv4Static": true,
				"ipv4Dhcp": false,
				"ip6Static": false,
				"ipv6Dhcp": false,
				"vrfName": "LAN3-VRF",
				"zoneName": ""
			}
            
                    ,{
				"subUnit": "{$v_vni-0-4_LAN4_Unit-3__unit}",
				"vlanId": "{$v_vni-0-4_LAN4_Unit-3__vlanId}",
				"networkName": "LAN4",
				"subOrganization": "JAPAN",
				"ipv4Static": true,
				"ipv4Dhcp": false,
				"ip6Static": false,
				"ipv6Dhcp": false,
				"vrfName": "LAN4-VRF",
				"zoneName": ""
			}
            
                    ,{
				"subUnit": "{$v_vni-0-4_LAN5_Unit-4__unit}",
				"vlanId": "{$v_vni-0-4_LAN5_Unit-4__vlanId}",
				"networkName": "LAN5",
				"subOrganization": "JAPAN",
				"ipv4Static": true,
				"ipv4Dhcp": false,
				"ip6Static": false,
				"ipv6Dhcp": false,
				"vrfName": "LAN5-VRF",
				"zoneName": ""
			}
            
        ]
		}],
		"solutionTier": "standard-sdwan-plus-ngfw",
		"bandwidth": 1000,
		"customParams": [],
		"minimumImageVersion": "16.1R2-S2.2",
		"isAnalyticsEnabled": true,
		"isPrimary": true,
		"diaConfig": {
			"loadBalance": false
		},
		
		"inBoundNats": []
	}
}

2019-04-16 11:47:44,592 - CPE11-BLR-INT-ONLY - INFO - <Response [200]>
2019-04-16 11:47:44,592 - CPE11-BLR-INT-ONLY - INFO - 
PASS
2019-04-16 11:47:44,594 - CPE11-BLR-INT-ONLY - INFO - 
 >>>>>>>>>> POST STAGING TEMPLATE CREATION PASSED. <<<<<<<<<<<

2019-04-16 11:47:49,819 - CPE11-BLR-INT-ONLY - INFO - <Response [200]>
2019-04-16 11:47:49,819 - CPE11-BLR-INT-ONLY - INFO - 
PASS
2019-04-16 11:47:49,819 - CPE11-BLR-INT-ONLY - INFO - 
 >>>>>>>>>> FW ASSOCIATION WITH POST STAGING TEMPLATE PASSED. <<<<<<<<<<<

2019-04-16 11:48:02,651 - CPE11-BLR-INT-ONLY - INFO - <Response [200]>
2019-04-16 11:48:07,654 - CPE11-BLR-INT-ONLY - INFO - 
PASS
2019-04-16 11:48:07,654 - CPE11-BLR-INT-ONLY - INFO - 
 >>>>>>>>>> POST STAGING TEMPLATE DEPLOY PASSED. <<<<<<<<<<<

2019-04-16 11:48:13,599 - CPE11-BLR-INT-ONLY - INFO - {u'versanms.sdwan-template-workflow': {u'providerOrg': {u'nextGenFW': False, u'name': u'JAPAN', u'statefulFW': True}, u'snmp': {u'snmpV1': False, u'snmpV2': False, u'snmpV3': False}, u'minimumImageVersion': u'16.1R2-S2.2', u'wanInterfaces': [{u'unitInfo': [{u'ipv6Dhcp': False, u'monitor': {u'monitorNexthop': False}, u'allowSSH': False, u'ipv4Static': True, u'DIA': False, u'vlanId': 0, u'transportDomains': [u'INTERNET-TD'], u'ipv4Dhcp': False, u'ipv6rs': False, u'subUnit': 0, u'networkName': u'INT-WAN', u'ipv6Static': False}], u'interfaceName': u'vni-0/2', u'pppoe': False}], u'diaConfig': {u'loadBalance': False, u'dia': False}, u'templateName': u'JAPAN-BLR-PS-IS', u'isPrimary': True, u'isAnalyticsEnabled': True, u'lanInterfaces': [{u'unitInfo': [{u'ipv6Dhcp': False, u'ipv4DhcpServer': False, u'vrfName': u'LAN1-VRF', u'ipv6ra': False, u'ipv4Static': True, u'DIA': False, u'vlanId': u'{$v_vni-0-4_LAN1_Unit-0__vlanId}', u'ip6Static': False, u'ipv4Dhcp': False, u'subOrganization': u'JAPAN', u'subUnit': u'{$v_vni-0-4_LAN1_Unit-0__unit}', u'networkName': u'LAN1', u'dhcpV4Relay': False}, {u'ipv6Dhcp': False, u'ipv4DhcpServer': False, u'vrfName': u'LAN2-VRF', u'ipv6ra': False, u'ipv4Static': True, u'DIA': False, u'vlanId': u'{$v_vni-0-4_LAN2_Unit-1__vlanId}', u'ip6Static': False, u'ipv4Dhcp': False, u'subOrganization': u'JAPAN', u'subUnit': u'{$v_vni-0-4_LAN2_Unit-1__unit}', u'networkName': u'LAN2', u'dhcpV4Relay': False}, {u'ipv6Dhcp': False, u'ipv4DhcpServer': False, u'vrfName': u'LAN3-VRF', u'ipv6ra': False, u'ipv4Static': True, u'DIA': False, u'vlanId': u'{$v_vni-0-4_LAN3_Unit-2__vlanId}', u'ip6Static': False, u'ipv4Dhcp': False, u'subOrganization': u'JAPAN', u'subUnit': u'{$v_vni-0-4_LAN3_Unit-2__unit}', u'networkName': u'LAN3', u'dhcpV4Relay': False}, {u'ipv6Dhcp': False, u'ipv4DhcpServer': False, u'vrfName': u'LAN4-VRF', u'ipv6ra': False, u'ipv4Static': True, u'DIA': False, u'vlanId': u'{$v_vni-0-4_LAN4_Unit-3__vlanId}', u'ip6Static': False, u'ipv4Dhcp': False, u'subOrganization': u'JAPAN', u'subUnit': u'{$v_vni-0-4_LAN4_Unit-3__unit}', u'networkName': u'LAN4', u'dhcpV4Relay': False}, {u'ipv6Dhcp': False, u'ipv4DhcpServer': False, u'vrfName': u'LAN5-VRF', u'ipv6ra': False, u'ipv4Static': True, u'DIA': False, u'vlanId': u'{$v_vni-0-4_LAN5_Unit-4__vlanId}', u'ip6Static': False, u'ipv4Dhcp': False, u'subOrganization': u'JAPAN', u'subUnit': u'{$v_vni-0-4_LAN5_Unit-4__unit}', u'networkName': u'LAN5', u'dhcpV4Relay': False}], u'interfaceName': u'vni-0/4'}], u'bandwidth': 1000, u'controllers': [u'NV-WC01-N2-BLR', u'NV-WC02-N2-BLR'], u'templateType': u'sdwan-post-staging', u'deviceType': u'full-mesh', u'redundantPair': {u'vrrp': True, u'enable': False, u'cloudCPE': False}, u'solutionTier': u'standard-sdwan-plus-ngfw', u'deviceFirmfactor': 6, u'analyticsCluster': u'LogCollectors'}}
2019-04-16 11:48:13,792 - CPE11-BLR-INT-ONLY - INFO - [{u'category': u'stateful-firewall', u'organization': u'JAPAN', u'serviceTemplate': u'GENERIC-SFW-TEMPLATE5', u'id': 638, u'templateName': u'JAPAN-BLR-PS-IS'}]
