2020-02-28 16:46:19,849 - VD1 - DEBUG - <netmiko.versa.versa_ssh.VersaSSH object at 0x000000000E229710>
2020-02-28 16:46:25,052 - VD1 - DEBUG - versa: Automated@VDir-BLR-NEW-01>
2020-02-28 16:46:29,760 - CPE11-HKG-HYBRD-IPC00190 - DEBUG - <netmiko.versa.versa_ssh.VersaSSH object at 0x000000000E2697B8>
2020-02-28 16:46:34,963 - CPE11-HKG-HYBRD-IPC00190 - DEBUG - versa: Automated@VDir-BLR-NEW-01>
2020-02-28 16:46:59,645 - CPE12-HKG-HYBRD-IPC00190 - DEBUG - <netmiko.versa.versa_ssh.VersaSSH object at 0x000000000E284320>
2020-02-28 16:47:04,848 - CPE12-HKG-HYBRD-IPC00190 - DEBUG - versa: Automated@VDir-BLR-NEW-01>
2020-02-28 16:48:22,052 - CPE11-HKG-HYBRD-IPC00190 - INFO - 
CREATE SLA profile

2020-02-28 16:48:24,089 - CPE11-HKG-HYBRD-IPC00190 - DEBUG - <Response [201]>
2020-02-28 16:48:24,096 - CPE11-HKG-HYBRD-IPC00190 - INFO - 
PASS
2020-02-28 16:48:24,096 - CPE11-HKG-HYBRD-IPC00190 - INFO - >>>>>>>>>> CREATE SLA Profile PASSED. <<<<<<<<<<<
2020-02-28 16:48:24,104 - CPE11-HKG-HYBRD-IPC00190 - INFO - 
CREATE FWD PROFILE

2020-02-28 16:48:25,849 - CPE11-HKG-HYBRD-IPC00190 - DEBUG - <Response [201]>
2020-02-28 16:48:25,851 - CPE11-HKG-HYBRD-IPC00190 - INFO - 
PASS
2020-02-28 16:48:25,851 - CPE11-HKG-HYBRD-IPC00190 - INFO - >>>>>>>>>> FORWARDING PROFILE CREATION PASSED. <<<<<<<<<<<
2020-02-28 16:48:25,851 - CPE11-HKG-HYBRD-IPC00190 - INFO - 
CREATE IPaddress Object

2020-02-28 16:48:27,661 - CPE11-HKG-HYBRD-IPC00190 - DEBUG - <Response [201]>
2020-02-28 16:48:27,661 - CPE11-HKG-HYBRD-IPC00190 - INFO - 
PASS
2020-02-28 16:48:27,661 - CPE11-HKG-HYBRD-IPC00190 - INFO - >>>>>>>>>> ADDRESS OBJECT CREATION PASSED. <<<<<<<<<<<
2020-02-28 16:48:27,664 - CPE11-HKG-HYBRD-IPC00190 - INFO - 
CREATE IPaddress Object

2020-02-28 16:48:30,335 - CPE11-HKG-HYBRD-IPC00190 - DEBUG - <Response [201]>
2020-02-28 16:48:30,336 - CPE11-HKG-HYBRD-IPC00190 - INFO - 
PASS
2020-02-28 16:48:30,338 - CPE11-HKG-HYBRD-IPC00190 - INFO - >>>>>>>>>> ADDRESS OBJECT CREATION PASSED. <<<<<<<<<<<
2020-02-28 16:48:30,354 - CPE11-HKG-HYBRD-IPC00190 - INFO - 
CREATE Policy rule

2020-02-28 16:48:32,671 - CPE11-HKG-HYBRD-IPC00190 - DEBUG - <Response [201]>
2020-02-28 16:48:32,673 - CPE11-HKG-HYBRD-IPC00190 - INFO - 
PASS
2020-02-28 16:48:32,674 - CPE11-HKG-HYBRD-IPC00190 - INFO - >>>>>>>>>> CREATE POLICY RULE PASSED. <<<<<<<<<<<
2020-02-28 16:51:23,553 - CPE11-HKG-HYBRD-IPC00190 - INFO - 
DELETE IPaddress Object

2020-02-28 16:51:27,368 - CPE11-HKG-HYBRD-IPC00190 - INFO - 
PASS
2020-02-28 16:51:27,368 - CPE11-HKG-HYBRD-IPC00190 - INFO - >>>>>>>>>> Policy rule DELETION PASSED. <<<<<<<<<<<
2020-02-28 16:51:27,377 - CPE11-HKG-HYBRD-IPC00190 - INFO - 
CREATE Policy rule

2020-02-28 16:51:29,851 - CPE11-HKG-HYBRD-IPC00190 - DEBUG - <Response [201]>
2020-02-28 16:51:29,851 - CPE11-HKG-HYBRD-IPC00190 - INFO - 
PASS
2020-02-28 16:51:29,851 - CPE11-HKG-HYBRD-IPC00190 - INFO - >>>>>>>>>> CREATE POLICY RULE PASSED. <<<<<<<<<<<
2020-02-28 16:54:17,990 - CPE11-HKG-HYBRD-IPC00190 - INFO - 
DELETE IPaddress Object

2020-02-28 16:54:21,671 - CPE11-HKG-HYBRD-IPC00190 - INFO - 
PASS
2020-02-28 16:54:21,671 - CPE11-HKG-HYBRD-IPC00190 - INFO - >>>>>>>>>> Policy rule DELETION PASSED. <<<<<<<<<<<
2020-02-28 16:55:15,479 - CPE11-HKG-HYBRD-IPC00190 - INFO - 
DELETE IPaddress Object

2020-02-28 16:55:19,263 - CPE11-HKG-HYBRD-IPC00190 - INFO - 
PASS
2020-02-28 16:55:19,263 - CPE11-HKG-HYBRD-IPC00190 - INFO - >>>>>>>>>> ADDRESS OBJECT DELETION PASSED. <<<<<<<<<<<
2020-02-28 16:55:19,266 - CPE11-HKG-HYBRD-IPC00190 - INFO - 
DELETE IPaddress Object

2020-02-28 16:55:21,799 - CPE11-HKG-HYBRD-IPC00190 - INFO - 
PASS
2020-02-28 16:55:21,799 - CPE11-HKG-HYBRD-IPC00190 - INFO - >>>>>>>>>> ADDRESS OBJECT DELETION PASSED. <<<<<<<<<<<
2020-02-28 16:55:21,799 - CPE11-HKG-HYBRD-IPC00190 - INFO - 
DELETE FWD PROFILE

2020-02-28 16:55:24,292 - CPE11-HKG-HYBRD-IPC00190 - INFO - 
PASS
2020-02-28 16:55:24,292 - CPE11-HKG-HYBRD-IPC00190 - INFO - >>>>>>>>>> FORWARDING PROFILE DELETION PASSED. <<<<<<<<<<<
2020-02-28 16:55:24,293 - CPE11-HKG-HYBRD-IPC00190 - INFO - 
DELETE SLA profile

2020-02-28 16:55:26,407 - CPE11-HKG-HYBRD-IPC00190 - INFO - 
PASS
2020-02-28 16:55:26,407 - CPE11-HKG-HYBRD-IPC00190 - INFO - >>>>>>>>>> DELETE SLA Profile PASSED. <<<<<<<<<<<
