2020-02-20 16:45:08,467 - VD1 - DEBUG - <netmiko.versa.versa_ssh.VersaSSH object at 0x7f194de05a50>
2020-02-20 16:45:13,668 - VD1 - DEBUG - versa: Automated@VDir-BLR-NEW-01>
2020-02-20 16:45:18,431 - CPE11-HKG-HYBRD-IPC00190 - DEBUG - <netmiko.versa.versa_ssh.VersaSSH object at 0x7f194dd9cbd0>
2020-02-20 16:45:23,638 - CPE11-HKG-HYBRD-IPC00190 - DEBUG - versa: Automated@VDir-BLR-NEW-01>
2020-02-20 16:45:47,637 - CPE12-HKG-HYBRD-IPC00190 - DEBUG - <netmiko.versa.versa_ssh.VersaSSH object at 0x7f194dd9c850>
2020-02-20 16:45:52,841 - CPE12-HKG-HYBRD-IPC00190 - DEBUG - versa: Automated@VDir-BLR-NEW-01>
2020-02-20 16:46:45,596 - CPE11-HKG-HYBRD-IPC00190 - INFO - 
CREATE SLA profile

2020-02-20 16:46:48,523 - CPE11-HKG-HYBRD-IPC00190 - DEBUG - <Response [201]>
2020-02-20 16:46:48,524 - CPE11-HKG-HYBRD-IPC00190 - INFO - 
PASS
2020-02-20 16:46:48,524 - CPE11-HKG-HYBRD-IPC00190 - INFO - >>>>>>>>>> CREATE SLA Profile PASSED. <<<<<<<<<<<
2020-02-20 16:46:48,529 - CPE11-HKG-HYBRD-IPC00190 - INFO - 
CREATE FWD PROFILE

2020-02-20 16:46:50,454 - CPE11-HKG-HYBRD-IPC00190 - DEBUG - <Response [201]>
2020-02-20 16:46:50,454 - CPE11-HKG-HYBRD-IPC00190 - INFO - 
PASS
2020-02-20 16:46:50,455 - CPE11-HKG-HYBRD-IPC00190 - INFO - >>>>>>>>>> FORWARDING PROFILE CREATION PASSED. <<<<<<<<<<<
2020-02-20 16:46:50,457 - CPE11-HKG-HYBRD-IPC00190 - INFO - 
CREATE IPaddress Object

2020-02-20 16:46:52,086 - CPE11-HKG-HYBRD-IPC00190 - DEBUG - <Response [201]>
2020-02-20 16:46:52,087 - CPE11-HKG-HYBRD-IPC00190 - INFO - 
PASS
2020-02-20 16:46:52,100 - CPE11-HKG-HYBRD-IPC00190 - INFO - >>>>>>>>>> ADDRESS OBJECT CREATION PASSED. <<<<<<<<<<<
2020-02-20 16:46:52,102 - CPE11-HKG-HYBRD-IPC00190 - INFO - 
CREATE Policy rule

2020-02-20 16:46:54,019 - CPE11-HKG-HYBRD-IPC00190 - DEBUG - <Response [201]>
2020-02-20 16:46:54,020 - CPE11-HKG-HYBRD-IPC00190 - INFO - 
PASS
2020-02-20 16:46:54,020 - CPE11-HKG-HYBRD-IPC00190 - INFO - >>>>>>>>>> CREATE POLICY RULE PASSED. <<<<<<<<<<<
2020-02-20 16:49:21,006 - CPE11-HKG-HYBRD-IPC00190 - INFO - 
DELETE IPaddress Object

2020-02-20 16:49:24,804 - CPE11-HKG-HYBRD-IPC00190 - INFO - 
PASS
2020-02-20 16:49:24,805 - CPE11-HKG-HYBRD-IPC00190 - INFO - >>>>>>>>>> Policy rule DELETION PASSED. <<<<<<<<<<<
2020-02-20 16:49:24,807 - CPE11-HKG-HYBRD-IPC00190 - INFO - 
DELETE IPaddress Object

2020-02-20 16:49:27,525 - CPE11-HKG-HYBRD-IPC00190 - INFO - 
PASS
2020-02-20 16:49:27,526 - CPE11-HKG-HYBRD-IPC00190 - INFO - >>>>>>>>>> ADDRESS OBJECT DELETION PASSED. <<<<<<<<<<<
2020-02-20 16:49:27,527 - CPE11-HKG-HYBRD-IPC00190 - INFO - 
DELETE FWD PROFILE

2020-02-20 16:49:30,164 - CPE11-HKG-HYBRD-IPC00190 - INFO - 
PASS
2020-02-20 16:49:30,165 - CPE11-HKG-HYBRD-IPC00190 - INFO - >>>>>>>>>> FORWARDING PROFILE DELETION PASSED. <<<<<<<<<<<
2020-02-20 16:49:30,166 - CPE11-HKG-HYBRD-IPC00190 - INFO - 
DELETE SLA profile

2020-02-20 16:49:32,485 - CPE11-HKG-HYBRD-IPC00190 - INFO - 
PASS
2020-02-20 16:49:32,486 - CPE11-HKG-HYBRD-IPC00190 - INFO - >>>>>>>>>> DELETE SLA Profile PASSED. <<<<<<<<<<<
