2020-02-28 16:22:46,279 - VD1 - DEBUG - <netmiko.versa.versa_ssh.VersaSSH object at 0x000000000E576630>
2020-02-28 16:22:51,480 - VD1 - DEBUG - versa: Automated@VDir-BLR-NEW-01>
2020-02-28 16:22:56,190 - CPE11-HKG-HYBRD-IPC00190 - DEBUG - <netmiko.versa.versa_ssh.VersaSSH object at 0x000000000E5A96D8>
2020-02-28 16:23:01,394 - CPE11-HKG-HYBRD-IPC00190 - DEBUG - versa: Automated@VDir-BLR-NEW-01>
2020-02-28 16:23:25,267 - CPE12-HKG-HYBRD-IPC00190 - DEBUG - <netmiko.versa.versa_ssh.VersaSSH object at 0x000000000E5C4240>
2020-02-28 16:23:30,470 - CPE12-HKG-HYBRD-IPC00190 - DEBUG - versa: Automated@VDir-BLR-NEW-01>
2020-02-28 16:25:45,792 - CPE11-HKG-HYBRD-IPC00190 - INFO - 
CREATE SLA profile

2020-02-28 16:25:47,573 - CPE11-HKG-HYBRD-IPC00190 - DEBUG - <Response [201]>
2020-02-28 16:25:47,575 - CPE11-HKG-HYBRD-IPC00190 - INFO - 
PASS
2020-02-28 16:25:47,575 - CPE11-HKG-HYBRD-IPC00190 - INFO - >>>>>>>>>> CREATE SLA Profile PASSED. <<<<<<<<<<<
2020-02-28 16:25:47,576 - CPE11-HKG-HYBRD-IPC00190 - INFO - 
CREATE FWD PROFILE

2020-02-28 16:25:49,436 - CPE11-HKG-HYBRD-IPC00190 - DEBUG - <Response [201]>
2020-02-28 16:25:49,437 - CPE11-HKG-HYBRD-IPC00190 - INFO - 
PASS
2020-02-28 16:25:49,437 - CPE11-HKG-HYBRD-IPC00190 - INFO - >>>>>>>>>> FORWARDING PROFILE CREATION PASSED. <<<<<<<<<<<
2020-02-28 16:25:49,440 - CPE11-HKG-HYBRD-IPC00190 - INFO - 
CREATE IPaddress Object

2020-02-28 16:25:51,956 - CPE11-HKG-HYBRD-IPC00190 - DEBUG - <Response [201]>
2020-02-28 16:25:51,956 - CPE11-HKG-HYBRD-IPC00190 - INFO - 
PASS
2020-02-28 16:25:51,956 - CPE11-HKG-HYBRD-IPC00190 - INFO - >>>>>>>>>> ADDRESS OBJECT CREATION PASSED. <<<<<<<<<<<
2020-02-28 16:25:51,957 - CPE11-HKG-HYBRD-IPC00190 - INFO - 
CREATE Policy rule

2020-02-28 16:25:54,098 - CPE11-HKG-HYBRD-IPC00190 - DEBUG - <Response [201]>
2020-02-28 16:25:54,098 - CPE11-HKG-HYBRD-IPC00190 - INFO - 
PASS
2020-02-28 16:25:54,098 - CPE11-HKG-HYBRD-IPC00190 - INFO - >>>>>>>>>> CREATE POLICY RULE PASSED. <<<<<<<<<<<
2020-02-28 16:28:53,990 - CPE11-HKG-HYBRD-IPC00190 - INFO - 
DELETE IPaddress Object

2020-02-28 16:28:57,937 - CPE11-HKG-HYBRD-IPC00190 - INFO - 
PASS
2020-02-28 16:28:57,937 - CPE11-HKG-HYBRD-IPC00190 - INFO - >>>>>>>>>> Policy rule DELETION PASSED. <<<<<<<<<<<
2020-02-28 16:28:57,937 - CPE11-HKG-HYBRD-IPC00190 - INFO - 
DELETE IPaddress Object

2020-02-28 16:29:00,473 - CPE11-HKG-HYBRD-IPC00190 - INFO - 
PASS
2020-02-28 16:29:00,473 - CPE11-HKG-HYBRD-IPC00190 - INFO - >>>>>>>>>> ADDRESS OBJECT DELETION PASSED. <<<<<<<<<<<
2020-02-28 16:29:00,474 - CPE11-HKG-HYBRD-IPC00190 - INFO - 
DELETE FWD PROFILE

2020-02-28 16:29:03,312 - CPE11-HKG-HYBRD-IPC00190 - INFO - 
PASS
2020-02-28 16:29:03,313 - CPE11-HKG-HYBRD-IPC00190 - INFO - >>>>>>>>>> FORWARDING PROFILE DELETION PASSED. <<<<<<<<<<<
2020-02-28 16:29:03,319 - CPE11-HKG-HYBRD-IPC00190 - INFO - 
DELETE SLA profile

2020-02-28 16:29:05,565 - CPE11-HKG-HYBRD-IPC00190 - INFO - 
PASS
2020-02-28 16:29:05,566 - CPE11-HKG-HYBRD-IPC00190 - INFO - >>>>>>>>>> DELETE SLA Profile PASSED. <<<<<<<<<<<
2020-02-28 16:29:14,772 - CPE11-HKG-HYBRD-IPC00190 - INFO - 
CREATE SLA profile

2020-02-28 16:29:16,384 - CPE11-HKG-HYBRD-IPC00190 - DEBUG - <Response [201]>
2020-02-28 16:29:16,384 - CPE11-HKG-HYBRD-IPC00190 - INFO - 
PASS
2020-02-28 16:29:16,385 - CPE11-HKG-HYBRD-IPC00190 - INFO - >>>>>>>>>> CREATE SLA Profile PASSED. <<<<<<<<<<<
2020-02-28 16:29:16,395 - CPE11-HKG-HYBRD-IPC00190 - INFO - 
CREATE FWD PROFILE

2020-02-28 16:29:19,138 - CPE11-HKG-HYBRD-IPC00190 - DEBUG - <Response [201]>
2020-02-28 16:29:19,138 - CPE11-HKG-HYBRD-IPC00190 - INFO - 
PASS
2020-02-28 16:29:19,138 - CPE11-HKG-HYBRD-IPC00190 - INFO - >>>>>>>>>> FORWARDING PROFILE CREATION PASSED. <<<<<<<<<<<
2020-02-28 16:29:19,142 - CPE11-HKG-HYBRD-IPC00190 - INFO - 
CREATE IPaddress Object

2020-02-28 16:29:19,812 - CPE11-HKG-HYBRD-IPC00190 - DEBUG - <Response [409]>
2020-02-28 16:29:19,812 - CPE11-HKG-HYBRD-IPC00190 - ERROR - {  "errors": {    "error": [      {        "error-message": "object already exists: /ncs:devices/ncs:device[ncs:name='CPE11-HKG-HYBRD-IPC00190']/ncs:config/org:orgs/org:org-services[org:name='IPC00190']/security:objects/security:addresses/security:address[security:name='dst_ip_add_obj1']",        "error-urlpath": "/api/config/devices/device/CPE11-HKG-HYBRD-IPC00190/config/org:orgs/org-services/IPC00190/security:objects/addresses",        "error-tag": "data-exists"      }    ]  }}
2020-02-28 16:29:19,816 - CPE11-HKG-HYBRD-IPC00190 - INFO - 
FAIL : {  "errors": {    "error": [      {        "error-message": "object already exists: /ncs:devices/ncs:device[ncs:name='CPE11-HKG-HYBRD-IPC00190']/ncs:config/org:orgs/org:org-services[org:name='IPC00190']/security:objects/security:addresses/security:address[security:name='dst_ip_add_obj1']",        "error-urlpath": "/api/config/devices/device/CPE11-HKG-HYBRD-IPC00190/config/org:orgs/org-services/IPC00190/security:objects/addresses",        "error-tag": "data-exists"      }    ]  }}
2020-02-28 16:29:19,818 - CPE11-HKG-HYBRD-IPC00190 - INFO - >>>>>>>>>> ADDRESS OBJECT CREATION FAILED. <<<<<<<<<<<
2020-02-28 16:29:19,822 - CPE11-HKG-HYBRD-IPC00190 - INFO - 
CREATE Policy rule

2020-02-28 16:29:21,868 - CPE11-HKG-HYBRD-IPC00190 - DEBUG - <Response [201]>
2020-02-28 16:29:21,868 - CPE11-HKG-HYBRD-IPC00190 - INFO - 
PASS
2020-02-28 16:29:21,868 - CPE11-HKG-HYBRD-IPC00190 - INFO - >>>>>>>>>> CREATE POLICY RULE PASSED. <<<<<<<<<<<
2020-02-28 16:32:14,673 - CPE11-HKG-HYBRD-IPC00190 - INFO - 
DELETE IPaddress Object

2020-02-28 16:32:18,061 - CPE11-HKG-HYBRD-IPC00190 - INFO - 
PASS
2020-02-28 16:32:18,061 - CPE11-HKG-HYBRD-IPC00190 - INFO - >>>>>>>>>> Policy rule DELETION PASSED. <<<<<<<<<<<
2020-02-28 16:32:18,062 - CPE11-HKG-HYBRD-IPC00190 - INFO - 
DELETE IPaddress Object

2020-02-28 16:32:19,200 - CPE11-HKG-HYBRD-IPC00190 - ERROR - 
2020-02-28 16:32:19,207 - CPE11-HKG-HYBRD-IPC00190 - INFO - 
FAIL : 
2020-02-28 16:32:19,207 - CPE11-HKG-HYBRD-IPC00190 - INFO - >>>>>>>>>> ADDRESS OBJECT DELETION FAILED. <<<<<<<<<<<
2020-02-28 16:32:19,211 - CPE11-HKG-HYBRD-IPC00190 - INFO - 
DELETE FWD PROFILE

2020-02-28 16:32:21,762 - CPE11-HKG-HYBRD-IPC00190 - INFO - 
PASS
2020-02-28 16:32:21,763 - CPE11-HKG-HYBRD-IPC00190 - INFO - >>>>>>>>>> FORWARDING PROFILE DELETION PASSED. <<<<<<<<<<<
2020-02-28 16:32:21,766 - CPE11-HKG-HYBRD-IPC00190 - INFO - 
DELETE SLA profile

2020-02-28 16:32:24,349 - CPE11-HKG-HYBRD-IPC00190 - INFO - 
PASS
2020-02-28 16:32:24,349 - CPE11-HKG-HYBRD-IPC00190 - INFO - >>>>>>>>>> DELETE SLA Profile PASSED. <<<<<<<<<<<
