2019-08-19 18:21:53,361 - CPE26-HKG-DUALMPLSONLY-PRIM_AUTO - INFO - CPE NAME:CPE26-HKG-DUALMPLSONLY-PRIM_AUTO
2019-08-19 18:21:54,362 - CPE26-HKG-DUALMPLSONLY-PRIM_AUTO - INFO - SOLUTION SELECTED:DUAL-CPE-DUAL-MPLS
2019-08-19 18:21:55,727 - CPE26-HKG-DUALMPLSONLY-PRIM_AUTO - INFO - {u'versanms.sdwan-org-workflow': {u'ikeAuthType': u'psk', u'globalId': 72, u'orgName': u'IPC00172', u'controllers': [u'NV-WC01-N1-HKG', u'NV-WC01-N6-SIN', u'NV-WC02-N1-HKG', u'NV-WC02-N6-SIN'], u'bandwidth': 10, u'parentOrg': u'Colt', u'vrfs': [{u'name': u'LAN1-VRF', u'enableVPN': True, u'id': 840}, {u'name': u'LAN2-VRF', u'enableVPN': True, u'id': 841}], u'solutionTier': u'base-sdwan', u'sharedControlPlane': False}}
2019-08-19 18:21:55,910 - CPE26-HKG-DUALMPLSONLY-PRIM_AUTO - INFO - {u'versanms.sdwan-org-workflow': {u'ikeAuthType': u'psk', u'globalId': 72, u'orgName': u'IPC00172', u'controllers': [u'NV-WC01-N1-HKG', u'NV-WC01-N6-SIN', u'NV-WC02-N1-HKG', u'NV-WC02-N6-SIN'], u'bandwidth': 10, u'parentOrg': u'Colt', u'vrfs': [{u'name': u'LAN1-VRF', u'enableVPN': True, u'id': 840}, {u'name': u'LAN2-VRF', u'enableVPN': True, u'id': 841}], u'solutionTier': u'base-sdwan', u'sharedControlPlane': False}}
2019-08-19 18:21:56,091 - CPE26-HKG-DUALMPLSONLY-PRIM_AUTO - INFO - {u'versanms.sdwan-org-workflow': {u'ikeAuthType': u'psk', u'globalId': 72, u'orgName': u'IPC00172', u'controllers': [u'NV-WC01-N1-HKG', u'NV-WC01-N6-SIN', u'NV-WC02-N1-HKG', u'NV-WC02-N6-SIN'], u'bandwidth': 10, u'parentOrg': u'Colt', u'vrfs': [{u'name': u'LAN1-VRF', u'enableVPN': True, u'id': 840}, {u'name': u'LAN2-VRF', u'enableVPN': True, u'id': 841}], u'solutionTier': u'base-sdwan', u'sharedControlPlane': False}}
2019-08-19 18:21:56,091 - CPE26-HKG-DUALMPLSONLY-PRIM_AUTO - INFO - 
STEP : POST STAGING TEMPLATE CREATION AND DEPLOYMENT

2019-08-19 18:21:56,102 - CPE26-HKG-DUALMPLSONLY-PRIM_AUTO - INFO - {
  "versanms.sdwan-template-workflow": {
    "templateName": "IPC00172-HKG-PS-MOP",
    "templateType": "sdwan-post-staging",
    "deviceType": "full-mesh",
    "controllers": ["NV-WC01-N1-HKG", "NV-WC02-N1-HKG"],
    "providerOrg": {
      "name": "IPC00172",
      "statefulFW": false,
      "nextGenFW": false
    },
    "analyticsCluster": "LogCollectors-GGN",
    "deviceFirmfactor": 6,
    "wanInterfaces": [
      {
        "interfaceName": "vni-0/1",
        "pppoe": false,
        "unitInfo": [
          {
            "subUnit": 0,
            "vlanId": 0,
            "networkName": "MPLS-WAN1",
            "ipv4Dhcp": false,
            "ipv4Static": true,
            "ipv6Static": false,
            "ipv6Dhcp": false,
            "ipv6rs": false,
            "DIA": false,
            "transportDomains": ["MPLS-TD"],
            "allowSSH": false,
            "monitor": {
              "monitorNexthop": false
            }
          }
        ]
      }
    ],
	"lanInterfaces": [{
		"interfaceName": "vni-0/4",
		"unitInfo": [
		{
			"subUnit": "{$v_vni-0-4_LAN1_Unit-0__unit}",
			"vlanId": "{$v_vni-0-4_LAN1_Unit-0__vlanId}",
			"networkName": "LAN1",
			"subOrganization": "IPC00172",
			"ipv4Static": true,
			"ipv4Dhcp": false,
			"ip6Static": false,
			"ipv6Dhcp": false,
			"vrfName": "LAN1-VRF",
			"zoneName": ""
		}
		
	]
	}],
    "solutionTier": "advanced-sdwan",
    "bandwidth": 1000,
    "isAnalyticsEnabled": true,
    "isPrimary": true,
    "diaConfig": {
      "dia": false,
      "loadBalance": false
    },
    "minimumImageVersion": "16.1R2-S9",
    "redundantWanInterfaces": [
      {
        "interfaceName": "vni-0/1",
        "pppoe": false,
        "unitInfo": [
          {
            "subUnit": 0,
            "vlanId": 0,
            "networkName": "MPLS-WAN2",
            "ipv4Dhcp": false,
            "ipv4Static": true,
            "ipv6Static": false,
            "ipv6Dhcp": false,
            "ipv6rs": false,
            "DIA": false,
            "transportDomains": [
              "MPLS-TD"
            ],
            "allowSSH": false,
            "monitor": {
              "monitorNexthop": false
            }
          }
        ]
      }
    ],
    "crossConnectport": "vni-0/3",
    "redundantPair": {
      "cloudCPE": false,
      "enable": true,
      "templateName": "IPC00172-HKG-PS-MOS",
      "vrrp": true
    },
    "snmp": {
      "snmpV1": false,
      "snmpV2": false,
      "snmpV3": false
    }
  }
}
2019-08-19 18:21:56,309 - CPE26-HKG-DUALMPLSONLY-PRIM_AUTO - INFO - <Response [500]>
2019-08-19 18:21:56,309 - CPE26-HKG-DUALMPLSONLY-PRIM_AUTO - INFO - {"error":{"http_status_code":500,"code":0,"message":"Template workflow [ IPC00172-HKG-PS-MOP] already exists. Please choose another name.","more_info":"http://nms.versa.com/errors/null"}}
2019-08-19 18:21:56,309 - CPE26-HKG-DUALMPLSONLY-PRIM_AUTO - INFO - 
FAIL : {"error":{"http_status_code":500,"code":0,"message":"Template workflow [ IPC00172-HKG-PS-MOP] already exists. Please choose another name.","more_info":"http://nms.versa.com/errors/null"}}
2019-08-19 18:21:56,309 - CPE26-HKG-DUALMPLSONLY-PRIM_AUTO - INFO - 
 >>>>>>>>>> POST STAGING TEMPLATE CREATION FAILED. <<<<<<<<<<<

