2019-02-08 15:15:47,718 - VD1 - INFO - ORG NAME:FINAL
2019-02-08 15:15:50,648 - VD1 - DEBUG - {
  "versanms.sdwan-org-workflow": {
    "orgName": "FINAL",
    "globalId": "124",
    "parentOrg": "Colt",
    "ikeAuthType": "psk",
    "sharedControlPlane": false,
    "controllers": ["NV-WC01-N2-BLR", "NV-WC02-N4-MUM", "NV-WC02-N2-BLR"],
    "vrfs": [{ "name": "LAN1-VRF", "id": "1360", "enableVPN": "true", "tooltip": "" },{ "name": "LAN2-VRF", "id": "1361", "enableVPN": "true", "tooltip": "" },{ "name": "LAN3-VRF", "id": "1362", "enableVPN": "true", "tooltip": "" },{ "name": "LAN4-VRF", "id": "1363", "enableVPN": "true", "tooltip": "" }],
    "supportedRoles": []
  }
}
2019-02-08 15:15:50,862 - VD1 - INFO - <Response [500]>
2019-02-08 15:15:50,863 - VD1 - INFO - {"error":{"http_status_code":500,"code":0,"message":"Another org workflow with the same name already exists: FINAL","more_info":"http://nms.versa.com/errors/null"}}
2019-02-08 15:15:50,863 - VD1 - INFO - FAIL : {"error":{"http_status_code":500,"code":0,"message":"Another org workflow with the same name already exists: FINAL","more_info":"http://nms.versa.com/errors/null"}}
2019-02-08 15:15:50,864 - VD1 - INFO - 
********************
RESULT:
ORG DEPLOYMENT : FAIL : {"error":{"http_status_code":500,"code":0,"message":"Another org workflow with the same name already exists: FINAL","more_info":"http://nms.versa.com/errors/null"}}

********************

