2020-02-11 18:38:54,368 - VD1 - DEBUG - <netmiko.versa.versa_ssh.VersaSSH object at 0x000000000DB2D400>
2020-02-11 18:38:59,571 - VD1 - DEBUG - versa: Automated@VDir-BLR-NEW-01>
2020-02-11 18:38:59,571 - CPE11-HKG-HYBRD-IPC00190 - INFO - CPE NAME:CPE11-HKG-HYBRD-IPC00190
2020-02-11 18:39:00,571 - CPE11-HKG-HYBRD-IPC00190 - INFO - SOLUTION SELECTED:SINGLE-CPE-HYBRID
2020-02-11 18:39:13,028 - CPE11-HKG-HYBRD-IPC00190 - DEBUG - <netmiko.versa.versa_ssh.VersaSSH object at 0x000000000D0172E8>
2020-02-11 18:39:18,233 - CPE11-HKG-HYBRD-IPC00190 - DEBUG - versa: Automated@VDir-BLR-NEW-01>
2020-02-11 18:39:37,506 - CPE11-HKG-HYBRD-IPC00190 - INFO - 
CREATE SLA profile

2020-02-11 18:39:41,558 - CPE11-HKG-HYBRD-IPC00190 - DEBUG - <Response [201]>
2020-02-11 18:39:41,558 - CPE11-HKG-HYBRD-IPC00190 - INFO - 
PASS
2020-02-11 18:39:41,558 - CPE11-HKG-HYBRD-IPC00190 - INFO - >>>>>>>>>> CREATE SLA Profile PASSED. <<<<<<<<<<<
2020-02-11 18:39:43,698 - CPE11-HKG-HYBRD-IPC00190 - INFO - 
CREATE FWD PROFILE

2020-02-11 18:39:44,631 - CPE11-HKG-HYBRD-IPC00190 - DEBUG - <Response [400]>
2020-02-11 18:39:44,631 - CPE11-HKG-HYBRD-IPC00190 - ERROR - {  "errors": {    "error": [      {        "error-message": "invalid value for: evaluate-continuously in /ncs:devices/ncs:device[ncs:name='CPE11-HKG-HYBRD-IPC00190']/ncs:config/org:orgs/org:org-services[org:name='IPC00190']/sdwan:sd-wan/sdwan:forwarding-profiles/sdwan:forwarding-profile[sdwan:name='FWP7']/sdwan:evaluate-continuously: \"false\" is an invalid value.",        "error-urlpath": "/api/config/devices/device/CPE11-HKG-HYBRD-IPC00190/config/org:orgs/org-services/IPC00190/sdwan:sd-wan/forwarding-profiles",        "error-tag": "malformed-message"      }    ]  }}
2020-02-11 18:39:44,631 - CPE11-HKG-HYBRD-IPC00190 - INFO - 
FAIL : {  "errors": {    "error": [      {        "error-message": "invalid value for: evaluate-continuously in /ncs:devices/ncs:device[ncs:name='CPE11-HKG-HYBRD-IPC00190']/ncs:config/org:orgs/org:org-services[org:name='IPC00190']/sdwan:sd-wan/sdwan:forwarding-profiles/sdwan:forwarding-profile[sdwan:name='FWP7']/sdwan:evaluate-continuously: \"false\" is an invalid value.",        "error-urlpath": "/api/config/devices/device/CPE11-HKG-HYBRD-IPC00190/config/org:orgs/org-services/IPC00190/sdwan:sd-wan/forwarding-profiles",        "error-tag": "malformed-message"      }    ]  }}
2020-02-11 18:39:44,631 - CPE11-HKG-HYBRD-IPC00190 - INFO - >>>>>>>>>> FORWARDING PROFILE CREATION FAILED. <<<<<<<<<<<
2020-02-11 18:39:44,631 - CPE11-HKG-HYBRD-IPC00190 - INFO - 
CREATE IPaddress Object

2020-02-11 18:39:46,482 - CPE11-HKG-HYBRD-IPC00190 - DEBUG - <Response [201]>
2020-02-11 18:39:46,483 - CPE11-HKG-HYBRD-IPC00190 - INFO - 
PASS
2020-02-11 18:39:46,483 - CPE11-HKG-HYBRD-IPC00190 - INFO - >>>>>>>>>> ADDRESS OBJECT CREATION PASSED. <<<<<<<<<<<
2020-02-11 18:39:46,483 - CPE11-HKG-HYBRD-IPC00190 - INFO - 
CREATE Policy rule

2020-02-11 18:39:47,460 - CPE11-HKG-HYBRD-IPC00190 - DEBUG - <Response [400]>
2020-02-11 18:39:47,460 - CPE11-HKG-HYBRD-IPC00190 - ERROR - {  "errors": {    "error": [      {        "error-message": "illegal reference /devices/device/config/org:orgs/org-services/sdwan:sd-wan/policies/sdwan-policy-group/rules/rule/set/forwarding-profile",        "error-urlpath": "/api/config/devices/device/CPE11-HKG-HYBRD-IPC00190/config/org:orgs/org-services/IPC00190/sdwan:sd-wan/policies/sdwan-policy-group/Default-Policy/rules/rule/ts_Destipaddr7",        "error-tag": "malformed-message"      }    ]  }}
2020-02-11 18:39:47,460 - CPE11-HKG-HYBRD-IPC00190 - INFO - 
FAIL : {  "errors": {    "error": [      {        "error-message": "illegal reference /devices/device/config/org:orgs/org-services/sdwan:sd-wan/policies/sdwan-policy-group/rules/rule/set/forwarding-profile",        "error-urlpath": "/api/config/devices/device/CPE11-HKG-HYBRD-IPC00190/config/org:orgs/org-services/IPC00190/sdwan:sd-wan/policies/sdwan-policy-group/Default-Policy/rules/rule/ts_Destipaddr7",        "error-tag": "malformed-message"      }    ]  }}
2020-02-11 18:39:47,460 - CPE11-HKG-HYBRD-IPC00190 - INFO - >>>>>>>>>> CREATE POLICY RULE FAILED. <<<<<<<<<<<
2020-02-11 18:43:05,318 - CPE11-HKG-HYBRD-IPC00190 - INFO - 
DELETE IPaddress Object

2020-02-11 18:43:07,221 - CPE11-HKG-HYBRD-IPC00190 - ERROR - 
2020-02-11 18:43:07,221 - CPE11-HKG-HYBRD-IPC00190 - INFO - 
FAIL : 
2020-02-11 18:43:07,221 - CPE11-HKG-HYBRD-IPC00190 - INFO - >>>>>>>>>> Policy rule DELETION FAILED. <<<<<<<<<<<
2020-02-11 18:43:07,221 - CPE11-HKG-HYBRD-IPC00190 - INFO - 
DELETE IPaddress Object

2020-02-11 18:43:09,959 - CPE11-HKG-HYBRD-IPC00190 - INFO - 
PASS
2020-02-11 18:43:09,959 - CPE11-HKG-HYBRD-IPC00190 - INFO - >>>>>>>>>> ADDRESS OBJECT DELETION PASSED. <<<<<<<<<<<
2020-02-11 18:43:09,959 - CPE11-HKG-HYBRD-IPC00190 - INFO - 
DELETE FWD PROFILE

2020-02-11 18:43:11,095 - CPE11-HKG-HYBRD-IPC00190 - ERROR - 
2020-02-11 18:43:11,095 - CPE11-HKG-HYBRD-IPC00190 - INFO - 
FAIL : 
2020-02-11 18:43:11,095 - CPE11-HKG-HYBRD-IPC00190 - INFO - >>>>>>>>>> FORWARDING PROFILE DELETION FAILED. <<<<<<<<<<<
2020-02-11 18:43:11,095 - CPE11-HKG-HYBRD-IPC00190 - INFO - 
DELETE SLA profile

2020-02-11 18:43:13,612 - CPE11-HKG-HYBRD-IPC00190 - INFO - 
PASS
2020-02-11 18:43:13,612 - CPE11-HKG-HYBRD-IPC00190 - INFO - >>>>>>>>>> DELETE SLA Profile PASSED. <<<<<<<<<<<
