2019-10-10 15:05:10,568 - Versa_director - DEBUG - <netmiko.versa.versa.VersaSSH object at 0x000000000D5A8CF8>
2019-10-10 15:05:15,769 - Versa_director - DEBUG - versa: Automated@VDir-BLR-NEW-01>
2019-10-10 15:05:15,799 - Versa_director - INFO - set devices template CPE11-HYBRD-PS config orgs org-services IPC00172 ipsec vpn-profile NV-WC01-N1-HKG-Profile ike transform aes256-sha256
set devices template CPE11-HYBRD-PS config orgs org-services IPC00172 ipsec vpn-profile NV-WC01-N1-HKG-Profile ipsec transform esp-aes128-gcm
set devices template CPE11-HYBRD-PS config orgs org-services IPC00172 ipsec vpn-profile NV-WC02-N1-HKG-Profile ike transform aes256-sha256
set devices template CPE11-HYBRD-PS config orgs org-services IPC00172 ipsec vpn-profile NV-WC02-N1-HKG-Profile ipsec transform esp-aes128-gcm

2019-10-10 15:05:23,973 - Versa_director - INFO - configure
Entering configuration mode private
[ok][2019-10-10 09:35:18]

[edit]
Automated@VDir-BLR-NEW-01% set devices template CPE11-HYBRD-PS config orgs org-services IPC00172 ipsec vpn-profile NV-WC01-N1-HKG-Profile ike transform aes256-sha256
[ok][2019-10-10 09:35:20]

[edit]
Automated@VDir-BLR-NEW-01% set devices template CPE11-HYBRD-PS config orgs org-services IPC00172 ipsec vpn-profile NV-WC01-N1-HKG-Profile ipsec transform esp-aes128-gcm
[ok][2019-10-10 09:35:21]

[edit]
Automated@VDir-BLR-NEW-01% set devices template CPE11-HYBRD-PS config orgs org-services IPC00172 ipsec vpn-profile NV-WC02-N1-HKG-Profile ike transform aes256-sha256
[ok][2019-10-10 09:35:21]

[edit]
Automated@VDir-BLR-NEW-01% set devices template CPE11-HYBRD-PS config orgs org-services IPC00172 ipsec vpn-profile NV-WC02-N1-HKG-Profile ipsec transform esp-aes128-gcm
[ok][2019-10-10 09:35:21]

[edit]
Automated@VDir-BLR-NEW-01% 
2019-10-10 15:05:24,375 - Versa_director - INFO - commit
No modifications to commit.
[ok][2019-10-10 09:35:24]

[edit]
Automated@VDir-BLR-NEW-01% 
2019-10-10 15:05:24,778 - Versa_director - INFO - exit no-confirm
[ok][2019-10-10 09:35:24]
Automated@VDir-BLR-NEW-01> 
2019-10-10 15:05:24,779 - Versa_director - INFO - No modifications to commit.
2019-10-10 15:05:24,779 - Versa_director - INFO - ****************************************
2019-10-10 15:05:24,779 - Versa_director - INFO - CONFIG_RESULT:
2019-10-10 15:05:24,779 - Versa_director - INFO - No modifications to commit.
2019-10-10 15:05:24,779 - Versa_director - INFO - ****************************************
2019-10-10 15:05:24,779 - Versa_director - INFO - 
Time elapsed: 0:00:09.010000
2019-10-10 15:05:24,779 - Versa_director - INFO - LOGS Stored in : C:\Softwares_mine\stefano\NV_REPOSITORY\csit/LOGS/2019_10_10_15_05_05_864000/
2019-10-10 15:05:24,812 - Versa_director - DEBUG - <netmiko.versa.versa.VersaSSH object at 0x000000000D5A8CF8> connection closed
