2020-03-02 16:33:38,651 - VD1 - DEBUG - <netmiko.versa.versa_ssh.VersaSSH object at 0x000000000DC61828>
2020-03-02 16:33:43,855 - VD1 - DEBUG - versa: Automated@VDir-BLR-NEW-01>
2020-03-02 16:33:48,546 - CPE11-HKG-HYBRD-IPC00190 - DEBUG - <netmiko.versa.versa_ssh.VersaSSH object at 0x000000000DCE3978>
2020-03-02 16:33:53,749 - CPE11-HKG-HYBRD-IPC00190 - DEBUG - versa: Automated@VDir-BLR-NEW-01>
2020-03-02 16:34:18,381 - CPE12-HKG-HYBRD-IPC00190 - DEBUG - <netmiko.versa.versa_ssh.VersaSSH object at 0x000000000DD06438>
2020-03-02 16:34:23,585 - CPE12-HKG-HYBRD-IPC00190 - DEBUG - versa: Automated@VDir-BLR-NEW-01>
2020-03-02 16:35:46,403 - CPE11-HKG-HYBRD-IPC00190 - INFO - 
CREATE SLA profile

2020-03-02 16:35:48,309 - CPE11-HKG-HYBRD-IPC00190 - DEBUG - <Response [201]>
2020-03-02 16:35:48,313 - CPE11-HKG-HYBRD-IPC00190 - INFO - 
PASS
2020-03-02 16:35:48,315 - CPE11-HKG-HYBRD-IPC00190 - INFO - >>>>>>>>>> CREATE SLA Profile PASSED. <<<<<<<<<<<
2020-03-02 16:35:48,316 - CPE11-HKG-HYBRD-IPC00190 - INFO - 
CREATE FWD PROFILE

2020-03-02 16:35:50,065 - CPE11-HKG-HYBRD-IPC00190 - DEBUG - <Response [201]>
2020-03-02 16:35:50,065 - CPE11-HKG-HYBRD-IPC00190 - INFO - 
PASS
2020-03-02 16:35:50,066 - CPE11-HKG-HYBRD-IPC00190 - INFO - >>>>>>>>>> FORWARDING PROFILE CREATION PASSED. <<<<<<<<<<<
2020-03-02 16:35:50,068 - CPE11-HKG-HYBRD-IPC00190 - INFO - 
CREATE IPaddress Object

2020-03-02 16:35:51,678 - CPE11-HKG-HYBRD-IPC00190 - DEBUG - <Response [201]>
2020-03-02 16:35:51,680 - CPE11-HKG-HYBRD-IPC00190 - INFO - 
PASS
2020-03-02 16:35:51,680 - CPE11-HKG-HYBRD-IPC00190 - INFO - >>>>>>>>>> ADDRESS OBJECT CREATION PASSED. <<<<<<<<<<<
2020-03-02 16:35:51,681 - CPE11-HKG-HYBRD-IPC00190 - INFO - 
CREATE IPaddress Object

2020-03-02 16:35:53,341 - CPE11-HKG-HYBRD-IPC00190 - DEBUG - <Response [201]>
2020-03-02 16:35:53,341 - CPE11-HKG-HYBRD-IPC00190 - INFO - 
PASS
2020-03-02 16:35:53,341 - CPE11-HKG-HYBRD-IPC00190 - INFO - >>>>>>>>>> ADDRESS OBJECT CREATION PASSED. <<<<<<<<<<<
2020-03-02 16:35:53,345 - CPE11-HKG-HYBRD-IPC00190 - INFO - 
CREATE Policy rule

2020-03-02 16:35:56,354 - CPE11-HKG-HYBRD-IPC00190 - DEBUG - <Response [201]>
2020-03-02 16:35:56,355 - CPE11-HKG-HYBRD-IPC00190 - INFO - 
PASS
2020-03-02 16:35:56,355 - CPE11-HKG-HYBRD-IPC00190 - INFO - >>>>>>>>>> CREATE POLICY RULE PASSED. <<<<<<<<<<<
2020-03-02 16:38:52,016 - CPE11-HKG-HYBRD-IPC00190 - INFO - 
DELETE IPaddress Object

2020-03-02 16:38:55,335 - CPE11-HKG-HYBRD-IPC00190 - INFO - 
PASS
2020-03-02 16:38:55,335 - CPE11-HKG-HYBRD-IPC00190 - INFO - >>>>>>>>>> Policy rule DELETION PASSED. <<<<<<<<<<<
2020-03-02 16:38:55,339 - CPE11-HKG-HYBRD-IPC00190 - INFO - 
CREATE Policy rule

2020-03-02 16:38:57,309 - CPE11-HKG-HYBRD-IPC00190 - DEBUG - <Response [201]>
2020-03-02 16:38:57,309 - CPE11-HKG-HYBRD-IPC00190 - INFO - 
PASS
2020-03-02 16:38:57,309 - CPE11-HKG-HYBRD-IPC00190 - INFO - >>>>>>>>>> CREATE POLICY RULE PASSED. <<<<<<<<<<<
2020-03-02 16:41:43,802 - CPE11-HKG-HYBRD-IPC00190 - INFO - 
DELETE IPaddress Object

2020-03-02 16:41:47,019 - CPE11-HKG-HYBRD-IPC00190 - INFO - 
PASS
2020-03-02 16:41:47,019 - CPE11-HKG-HYBRD-IPC00190 - INFO - >>>>>>>>>> Policy rule DELETION PASSED. <<<<<<<<<<<
2020-03-02 16:42:47,325 - CPE11-HKG-HYBRD-IPC00190 - INFO - 
DELETE IPaddress Object

2020-03-02 16:42:50,617 - CPE11-HKG-HYBRD-IPC00190 - INFO - 
PASS
2020-03-02 16:42:50,618 - CPE11-HKG-HYBRD-IPC00190 - INFO - >>>>>>>>>> ADDRESS OBJECT DELETION PASSED. <<<<<<<<<<<
2020-03-02 16:42:50,621 - CPE11-HKG-HYBRD-IPC00190 - INFO - 
DELETE IPaddress Object

2020-03-02 16:42:53,099 - CPE11-HKG-HYBRD-IPC00190 - INFO - 
PASS
2020-03-02 16:42:53,101 - CPE11-HKG-HYBRD-IPC00190 - INFO - >>>>>>>>>> ADDRESS OBJECT DELETION PASSED. <<<<<<<<<<<
2020-03-02 16:42:53,104 - CPE11-HKG-HYBRD-IPC00190 - INFO - 
DELETE FWD PROFILE

2020-03-02 16:42:55,420 - CPE11-HKG-HYBRD-IPC00190 - INFO - 
PASS
2020-03-02 16:42:55,420 - CPE11-HKG-HYBRD-IPC00190 - INFO - >>>>>>>>>> FORWARDING PROFILE DELETION PASSED. <<<<<<<<<<<
2020-03-02 16:42:55,421 - CPE11-HKG-HYBRD-IPC00190 - INFO - 
DELETE SLA profile

2020-03-02 16:42:57,891 - CPE11-HKG-HYBRD-IPC00190 - INFO - 
PASS
2020-03-02 16:42:57,891 - CPE11-HKG-HYBRD-IPC00190 - INFO - >>>>>>>>>> DELETE SLA Profile PASSED. <<<<<<<<<<<
