2020-05-06 17:17:33,799 - VD1 - DEBUG - <netmiko.versa.versa_ssh.VersaSSH object at 0x00000000106DDA20>
2020-05-06 17:17:39,005 - VD1 - DEBUG - versa: Automated@VDir-BLR-NEW-01>
2020-05-06 17:17:43,838 - CPE26-SIN-DUAL-CPE-HYB-IPC00190-P - DEBUG - <netmiko.versa.versa_ssh.VersaSSH object at 0x000000001070EA20>
2020-05-06 17:17:49,049 - CPE26-SIN-DUAL-CPE-HYB-IPC00190-P - DEBUG - versa: Automated@VDir-BLR-NEW-01>
2020-05-06 17:18:13,311 - CPE27-SIN-DUAL-CPE-HYB-IPC00190-S - DEBUG - <netmiko.versa.versa_ssh.VersaSSH object at 0x0000000010736748>
2020-05-06 17:18:18,516 - CPE27-SIN-DUAL-CPE-HYB-IPC00190-S - DEBUG - versa: Automated@VDir-BLR-NEW-01>
2020-05-06 17:18:42,631 - CPE11-HKG-HYBRD-IPC00190 - DEBUG - <netmiko.versa.versa_ssh.VersaSSH object at 0x00000000107360F0>
2020-05-06 17:18:47,864 - CPE11-HKG-HYBRD-IPC00190 - DEBUG - versa: Automated@VDir-BLR-NEW-01>
2020-05-06 17:20:20,928 - CPE26-SIN-DUAL-CPE-HYB-IPC00190-P - INFO - 
CREATE SLA profile

2020-05-06 17:20:22,108 - CPE26-SIN-DUAL-CPE-HYB-IPC00190-P - DEBUG - <Response [201]>
2020-05-06 17:20:22,108 - CPE26-SIN-DUAL-CPE-HYB-IPC00190-P - INFO - 
PASS
2020-05-06 17:20:22,108 - CPE26-SIN-DUAL-CPE-HYB-IPC00190-P - INFO - >>>>>>>>>> CREATE SLA Profile PASSED. <<<<<<<<<<<
2020-05-06 17:20:22,111 - CPE26-SIN-DUAL-CPE-HYB-IPC00190-P - INFO - 
CREATE FWD PROFILE

2020-05-06 17:20:23,392 - CPE26-SIN-DUAL-CPE-HYB-IPC00190-P - DEBUG - <Response [201]>
2020-05-06 17:20:23,394 - CPE26-SIN-DUAL-CPE-HYB-IPC00190-P - INFO - 
PASS
2020-05-06 17:20:23,394 - CPE26-SIN-DUAL-CPE-HYB-IPC00190-P - INFO - >>>>>>>>>> FORWARDING PROFILE CREATION PASSED. <<<<<<<<<<<
2020-05-06 17:20:23,398 - CPE26-SIN-DUAL-CPE-HYB-IPC00190-P - INFO - 
CREATE IPaddress Object

2020-05-06 17:20:24,551 - CPE26-SIN-DUAL-CPE-HYB-IPC00190-P - DEBUG - <Response [201]>
2020-05-06 17:20:24,552 - CPE26-SIN-DUAL-CPE-HYB-IPC00190-P - INFO - 
PASS
2020-05-06 17:20:24,552 - CPE26-SIN-DUAL-CPE-HYB-IPC00190-P - INFO - >>>>>>>>>> ADDRESS OBJECT CREATION PASSED. <<<<<<<<<<<
2020-05-06 17:20:24,555 - CPE26-SIN-DUAL-CPE-HYB-IPC00190-P - INFO - 
CREATE IPaddress Object

2020-05-06 17:20:25,698 - CPE26-SIN-DUAL-CPE-HYB-IPC00190-P - DEBUG - <Response [201]>
2020-05-06 17:20:25,698 - CPE26-SIN-DUAL-CPE-HYB-IPC00190-P - INFO - 
PASS
2020-05-06 17:20:25,700 - CPE26-SIN-DUAL-CPE-HYB-IPC00190-P - INFO - >>>>>>>>>> ADDRESS OBJECT CREATION PASSED. <<<<<<<<<<<
2020-05-06 17:20:25,701 - CPE26-SIN-DUAL-CPE-HYB-IPC00190-P - INFO - 
CREATE Service Object

2020-05-06 17:20:26,839 - CPE26-SIN-DUAL-CPE-HYB-IPC00190-P - DEBUG - <Response [201]>
2020-05-06 17:20:26,841 - CPE26-SIN-DUAL-CPE-HYB-IPC00190-P - INFO - 
PASS
2020-05-06 17:20:26,841 - CPE26-SIN-DUAL-CPE-HYB-IPC00190-P - INFO - >>>>>>>>>> Service OBJECT CREATION PASSED. <<<<<<<<<<<
2020-05-06 17:20:26,880 - CPE26-SIN-DUAL-CPE-HYB-IPC00190-P - INFO - 
DELETE Service Object

2020-05-06 17:20:28,279 - CPE26-SIN-DUAL-CPE-HYB-IPC00190-P - INFO - 
PASS
2020-05-06 17:20:28,279 - CPE26-SIN-DUAL-CPE-HYB-IPC00190-P - INFO - >>>>>>>>>> ADDRESS OBJECT DELETION PASSED. <<<<<<<<<<<
2020-05-06 17:20:28,282 - CPE26-SIN-DUAL-CPE-HYB-IPC00190-P - INFO - 
DELETE IPaddress Object

2020-05-06 17:20:30,585 - CPE26-SIN-DUAL-CPE-HYB-IPC00190-P - INFO - 
PASS
2020-05-06 17:20:30,586 - CPE26-SIN-DUAL-CPE-HYB-IPC00190-P - INFO - >>>>>>>>>> ADDRESS OBJECT DELETION PASSED. <<<<<<<<<<<
2020-05-06 17:20:30,588 - CPE26-SIN-DUAL-CPE-HYB-IPC00190-P - INFO - 
DELETE IPaddress Object

2020-05-06 17:20:31,967 - CPE26-SIN-DUAL-CPE-HYB-IPC00190-P - INFO - 
PASS
2020-05-06 17:20:31,967 - CPE26-SIN-DUAL-CPE-HYB-IPC00190-P - INFO - >>>>>>>>>> ADDRESS OBJECT DELETION PASSED. <<<<<<<<<<<
2020-05-06 17:20:31,967 - CPE26-SIN-DUAL-CPE-HYB-IPC00190-P - INFO - 
DELETE FWD PROFILE

2020-05-06 17:20:33,441 - CPE26-SIN-DUAL-CPE-HYB-IPC00190-P - INFO - 
PASS
2020-05-06 17:20:33,443 - CPE26-SIN-DUAL-CPE-HYB-IPC00190-P - INFO - >>>>>>>>>> FORWARDING PROFILE DELETION PASSED. <<<<<<<<<<<
2020-05-06 17:20:33,444 - CPE26-SIN-DUAL-CPE-HYB-IPC00190-P - INFO - 
DELETE SLA profile

2020-05-06 17:20:34,815 - CPE26-SIN-DUAL-CPE-HYB-IPC00190-P - INFO - 
PASS
2020-05-06 17:20:34,815 - CPE26-SIN-DUAL-CPE-HYB-IPC00190-P - INFO - >>>>>>>>>> DELETE SLA Profile PASSED. <<<<<<<<<<<
