2020-02-27 13:19:39,382 - VD1 - DEBUG - <netmiko.versa.versa_ssh.VersaSSH object at 0x000000000E807F98>
2020-02-27 13:19:44,586 - VD1 - DEBUG - versa: Automated@VDir-BLR-NEW-01>
2020-02-27 13:19:44,588 - CPE11-HKG-HYBRD-IPC00190 - INFO - CPE NAME:CPE11-HKG-HYBRD-IPC00190
2020-02-27 13:19:45,588 - CPE11-HKG-HYBRD-IPC00190 - INFO - SOLUTION SELECTED:SINGLE-CPE-HYBRID
2020-02-27 13:19:57,132 - CPE11-HKG-HYBRD-IPC00190 - DEBUG - <netmiko.versa.versa_ssh.VersaSSH object at 0x000000000DEA9400>
2020-02-27 13:20:02,336 - CPE11-HKG-HYBRD-IPC00190 - DEBUG - versa: Automated@VDir-BLR-NEW-01>
2020-02-27 13:20:21,500 - CPE11-HKG-HYBRD-IPC00190 - INFO - 
CREATE SLA profile

2020-02-27 13:20:23,065 - CPE11-HKG-HYBRD-IPC00190 - DEBUG - <Response [409]>
2020-02-27 13:20:23,073 - CPE11-HKG-HYBRD-IPC00190 - ERROR - {  "errors": {    "error": [      {        "error-message": "object already exists: /ncs:devices/ncs:device[ncs:name='CPE11-HKG-HYBRD-IPC00190']/ncs:config/org:orgs/org:org-services[org:name='IPC00190']/sdwan:sd-wan/sdwan:sla-profiles/sdwan:sla-profile[sdwan:name='SLA100']",        "error-urlpath": "/api/config/devices/device/CPE11-HKG-HYBRD-IPC00190/config/org:orgs/org-services/IPC00190/sdwan:sd-wan/sla-profiles",        "error-tag": "data-exists"      }    ]  }}
2020-02-27 13:20:23,075 - CPE11-HKG-HYBRD-IPC00190 - INFO - 
FAIL : {  "errors": {    "error": [      {        "error-message": "object already exists: /ncs:devices/ncs:device[ncs:name='CPE11-HKG-HYBRD-IPC00190']/ncs:config/org:orgs/org:org-services[org:name='IPC00190']/sdwan:sd-wan/sdwan:sla-profiles/sdwan:sla-profile[sdwan:name='SLA100']",        "error-urlpath": "/api/config/devices/device/CPE11-HKG-HYBRD-IPC00190/config/org:orgs/org-services/IPC00190/sdwan:sd-wan/sla-profiles",        "error-tag": "data-exists"      }    ]  }}
2020-02-27 13:20:23,076 - CPE11-HKG-HYBRD-IPC00190 - INFO - >>>>>>>>>> CREATE SLA Profile FAILED. <<<<<<<<<<<
2020-02-27 13:20:23,841 - CPE11-HKG-HYBRD-IPC00190 - INFO - 
CREATE FWD PROFILE

2020-02-27 13:20:24,645 - CPE11-HKG-HYBRD-IPC00190 - DEBUG - <Response [409]>
2020-02-27 13:20:24,647 - CPE11-HKG-HYBRD-IPC00190 - ERROR - {  "errors": {    "error": [      {        "error-message": "object already exists: /ncs:devices/ncs:device[ncs:name='CPE11-HKG-HYBRD-IPC00190']/ncs:config/org:orgs/org:org-services[org:name='IPC00190']/sdwan:sd-wan/sdwan:forwarding-profiles/sdwan:forwarding-profile[sdwan:name='FWP100']",        "error-urlpath": "/api/config/devices/device/CPE11-HKG-HYBRD-IPC00190/config/org:orgs/org-services/IPC00190/sdwan:sd-wan/forwarding-profiles",        "error-tag": "data-exists"      }    ]  }}
2020-02-27 13:20:24,648 - CPE11-HKG-HYBRD-IPC00190 - INFO - 
FAIL : {  "errors": {    "error": [      {        "error-message": "object already exists: /ncs:devices/ncs:device[ncs:name='CPE11-HKG-HYBRD-IPC00190']/ncs:config/org:orgs/org:org-services[org:name='IPC00190']/sdwan:sd-wan/sdwan:forwarding-profiles/sdwan:forwarding-profile[sdwan:name='FWP100']",        "error-urlpath": "/api/config/devices/device/CPE11-HKG-HYBRD-IPC00190/config/org:orgs/org-services/IPC00190/sdwan:sd-wan/forwarding-profiles",        "error-tag": "data-exists"      }    ]  }}
2020-02-27 13:20:24,648 - CPE11-HKG-HYBRD-IPC00190 - INFO - >>>>>>>>>> FORWARDING PROFILE CREATION FAILED. <<<<<<<<<<<
2020-02-27 13:20:24,650 - CPE11-HKG-HYBRD-IPC00190 - INFO - 
CREATE IPaddress Object

2020-02-27 13:20:25,388 - CPE11-HKG-HYBRD-IPC00190 - DEBUG - <Response [409]>
2020-02-27 13:20:25,388 - CPE11-HKG-HYBRD-IPC00190 - ERROR - {  "errors": {    "error": [      {        "error-message": "object already exists: /ncs:devices/ncs:device[ncs:name='CPE11-HKG-HYBRD-IPC00190']/ncs:config/org:orgs/org:org-services[org:name='IPC00190']/security:objects/security:addresses/security:address[security:name='Dest_ip_add100']",        "error-urlpath": "/api/config/devices/device/CPE11-HKG-HYBRD-IPC00190/config/org:orgs/org-services/IPC00190/security:objects/addresses",        "error-tag": "data-exists"      }    ]  }}
2020-02-27 13:20:25,390 - CPE11-HKG-HYBRD-IPC00190 - INFO - 
FAIL : {  "errors": {    "error": [      {        "error-message": "object already exists: /ncs:devices/ncs:device[ncs:name='CPE11-HKG-HYBRD-IPC00190']/ncs:config/org:orgs/org:org-services[org:name='IPC00190']/security:objects/security:addresses/security:address[security:name='Dest_ip_add100']",        "error-urlpath": "/api/config/devices/device/CPE11-HKG-HYBRD-IPC00190/config/org:orgs/org-services/IPC00190/security:objects/addresses",        "error-tag": "data-exists"      }    ]  }}
2020-02-27 13:20:25,391 - CPE11-HKG-HYBRD-IPC00190 - INFO - >>>>>>>>>> ADDRESS OBJECT CREATION FAILED. <<<<<<<<<<<
2020-02-27 13:20:25,391 - CPE11-HKG-HYBRD-IPC00190 - INFO - 
CREATE Policy rule

2020-02-27 13:52:09,141 - CPE11-HKG-HYBRD-IPC00190 - DEBUG - <Response [201]>
2020-02-27 13:52:17,654 - CPE11-HKG-HYBRD-IPC00190 - INFO - 
PASS
2020-02-27 13:52:21,786 - CPE11-HKG-HYBRD-IPC00190 - INFO - >>>>>>>>>> CREATE POLICY RULE PASSED. <<<<<<<<<<<
