2020-02-11 18:18:35,917 - VD1 - DEBUG - <netmiko.versa.versa_ssh.VersaSSH object at 0x000000000D8B4128>
2020-02-11 18:18:41,134 - VD1 - DEBUG - versa: Automated@VDir-BLR-NEW-01>
2020-02-11 18:18:41,134 - CPE11-HKG-HYBRD-IPC00190 - INFO - CPE NAME:CPE11-HKG-HYBRD-IPC00190
2020-02-11 18:18:42,141 - CPE11-HKG-HYBRD-IPC00190 - INFO - SOLUTION SELECTED:SINGLE-CPE-HYBRID
2020-02-11 18:18:53,911 - CPE11-HKG-HYBRD-IPC00190 - DEBUG - <netmiko.versa.versa_ssh.VersaSSH object at 0x000000000CD47080>
2020-02-11 18:18:59,112 - CPE11-HKG-HYBRD-IPC00190 - DEBUG - versa: Automated@VDir-BLR-NEW-01>
2020-02-11 18:19:19,275 - CPE11-HKG-HYBRD-IPC00190 - INFO - 
CREATE SLA profile

2020-02-11 18:19:22,084 - CPE11-HKG-HYBRD-IPC00190 - DEBUG - <Response [201]>
2020-02-11 18:19:22,089 - CPE11-HKG-HYBRD-IPC00190 - INFO - 
PASS
2020-02-11 18:19:22,089 - CPE11-HKG-HYBRD-IPC00190 - INFO - >>>>>>>>>> CREATE SLA Profile PASSED. <<<<<<<<<<<
2020-02-11 18:19:23,760 - CPE11-HKG-HYBRD-IPC00190 - INFO - 
CREATE FWD PROFILE

2020-02-11 18:19:25,513 - CPE11-HKG-HYBRD-IPC00190 - DEBUG - <Response [201]>
2020-02-11 18:19:25,513 - CPE11-HKG-HYBRD-IPC00190 - INFO - 
PASS
2020-02-11 18:19:25,513 - CPE11-HKG-HYBRD-IPC00190 - INFO - >>>>>>>>>> FORWARDING PROFILE CREATION PASSED. <<<<<<<<<<<
2020-02-11 18:19:25,513 - CPE11-HKG-HYBRD-IPC00190 - INFO - 
CREATE IPaddress Object

2020-02-11 18:19:27,089 - CPE11-HKG-HYBRD-IPC00190 - DEBUG - <Response [201]>
2020-02-11 18:19:27,089 - CPE11-HKG-HYBRD-IPC00190 - INFO - 
PASS
2020-02-11 18:19:27,089 - CPE11-HKG-HYBRD-IPC00190 - INFO - >>>>>>>>>> ADDRESS OBJECT CREATION PASSED. <<<<<<<<<<<
2020-02-11 18:19:27,089 - CPE11-HKG-HYBRD-IPC00190 - INFO - 
CREATE Policy rule

2020-02-11 18:19:29,578 - CPE11-HKG-HYBRD-IPC00190 - DEBUG - <Response [201]>
2020-02-11 18:19:29,578 - CPE11-HKG-HYBRD-IPC00190 - INFO - 
PASS
2020-02-11 18:19:29,578 - CPE11-HKG-HYBRD-IPC00190 - INFO - >>>>>>>>>> CREATE POLICY RULE PASSED. <<<<<<<<<<<
2020-02-11 18:22:49,417 - CPE11-HKG-HYBRD-IPC00190 - INFO - 
DELETE IPaddress Object

2020-02-11 18:22:53,101 - CPE11-HKG-HYBRD-IPC00190 - INFO - 
PASS
2020-02-11 18:22:53,102 - CPE11-HKG-HYBRD-IPC00190 - INFO - >>>>>>>>>> Policy rule DELETION PASSED. <<<<<<<<<<<
2020-02-11 18:22:53,104 - CPE11-HKG-HYBRD-IPC00190 - INFO - 
DELETE IPaddress Object

2020-02-11 18:22:57,654 - CPE11-HKG-HYBRD-IPC00190 - INFO - 
PASS
2020-02-11 18:22:57,654 - CPE11-HKG-HYBRD-IPC00190 - INFO - >>>>>>>>>> ADDRESS OBJECT DELETION PASSED. <<<<<<<<<<<
2020-02-11 18:22:57,654 - CPE11-HKG-HYBRD-IPC00190 - INFO - 
DELETE FWD PROFILE

2020-02-11 18:23:00,131 - CPE11-HKG-HYBRD-IPC00190 - INFO - 
PASS
2020-02-11 18:23:00,131 - CPE11-HKG-HYBRD-IPC00190 - INFO - >>>>>>>>>> FORWARDING PROFILE DELETION PASSED. <<<<<<<<<<<
2020-02-11 18:23:00,131 - CPE11-HKG-HYBRD-IPC00190 - INFO - 
DELETE SLA profile

2020-02-11 18:23:03,394 - CPE11-HKG-HYBRD-IPC00190 - INFO - 
PASS
2020-02-11 18:23:03,394 - CPE11-HKG-HYBRD-IPC00190 - INFO - >>>>>>>>>> DELETE SLA Profile PASSED. <<<<<<<<<<<
