2019-09-09 18:23:05,466 - CPE26-HKG2-SINGLE-CPE-DUAL-INTERNET - INFO - CPE NAME:CPE26-HKG2-SINGLE-CPE-DUAL-INTERNET
2019-09-09 18:23:06,467 - CPE26-HKG2-SINGLE-CPE-DUAL-INTERNET - INFO - SOLUTION SELECTED:SINGLE-CPE-DUAL-INTERNET
2019-09-09 18:23:07,640 - CPE26-HKG2-SINGLE-CPE-DUAL-INTERNET - INFO - {u'versanms.sdwan-org-workflow': {u'ikeAuthType': u'psk', u'globalId': 90, u'orgName': u'IPC00190', u'controllers': [u'NV-WC01-N1-HKG', u'NV-WC01-N6-SIN', u'NV-WC02-N1-HKG', u'NV-WC02-N6-SIN'], u'bandwidth': 10, u'parentOrg': u'Colt', u'vrfs': [{u'name': u'LAN1-VRF', u'enableVPN': True, u'id': 1020}, {u'name': u'LAN2-VRF', u'enableVPN': True, u'id': 1021}, {u'name': u'LAN3-VRF', u'enableVPN': True, u'id': 1022}, {u'name': u'LAN4-VRF', u'enableVPN': True, u'id': 1023}, {u'name': u'LAN5-VRF', u'enableVPN': True, u'id': 1024}, {u'name': u'LAN6-VRF', u'enableVPN': True, u'id': 1025}, {u'name': u'LAN7-VRF', u'enableVPN': True, u'id': 1026}, {u'name': u'LAN8-VRF', u'enableVPN': True, u'id': 1027}, {u'name': u'LAN9-VRF', u'enableVPN': True, u'id': 1028}, {u'name': u'LAN10-VRF', u'enableVPN': True, u'id': 1029}], u'solutionTier': u'base-sdwan', u'sharedControlPlane': False}}
2019-09-09 18:23:07,914 - CPE26-HKG2-SINGLE-CPE-DUAL-INTERNET - INFO - {u'versanms.sdwan-org-workflow': {u'ikeAuthType': u'psk', u'globalId': 90, u'orgName': u'IPC00190', u'controllers': [u'NV-WC01-N1-HKG', u'NV-WC01-N6-SIN', u'NV-WC02-N1-HKG', u'NV-WC02-N6-SIN'], u'bandwidth': 10, u'parentOrg': u'Colt', u'vrfs': [{u'name': u'LAN1-VRF', u'enableVPN': True, u'id': 1020}, {u'name': u'LAN2-VRF', u'enableVPN': True, u'id': 1021}, {u'name': u'LAN3-VRF', u'enableVPN': True, u'id': 1022}, {u'name': u'LAN4-VRF', u'enableVPN': True, u'id': 1023}, {u'name': u'LAN5-VRF', u'enableVPN': True, u'id': 1024}, {u'name': u'LAN6-VRF', u'enableVPN': True, u'id': 1025}, {u'name': u'LAN7-VRF', u'enableVPN': True, u'id': 1026}, {u'name': u'LAN8-VRF', u'enableVPN': True, u'id': 1027}, {u'name': u'LAN9-VRF', u'enableVPN': True, u'id': 1028}, {u'name': u'LAN10-VRF', u'enableVPN': True, u'id': 1029}], u'solutionTier': u'base-sdwan', u'sharedControlPlane': False}}
2019-09-09 18:23:08,184 - CPE26-HKG2-SINGLE-CPE-DUAL-INTERNET - INFO - {u'versanms.sdwan-org-workflow': {u'ikeAuthType': u'psk', u'globalId': 90, u'orgName': u'IPC00190', u'controllers': [u'NV-WC01-N1-HKG', u'NV-WC01-N6-SIN', u'NV-WC02-N1-HKG', u'NV-WC02-N6-SIN'], u'bandwidth': 10, u'parentOrg': u'Colt', u'vrfs': [{u'name': u'LAN1-VRF', u'enableVPN': True, u'id': 1020}, {u'name': u'LAN2-VRF', u'enableVPN': True, u'id': 1021}, {u'name': u'LAN3-VRF', u'enableVPN': True, u'id': 1022}, {u'name': u'LAN4-VRF', u'enableVPN': True, u'id': 1023}, {u'name': u'LAN5-VRF', u'enableVPN': True, u'id': 1024}, {u'name': u'LAN6-VRF', u'enableVPN': True, u'id': 1025}, {u'name': u'LAN7-VRF', u'enableVPN': True, u'id': 1026}, {u'name': u'LAN8-VRF', u'enableVPN': True, u'id': 1027}, {u'name': u'LAN9-VRF', u'enableVPN': True, u'id': 1028}, {u'name': u'LAN10-VRF', u'enableVPN': True, u'id': 1029}], u'solutionTier': u'base-sdwan', u'sharedControlPlane': False}}
2019-09-09 18:23:08,186 - CPE26-HKG2-SINGLE-CPE-DUAL-INTERNET - INFO - 
STEP : PRE-ONBOARD WORK

2019-09-09 18:23:08,224 - CPE26-HKG2-SINGLE-CPE-DUAL-INTERNET - INFO - 
sudo /opt/versa/scripts/staging.py -w 1 -c 10.83.130.49 -s 172.16.7.106/30 -g 172.16.7.105 -l IPC00190-CPE26-HKG2-SINGLE-CPE-DUAL-INTERNET@colt.net -lk CPE26-HKG2-SINGLE-CPE-DUAL-INTERNET  -r NV-WC01-N1-HKG@colt.net -rk 1234

2019-09-09 18:23:08,226 - CPE26-HKG2-SINGLE-CPE-DUAL-INTERNET - INFO - {
	"versanms.sdwan-device-workflow": {
		"deviceName": "CPE26-HKG2-SINGLE-CPE-DUAL-INTERNET",
		"siteId": "4244",
		"orgName": "IPC00190",
		"serialNumber": "CPE27DSAB9",
		"deviceGroup": "IPC00190-HKG-PS-DIS-LIB1-DG",
		"locationInfo": {
			"state": "karnataka",
			"country": "india",
			"longitude": "77.594563",
			"latitude": "12.971599",
			"city": "bangalore"
		},
		"postStagingTemplateInfo": {
			"templateName": "IPC00190-HKG-PS-DIS-LIB1",
			"templateData": {
				"device-template-variable": {
					"template": "IPC00190-HKG-PS-DIS-LIB1",
					"variable-binding": {
						"attrs": [{
							"name": "{$v_INT-WAN2_IPv4__staticaddress}",
							"value": "172.16.6.106/30",
							"isAutogeneratable": false
						},
						
						    
						    
						    
						{ "name": "{$v_vni-0-4_LAN1_Unit-0__unit}", "value": "750", "isAutogeneratable": false},
						{ "name": "{$v_vni-0-4_LAN1_Unit-0__vlanId}", "value": "750", "isAutogeneratable": false },
						
						    
						    
						    
						{ "name": "{$v_vni-0-4_LAN2_Unit-1__unit}", "value": "751", "isAutogeneratable": false},
						{ "name": "{$v_vni-0-4_LAN2_Unit-1__vlanId}", "value": "751", "isAutogeneratable": false },
						
						{
							"name": "{$v_IPC00190-Control-VR_90_Router_ID__vrRouteId}",
							"value": "20.20.90.27",
							"isAutogeneratable": true,
							"isOverwritten": false
						}, {
							"name": "{$v_IPC00190_NV-WC01-N1-HKG_Local_auth_email_key__IKELKey}",
							"value": "CPE26-HKG2-SINGLE-CPE-DUAL-INTERNET",
							"isAutogeneratable": true
						}, {
							"name": "{$v_IPC00190_NV-WC02-N1-HKG_Local_auth_email_key__IKELKey}",
							"value": "CPE26-HKG2-SINGLE-CPE-DUAL-INTERNET",
							"isAutogeneratable": true
						},
						
						
						
						{ "name": "{$v_LAN1_IPv4__staticaddress}", "value": "192.170.1.1/24", "isAutogeneratable": false},
						
						
						
						{ "name": "{$v_LAN2_IPv4__staticaddress}", "value": "192.170.2.1/24", "isAutogeneratable": false},
						
						{
							"name": "{$v_IPC00190_NV-WC02-N1-HKG_Local_auth_email_identifier__IKELIdentifier}",
							"value": "CPE26-HKG2-SINGLE-CPE-DUAL-INTERNET@colt.net",
							"isAutogeneratable": true
						}, {
							"name": "{$v_Site_Id__siteSiteID}",
							"value": "4244",
							"isAutogeneratable": true
						}, {
							"name": "{$v_IPC00190_NV-WC01-N1-HKG_Local_auth_email_identifier__IKELIdentifier}",
							"value": "CPE26-HKG2-SINGLE-CPE-DUAL-INTERNET@colt.net",
							"isAutogeneratable": true
						}, {
							"name": "{$v_IPC00190_Site_Name__sitesSiteName}",
							"value": "CPE26-HKG2-SINGLE-CPE-DUAL-INTERNET",
							"isAutogeneratable": true
						}, {
							"name": "{$v_latitude__IdLatitude}",
							"value": "12.971599",
							"isAutogeneratable": true
						}, {
							"name": "{$v_identification__IdName}",
							"value": "CPE26-HKG2-SINGLE-CPE-DUAL-INTERNET",
							"isAutogeneratable": true
						}, {
							"name": "{$v_INT-WAN2-Transport-VR_IPv4__vrHopAddress}",
							"value": "172.16.6.105",
							"isAutogeneratable": false
						},	{
						    "name": "{$v_tvi-0-180_-_Unit_0_Static_address__tunnelStaticAddress}",
							"value": "10.10.90.27/32",
							"isAutogeneratable": true,
							"isOverwritten": false
						}, {
							"name": "{$v_Chassis_Id__sitesChassisId}",
							"value": "CPE27DSAB9",
							"isAutogeneratable": true
						}, {
							"name": "{$v_longitude__Idlongitude}",
							"value": "77.594563",
							"isAutogeneratable": true
						}, {
							"name": "{$v_location__IdLocation}",
							"value": "bangalore,karnataka, india",
							"isAutogeneratable": true
						}, {
							"name": "{$v_IPC00190-Control-VR_90_Local_address__vrRouterAddress}",
							"value": "20.20.90.27",
							"isAutogeneratable": true,
							"isOverwritten": false
						}, {
							"name": "{$v_INT-WAN1-Transport-VR_IPv4__vrHopAddress}",
							"value": "172.16.7.105",
							"isAutogeneratable": false
						}, {
							"name": "{$v_INT-WAN1_IPv4__staticaddress}",
							"value": "172.16.7.106/30",
							"isAutogeneratable": false
						}, {
							"name": "{$v_tvi-0-181_-_Unit_0_Static_address__tunnelStaticAddress}",
							"value": "20.20.90.27/32",
							"isAutogeneratable": true,
							"isOverwritten": false
						}]
					}
				},
				"variableMetadata": [{
					"variable": "{$v_INT-WAN2_IPv4__staticaddress}",
					"group": "Interfaces",
					"overlay": false,
					"type": "IPV4_MASK"
				},
                
                
                
				{"variable": "{$v_vni-0-4_LAN1_Unit-0__vlanId}", "group": "Vlan Info", "overlay": false, "type": "INTEGER"},
                
                
                
				{"variable": "{$v_vni-0-4_LAN2_Unit-1__vlanId}", "group": "Vlan Info", "overlay": false, "type": "INTEGER"},
                
				{
					"variable": "{$v_IPC00190-Control-VR_90_Router_ID__vrRouteId}",
					"group": "Virtual Routers",
					"overlay": true,
					"type": "IPV4"
				}, {
					"variable": "{$v_IPC00190_NV-WC01-N1-HKG_Local_auth_email_key__IKELKey}",
					"group": "IPSEC",
					"overlay": false
				}, {
					"variable": "{$v_IPC00190_NV-WC02-N1-HKG_Local_auth_email_key__IKELKey}",
					"group": "IPSEC",
					"overlay": false
				},
			{
					"variable": "{$v_LAN1_IPv4__staticaddress}", "group": "Interfaces", "overlay": false, "type": "IPV4_MASK"
				},
            {
					"variable": "{$v_LAN2_IPv4__staticaddress}", "group": "Interfaces", "overlay": false, "type": "IPV4_MASK"
				},
            
				 {
					"variable": "{$v_IPC00190_NV-WC02-N1-HKG_Local_auth_email_identifier__IKELIdentifier}",
					"group": "IPSEC",
					"overlay": false
				}, {
					"variable": "{$v_Site_Id__siteSiteID}",
					"group": "SDWAN",
					"overlay": false
				}, {
					"variable": "{$v_IPC00190_NV-WC01-N1-HKG_Local_auth_email_identifier__IKELIdentifier}",
					"group": "IPSEC",
					"overlay": false
				}, {
					"variable": "{$v_IPC00190_Site_Name__sitesSiteName}",
					"group": "SDWAN",
					"overlay": false
				}, {
					"variable": "{$v_latitude__IdLatitude}",
					"group": "SDWAN",
					"overlay": false
				}, {
					"variable": "{$v_identification__IdName}",
					"group": "SDWAN",
					"overlay": false
				}, {
					"variable": "{$v_INT-WAN2-Transport-VR_IPv4__vrHopAddress}",
					"group": "Virtual Routers",
					"overlay": false,
					"type": "IPV4_IPV6"
				}, {
					"variable": "{$v_tvi-0-180_-_Unit_0_Static_address__tunnelStaticAddress}",
					"group": "Interfaces",
					"overlay": true,
					"type": "IPV4_IPV6_MASK"
				}, {
					"variable": "{$v_Chassis_Id__sitesChassisId}",
					"group": "SDWAN",
					"overlay": false
				}, {
					"variable": "{$v_longitude__Idlongitude}",
					"group": "SDWAN",
					"overlay": false
				}, {
					"variable": "{$v_location__IdLocation}",
					"group": "SDWAN",
					"overlay": false
				}, {
					"variable": "{$v_IPC00190-Control-VR_90_Local_address__vrRouterAddress}",
					"group": "Virtual Routers",
					"overlay": true,
					"type": "IPV4"
				}, {
					"variable": "{$v_INT-WAN1-Transport-VR_IPv4__vrHopAddress}",
					"group": "Virtual Routers",
					"overlay": false,
					"type": "IPV4_IPV6"
				}, {
					"variable": "{$v_tvi-0-181_-_Unit_0_Static_address__tunnelStaticAddress}",
					"group": "Interfaces",
					"overlay": true,
					"type": "IPV4_IPV6_MASK"
				}]
			}
		}
	}
}
2019-09-09 18:23:09,318 - CPE26-HKG2-SINGLE-CPE-DUAL-INTERNET - INFO - <Response [200]>
2019-09-09 18:23:09,319 - CPE26-HKG2-SINGLE-CPE-DUAL-INTERNET - INFO - PASS
2019-09-09 18:23:19,467 - CPE26-HKG2-SINGLE-CPE-DUAL-INTERNET - INFO - 21527
2019-09-09 18:23:24,778 - CPE26-HKG2-SINGLE-CPE-DUAL-INTERNET - INFO - Device deployed
2019-09-09 18:23:25,631 - CPE26-HKG2-SINGLE-CPE-DUAL-INTERNET - INFO - {u'versanms.sdwan-device-workflow': {u'postStagingTemplateInfo': {u'templateData': {u'device-template-variable': {u'variable-binding': {u'attrs': [{u'isAutogeneratable': True, u'isOverwritten': True, u'name': u'{$v_tvi-0-181_-_Unit_0_Static_address__tunnelStaticAddress}', u'value': u'20.20.90.27/32'}, {u'isAutogeneratable': False, u'name': u'{$v_INT-WAN2_IPv4__staticaddress}', u'value': u'172.16.6.106/30'}, {u'isAutogeneratable': False, u'name': u'{$v_vni-0-4_LAN1_Unit-0__vlanId}', u'value': 750}, {u'isAutogeneratable': True, u'name': u'{$v_IPC00190_NV-WC01-N1-HKG_Local_auth_email_key__IKELKey}', u'value': u'CPE26-HKG2-SINGLE-CPE-DUAL-INTERNET'}, {u'isAutogeneratable': True, u'isOverwritten': True, u'name': u'{$v_IPC00190-Control-VR_90_Router_ID__vrRouteId}', u'value': u'20.20.90.27'}, {u'isAutogeneratable': False, u'name': u'{$v_INT-WAN2-Transport-VR_IPv4__vrHopAddress}', u'value': u'172.16.6.105'}, {u'isAutogeneratable': True, u'name': u'{$v_IPC00190_NV-WC02-N1-HKG_Local_auth_email_identifier__IKELIdentifier}', u'value': u'CPE26-HKG2-SINGLE-CPE-DUAL-INTERNET@colt.net'}, {u'isAutogeneratable': False, u'name': u'{$v_LAN2_IPv4__staticaddress}', u'value': u'192.170.2.1/24'}, {u'isAutogeneratable': False, u'name': u'{$v_vni-0-4_LAN2_Unit-1__unit}', u'value': 751}, {u'isAutogeneratable': False, u'name': u'{$v_vni-0-4_LAN2_Unit-1__vlanId}', u'value': 751}, {u'isAutogeneratable': True, u'isOverwritten': True, u'name': u'{$v_tvi-0-180_-_Unit_0_Static_address__tunnelStaticAddress}', u'value': u'10.10.90.27/32'}, {u'isAutogeneratable': True, u'name': u'{$v_IPC00190_NV-WC01-N1-HKG_Local_auth_email_identifier__IKELIdentifier}', u'value': u'CPE26-HKG2-SINGLE-CPE-DUAL-INTERNET@colt.net'}, {u'isAutogeneratable': True, u'name': u'{$v_IPC00190_Site_Name__sitesSiteName}', u'value': u'CPE26-HKG2-SINGLE-CPE-DUAL-INTERNET'}, {u'isAutogeneratable': False, u'name': u'{$v_LAN1_IPv4__staticaddress}', u'value': u'192.170.1.1/24'}, {u'isAutogeneratable': True, u'name': u'{$v_latitude__IdLatitude}', u'value': 12.971599}, {u'isAutogeneratable': True, u'name': u'{$v_identification__IdName}', u'value': u'CPE26-HKG2-SINGLE-CPE-DUAL-INTERNET'}, {u'isAutogeneratable': True, u'name': u'{$v_Chassis_Id__sitesChassisId}', u'value': u'CPE27DSAB9'}, {u'isAutogeneratable': True, u'name': u'{$v_longitude__Idlongitude}', u'value': 77.594563}, {u'isAutogeneratable': False, u'name': u'{$v_INT-WAN1-Transport-VR_IPv4__vrHopAddress}', u'value': u'172.16.7.105'}, {u'isAutogeneratable': False, u'name': u'{$v_INT-WAN1_IPv4__staticaddress}', u'value': u'172.16.7.106/30'}, {u'isAutogeneratable': True, u'name': u'{$v_location__IdLocation}', u'value': u'bangalore,karnataka, india'}, {u'isAutogeneratable': True, u'isOverwritten': True, u'name': u'{$v_IPC00190-Control-VR_90_Local_address__vrRouterAddress}', u'value': u'20.20.90.27'}, {u'isAutogeneratable': False, u'name': u'{$v_vni-0-4_LAN1_Unit-0__unit}', u'value': 750}, {u'isAutogeneratable': True, u'name': u'{$v_Site_Id__siteSiteID}', u'value': 4244}, {u'isAutogeneratable': True, u'name': u'{$v_IPC00190_NV-WC02-N1-HKG_Local_auth_email_key__IKELKey}', u'value': u'CPE26-HKG2-SINGLE-CPE-DUAL-INTERNET'}]}, u'template': u'IPC00190-HKG-PS-DIS-LIB1'}, u'variableMetadata': [{u'variable': u'{$v_tvi-0-181_-_Unit_0_Static_address__tunnelStaticAddress}', u'type': u'IPV4_IPV6_MASK', u'group': u'Interfaces', u'overlay': True}, {u'variable': u'{$v_INT-WAN2_IPv4__staticaddress}', u'type': u'IPV4_MASK', u'group': u'Interfaces', u'overlay': False}, {u'variable': u'{$v_vni-0-4_LAN1_Unit-0__vlanId}', u'type': u'INTEGER', u'group': u'Vlan Info', u'overlay': False}, {u'variable': u'{$v_IPC00190_NV-WC01-N1-HKG_Local_auth_email_key__IKELKey}', u'group': u'IPSEC', u'overlay': False}, {u'variable': u'{$v_IPC00190-Control-VR_90_Router_ID__vrRouteId}', u'type': u'IPV4', u'group': u'Virtual routers', u'overlay': True}, {u'variable': u'{$v_INT-WAN2-Transport-VR_IPv4__vrHopAddress}', u'type': u'IPV4', u'group': u'Virtual routers', u'overlay': False}, {u'variable': u'{$v_IPC00190_NV-WC02-N1-HKG_Local_auth_email_identifier__IKELIdentifier}', u'group': u'IPSEC', u'overlay': False}, {u'variable': u'{$v_LAN2_IPv4__staticaddress}', u'type': u'IPV4_MASK', u'group': u'Interfaces', u'overlay': False}, {u'variable': u'{$v_vni-0-4_LAN2_Unit-1__unit}', u'type': u'INTEGER', u'group': u'Vlan Info', u'overlay': False}, {u'variable': u'{$v_vni-0-4_LAN2_Unit-1__vlanId}', u'type': u'INTEGER', u'group': u'Vlan Info', u'overlay': False}, {u'variable': u'{$v_tvi-0-180_-_Unit_0_Static_address__tunnelStaticAddress}', u'type': u'IPV4_IPV6_MASK', u'group': u'Interfaces', u'overlay': True}, {u'variable': u'{$v_IPC00190_NV-WC01-N1-HKG_Local_auth_email_identifier__IKELIdentifier}', u'group': u'IPSEC', u'overlay': False}, {u'variable': u'{$v_IPC00190_Site_Name__sitesSiteName}', u'group': u'SDWAN', u'overlay': False}, {u'variable': u'{$v_LAN1_IPv4__staticaddress}', u'type': u'IPV4_MASK', u'group': u'Interfaces', u'overlay': False}, {u'variable': u'{$v_latitude__IdLatitude}', u'group': u'SDWAN', u'overlay': False}, {u'variable': u'{$v_identification__IdName}', u'group': u'SDWAN', u'overlay': False}, {u'variable': u'{$v_Chassis_Id__sitesChassisId}', u'group': u'SDWAN', u'overlay': False}, {u'variable': u'{$v_longitude__Idlongitude}', u'group': u'SDWAN', u'overlay': False}, {u'variable': u'{$v_INT-WAN1-Transport-VR_IPv4__vrHopAddress}', u'type': u'IPV4', u'group': u'Virtual routers', u'overlay': False}, {u'variable': u'{$v_INT-WAN1_IPv4__staticaddress}', u'type': u'IPV4_MASK', u'group': u'Interfaces', u'overlay': False}, {u'variable': u'{$v_location__IdLocation}', u'group': u'SDWAN', u'overlay': False}, {u'variable': u'{$v_IPC00190-Control-VR_90_Local_address__vrRouterAddress}', u'type': u'IPV4', u'group': u'Virtual routers', u'overlay': True}, {u'variable': u'{$v_vni-0-4_LAN1_Unit-0__unit}', u'type': u'INTEGER', u'group': u'Vlan Info', u'overlay': False}, {u'variable': u'{$v_Site_Id__siteSiteID}', u'group': u'SDWAN', u'overlay': False}, {u'variable': u'{$v_IPC00190_NV-WC02-N1-HKG_Local_auth_email_key__IKELKey}', u'group': u'IPSEC', u'overlay': False}]}, u'templateName': u'IPC00190-HKG-PS-DIS-LIB1'}, u'deviceName': u'CPE26-HKG2-SINGLE-CPE-DUAL-INTERNET', u'workflowStatus': u'Deployed', u'deviceGroup': u'IPC00190-HKG-PS-DIS-LIB1-DG', u'orgName': u'IPC00190', u'serialNumber': u'CPE27DSAB9', u'locationInfo': {u'latitude': 12.971599, u'country': u'india', u'state': u'karnataka', u'longitude': 77.594563, u'city': u'bangalore'}, u'bandwidth': 0, u'lastUpdatedBy': u'Automated', u'siteId': 4244, u'instanceInfo': u'', u'stagingTemplateInfo': u'', u'lastModifiedTime': u'2019-09-09T11:07:03.529000+00:00', u'urlztpBasedInfo': {u'authType': u'psk', u'enableIpv4Dhcp': False, u'branchKey': u'GVIoQNLyWpyJnrSw', u'branchId': u'CPE26-HKG2-SINGLE-CPE-DUAL-INTERNET@IPC00190.com', u'enableIpv6': False, u'enableIpv4': False, u'enableIpv6Dhcp': False}}}
2019-09-09 18:23:45,032 - CPE26-HKG2-SINGLE-CPE-DUAL-INTERNET - INFO - configure private
Entering configuration mode private
[ok][2019-09-09 11:07:30]

[edit]
Automated@VDir-BLR-NEW-01% 
2019-09-09 18:23:47,236 - CPE26-HKG2-SINGLE-CPE-DUAL-INTERNET - INFO - True
2019-09-09 18:23:47,841 - CPE26-HKG2-SINGLE-CPE-DUAL-INTERNET - INFO - set devices device NV-WC01-N1-HKG config orgs org-services Colt ipsec vpn-profile INT-WAN-NV-WC01-N1-HKG-StagingIpsec psk-auth-clients remote-client IPC00190-CPE26-HKG2-SINGLE-CPE-DUAL-INTERNET@colt.net id-type email
[ok][2019-09-09 11:07:35]

[edit]
Automated@VDir-BLR-NEW-01% 
2019-09-09 18:23:48,642 - CPE26-HKG2-SINGLE-CPE-DUAL-INTERNET - INFO - set devices device NV-WC01-N1-HKG config orgs org-services Colt ipsec vpn-profile INT-WAN-NV-WC01-N1-HKG-StagingIpsec psk-auth-clients remote-client IPC00190-CPE26-HKG2-SINGLE-CPE-DUAL-INTERNET@colt.net key CPE26-HKG2-SINGLE-CPE-DUAL-INTERNET
[ok][2019-09-09 11:07:35]

[edit]
Automated@VDir-BLR-NEW-01% 
2019-09-09 18:23:49,446 - CPE26-HKG2-SINGLE-CPE-DUAL-INTERNET - INFO - commit and-quit
Commit complete.
[ok][2019-09-09 11:07:36]
Automated@VDir-BLR-NEW-01> 
2019-09-09 18:23:49,562 - CPE26-HKG2-SINGLE-CPE-DUAL-INTERNET - INFO - 
STEP : ONBOARD CALL

2019-09-09 18:23:49,572 - CPE26-HKG2-SINGLE-CPE-DUAL-INTERNET - INFO - 
sudo /opt/versa/scripts/staging.py -w 1 -c 10.83.130.49 -s 172.16.7.106/30 -g 172.16.7.105 -l IPC00190-CPE26-HKG2-SINGLE-CPE-DUAL-INTERNET@colt.net -lk CPE26-HKG2-SINGLE-CPE-DUAL-INTERNET  -r NV-WC01-N1-HKG@colt.net -rk 1234

