2019-09-13 12:26:29,789 - CPE27-HKG2-SINGLE-CPE-DUAL-INTERNET7 - INFO - LOG FILE PATH : C:\Softwares_mine\stefano\NV_REPOSITORY\csit/LOGS/2019_09_13_12_26_27_446000/MAIN.log
2019-09-13 12:26:29,789 - CPE27-HKG2-SINGLE-CPE-DUAL-INTERNET7 - INFO - CPE NAME:CPE27-HKG2-SINGLE-CPE-DUAL-INTERNET7
2019-09-13 12:26:30,792 - CPE27-HKG2-SINGLE-CPE-DUAL-INTERNET7 - INFO - SOLUTION SELECTED:SINGLE-CPE-DUAL-INTERNET
2019-09-13 12:26:32,015 - CPE27-HKG2-SINGLE-CPE-DUAL-INTERNET7 - DEBUG - {u'versanms.sdwan-org-workflow': {u'ikeAuthType': u'psk', u'globalId': 90, u'orgName': u'IPC00190', u'controllers': [u'NV-WC01-N1-HKG', u'NV-WC01-N6-SIN', u'NV-WC02-N1-HKG', u'NV-WC02-N6-SIN'], u'bandwidth': 10, u'parentOrg': u'Colt', u'vrfs': [{u'name': u'LAN1-VRF', u'enableVPN': True, u'id': 1020}, {u'name': u'LAN2-VRF', u'enableVPN': True, u'id': 1021}, {u'name': u'LAN3-VRF', u'enableVPN': True, u'id': 1022}, {u'name': u'LAN4-VRF', u'enableVPN': True, u'id': 1023}, {u'name': u'LAN5-VRF', u'enableVPN': True, u'id': 1024}, {u'name': u'LAN6-VRF', u'enableVPN': True, u'id': 1025}, {u'name': u'LAN7-VRF', u'enableVPN': True, u'id': 1026}, {u'name': u'LAN8-VRF', u'enableVPN': True, u'id': 1027}, {u'name': u'LAN9-VRF', u'enableVPN': True, u'id': 1028}, {u'name': u'LAN10-VRF', u'enableVPN': True, u'id': 1029}], u'solutionTier': u'base-sdwan', u'sharedControlPlane': False}}
2019-09-13 12:26:32,019 - CPE27-HKG2-SINGLE-CPE-DUAL-INTERNET7 - INFO - STEP : CHECK ORG is available in Controller NV-WC01-N1-HKG
2019-09-13 12:26:32,019 - CPE27-HKG2-SINGLE-CPE-DUAL-INTERNET7 - INFO - PASS
2019-09-13 12:26:32,279 - CPE27-HKG2-SINGLE-CPE-DUAL-INTERNET7 - DEBUG - {u'versanms.sdwan-org-workflow': {u'ikeAuthType': u'psk', u'globalId': 90, u'orgName': u'IPC00190', u'controllers': [u'NV-WC01-N1-HKG', u'NV-WC01-N6-SIN', u'NV-WC02-N1-HKG', u'NV-WC02-N6-SIN'], u'bandwidth': 10, u'parentOrg': u'Colt', u'vrfs': [{u'name': u'LAN1-VRF', u'enableVPN': True, u'id': 1020}, {u'name': u'LAN2-VRF', u'enableVPN': True, u'id': 1021}, {u'name': u'LAN3-VRF', u'enableVPN': True, u'id': 1022}, {u'name': u'LAN4-VRF', u'enableVPN': True, u'id': 1023}, {u'name': u'LAN5-VRF', u'enableVPN': True, u'id': 1024}, {u'name': u'LAN6-VRF', u'enableVPN': True, u'id': 1025}, {u'name': u'LAN7-VRF', u'enableVPN': True, u'id': 1026}, {u'name': u'LAN8-VRF', u'enableVPN': True, u'id': 1027}, {u'name': u'LAN9-VRF', u'enableVPN': True, u'id': 1028}, {u'name': u'LAN10-VRF', u'enableVPN': True, u'id': 1029}], u'solutionTier': u'base-sdwan', u'sharedControlPlane': False}}
2019-09-13 12:26:32,279 - CPE27-HKG2-SINGLE-CPE-DUAL-INTERNET7 - INFO - STEP : CHECK ORG is available in Controller NV-WC02-N6-SIN
2019-09-13 12:26:32,279 - CPE27-HKG2-SINGLE-CPE-DUAL-INTERNET7 - INFO - PASS
2019-09-13 12:26:32,584 - CPE27-HKG2-SINGLE-CPE-DUAL-INTERNET7 - DEBUG - {u'versanms.sdwan-org-workflow': {u'ikeAuthType': u'psk', u'globalId': 90, u'orgName': u'IPC00190', u'controllers': [u'NV-WC01-N1-HKG', u'NV-WC01-N6-SIN', u'NV-WC02-N1-HKG', u'NV-WC02-N6-SIN'], u'bandwidth': 10, u'parentOrg': u'Colt', u'vrfs': [{u'name': u'LAN1-VRF', u'enableVPN': True, u'id': 1020}, {u'name': u'LAN2-VRF', u'enableVPN': True, u'id': 1021}, {u'name': u'LAN3-VRF', u'enableVPN': True, u'id': 1022}, {u'name': u'LAN4-VRF', u'enableVPN': True, u'id': 1023}, {u'name': u'LAN5-VRF', u'enableVPN': True, u'id': 1024}, {u'name': u'LAN6-VRF', u'enableVPN': True, u'id': 1025}, {u'name': u'LAN7-VRF', u'enableVPN': True, u'id': 1026}, {u'name': u'LAN8-VRF', u'enableVPN': True, u'id': 1027}, {u'name': u'LAN9-VRF', u'enableVPN': True, u'id': 1028}, {u'name': u'LAN10-VRF', u'enableVPN': True, u'id': 1029}], u'solutionTier': u'base-sdwan', u'sharedControlPlane': False}}
2019-09-13 12:26:32,584 - CPE27-HKG2-SINGLE-CPE-DUAL-INTERNET7 - INFO - STEP : CHECK ORG is available in Controller NV-WC01-N6-SIN
2019-09-13 12:26:32,584 - CPE27-HKG2-SINGLE-CPE-DUAL-INTERNET7 - INFO - PASS
2019-09-13 12:26:32,584 - CPE27-HKG2-SINGLE-CPE-DUAL-INTERNET7 - INFO - 
STEP : ONBOARD CALL

2019-09-13 12:26:32,588 - CPE27-HKG2-SINGLE-CPE-DUAL-INTERNET7 - INFO - 
sudo /opt/versa/scripts/staging.py -w 2 -c 10.83.77.10 -s 172.16.6.106/30 -g 172.16.6.105 -l IPC00190-CPE27-HKG2-SINGLE-CPE-DUAL-INTERNET7@colt.net -lk CPE27-HKG2-SINGLE-CPE-DUAL-INTERNET7  -r NV-WC01-N6-SIN@colt.net -rk 1234

2019-09-13 12:35:02,391 - CPE27-HKG2-SINGLE-CPE-DUAL-INTERNET7 - INFO - 
 	 >>>>>>>>>>>> CPE ONBOARDING PASSED <<<<<<<<<<<<
 	 >>>>>>>>>>>>    CPE DETAILS        <<<<<<<<<<<<
2019-09-13 12:35:03,045 - CPE27-HKG2-SINGLE-CPE-DUAL-INTERNET7 - INFO - None
2019-09-13 12:35:03,045 - CPE27-HKG2-SINGLE-CPE-DUAL-INTERNET7 - INFO - CPE ONBOARDINIG SCRIPT COMPLETED
2019-09-13 12:35:03,045 - CPE27-HKG2-SINGLE-CPE-DUAL-INTERNET7 - INFO - Time elapsed: 0:08:35.599000

2019-09-13 12:35:03,045 - CPE27-HKG2-SINGLE-CPE-DUAL-INTERNET7 - INFO - LOG FILE PATH : C:\Softwares_mine\stefano\NV_REPOSITORY\csit/LOGS/2019_09_13_12_26_27_446000/MAIN.log
