2020-03-19 17:06:49,164 - VD1 - DEBUG - <netmiko.versa.versa_ssh.VersaSSH object at 0x000000000E74E5C0>
2020-03-19 17:06:54,368 - VD1 - DEBUG - versa: Automated@VDir-BLR-NEW-01>
2020-03-19 17:06:59,240 - CPE11-HKG-HYBRD-IPC00190 - DEBUG - <netmiko.versa.versa_ssh.VersaSSH object at 0x000000000E7E2710>
2020-03-19 17:07:04,443 - CPE11-HKG-HYBRD-IPC00190 - DEBUG - versa: Automated@VDir-BLR-NEW-01>
2020-03-19 17:07:29,163 - CPE12-HKG-HYBRD-IPC00190 - DEBUG - <netmiko.versa.versa_ssh.VersaSSH object at 0x000000000E7FD668>
2020-03-19 17:07:34,365 - CPE12-HKG-HYBRD-IPC00190 - DEBUG - versa: Automated@VDir-BLR-NEW-01>
2020-03-19 17:08:51,546 - CPE11-HKG-HYBRD-IPC00190 - INFO - 
CREATE SLA profile

2020-03-19 17:08:52,898 - CPE11-HKG-HYBRD-IPC00190 - DEBUG - <Response [201]>
2020-03-19 17:08:52,904 - CPE11-HKG-HYBRD-IPC00190 - INFO - 
PASS
2020-03-19 17:08:52,904 - CPE11-HKG-HYBRD-IPC00190 - INFO - >>>>>>>>>> CREATE SLA Profile PASSED. <<<<<<<<<<<
2020-03-19 17:08:52,907 - CPE11-HKG-HYBRD-IPC00190 - INFO - 
CREATE FWD PROFILE

2020-03-19 17:08:54,898 - CPE11-HKG-HYBRD-IPC00190 - DEBUG - <Response [201]>
2020-03-19 17:08:54,898 - CPE11-HKG-HYBRD-IPC00190 - INFO - 
PASS
2020-03-19 17:08:54,898 - CPE11-HKG-HYBRD-IPC00190 - INFO - >>>>>>>>>> FORWARDING PROFILE CREATION PASSED. <<<<<<<<<<<
2020-03-19 17:08:54,900 - CPE11-HKG-HYBRD-IPC00190 - INFO - 
CREATE IPaddress Object

2020-03-19 17:08:56,052 - CPE11-HKG-HYBRD-IPC00190 - DEBUG - <Response [201]>
2020-03-19 17:08:56,053 - CPE11-HKG-HYBRD-IPC00190 - INFO - 
PASS
2020-03-19 17:08:56,053 - CPE11-HKG-HYBRD-IPC00190 - INFO - >>>>>>>>>> ADDRESS OBJECT CREATION PASSED. <<<<<<<<<<<
2020-03-19 17:08:56,055 - CPE11-HKG-HYBRD-IPC00190 - INFO - 
CREATE IPaddress Object

2020-03-19 17:08:57,167 - CPE11-HKG-HYBRD-IPC00190 - DEBUG - <Response [201]>
2020-03-19 17:08:57,168 - CPE11-HKG-HYBRD-IPC00190 - INFO - 
PASS
2020-03-19 17:08:57,168 - CPE11-HKG-HYBRD-IPC00190 - INFO - >>>>>>>>>> ADDRESS OBJECT CREATION PASSED. <<<<<<<<<<<
2020-03-19 17:08:57,170 - CPE11-HKG-HYBRD-IPC00190 - INFO - 
CREATE Service Object

2020-03-19 17:08:58,257 - CPE11-HKG-HYBRD-IPC00190 - DEBUG - <Response [201]>
2020-03-19 17:08:58,259 - CPE11-HKG-HYBRD-IPC00190 - INFO - 
PASS
2020-03-19 17:08:58,259 - CPE11-HKG-HYBRD-IPC00190 - INFO - >>>>>>>>>> Service OBJECT CREATION PASSED. <<<<<<<<<<<
2020-03-19 17:11:28,259 - CPE11-HKG-HYBRD-IPC00190 - INFO - 
DELETE Service Object

2020-03-19 17:11:30,650 - CPE11-HKG-HYBRD-IPC00190 - INFO - 
PASS
2020-03-19 17:11:30,650 - CPE11-HKG-HYBRD-IPC00190 - INFO - >>>>>>>>>> ADDRESS OBJECT DELETION PASSED. <<<<<<<<<<<
2020-03-19 17:11:30,651 - CPE11-HKG-HYBRD-IPC00190 - INFO - 
DELETE IPaddress Object

2020-03-19 17:11:32,141 - CPE11-HKG-HYBRD-IPC00190 - INFO - 
PASS
2020-03-19 17:11:32,142 - CPE11-HKG-HYBRD-IPC00190 - INFO - >>>>>>>>>> ADDRESS OBJECT DELETION PASSED. <<<<<<<<<<<
2020-03-19 17:11:32,144 - CPE11-HKG-HYBRD-IPC00190 - INFO - 
DELETE IPaddress Object

2020-03-19 17:11:34,285 - CPE11-HKG-HYBRD-IPC00190 - INFO - 
PASS
2020-03-19 17:11:34,285 - CPE11-HKG-HYBRD-IPC00190 - INFO - >>>>>>>>>> ADDRESS OBJECT DELETION PASSED. <<<<<<<<<<<
2020-03-19 17:11:34,286 - CPE11-HKG-HYBRD-IPC00190 - INFO - 
DELETE FWD PROFILE

2020-03-19 17:11:35,724 - CPE11-HKG-HYBRD-IPC00190 - INFO - 
PASS
2020-03-19 17:11:35,726 - CPE11-HKG-HYBRD-IPC00190 - INFO - >>>>>>>>>> FORWARDING PROFILE DELETION PASSED. <<<<<<<<<<<
2020-03-19 17:11:35,726 - CPE11-HKG-HYBRD-IPC00190 - INFO - 
DELETE SLA profile

2020-03-19 17:11:37,000 - CPE11-HKG-HYBRD-IPC00190 - INFO - 
PASS
2020-03-19 17:11:37,000 - CPE11-HKG-HYBRD-IPC00190 - INFO - >>>>>>>>>> DELETE SLA Profile PASSED. <<<<<<<<<<<
