2020-03-23 16:52:39,762 - VD1 - DEBUG - <netmiko.versa.versa_ssh.VersaSSH object at 0x7fb074ea2e50>
2020-03-23 16:52:44,967 - VD1 - DEBUG - versa: Automated@VDir-BLR-NEW-01>
2020-03-23 16:52:49,702 - CPE11-HKG-HYBRD-IPC00190 - DEBUG - <netmiko.versa.versa_ssh.VersaSSH object at 0x7fb074e463d0>
2020-03-23 16:52:54,909 - CPE11-HKG-HYBRD-IPC00190 - DEBUG - versa: Automated@VDir-BLR-NEW-01>
2020-03-23 16:53:19,423 - CPE12-HKG-HYBRD-IPC00190 - DEBUG - <netmiko.versa.versa_ssh.VersaSSH object at 0x7fb074df6e50>
2020-03-23 16:53:24,629 - CPE12-HKG-HYBRD-IPC00190 - DEBUG - versa: Automated@VDir-BLR-NEW-01>
2020-03-23 16:54:24,159 - CPE11-HKG-HYBRD-IPC00190 - INFO - 
CREATE SLA profile

2020-03-23 16:54:25,303 - CPE11-HKG-HYBRD-IPC00190 - DEBUG - <Response [201]>
2020-03-23 16:54:25,303 - CPE11-HKG-HYBRD-IPC00190 - INFO - 
PASS
2020-03-23 16:54:25,305 - CPE11-HKG-HYBRD-IPC00190 - INFO - >>>>>>>>>> CREATE SLA Profile PASSED. <<<<<<<<<<<
2020-03-23 16:54:25,308 - CPE11-HKG-HYBRD-IPC00190 - INFO - 
CREATE FWD PROFILE

2020-03-23 16:54:26,488 - CPE11-HKG-HYBRD-IPC00190 - DEBUG - <Response [201]>
2020-03-23 16:54:26,489 - CPE11-HKG-HYBRD-IPC00190 - INFO - 
PASS
2020-03-23 16:54:26,490 - CPE11-HKG-HYBRD-IPC00190 - INFO - >>>>>>>>>> FORWARDING PROFILE CREATION PASSED. <<<<<<<<<<<
2020-03-23 16:54:26,492 - CPE11-HKG-HYBRD-IPC00190 - INFO - 
CREATE IPaddress Object

2020-03-23 16:54:27,421 - CPE11-HKG-HYBRD-IPC00190 - DEBUG - <Response [201]>
2020-03-23 16:54:27,422 - CPE11-HKG-HYBRD-IPC00190 - INFO - 
PASS
2020-03-23 16:54:27,423 - CPE11-HKG-HYBRD-IPC00190 - INFO - >>>>>>>>>> ADDRESS OBJECT CREATION PASSED. <<<<<<<<<<<
2020-03-23 16:54:27,425 - CPE11-HKG-HYBRD-IPC00190 - INFO - 
CREATE IPaddress Object

2020-03-23 16:54:28,433 - CPE11-HKG-HYBRD-IPC00190 - DEBUG - <Response [201]>
2020-03-23 16:54:28,434 - CPE11-HKG-HYBRD-IPC00190 - INFO - 
PASS
2020-03-23 16:54:28,435 - CPE11-HKG-HYBRD-IPC00190 - INFO - >>>>>>>>>> ADDRESS OBJECT CREATION PASSED. <<<<<<<<<<<
2020-03-23 16:54:28,438 - CPE11-HKG-HYBRD-IPC00190 - INFO - 
CREATE Service Object

2020-03-23 16:54:29,460 - CPE11-HKG-HYBRD-IPC00190 - DEBUG - <Response [201]>
2020-03-23 16:54:29,461 - CPE11-HKG-HYBRD-IPC00190 - INFO - 
PASS
2020-03-23 16:54:29,461 - CPE11-HKG-HYBRD-IPC00190 - INFO - >>>>>>>>>> Service OBJECT CREATION PASSED. <<<<<<<<<<<
2020-03-23 16:55:38,517 - CPE11-HKG-HYBRD-IPC00190 - INFO - 
DELETE Service Object

2020-03-23 16:55:40,726 - CPE11-HKG-HYBRD-IPC00190 - INFO - 
PASS
2020-03-23 16:55:40,727 - CPE11-HKG-HYBRD-IPC00190 - INFO - >>>>>>>>>> ADDRESS OBJECT DELETION PASSED. <<<<<<<<<<<
2020-03-23 16:55:40,729 - CPE11-HKG-HYBRD-IPC00190 - INFO - 
DELETE IPaddress Object

2020-03-23 16:55:41,998 - CPE11-HKG-HYBRD-IPC00190 - INFO - 
PASS
2020-03-23 16:55:41,999 - CPE11-HKG-HYBRD-IPC00190 - INFO - >>>>>>>>>> ADDRESS OBJECT DELETION PASSED. <<<<<<<<<<<
2020-03-23 16:55:42,001 - CPE11-HKG-HYBRD-IPC00190 - INFO - 
DELETE IPaddress Object

2020-03-23 16:55:43,164 - CPE11-HKG-HYBRD-IPC00190 - INFO - 
PASS
2020-03-23 16:55:43,165 - CPE11-HKG-HYBRD-IPC00190 - INFO - >>>>>>>>>> ADDRESS OBJECT DELETION PASSED. <<<<<<<<<<<
2020-03-23 16:55:43,168 - CPE11-HKG-HYBRD-IPC00190 - INFO - 
DELETE FWD PROFILE

2020-03-23 16:55:44,453 - CPE11-HKG-HYBRD-IPC00190 - INFO - 
PASS
2020-03-23 16:55:44,453 - CPE11-HKG-HYBRD-IPC00190 - INFO - >>>>>>>>>> FORWARDING PROFILE DELETION PASSED. <<<<<<<<<<<
2020-03-23 16:55:44,455 - CPE11-HKG-HYBRD-IPC00190 - INFO - 
DELETE SLA profile

2020-03-23 16:55:46,140 - CPE11-HKG-HYBRD-IPC00190 - INFO - 
PASS
2020-03-23 16:55:46,141 - CPE11-HKG-HYBRD-IPC00190 - INFO - >>>>>>>>>> DELETE SLA Profile PASSED. <<<<<<<<<<<
