2019-05-29 12:06:39,697 - VD1 - INFO - ORG NAME:SAMPLE6
2019-05-29 12:06:44,897 - VD1 - DEBUG - {
  "versanms.sdwan-org-workflow": {
    "orgName": "SAMPLE6",
    "globalId": "6",
    "parentOrg": "Colt",
    "ikeAuthType": "psk",
    "sharedControlPlane": false,
    "controllers": ["NV-WC01-N3-GGN", "NV-WC02-N1-HKG", "NV-WC01-N1-HKG"],
    "vrfs": [{ "name": "LAN1-VRF", "id": "180", "enableVPN": "true", "tooltip": "" }],
    "supportedRoles": []
  }
}
2019-05-29 12:06:46,046 - VD1 - INFO - <Response [500]>
2019-05-29 12:06:46,046 - VD1 - INFO - {"error":{"http_status_code":500,"code":0,"message":"Another org workflow with the same name already exists: SAMPLE6","more_info":"http://nms.versa.com/errors/null"}}
2019-05-29 12:06:46,046 - VD1 - INFO - FAIL : {"error":{"http_status_code":500,"code":0,"message":"Another org workflow with the same name already exists: SAMPLE6","more_info":"http://nms.versa.com/errors/null"}}
2019-05-29 12:06:46,046 - VD1 - INFO - 
********************
RESULT:
ORG DEPLOYMENT : FAIL : {"error":{"http_status_code":500,"code":0,"message":"Another org workflow with the same name already exists: SAMPLE6","more_info":"http://nms.versa.com/errors/null"}}

********************

