2020-02-27 13:00:50,316 - VD1 - DEBUG - <netmiko.versa.versa_ssh.VersaSSH object at 0x000000000E071E10>
2020-02-27 13:00:55,552 - VD1 - DEBUG - versa: Automated@VDir-BLR-NEW-01>
2020-02-27 13:00:55,552 - CPE11-HKG-HYBRD-IPC00190 - INFO - CPE NAME:CPE11-HKG-HYBRD-IPC00190
2020-02-27 13:00:56,555 - CPE11-HKG-HYBRD-IPC00190 - INFO - SOLUTION SELECTED:SINGLE-CPE-HYBRID
2020-02-27 13:01:08,836 - CPE11-HKG-HYBRD-IPC00190 - DEBUG - <netmiko.versa.versa_ssh.VersaSSH object at 0x000000000D81E390>
2020-02-27 13:01:14,038 - CPE11-HKG-HYBRD-IPC00190 - DEBUG - versa: Automated@VDir-BLR-NEW-01>
2020-02-27 13:01:33,207 - CPE11-HKG-HYBRD-IPC00190 - INFO - 
CREATE SLA profile

2020-02-27 13:01:36,319 - CPE11-HKG-HYBRD-IPC00190 - DEBUG - <Response [201]>
2020-02-27 13:01:36,325 - CPE11-HKG-HYBRD-IPC00190 - INFO - 
PASS
2020-02-27 13:01:36,325 - CPE11-HKG-HYBRD-IPC00190 - INFO - >>>>>>>>>> CREATE SLA Profile PASSED. <<<<<<<<<<<
2020-02-27 13:01:37,377 - CPE11-HKG-HYBRD-IPC00190 - INFO - 
CREATE FWD PROFILE

2020-02-27 13:01:39,453 - CPE11-HKG-HYBRD-IPC00190 - DEBUG - <Response [201]>
2020-02-27 13:01:39,454 - CPE11-HKG-HYBRD-IPC00190 - INFO - 
PASS
2020-02-27 13:01:39,454 - CPE11-HKG-HYBRD-IPC00190 - INFO - >>>>>>>>>> FORWARDING PROFILE CREATION PASSED. <<<<<<<<<<<
2020-02-27 13:01:39,456 - CPE11-HKG-HYBRD-IPC00190 - INFO - 
CREATE IPaddress Object

2020-02-27 13:01:41,351 - CPE11-HKG-HYBRD-IPC00190 - DEBUG - <Response [201]>
2020-02-27 13:01:41,352 - CPE11-HKG-HYBRD-IPC00190 - INFO - 
PASS
2020-02-27 13:01:41,352 - CPE11-HKG-HYBRD-IPC00190 - INFO - >>>>>>>>>> ADDRESS OBJECT CREATION PASSED. <<<<<<<<<<<
2020-02-27 13:01:41,354 - CPE11-HKG-HYBRD-IPC00190 - INFO - 
CREATE Policy rule

