2020-02-13 11:22:45,802 - VD1 - DEBUG - <netmiko.versa.versa_ssh.VersaSSH object at 0x000000000D1E8080>
2020-02-13 11:22:51,006 - VD1 - DEBUG - versa: Automated@VDir-BLR-NEW-01>
2020-02-13 11:22:51,006 - CPE11-HKG-HYBRD-IPC00190 - INFO - CPE NAME:CPE11-HKG-HYBRD-IPC00190
2020-02-13 11:22:52,006 - CPE11-HKG-HYBRD-IPC00190 - INFO - SOLUTION SELECTED:SINGLE-CPE-HYBRID
2020-02-13 11:23:09,907 - CPE11-HKG-HYBRD-IPC00190 - DEBUG - <netmiko.versa.versa_ssh.VersaSSH object at 0x000000000C71EF98>
2020-02-13 11:23:15,111 - CPE11-HKG-HYBRD-IPC00190 - DEBUG - versa: Automated@VDir-BLR-NEW-01>
2020-02-13 11:23:34,270 - CPE11-HKG-HYBRD-IPC00190 - INFO - 
CREATE SLA profile

2020-02-13 11:23:37,275 - CPE11-HKG-HYBRD-IPC00190 - DEBUG - <Response [201]>
2020-02-13 11:23:37,282 - CPE11-HKG-HYBRD-IPC00190 - INFO - 
PASS
2020-02-13 11:23:37,282 - CPE11-HKG-HYBRD-IPC00190 - INFO - >>>>>>>>>> CREATE SLA Profile PASSED. <<<<<<<<<<<
2020-02-13 11:23:38,082 - CPE11-HKG-HYBRD-IPC00190 - INFO - 
CREATE FWD PROFILE

2020-02-13 11:23:40,121 - CPE11-HKG-HYBRD-IPC00190 - DEBUG - <Response [201]>
2020-02-13 11:23:40,121 - CPE11-HKG-HYBRD-IPC00190 - INFO - 
PASS
2020-02-13 11:23:40,121 - CPE11-HKG-HYBRD-IPC00190 - INFO - >>>>>>>>>> FORWARDING PROFILE CREATION PASSED. <<<<<<<<<<<
2020-02-13 11:23:40,121 - CPE11-HKG-HYBRD-IPC00190 - INFO - 
CREATE IPaddress Object

2020-02-13 11:23:41,917 - CPE11-HKG-HYBRD-IPC00190 - DEBUG - <Response [201]>
2020-02-13 11:23:41,917 - CPE11-HKG-HYBRD-IPC00190 - INFO - 
PASS
2020-02-13 11:23:41,918 - CPE11-HKG-HYBRD-IPC00190 - INFO - >>>>>>>>>> ADDRESS OBJECT CREATION PASSED. <<<<<<<<<<<
2020-02-13 11:23:41,918 - CPE11-HKG-HYBRD-IPC00190 - INFO - 
CREATE Policy rule

2020-02-13 11:23:44,184 - CPE11-HKG-HYBRD-IPC00190 - DEBUG - <Response [201]>
2020-02-13 11:23:44,184 - CPE11-HKG-HYBRD-IPC00190 - INFO - 
PASS
2020-02-13 11:23:44,184 - CPE11-HKG-HYBRD-IPC00190 - INFO - >>>>>>>>>> CREATE POLICY RULE PASSED. <<<<<<<<<<<
2020-02-13 11:27:06,279 - CPE11-HKG-HYBRD-IPC00190 - INFO - 
DELETE IPaddress Object

2020-02-13 11:27:10,301 - CPE11-HKG-HYBRD-IPC00190 - INFO - 
PASS
2020-02-13 11:27:10,302 - CPE11-HKG-HYBRD-IPC00190 - INFO - >>>>>>>>>> Policy rule DELETION PASSED. <<<<<<<<<<<
2020-02-13 11:27:10,302 - CPE11-HKG-HYBRD-IPC00190 - INFO - 
DELETE IPaddress Object

2020-02-13 11:27:13,150 - CPE11-HKG-HYBRD-IPC00190 - INFO - 
PASS
2020-02-13 11:27:13,150 - CPE11-HKG-HYBRD-IPC00190 - INFO - >>>>>>>>>> ADDRESS OBJECT DELETION PASSED. <<<<<<<<<<<
2020-02-13 11:27:13,151 - CPE11-HKG-HYBRD-IPC00190 - INFO - 
DELETE FWD PROFILE

2020-02-13 11:27:15,918 - CPE11-HKG-HYBRD-IPC00190 - INFO - 
PASS
2020-02-13 11:27:15,918 - CPE11-HKG-HYBRD-IPC00190 - INFO - >>>>>>>>>> FORWARDING PROFILE DELETION PASSED. <<<<<<<<<<<
2020-02-13 11:27:15,918 - CPE11-HKG-HYBRD-IPC00190 - INFO - 
DELETE SLA profile

2020-02-13 11:27:18,391 - CPE11-HKG-HYBRD-IPC00190 - INFO - 
PASS
2020-02-13 11:27:18,392 - CPE11-HKG-HYBRD-IPC00190 - INFO - >>>>>>>>>> DELETE SLA Profile PASSED. <<<<<<<<<<<
