2020-05-28 12:51:02,891 - CPE26-SIN-DUAL-CPE-DUAL-INTERNET-IPC00190-P - INFO - 
DELETE Service Object

2020-05-28 12:51:05,579 - CPE26-SIN-DUAL-CPE-DUAL-INTERNET-IPC00190-P - ERROR - 
2020-05-28 12:51:05,581 - CPE26-SIN-DUAL-CPE-DUAL-INTERNET-IPC00190-P - INFO - 
FAIL : 
2020-05-28 12:51:05,582 - CPE26-SIN-DUAL-CPE-DUAL-INTERNET-IPC00190-P - INFO - >>>>>>>>>> ADDRESS OBJECT DELETION FAILED. <<<<<<<<<<<
2020-05-28 12:51:05,582 - CPE26-SIN-DUAL-CPE-DUAL-INTERNET-IPC00190-P - INFO - 
DELETE IPaddress Object

2020-05-28 12:51:06,290 - CPE26-SIN-DUAL-CPE-DUAL-INTERNET-IPC00190-P - ERROR - 
2020-05-28 12:51:06,293 - CPE26-SIN-DUAL-CPE-DUAL-INTERNET-IPC00190-P - INFO - 
FAIL : 
2020-05-28 12:51:06,295 - CPE26-SIN-DUAL-CPE-DUAL-INTERNET-IPC00190-P - INFO - >>>>>>>>>> ADDRESS OBJECT DELETION FAILED. <<<<<<<<<<<
2020-05-28 12:51:06,299 - CPE26-SIN-DUAL-CPE-DUAL-INTERNET-IPC00190-P - INFO - 
DELETE IPaddress Object

2020-05-28 12:51:07,032 - CPE26-SIN-DUAL-CPE-DUAL-INTERNET-IPC00190-P - ERROR - 
2020-05-28 12:51:07,035 - CPE26-SIN-DUAL-CPE-DUAL-INTERNET-IPC00190-P - INFO - 
FAIL : 
2020-05-28 12:51:07,036 - CPE26-SIN-DUAL-CPE-DUAL-INTERNET-IPC00190-P - INFO - >>>>>>>>>> ADDRESS OBJECT DELETION FAILED. <<<<<<<<<<<
2020-05-28 12:51:07,036 - CPE26-SIN-DUAL-CPE-DUAL-INTERNET-IPC00190-P - INFO - 
DELETE FWD PROFILE

2020-05-28 12:51:07,720 - CPE26-SIN-DUAL-CPE-DUAL-INTERNET-IPC00190-P - ERROR - 
2020-05-28 12:51:07,721 - CPE26-SIN-DUAL-CPE-DUAL-INTERNET-IPC00190-P - INFO - 
FAIL : 
2020-05-28 12:51:07,723 - CPE26-SIN-DUAL-CPE-DUAL-INTERNET-IPC00190-P - INFO - >>>>>>>>>> FORWARDING PROFILE DELETION FAILED. <<<<<<<<<<<
2020-05-28 12:51:07,723 - CPE26-SIN-DUAL-CPE-DUAL-INTERNET-IPC00190-P - INFO - 
DELETE SLA profile

2020-05-28 12:51:08,417 - CPE26-SIN-DUAL-CPE-DUAL-INTERNET-IPC00190-P - ERROR - 
2020-05-28 12:51:08,418 - CPE26-SIN-DUAL-CPE-DUAL-INTERNET-IPC00190-P - INFO - 
FAIL : 
2020-05-28 12:51:08,418 - CPE26-SIN-DUAL-CPE-DUAL-INTERNET-IPC00190-P - INFO - >>>>>>>>>> DELETE SLA Profile FAILED. <<<<<<<<<<<
