2020-02-28 17:04:23,122 - VD1 - DEBUG - <netmiko.versa.versa_ssh.VersaSSH object at 0x000000000E5106A0>
2020-02-28 17:04:28,325 - VD1 - DEBUG - versa: Automated@VDir-BLR-NEW-01>
2020-02-28 17:04:33,174 - CPE11-HKG-HYBRD-IPC00190 - DEBUG - <netmiko.versa.versa_ssh.VersaSSH object at 0x000000000E590748>
2020-02-28 17:04:38,375 - CPE11-HKG-HYBRD-IPC00190 - DEBUG - versa: Automated@VDir-BLR-NEW-01>
2020-02-28 17:05:02,846 - CPE12-HKG-HYBRD-IPC00190 - DEBUG - <netmiko.versa.versa_ssh.VersaSSH object at 0x000000000E5AD2B0>
2020-02-28 17:05:08,049 - CPE12-HKG-HYBRD-IPC00190 - DEBUG - versa: Automated@VDir-BLR-NEW-01>
2020-02-28 17:07:28,760 - CPE11-HKG-HYBRD-IPC00190 - INFO - 
CREATE SLA profile

2020-02-28 17:07:30,605 - CPE11-HKG-HYBRD-IPC00190 - DEBUG - <Response [201]>
2020-02-28 17:07:30,611 - CPE11-HKG-HYBRD-IPC00190 - INFO - 
PASS
2020-02-28 17:07:30,611 - CPE11-HKG-HYBRD-IPC00190 - INFO - >>>>>>>>>> CREATE SLA Profile PASSED. <<<<<<<<<<<
2020-02-28 17:07:30,614 - CPE11-HKG-HYBRD-IPC00190 - INFO - 
CREATE FWD PROFILE

2020-02-28 17:07:32,369 - CPE11-HKG-HYBRD-IPC00190 - DEBUG - <Response [201]>
2020-02-28 17:07:32,371 - CPE11-HKG-HYBRD-IPC00190 - INFO - 
PASS
2020-02-28 17:07:32,371 - CPE11-HKG-HYBRD-IPC00190 - INFO - >>>>>>>>>> FORWARDING PROFILE CREATION PASSED. <<<<<<<<<<<
2020-02-28 17:07:32,375 - CPE11-HKG-HYBRD-IPC00190 - INFO - 
CREATE IPaddress Object

2020-02-28 17:07:33,760 - CPE11-HKG-HYBRD-IPC00190 - DEBUG - <Response [201]>
2020-02-28 17:07:33,762 - CPE11-HKG-HYBRD-IPC00190 - INFO - 
PASS
2020-02-28 17:07:33,762 - CPE11-HKG-HYBRD-IPC00190 - INFO - >>>>>>>>>> ADDRESS OBJECT CREATION PASSED. <<<<<<<<<<<
2020-02-28 17:07:33,763 - CPE11-HKG-HYBRD-IPC00190 - INFO - 
CREATE Policy rule

2020-02-28 17:07:36,039 - CPE11-HKG-HYBRD-IPC00190 - DEBUG - <Response [201]>
2020-02-28 17:07:36,039 - CPE11-HKG-HYBRD-IPC00190 - INFO - 
PASS
2020-02-28 17:07:36,039 - CPE11-HKG-HYBRD-IPC00190 - INFO - >>>>>>>>>> CREATE POLICY RULE PASSED. <<<<<<<<<<<
2020-02-28 17:10:26,227 - CPE11-HKG-HYBRD-IPC00190 - INFO - 
DELETE IPaddress Object

2020-02-28 17:10:29,966 - CPE11-HKG-HYBRD-IPC00190 - INFO - 
PASS
2020-02-28 17:10:29,967 - CPE11-HKG-HYBRD-IPC00190 - INFO - >>>>>>>>>> Policy rule DELETION PASSED. <<<<<<<<<<<
2020-02-28 17:10:29,969 - CPE11-HKG-HYBRD-IPC00190 - INFO - 
DELETE IPaddress Object

2020-02-28 17:10:32,641 - CPE11-HKG-HYBRD-IPC00190 - INFO - 
PASS
2020-02-28 17:10:32,641 - CPE11-HKG-HYBRD-IPC00190 - INFO - >>>>>>>>>> ADDRESS OBJECT DELETION PASSED. <<<<<<<<<<<
2020-02-28 17:10:32,644 - CPE11-HKG-HYBRD-IPC00190 - INFO - 
DELETE FWD PROFILE

2020-02-28 17:10:35,303 - CPE11-HKG-HYBRD-IPC00190 - INFO - 
PASS
2020-02-28 17:10:35,305 - CPE11-HKG-HYBRD-IPC00190 - INFO - >>>>>>>>>> FORWARDING PROFILE DELETION PASSED. <<<<<<<<<<<
2020-02-28 17:10:35,306 - CPE11-HKG-HYBRD-IPC00190 - INFO - 
DELETE SLA profile

2020-02-28 17:10:37,443 - CPE11-HKG-HYBRD-IPC00190 - INFO - 
PASS
2020-02-28 17:10:37,444 - CPE11-HKG-HYBRD-IPC00190 - INFO - >>>>>>>>>> DELETE SLA Profile PASSED. <<<<<<<<<<<
2020-02-28 17:10:48,803 - CPE11-HKG-HYBRD-IPC00190 - INFO - 
CREATE SLA profile

2020-02-28 17:10:51,457 - CPE11-HKG-HYBRD-IPC00190 - DEBUG - <Response [201]>
2020-02-28 17:10:51,457 - CPE11-HKG-HYBRD-IPC00190 - INFO - 
PASS
2020-02-28 17:10:51,459 - CPE11-HKG-HYBRD-IPC00190 - INFO - >>>>>>>>>> CREATE SLA Profile PASSED. <<<<<<<<<<<
2020-02-28 17:10:51,467 - CPE11-HKG-HYBRD-IPC00190 - INFO - 
CREATE FWD PROFILE

2020-02-28 17:10:53,420 - CPE11-HKG-HYBRD-IPC00190 - DEBUG - <Response [201]>
2020-02-28 17:10:53,421 - CPE11-HKG-HYBRD-IPC00190 - INFO - 
PASS
2020-02-28 17:10:53,421 - CPE11-HKG-HYBRD-IPC00190 - INFO - >>>>>>>>>> FORWARDING PROFILE CREATION PASSED. <<<<<<<<<<<
2020-02-28 17:10:53,427 - CPE11-HKG-HYBRD-IPC00190 - INFO - 
CREATE IPaddress Object

2020-02-28 17:10:55,361 - CPE11-HKG-HYBRD-IPC00190 - DEBUG - <Response [201]>
2020-02-28 17:10:55,362 - CPE11-HKG-HYBRD-IPC00190 - INFO - 
PASS
2020-02-28 17:10:55,364 - CPE11-HKG-HYBRD-IPC00190 - INFO - >>>>>>>>>> ADDRESS OBJECT CREATION PASSED. <<<<<<<<<<<
2020-02-28 17:10:55,368 - CPE11-HKG-HYBRD-IPC00190 - INFO - 
CREATE Policy rule

2020-02-28 17:10:57,499 - CPE11-HKG-HYBRD-IPC00190 - DEBUG - <Response [201]>
2020-02-28 17:10:57,500 - CPE11-HKG-HYBRD-IPC00190 - INFO - 
PASS
2020-02-28 17:10:57,500 - CPE11-HKG-HYBRD-IPC00190 - INFO - >>>>>>>>>> CREATE POLICY RULE PASSED. <<<<<<<<<<<
2020-02-28 17:13:44,706 - CPE11-HKG-HYBRD-IPC00190 - INFO - 
DELETE IPaddress Object

2020-02-28 17:13:48,858 - CPE11-HKG-HYBRD-IPC00190 - INFO - 
PASS
2020-02-28 17:13:48,858 - CPE11-HKG-HYBRD-IPC00190 - INFO - >>>>>>>>>> Policy rule DELETION PASSED. <<<<<<<<<<<
2020-02-28 17:13:48,865 - CPE11-HKG-HYBRD-IPC00190 - INFO - 
DELETE IPaddress Object

2020-02-28 17:13:51,855 - CPE11-HKG-HYBRD-IPC00190 - INFO - 
PASS
2020-02-28 17:13:51,855 - CPE11-HKG-HYBRD-IPC00190 - INFO - >>>>>>>>>> ADDRESS OBJECT DELETION PASSED. <<<<<<<<<<<
2020-02-28 17:13:51,858 - CPE11-HKG-HYBRD-IPC00190 - INFO - 
DELETE FWD PROFILE

2020-02-28 17:13:54,385 - CPE11-HKG-HYBRD-IPC00190 - INFO - 
PASS
2020-02-28 17:13:54,387 - CPE11-HKG-HYBRD-IPC00190 - INFO - >>>>>>>>>> FORWARDING PROFILE DELETION PASSED. <<<<<<<<<<<
2020-02-28 17:13:54,390 - CPE11-HKG-HYBRD-IPC00190 - INFO - 
DELETE SLA profile

2020-02-28 17:13:57,006 - CPE11-HKG-HYBRD-IPC00190 - INFO - 
PASS
2020-02-28 17:13:57,006 - CPE11-HKG-HYBRD-IPC00190 - INFO - >>>>>>>>>> DELETE SLA Profile PASSED. <<<<<<<<<<<
