2020-03-23 16:07:55,772 - VD1 - DEBUG - <netmiko.versa.versa_ssh.VersaSSH object at 0x7f4b5b245c90>
2020-03-23 16:08:00,979 - VD1 - DEBUG - versa: Automated@VDir-BLR-NEW-01>
2020-03-23 16:08:05,723 - CPE11-HKG-HYBRD-IPC00190 - DEBUG - <netmiko.versa.versa_ssh.VersaSSH object at 0x7f4b5b1e2210>
2020-03-23 16:08:10,930 - CPE11-HKG-HYBRD-IPC00190 - DEBUG - versa: Automated@VDir-BLR-NEW-01>
2020-03-23 16:08:35,565 - CPE12-HKG-HYBRD-IPC00190 - DEBUG - <netmiko.versa.versa_ssh.VersaSSH object at 0x7f4b5b191c90>
2020-03-23 16:08:40,771 - CPE12-HKG-HYBRD-IPC00190 - DEBUG - versa: Automated@VDir-BLR-NEW-01>
2020-03-23 16:09:40,612 - CPE11-HKG-HYBRD-IPC00190 - INFO - 
CREATE SLA profile

2020-03-23 16:09:41,797 - CPE11-HKG-HYBRD-IPC00190 - DEBUG - <Response [201]>
2020-03-23 16:09:41,797 - CPE11-HKG-HYBRD-IPC00190 - INFO - 
PASS
2020-03-23 16:09:41,798 - CPE11-HKG-HYBRD-IPC00190 - INFO - >>>>>>>>>> CREATE SLA Profile PASSED. <<<<<<<<<<<
2020-03-23 16:09:41,799 - CPE11-HKG-HYBRD-IPC00190 - INFO - 
CREATE FWD PROFILE

2020-03-23 16:09:42,941 - CPE11-HKG-HYBRD-IPC00190 - DEBUG - <Response [201]>
2020-03-23 16:09:42,942 - CPE11-HKG-HYBRD-IPC00190 - INFO - 
PASS
2020-03-23 16:09:42,942 - CPE11-HKG-HYBRD-IPC00190 - INFO - >>>>>>>>>> FORWARDING PROFILE CREATION PASSED. <<<<<<<<<<<
2020-03-23 16:09:42,944 - CPE11-HKG-HYBRD-IPC00190 - INFO - 
CREATE IPaddress Object

2020-03-23 16:09:43,963 - CPE11-HKG-HYBRD-IPC00190 - DEBUG - <Response [201]>
2020-03-23 16:09:43,963 - CPE11-HKG-HYBRD-IPC00190 - INFO - 
PASS
2020-03-23 16:09:43,964 - CPE11-HKG-HYBRD-IPC00190 - INFO - >>>>>>>>>> ADDRESS OBJECT CREATION PASSED. <<<<<<<<<<<
2020-03-23 16:09:43,966 - CPE11-HKG-HYBRD-IPC00190 - INFO - 
CREATE IPaddress Object

2020-03-23 16:09:44,870 - CPE11-HKG-HYBRD-IPC00190 - DEBUG - <Response [201]>
2020-03-23 16:09:44,871 - CPE11-HKG-HYBRD-IPC00190 - INFO - 
PASS
2020-03-23 16:09:44,872 - CPE11-HKG-HYBRD-IPC00190 - INFO - >>>>>>>>>> ADDRESS OBJECT CREATION PASSED. <<<<<<<<<<<
2020-03-23 16:09:44,874 - CPE11-HKG-HYBRD-IPC00190 - INFO - 
CREATE Service Object

2020-03-23 16:09:45,861 - CPE11-HKG-HYBRD-IPC00190 - DEBUG - <Response [201]>
2020-03-23 16:09:45,861 - CPE11-HKG-HYBRD-IPC00190 - INFO - 
PASS
2020-03-23 16:09:45,862 - CPE11-HKG-HYBRD-IPC00190 - INFO - >>>>>>>>>> Service OBJECT CREATION PASSED. <<<<<<<<<<<
2020-03-23 16:11:55,357 - CPE11-HKG-HYBRD-IPC00190 - INFO - 
CREATE Policy rule

2020-03-23 16:11:57,860 - CPE11-HKG-HYBRD-IPC00190 - DEBUG - <Response [201]>
2020-03-23 16:11:57,861 - CPE11-HKG-HYBRD-IPC00190 - INFO - 
PASS
2020-03-23 16:11:57,862 - CPE11-HKG-HYBRD-IPC00190 - INFO - >>>>>>>>>> CREATE POLICY RULE PASSED. <<<<<<<<<<<
2020-03-23 16:14:45,407 - CPE11-HKG-HYBRD-IPC00190 - INFO - 
DELETE IPaddress Object

2020-03-23 16:14:47,844 - CPE11-HKG-HYBRD-IPC00190 - INFO - 
PASS
2020-03-23 16:14:47,844 - CPE11-HKG-HYBRD-IPC00190 - INFO - >>>>>>>>>> Policy rule DELETION PASSED. <<<<<<<<<<<
2020-03-23 16:14:47,850 - CPE11-HKG-HYBRD-IPC00190 - INFO - 
CREATE Policy rule

2020-03-23 16:14:49,349 - CPE11-HKG-HYBRD-IPC00190 - DEBUG - <Response [201]>
2020-03-23 16:14:49,349 - CPE11-HKG-HYBRD-IPC00190 - INFO - 
PASS
2020-03-23 16:14:49,350 - CPE11-HKG-HYBRD-IPC00190 - INFO - >>>>>>>>>> CREATE POLICY RULE PASSED. <<<<<<<<<<<
2020-03-23 16:17:37,762 - CPE11-HKG-HYBRD-IPC00190 - INFO - 
DELETE IPaddress Object

2020-03-23 16:17:40,180 - CPE11-HKG-HYBRD-IPC00190 - INFO - 
PASS
2020-03-23 16:17:40,181 - CPE11-HKG-HYBRD-IPC00190 - INFO - >>>>>>>>>> Policy rule DELETION PASSED. <<<<<<<<<<<
2020-03-23 16:17:40,185 - CPE11-HKG-HYBRD-IPC00190 - INFO - 
CREATE Policy rule

2020-03-23 16:17:41,640 - CPE11-HKG-HYBRD-IPC00190 - DEBUG - <Response [201]>
2020-03-23 16:17:41,640 - CPE11-HKG-HYBRD-IPC00190 - INFO - 
PASS
2020-03-23 16:17:41,641 - CPE11-HKG-HYBRD-IPC00190 - INFO - >>>>>>>>>> CREATE POLICY RULE PASSED. <<<<<<<<<<<
2020-03-23 16:18:57,159 - CPE11-HKG-HYBRD-IPC00190 - INFO - 
DELETE IPaddress Object

2020-03-23 16:18:59,413 - CPE11-HKG-HYBRD-IPC00190 - INFO - 
PASS
2020-03-23 16:18:59,414 - CPE11-HKG-HYBRD-IPC00190 - INFO - >>>>>>>>>> Policy rule DELETION PASSED. <<<<<<<<<<<
2020-03-23 16:18:59,419 - CPE11-HKG-HYBRD-IPC00190 - INFO - 
CREATE Policy rule

2020-03-23 16:19:00,753 - CPE11-HKG-HYBRD-IPC00190 - DEBUG - <Response [201]>
2020-03-23 16:19:00,754 - CPE11-HKG-HYBRD-IPC00190 - INFO - 
PASS
2020-03-23 16:19:00,754 - CPE11-HKG-HYBRD-IPC00190 - INFO - >>>>>>>>>> CREATE POLICY RULE PASSED. <<<<<<<<<<<
2020-03-23 16:19:53,618 - CPE11-HKG-HYBRD-IPC00190 - INFO - 
DELETE IPaddress Object

2020-03-23 16:19:57,286 - CPE11-HKG-HYBRD-IPC00190 - INFO - 
PASS
2020-03-23 16:19:57,287 - CPE11-HKG-HYBRD-IPC00190 - INFO - >>>>>>>>>> Policy rule DELETION PASSED. <<<<<<<<<<<
2020-03-23 16:19:57,295 - CPE11-HKG-HYBRD-IPC00190 - INFO - 
DELETE Service Object

2020-03-23 16:19:58,622 - CPE11-HKG-HYBRD-IPC00190 - INFO - 
PASS
2020-03-23 16:19:58,623 - CPE11-HKG-HYBRD-IPC00190 - INFO - >>>>>>>>>> ADDRESS OBJECT DELETION PASSED. <<<<<<<<<<<
2020-03-23 16:19:58,625 - CPE11-HKG-HYBRD-IPC00190 - INFO - 
DELETE IPaddress Object

2020-03-23 16:20:00,122 - CPE11-HKG-HYBRD-IPC00190 - INFO - 
PASS
2020-03-23 16:20:00,123 - CPE11-HKG-HYBRD-IPC00190 - INFO - >>>>>>>>>> ADDRESS OBJECT DELETION PASSED. <<<<<<<<<<<
2020-03-23 16:20:00,124 - CPE11-HKG-HYBRD-IPC00190 - INFO - 
DELETE IPaddress Object

2020-03-23 16:20:01,473 - CPE11-HKG-HYBRD-IPC00190 - INFO - 
PASS
2020-03-23 16:20:01,473 - CPE11-HKG-HYBRD-IPC00190 - INFO - >>>>>>>>>> ADDRESS OBJECT DELETION PASSED. <<<<<<<<<<<
2020-03-23 16:20:01,475 - CPE11-HKG-HYBRD-IPC00190 - INFO - 
DELETE FWD PROFILE

2020-03-23 16:20:02,954 - CPE11-HKG-HYBRD-IPC00190 - INFO - 
PASS
2020-03-23 16:20:02,954 - CPE11-HKG-HYBRD-IPC00190 - INFO - >>>>>>>>>> FORWARDING PROFILE DELETION PASSED. <<<<<<<<<<<
2020-03-23 16:20:02,956 - CPE11-HKG-HYBRD-IPC00190 - INFO - 
DELETE SLA profile

2020-03-23 16:20:04,229 - CPE11-HKG-HYBRD-IPC00190 - INFO - 
PASS
2020-03-23 16:20:04,230 - CPE11-HKG-HYBRD-IPC00190 - INFO - >>>>>>>>>> DELETE SLA Profile PASSED. <<<<<<<<<<<
