2019-10-10 16:54:19,369 - Versa_director - DEBUG - <netmiko.versa.versa.VersaSSH object at 0x000000000E37D198>
2019-10-10 16:54:24,571 - Versa_director - DEBUG - versa: Automated@VDir-BLR-NEW-01>
2019-10-10 16:54:24,621 - Versa_director - INFO - set devices device CPE25-Performance-DUT config orgs org-services IPC00190 ipsec vpn-profile NV-WC02-N1-HKG-Profile ike transform aes256-sha256
set devices device CPE25-Performance-DUT config orgs org-services IPC00190 ipsec vpn-profile NV-WC02-N1-HKG-Profile ipsec transform esp-aes128-gcm
set devices device CPE27-HKG2-SINGLE-CPE-DUAL-INTERNET18 config orgs org-services IPC00190 ipsec vpn-profile NV-WC02-N6-SIN-Profile ike transform aes256-sha256
set devices device CPE27-HKG2-SINGLE-CPE-DUAL-INTERNET18 config orgs org-services IPC00190 ipsec vpn-profile NV-WC02-N6-SIN-Profile ipsec transform esp-aes128-gcm
set devices device CPE31-Performance-810 config orgs org-services IPC00190 ipsec vpn-profile NV-WC02-N1-HKG-Profile ike transform aes256-sha256
set devices device CPE31-Performance-810 config orgs org-services IPC00190 ipsec vpn-profile NV-WC02-N1-HKG-Profile ipsec transform esp-aes128-gcm
set devices device NV-GW01-N1-HKG config orgs org-services IPC00190 ipsec vpn-profile GW-CTRL2 ike transform aes256-sha256
set devices device NV-GW01-N1-HKG config orgs org-services IPC00190 ipsec vpn-profile GW-CTRL2 ipsec transform esp-aes128-gcm
set devices device NV-GW01-N6-SIN config orgs org-services IPC00190 ipsec vpn-profile GW-CTRL2 ike transform aes256-sha256
set devices device NV-GW01-N6-SIN config orgs org-services IPC00190 ipsec vpn-profile GW-CTRL2 ipsec transform esp-aes128-gcm
set devices device NV-GW02-N1-HKG config orgs org-services IPC00190 ipsec vpn-profile GW-CTRL2 ike transform aes256-sha256
set devices device NV-GW02-N1-HKG config orgs org-services IPC00190 ipsec vpn-profile GW-CTRL2 ipsec transform esp-aes128-gcm
set devices device NV-GW02-N6-SIN config orgs org-services IPC00190 ipsec vpn-profile GW-CTRL2 ike transform aes256-sha256
set devices device NV-GW02-N6-SIN config orgs org-services IPC00190 ipsec vpn-profile GW-CTRL2 ipsec transform esp-aes128-gcm
set devices device NV-WC02-N1-HKG config orgs org-services IPC00190 ipsec vpn-profile IPC00190-PostStaging ike transform aes256-sha256
set devices device NV-WC02-N1-HKG config orgs org-services IPC00190 ipsec vpn-profile IPC00190-PostStaging ipsec transform esp-aes128-gcm
set devices device NV-WC02-N1-HKG config orgs org-services IPC00190 ipsec vpn-profile NV-WC02-N1-HKG-to-NV-WC02-N6-SIN-Profile ike transform aes256-sha256
set devices device NV-WC02-N1-HKG config orgs org-services IPC00190 ipsec vpn-profile NV-WC02-N1-HKG-to-NV-WC02-N6-SIN-Profile ipsec transform esp-aes128-gcm
set devices device NV-WC02-N6-SIN config orgs org-services IPC00190 ipsec vpn-profile IPC00190-PostStaging ike transform aes256-sha256
set devices device NV-WC02-N6-SIN config orgs org-services IPC00190 ipsec vpn-profile IPC00190-PostStaging ipsec transform esp-aes128-gcm

