2019-07-11 17:57:08,546 - CPE16-SIN-MPLSONLY - INFO - CPE NAME:CPE16-SIN-MPLSONLY
2019-07-11 17:57:09,546 - CPE16-SIN-MPLSONLY - INFO - SOLUTION SELECTED:SINGLE-CPE-MPLS-ONLY
2019-07-11 17:57:10,720 - CPE16-SIN-MPLSONLY - INFO - {u'versanms.sdwan-org-workflow': {u'ikeAuthType': u'psk', u'globalId': 72, u'orgName': u'IPC00172', u'controllers': [u'NV-WC01-N1-HKG', u'NV-WC01-N6-SIN', u'NV-WC02-N1-HKG', u'NV-WC02-N6-SIN'], u'bandwidth': 10, u'parentOrg': u'Colt', u'vrfs': [{u'name': u'LAN1-VRF', u'enableVPN': True, u'id': 840}, {u'name': u'LAN2-VRF', u'enableVPN': True, u'id': 841}], u'solutionTier': u'base-sdwan', u'sharedControlPlane': False}}
2019-07-11 17:57:10,947 - CPE16-SIN-MPLSONLY - INFO - {u'versanms.sdwan-org-workflow': {u'ikeAuthType': u'psk', u'globalId': 72, u'orgName': u'IPC00172', u'controllers': [u'NV-WC01-N1-HKG', u'NV-WC01-N6-SIN', u'NV-WC02-N1-HKG', u'NV-WC02-N6-SIN'], u'bandwidth': 10, u'parentOrg': u'Colt', u'vrfs': [{u'name': u'LAN1-VRF', u'enableVPN': True, u'id': 840}, {u'name': u'LAN2-VRF', u'enableVPN': True, u'id': 841}], u'solutionTier': u'base-sdwan', u'sharedControlPlane': False}}
2019-07-11 17:57:11,171 - CPE16-SIN-MPLSONLY - INFO - {u'versanms.sdwan-org-workflow': {u'ikeAuthType': u'psk', u'globalId': 72, u'orgName': u'IPC00172', u'controllers': [u'NV-WC01-N1-HKG', u'NV-WC01-N6-SIN', u'NV-WC02-N1-HKG', u'NV-WC02-N6-SIN'], u'bandwidth': 10, u'parentOrg': u'Colt', u'vrfs': [{u'name': u'LAN1-VRF', u'enableVPN': True, u'id': 840}, {u'name': u'LAN2-VRF', u'enableVPN': True, u'id': 841}], u'solutionTier': u'base-sdwan', u'sharedControlPlane': False}}
2019-07-11 17:57:11,171 - CPE16-SIN-MPLSONLY - INFO - 
STEP : PRE-ONBOARD WORK

2019-07-11 17:57:11,216 - CPE16-SIN-MPLSONLY - INFO - 
sudo /opt/versa/scripts/staging.py -w 1 -c 10.63.77.14 -s 172.16.7.62/30 -g 172.16.7.61 -l IPC00172-CPE16-SIN-MPLSONLY@colt.net -lk CPE16-SIN-MPLSONLY  -r NV-WC02-N6-SIN@colt.net -rk 1234

2019-07-11 17:57:11,216 - CPE16-SIN-MPLSONLY - INFO - {
	"versanms.sdwan-device-workflow": {
		"deviceName": "CPE16-SIN-MPLSONLY",
		"siteId": "2016",
		"orgName": "IPC00172",
		"serialNumber": "CPE16KSA",
		"deviceGroup": "IPC00172-SIN-PS-M-DG-V120",
		"locationInfo": {
			"state": "karnataka",
			"country": "india",
			"longitude": "77.594563",
			"latitude": "12.971599",
			"city": "bangalore"
		},
		"postStagingTemplateInfo": {
			"templateName": "IPC00172-SIN-PS-M-V120",
			"templateData": {
				"device-template-variable": {
					"template": "IPC00172-SIN-PS-M-V120",
					"variable-binding": {
						"attrs": [
						
						    
						    
						    
						{ "name": "{$v_vni-0-2_LAN1_Unit-0__unit}", "value": "650", "isAutogeneratable": false},
						{ "name": "{$v_vni-0-2_LAN1_Unit-0__vlanId}", "value": "650", "isAutogeneratable": false },
						
						{
							"name": "{$v_IPC00172-Control-VR_16_Router_ID__vrRouteId}",
							"value": "20.20.72.16",
							"isAutogeneratable": true,
							"isOverwritten": false
						}, {
							"name": "{$v_IPC00172_NV-WC01-N6-SIN_Local_auth_email_key__IKELKey}",
							"value": "CPE16-SIN-MPLSONLY",
							"isAutogeneratable": true
						}, {
							"name": "{$v_IPC00172_NV-WC02-N6-SIN_Local_auth_email_key__IKELKey}",
							"value": "CPE16-SIN-MPLSONLY",
							"isAutogeneratable": true
						},
						
						
						
						{ "name": "{$v_LAN1_IPv4__staticaddress}", "value": "192.169.151.1/24", "isAutogeneratable": false},
						
						{
							"name": "{$v_IPC00172_NV-WC02-N6-SIN_Local_auth_email_identifier__IKELIdentifier}",
							"value": "CPE16-SIN-MPLSONLY@colt.net",
							"isAutogeneratable": true
						}, {
							"name": "{$v_Site_Id__siteSiteID}",
							"value": "2016",
							"isAutogeneratable": true
						}, {
							"name": "{$v_IPC00172_NV-WC01-N6-SIN_Local_auth_email_identifier__IKELIdentifier}",
							"value": "CPE16-SIN-MPLSONLY@colt.net",
							"isAutogeneratable": true
						}, {
							"name": "{$v_IPC00172_Site_Name__sitesSiteName}",
							"value": "CPE16-SIN-MPLSONLY",
							"isAutogeneratable": true
						}, {
							"name": "{$v_latitude__IdLatitude}",
							"value": "12.971599",
							"isAutogeneratable": true
						}, {
							"name": "{$v_identification__IdName}",
							"value": "CPE16-SIN-MPLSONLY",
							"isAutogeneratable": true
						}, {
						    "name": "{$v_tvi-0-144_-_Unit_0_Static_address__tunnelStaticAddress}",
							"value": "10.10.72.16/32",
							"isAutogeneratable": true,
							"isOverwritten": false
						}, {
							"name": "{$v_Chassis_Id__sitesChassisId}",
							"value": "CPE16KSA",
							"isAutogeneratable": true
						}, {
							"name": "{$v_longitude__Idlongitude}",
							"value": "77.594563",
							"isAutogeneratable": true
						}, {
							"name": "{$v_location__IdLocation}",
							"value": "bangalore,karnataka, india",
							"isAutogeneratable": true
						}, {
							"name": "{$v_IPC00172-Control-VR_72_Local_address__vrRouterAddress}",
							"value": "20.20.72.16",
							"isAutogeneratable": true,
							"isOverwritten": false
						}, {
							"name": "{$v_MPLS-WAN-Transport-VR_IPv4__vrHopAddress}",
							"value": "172.16.7.61",
							"isAutogeneratable": false
						}, {
							"name": "{$v_MPLS-WAN_IPv4__staticaddress}",
							"value": "172.16.7.62/30",
							"isAutogeneratable": false
						}, {
							"name": "{$v_tvi-0-145_-_Unit_0_Static_address__tunnelStaticAddress}",
							"value": "20.20.72.16/32",
							"isAutogeneratable": true,
							"isOverwritten": false
						}]
					}
				},
				"variableMetadata": [
                
                
                
				{"variable": "{$v_vni-0-2_LAN1_Unit-0__vlanId}", "group": "Vlan Info", "overlay": false, "type": "INTEGER"},
                
				{
					"variable": "{$v_IPC00172-Control-VR_72_Router_ID__vrRouteId}",
					"group": "Virtual Routers",
					"overlay": true,
					"type": "IPV4"
				}, {
					"variable": "{$v_IPC00172_NV-WC01-N6-SIN_Local_auth_email_key__IKELKey}",
					"group": "IPSEC",
					"overlay": false
				}, {
					"variable": "{$v_IPC00172_NV-WC02-N6-SIN_Local_auth_email_key__IKELKey}",
					"group": "IPSEC",
					"overlay": false
				},
			{
					"variable": "{$v_LAN1_IPv4__staticaddress}", "group": "Interfaces", "overlay": false, "type": "IPV4_MASK"
				},
            
				 {
					"variable": "{$v_IPC00172_NV-WC02-N6-SIN_Local_auth_email_identifier__IKELIdentifier}",
					"group": "IPSEC",
					"overlay": false
				}, {
					"variable": "{$v_Site_Id__siteSiteID}",
					"group": "SDWAN",
					"overlay": false
				}, {
					"variable": "{$v_IPC00172_NV-WC01-N6-SIN_Local_auth_email_identifier__IKELIdentifier}",
					"group": "IPSEC",
					"overlay": false
				}, {
					"variable": "{$v_IPC00172_Site_Name__sitesSiteName}",
					"group": "SDWAN",
					"overlay": false
				}, {
					"variable": "{$v_latitude__IdLatitude}",
					"group": "SDWAN",
					"overlay": false
				}, {
					"variable": "{$v_identification__IdName}",
					"group": "SDWAN",
					"overlay": false
				}, {
					"variable": "{$v_tvi-0-144_-_Unit_0_Static_address__tunnelStaticAddress}",
					"group": "Interfaces",
					"overlay": true,
					"type": "IPV4_IPV6_MASK"
				}, {
					"variable": "{$v_Chassis_Id__sitesChassisId}",
					"group": "SDWAN",
					"overlay": false
				}, {
					"variable": "{$v_longitude__Idlongitude}",
					"group": "SDWAN",
					"overlay": false
				}, {
					"variable": "{$v_location__IdLocation}",
					"group": "SDWAN",
					"overlay": false
				}, {
					"variable": "{$v_IPC00172-Control-VR_72_Local_address__vrRouterAddress}",
					"group": "Virtual Routers",
					"overlay": true,
					"type": "IPV4"
				}, {
					"variable": "{$v_MPLS-WAN-Transport-VR_IPv4__vrHopAddress}",
					"group": "Virtual Routers",
					"overlay": false,
					"type": "IPV4_IPV6"
				}, {
					"variable": "{$v_tvi-0-145_-_Unit_0_Static_address__tunnelStaticAddress}",
					"group": "Interfaces",
					"overlay": true,
					"type": "IPV4_IPV6_MASK"
				}]
			}
		}
	}
}
2019-07-11 17:57:17,898 - CPE16-SIN-MPLSONLY - INFO - <Response [200]>
2019-07-11 17:57:17,900 - CPE16-SIN-MPLSONLY - INFO - PASS
2019-07-11 17:57:28,094 - CPE16-SIN-MPLSONLY - INFO - 20875
2019-07-11 17:57:38,608 - CPE16-SIN-MPLSONLY - INFO - Device deployed
2019-07-11 17:57:39,398 - CPE16-SIN-MPLSONLY - INFO - {u'versanms.sdwan-device-workflow': {u'postStagingTemplateInfo': {u'templateData': {u'device-template-variable': {u'variable-binding': {u'attrs': [{u'isAutogeneratable': False, u'name': u'{$v_vni-0-2_LAN1_Unit-0__unit}', u'value': 650}, {u'isAutogeneratable': True, u'name': u'{$v_IPC00172_NV-WC01-N6-SIN_Local_auth_email_identifier__IKELIdentifier}', u'value': u'CPE16-SIN-MPLSONLY@colt.net'}, {u'isAutogeneratable': True, u'isOverwritten': True, u'name': u'{$v_tvi-0-144_-_Unit_0_Static_address__tunnelStaticAddress}', u'value': u'10.10.72.16/32'}, {u'isAutogeneratable': True, u'name': u'{$v_IPC00172_NV-WC02-N6-SIN_Local_auth_email_identifier__IKELIdentifier}', u'value': u'CPE16-SIN-MPLSONLY@colt.net'}, {u'isAutogeneratable': True, u'name': u'{$v_IPC00172_NV-WC01-N6-SIN_Local_auth_email_key__IKELKey}', u'value': u'CPE16-SIN-MPLSONLY'}, {u'isAutogeneratable': True, u'isOverwritten': False, u'name': u'{$v_IPC00172-Control-VR_72_Router_ID__vrRouteId}', u'value': u'10.72.71.224'}, {u'isAutogeneratable': False, u'name': u'{$v_vni-0-2_LAN1_Unit-0__vlanId}', u'value': 650}, {u'isAutogeneratable': True, u'name': u'{$v_Chassis_Id__sitesChassisId}', u'value': u'CPE16KSA'}, {u'isAutogeneratable': True, u'name': u'{$v_longitude__Idlongitude}', u'value': 77.594563}, {u'isAutogeneratable': True, u'name': u'{$v_IPC00172_NV-WC02-N6-SIN_Local_auth_email_key__IKELKey}', u'value': u'CPE16-SIN-MPLSONLY'}, {u'isAutogeneratable': True, u'isOverwritten': True, u'name': u'{$v_IPC00172-Control-VR_72_Local_address__vrRouterAddress}', u'value': u'20.20.72.16'}, {u'isAutogeneratable': True, u'name': u'{$v_location__IdLocation}', u'value': u'bangalore,karnataka, india'}, {u'isAutogeneratable': False, u'name': u'{$v_MPLS-WAN-Transport-VR_IPv4__vrHopAddress}', u'value': u'172.16.7.61'}, {u'isAutogeneratable': True, u'name': u'{$v_IPC00172_Site_Name__sitesSiteName}', u'value': u'CPE16-SIN-MPLSONLY'}, {u'isAutogeneratable': True, u'name': u'{$v_Site_Id__siteSiteID}', u'value': 2016}, {u'isAutogeneratable': False, u'name': u'{$v_MPLS-WAN_IPv4__staticaddress}', u'value': u'172.16.7.62/30'}, {u'isAutogeneratable': True, u'isOverwritten': True, u'name': u'{$v_tvi-0-145_-_Unit_0_Static_address__tunnelStaticAddress}', u'value': u'20.20.72.16/32'}, {u'isAutogeneratable': False, u'name': u'{$v_LAN1_IPv4__staticaddress}', u'value': u'192.169.151.1/24'}, {u'isAutogeneratable': True, u'name': u'{$v_latitude__IdLatitude}', u'value': 12.971599}, {u'isAutogeneratable': True, u'name': u'{$v_identification__IdName}', u'value': u'CPE16-SIN-MPLSONLY'}]}, u'template': u'IPC00172-SIN-PS-M-V120'}, u'variableMetadata': [{u'variable': u'{$v_vni-0-2_LAN1_Unit-0__unit}', u'type': u'INTEGER', u'group': u'Vlan Info', u'overlay': False}, {u'variable': u'{$v_IPC00172_NV-WC01-N6-SIN_Local_auth_email_identifier__IKELIdentifier}', u'group': u'IPSEC', u'overlay': False}, {u'variable': u'{$v_tvi-0-144_-_Unit_0_Static_address__tunnelStaticAddress}', u'type': u'IPV4_IPV6_MASK', u'group': u'Interfaces', u'overlay': True}, {u'variable': u'{$v_IPC00172_NV-WC02-N6-SIN_Local_auth_email_identifier__IKELIdentifier}', u'group': u'IPSEC', u'overlay': False}, {u'variable': u'{$v_IPC00172_NV-WC01-N6-SIN_Local_auth_email_key__IKELKey}', u'group': u'IPSEC', u'overlay': False}, {u'variable': u'{$v_IPC00172-Control-VR_72_Router_ID__vrRouteId}', u'type': u'IPV4', u'group': u'Virtual routers', u'overlay': True}, {u'variable': u'{$v_vni-0-2_LAN1_Unit-0__vlanId}', u'type': u'INTEGER', u'group': u'Vlan Info', u'overlay': False}, {u'variable': u'{$v_Chassis_Id__sitesChassisId}', u'group': u'SDWAN', u'overlay': False}, {u'variable': u'{$v_longitude__Idlongitude}', u'group': u'SDWAN', u'overlay': False}, {u'variable': u'{$v_IPC00172_NV-WC02-N6-SIN_Local_auth_email_key__IKELKey}', u'group': u'IPSEC', u'overlay': False}, {u'variable': u'{$v_IPC00172-Control-VR_72_Local_address__vrRouterAddress}', u'type': u'IPV4', u'group': u'Virtual routers', u'overlay': True}, {u'variable': u'{$v_location__IdLocation}', u'group': u'SDWAN', u'overlay': False}, {u'variable': u'{$v_MPLS-WAN-Transport-VR_IPv4__vrHopAddress}', u'type': u'IPV4_IPV6', u'group': u'Virtual routers', u'overlay': False}, {u'variable': u'{$v_IPC00172_Site_Name__sitesSiteName}', u'group': u'SDWAN', u'overlay': False}, {u'variable': u'{$v_Site_Id__siteSiteID}', u'group': u'SDWAN', u'overlay': False}, {u'variable': u'{$v_MPLS-WAN_IPv4__staticaddress}', u'type': u'IPV4_MASK', u'group': u'Interfaces', u'overlay': False}, {u'variable': u'{$v_tvi-0-145_-_Unit_0_Static_address__tunnelStaticAddress}', u'type': u'IPV4_IPV6_MASK', u'group': u'Interfaces', u'overlay': True}, {u'variable': u'{$v_LAN1_IPv4__staticaddress}', u'type': u'IPV4_MASK', u'group': u'Interfaces', u'overlay': False}, {u'variable': u'{$v_latitude__IdLatitude}', u'group': u'SDWAN', u'overlay': False}, {u'variable': u'{$v_identification__IdName}', u'group': u'SDWAN', u'overlay': False}]}, u'templateName': u'IPC00172-SIN-PS-M-V120'}, u'deviceName': u'CPE16-SIN-MPLSONLY', u'deviceGroup': u'IPC00172-SIN-PS-M-DG-V120', u'orgName': u'IPC00172', u'serialNumber': u'CPE16KSA', u'locationInfo': {u'latitude': 12.971599, u'country': u'india', u'state': u'karnataka', u'longitude': 77.594563, u'city': u'bangalore'}, u'siteId': 2016, u'instanceInfo': u'', u'stagingTemplateInfo': u'', u'urlztpBasedInfo': {u'authType': u'psk', u'enableIpv4Dhcp': False, u'branchKey': u'sWBIbCIanlxqkxJz', u'branchId': u'CPE16-SIN-MPLSONLY@IPC00172.com', u'enableIpv6': False, u'enableIpv4': False, u'enableIpv6Dhcp': False}}}
2019-07-11 17:57:58,924 - CPE16-SIN-MPLSONLY - INFO - configure private
Entering configuration mode private
[ok][2019-07-11 12:09:21]

[edit]
Administrator@VDir-BLR-NEW-01% 
2019-07-11 17:58:01,125 - CPE16-SIN-MPLSONLY - INFO - True
2019-07-11 17:58:01,927 - CPE16-SIN-MPLSONLY - INFO - set devices device NV-WC02-N6-SIN config orgs org-services Colt ipsec vpn-profile MPLS-WAN-NV-WC02-N6-SIN-StagingIpsec psk-auth-clients remote-client IPC00172-CPE16-SIN-MPLSONLY@colt.net id-type email
[ok][2019-07-11 12:09:26]

[edit]
Administrator@VDir-BLR-NEW-01% 
2019-07-11 17:58:02,533 - CPE16-SIN-MPLSONLY - INFO - set devices device NV-WC02-N6-SIN config orgs org-services Colt ipsec vpn-profile MPLS-WAN-NV-WC02-N6-SIN-StagingIpsec psk-auth-clients remote-client IPC00172-CPE16-SIN-MPLSONLY@colt.net key CPE16-SIN-MPLSONLY 
[ok][2019-07-11 12:09:27]

[edit]
Administrator@VDir-BLR-NEW-01% 
2019-07-11 17:58:11,799 - CPE16-SIN-MPLSONLY - INFO - commit and-quit
Commit complete.
[ok][2019-07-11 12:09:36]
Administrator@VDir-BLR-NEW-01> 
2019-07-11 17:58:11,914 - CPE16-SIN-MPLSONLY - INFO - 
STEP : ONBOARD CALL

2019-07-11 17:58:11,918 - CPE16-SIN-MPLSONLY - INFO - 
sudo /opt/versa/scripts/staging.py -w 1 -c 10.63.77.14 -s 172.16.7.62/30 -g 172.16.7.61 -l IPC00172-CPE16-SIN-MPLSONLY@colt.net -lk CPE16-SIN-MPLSONLY  -r NV-WC02-N6-SIN@colt.net -rk 1234

