2019-06-07 15:15:30,124 - CPE11-HKG-INTONLY - INFO - CPE NAME:CPE11-HKG-INTONLY
2019-06-07 15:15:31,125 - CPE11-HKG-INTONLY - INFO - SOLUTION SELECTED:SINGLE-CPE-HYBRID
2019-06-07 15:15:32,226 - CPE11-HKG-INTONLY - INFO - {u'versanms.sdwan-org-workflow': {u'ikeAuthType': u'psk', u'globalId': 71, u'orgName': u'IPC00171', u'controllers': [u'NV-WC01-N1-HKG', u'NV-WC01-N6-SIN', u'NV-WC02-N1-HKG', u'NV-WC02-N6-SIN'], u'bandwidth': 10, u'parentOrg': u'Colt', u'vrfs': [{u'name': u'LAN1-VRF', u'enableVPN': True, u'id': 830}, {u'name': u'LAN2-VRF', u'enableVPN': True, u'id': 831}], u'solutionTier': u'base-sdwan', u'sharedControlPlane': False}}
2019-06-07 15:15:32,427 - CPE11-HKG-INTONLY - INFO - {u'versanms.sdwan-org-workflow': {u'ikeAuthType': u'psk', u'globalId': 71, u'orgName': u'IPC00171', u'controllers': [u'NV-WC01-N1-HKG', u'NV-WC01-N6-SIN', u'NV-WC02-N1-HKG', u'NV-WC02-N6-SIN'], u'bandwidth': 10, u'parentOrg': u'Colt', u'vrfs': [{u'name': u'LAN1-VRF', u'enableVPN': True, u'id': 830}, {u'name': u'LAN2-VRF', u'enableVPN': True, u'id': 831}], u'solutionTier': u'base-sdwan', u'sharedControlPlane': False}}
2019-06-07 15:15:32,674 - CPE11-HKG-INTONLY - INFO - {u'versanms.sdwan-org-workflow': {u'ikeAuthType': u'psk', u'globalId': 71, u'orgName': u'IPC00171', u'controllers': [u'NV-WC01-N1-HKG', u'NV-WC01-N6-SIN', u'NV-WC02-N1-HKG', u'NV-WC02-N6-SIN'], u'bandwidth': 10, u'parentOrg': u'Colt', u'vrfs': [{u'name': u'LAN1-VRF', u'enableVPN': True, u'id': 830}, {u'name': u'LAN2-VRF', u'enableVPN': True, u'id': 831}], u'solutionTier': u'base-sdwan', u'sharedControlPlane': False}}
2019-06-07 15:15:32,674 - CPE11-HKG-INTONLY - INFO - 
STEP : PRE-ONBOARD WORK

2019-06-07 15:15:32,727 - CPE11-HKG-INTONLY - INFO - 
sudo /opt/versa/scripts/staging.py -w 2 -c 10.83.130.49 -s 172.16.6.42/30 -g 172.16.6.41 -l IPC00171-CPE11-HKG-INTONLY@colt.net -lk CPE11-HKG-INTONLY  -r NV-WC01-N1-HKG@colt.net -rk 1234

2019-06-07 15:15:32,727 - CPE11-HKG-INTONLY - INFO - {
	"versanms.sdwan-device-workflow": {
		"deviceName": "CPE11-HKG-INTONLY",
		"siteId": "2111",
		"orgName": "IPC00171",
		"serialNumber": "CPE11KSAB",
		"deviceGroup": "IPC00171-HKG-PS-HS-LIB-DG",
		"locationInfo": {
			"state": "karnataka",
			"country": "india",
			"longitude": "77.594563",
			"latitude": "12.971599",
			"city": "bangalore"
		},
		"postStagingTemplateInfo": {
			"templateName": "IPC00171-HKG-PS-HS-LIB",
			"templateData": {
				"device-template-variable": {
					"template": "IPC00171-HKG-PS-HS-LIB",
					"variable-binding": {
						"attrs": [{
							"name": "{$v_INT-WAN_IPv4__staticaddress}",
							"value": "172.16.6.42/30",
							"isAutogeneratable": false
						},
						
						    
						    
						    
						{ "name": "{$v_vni-0-4_LAN1_Unit-0__unit}", "value": "600", "isAutogeneratable": false},
						{ "name": "{$v_vni-0-4_LAN1_Unit-0__vlanId}", "value": "600", "isAutogeneratable": false },
						
						{
							"name": "{$v_IPC00171-Control-VR_16_Router_ID__vrRouteId}",
							"value": "20.20.71.11",
							"isAutogeneratable": true,
							"isOverwritten": false
						}, {
							"name": "{$v_IPC00171_NV-WC01-N1-HKG_Local_auth_email_key__IKELKey}",
							"value": "CPE11-HKG-INTONLY",
							"isAutogeneratable": true
						}, {
							"name": "{$v_IPC00171_NV-WC02-N1-HKG_Local_auth_email_key__IKELKey}",
							"value": "CPE11-HKG-INTONLY",
							"isAutogeneratable": true
						},
						
						
						
						{ "name": "{$v_LAN1_IPv4__staticaddress}", "value": "192.169.101.1/24", "isAutogeneratable": false},
						
						{
							"name": "{$v_IPC00171_NV-WC02-N1-HKG_Local_auth_email_identifier__IKELIdentifier}",
							"value": "CPE11-HKG-INTONLY@colt.net",
							"isAutogeneratable": true
						}, {
							"name": "{$v_Site_Id__siteSiteID}",
							"value": "2111",
							"isAutogeneratable": true
						}, {
							"name": "{$v_IPC00171_NV-WC01-N1-HKG_Local_auth_email_identifier__IKELIdentifier}",
							"value": "CPE11-HKG-INTONLY@colt.net",
							"isAutogeneratable": true
						}, {
							"name": "{$v_IPC00171_Site_Name__sitesSiteName}",
							"value": "CPE11-HKG-INTONLY",
							"isAutogeneratable": true
						}, {
							"name": "{$v_latitude__IdLatitude}",
							"value": "12.971599",
							"isAutogeneratable": true
						}, {
							"name": "{$v_identification__IdName}",
							"value": "CPE11-HKG-INTONLY",
							"isAutogeneratable": true
						}, {
							"name": "{$v_INT-WAN-Transport-VR_IPv4__vrHopAddress}",
							"value": "172.16.6.41",
							"isAutogeneratable": false
						},	{
						    "name": "{$v_tvi-0-142_-_Unit_0_Static_address__tunnelStaticAddress}",
							"value": "10.10.71.11/32",
							"isAutogeneratable": true,
							"isOverwritten": false
						}, {
							"name": "{$v_Chassis_Id__sitesChassisId}",
							"value": "CPE11KSAB",
							"isAutogeneratable": true
						}, {
							"name": "{$v_longitude__Idlongitude}",
							"value": "77.594563",
							"isAutogeneratable": true
						}, {
							"name": "{$v_location__IdLocation}",
							"value": "bangalore,karnataka, india",
							"isAutogeneratable": true
						}, {
							"name": "{$v_IPC00171-Control-VR_71_Local_address__vrRouterAddress}",
							"value": "20.20.71.11",
							"isAutogeneratable": true,
							"isOverwritten": false
						}, {
							"name": "{$v_MPLS-WAN-Transport-VR_IPv4__vrHopAddress}",
							"value": "172.16.7.41",
							"isAutogeneratable": false
						}, {
							"name": "{$v_MPLS-WAN_IPv4__staticaddress}",
							"value": "172.16.7.42/30",
							"isAutogeneratable": false
						}, {
							"name": "{$v_tvi-0-143_-_Unit_0_Static_address__tunnelStaticAddress}",
							"value": "20.20.71.11/32",
							"isAutogeneratable": true,
							"isOverwritten": false
						}]
					}
				},
				"variableMetadata": [{
					"variable": "{$v_INT-WAN_IPv4__staticaddress}",
					"group": "Interfaces",
					"overlay": false,
					"type": "IPV4_MASK"
				},
                
                
                
				{"variable": "{$v_vni-0-4_LAN1_Unit-0__vlanId}", "group": "Vlan Info", "overlay": false, "type": "INTEGER"},
                
				{
					"variable": "{$v_IPC00171-Control-VR_71_Router_ID__vrRouteId}",
					"group": "Virtual Routers",
					"overlay": true,
					"type": "IPV4"
				}, {
					"variable": "{$v_IPC00171_NV-WC01-N1-HKG_Local_auth_email_key__IKELKey}",
					"group": "IPSEC",
					"overlay": false
				}, {
					"variable": "{$v_IPC00171_NV-WC02-N1-HKG_Local_auth_email_key__IKELKey}",
					"group": "IPSEC",
					"overlay": false
				},
			{
					"variable": "{$v_LAN1_IPv4__staticaddress}", "group": "Interfaces", "overlay": false, "type": "IPV4_MASK"
				},
            
				 {
					"variable": "{$v_IPC00171_NV-WC02-N1-HKG_Local_auth_email_identifier__IKELIdentifier}",
					"group": "IPSEC",
					"overlay": false
				}, {
					"variable": "{$v_Site_Id__siteSiteID}",
					"group": "SDWAN",
					"overlay": false
				}, {
					"variable": "{$v_IPC00171_NV-WC01-N1-HKG_Local_auth_email_identifier__IKELIdentifier}",
					"group": "IPSEC",
					"overlay": false
				}, {
					"variable": "{$v_IPC00171_Site_Name__sitesSiteName}",
					"group": "SDWAN",
					"overlay": false
				}, {
					"variable": "{$v_latitude__IdLatitude}",
					"group": "SDWAN",
					"overlay": false
				}, {
					"variable": "{$v_identification__IdName}",
					"group": "SDWAN",
					"overlay": false
				}, {
					"variable": "{$v_INT-WAN-Transport-VR_IPv4__vrHopAddress}",
					"group": "Virtual Routers",
					"overlay": false,
					"type": "IPV4_IPV6"
				}, {
					"variable": "{$v_tvi-0-142_-_Unit_0_Static_address__tunnelStaticAddress}",
					"group": "Interfaces",
					"overlay": true,
					"type": "IPV4_IPV6_MASK"
				}, {
					"variable": "{$v_Chassis_Id__sitesChassisId}",
					"group": "SDWAN",
					"overlay": false
				}, {
					"variable": "{$v_longitude__Idlongitude}",
					"group": "SDWAN",
					"overlay": false
				}, {
					"variable": "{$v_location__IdLocation}",
					"group": "SDWAN",
					"overlay": false
				}, {
					"variable": "{$v_IPC00171-Control-VR_71_Local_address__vrRouterAddress}",
					"group": "Virtual Routers",
					"overlay": true,
					"type": "IPV4"
				}, {
					"variable": "{$v_MPLS-WAN-Transport-VR_IPv4__vrHopAddress}",
					"group": "Virtual Routers",
					"overlay": false,
					"type": "IPV4_IPV6"
				}, {
					"variable": "{$v_tvi-0-143_-_Unit_0_Static_address__tunnelStaticAddress}",
					"group": "Interfaces",
					"overlay": true,
					"type": "IPV4_IPV6_MASK"
				}]
			}
		}
	}
}
2019-06-07 15:15:40,403 - CPE11-HKG-INTONLY - INFO - <Response [200]>
2019-06-07 15:15:40,403 - CPE11-HKG-INTONLY - INFO - PASS
2019-06-07 15:15:50,642 - CPE11-HKG-INTONLY - INFO - 20562
2019-06-07 15:16:01,104 - CPE11-HKG-INTONLY - INFO - Device deployed
2019-06-07 15:16:01,885 - CPE11-HKG-INTONLY - INFO - {u'versanms.sdwan-device-workflow': {u'postStagingTemplateInfo': {u'templateData': {u'device-template-variable': {u'variable-binding': {u'attrs': [{u'isAutogeneratable': False, u'name': u'{$v_INT-WAN-Transport-VR_IPv4__vrHopAddress}', u'value': u'172.16.6.41'}, {u'isAutogeneratable': True, u'name': u'{$v_IPC00171_NV-WC02-N1-HKG_Local_auth_email_key__IKELKey}', u'value': u'CPE11-HKG-INTONLY'}, {u'isAutogeneratable': False, u'name': u'{$v_vni-0-4_LAN1_Unit-0__vlanId}', u'value': 600}, {u'isAutogeneratable': True, u'name': u'{$v_Chassis_Id__sitesChassisId}', u'value': u'CPE11KSAB'}, {u'isAutogeneratable': False, u'name': u'{$v_INT-WAN_IPv4__staticaddress}', u'value': u'172.16.6.42/30'}, {u'isAutogeneratable': True, u'isOverwritten': True, u'name': u'{$v_IPC00171-Control-VR_71_Local_address__vrRouterAddress}', u'value': u'20.20.71.11'}, {u'isAutogeneratable': True, u'name': u'{$v_longitude__Idlongitude}', u'value': 77.594563}, {u'isAutogeneratable': True, u'name': u'{$v_IPC00171_NV-WC01-N1-HKG_Local_auth_email_key__IKELKey}', u'value': u'CPE11-HKG-INTONLY'}, {u'isAutogeneratable': True, u'isOverwritten': True, u'name': u'{$v_tvi-0-143_-_Unit_0_Static_address__tunnelStaticAddress}', u'value': u'20.20.71.11/32'}, {u'isAutogeneratable': True, u'name': u'{$v_IPC00171_NV-WC02-N1-HKG_Local_auth_email_identifier__IKELIdentifier}', u'value': u'CPE11-HKG-INTONLY@colt.net'}, {u'isAutogeneratable': True, u'name': u'{$v_location__IdLocation}', u'value': u'bangalore,karnataka, india'}, {u'isAutogeneratable': True, u'isOverwritten': False, u'name': u'{$v_IPC00171-Control-VR_71_Router_ID__vrRouteId}', u'value': u'10.71.72.63'}, {u'isAutogeneratable': False, u'name': u'{$v_MPLS-WAN-Transport-VR_IPv4__vrHopAddress}', u'value': u'172.16.7.41'}, {u'isAutogeneratable': False, u'name': u'{$v_vni-0-4_LAN1_Unit-0__unit}', u'value': 600}, {u'isAutogeneratable': True, u'name': u'{$v_IPC00171_Site_Name__sitesSiteName}', u'value': u'CPE11-HKG-INTONLY'}, {u'isAutogeneratable': True, u'name': u'{$v_Site_Id__siteSiteID}', u'value': 2111}, {u'isAutogeneratable': True, u'isOverwritten': True, u'name': u'{$v_tvi-0-142_-_Unit_0_Static_address__tunnelStaticAddress}', u'value': u'10.10.71.11/32'}, {u'isAutogeneratable': False, u'name': u'{$v_MPLS-WAN_IPv4__staticaddress}', u'value': u'172.16.7.42/30'}, {u'isAutogeneratable': True, u'name': u'{$v_IPC00171_NV-WC01-N1-HKG_Local_auth_email_identifier__IKELIdentifier}', u'value': u'CPE11-HKG-INTONLY@colt.net'}, {u'isAutogeneratable': False, u'name': u'{$v_LAN1_IPv4__staticaddress}', u'value': u'192.169.101.1/24'}, {u'isAutogeneratable': True, u'name': u'{$v_latitude__IdLatitude}', u'value': 12.971599}, {u'isAutogeneratable': True, u'name': u'{$v_identification__IdName}', u'value': u'CPE11-HKG-INTONLY'}]}, u'template': u'IPC00171-HKG-PS-HS-LIB'}, u'variableMetadata': [{u'variable': u'{$v_INT-WAN-Transport-VR_IPv4__vrHopAddress}', u'type': u'IPV4_IPV6', u'group': u'Virtual routers', u'overlay': False}, {u'variable': u'{$v_IPC00171_NV-WC02-N1-HKG_Local_auth_email_key__IKELKey}', u'group': u'IPSEC', u'overlay': False}, {u'variable': u'{$v_vni-0-4_LAN1_Unit-0__vlanId}', u'type': u'INTEGER', u'group': u'Vlan Info', u'overlay': False}, {u'variable': u'{$v_Chassis_Id__sitesChassisId}', u'group': u'SDWAN', u'overlay': False}, {u'variable': u'{$v_INT-WAN_IPv4__staticaddress}', u'type': u'IPV4_MASK', u'group': u'Interfaces', u'overlay': False}, {u'variable': u'{$v_IPC00171-Control-VR_71_Local_address__vrRouterAddress}', u'type': u'IPV4', u'group': u'Virtual routers', u'overlay': True}, {u'variable': u'{$v_longitude__Idlongitude}', u'group': u'SDWAN', u'overlay': False}, {u'variable': u'{$v_IPC00171_NV-WC01-N1-HKG_Local_auth_email_key__IKELKey}', u'group': u'IPSEC', u'overlay': False}, {u'variable': u'{$v_tvi-0-143_-_Unit_0_Static_address__tunnelStaticAddress}', u'type': u'IPV4_IPV6_MASK', u'group': u'Interfaces', u'overlay': True}, {u'variable': u'{$v_IPC00171_NV-WC02-N1-HKG_Local_auth_email_identifier__IKELIdentifier}', u'group': u'IPSEC', u'overlay': False}, {u'variable': u'{$v_location__IdLocation}', u'group': u'SDWAN', u'overlay': False}, {u'variable': u'{$v_IPC00171-Control-VR_71_Router_ID__vrRouteId}', u'type': u'IPV4', u'group': u'Virtual routers', u'overlay': True}, {u'variable': u'{$v_MPLS-WAN-Transport-VR_IPv4__vrHopAddress}', u'type': u'IPV4_IPV6', u'group': u'Virtual routers', u'overlay': False}, {u'variable': u'{$v_vni-0-4_LAN1_Unit-0__unit}', u'type': u'INTEGER', u'group': u'Vlan Info', u'overlay': False}, {u'variable': u'{$v_IPC00171_Site_Name__sitesSiteName}', u'group': u'SDWAN', u'overlay': False}, {u'variable': u'{$v_Site_Id__siteSiteID}', u'group': u'SDWAN', u'overlay': False}, {u'variable': u'{$v_tvi-0-142_-_Unit_0_Static_address__tunnelStaticAddress}', u'type': u'IPV4_IPV6_MASK', u'group': u'Interfaces', u'overlay': True}, {u'variable': u'{$v_MPLS-WAN_IPv4__staticaddress}', u'type': u'IPV4_MASK', u'group': u'Interfaces', u'overlay': False}, {u'variable': u'{$v_IPC00171_NV-WC01-N1-HKG_Local_auth_email_identifier__IKELIdentifier}', u'group': u'IPSEC', u'overlay': False}, {u'variable': u'{$v_LAN1_IPv4__staticaddress}', u'type': u'IPV4_MASK', u'group': u'Interfaces', u'overlay': False}, {u'variable': u'{$v_latitude__IdLatitude}', u'group': u'SDWAN', u'overlay': False}, {u'variable': u'{$v_identification__IdName}', u'group': u'SDWAN', u'overlay': False}]}, u'templateName': u'IPC00171-HKG-PS-HS-LIB'}, u'deviceName': u'CPE11-HKG-INTONLY', u'deviceGroup': u'IPC00171-HKG-PS-HS-LIB-DG', u'orgName': u'IPC00171', u'serialNumber': u'CPE11KSAB', u'locationInfo': {u'latitude': 12.971599, u'country': u'india', u'state': u'karnataka', u'longitude': 77.594563, u'city': u'bangalore'}, u'siteId': 2111, u'instanceInfo': u'', u'stagingTemplateInfo': u'', u'urlztpBasedInfo': {u'authType': u'psk', u'enableIpv4Dhcp': False, u'branchKey': u'cDs4YA4Uz91wXn8v', u'branchId': u'CPE11-HKG-INTONLY@IPC00171.com', u'enableIpv6': False, u'enableIpv4': False, u'enableIpv6Dhcp': False}}}
2019-06-07 15:16:21,566 - CPE11-HKG-INTONLY - INFO - configure private
Entering configuration mode private
Current configuration users:
Administrator ssh (cli from 10.91.192.152) on since 2019-06-07 06:25:13 private mode
[ok][2019-06-07 07:19:13]

[edit]
Administrator@VDir-BLR-NEW-01% 
2019-06-07 15:16:23,782 - CPE11-HKG-INTONLY - INFO - True
2019-06-07 15:16:24,621 - CPE11-HKG-INTONLY - INFO - set devices device NV-WC01-N1-HKG config orgs org-services Colt ipsec vpn-profile INT-WAN-NV-WC01-N1-HKG-StagingIpsec psk-auth-clients remote-client IPC00171-CPE11-HKG-INTONLY@colt.net id-type email
[ok][2019-06-07 07:19:18]

[edit]
Administrator@VDir-BLR-NEW-01% 
2019-06-07 15:16:25,223 - CPE11-HKG-INTONLY - INFO - set devices device NV-WC01-N1-HKG config orgs org-services Colt ipsec vpn-profile INT-WAN-NV-WC01-N1-HKG-StagingIpsec psk-auth-clients remote-client IPC00171-CPE11-HKG-INTONLY@colt.net key CPE11-HKG-INTONLY
[ok][2019-06-07 07:19:19]

[edit]
Administrator@VDir-BLR-NEW-01% 
2019-06-07 15:16:29,634 - CPE11-HKG-INTONLY - INFO - commit and-quit
Commit complete.
[ok][2019-06-07 07:19:23]
Administrator@VDir-BLR-NEW-01> 
2019-06-07 15:16:29,717 - CPE11-HKG-INTONLY - INFO - 
STEP : ONBOARD CALL

2019-06-07 15:16:29,717 - CPE11-HKG-INTONLY - INFO - 
sudo /opt/versa/scripts/staging.py -w 2 -c 10.83.130.49 -s 172.16.6.42/30 -g 172.16.6.41 -l IPC00171-CPE11-HKG-INTONLY@colt.net -lk CPE11-HKG-INTONLY  -r NV-WC01-N1-HKG@colt.net -rk 1234

2019-06-07 15:23:59,747 - CPE11-HKG-INTONLY - INFO - 
 	 >>>>>>>>>>>> CPE ONBOARDING PASSED <<<<<<<<<<<<
 	 >>>>>>>>>>>>    CPE DETAILS        <<<<<<<<<<<<
2019-06-07 15:24:00,220 - CPE11-HKG-INTONLY - INFO - None
2019-06-07 15:24:00,220 - CPE11-HKG-INTONLY - INFO - CPE ONBOARDINIG SCRIPT COMPLETED
2019-06-07 15:24:00,220 - CPE11-HKG-INTONLY - INFO - Time elapsed: 0:08:33.330000

