2020-05-02 15:23:50,470 - VD1 - DEBUG - <netmiko.versa.versa_ssh.VersaSSH object at 0x00000000103BB588>
2020-05-02 15:23:55,680 - VD1 - DEBUG - versa: Automated@VDir-BLR-NEW-01>
2020-05-02 15:24:00,772 - CPE26-SIN-DUAL-CPE-HYB-IPC00190-P - DEBUG - <netmiko.versa.versa_ssh.VersaSSH object at 0x00000000103ED588>
2020-05-02 15:24:05,977 - CPE26-SIN-DUAL-CPE-HYB-IPC00190-P - DEBUG - versa: Automated@VDir-BLR-NEW-01>
2020-05-02 15:24:30,444 - CPE27-SIN-DUAL-CPE-HYB-IPC00190-S - DEBUG - <netmiko.versa.versa_ssh.VersaSSH object at 0x00000000104071D0>
2020-05-02 15:24:35,651 - CPE27-SIN-DUAL-CPE-HYB-IPC00190-S - DEBUG - versa: Automated@VDir-BLR-NEW-01>
2020-05-02 15:25:00,253 - CPE11-HKG-HYBRD-IPC00190 - DEBUG - <netmiko.versa.versa_ssh.VersaSSH object at 0x0000000010407278>
2020-05-02 15:25:05,470 - CPE11-HKG-HYBRD-IPC00190 - DEBUG - versa: Automated@VDir-BLR-NEW-01>
2020-05-02 15:25:54,913 - CPE26-SIN-DUAL-CPE-HYB-IPC00190-P - INFO - 
DELETE Service Object

2020-05-02 15:25:56,459 - CPE26-SIN-DUAL-CPE-HYB-IPC00190-P - ERROR - 
2020-05-02 15:25:56,460 - CPE26-SIN-DUAL-CPE-HYB-IPC00190-P - INFO - 
FAIL : 
2020-05-02 15:25:56,461 - CPE26-SIN-DUAL-CPE-HYB-IPC00190-P - INFO - >>>>>>>>>> ADDRESS OBJECT DELETION FAILED. <<<<<<<<<<<
2020-05-02 15:25:56,466 - CPE26-SIN-DUAL-CPE-HYB-IPC00190-P - INFO - 
DELETE IPaddress Object

2020-05-02 15:25:57,278 - CPE26-SIN-DUAL-CPE-HYB-IPC00190-P - ERROR - 
2020-05-02 15:25:57,280 - CPE26-SIN-DUAL-CPE-HYB-IPC00190-P - INFO - 
FAIL : 
2020-05-02 15:25:57,282 - CPE26-SIN-DUAL-CPE-HYB-IPC00190-P - INFO - >>>>>>>>>> ADDRESS OBJECT DELETION FAILED. <<<<<<<<<<<
2020-05-02 15:25:57,282 - CPE26-SIN-DUAL-CPE-HYB-IPC00190-P - INFO - 
DELETE IPaddress Object

2020-05-02 15:25:58,098 - CPE26-SIN-DUAL-CPE-HYB-IPC00190-P - ERROR - 
2020-05-02 15:25:58,101 - CPE26-SIN-DUAL-CPE-HYB-IPC00190-P - INFO - 
FAIL : 
2020-05-02 15:25:58,101 - CPE26-SIN-DUAL-CPE-HYB-IPC00190-P - INFO - >>>>>>>>>> ADDRESS OBJECT DELETION FAILED. <<<<<<<<<<<
2020-05-02 15:25:58,104 - CPE26-SIN-DUAL-CPE-HYB-IPC00190-P - INFO - 
DELETE FWD PROFILE

2020-05-02 15:25:58,917 - CPE26-SIN-DUAL-CPE-HYB-IPC00190-P - ERROR - 
2020-05-02 15:25:58,920 - CPE26-SIN-DUAL-CPE-HYB-IPC00190-P - INFO - 
FAIL : 
2020-05-02 15:25:58,920 - CPE26-SIN-DUAL-CPE-HYB-IPC00190-P - INFO - >>>>>>>>>> FORWARDING PROFILE DELETION FAILED. <<<<<<<<<<<
2020-05-02 15:25:58,921 - CPE26-SIN-DUAL-CPE-HYB-IPC00190-P - INFO - 
DELETE SLA profile

2020-05-02 15:25:59,736 - CPE26-SIN-DUAL-CPE-HYB-IPC00190-P - ERROR - 
2020-05-02 15:25:59,739 - CPE26-SIN-DUAL-CPE-HYB-IPC00190-P - INFO - 
FAIL : 
2020-05-02 15:25:59,740 - CPE26-SIN-DUAL-CPE-HYB-IPC00190-P - INFO - >>>>>>>>>> DELETE SLA Profile FAILED. <<<<<<<<<<<
