2020-02-27 17:51:49,555 - VD1 - DEBUG - <netmiko.versa.versa_ssh.VersaSSH object at 0x000000000D85DF98>
2020-02-27 17:51:54,756 - VD1 - DEBUG - versa: Automated@VDir-BLR-NEW-01>
2020-02-27 17:51:59,569 - CPE11-HKG-HYBRD-IPC00190 - DEBUG - <netmiko.versa.versa_ssh.VersaSSH object at 0x000000000D8BA080>
2020-02-27 17:52:04,772 - CPE11-HKG-HYBRD-IPC00190 - DEBUG - versa: Automated@VDir-BLR-NEW-01>
2020-02-27 17:52:28,661 - CPE12-HKG-HYBRD-IPC00190 - DEBUG - <netmiko.versa.versa_ssh.VersaSSH object at 0x000000000D8BAF60>
2020-02-27 17:52:33,862 - CPE12-HKG-HYBRD-IPC00190 - DEBUG - versa: Automated@VDir-BLR-NEW-01>
2020-02-27 17:53:47,174 - CPE11-HKG-HYBRD-IPC00190 - INFO - 
CREATE SLA profile

2020-02-27 17:53:48,967 - CPE11-HKG-HYBRD-IPC00190 - DEBUG - <Response [201]>
2020-02-27 17:53:48,969 - CPE11-HKG-HYBRD-IPC00190 - INFO - 
PASS
2020-02-27 17:53:48,970 - CPE11-HKG-HYBRD-IPC00190 - INFO - >>>>>>>>>> CREATE SLA Profile PASSED. <<<<<<<<<<<
2020-02-27 17:53:48,976 - CPE11-HKG-HYBRD-IPC00190 - INFO - 
CREATE FWD PROFILE

2020-02-27 17:53:50,892 - CPE11-HKG-HYBRD-IPC00190 - DEBUG - <Response [201]>
2020-02-27 17:53:50,894 - CPE11-HKG-HYBRD-IPC00190 - INFO - 
PASS
2020-02-27 17:53:50,894 - CPE11-HKG-HYBRD-IPC00190 - INFO - >>>>>>>>>> FORWARDING PROFILE CREATION PASSED. <<<<<<<<<<<
2020-02-27 17:53:50,898 - CPE11-HKG-HYBRD-IPC00190 - INFO - 
CREATE IPaddress Object

2020-02-27 17:53:52,835 - CPE11-HKG-HYBRD-IPC00190 - DEBUG - <Response [201]>
2020-02-27 17:53:52,836 - CPE11-HKG-HYBRD-IPC00190 - INFO - 
PASS
2020-02-27 17:53:52,838 - CPE11-HKG-HYBRD-IPC00190 - INFO - >>>>>>>>>> ADDRESS OBJECT CREATION PASSED. <<<<<<<<<<<
2020-02-27 17:53:52,842 - CPE11-HKG-HYBRD-IPC00190 - INFO - 
CREATE IPaddress Object

2020-02-27 17:53:55,368 - CPE11-HKG-HYBRD-IPC00190 - DEBUG - <Response [201]>
2020-02-27 17:53:55,368 - CPE11-HKG-HYBRD-IPC00190 - INFO - 
PASS
2020-02-27 17:53:55,369 - CPE11-HKG-HYBRD-IPC00190 - INFO - >>>>>>>>>> ADDRESS OBJECT CREATION PASSED. <<<<<<<<<<<
2020-02-27 17:53:55,380 - CPE11-HKG-HYBRD-IPC00190 - INFO - 
CREATE Policy rule

2020-02-27 17:53:57,423 - CPE11-HKG-HYBRD-IPC00190 - DEBUG - <Response [201]>
2020-02-27 17:53:57,424 - CPE11-HKG-HYBRD-IPC00190 - INFO - 
PASS
2020-02-27 17:53:57,424 - CPE11-HKG-HYBRD-IPC00190 - INFO - >>>>>>>>>> CREATE POLICY RULE PASSED. <<<<<<<<<<<
2020-02-27 17:56:47,316 - CPE11-HKG-HYBRD-IPC00190 - INFO - 
DELETE IPaddress Object

2020-02-27 17:56:51,157 - CPE11-HKG-HYBRD-IPC00190 - INFO - 
PASS
2020-02-27 17:56:51,157 - CPE11-HKG-HYBRD-IPC00190 - INFO - >>>>>>>>>> Policy rule DELETION PASSED. <<<<<<<<<<<
2020-02-27 17:56:51,161 - CPE11-HKG-HYBRD-IPC00190 - INFO - 
CREATE Policy rule

2020-02-27 17:56:53,280 - CPE11-HKG-HYBRD-IPC00190 - DEBUG - <Response [201]>
2020-02-27 17:56:53,280 - CPE11-HKG-HYBRD-IPC00190 - INFO - 
PASS
2020-02-27 17:56:53,280 - CPE11-HKG-HYBRD-IPC00190 - INFO - >>>>>>>>>> CREATE POLICY RULE PASSED. <<<<<<<<<<<
2020-02-27 18:01:33,604 - CPE11-HKG-HYBRD-IPC00190 - INFO - 
DELETE IPaddress Object

2020-02-27 18:01:37,368 - CPE11-HKG-HYBRD-IPC00190 - INFO - 
PASS
2020-02-27 18:01:37,369 - CPE11-HKG-HYBRD-IPC00190 - INFO - >>>>>>>>>> Policy rule DELETION PASSED. <<<<<<<<<<<
2020-02-27 18:01:37,378 - CPE11-HKG-HYBRD-IPC00190 - INFO - 
DELETE IPaddress Object

2020-02-27 18:01:39,989 - CPE11-HKG-HYBRD-IPC00190 - INFO - 
PASS
2020-02-27 18:01:39,990 - CPE11-HKG-HYBRD-IPC00190 - INFO - >>>>>>>>>> ADDRESS OBJECT DELETION PASSED. <<<<<<<<<<<
2020-02-27 18:01:39,993 - CPE11-HKG-HYBRD-IPC00190 - INFO - 
DELETE IPaddress Object

2020-02-27 18:01:42,438 - CPE11-HKG-HYBRD-IPC00190 - INFO - 
PASS
2020-02-27 18:01:42,440 - CPE11-HKG-HYBRD-IPC00190 - INFO - >>>>>>>>>> ADDRESS OBJECT DELETION PASSED. <<<<<<<<<<<
2020-02-27 18:01:42,440 - CPE11-HKG-HYBRD-IPC00190 - INFO - 
DELETE FWD PROFILE

2020-02-27 18:01:45,187 - CPE11-HKG-HYBRD-IPC00190 - INFO - 
PASS
2020-02-27 18:01:45,188 - CPE11-HKG-HYBRD-IPC00190 - INFO - >>>>>>>>>> FORWARDING PROFILE DELETION PASSED. <<<<<<<<<<<
2020-02-27 18:01:45,190 - CPE11-HKG-HYBRD-IPC00190 - INFO - 
DELETE SLA profile

2020-02-27 18:01:48,431 - CPE11-HKG-HYBRD-IPC00190 - INFO - 
PASS
2020-02-27 18:01:48,431 - CPE11-HKG-HYBRD-IPC00190 - INFO - >>>>>>>>>> DELETE SLA Profile PASSED. <<<<<<<<<<<
