2020-05-07 22:37:13,690 - VD1 - DEBUG - <netmiko.versa.versa_ssh.VersaSSH object at 0x000000000FE7A198>
2020-05-07 22:37:18,894 - VD1 - DEBUG - versa: Automated@VDir-BLR-NEW-01>
2020-05-07 22:37:23,930 - CPE26-SIN-DUAL-CPE-HYB-IPC00190-P - DEBUG - <netmiko.versa.versa_ssh.VersaSSH object at 0x000000000FEB9198>
2020-05-07 22:37:29,134 - CPE26-SIN-DUAL-CPE-HYB-IPC00190-P - DEBUG - versa: Automated@VDir-BLR-NEW-01>
2020-05-07 22:37:34,154 - CPE26-SIN-DUAL-CPE-HYB-IPC00190-P - INFO - 
DELETE Service Object

2020-05-07 22:37:36,844 - CPE26-SIN-DUAL-CPE-HYB-IPC00190-P - ERROR - 
2020-05-07 22:37:36,848 - CPE26-SIN-DUAL-CPE-HYB-IPC00190-P - INFO - 
FAIL : 
2020-05-07 22:37:36,848 - CPE26-SIN-DUAL-CPE-HYB-IPC00190-P - INFO - >>>>>>>>>> ADDRESS OBJECT DELETION FAILED. <<<<<<<<<<<
2020-05-07 22:37:36,858 - CPE26-SIN-DUAL-CPE-HYB-IPC00190-P - INFO - 
DELETE IPaddress Object

2020-05-07 22:37:37,617 - CPE26-SIN-DUAL-CPE-HYB-IPC00190-P - ERROR - 
2020-05-07 22:37:37,621 - CPE26-SIN-DUAL-CPE-HYB-IPC00190-P - INFO - 
FAIL : 
2020-05-07 22:37:37,621 - CPE26-SIN-DUAL-CPE-HYB-IPC00190-P - INFO - >>>>>>>>>> ADDRESS OBJECT DELETION FAILED. <<<<<<<<<<<
2020-05-07 22:37:37,624 - CPE26-SIN-DUAL-CPE-HYB-IPC00190-P - INFO - 
DELETE IPaddress Object

2020-05-07 22:37:38,355 - CPE26-SIN-DUAL-CPE-HYB-IPC00190-P - ERROR - 
2020-05-07 22:37:38,358 - CPE26-SIN-DUAL-CPE-HYB-IPC00190-P - INFO - 
FAIL : 
2020-05-07 22:37:38,359 - CPE26-SIN-DUAL-CPE-HYB-IPC00190-P - INFO - >>>>>>>>>> ADDRESS OBJECT DELETION FAILED. <<<<<<<<<<<
2020-05-07 22:37:38,361 - CPE26-SIN-DUAL-CPE-HYB-IPC00190-P - INFO - 
DELETE FWD PROFILE

2020-05-07 22:37:39,082 - CPE26-SIN-DUAL-CPE-HYB-IPC00190-P - ERROR - 
2020-05-07 22:37:39,085 - CPE26-SIN-DUAL-CPE-HYB-IPC00190-P - INFO - 
FAIL : 
2020-05-07 22:37:39,085 - CPE26-SIN-DUAL-CPE-HYB-IPC00190-P - INFO - >>>>>>>>>> FORWARDING PROFILE DELETION FAILED. <<<<<<<<<<<
2020-05-07 22:37:39,088 - CPE26-SIN-DUAL-CPE-HYB-IPC00190-P - INFO - 
DELETE SLA profile

2020-05-07 22:37:39,811 - CPE26-SIN-DUAL-CPE-HYB-IPC00190-P - ERROR - 
2020-05-07 22:37:39,813 - CPE26-SIN-DUAL-CPE-HYB-IPC00190-P - INFO - 
FAIL : 
2020-05-07 22:37:39,815 - CPE26-SIN-DUAL-CPE-HYB-IPC00190-P - INFO - >>>>>>>>>> DELETE SLA Profile FAILED. <<<<<<<<<<<
