2019-02-11 15:52:38,310 - VD1 - INFO - ORG NAME:GGH
2019-02-11 15:52:44,112 - VD1 - DEBUG - {
  "versanms.sdwan-org-workflow": {
    "orgName": "GGH",
    "globalId": "123",
    "parentOrg": "Colt",
    "ikeAuthType": "psk",
    "sharedControlPlane": false,
    "controllers": ["NV-WC01-N2-BLR", "NV-WC02-N4-MUM", "NV-WC02-N2-BLR"],
    "vrfs": [{ "name": "LAN1-VRF", "id": "1350", "enableVPN": "true", "tooltip": "" },{ "name": "LAN2-VRF", "id": "1351", "enableVPN": "true", "tooltip": "" },{ "name": "LAN3-VRF", "id": "1352", "enableVPN": "true", "tooltip": "" }],
    "supportedRoles": []
  }
}
2019-02-11 15:52:44,112 - VD1 - INFO - PASS
2019-02-11 15:52:55,401 - VD1 - INFO - set devices device NV-GW01-N2-BLR config interfaces tvi-0/246 enable true
set devices device NV-GW01-N2-BLR config interfaces tvi-0/246 mode ipsec
set devices device NV-GW01-N2-BLR config interfaces tvi-0/246 type p2mp-vxlan
set devices device NV-GW01-N2-BLR config interfaces tvi-0/246 unit 0 enable true
set devices device NV-GW01-N2-BLR config interfaces tvi-0/246 description "VxLAN GGH Management"
set devices device NV-GW01-N2-BLR config interfaces tvi-0/246 unit 0 family
set devices device NV-GW01-N2-BLR config interfaces tvi-0/246 unit 0 family inet
set devices device NV-GW01-N2-BLR config interfaces tvi-0/246 unit 0 family inet address 30.123.2.1/32

set devices device NV-GW01-N2-BLR config interfaces tvi-0/247 enable true
set devices device NV-GW01-N2-BLR config interfaces tvi-0/247 mode ipsec
set devices device NV-GW01-N2-BLR config interfaces tvi-0/247 type p2mp-esp
set devices device NV-GW01-N2-BLR config interfaces tvi-0/247 unit 0 enable true
set devices device NV-GW01-N2-BLR config interfaces tvi-0/247 description "ESP GGH Management"
set devices device NV-GW01-N2-BLR config interfaces tvi-0/247 unit 0 enable true
set devices device NV-GW01-N2-BLR config interfaces tvi-0/247 unit 0 family
set devices device NV-GW01-N2-BLR config interfaces tvi-0/247 unit 0 family inet
set devices device NV-GW01-N2-BLR config interfaces tvi-0/247 unit 0 family inet address 40.123.2.1/32




set devices device NV-GW01-N2-BLR config interfaces ptvi246 parent-interface tvi-0/247.0 remote-address 10.123.64.23



set devices device NV-GW01-N2-BLR config interfaces ptvi247 parent-interface tvi-0/247.0 remote-address 10.123.64.24

set devices device NV-GW01-N2-BLR config interfaces vni-0/0 unit 1350 vlan-id 1350
set devices device NV-GW01-N2-BLR config interfaces vni-0/0 unit 1350 enable true
set devices device NV-GW01-N2-BLR config interfaces vni-0/0 unit 1350 family
set devices device NV-GW01-N2-BLR config interfaces vni-0/0 unit 1350 family inet
set devices device NV-GW01-N2-BLR config interfaces vni-0/0 unit 1350 family inet address 193.123.1.2/30

set devices device NV-GW01-N2-BLR config interfaces vni-0/0 unit 1351 vlan-id 1351
set devices device NV-GW01-N2-BLR config interfaces vni-0/0 unit 1351 enable true
set devices device NV-GW01-N2-BLR config interfaces vni-0/0 unit 1351 family
set devices device NV-GW01-N2-BLR config interfaces vni-0/0 unit 1351 family inet
set devices device NV-GW01-N2-BLR config interfaces vni-0/0 unit 1351 family inet address 193.123.1.6/30

set devices device NV-GW01-N2-BLR config interfaces vni-0/0 unit 1352 vlan-id 1352
set devices device NV-GW01-N2-BLR config interfaces vni-0/0 unit 1352 enable true
set devices device NV-GW01-N2-BLR config interfaces vni-0/0 unit 1352 family
set devices device NV-GW01-N2-BLR config interfaces vni-0/0 unit 1352 family inet
set devices device NV-GW01-N2-BLR config interfaces vni-0/0 unit 1352 family inet address 193.123.1.10/30





set devices device NV-GW01-N2-BLR config interfaces tvi-0/1350 enable true
set devices device NV-GW01-N2-BLR config interfaces tvi-0/1350 mode ipsec
set devices device NV-GW01-N2-BLR config interfaces tvi-0/1350 type paired
set devices device NV-GW01-N2-BLR config interfaces tvi-0/1350 paired-interface tvi-0/3250
set devices device NV-GW01-N2-BLR config interfaces tvi-0/1350 unit 0 enable true
set devices device NV-GW01-N2-BLR config interfaces tvi-0/1350 unit 0 family
set devices device NV-GW01-N2-BLR config interfaces tvi-0/1350 unit 0 family inet
set devices device NV-GW01-N2-BLR config interfaces tvi-0/1350 unit 0 family inet address 10.123.47.65/30

set devices device NV-GW01-N2-BLR config interfaces tvi-0/3250 mode ipsec
set devices device NV-GW01-N2-BLR config interfaces tvi-0/3250 type paired
set devices device NV-GW01-N2-BLR config interfaces tvi-0/3250 paired-interface tvi-0/1350
set devices device NV-GW01-N2-BLR config interfaces tvi-0/3250 unit 0 enable true
set devices device NV-GW01-N2-BLR config interfaces tvi-0/3250 unit 0 family
set devices device NV-GW01-N2-BLR config interfaces tvi-0/3250 unit 0 family inet
set devices device NV-GW01-N2-BLR config interfaces tvi-0/3250 unit 0 family inet address 10.123.47.66/30

set devices device NV-GW01-N2-BLR config networks GGH-MPLS1 interfaces [ vni-0/0.1350 ]




set devices device NV-GW01-N2-BLR config interfaces tvi-0/1351 enable true
set devices device NV-GW01-N2-BLR config interfaces tvi-0/1351 mode ipsec
set devices device NV-GW01-N2-BLR config interfaces tvi-0/1351 type paired
set devices device NV-GW01-N2-BLR config interfaces tvi-0/1351 paired-interface tvi-0/3251
set devices device NV-GW01-N2-BLR config interfaces tvi-0/1351 unit 0 enable true
set devices device NV-GW01-N2-BLR config interfaces tvi-0/1351 unit 0 family
set devices device NV-GW01-N2-BLR config interfaces tvi-0/1351 unit 0 family inet
set devices device NV-GW01-N2-BLR config interfaces tvi-0/1351 unit 0 family inet address 10.123.47.69/30

set devices device NV-GW01-N2-BLR config interfaces tvi-0/3251 mode ipsec
set devices device NV-GW01-N2-BLR config interfaces tvi-0/3251 type paired
set devices device NV-GW01-N2-BLR config interfaces tvi-0/3251 paired-interface tvi-0/1351
set devices device NV-GW01-N2-BLR config interfaces tvi-0/3251 unit 0 enable true
set devices device NV-GW01-N2-BLR config interfaces tvi-0/3251 unit 0 family
set devices device NV-GW01-N2-BLR config interfaces tvi-0/3251 unit 0 family inet
set devices device NV-GW01-N2-BLR config interfaces tvi-0/3251 unit 0 family inet address 10.123.47.70/30

set devices device NV-GW01-N2-BLR config networks GGH-MPLS2 interfaces [ vni-0/0.1351 ]




set devices device NV-GW01-N2-BLR config interfaces tvi-0/1352 enable true
set devices device NV-GW01-N2-BLR config interfaces tvi-0/1352 mode ipsec
set devices device NV-GW01-N2-BLR config interfaces tvi-0/1352 type paired
set devices device NV-GW01-N2-BLR config interfaces tvi-0/1352 paired-interface tvi-0/3252
set devices device NV-GW01-N2-BLR config interfaces tvi-0/1352 unit 0 enable true
set devices device NV-GW01-N2-BLR config interfaces tvi-0/1352 unit 0 family
set devices device NV-GW01-N2-BLR config interfaces tvi-0/1352 unit 0 family inet
set devices device NV-GW01-N2-BLR config interfaces tvi-0/1352 unit 0 family inet address 10.123.47.73/30

set devices device NV-GW01-N2-BLR config interfaces tvi-0/3252 mode ipsec
set devices device NV-GW01-N2-BLR config interfaces tvi-0/3252 type paired
set devices device NV-GW01-N2-BLR config interfaces tvi-0/3252 paired-interface tvi-0/1352
set devices device NV-GW01-N2-BLR config interfaces tvi-0/3252 unit 0 enable true
set devices device NV-GW01-N2-BLR config interfaces tvi-0/3252 unit 0 family
set devices device NV-GW01-N2-BLR config interfaces tvi-0/3252 unit 0 family inet
set devices device NV-GW01-N2-BLR config interfaces tvi-0/3252 unit 0 family inet address 10.123.47.74/30

set devices device NV-GW01-N2-BLR config networks GGH-MPLS3 interfaces [ vni-0/0.1352 ]





set devices device NV-GW01-N2-BLR config orgs org GGH available-routing-instances [ INT-TRANSP-VR MPLS-TRANSP-VR GGH-Control-VR GGH-EXPORT1-VRF GGH-EXPORT2-VRF GGH-EXPORT3-VRF GGH-LAN1-VRF GGH-LAN2-VRF GGH-LAN3-VRF ]
set devices device NV-GW01-N2-BLR config orgs org GGH traffic-identification using [ ptvi246 ptvi247 tvi-0/246.0 tvi-0/247.0 tvi-0/1350.0 tvi-0/3250.0 tvi-0/1351.0 tvi-0/3251.0 tvi-0/1352.0 tvi-0/3252.0 ]
set devices device NV-GW01-N2-BLR config orgs org GGH owned-routing-instances [ INT-TRANSP-VR MPLS-TRANSP-VR GGH-Control-VR GGH-EXPORT1-VRF GGH-EXPORT2-VRF GGH-EXPORT3-VRF GGH-LAN1-VRF GGH-LAN2-VRF GGH-LAN3-VRF  ]
set devices device NV-GW01-N2-BLR config orgs org GGH traffic-identification using-networks [ GGH-MPLS1 GGH-MPLS2 GGH-MPLS3 ]

set devices device NV-GW01-N2-BLR config orgs org GGH available-provider-orgs [ GGH ]
set devices device NV-GW01-N2-BLR config orgs org GGH available-service-node-groups [ default-sng ]
set devices device NV-GW01-N2-BLR config orgs org GGH sd-wan site
set devices device NV-GW01-N2-BLR config orgs org GGH sd-wan site global-tenant-id 123
set devices device NV-GW01-N2-BLR config orgs org GGH sd-wan site site-name NV-GW01-N2-BLR
set devices device NV-GW01-N2-BLR config orgs org GGH sd-wan site management-routing-instance GGH-Control-VR
set devices device NV-GW01-N2-BLR config orgs org GGH sd-wan site wan-interfaces vni-0/1.454 sla-monitoring fc_be interval 1
set devices device NV-GW01-N2-BLR config orgs org GGH sd-wan site wan-interfaces vni-0/1.454 sla-monitoring fc_be logging-interval 5
set devices device NV-GW01-N2-BLR config orgs org GGH sd-wan site wan-interfaces vni-0/1.454 encryption optional
set devices device NV-GW01-N2-BLR config orgs org GGH sd-wan site wan-interfaces vni-0/1.464 sla-monitoring fc_be interval 1
set devices device NV-GW01-N2-BLR config orgs org GGH sd-wan site wan-interfaces vni-0/1.464 sla-monitoring fc_be logging-interval 5




set devices device NV-GW01-N2-BLR config orgs org GGH sd-wan controllers NV-WC01-N2-BLR management-addresses IKE ip-address 10.123.0.23 routing-instance GGH-Control-VR
set devices device NV-GW01-N2-BLR config orgs org GGH sd-wan controllers NV-WC01-N2-BLR management-addresses secure ip-address 10.123.64.23 routing-instance GGH-Control-VR




set devices device NV-GW01-N2-BLR config orgs org GGH sd-wan controllers NV-WC02-N2-BLR management-addresses IKE ip-address 10.123.0.24 routing-instance GGH-Control-VR
set devices device NV-GW01-N2-BLR config orgs org GGH sd-wan controllers NV-WC02-N2-BLR management-addresses secure ip-address 10.123.64.24 routing-instance GGH-Control-VR

set devices device NV-GW01-N2-BLR config orgs org-services GGH security access-policies Policy1 rules R1 set action allow
set devices device NV-GW01-N2-BLR config orgs org-services GGH security access-policies Policy1 rules R1 set lef profile Default-Logging-Profile
set devices device NV-GW01-N2-BLR config orgs org-services GGH security access-policies Policy1 rules R1 set lef event end
set devices device NV-GW01-N2-BLR config orgs org-services GGH security access-policies Policy1 rules R1 set lef options send-pcap-data enable false
set devices device NV-GW01-N2-BLR config orgs org-services GGH objects zones trust
set devices device NV-GW01-N2-BLR config orgs org-services GGH objects zones untrust
set devices device NV-GW01-N2-BLR config orgs org-services GGH objects zones host
set devices device NV-GW01-N2-BLR config orgs org-services GGH traffic-monitoring logging-control Default-Logging-Control profile Default-Logging-Profile
set devices device NV-GW01-N2-BLR config orgs org-services GGH traffic-monitoring logging-control Default-Logging-Control options
set devices device NV-GW01-N2-BLR config orgs org-services GGH traffic-monitoring logging-control Default-Logging-Control options stats
set devices device NV-GW01-N2-BLR config orgs org-services GGH traffic-monitoring logging-control Default-Logging-Control options stats all
set devices device NV-GW01-N2-BLR config orgs org-services GGH traffic-monitoring policies Analytics-policy rules rule1 set lef profile Default-Logging-Profile
set devices device NV-GW01-N2-BLR config orgs org-services GGH lef collectors LEF-Collector-log_collector1 destination-address 10.91.116.71 destination-port 5140
set devices device NV-GW01-N2-BLR config orgs org-services GGH lef collectors LEF-Collector-log_collector1 routing-instance GGH-Control-VR
set devices device NV-GW01-N2-BLR config orgs org-services GGH lef collectors LEF-Collector-log_collector1 transport tcp
set devices device NV-GW01-N2-BLR config orgs org-services GGH lef collectors LEF-Collector-log_collector1 template Default-LEF-Template
set devices device NV-GW01-N2-BLR config orgs org-services GGH lef collectors LEF-Collector-log_collector2 destination-address 10.91.116.72 destination-port 5140
set devices device NV-GW01-N2-BLR config orgs org-services GGH lef collectors LEF-Collector-log_collector2 routing-instance GGH-Control-VR
set devices device NV-GW01-N2-BLR config orgs org-services GGH lef collectors LEF-Collector-log_collector2 transport tcp
set devices device NV-GW01-N2-BLR config orgs org-services GGH lef collectors LEF-Collector-log_collector2 template Default-LEF-Template
set devices device NV-GW01-N2-BLR config orgs org-services GGH lef collector-groups Default-Collector-Group collectors [ LEF-Collector-log_collector1 LEF-Collector-log_collector2 ]
set devices device NV-GW01-N2-BLR config orgs org-services GGH lef templates Default-LEF-Template type ipfix
set devices device NV-GW01-N2-BLR config orgs org-services GGH lef profiles Default-Logging-Profile collector-group Default-Collector-Group
set devices device NV-GW01-N2-BLR config orgs org-services GGH lef default-profile Default-Logging-Profile









set devices device NV-GW01-N2-BLR config orgs org-services GGH ipsec vpn-profile GW-CTRL1 vpn-type branch-sdwan
set devices device NV-GW01-N2-BLR config orgs org-services GGH ipsec vpn-profile GW-CTRL1 local-auth-info
set devices device NV-GW01-N2-BLR config orgs org-services GGH ipsec vpn-profile GW-CTRL1 local-auth-info auth-type psk
set devices device NV-GW01-N2-BLR config orgs org-services GGH ipsec vpn-profile GW-CTRL1 local-auth-info id-type email
set devices device NV-GW01-N2-BLR config orgs org-services GGH ipsec vpn-profile GW-CTRL1 local-auth-info key NV-GW01-N2-BLR
set devices device NV-GW01-N2-BLR config orgs org-services GGH ipsec vpn-profile GW-CTRL1 local-auth-info id-string NV-GW01-N2-BLR@GGH.com
set devices device NV-GW01-N2-BLR config orgs org-services GGH ipsec vpn-profile GW-CTRL1 local
set devices device NV-GW01-N2-BLR config orgs org-services GGH ipsec vpn-profile GW-CTRL1 local address 30.123.2.1
set devices device NV-GW01-N2-BLR config orgs org-services GGH ipsec vpn-profile GW-CTRL1 routing-instance GGH-Control-VR
set devices device NV-GW01-N2-BLR config orgs org-services GGH ipsec vpn-profile GW-CTRL1 tunnel-routing-instance GGH-Control-VR
set devices device NV-GW01-N2-BLR config orgs org-services GGH ipsec vpn-profile GW-CTRL1 tunnel-initiate automatic
set devices device NV-GW01-N2-BLR config orgs org-services GGH ipsec vpn-profile GW-CTRL1 ipsec fragmentation pre-fragmentation
set devices device NV-GW01-N2-BLR config orgs org-services GGH ipsec vpn-profile GW-CTRL1 ipsec transform esp-aes128-sha1
set devices device NV-GW01-N2-BLR config orgs org-services GGH ipsec vpn-profile GW-CTRL1 ipsec mode tunnel
set devices device NV-GW01-N2-BLR config orgs org-services GGH ipsec vpn-profile GW-CTRL1 ipsec pfs-group mod-none
set devices device NV-GW01-N2-BLR config orgs org-services GGH ipsec vpn-profile GW-CTRL1 ipsec anti-replay enable
set devices device NV-GW01-N2-BLR config orgs org-services GGH ipsec vpn-profile GW-CTRL1 ipsec life duration 25000
set devices device NV-GW01-N2-BLR config orgs org-services GGH ipsec vpn-profile GW-CTRL1 ike version v2
set devices device NV-GW01-N2-BLR config orgs org-services GGH ipsec vpn-profile GW-CTRL1 ike group mod19
set devices device NV-GW01-N2-BLR config orgs org-services GGH ipsec vpn-profile GW-CTRL1 ike transform aes128-sha1
set devices device NV-GW01-N2-BLR config orgs org-services GGH ipsec vpn-profile GW-CTRL1 ike lifetime 27000
set devices device NV-GW01-N2-BLR config orgs org-services GGH ipsec vpn-profile GW-CTRL1 ike dpd-timeout 10
set devices device NV-GW01-N2-BLR config orgs org-services GGH ipsec vpn-profile GW-CTRL1 peer-auth-info
set devices device NV-GW01-N2-BLR config orgs org-services GGH ipsec vpn-profile GW-CTRL1 peer-auth-info auth-type psk
set devices device NV-GW01-N2-BLR config orgs org-services GGH ipsec vpn-profile GW-CTRL1 peer-auth-info id-type email
set devices device NV-GW01-N2-BLR config orgs org-services GGH ipsec vpn-profile GW-CTRL1 peer-auth-info key NV-WC01-N2-BLR
set devices device NV-GW01-N2-BLR config orgs org-services GGH ipsec vpn-profile GW-CTRL1 peer-auth-info id-string NV-WC01-N2-BLR@GGH.com
set devices device NV-GW01-N2-BLR config orgs org-services GGH ipsec vpn-profile GW-CTRL1 peer
set devices device NV-GW01-N2-BLR config orgs org-services GGH ipsec vpn-profile GW-CTRL1 peer address 10.123.0.23
set devices device NV-GW01-N2-BLR config orgs org-services GGH ipsec vpn-profile GW-CTRL1 tunnel-interface ptvi246









set devices device NV-GW01-N2-BLR config orgs org-services GGH ipsec vpn-profile GW-CTRL2 vpn-type branch-sdwan
set devices device NV-GW01-N2-BLR config orgs org-services GGH ipsec vpn-profile GW-CTRL2 local-auth-info
set devices device NV-GW01-N2-BLR config orgs org-services GGH ipsec vpn-profile GW-CTRL2 local-auth-info auth-type psk
set devices device NV-GW01-N2-BLR config orgs org-services GGH ipsec vpn-profile GW-CTRL2 local-auth-info id-type email
set devices device NV-GW01-N2-BLR config orgs org-services GGH ipsec vpn-profile GW-CTRL2 local-auth-info key NV-GW01-N2-BLR
set devices device NV-GW01-N2-BLR config orgs org-services GGH ipsec vpn-profile GW-CTRL2 local-auth-info id-string NV-GW01-N2-BLR@GGH.com
set devices device NV-GW01-N2-BLR config orgs org-services GGH ipsec vpn-profile GW-CTRL2 local
set devices device NV-GW01-N2-BLR config orgs org-services GGH ipsec vpn-profile GW-CTRL2 local address 30.123.2.1
set devices device NV-GW01-N2-BLR config orgs org-services GGH ipsec vpn-profile GW-CTRL2 routing-instance GGH-Control-VR
set devices device NV-GW01-N2-BLR config orgs org-services GGH ipsec vpn-profile GW-CTRL2 tunnel-routing-instance GGH-Control-VR
set devices device NV-GW01-N2-BLR config orgs org-services GGH ipsec vpn-profile GW-CTRL2 tunnel-initiate automatic
set devices device NV-GW01-N2-BLR config orgs org-services GGH ipsec vpn-profile GW-CTRL2 ipsec fragmentation pre-fragmentation
set devices device NV-GW01-N2-BLR config orgs org-services GGH ipsec vpn-profile GW-CTRL2 ipsec transform esp-aes128-sha1
set devices device NV-GW01-N2-BLR config orgs org-services GGH ipsec vpn-profile GW-CTRL2 ipsec mode tunnel
set devices device NV-GW01-N2-BLR config orgs org-services GGH ipsec vpn-profile GW-CTRL2 ipsec pfs-group mod-none
set devices device NV-GW01-N2-BLR config orgs org-services GGH ipsec vpn-profile GW-CTRL2 ipsec anti-replay enable
set devices device NV-GW01-N2-BLR config orgs org-services GGH ipsec vpn-profile GW-CTRL2 ipsec life duration 25000
set devices device NV-GW01-N2-BLR config orgs org-services GGH ipsec vpn-profile GW-CTRL2 ike version v2
set devices device NV-GW01-N2-BLR config orgs org-services GGH ipsec vpn-profile GW-CTRL2 ike group mod19
set devices device NV-GW01-N2-BLR config orgs org-services GGH ipsec vpn-profile GW-CTRL2 ike transform aes128-sha1
set devices device NV-GW01-N2-BLR config orgs org-services GGH ipsec vpn-profile GW-CTRL2 ike lifetime 27000
set devices device NV-GW01-N2-BLR config orgs org-services GGH ipsec vpn-profile GW-CTRL2 ike dpd-timeout 10
set devices device NV-GW01-N2-BLR config orgs org-services GGH ipsec vpn-profile GW-CTRL2 peer-auth-info
set devices device NV-GW01-N2-BLR config orgs org-services GGH ipsec vpn-profile GW-CTRL2 peer-auth-info auth-type psk
set devices device NV-GW01-N2-BLR config orgs org-services GGH ipsec vpn-profile GW-CTRL2 peer-auth-info id-type email
set devices device NV-GW01-N2-BLR config orgs org-services GGH ipsec vpn-profile GW-CTRL2 peer-auth-info key NV-WC02-N2-BLR
set devices device NV-GW01-N2-BLR config orgs org-services GGH ipsec vpn-profile GW-CTRL2 peer-auth-info id-string NV-WC02-N2-BLR@GGH.com
set devices device NV-GW01-N2-BLR config orgs org-services GGH ipsec vpn-profile GW-CTRL2 peer
set devices device NV-GW01-N2-BLR config orgs org-services GGH ipsec vpn-profile GW-CTRL2 peer address 10.123.0.24
set devices device NV-GW01-N2-BLR config orgs org-services GGH ipsec vpn-profile GW-CTRL2 tunnel-interface ptvi247

set devices device NV-GW01-N2-BLR config routing-instances GGH-Control-VR instance-type virtual-router
set devices device NV-GW01-N2-BLR config routing-instances GGH-Control-VR mpls-vpn-core
set devices device NV-GW01-N2-BLR config routing-instances GGH-Control-VR interfaces [ ptvi246 ptvi247 tvi-0/246.0 tvi-0/247.0 ]
set devices device NV-GW01-N2-BLR config routing-instances GGH-Control-VR routing-options mpls-vpn-local-router-address 40.123.2.1
set devices device NV-GW01-N2-BLR config routing-instances GGH-Control-VR routing-options static route 0.0.0.0/0 40.123.2.1 tvi-0/247.0 preference 1
set devices device NV-GW01-N2-BLR config routing-instances GGH-Control-VR routing-options static route 0.0.0.0/0 40.123.2.1 tvi-0/247.0 tag 0
set devices device NV-GW01-N2-BLR config routing-instances GGH-Control-VR protocols bgp 123 router-id 40.123.2.1 local-as as-number 65505

set devices device NV-GW01-N2-BLR config routing-instances GGH-Control-VR protocols bgp 123 hold-time 90
set devices device NV-GW01-N2-BLR config routing-instances GGH-Control-VR protocols bgp 123 peer-as 65505
set devices device NV-GW01-N2-BLR config routing-instances GGH-Control-VR protocols bgp 123 route-flap free-max-time 180
set devices device NV-GW01-N2-BLR config routing-instances GGH-Control-VR protocols bgp 123 route-flap reuse-max-time 60
set devices device NV-GW01-N2-BLR config routing-instances GGH-Control-VR protocols bgp 123 route-flap reuse-size 256
set devices device NV-GW01-N2-BLR config routing-instances GGH-Control-VR protocols bgp 123 route-flap reuse-array-size 1024
set devices device NV-GW01-N2-BLR config routing-instances GGH-Control-VR protocols bgp 123 graceful-restart enable
set devices device NV-GW01-N2-BLR config routing-instances GGH-Control-VR protocols bgp 123 graceful-restart maximum-restart-time 120
set devices device NV-GW01-N2-BLR config routing-instances GGH-Control-VR protocols bgp 123 graceful-restart recovery-time 120
set devices device NV-GW01-N2-BLR config routing-instances GGH-Control-VR protocols bgp 123 graceful-restart select-defer-time 120
set devices device NV-GW01-N2-BLR config routing-instances GGH-Control-VR protocols bgp 123 graceful-restart stalepath-time 120
set devices device NV-GW01-N2-BLR config routing-instances GGH-Control-VR protocols bgp 123 graceful-restart dynamic-peer-restart-time 0

set devices device NV-GW01-N2-BLR config routing-instances GGH-Control-VR protocols bgp 123 ibgp-preference 200
set devices device NV-GW01-N2-BLR config routing-instances GGH-Control-VR protocols bgp 123 ebgp-preference 20
set devices device NV-GW01-N2-BLR config routing-instances GGH-Control-VR protocols bgp 123 group GW-WC type internal
set devices device NV-GW01-N2-BLR config routing-instances GGH-Control-VR protocols bgp 123 group GW-WC family inet unicast
set devices device NV-GW01-N2-BLR config routing-instances GGH-Control-VR protocols bgp 123 group GW-WC family inet versa-private
set devices device NV-GW01-N2-BLR config routing-instances GGH-Control-VR protocols bgp 123 group GW-WC family inet-vpn unicast
set devices device NV-GW01-N2-BLR config routing-instances GGH-Control-VR protocols bgp 123 group GW-WC bfd-liveness-detection
set devices device NV-GW01-N2-BLR config routing-instances GGH-Control-VR protocols bgp 123 group GW-WC bfd-liveness-detection minimum-receive-interval 1000
set devices device NV-GW01-N2-BLR config routing-instances GGH-Control-VR protocols bgp 123 group GW-WC bfd-liveness-detection multiplier 3
set devices device NV-GW01-N2-BLR config routing-instances GGH-Control-VR protocols bgp 123 group GW-WC bfd-liveness-detection transmit-interval minimum-interval 1000









set devices device NV-GW01-N2-BLR config routing-instances GGH-Control-VR protocols bgp 123 group GW-WC neighbor 10.123.64.23
set devices device NV-GW01-N2-BLR config routing-instances GGH-Control-VR protocols bgp 123 group GW-WC neighbor 10.123.64.23 peer-as 65505
set devices device NV-GW01-N2-BLR config routing-instances GGH-Control-VR protocols bgp 123 debug level debug









set devices device NV-GW01-N2-BLR config routing-instances GGH-Control-VR protocols bgp 123 group GW-WC neighbor 10.123.64.24
set devices device NV-GW01-N2-BLR config routing-instances GGH-Control-VR protocols bgp 123 group GW-WC neighbor 10.123.64.24 peer-as 65505
set devices device NV-GW01-N2-BLR config routing-instances GGH-Control-VR protocols bgp 123 debug level debug





set devices device NV-GW01-N2-BLR config routing-instances GGH-EXPORT1-VRF policy-options redistribution-policy REDIS-TO-BGP term ACCEPT-BGP match protocol bgp
set devices device NV-GW01-N2-BLR config routing-instances GGH-EXPORT1-VRF policy-options redistribution-policy REDIS-TO-BGP term ACCEPT-BGP action accept
set devices device NV-GW01-N2-BLR config routing-instances GGH-EXPORT1-VRF policy-options redistribute-to-bgp REDIS-TO-BGP
set devices device NV-GW01-N2-BLR config routing-instances GGH-EXPORT1-VRF instance-type vrf
set devices device NV-GW01-N2-BLR config routing-instances GGH-EXPORT1-VRF global-vrf-id 13502
set devices device NV-GW01-N2-BLR config routing-instances GGH-EXPORT1-VRF mpls-vpn-core-instance GGH-Control-VR
set devices device NV-GW01-N2-BLR config routing-instances GGH-EXPORT1-VRF interfaces [ tvi-0/3250.0 ]
set devices device NV-GW01-N2-BLR config routing-instances GGH-EXPORT1-VRF route-distinguisher 1350L:13502
set devices device NV-GW01-N2-BLR config routing-instances GGH-EXPORT1-VRF vrf-export-target target:1350L:13502
set devices device NV-GW01-N2-BLR config routing-instances GGH-EXPORT1-VRF protocols bgp 12302 router-id 10.123.47.66 local-as as-number 65506
set devices device NV-GW01-N2-BLR config routing-instances GGH-EXPORT1-VRF protocols bgp 12302 route-flap free-max-time 180
set devices device NV-GW01-N2-BLR config routing-instances GGH-EXPORT1-VRF protocols bgp 12302 route-flap reuse-max-time 60
set devices device NV-GW01-N2-BLR config routing-instances GGH-EXPORT1-VRF protocols bgp 12302 route-flap reuse-size 256
set devices device NV-GW01-N2-BLR config routing-instances GGH-EXPORT1-VRF protocols bgp 12302 route-flap reuse-array-size 1024
set devices device NV-GW01-N2-BLR config routing-instances GGH-EXPORT1-VRF protocols bgp 12302 graceful-restart maximum-restart-time 120
set devices device NV-GW01-N2-BLR config routing-instances GGH-EXPORT1-VRF protocols bgp 12302 graceful-restart recovery-time 120
set devices device NV-GW01-N2-BLR config routing-instances GGH-EXPORT1-VRF protocols bgp 12302 graceful-restart select-defer-time 120
set devices device NV-GW01-N2-BLR config routing-instances GGH-EXPORT1-VRF protocols bgp 12302 graceful-restart stalepath-time 120
set devices device NV-GW01-N2-BLR config routing-instances GGH-EXPORT1-VRF protocols bgp 12302 graceful-restart dynamic-peer-restart-time 0
set devices device NV-GW01-N2-BLR config routing-instances GGH-EXPORT1-VRF protocols bgp 12302 prefix-list NNI1-INT seq 10 permit
set devices device NV-GW01-N2-BLR config routing-instances GGH-EXPORT1-VRF protocols bgp 12302 prefix-list NNI1-INT seq 10 address-family ipv4 unicast address-mask 193.123.1.0/30
set devices device NV-GW01-N2-BLR config routing-instances GGH-EXPORT1-VRF protocols bgp 12302 prefix-list NNI1-INT seq 10 address-family ipv4 unicast ge_le ge 30
set devices device NV-GW01-N2-BLR config routing-instances GGH-EXPORT1-VRF protocols bgp 12302 prefix-list NNI1-INT seq 10 address-family ipv4 unicast ge_le le 32

set devices device NV-GW01-N2-BLR config routing-instances GGH-EXPORT1-VRF protocols bgp 12302 routing-peer-policy IMPORT-POLICY-FROM-LAN-VRF term 1REJECT-NNI-INT match ip nlri prefix-list NNI1-INT
set devices device NV-GW01-N2-BLR config routing-instances GGH-EXPORT1-VRF protocols bgp 12302 routing-peer-policy IMPORT-POLICY-FROM-LAN-VRF term 1REJECT-NNI-INT action reject
set devices device NV-GW01-N2-BLR config routing-instances GGH-EXPORT1-VRF protocols bgp 12302 routing-peer-policy IMPORT-POLICY-FROM-LAN-VRF term 2REJECT-NNI-ROUTES match community "(^|,)91:20($|,)"
set devices device NV-GW01-N2-BLR config routing-instances GGH-EXPORT1-VRF protocols bgp 12302 routing-peer-policy IMPORT-POLICY-FROM-LAN-VRF term 2REJECT-NNI-ROUTES action reject
set devices device NV-GW01-N2-BLR config routing-instances GGH-EXPORT1-VRF protocols bgp 12302 routing-peer-policy IMPORT-POLICY-FROM-LAN-VRF term 3ACCEPT-REST action accept
set devices device NV-GW01-N2-BLR config routing-instances GGH-EXPORT1-VRF protocols bgp 12302 routing-peer-policy IMPORT-POLICY-FROM-LAN-VRF term 3ACCEPT-REST action community 91:11
set devices device NV-GW01-N2-BLR config routing-instances GGH-EXPORT1-VRF protocols bgp 12302 routing-peer-policy IMPORT-POLICY-FROM-LAN-VRF term 3ACCEPT-REST action community-action set-specific

set devices device NV-GW01-N2-BLR config routing-instances GGH-EXPORT1-VRF protocols bgp 12302 ibgp-preference 200
set devices device NV-GW01-N2-BLR config routing-instances GGH-EXPORT1-VRF protocols bgp 12302 ebgp-preference 20
set devices device NV-GW01-N2-BLR config routing-instances GGH-EXPORT1-VRF protocols bgp 12302 group EBGP-With-LAN_VRF type external
set devices device NV-GW01-N2-BLR config routing-instances GGH-EXPORT1-VRF protocols bgp 12302 group EBGP-With-LAN_VRF import IMPORT-POLICY-FROM-LAN-VRF
set devices device NV-GW01-N2-BLR config routing-instances GGH-EXPORT1-VRF protocols bgp 12302 group EBGP-With-LAN_VRF neighbor 10.123.47.65 local-address 10.123.47.66
set devices device NV-GW01-N2-BLR config routing-instances GGH-EXPORT1-VRF protocols bgp 12302 group EBGP-With-LAN_VRF neighbor 10.123.47.65 peer-as 15404
set devices device NV-GW01-N2-BLR config routing-instances GGH-EXPORT1-VRF protocols bgp 12302 debug level debug



set devices device NV-GW01-N2-BLR config routing-instances GGH-LAN1-VRF policy-options redistribution-policy REDIS-TO-BGP term ACCEPT-BGP match protocol bgp
set devices device NV-GW01-N2-BLR config routing-instances GGH-LAN1-VRF policy-options redistribution-policy REDIS-TO-BGP term ACCEPT-BGP action accept
set devices device NV-GW01-N2-BLR config routing-instances GGH-LAN1-VRF policy-options redistribution-policy REDIS-TO-BGP term ACCEPT-BGP action set-origin igp
set devices device NV-GW01-N2-BLR config routing-instances GGH-LAN1-VRF policy-options redistribution-policy REDIS-TO-BGP term ACCEPT-DIRECT match protocol direct
set devices device NV-GW01-N2-BLR config routing-instances GGH-LAN1-VRF policy-options redistribution-policy REDIS-TO-BGP term ACCEPT-DIRECT action accept
set devices device NV-GW01-N2-BLR config routing-instances GGH-LAN1-VRF policy-options redistribution-policy REDIS-TO-BGP term ACCEPT-DIRECT action set-origin igp
set devices device NV-GW01-N2-BLR config routing-instances GGH-LAN1-VRF policy-options redistribution-policy REDIS-TO-BGP term ACCEPT-STATIC match protocol static
set devices device NV-GW01-N2-BLR config routing-instances GGH-LAN1-VRF policy-options redistribution-policy REDIS-TO-BGP term ACCEPT-STATIC action accept
set devices device NV-GW01-N2-BLR config routing-instances GGH-LAN1-VRF policy-options redistribution-policy REDIS-TO-BGP term ACCEPT-STATIC action set-origin igp
set devices device NV-GW01-N2-BLR config routing-instances GGH-LAN1-VRF policy-options redistribute-to-bgp REDIS-TO-BGP
set devices device NV-GW01-N2-BLR config routing-instances GGH-LAN1-VRF instance-type vrf
set devices device NV-GW01-N2-BLR config routing-instances GGH-LAN1-VRF global-vrf-id 1350
set devices device NV-GW01-N2-BLR config routing-instances GGH-LAN1-VRF networks [ GGH-MPLS1 ]
set devices device NV-GW01-N2-BLR config routing-instances GGH-LAN1-VRF mpls-vpn-core-instance GGH-Control-VR
set devices device NV-GW01-N2-BLR config routing-instances GGH-LAN1-VRF interfaces [ tvi-0/1350.0 ]
set devices device NV-GW01-N2-BLR config routing-instances GGH-LAN1-VRF route-distinguisher 1350L:1350
set devices device NV-GW01-N2-BLR config routing-instances GGH-LAN1-VRF vrf-import-target target:1350L:1350
set devices device NV-GW01-N2-BLR config routing-instances GGH-LAN1-VRF vrf-export-target target:1350L:13502
set devices device NV-GW01-N2-BLR config routing-instances GGH-LAN1-VRF protocols bgp 12301 router-id 193.123.1.2 local-as as-number 15404
set devices device NV-GW01-N2-BLR config routing-instances GGH-LAN1-VRF protocols bgp 12301 route-flap free-max-time 180
set devices device NV-GW01-N2-BLR config routing-instances GGH-LAN1-VRF protocols bgp 12301 route-flap reuse-max-time 60
set devices device NV-GW01-N2-BLR config routing-instances GGH-LAN1-VRF protocols bgp 12301 route-flap reuse-size 256
set devices device NV-GW01-N2-BLR config routing-instances GGH-LAN1-VRF protocols bgp 12301 route-flap reuse-array-size 1024
set devices device NV-GW01-N2-BLR config routing-instances GGH-LAN1-VRF protocols bgp 12301 graceful-restart maximum-restart-time 120
set devices device NV-GW01-N2-BLR config routing-instances GGH-LAN1-VRF protocols bgp 12301 graceful-restart recovery-time 120
set devices device NV-GW01-N2-BLR config routing-instances GGH-LAN1-VRF protocols bgp 12301 graceful-restart select-defer-time 120
set devices device NV-GW01-N2-BLR config routing-instances GGH-LAN1-VRF protocols bgp 12301 graceful-restart stalepath-time 120
set devices device NV-GW01-N2-BLR config routing-instances GGH-LAN1-VRF protocols bgp 12301 graceful-restart dynamic-peer-restart-time 0
set devices device NV-GW01-N2-BLR config routing-instances GGH-LAN1-VRF protocols bgp 12301 prefix-list PTVI-INT seq 10 permit
set devices device NV-GW01-N2-BLR config routing-instances GGH-LAN1-VRF protocols bgp 12301 prefix-list PTVI-INT seq 10 address-family ipv4 unicast address-mask 10.123.47.64/30
set devices device NV-GW01-N2-BLR config routing-instances GGH-LAN1-VRF protocols bgp 12301 prefix-list PTVI-INT seq 10 address-family ipv4 unicast ge_le ge 30
set devices device NV-GW01-N2-BLR config routing-instances GGH-LAN1-VRF protocols bgp 12301 prefix-list PTVI-INT seq 10 address-family ipv4 unicast ge_le le 32

set devices device NV-GW01-N2-BLR config routing-instances GGH-LAN1-VRF protocols bgp 12301 routing-peer-policy EXPORT-POLICY-NNI term 1REJECT-PTVI-INT match ip nlri prefix-list PTVI-INT
set devices device NV-GW01-N2-BLR config routing-instances GGH-LAN1-VRF protocols bgp 12301 routing-peer-policy EXPORT-POLICY-NNI term 1REJECT-PTVI-INT action reject
set devices device NV-GW01-N2-BLR config routing-instances GGH-LAN1-VRF protocols bgp 12301 routing-peer-policy EXPORT-POLICY-NNI term 2REJECT-LOOP match community "(^|,)91:11($|,)"
set devices device NV-GW01-N2-BLR config routing-instances GGH-LAN1-VRF protocols bgp 12301 routing-peer-policy EXPORT-POLICY-NNI term 2REJECT-LOOP action reject
set devices device NV-GW01-N2-BLR config routing-instances GGH-LAN1-VRF protocols bgp 12301 routing-peer-policy EXPORT-POLICY-NNI term 3ADD-SDWAN-COMM match community "(^|,)91:10($|,)"
set devices device NV-GW01-N2-BLR config routing-instances GGH-LAN1-VRF protocols bgp 12301 routing-peer-policy EXPORT-POLICY-NNI term 3ADD-SDWAN-COMM action accept
set devices device NV-GW01-N2-BLR config routing-instances GGH-LAN1-VRF protocols bgp 12301 routing-peer-policy EXPORT-POLICY-NNI term 3ADD-SDWAN-COMM action community 100:10
set devices device NV-GW01-N2-BLR config routing-instances GGH-LAN1-VRF protocols bgp 12301 routing-peer-policy EXPORT-POLICY-NNI term 3ADD-SDWAN-COMM action community-action set-specific
set devices device NV-GW01-N2-BLR config routing-instances GGH-LAN1-VRF protocols bgp 12301 routing-peer-policy EXPORT-POLICY-NNI term 4DENY-REST action reject
set devices device NV-GW01-N2-BLR config routing-instances GGH-LAN1-VRF protocols bgp 12301 routing-peer-policy EXPORT-PAIR-TVI-LOOP-PREV term 1DENY-LOOP match community "(^|,)91:11($|,)"
set devices device NV-GW01-N2-BLR config routing-instances GGH-LAN1-VRF protocols bgp 12301 routing-peer-policy EXPORT-PAIR-TVI-LOOP-PREV term 1DENY-LOOP action reject
set devices device NV-GW01-N2-BLR config routing-instances GGH-LAN1-VRF protocols bgp 12301 routing-peer-policy EXPORT-PAIR-TVI-LOOP-PREV term 2ALLOW-REST action accept
set devices device NV-GW01-N2-BLR config routing-instances GGH-LAN1-VRF protocols bgp 12301 routing-peer-policy IMPORT-POLICY-NNI term 1REJECT-SDWAN-ROUTES match community "(^|,)100:10($|,)"
set devices device NV-GW01-N2-BLR config routing-instances GGH-LAN1-VRF protocols bgp 12301 routing-peer-policy IMPORT-POLICY-NNI term 1REJECT-SDWAN-ROUTES action reject
set devices device NV-GW01-N2-BLR config routing-instances GGH-LAN1-VRF protocols bgp 12301 routing-peer-policy IMPORT-POLICY-NNI term 2ACCEPT-REST action accept
set devices device NV-GW01-N2-BLR config routing-instances GGH-LAN1-VRF protocols bgp 12301 routing-peer-policy IMPORT-POLICY-NNI term 2ACCEPT-REST action community 91:20
set devices device NV-GW01-N2-BLR config routing-instances GGH-LAN1-VRF protocols bgp 12301 routing-peer-policy IMPORT-POLICY-NNI term 2ACCEPT-REST action community-action set-specific
set devices device NV-GW01-N2-BLR config routing-instances GGH-LAN1-VRF protocols bgp 12301 ibgp-preference 200
set devices device NV-GW01-N2-BLR config routing-instances GGH-LAN1-VRF protocols bgp 12301 ebgp-preference 20
set devices device NV-GW01-N2-BLR config routing-instances GGH-LAN1-VRF protocols bgp 12301 group EBGP-WITH-EXPORT_VRF type external
set devices device NV-GW01-N2-BLR config routing-instances GGH-LAN1-VRF protocols bgp 12301 group EBGP-WITH-EXPORT_VRF export EXPORT-PAIR-TVI-LOOP-PREV
set devices device NV-GW01-N2-BLR config routing-instances GGH-LAN1-VRF protocols bgp 12301 group EBGP-WITH-EXPORT_VRF neighbor 10.123.47.66 local-address 10.123.47.65
set devices device NV-GW01-N2-BLR config routing-instances GGH-LAN1-VRF protocols bgp 12301 group EBGP-WITH-EXPORT_VRF neighbor 10.123.47.66 peer-as 65506
set devices device NV-GW01-N2-BLR config routing-instances GGH-LAN1-VRF protocols bgp 12301 group EBGP-With-SAR-TypeA-NNI type external
set devices device NV-GW01-N2-BLR config routing-instances GGH-LAN1-VRF protocols bgp 12301 group EBGP-With-SAR-TypeA-NNI import IMPORT-POLICY-NNI
set devices device NV-GW01-N2-BLR config routing-instances GGH-LAN1-VRF protocols bgp 12301 group EBGP-With-SAR-TypeA-NNI export EXPORT-POLICY-NNI
set devices device NV-GW01-N2-BLR config routing-instances GGH-LAN1-VRF protocols bgp 12301 group EBGP-With-SAR-TypeA-NNI neighbor 193.123.1.1 local-address 193.123.1.2
set devices device NV-GW01-N2-BLR config routing-instances GGH-LAN1-VRF protocols bgp 12301 group EBGP-With-SAR-TypeA-NNI neighbor 193.123.1.1 peer-as 8220
set devices device NV-GW01-N2-BLR config routing-instances GGH-LAN1-VRF protocols bgp 12301 debug level debug



set devices device NV-GW01-N2-BLR config routing-instances GGH-EXPORT2-VRF policy-options redistribution-policy REDIS-TO-BGP term ACCEPT-BGP match protocol bgp
set devices device NV-GW01-N2-BLR config routing-instances GGH-EXPORT2-VRF policy-options redistribution-policy REDIS-TO-BGP term ACCEPT-BGP action accept
set devices device NV-GW01-N2-BLR config routing-instances GGH-EXPORT2-VRF policy-options redistribute-to-bgp REDIS-TO-BGP
set devices device NV-GW01-N2-BLR config routing-instances GGH-EXPORT2-VRF instance-type vrf
set devices device NV-GW01-N2-BLR config routing-instances GGH-EXPORT2-VRF global-vrf-id 13512
set devices device NV-GW01-N2-BLR config routing-instances GGH-EXPORT2-VRF mpls-vpn-core-instance GGH-Control-VR
set devices device NV-GW01-N2-BLR config routing-instances GGH-EXPORT2-VRF interfaces [ tvi-0/3251.0 ]
set devices device NV-GW01-N2-BLR config routing-instances GGH-EXPORT2-VRF route-distinguisher 1351L:13512
set devices device NV-GW01-N2-BLR config routing-instances GGH-EXPORT2-VRF vrf-export-target target:1351L:13512
set devices device NV-GW01-N2-BLR config routing-instances GGH-EXPORT2-VRF protocols bgp 12302 router-id 10.123.47.70 local-as as-number 65506
set devices device NV-GW01-N2-BLR config routing-instances GGH-EXPORT2-VRF protocols bgp 12302 route-flap free-max-time 180
set devices device NV-GW01-N2-BLR config routing-instances GGH-EXPORT2-VRF protocols bgp 12302 route-flap reuse-max-time 60
set devices device NV-GW01-N2-BLR config routing-instances GGH-EXPORT2-VRF protocols bgp 12302 route-flap reuse-size 256
set devices device NV-GW01-N2-BLR config routing-instances GGH-EXPORT2-VRF protocols bgp 12302 route-flap reuse-array-size 1024
set devices device NV-GW01-N2-BLR config routing-instances GGH-EXPORT2-VRF protocols bgp 12302 graceful-restart maximum-restart-time 120
set devices device NV-GW01-N2-BLR config routing-instances GGH-EXPORT2-VRF protocols bgp 12302 graceful-restart recovery-time 120
set devices device NV-GW01-N2-BLR config routing-instances GGH-EXPORT2-VRF protocols bgp 12302 graceful-restart select-defer-time 120
set devices device NV-GW01-N2-BLR config routing-instances GGH-EXPORT2-VRF protocols bgp 12302 graceful-restart stalepath-time 120
set devices device NV-GW01-N2-BLR config routing-instances GGH-EXPORT2-VRF protocols bgp 12302 graceful-restart dynamic-peer-restart-time 0
set devices device NV-GW01-N2-BLR config routing-instances GGH-EXPORT2-VRF protocols bgp 12302 prefix-list NNI1-INT seq 10 permit
set devices device NV-GW01-N2-BLR config routing-instances GGH-EXPORT2-VRF protocols bgp 12302 prefix-list NNI1-INT seq 10 address-family ipv4 unicast address-mask 193.123.1.4/30
set devices device NV-GW01-N2-BLR config routing-instances GGH-EXPORT2-VRF protocols bgp 12302 prefix-list NNI1-INT seq 10 address-family ipv4 unicast ge_le ge 30
set devices device NV-GW01-N2-BLR config routing-instances GGH-EXPORT2-VRF protocols bgp 12302 prefix-list NNI1-INT seq 10 address-family ipv4 unicast ge_le le 32

set devices device NV-GW01-N2-BLR config routing-instances GGH-EXPORT2-VRF protocols bgp 12302 routing-peer-policy IMPORT-POLICY-FROM-LAN-VRF term 1REJECT-NNI-INT match ip nlri prefix-list NNI1-INT
set devices device NV-GW01-N2-BLR config routing-instances GGH-EXPORT2-VRF protocols bgp 12302 routing-peer-policy IMPORT-POLICY-FROM-LAN-VRF term 1REJECT-NNI-INT action reject
set devices device NV-GW01-N2-BLR config routing-instances GGH-EXPORT2-VRF protocols bgp 12302 routing-peer-policy IMPORT-POLICY-FROM-LAN-VRF term 2REJECT-NNI-ROUTES match community "(^|,)91:20($|,)"
set devices device NV-GW01-N2-BLR config routing-instances GGH-EXPORT2-VRF protocols bgp 12302 routing-peer-policy IMPORT-POLICY-FROM-LAN-VRF term 2REJECT-NNI-ROUTES action reject
set devices device NV-GW01-N2-BLR config routing-instances GGH-EXPORT2-VRF protocols bgp 12302 routing-peer-policy IMPORT-POLICY-FROM-LAN-VRF term 3ACCEPT-REST action accept
set devices device NV-GW01-N2-BLR config routing-instances GGH-EXPORT2-VRF protocols bgp 12302 routing-peer-policy IMPORT-POLICY-FROM-LAN-VRF term 3ACCEPT-REST action community 91:11
set devices device NV-GW01-N2-BLR config routing-instances GGH-EXPORT2-VRF protocols bgp 12302 routing-peer-policy IMPORT-POLICY-FROM-LAN-VRF term 3ACCEPT-REST action community-action set-specific

set devices device NV-GW01-N2-BLR config routing-instances GGH-EXPORT2-VRF protocols bgp 12302 ibgp-preference 200
set devices device NV-GW01-N2-BLR config routing-instances GGH-EXPORT2-VRF protocols bgp 12302 ebgp-preference 20
set devices device NV-GW01-N2-BLR config routing-instances GGH-EXPORT2-VRF protocols bgp 12302 group EBGP-With-LAN_VRF type external
set devices device NV-GW01-N2-BLR config routing-instances GGH-EXPORT2-VRF protocols bgp 12302 group EBGP-With-LAN_VRF import IMPORT-POLICY-FROM-LAN-VRF
set devices device NV-GW01-N2-BLR config routing-instances GGH-EXPORT2-VRF protocols bgp 12302 group EBGP-With-LAN_VRF neighbor 10.123.47.69 local-address 10.123.47.70
set devices device NV-GW01-N2-BLR config routing-instances GGH-EXPORT2-VRF protocols bgp 12302 group EBGP-With-LAN_VRF neighbor 10.123.47.69 peer-as 15404
set devices device NV-GW01-N2-BLR config routing-instances GGH-EXPORT2-VRF protocols bgp 12302 debug level debug



set devices device NV-GW01-N2-BLR config routing-instances GGH-LAN2-VRF policy-options redistribution-policy REDIS-TO-BGP term ACCEPT-BGP match protocol bgp
set devices device NV-GW01-N2-BLR config routing-instances GGH-LAN2-VRF policy-options redistribution-policy REDIS-TO-BGP term ACCEPT-BGP action accept
set devices device NV-GW01-N2-BLR config routing-instances GGH-LAN2-VRF policy-options redistribution-policy REDIS-TO-BGP term ACCEPT-BGP action set-origin igp
set devices device NV-GW01-N2-BLR config routing-instances GGH-LAN2-VRF policy-options redistribution-policy REDIS-TO-BGP term ACCEPT-DIRECT match protocol direct
set devices device NV-GW01-N2-BLR config routing-instances GGH-LAN2-VRF policy-options redistribution-policy REDIS-TO-BGP term ACCEPT-DIRECT action accept
set devices device NV-GW01-N2-BLR config routing-instances GGH-LAN2-VRF policy-options redistribution-policy REDIS-TO-BGP term ACCEPT-DIRECT action set-origin igp
set devices device NV-GW01-N2-BLR config routing-instances GGH-LAN2-VRF policy-options redistribution-policy REDIS-TO-BGP term ACCEPT-STATIC match protocol static
set devices device NV-GW01-N2-BLR config routing-instances GGH-LAN2-VRF policy-options redistribution-policy REDIS-TO-BGP term ACCEPT-STATIC action accept
set devices device NV-GW01-N2-BLR config routing-instances GGH-LAN2-VRF policy-options redistribution-policy REDIS-TO-BGP term ACCEPT-STATIC action set-origin igp
set devices device NV-GW01-N2-BLR config routing-instances GGH-LAN2-VRF policy-options redistribute-to-bgp REDIS-TO-BGP
set devices device NV-GW01-N2-BLR config routing-instances GGH-LAN2-VRF instance-type vrf
set devices device NV-GW01-N2-BLR config routing-instances GGH-LAN2-VRF global-vrf-id 1351
set devices device NV-GW01-N2-BLR config routing-instances GGH-LAN2-VRF networks [ GGH-MPLS2 ]
set devices device NV-GW01-N2-BLR config routing-instances GGH-LAN2-VRF mpls-vpn-core-instance GGH-Control-VR
set devices device NV-GW01-N2-BLR config routing-instances GGH-LAN2-VRF interfaces [ tvi-0/1351.0 ]
set devices device NV-GW01-N2-BLR config routing-instances GGH-LAN2-VRF route-distinguisher 1351L:1351
set devices device NV-GW01-N2-BLR config routing-instances GGH-LAN2-VRF vrf-import-target target:1351L:1351
set devices device NV-GW01-N2-BLR config routing-instances GGH-LAN2-VRF vrf-export-target target:1351L:13512
set devices device NV-GW01-N2-BLR config routing-instances GGH-LAN2-VRF protocols bgp 12301 router-id 193.123.1.2 local-as as-number 15404
set devices device NV-GW01-N2-BLR config routing-instances GGH-LAN2-VRF protocols bgp 12301 route-flap free-max-time 180
set devices device NV-GW01-N2-BLR config routing-instances GGH-LAN2-VRF protocols bgp 12301 route-flap reuse-max-time 60
set devices device NV-GW01-N2-BLR config routing-instances GGH-LAN2-VRF protocols bgp 12301 route-flap reuse-size 256
set devices device NV-GW01-N2-BLR config routing-instances GGH-LAN2-VRF protocols bgp 12301 route-flap reuse-array-size 1024
set devices device NV-GW01-N2-BLR config routing-instances GGH-LAN2-VRF protocols bgp 12301 graceful-restart maximum-restart-time 120
set devices device NV-GW01-N2-BLR config routing-instances GGH-LAN2-VRF protocols bgp 12301 graceful-restart recovery-time 120
set devices device NV-GW01-N2-BLR config routing-instances GGH-LAN2-VRF protocols bgp 12301 graceful-restart select-defer-time 120
set devices device NV-GW01-N2-BLR config routing-instances GGH-LAN2-VRF protocols bgp 12301 graceful-restart stalepath-time 120
set devices device NV-GW01-N2-BLR config routing-instances GGH-LAN2-VRF protocols bgp 12301 graceful-restart dynamic-peer-restart-time 0
set devices device NV-GW01-N2-BLR config routing-instances GGH-LAN2-VRF protocols bgp 12301 prefix-list PTVI-INT seq 10 permit
set devices device NV-GW01-N2-BLR config routing-instances GGH-LAN2-VRF protocols bgp 12301 prefix-list PTVI-INT seq 10 address-family ipv4 unicast address-mask 10.123.47.68/30
set devices device NV-GW01-N2-BLR config routing-instances GGH-LAN2-VRF protocols bgp 12301 prefix-list PTVI-INT seq 10 address-family ipv4 unicast ge_le ge 30
set devices device NV-GW01-N2-BLR config routing-instances GGH-LAN2-VRF protocols bgp 12301 prefix-list PTVI-INT seq 10 address-family ipv4 unicast ge_le le 32

set devices device NV-GW01-N2-BLR config routing-instances GGH-LAN2-VRF protocols bgp 12301 routing-peer-policy EXPORT-POLICY-NNI term 1REJECT-PTVI-INT match ip nlri prefix-list PTVI-INT
set devices device NV-GW01-N2-BLR config routing-instances GGH-LAN2-VRF protocols bgp 12301 routing-peer-policy EXPORT-POLICY-NNI term 1REJECT-PTVI-INT action reject
set devices device NV-GW01-N2-BLR config routing-instances GGH-LAN2-VRF protocols bgp 12301 routing-peer-policy EXPORT-POLICY-NNI term 2REJECT-LOOP match community "(^|,)91:11($|,)"
set devices device NV-GW01-N2-BLR config routing-instances GGH-LAN2-VRF protocols bgp 12301 routing-peer-policy EXPORT-POLICY-NNI term 2REJECT-LOOP action reject
set devices device NV-GW01-N2-BLR config routing-instances GGH-LAN2-VRF protocols bgp 12301 routing-peer-policy EXPORT-POLICY-NNI term 3ADD-SDWAN-COMM match community "(^|,)91:10($|,)"
set devices device NV-GW01-N2-BLR config routing-instances GGH-LAN2-VRF protocols bgp 12301 routing-peer-policy EXPORT-POLICY-NNI term 3ADD-SDWAN-COMM action accept
set devices device NV-GW01-N2-BLR config routing-instances GGH-LAN2-VRF protocols bgp 12301 routing-peer-policy EXPORT-POLICY-NNI term 3ADD-SDWAN-COMM action community 100:10
set devices device NV-GW01-N2-BLR config routing-instances GGH-LAN2-VRF protocols bgp 12301 routing-peer-policy EXPORT-POLICY-NNI term 3ADD-SDWAN-COMM action community-action set-specific
set devices device NV-GW01-N2-BLR config routing-instances GGH-LAN2-VRF protocols bgp 12301 routing-peer-policy EXPORT-POLICY-NNI term 4DENY-REST action reject
set devices device NV-GW01-N2-BLR config routing-instances GGH-LAN2-VRF protocols bgp 12301 routing-peer-policy EXPORT-PAIR-TVI-LOOP-PREV term 1DENY-LOOP match community "(^|,)91:11($|,)"
set devices device NV-GW01-N2-BLR config routing-instances GGH-LAN2-VRF protocols bgp 12301 routing-peer-policy EXPORT-PAIR-TVI-LOOP-PREV term 1DENY-LOOP action reject
set devices device NV-GW01-N2-BLR config routing-instances GGH-LAN2-VRF protocols bgp 12301 routing-peer-policy EXPORT-PAIR-TVI-LOOP-PREV term 2ALLOW-REST action accept
set devices device NV-GW01-N2-BLR config routing-instances GGH-LAN2-VRF protocols bgp 12301 routing-peer-policy IMPORT-POLICY-NNI term 1REJECT-SDWAN-ROUTES match community "(^|,)100:10($|,)"
set devices device NV-GW01-N2-BLR config routing-instances GGH-LAN2-VRF protocols bgp 12301 routing-peer-policy IMPORT-POLICY-NNI term 1REJECT-SDWAN-ROUTES action reject
set devices device NV-GW01-N2-BLR config routing-instances GGH-LAN2-VRF protocols bgp 12301 routing-peer-policy IMPORT-POLICY-NNI term 2ACCEPT-REST action accept
set devices device NV-GW01-N2-BLR config routing-instances GGH-LAN2-VRF protocols bgp 12301 routing-peer-policy IMPORT-POLICY-NNI term 2ACCEPT-REST action community 91:20
set devices device NV-GW01-N2-BLR config routing-instances GGH-LAN2-VRF protocols bgp 12301 routing-peer-policy IMPORT-POLICY-NNI term 2ACCEPT-REST action community-action set-specific
set devices device NV-GW01-N2-BLR config routing-instances GGH-LAN2-VRF protocols bgp 12301 ibgp-preference 200
set devices device NV-GW01-N2-BLR config routing-instances GGH-LAN2-VRF protocols bgp 12301 ebgp-preference 20
set devices device NV-GW01-N2-BLR config routing-instances GGH-LAN2-VRF protocols bgp 12301 group EBGP-WITH-EXPORT_VRF type external
set devices device NV-GW01-N2-BLR config routing-instances GGH-LAN2-VRF protocols bgp 12301 group EBGP-WITH-EXPORT_VRF export EXPORT-PAIR-TVI-LOOP-PREV
set devices device NV-GW01-N2-BLR config routing-instances GGH-LAN2-VRF protocols bgp 12301 group EBGP-WITH-EXPORT_VRF neighbor 10.123.47.70 local-address 10.123.47.69
set devices device NV-GW01-N2-BLR config routing-instances GGH-LAN2-VRF protocols bgp 12301 group EBGP-WITH-EXPORT_VRF neighbor 10.123.47.70 peer-as 65506
set devices device NV-GW01-N2-BLR config routing-instances GGH-LAN2-VRF protocols bgp 12301 group EBGP-With-SAR-TypeA-NNI type external
set devices device NV-GW01-N2-BLR config routing-instances GGH-LAN2-VRF protocols bgp 12301 group EBGP-With-SAR-TypeA-NNI import IMPORT-POLICY-NNI
set devices device NV-GW01-N2-BLR config routing-instances GGH-LAN2-VRF protocols bgp 12301 group EBGP-With-SAR-TypeA-NNI export EXPORT-POLICY-NNI
set devices device NV-GW01-N2-BLR config routing-instances GGH-LAN2-VRF protocols bgp 12301 group EBGP-With-SAR-TypeA-NNI neighbor 193.123.1.1 local-address 193.123.1.2
set devices device NV-GW01-N2-BLR config routing-instances GGH-LAN2-VRF protocols bgp 12301 group EBGP-With-SAR-TypeA-NNI neighbor 193.123.1.1 peer-as 8220
set devices device NV-GW01-N2-BLR config routing-instances GGH-LAN2-VRF protocols bgp 12301 debug level debug



set devices device NV-GW01-N2-BLR config routing-instances GGH-EXPORT3-VRF policy-options redistribution-policy REDIS-TO-BGP term ACCEPT-BGP match protocol bgp
set devices device NV-GW01-N2-BLR config routing-instances GGH-EXPORT3-VRF policy-options redistribution-policy REDIS-TO-BGP term ACCEPT-BGP action accept
set devices device NV-GW01-N2-BLR config routing-instances GGH-EXPORT3-VRF policy-options redistribute-to-bgp REDIS-TO-BGP
set devices device NV-GW01-N2-BLR config routing-instances GGH-EXPORT3-VRF instance-type vrf
set devices device NV-GW01-N2-BLR config routing-instances GGH-EXPORT3-VRF global-vrf-id 13522
set devices device NV-GW01-N2-BLR config routing-instances GGH-EXPORT3-VRF mpls-vpn-core-instance GGH-Control-VR
set devices device NV-GW01-N2-BLR config routing-instances GGH-EXPORT3-VRF interfaces [ tvi-0/3252.0 ]
set devices device NV-GW01-N2-BLR config routing-instances GGH-EXPORT3-VRF route-distinguisher 1352L:13522
set devices device NV-GW01-N2-BLR config routing-instances GGH-EXPORT3-VRF vrf-export-target target:1352L:13522
set devices device NV-GW01-N2-BLR config routing-instances GGH-EXPORT3-VRF protocols bgp 12302 router-id 10.123.47.74 local-as as-number 65506
set devices device NV-GW01-N2-BLR config routing-instances GGH-EXPORT3-VRF protocols bgp 12302 route-flap free-max-time 180
set devices device NV-GW01-N2-BLR config routing-instances GGH-EXPORT3-VRF protocols bgp 12302 route-flap reuse-max-time 60
set devices device NV-GW01-N2-BLR config routing-instances GGH-EXPORT3-VRF protocols bgp 12302 route-flap reuse-size 256
set devices device NV-GW01-N2-BLR config routing-instances GGH-EXPORT3-VRF protocols bgp 12302 route-flap reuse-array-size 1024
set devices device NV-GW01-N2-BLR config routing-instances GGH-EXPORT3-VRF protocols bgp 12302 graceful-restart maximum-restart-time 120
set devices device NV-GW01-N2-BLR config routing-instances GGH-EXPORT3-VRF protocols bgp 12302 graceful-restart recovery-time 120
set devices device NV-GW01-N2-BLR config routing-instances GGH-EXPORT3-VRF protocols bgp 12302 graceful-restart select-defer-time 120
set devices device NV-GW01-N2-BLR config routing-instances GGH-EXPORT3-VRF protocols bgp 12302 graceful-restart stalepath-time 120
set devices device NV-GW01-N2-BLR config routing-instances GGH-EXPORT3-VRF protocols bgp 12302 graceful-restart dynamic-peer-restart-time 0
set devices device NV-GW01-N2-BLR config routing-instances GGH-EXPORT3-VRF protocols bgp 12302 prefix-list NNI1-INT seq 10 permit
set devices device NV-GW01-N2-BLR config routing-instances GGH-EXPORT3-VRF protocols bgp 12302 prefix-list NNI1-INT seq 10 address-family ipv4 unicast address-mask 193.123.1.8/30
set devices device NV-GW01-N2-BLR config routing-instances GGH-EXPORT3-VRF protocols bgp 12302 prefix-list NNI1-INT seq 10 address-family ipv4 unicast ge_le ge 30
set devices device NV-GW01-N2-BLR config routing-instances GGH-EXPORT3-VRF protocols bgp 12302 prefix-list NNI1-INT seq 10 address-family ipv4 unicast ge_le le 32

set devices device NV-GW01-N2-BLR config routing-instances GGH-EXPORT3-VRF protocols bgp 12302 routing-peer-policy IMPORT-POLICY-FROM-LAN-VRF term 1REJECT-NNI-INT match ip nlri prefix-list NNI1-INT
set devices device NV-GW01-N2-BLR config routing-instances GGH-EXPORT3-VRF protocols bgp 12302 routing-peer-policy IMPORT-POLICY-FROM-LAN-VRF term 1REJECT-NNI-INT action reject
set devices device NV-GW01-N2-BLR config routing-instances GGH-EXPORT3-VRF protocols bgp 12302 routing-peer-policy IMPORT-POLICY-FROM-LAN-VRF term 2REJECT-NNI-ROUTES match community "(^|,)91:20($|,)"
set devices device NV-GW01-N2-BLR config routing-instances GGH-EXPORT3-VRF protocols bgp 12302 routing-peer-policy IMPORT-POLICY-FROM-LAN-VRF term 2REJECT-NNI-ROUTES action reject
set devices device NV-GW01-N2-BLR config routing-instances GGH-EXPORT3-VRF protocols bgp 12302 routing-peer-policy IMPORT-POLICY-FROM-LAN-VRF term 3ACCEPT-REST action accept
set devices device NV-GW01-N2-BLR config routing-instances GGH-EXPORT3-VRF protocols bgp 12302 routing-peer-policy IMPORT-POLICY-FROM-LAN-VRF term 3ACCEPT-REST action community 91:11
set devices device NV-GW01-N2-BLR config routing-instances GGH-EXPORT3-VRF protocols bgp 12302 routing-peer-policy IMPORT-POLICY-FROM-LAN-VRF term 3ACCEPT-REST action community-action set-specific

set devices device NV-GW01-N2-BLR config routing-instances GGH-EXPORT3-VRF protocols bgp 12302 ibgp-preference 200
set devices device NV-GW01-N2-BLR config routing-instances GGH-EXPORT3-VRF protocols bgp 12302 ebgp-preference 20
set devices device NV-GW01-N2-BLR config routing-instances GGH-EXPORT3-VRF protocols bgp 12302 group EBGP-With-LAN_VRF type external
set devices device NV-GW01-N2-BLR config routing-instances GGH-EXPORT3-VRF protocols bgp 12302 group EBGP-With-LAN_VRF import IMPORT-POLICY-FROM-LAN-VRF
set devices device NV-GW01-N2-BLR config routing-instances GGH-EXPORT3-VRF protocols bgp 12302 group EBGP-With-LAN_VRF neighbor 10.123.47.73 local-address 10.123.47.74
set devices device NV-GW01-N2-BLR config routing-instances GGH-EXPORT3-VRF protocols bgp 12302 group EBGP-With-LAN_VRF neighbor 10.123.47.73 peer-as 15404
set devices device NV-GW01-N2-BLR config routing-instances GGH-EXPORT3-VRF protocols bgp 12302 debug level debug



set devices device NV-GW01-N2-BLR config routing-instances GGH-LAN3-VRF policy-options redistribution-policy REDIS-TO-BGP term ACCEPT-BGP match protocol bgp
set devices device NV-GW01-N2-BLR config routing-instances GGH-LAN3-VRF policy-options redistribution-policy REDIS-TO-BGP term ACCEPT-BGP action accept
set devices device NV-GW01-N2-BLR config routing-instances GGH-LAN3-VRF policy-options redistribution-policy REDIS-TO-BGP term ACCEPT-BGP action set-origin igp
set devices device NV-GW01-N2-BLR config routing-instances GGH-LAN3-VRF policy-options redistribution-policy REDIS-TO-BGP term ACCEPT-DIRECT match protocol direct
set devices device NV-GW01-N2-BLR config routing-instances GGH-LAN3-VRF policy-options redistribution-policy REDIS-TO-BGP term ACCEPT-DIRECT action accept
set devices device NV-GW01-N2-BLR config routing-instances GGH-LAN3-VRF policy-options redistribution-policy REDIS-TO-BGP term ACCEPT-DIRECT action set-origin igp
set devices device NV-GW01-N2-BLR config routing-instances GGH-LAN3-VRF policy-options redistribution-policy REDIS-TO-BGP term ACCEPT-STATIC match protocol static
set devices device NV-GW01-N2-BLR config routing-instances GGH-LAN3-VRF policy-options redistribution-policy REDIS-TO-BGP term ACCEPT-STATIC action accept
set devices device NV-GW01-N2-BLR config routing-instances GGH-LAN3-VRF policy-options redistribution-policy REDIS-TO-BGP term ACCEPT-STATIC action set-origin igp
set devices device NV-GW01-N2-BLR config routing-instances GGH-LAN3-VRF policy-options redistribute-to-bgp REDIS-TO-BGP
set devices device NV-GW01-N2-BLR config routing-instances GGH-LAN3-VRF instance-type vrf
set devices device NV-GW01-N2-BLR config routing-instances GGH-LAN3-VRF global-vrf-id 1352
set devices device NV-GW01-N2-BLR config routing-instances GGH-LAN3-VRF networks [ GGH-MPLS3 ]
set devices device NV-GW01-N2-BLR config routing-instances GGH-LAN3-VRF mpls-vpn-core-instance GGH-Control-VR
set devices device NV-GW01-N2-BLR config routing-instances GGH-LAN3-VRF interfaces [ tvi-0/1352.0 ]
set devices device NV-GW01-N2-BLR config routing-instances GGH-LAN3-VRF route-distinguisher 1352L:1352
set devices device NV-GW01-N2-BLR config routing-instances GGH-LAN3-VRF vrf-import-target target:1352L:1352
set devices device NV-GW01-N2-BLR config routing-instances GGH-LAN3-VRF vrf-export-target target:1352L:13522
set devices device NV-GW01-N2-BLR config routing-instances GGH-LAN3-VRF protocols bgp 12301 router-id 193.123.1.2 local-as as-number 15404
set devices device NV-GW01-N2-BLR config routing-instances GGH-LAN3-VRF protocols bgp 12301 route-flap free-max-time 180
set devices device NV-GW01-N2-BLR config routing-instances GGH-LAN3-VRF protocols bgp 12301 route-flap reuse-max-time 60
set devices device NV-GW01-N2-BLR config routing-instances GGH-LAN3-VRF protocols bgp 12301 route-flap reuse-size 256
set devices device NV-GW01-N2-BLR config routing-instances GGH-LAN3-VRF protocols bgp 12301 route-flap reuse-array-size 1024
set devices device NV-GW01-N2-BLR config routing-instances GGH-LAN3-VRF protocols bgp 12301 graceful-restart maximum-restart-time 120
set devices device NV-GW01-N2-BLR config routing-instances GGH-LAN3-VRF protocols bgp 12301 graceful-restart recovery-time 120
set devices device NV-GW01-N2-BLR config routing-instances GGH-LAN3-VRF protocols bgp 12301 graceful-restart select-defer-time 120
set devices device NV-GW01-N2-BLR config routing-instances GGH-LAN3-VRF protocols bgp 12301 graceful-restart stalepath-time 120
set devices device NV-GW01-N2-BLR config routing-instances GGH-LAN3-VRF protocols bgp 12301 graceful-restart dynamic-peer-restart-time 0
set devices device NV-GW01-N2-BLR config routing-instances GGH-LAN3-VRF protocols bgp 12301 prefix-list PTVI-INT seq 10 permit
set devices device NV-GW01-N2-BLR config routing-instances GGH-LAN3-VRF protocols bgp 12301 prefix-list PTVI-INT seq 10 address-family ipv4 unicast address-mask 10.123.47.72/30
set devices device NV-GW01-N2-BLR config routing-instances GGH-LAN3-VRF protocols bgp 12301 prefix-list PTVI-INT seq 10 address-family ipv4 unicast ge_le ge 30
set devices device NV-GW01-N2-BLR config routing-instances GGH-LAN3-VRF protocols bgp 12301 prefix-list PTVI-INT seq 10 address-family ipv4 unicast ge_le le 32

set devices device NV-GW01-N2-BLR config routing-instances GGH-LAN3-VRF protocols bgp 12301 routing-peer-policy EXPORT-POLICY-NNI term 1REJECT-PTVI-INT match ip nlri prefix-list PTVI-INT
set devices device NV-GW01-N2-BLR config routing-instances GGH-LAN3-VRF protocols bgp 12301 routing-peer-policy EXPORT-POLICY-NNI term 1REJECT-PTVI-INT action reject
set devices device NV-GW01-N2-BLR config routing-instances GGH-LAN3-VRF protocols bgp 12301 routing-peer-policy EXPORT-POLICY-NNI term 2REJECT-LOOP match community "(^|,)91:11($|,)"
set devices device NV-GW01-N2-BLR config routing-instances GGH-LAN3-VRF protocols bgp 12301 routing-peer-policy EXPORT-POLICY-NNI term 2REJECT-LOOP action reject
set devices device NV-GW01-N2-BLR config routing-instances GGH-LAN3-VRF protocols bgp 12301 routing-peer-policy EXPORT-POLICY-NNI term 3ADD-SDWAN-COMM match community "(^|,)91:10($|,)"
set devices device NV-GW01-N2-BLR config routing-instances GGH-LAN3-VRF protocols bgp 12301 routing-peer-policy EXPORT-POLICY-NNI term 3ADD-SDWAN-COMM action accept
set devices device NV-GW01-N2-BLR config routing-instances GGH-LAN3-VRF protocols bgp 12301 routing-peer-policy EXPORT-POLICY-NNI term 3ADD-SDWAN-COMM action community 100:10
set devices device NV-GW01-N2-BLR config routing-instances GGH-LAN3-VRF protocols bgp 12301 routing-peer-policy EXPORT-POLICY-NNI term 3ADD-SDWAN-COMM action community-action set-specific
set devices device NV-GW01-N2-BLR config routing-instances GGH-LAN3-VRF protocols bgp 12301 routing-peer-policy EXPORT-POLICY-NNI term 4DENY-REST action reject
set devices device NV-GW01-N2-BLR config routing-instances GGH-LAN3-VRF protocols bgp 12301 routing-peer-policy EXPORT-PAIR-TVI-LOOP-PREV term 1DENY-LOOP match community "(^|,)91:11($|,)"
set devices device NV-GW01-N2-BLR config routing-instances GGH-LAN3-VRF protocols bgp 12301 routing-peer-policy EXPORT-PAIR-TVI-LOOP-PREV term 1DENY-LOOP action reject
set devices device NV-GW01-N2-BLR config routing-instances GGH-LAN3-VRF protocols bgp 12301 routing-peer-policy EXPORT-PAIR-TVI-LOOP-PREV term 2ALLOW-REST action accept
set devices device NV-GW01-N2-BLR config routing-instances GGH-LAN3-VRF protocols bgp 12301 routing-peer-policy IMPORT-POLICY-NNI term 1REJECT-SDWAN-ROUTES match community "(^|,)100:10($|,)"
set devices device NV-GW01-N2-BLR config routing-instances GGH-LAN3-VRF protocols bgp 12301 routing-peer-policy IMPORT-POLICY-NNI term 1REJECT-SDWAN-ROUTES action reject
set devices device NV-GW01-N2-BLR config routing-instances GGH-LAN3-VRF protocols bgp 12301 routing-peer-policy IMPORT-POLICY-NNI term 2ACCEPT-REST action accept
set devices device NV-GW01-N2-BLR config routing-instances GGH-LAN3-VRF protocols bgp 12301 routing-peer-policy IMPORT-POLICY-NNI term 2ACCEPT-REST action community 91:20
set devices device NV-GW01-N2-BLR config routing-instances GGH-LAN3-VRF protocols bgp 12301 routing-peer-policy IMPORT-POLICY-NNI term 2ACCEPT-REST action community-action set-specific
set devices device NV-GW01-N2-BLR config routing-instances GGH-LAN3-VRF protocols bgp 12301 ibgp-preference 200
set devices device NV-GW01-N2-BLR config routing-instances GGH-LAN3-VRF protocols bgp 12301 ebgp-preference 20
set devices device NV-GW01-N2-BLR config routing-instances GGH-LAN3-VRF protocols bgp 12301 group EBGP-WITH-EXPORT_VRF type external
set devices device NV-GW01-N2-BLR config routing-instances GGH-LAN3-VRF protocols bgp 12301 group EBGP-WITH-EXPORT_VRF export EXPORT-PAIR-TVI-LOOP-PREV
set devices device NV-GW01-N2-BLR config routing-instances GGH-LAN3-VRF protocols bgp 12301 group EBGP-WITH-EXPORT_VRF neighbor 10.123.47.74 local-address 10.123.47.73
set devices device NV-GW01-N2-BLR config routing-instances GGH-LAN3-VRF protocols bgp 12301 group EBGP-WITH-EXPORT_VRF neighbor 10.123.47.74 peer-as 65506
set devices device NV-GW01-N2-BLR config routing-instances GGH-LAN3-VRF protocols bgp 12301 group EBGP-With-SAR-TypeA-NNI type external
set devices device NV-GW01-N2-BLR config routing-instances GGH-LAN3-VRF protocols bgp 12301 group EBGP-With-SAR-TypeA-NNI import IMPORT-POLICY-NNI
set devices device NV-GW01-N2-BLR config routing-instances GGH-LAN3-VRF protocols bgp 12301 group EBGP-With-SAR-TypeA-NNI export EXPORT-POLICY-NNI
set devices device NV-GW01-N2-BLR config routing-instances GGH-LAN3-VRF protocols bgp 12301 group EBGP-With-SAR-TypeA-NNI neighbor 193.123.1.1 local-address 193.123.1.2
set devices device NV-GW01-N2-BLR config routing-instances GGH-LAN3-VRF protocols bgp 12301 group EBGP-With-SAR-TypeA-NNI neighbor 193.123.1.1 peer-as 8220
set devices device NV-GW01-N2-BLR config routing-instances GGH-LAN3-VRF protocols bgp 12301 debug level debug


