2020-05-07 17:51:16,933 - VD1 - DEBUG - <netmiko.versa.versa_ssh.VersaSSH object at 0x0000000010B46F60>
2020-05-07 17:51:22,138 - VD1 - DEBUG - versa: Automated@VDir-BLR-NEW-01>
2020-05-07 17:51:27,111 - CPE26-SIN-DUAL-CPE-HYB-IPC00190-P - DEBUG - <netmiko.versa.versa_ssh.VersaSSH object at 0x0000000010BA90F0>
2020-05-07 17:51:32,316 - CPE26-SIN-DUAL-CPE-HYB-IPC00190-P - DEBUG - versa: Automated@VDir-BLR-NEW-01>
2020-05-07 17:51:37,359 - CPE26-SIN-DUAL-CPE-HYB-IPC00190-P - INFO - 
DELETE Service Object

2020-05-07 17:51:39,890 - CPE26-SIN-DUAL-CPE-HYB-IPC00190-P - ERROR - 
2020-05-07 17:51:39,894 - CPE26-SIN-DUAL-CPE-HYB-IPC00190-P - INFO - 
FAIL : 
2020-05-07 17:51:39,894 - CPE26-SIN-DUAL-CPE-HYB-IPC00190-P - INFO - >>>>>>>>>> ADDRESS OBJECT DELETION FAILED. <<<<<<<<<<<
2020-05-07 17:51:39,904 - CPE26-SIN-DUAL-CPE-HYB-IPC00190-P - INFO - 
DELETE IPaddress Object

2020-05-07 17:51:40,630 - CPE26-SIN-DUAL-CPE-HYB-IPC00190-P - ERROR - 
2020-05-07 17:51:40,632 - CPE26-SIN-DUAL-CPE-HYB-IPC00190-P - INFO - 
FAIL : 
2020-05-07 17:51:40,634 - CPE26-SIN-DUAL-CPE-HYB-IPC00190-P - INFO - >>>>>>>>>> ADDRESS OBJECT DELETION FAILED. <<<<<<<<<<<
2020-05-07 17:51:40,637 - CPE26-SIN-DUAL-CPE-HYB-IPC00190-P - INFO - 
DELETE IPaddress Object

2020-05-07 17:51:41,369 - CPE26-SIN-DUAL-CPE-HYB-IPC00190-P - ERROR - 
2020-05-07 17:51:41,375 - CPE26-SIN-DUAL-CPE-HYB-IPC00190-P - INFO - 
FAIL : 
2020-05-07 17:51:41,377 - CPE26-SIN-DUAL-CPE-HYB-IPC00190-P - INFO - >>>>>>>>>> ADDRESS OBJECT DELETION FAILED. <<<<<<<<<<<
2020-05-07 17:51:41,380 - CPE26-SIN-DUAL-CPE-HYB-IPC00190-P - INFO - 
DELETE FWD PROFILE

2020-05-07 17:51:42,096 - CPE26-SIN-DUAL-CPE-HYB-IPC00190-P - ERROR - 
2020-05-07 17:51:42,101 - CPE26-SIN-DUAL-CPE-HYB-IPC00190-P - INFO - 
FAIL : 
2020-05-07 17:51:42,101 - CPE26-SIN-DUAL-CPE-HYB-IPC00190-P - INFO - >>>>>>>>>> FORWARDING PROFILE DELETION FAILED. <<<<<<<<<<<
2020-05-07 17:51:42,105 - CPE26-SIN-DUAL-CPE-HYB-IPC00190-P - INFO - 
DELETE SLA profile

2020-05-07 17:51:42,838 - CPE26-SIN-DUAL-CPE-HYB-IPC00190-P - ERROR - 
2020-05-07 17:51:42,861 - CPE26-SIN-DUAL-CPE-HYB-IPC00190-P - INFO - 
FAIL : 
2020-05-07 17:51:42,862 - CPE26-SIN-DUAL-CPE-HYB-IPC00190-P - INFO - >>>>>>>>>> DELETE SLA Profile FAILED. <<<<<<<<<<<
