2020-01-15 18:31:50,727 - CPE11-HKG-HYBRD-IPC00190 - INFO - CPE NAME:CPE11-HKG-HYBRD-IPC00190
2020-01-15 18:31:51,740 - CPE11-HKG-HYBRD-IPC00190 - INFO - SOLUTION SELECTED:SINGLE-CPE-HYBRID
2020-01-15 18:31:51,865 - CPE11-HKG-HYBRD-IPC00190 - INFO - 
CREATE FWD PROFILE

2020-01-15 18:31:55,832 - CPE11-HKG-HYBRD-IPC00190 - DEBUG - <Response [201]>
2020-01-15 18:31:55,832 - CPE11-HKG-HYBRD-IPC00190 - INFO - 
PASS
2020-01-15 18:31:55,832 - CPE11-HKG-HYBRD-IPC00190 - INFO - >>>>>>>>>> FORWARDING PROFILE CREATION PASSED. <<<<<<<<<<<
2020-01-15 18:31:55,832 - CPE11-HKG-HYBRD-IPC00190 - INFO - 
CREATE IPaddress Object

2020-01-15 18:31:57,967 - CPE11-HKG-HYBRD-IPC00190 - DEBUG - <Response [201]>
2020-01-15 18:31:57,967 - CPE11-HKG-HYBRD-IPC00190 - INFO - 
PASS
2020-01-15 18:31:57,976 - CPE11-HKG-HYBRD-IPC00190 - INFO - >>>>>>>>>> ADDRESS OBJECT CREATION PASSED. <<<<<<<<<<<
2020-01-15 18:31:57,976 - CPE11-HKG-HYBRD-IPC00190 - INFO - 
DELETE IPaddress Object

2020-01-15 18:32:00,609 - CPE11-HKG-HYBRD-IPC00190 - INFO - 
PASS
2020-01-15 18:32:00,611 - CPE11-HKG-HYBRD-IPC00190 - INFO - >>>>>>>>>> ADDRESS OBJECT DELETION PASSED. <<<<<<<<<<<
2020-01-15 18:32:00,611 - CPE11-HKG-HYBRD-IPC00190 - INFO - 
DELETE FWD PROFILE

2020-01-15 18:32:03,803 - CPE11-HKG-HYBRD-IPC00190 - INFO - 
PASS
2020-01-15 18:32:03,803 - CPE11-HKG-HYBRD-IPC00190 - INFO - >>>>>>>>>> FORWARDING PROFILE DELETION PASSED. <<<<<<<<<<<
