2020-05-28 14:13:41,572 - CPE26-SIN-DUAL-CPE-DUAL-INTERNET-IPC00190-P - INFO - 
DELETE Service Object

2020-05-28 14:13:44,256 - CPE26-SIN-DUAL-CPE-DUAL-INTERNET-IPC00190-P - ERROR - 
2020-05-28 14:13:44,275 - CPE26-SIN-DUAL-CPE-DUAL-INTERNET-IPC00190-P - INFO - 
FAIL : 
2020-05-28 14:13:44,276 - CPE26-SIN-DUAL-CPE-DUAL-INTERNET-IPC00190-P - INFO - >>>>>>>>>> ADDRESS OBJECT DELETION FAILED. <<<<<<<<<<<
2020-05-28 14:13:44,276 - CPE26-SIN-DUAL-CPE-DUAL-INTERNET-IPC00190-P - INFO - 
DELETE IPaddress Object

2020-05-28 14:13:45,048 - CPE26-SIN-DUAL-CPE-DUAL-INTERNET-IPC00190-P - ERROR - 
2020-05-28 14:13:45,051 - CPE26-SIN-DUAL-CPE-DUAL-INTERNET-IPC00190-P - INFO - 
FAIL : 
2020-05-28 14:13:45,052 - CPE26-SIN-DUAL-CPE-DUAL-INTERNET-IPC00190-P - INFO - >>>>>>>>>> ADDRESS OBJECT DELETION FAILED. <<<<<<<<<<<
2020-05-28 14:13:45,056 - CPE26-SIN-DUAL-CPE-DUAL-INTERNET-IPC00190-P - INFO - 
DELETE IPaddress Object

2020-05-28 14:13:45,828 - CPE26-SIN-DUAL-CPE-DUAL-INTERNET-IPC00190-P - ERROR - 
2020-05-28 14:13:45,832 - CPE26-SIN-DUAL-CPE-DUAL-INTERNET-IPC00190-P - INFO - 
FAIL : 
2020-05-28 14:13:45,832 - CPE26-SIN-DUAL-CPE-DUAL-INTERNET-IPC00190-P - INFO - >>>>>>>>>> ADDRESS OBJECT DELETION FAILED. <<<<<<<<<<<
2020-05-28 14:13:45,835 - CPE26-SIN-DUAL-CPE-DUAL-INTERNET-IPC00190-P - INFO - 
DELETE FWD PROFILE

2020-05-28 14:13:46,559 - CPE26-SIN-DUAL-CPE-DUAL-INTERNET-IPC00190-P - ERROR - 
2020-05-28 14:13:46,562 - CPE26-SIN-DUAL-CPE-DUAL-INTERNET-IPC00190-P - INFO - 
FAIL : 
2020-05-28 14:13:46,565 - CPE26-SIN-DUAL-CPE-DUAL-INTERNET-IPC00190-P - INFO - >>>>>>>>>> FORWARDING PROFILE DELETION FAILED. <<<<<<<<<<<
2020-05-28 14:13:46,568 - CPE26-SIN-DUAL-CPE-DUAL-INTERNET-IPC00190-P - INFO - 
DELETE SLA profile

2020-05-28 14:13:47,246 - CPE26-SIN-DUAL-CPE-DUAL-INTERNET-IPC00190-P - ERROR - 
2020-05-28 14:13:47,247 - CPE26-SIN-DUAL-CPE-DUAL-INTERNET-IPC00190-P - INFO - 
FAIL : 
2020-05-28 14:13:47,249 - CPE26-SIN-DUAL-CPE-DUAL-INTERNET-IPC00190-P - INFO - >>>>>>>>>> DELETE SLA Profile FAILED. <<<<<<<<<<<
