2019-09-06 11:34:24,885 - CPE26-HKG2-DDI - INFO - CPE NAME:CPE26-HKG2-DDI
2019-09-06 11:34:25,887 - CPE26-HKG2-DDI - INFO - SOLUTION SELECTED:DUAL-CPE-DUAL-INTERNET
2019-09-06 11:34:27,059 - CPE26-HKG2-DDI - INFO - {u'versanms.sdwan-org-workflow': {u'ikeAuthType': u'psk', u'globalId': 90, u'orgName': u'IPC00190', u'controllers': [u'NV-WC01-N1-HKG', u'NV-WC01-N6-SIN', u'NV-WC02-N1-HKG', u'NV-WC02-N6-SIN'], u'bandwidth': 10, u'parentOrg': u'Colt', u'vrfs': [{u'name': u'LAN1-VRF', u'enableVPN': True, u'id': 1020}, {u'name': u'LAN2-VRF', u'enableVPN': True, u'id': 1021}, {u'name': u'LAN3-VRF', u'enableVPN': True, u'id': 1022}, {u'name': u'LAN4-VRF', u'enableVPN': True, u'id': 1023}, {u'name': u'LAN5-VRF', u'enableVPN': True, u'id': 1024}, {u'name': u'LAN6-VRF', u'enableVPN': True, u'id': 1025}, {u'name': u'LAN7-VRF', u'enableVPN': True, u'id': 1026}, {u'name': u'LAN8-VRF', u'enableVPN': True, u'id': 1027}, {u'name': u'LAN9-VRF', u'enableVPN': True, u'id': 1028}, {u'name': u'LAN10-VRF', u'enableVPN': True, u'id': 1029}], u'solutionTier': u'base-sdwan', u'sharedControlPlane': False}}
2019-09-06 11:34:27,346 - CPE26-HKG2-DDI - INFO - {u'versanms.sdwan-org-workflow': {u'ikeAuthType': u'psk', u'globalId': 90, u'orgName': u'IPC00190', u'controllers': [u'NV-WC01-N1-HKG', u'NV-WC01-N6-SIN', u'NV-WC02-N1-HKG', u'NV-WC02-N6-SIN'], u'bandwidth': 10, u'parentOrg': u'Colt', u'vrfs': [{u'name': u'LAN1-VRF', u'enableVPN': True, u'id': 1020}, {u'name': u'LAN2-VRF', u'enableVPN': True, u'id': 1021}, {u'name': u'LAN3-VRF', u'enableVPN': True, u'id': 1022}, {u'name': u'LAN4-VRF', u'enableVPN': True, u'id': 1023}, {u'name': u'LAN5-VRF', u'enableVPN': True, u'id': 1024}, {u'name': u'LAN6-VRF', u'enableVPN': True, u'id': 1025}, {u'name': u'LAN7-VRF', u'enableVPN': True, u'id': 1026}, {u'name': u'LAN8-VRF', u'enableVPN': True, u'id': 1027}, {u'name': u'LAN9-VRF', u'enableVPN': True, u'id': 1028}, {u'name': u'LAN10-VRF', u'enableVPN': True, u'id': 1029}], u'solutionTier': u'base-sdwan', u'sharedControlPlane': False}}
2019-09-06 11:34:27,642 - CPE26-HKG2-DDI - INFO - {u'versanms.sdwan-org-workflow': {u'ikeAuthType': u'psk', u'globalId': 90, u'orgName': u'IPC00190', u'controllers': [u'NV-WC01-N1-HKG', u'NV-WC01-N6-SIN', u'NV-WC02-N1-HKG', u'NV-WC02-N6-SIN'], u'bandwidth': 10, u'parentOrg': u'Colt', u'vrfs': [{u'name': u'LAN1-VRF', u'enableVPN': True, u'id': 1020}, {u'name': u'LAN2-VRF', u'enableVPN': True, u'id': 1021}, {u'name': u'LAN3-VRF', u'enableVPN': True, u'id': 1022}, {u'name': u'LAN4-VRF', u'enableVPN': True, u'id': 1023}, {u'name': u'LAN5-VRF', u'enableVPN': True, u'id': 1024}, {u'name': u'LAN6-VRF', u'enableVPN': True, u'id': 1025}, {u'name': u'LAN7-VRF', u'enableVPN': True, u'id': 1026}, {u'name': u'LAN8-VRF', u'enableVPN': True, u'id': 1027}, {u'name': u'LAN9-VRF', u'enableVPN': True, u'id': 1028}, {u'name': u'LAN10-VRF', u'enableVPN': True, u'id': 1029}], u'solutionTier': u'base-sdwan', u'sharedControlPlane': False}}
2019-09-06 11:34:27,642 - CPE26-HKG2-DDI - INFO - 
STEP : PRE-ONBOARD WORK

2019-09-06 11:34:27,726 - CPE26-HKG2-DDI - INFO - 
sudo /opt/versa/scripts/staging.py -w 2 -c 10.83.130.49 -s 172.16.6.102/30 -g 172.16.6.101 -l IPC00190-CPE26-HKG2-DDI@colt.net -lk CPE26-HKG2-DDI  -r NV-WC01-N1-HKG@colt.net -rk 1234

2019-09-06 11:34:27,726 - CPE26-HKG2-DDI - INFO - {
  "versanms.sdwan-device-workflow": {
	"deviceName": "CPE26-HKG2-DDI",
	"siteId": "4236",
	"orgName": "IPC00190",
	"serialNumber": "CPE26CSB01",
	"deviceGroup": "IPC00190-HKG-PS2-D-IOS-LIB-DG",
    "locationInfo": {
      "country": "singapore",
      "longitude": "103.819836",
      "latitude": "1.352083"
    },
    "postStagingTemplateInfo": {
      "templateName": "IPC00190-HKG-PS2-D-IOS-LIB",
      "templateData": {
        "device-template-variable": {
          "template": "IPC00190-HKG-PS2-D-IOS-LIB",
          "variable-binding": {
            "attrs": [
              {
                "name": "{$v_IPC00190_NV-WC01-N1-HKG_Local_auth_email_identifier__IKELIdentifier}",
                "value": "CPE26-HKG2-DDI@colt.net",
                "isAutogeneratable": true
              },
              {
                "name": "{$v_IPC00190_NV-WC01-N1-HKG_Local_auth_email_key__IKELKey}",
                "value": "CPE26-HKG2-DDI",
                "isAutogeneratable": true
              },
              {
                "name": "{$v_IPC00190-Control-VR_90_Router_ID__vrRouteId}",
                "value": "20.20.90.26",
                "isAutogeneratable": true,
                "isOverwritten": true
              },
              {
                "name": "{$v_Paired_Site__locationID}",
                "value": "4237",
                "isAutogeneratable": false
              },
              {
                "name": "{$v_IPC00190_NV-WC02-N1-HKG_Local_auth_email_key__IKELKey}",
                "value": "CPE26-HKG2-DDI",
                "isAutogeneratable": true
              },
              {
				"name": "{$v_INT-WAN1_IPv4__staticaddress}",
				"value": "172.16.6.102/30",
				"isAutogeneratable": false
              },
              {
                "name": "{$v_IPC00190_Site_Name__sitesSiteName}",
                "value": "CPE26-HKG2-DDI",
                "isAutogeneratable": true
              },
			  
			  
			  
			  
			  { "name": "{$v_LAN1_vrrp__vrrpVirtualAddress}", "value": "192.170.1.1", "isAutogeneratable": false},
			  { "name": "{$v_LAN1_IPv4__staticaddress}", "value": "192.170.1.2/24", "isAutogeneratable": false},
			  
              {
                "name": "{$v_tvi-0-181_-_Unit_0_Static_address__tunnelStaticAddress}",
                "value": "20.20.90.26/32",
                "isAutogeneratable": true,
                "isOverwritten": true
              },
              {
                "name": "{$v_latitude__IdLatitude}",
                "value": 1.352083,
                "isAutogeneratable": true
              },
              {
                "name": "{$v_INT-WAN1-Transport-VR_IPv4__vrHopAddress}",
                "value": "172.16.6.101",
                "isAutogeneratable": false
              },
              {
                "name": "{$v_identification__IdName}",
                "value": "CPE26-HKG2-DDI",
                "isAutogeneratable": true
              },
              {
                "name": "{$v_tvi-0-180_-_Unit_0_Static_address__tunnelStaticAddress}",
                "value": "10.10.90.26/32",
                "isAutogeneratable": true,
                "isOverwritten": true
              },
              {
                "name": "{$v_IPC00190_NV-WC02-N1-HKG_Local_auth_email_identifier__IKELIdentifier}",
                "value": "CPE26-HKG2-DDI@colt.net",
                "isAutogeneratable": true
              },
              {
                "name": "{$v_Chassis_Id__sitesChassisId}",
                "value": "4236",
                "isAutogeneratable": true
              },
              {
                "name": "{$v_longitude__Idlongitude}",
                "value": 103.819836,
                "isAutogeneratable": true
              },
              {
                "name": "{$v_IPC00190-Control-VR_90_Local_address__vrRouterAddress}",
                "value": "20.20.90.26",
                "isAutogeneratable": true,
                "isOverwritten": true
              },
              {
                "name": "{$v_location__IdLocation}",
                "value": "singapore",
                "isAutogeneratable": true
              },
			
				
				
				
			{ "name": "{$v_vni-0-4_LAN1_Unit-0__unit}", "value": "750", "isAutogeneratable": false},
			{ "name": "{$v_vni-0-4_LAN1_Unit-0__vlanId}", "value": "750", "isAutogeneratable": false },
			
              {
                "name": "{$v_Site_Id__siteSiteID}",
                "value": "4236",
                "isAutogeneratable": true
              }
            ]
          }
        },
        "variableMetadata": [
          {
            "variable": "{$v_IPC00190_NV-WC01-N1-HKG_Local_auth_email_identifier__IKELIdentifier}",
            "group": "IPSEC",
            "overlay": false
          },
          {
            "variable": "{$v_IPC00190_NV-WC01-N1-HKG_Local_auth_email_key__IKELKey}",
            "group": "IPSEC",
            "overlay": false
          },
          {
            "variable": "{$v_IPC00190-Control-VR_90_Router_ID__vrRouteId}",
            "group": "Virtual routers",
            "overlay": true,
            "type": "IPV4"
          },
          {
            "variable": "{$v_Paired_Site__locationID}",
            "group": "SDWAN",
            "overlay": false
          },
          {
            "variable": "{$v_IPC00190_NV-WC02-N1-HKG_Local_auth_email_key__IKELKey}",
            "group": "IPSEC",
            "overlay": false
          },
          {
            "variable": "{$v_INT-WAN1_IPv4__staticaddress}",
            "group": "Interfaces",
            "overlay": false,
            "type": "IPV4_MASK"
          },
          {
            "variable": "{$v_IPC00190_Site_Name__sitesSiteName}",
            "group": "SDWAN",
            "overlay": false
          },
		{ "variable": "{$v_LAN1_vrrp__vrrpVirtualAddress}", "group": "Others", "overlay": false, "type": "IPV4" },
		{ "variable": "{$v_LAN1_IPv4__staticaddress}", "group": "Interfaces", "overlay": false, "type": "IPV4_MASK" },
		
          {
            "variable": "{$v_tvi-0-181_-_Unit_0_Static_address__tunnelStaticAddress}",
            "group": "Interfaces",
            "overlay": true,
            "type": "IPV4_IPV6_MASK"
          },
          {
            "variable": "{$v_latitude__IdLatitude}",
            "group": "SDWAN",
            "overlay": false
          },
          {
            "variable": "{$v_INT-WAN1-Transport-VR_IPv4__vrHopAddress}",
            "group": "Virtual Routers",
            "overlay": false,
            "type": "IPV4"
          },
          {
            "variable": "{$v_identification__IdName}",
            "group": "SDWAN",
            "overlay": false
          },
          {
            "variable": "{$v_tvi-0-180_-_Unit_0_Static_address__tunnelStaticAddress}",
            "group": "Interfaces",
            "overlay": true,
            "type": "IPV4_IPV6_MASK"
          },
          {
            "variable": "{$v_IPC00190_NV-WC02-N1-HKG_Local_auth_email_identifier__IKELIdentifier}",
            "group": "IPSEC",
            "overlay": false
          },
          {
            "variable": "{$v_Chassis_Id__sitesChassisId}",
            "group": "SDWAN",
            "overlay": false
          },
          {
            "variable": "{$v_longitude__Idlongitude}",
            "group": "SDWAN",
            "overlay": false
          },
          {
            "variable": "{$v_IPC00190-Control-VR_90_Local_address__vrRouterAddress}",
            "group": "Virtual routers",
            "overlay": true,
            "type": "IPV4"
          },
          {
            "variable": "{$v_location__IdLocation}",
            "group": "SDWAN",
            "overlay": false
          },
		 
		 
		 
		 {"variable": "{$v_vni-0-4_LAN1_Unit-0__vlanId}", "group": "Vlan Info", "overlay": false, "type": "INTEGER"},
		 
          {
            "variable": "{$v_Site_Id__siteSiteID}",
            "group": "SDWAN",
            "overlay": false
          }
        ]
      }
    }
  }
}
2019-09-06 11:34:28,009 - CPE26-HKG2-DDI - INFO - <Response [500]>
2019-09-06 11:34:28,010 - CPE26-HKG2-DDI - INFO - {"error":{"http_status_code":500,"code":0,"message":"Device Group [ IPC00190-HKG-PS2-D-IOS-LIB-DG ] does not exist.","more_info":"http://nms.versa.com/errors/null"}}
2019-09-06 11:34:28,010 - CPE26-HKG2-DDI - INFO - FAIL : {"error":{"http_status_code":500,"code":0,"message":"Device Group [ IPC00190-HKG-PS2-D-IOS-LIB-DG ] does not exist.","more_info":"http://nms.versa.com/errors/null"}}
