2019-08-13 15:04:00,200 - VD1 - INFO - ORG NAME:IPC00131
2019-08-13 15:04:07,805 - VD1 - DEBUG - {
  "versanms.sdwan-org-workflow": {
    "orgName": "IPC00131",
    "globalId": "31",
    "parentOrg": "Colt",
    "ikeAuthType": "psk",
    "sharedControlPlane": false,
    "controllers": ["NV-WC01-N1-HKG", "NV-WC02-N6-SIN", "NV-WC02-N1-HKG"],
    "vrfs": [{ "name": "LAN1-VRF", "id": "430", "enableVPN": "true", "tooltip": "" }],
    "supportedRoles": []
  }
}
2019-08-13 15:04:13,640 - VD1 - INFO - <Response [200]>
2019-08-13 15:04:13,640 - VD1 - INFO - PASS
2019-08-13 15:04:23,805 - VD1 - INFO - 21007
2019-08-13 15:05:00,102 - VD1 - INFO - FAILED : Connection to NV-WC01-N1-HKG timed out
2019-08-13 15:05:00,102 - VD1 - INFO - 
********************
RESULT:
ORG DEPLOYMENT : FAILED : Connection to NV-WC01-N1-HKG timed out

********************

