2020-03-19 18:15:23,200 - VD1 - DEBUG - <netmiko.versa.versa_ssh.VersaSSH object at 0x000000000DE877B8>
2020-03-19 18:15:28,401 - VD1 - DEBUG - versa: Automated@VDir-BLR-NEW-01>
2020-03-19 18:15:33,266 - CPE11-HKG-HYBRD-IPC00190 - DEBUG - <netmiko.versa.versa_ssh.VersaSSH object at 0x000000000DF02860>
2020-03-19 18:15:38,469 - CPE11-HKG-HYBRD-IPC00190 - DEBUG - versa: Automated@VDir-BLR-NEW-01>
2020-03-19 18:16:03,072 - CPE12-HKG-HYBRD-IPC00190 - DEBUG - <netmiko.versa.versa_ssh.VersaSSH object at 0x000000000DF233C8>
2020-03-19 18:16:08,275 - CPE12-HKG-HYBRD-IPC00190 - DEBUG - versa: Automated@VDir-BLR-NEW-01>
2020-03-19 18:17:20,793 - CPE11-HKG-HYBRD-IPC00190 - INFO - 
CREATE SLA profile

2020-03-19 18:17:22,025 - CPE11-HKG-HYBRD-IPC00190 - DEBUG - <Response [201]>
2020-03-19 18:17:22,032 - CPE11-HKG-HYBRD-IPC00190 - INFO - 
PASS
2020-03-19 18:17:22,032 - CPE11-HKG-HYBRD-IPC00190 - INFO - >>>>>>>>>> CREATE SLA Profile PASSED. <<<<<<<<<<<
2020-03-19 18:17:22,032 - CPE11-HKG-HYBRD-IPC00190 - INFO - 
CREATE FWD PROFILE

2020-03-19 18:17:24,065 - CPE11-HKG-HYBRD-IPC00190 - DEBUG - <Response [201]>
2020-03-19 18:17:24,065 - CPE11-HKG-HYBRD-IPC00190 - INFO - 
PASS
2020-03-19 18:17:24,065 - CPE11-HKG-HYBRD-IPC00190 - INFO - >>>>>>>>>> FORWARDING PROFILE CREATION PASSED. <<<<<<<<<<<
2020-03-19 18:17:24,066 - CPE11-HKG-HYBRD-IPC00190 - INFO - 
CREATE IPaddress Object

2020-03-19 18:17:25,200 - CPE11-HKG-HYBRD-IPC00190 - DEBUG - <Response [201]>
2020-03-19 18:17:25,200 - CPE11-HKG-HYBRD-IPC00190 - INFO - 
PASS
2020-03-19 18:17:25,200 - CPE11-HKG-HYBRD-IPC00190 - INFO - >>>>>>>>>> ADDRESS OBJECT CREATION PASSED. <<<<<<<<<<<
2020-03-19 18:17:25,200 - CPE11-HKG-HYBRD-IPC00190 - INFO - 
CREATE IPaddress Object

2020-03-19 18:17:26,325 - CPE11-HKG-HYBRD-IPC00190 - DEBUG - <Response [201]>
2020-03-19 18:17:26,325 - CPE11-HKG-HYBRD-IPC00190 - INFO - 
PASS
2020-03-19 18:17:26,325 - CPE11-HKG-HYBRD-IPC00190 - INFO - >>>>>>>>>> ADDRESS OBJECT CREATION PASSED. <<<<<<<<<<<
2020-03-19 18:17:26,326 - CPE11-HKG-HYBRD-IPC00190 - INFO - 
CREATE Service Object

2020-03-19 18:17:27,473 - CPE11-HKG-HYBRD-IPC00190 - DEBUG - <Response [201]>
2020-03-19 18:17:27,473 - CPE11-HKG-HYBRD-IPC00190 - INFO - 
PASS
2020-03-19 18:17:27,473 - CPE11-HKG-HYBRD-IPC00190 - INFO - >>>>>>>>>> Service OBJECT CREATION PASSED. <<<<<<<<<<<
2020-03-19 18:17:47,025 - CPE11-HKG-HYBRD-IPC00190 - INFO - 
DELETE Service Object

2020-03-19 18:17:49,328 - CPE11-HKG-HYBRD-IPC00190 - INFO - 
PASS
2020-03-19 18:17:49,329 - CPE11-HKG-HYBRD-IPC00190 - INFO - >>>>>>>>>> ADDRESS OBJECT DELETION PASSED. <<<<<<<<<<<
2020-03-19 18:17:49,331 - CPE11-HKG-HYBRD-IPC00190 - INFO - 
DELETE IPaddress Object

2020-03-19 18:17:50,819 - CPE11-HKG-HYBRD-IPC00190 - INFO - 
PASS
2020-03-19 18:17:50,819 - CPE11-HKG-HYBRD-IPC00190 - INFO - >>>>>>>>>> ADDRESS OBJECT DELETION PASSED. <<<<<<<<<<<
2020-03-19 18:17:50,821 - CPE11-HKG-HYBRD-IPC00190 - INFO - 
DELETE IPaddress Object

2020-03-19 18:17:53,259 - CPE11-HKG-HYBRD-IPC00190 - INFO - 
PASS
2020-03-19 18:17:53,259 - CPE11-HKG-HYBRD-IPC00190 - INFO - >>>>>>>>>> ADDRESS OBJECT DELETION PASSED. <<<<<<<<<<<
2020-03-19 18:17:53,260 - CPE11-HKG-HYBRD-IPC00190 - INFO - 
DELETE FWD PROFILE

2020-03-19 18:17:54,681 - CPE11-HKG-HYBRD-IPC00190 - INFO - 
PASS
2020-03-19 18:17:54,681 - CPE11-HKG-HYBRD-IPC00190 - INFO - >>>>>>>>>> FORWARDING PROFILE DELETION PASSED. <<<<<<<<<<<
2020-03-19 18:17:54,683 - CPE11-HKG-HYBRD-IPC00190 - INFO - 
DELETE SLA profile

2020-03-19 18:17:56,111 - CPE11-HKG-HYBRD-IPC00190 - INFO - 
PASS
2020-03-19 18:17:56,111 - CPE11-HKG-HYBRD-IPC00190 - INFO - >>>>>>>>>> DELETE SLA Profile PASSED. <<<<<<<<<<<
