2019-02-13 15:09:07,480 - VD1 - INFO - ORG NAME:a
2019-02-13 15:09:09,628 - VD1 - DEBUG - {
  "versanms.sdwan-org-workflow": {
    "orgName": "a",
    "globalId": "1",
    "parentOrg": "Colt",
    "ikeAuthType": "psk",
    "sharedControlPlane": false,
    "controllers": ["NV-WC01-N2-BLR", "NV-WC02-N4-MUM", "NV-WC02-N2-BLR"],
    "vrfs": [{ "name": "LAN1-VRF", "id": "130", "enableVPN": "true", "tooltip": "" }],
    "supportedRoles": []
  }
}
2019-02-13 15:09:09,629 - VD1 - INFO - PASS
2019-02-13 15:09:09,844 - VD1 - INFO - set devices device NV-WC01-N2-BLR config routing-instances a-Control-VR protocols bgp 1 graceful-restart maximum-restart-time 15
set devices device NV-WC01-N2-BLR config routing-instances a-Control-VR protocols bgp 1 hold-time 90
set devices device NV-WC01-N2-BLR config routing-instances a-Control-VR protocols bgp 1 graceful-restart recovery-time 15
set devices device NV-WC01-N2-BLR config routing-instances a-Control-VR protocols bgp 1 graceful-restart select-defer-time 15
set devices device NV-WC01-N2-BLR config routing-instances a-Control-VR protocols bgp 1 graceful-restart stalepath-time 15
set devices device NV-WC01-N2-BLR config routing-instances a-Control-VR protocols bgp 1 graceful-restart dynamic-peer-restart-time 0
set devices device NV-WC01-N2-BLR config routing-instances a-Control-VR protocols bgp 1 prefix-list MGMT-VA-SB seq 10 permit
set devices device NV-WC01-N2-BLR config routing-instances a-Control-VR protocols bgp 1 prefix-list MGMT-VA-SB seq 10 address-family ipv4 unicast address-mask 10.91.140.0/22
set devices device NV-WC01-N2-BLR config routing-instances a-Control-VR protocols bgp 1 prefix-list MGMT-VA-SB seq 10 address-family ipv4 unicast ge_le ge 27
set devices device NV-WC01-N2-BLR config routing-instances a-Control-VR protocols bgp 1 prefix-list MGMT-VA-SB seq 10 address-family ipv4 unicast ge_le le 32
set devices device NV-WC01-N2-BLR config routing-instances a-Control-VR protocols bgp 1 routing-peer-policy EXPORT-Controllers term 1REJECT-MGMT-ROUTES match community "(^|,)100:1($|,)"
set devices device NV-WC01-N2-BLR config routing-instances a-Control-VR protocols bgp 1 routing-peer-policy EXPORT-Controllers term 1REJECT-MGMT-ROUTES action reject
set devices device NV-WC01-N2-BLR config routing-instances a-Control-VR protocols bgp 1 routing-peer-policy EXPORT-Controllers term 2ACCEPT-L-CPE-ROUTES match family inet-vpn
set devices device NV-WC01-N2-BLR config routing-instances a-Control-VR protocols bgp 1 routing-peer-policy EXPORT-Controllers term 2ACCEPT-L-CPE-ROUTES match community "(^|,)91:10($|,)"
set devices device NV-WC01-N2-BLR config routing-instances a-Control-VR protocols bgp 1 routing-peer-policy EXPORT-Controllers term 2ACCEPT-L-CPE-ROUTES action accept
delete devices device NV-WC01-N2-BLR config routing-instances a--Control-VR routing-options static route 0.0.0.0/0 0.0.0.0 none
set devices device NV-WC01-N2-BLR config routing-instances a-Control-VR routing-options static route 0.0.0.0/0 0.0.0.0 tvi-0/3.0
delete devices device NV-WC01-N2-BLR config orgs org-services a ipsec vpn-profile a-PostStaging psk-auth-clients
set devices device NV-WC01-N2-BLR config orgs org-services a ipsec vpn-profile a-PostStaging psk-auth-clients



set devices device NV-WC01-N2-BLR config routing-instances a-Control-VR protocols bgp 1 routing-peer-policy EXPORT-Controllers term 3DENY-REST match family inet-vpn
set devices device NV-WC01-N2-BLR config routing-instances a-Control-VR protocols bgp 1 routing-peer-policy EXPORT-Controllers term 3DENY-REST action reject
set devices device NV-WC01-N2-BLR config routing-instances a-Control-VR protocols bgp 1 routing-peer-policy EXPORT-a-WC-TO-GW term 1ACCEPT-MGMT-VA-SB match ip nlri prefix-list MGMT-VA-SB
set devices device NV-WC01-N2-BLR config routing-instances a-Control-VR protocols bgp 1 routing-peer-policy EXPORT-a-WC-TO-GW term 1ACCEPT-MGMT-VA-SB action accept
set devices device NV-WC01-N2-BLR config routing-instances a-Control-VR protocols bgp 1 routing-peer-policy EXPORT-a-WC-TO-GW term 2REJECT-MGMT-ROUTES match community "(^|,)100:1($|,)"
set devices device NV-WC01-N2-BLR config routing-instances a-Control-VR protocols bgp 1 routing-peer-policy EXPORT-a-WC-TO-GW term 2REJECT-MGMT-ROUTES action reject
set devices device NV-WC01-N2-BLR config routing-instances a-Control-VR protocols bgp 1 routing-peer-policy EXPORT-a-WC-TO-GW term 3REJECT-L-PGW-ROUTES match community "(^|,)91:11($|,)"
set devices device NV-WC01-N2-BLR config routing-instances a-Control-VR protocols bgp 1 routing-peer-policy EXPORT-a-WC-TO-GW term 3REJECT-L-PGW-ROUTES match family inet-vpn
set devices device NV-WC01-N2-BLR config routing-instances a-Control-VR protocols bgp 1 routing-peer-policy EXPORT-a-WC-TO-GW term 3REJECT-L-PGW-ROUTES action reject
set devices device NV-WC01-N2-BLR config routing-instances a-Control-VR protocols bgp 1 routing-peer-policy EXPORT-a-WC-TO-GW term 4REJECT-L-SGW-ROUTES match community "(^|,)91:12($|,)"
set devices device NV-WC01-N2-BLR config routing-instances a-Control-VR protocols bgp 1 routing-peer-policy EXPORT-a-WC-TO-GW term 4REJECT-L-SGW-ROUTES match family inet-vpn
set devices device NV-WC01-N2-BLR config routing-instances a-Control-VR protocols bgp 1 routing-peer-policy EXPORT-a-WC-TO-GW term 4REJECT-L-SGW-ROUTES action reject
set devices device NV-WC01-N2-BLR config routing-instances a-Control-VR protocols bgp 1 routing-peer-policy EXPORT-a-WC-TO-GW term 5ACCEPT-L-CPE-ROUTES match family inet-vpn
set devices device NV-WC01-N2-BLR config routing-instances a-Control-VR protocols bgp 1 routing-peer-policy EXPORT-a-WC-TO-GW term 5ACCEPT-L-CPE-ROUTES match community "(^|,)91:10($|,)"
set devices device NV-WC01-N2-BLR config routing-instances a-Control-VR protocols bgp 1 routing-peer-policy EXPORT-a-WC-TO-GW term 5ACCEPT-L-CPE-ROUTES action accept
set devices device NV-WC01-N2-BLR config routing-instances a-Control-VR protocols bgp 1 routing-peer-policy EXPORT-a-WC-TO-GW term 6ACCEPT-R-CPE-ROUTES match community "(^|,)*:10($|,)"
set devices device NV-WC01-N2-BLR config routing-instances a-Control-VR protocols bgp 1 routing-peer-policy EXPORT-a-WC-TO-GW term 6ACCEPT-R-CPE-ROUTES action accept
set devices device NV-WC01-N2-BLR config routing-instances a-Control-VR protocols bgp 1 routing-peer-policy EXPORT-a-WC-TO-GW term 6ACCEPT-R-CPE-ROUTES action community 666:666
set devices device NV-WC01-N2-BLR config routing-instances a-Control-VR protocols bgp 1 routing-peer-policy EXPORT-a-WC-TO-GW term 6ACCEPT-R-CPE-ROUTES action community-action set-specific
set devices device NV-WC01-N2-BLR config routing-instances a-Control-VR protocols bgp 1 routing-peer-policy EXPORT-a-WC-TO-GW term 7DENY-REST match family inet-vpn
set devices device NV-WC01-N2-BLR config routing-instances a-Control-VR protocols bgp 1 routing-peer-policy EXPORT-a-WC-TO-GW term 7DENY-REST action reject
set devices device NV-WC01-N2-BLR config routing-instances a-Control-VR protocols bgp 1 routing-peer-policy IMPORT-a-GW-TO-WC term 1REJECT-R-CPE-ROUTES match community "(^|,)666:666($|,)"
set devices device NV-WC01-N2-BLR config routing-instances a-Control-VR protocols bgp 1 routing-peer-policy IMPORT-a-GW-TO-WC term 1REJECT-R-CPE-ROUTES action reject
set devices device NV-WC01-N2-BLR config routing-instances a-Control-VR protocols bgp 1 routing-peer-policy IMPORT-a-GW-TO-WC term 2ACCEPT-REST match family inet-vpn
set devices device NV-WC01-N2-BLR config routing-instances a-Control-VR protocols bgp 1 routing-peer-policy IMPORT-a-GW-TO-WC term 2ACCEPT-REST action accept
set devices device NV-WC01-N2-BLR config routing-instances a-Control-VR protocols bgp 1 group VNF-GW import IMPORT-a-GW-TO-WC
set devices device NV-WC01-N2-BLR config routing-instances a-Control-VR protocols bgp 1 group VNF-GW export IMPORT-a-WC-TO-GW
delete devices device NV-WC01-N2-BLR config routing-instances a-Control-VR protocols bgp 1 group Branches allow
set devices device NV-WC01-N2-BLR config routing-instances a-Control-VR protocols bgp 1 group Branches allow all
set devices device NV-WC01-N2-BLR config routing-instances a-Control-VR protocols bgp 1 group VNF-GW type internal
set devices device NV-WC01-N2-BLR config routing-instances a-Control-VR protocols bgp 1 group VNF-GW family inet unicast
set devices device NV-WC01-N2-BLR config routing-instances a-Control-VR protocols bgp 1 group VNF-GW family inet versa-private
set devices device NV-WC01-N2-BLR config routing-instances a-Control-VR protocols bgp 1 group VNF-GW family inet-vpn unicast
set devices device NV-WC01-N2-BLR config routing-instances a-Control-VR protocols bgp 1 group VNF-GW export EXPORT-a-WC-TO-GW
set devices device NV-WC01-N2-BLR config routing-instances a-Control-VR protocols bgp 1 group VNF-GW route-reflector-client
set devices device NV-WC01-N2-BLR config routing-instances a-Control-VR protocols bgp 1 group VNF-GW bfd-liveness-detection
set devices device NV-WC01-N2-BLR config routing-instances a-Control-VR protocols bgp 1 group VNF-GW bfd-liveness-detection minimum-receive-interval 1000
set devices device NV-WC01-N2-BLR config routing-instances a-Control-VR protocols bgp 1 group VNF-GW bfd-liveness-detection multiplier 3
set devices device NV-WC01-N2-BLR config routing-instances a-Control-VR protocols bgp 1 group VNF-GW bfd-liveness-detection transmit-interval minimum-interval 1000


set devices device NV-WC01-N2-BLR config routing-instances a-Control-VR protocols bgp 1 group VNF-GW neighbor 40.1.2.1
set devices device NV-WC01-N2-BLR config routing-instances a-Control-VR protocols bgp 1 group VNF-GW neighbor 40.1.2.1 peer-as 65505


set devices device NV-WC01-N2-BLR config routing-instances a-Control-VR protocols bgp 1 group VNF-GW neighbor 40.1.2.2
set devices device NV-WC01-N2-BLR config routing-instances a-Control-VR protocols bgp 1 group VNF-GW neighbor 40.1.2.2 peer-as 65505




set devices device NV-WC01-N2-BLR config orgs org-services a ipsec vpn-profile a-PostStaging local-auth-info key NV-WC01-N2-BLR
set devices device NV-WC01-N2-BLR config orgs org-services a ipsec vpn-profile a-PostStaging local-auth-info id-string NV-WC01-N2-BLR@a.com





set devices device NV-WC01-N2-BLR config orgs org-services a ipsec vpn-profile a-PostStaging psk-auth-clients remote-client NV-GW01-N2-BLR@a.com id-type email
set devices device NV-WC01-N2-BLR config orgs org-services a ipsec vpn-profile a-PostStaging psk-auth-clients remote-client NV-GW01-N2-BLR@a.com key NV-GW01-N2-BLR





set devices device NV-WC01-N2-BLR config orgs org-services a ipsec vpn-profile a-PostStaging psk-auth-clients remote-client NV-GW02-N2-BLR@a.com id-type email
set devices device NV-WC01-N2-BLR config orgs org-services a ipsec vpn-profile a-PostStaging psk-auth-clients remote-client NV-GW02-N2-BLR@a.com key NV-GW02-N2-BLR

2019-02-13 15:09:09,982 - VD1 - INFO - set devices device NV-WC02-N4-MUM config routing-instances a-Control-VR protocols bgp 1 graceful-restart maximum-restart-time 15
set devices device NV-WC02-N4-MUM config routing-instances a-Control-VR protocols bgp 1 hold-time 90
set devices device NV-WC02-N4-MUM config routing-instances a-Control-VR protocols bgp 1 graceful-restart recovery-time 15
set devices device NV-WC02-N4-MUM config routing-instances a-Control-VR protocols bgp 1 graceful-restart select-defer-time 15
set devices device NV-WC02-N4-MUM config routing-instances a-Control-VR protocols bgp 1 graceful-restart stalepath-time 15
set devices device NV-WC02-N4-MUM config routing-instances a-Control-VR protocols bgp 1 graceful-restart dynamic-peer-restart-time 0
set devices device NV-WC02-N4-MUM config routing-instances a-Control-VR protocols bgp 1 prefix-list MGMT-VA-SB seq 10 permit
set devices device NV-WC02-N4-MUM config routing-instances a-Control-VR protocols bgp 1 prefix-list MGMT-VA-SB seq 10 address-family ipv4 unicast address-mask 10.91.140.0/22
set devices device NV-WC02-N4-MUM config routing-instances a-Control-VR protocols bgp 1 prefix-list MGMT-VA-SB seq 10 address-family ipv4 unicast ge_le ge 27
set devices device NV-WC02-N4-MUM config routing-instances a-Control-VR protocols bgp 1 prefix-list MGMT-VA-SB seq 10 address-family ipv4 unicast ge_le le 32
set devices device NV-WC02-N4-MUM config routing-instances a-Control-VR protocols bgp 1 routing-peer-policy EXPORT-Controllers term 1REJECT-MGMT-ROUTES match community "(^|,)100:1($|,)"
set devices device NV-WC02-N4-MUM config routing-instances a-Control-VR protocols bgp 1 routing-peer-policy EXPORT-Controllers term 1REJECT-MGMT-ROUTES action reject
set devices device NV-WC02-N4-MUM config routing-instances a-Control-VR protocols bgp 1 routing-peer-policy EXPORT-Controllers term 2ACCEPT-L-CPE-ROUTES match family inet-vpn
set devices device NV-WC02-N4-MUM config routing-instances a-Control-VR protocols bgp 1 routing-peer-policy EXPORT-Controllers term 2ACCEPT-L-CPE-ROUTES match community "(^|,)1091:10($|,)"
set devices device NV-WC02-N4-MUM config routing-instances a-Control-VR protocols bgp 1 routing-peer-policy EXPORT-Controllers term 2ACCEPT-L-CPE-ROUTES action accept
delete devices device NV-WC02-N4-MUM config routing-instances a--Control-VR routing-options static route 0.0.0.0/0 0.0.0.0 none
set devices device NV-WC02-N4-MUM config routing-instances a-Control-VR routing-options static route 0.0.0.0/0 0.0.0.0 tvi-0/3.0
delete devices device NV-WC02-N4-MUM config orgs org-services a ipsec vpn-profile a-PostStaging psk-auth-clients
set devices device NV-WC02-N4-MUM config orgs org-services a ipsec vpn-profile a-PostStaging psk-auth-clients







set devices device NV-WC02-N4-MUM config routing-instances a-Control-VR protocols bgp 1 routing-peer-policy EXPORT-Controllers term 2ACCEPT-BLR-ROUTES match family inet-vpn
set devices device NV-WC02-N4-MUM config routing-instances a-Control-VR protocols bgp 1 routing-peer-policy EXPORT-Controllers term 2ACCEPT-BLR-ROUTES match community "(^|,)91:10($|,)"
set devices device NV-WC02-N4-MUM config routing-instances a-Control-VR protocols bgp 1 routing-peer-policy EXPORT-Controllers term 2ACCEPT-BLR-ROUTES action accept
set devices device NV-WC02-N4-MUM config orgs org-services a ipsec vpn-profile a-PostStaging psk-auth-clients remote-client NV-WC02-N2-BLR@a.com id-type email
set devices device NV-WC02-N4-MUM config orgs org-services a ipsec vpn-profile a-PostStaging psk-auth-clients remote-client NV-WC02-N2-BLR@a.com key NV-WC02-N2-BLR




set devices device NV-WC02-N4-MUM config routing-instances a-Control-VR protocols bgp 1 routing-peer-policy EXPORT-Controllers term 3DENY-REST match family inet-vpn
set devices device NV-WC02-N4-MUM config routing-instances a-Control-VR protocols bgp 1 routing-peer-policy EXPORT-Controllers term 3DENY-REST action reject
set devices device NV-WC02-N4-MUM config routing-instances a-Control-VR protocols bgp 1 routing-peer-policy EXPORT-a-WC-TO-GW term 1ACCEPT-MGMT-VA-SB match ip nlri prefix-list MGMT-VA-SB
set devices device NV-WC02-N4-MUM config routing-instances a-Control-VR protocols bgp 1 routing-peer-policy EXPORT-a-WC-TO-GW term 1ACCEPT-MGMT-VA-SB action accept
set devices device NV-WC02-N4-MUM config routing-instances a-Control-VR protocols bgp 1 routing-peer-policy EXPORT-a-WC-TO-GW term 2REJECT-MGMT-ROUTES match community "(^|,)100:1($|,)"
set devices device NV-WC02-N4-MUM config routing-instances a-Control-VR protocols bgp 1 routing-peer-policy EXPORT-a-WC-TO-GW term 2REJECT-MGMT-ROUTES action reject
set devices device NV-WC02-N4-MUM config routing-instances a-Control-VR protocols bgp 1 routing-peer-policy EXPORT-a-WC-TO-GW term 3REJECT-L-PGW-ROUTES match community "(^|,)1091:11($|,)"
set devices device NV-WC02-N4-MUM config routing-instances a-Control-VR protocols bgp 1 routing-peer-policy EXPORT-a-WC-TO-GW term 3REJECT-L-PGW-ROUTES match family inet-vpn
set devices device NV-WC02-N4-MUM config routing-instances a-Control-VR protocols bgp 1 routing-peer-policy EXPORT-a-WC-TO-GW term 3REJECT-L-PGW-ROUTES action reject
set devices device NV-WC02-N4-MUM config routing-instances a-Control-VR protocols bgp 1 routing-peer-policy EXPORT-a-WC-TO-GW term 4REJECT-L-SGW-ROUTES match community "(^|,)1091:12($|,)"
set devices device NV-WC02-N4-MUM config routing-instances a-Control-VR protocols bgp 1 routing-peer-policy EXPORT-a-WC-TO-GW term 4REJECT-L-SGW-ROUTES match family inet-vpn
set devices device NV-WC02-N4-MUM config routing-instances a-Control-VR protocols bgp 1 routing-peer-policy EXPORT-a-WC-TO-GW term 4REJECT-L-SGW-ROUTES action reject
set devices device NV-WC02-N4-MUM config routing-instances a-Control-VR protocols bgp 1 routing-peer-policy EXPORT-a-WC-TO-GW term 5ACCEPT-L-CPE-ROUTES match family inet-vpn
set devices device NV-WC02-N4-MUM config routing-instances a-Control-VR protocols bgp 1 routing-peer-policy EXPORT-a-WC-TO-GW term 5ACCEPT-L-CPE-ROUTES match community "(^|,)1091:10($|,)"
set devices device NV-WC02-N4-MUM config routing-instances a-Control-VR protocols bgp 1 routing-peer-policy EXPORT-a-WC-TO-GW term 5ACCEPT-L-CPE-ROUTES action accept
set devices device NV-WC02-N4-MUM config routing-instances a-Control-VR protocols bgp 1 routing-peer-policy EXPORT-a-WC-TO-GW term 6ACCEPT-R-CPE-ROUTES match community "(^|,)*:10($|,)"
set devices device NV-WC02-N4-MUM config routing-instances a-Control-VR protocols bgp 1 routing-peer-policy EXPORT-a-WC-TO-GW term 6ACCEPT-R-CPE-ROUTES action accept
set devices device NV-WC02-N4-MUM config routing-instances a-Control-VR protocols bgp 1 routing-peer-policy EXPORT-a-WC-TO-GW term 6ACCEPT-R-CPE-ROUTES action community 666:666
set devices device NV-WC02-N4-MUM config routing-instances a-Control-VR protocols bgp 1 routing-peer-policy EXPORT-a-WC-TO-GW term 6ACCEPT-R-CPE-ROUTES action community-action set-specific
set devices device NV-WC02-N4-MUM config routing-instances a-Control-VR protocols bgp 1 routing-peer-policy EXPORT-a-WC-TO-GW term 7DENY-REST match family inet-vpn
set devices device NV-WC02-N4-MUM config routing-instances a-Control-VR protocols bgp 1 routing-peer-policy EXPORT-a-WC-TO-GW term 7DENY-REST action reject
set devices device NV-WC02-N4-MUM config routing-instances a-Control-VR protocols bgp 1 routing-peer-policy IMPORT-a-GW-TO-WC term 1REJECT-R-CPE-ROUTES match community "(^|,)666:666($|,)"
set devices device NV-WC02-N4-MUM config routing-instances a-Control-VR protocols bgp 1 routing-peer-policy IMPORT-a-GW-TO-WC term 1REJECT-R-CPE-ROUTES action reject
set devices device NV-WC02-N4-MUM config routing-instances a-Control-VR protocols bgp 1 routing-peer-policy IMPORT-a-GW-TO-WC term 2ACCEPT-REST match family inet-vpn
set devices device NV-WC02-N4-MUM config routing-instances a-Control-VR protocols bgp 1 routing-peer-policy IMPORT-a-GW-TO-WC term 2ACCEPT-REST action accept
set devices device NV-WC02-N4-MUM config routing-instances a-Control-VR protocols bgp 1 group VNF-GW import IMPORT-a-GW-TO-WC
set devices device NV-WC02-N4-MUM config routing-instances a-Control-VR protocols bgp 1 group VNF-GW export IMPORT-a-WC-TO-GW
delete devices device NV-WC02-N4-MUM config routing-instances a-Control-VR protocols bgp 1 group Branches allow
set devices device NV-WC02-N4-MUM config routing-instances a-Control-VR protocols bgp 1 group Branches allow all
set devices device NV-WC02-N4-MUM config routing-instances a-Control-VR protocols bgp 1 group VNF-GW type internal
set devices device NV-WC02-N4-MUM config routing-instances a-Control-VR protocols bgp 1 group VNF-GW family inet unicast
set devices device NV-WC02-N4-MUM config routing-instances a-Control-VR protocols bgp 1 group VNF-GW family inet versa-private
set devices device NV-WC02-N4-MUM config routing-instances a-Control-VR protocols bgp 1 group VNF-GW family inet-vpn unicast
set devices device NV-WC02-N4-MUM config routing-instances a-Control-VR protocols bgp 1 group VNF-GW export EXPORT-a-WC-TO-GW
set devices device NV-WC02-N4-MUM config routing-instances a-Control-VR protocols bgp 1 group VNF-GW route-reflector-client
set devices device NV-WC02-N4-MUM config routing-instances a-Control-VR protocols bgp 1 group VNF-GW bfd-liveness-detection
set devices device NV-WC02-N4-MUM config routing-instances a-Control-VR protocols bgp 1 group VNF-GW bfd-liveness-detection minimum-receive-interval 1000
set devices device NV-WC02-N4-MUM config routing-instances a-Control-VR protocols bgp 1 group VNF-GW bfd-liveness-detection multiplier 3
set devices device NV-WC02-N4-MUM config routing-instances a-Control-VR protocols bgp 1 group VNF-GW bfd-liveness-detection transmit-interval minimum-interval 1000


set devices device NV-WC02-N4-MUM config routing-instances a-Control-VR protocols bgp 1 group Controllers type internal
set devices device NV-WC02-N4-MUM config routing-instances a-Control-VR protocols bgp 1 group Controllers family inet versa-private
set devices device NV-WC02-N4-MUM config routing-instances a-Control-VR protocols bgp 1 group Controllers family inet-vpn unicast
set devices device NV-WC02-N4-MUM config routing-instances a-Control-VR protocols bgp 1 group Controllers export EXPORT-Controllers
set devices device NV-WC02-N4-MUM config routing-instances a-Control-VR protocols bgp 1 group Controllers route-reflector-client
set devices device NV-WC02-N4-MUM config routing-instances a-Control-VR protocols bgp 1 group Controllers peer-as 65505


set devices device NV-WC02-N4-MUM config routing-instances a-Control-VR protocols bgp 1 group Controllers neighbor 10.1.64.24



set devices device NV-WC02-N4-MUM config orgs org-services a ipsec vpn-profile a-PostStaging local-auth-info key NV-WC02-N4-MUM
set devices device NV-WC02-N4-MUM config orgs org-services a ipsec vpn-profile a-PostStaging local-auth-info id-string NV-WC02-N4-MUM@a.com

2019-02-13 15:09:10,135 - VD1 - INFO - set devices device NV-WC02-N2-BLR config routing-instances a-Control-VR protocols bgp 1 graceful-restart maximum-restart-time 15
set devices device NV-WC02-N2-BLR config routing-instances a-Control-VR protocols bgp 1 hold-time 90
set devices device NV-WC02-N2-BLR config routing-instances a-Control-VR protocols bgp 1 graceful-restart recovery-time 15
set devices device NV-WC02-N2-BLR config routing-instances a-Control-VR protocols bgp 1 graceful-restart select-defer-time 15
set devices device NV-WC02-N2-BLR config routing-instances a-Control-VR protocols bgp 1 graceful-restart stalepath-time 15
set devices device NV-WC02-N2-BLR config routing-instances a-Control-VR protocols bgp 1 graceful-restart dynamic-peer-restart-time 0
set devices device NV-WC02-N2-BLR config routing-instances a-Control-VR protocols bgp 1 prefix-list MGMT-VA-SB seq 10 permit
set devices device NV-WC02-N2-BLR config routing-instances a-Control-VR protocols bgp 1 prefix-list MGMT-VA-SB seq 10 address-family ipv4 unicast address-mask 10.91.140.0/22
set devices device NV-WC02-N2-BLR config routing-instances a-Control-VR protocols bgp 1 prefix-list MGMT-VA-SB seq 10 address-family ipv4 unicast ge_le ge 27
set devices device NV-WC02-N2-BLR config routing-instances a-Control-VR protocols bgp 1 prefix-list MGMT-VA-SB seq 10 address-family ipv4 unicast ge_le le 32
set devices device NV-WC02-N2-BLR config routing-instances a-Control-VR protocols bgp 1 routing-peer-policy EXPORT-Controllers term 1REJECT-MGMT-ROUTES match community "(^|,)100:1($|,)"
set devices device NV-WC02-N2-BLR config routing-instances a-Control-VR protocols bgp 1 routing-peer-policy EXPORT-Controllers term 1REJECT-MGMT-ROUTES action reject
set devices device NV-WC02-N2-BLR config routing-instances a-Control-VR protocols bgp 1 routing-peer-policy EXPORT-Controllers term 2ACCEPT-L-CPE-ROUTES match family inet-vpn
set devices device NV-WC02-N2-BLR config routing-instances a-Control-VR protocols bgp 1 routing-peer-policy EXPORT-Controllers term 2ACCEPT-L-CPE-ROUTES match community "(^|,)91:10($|,)"
set devices device NV-WC02-N2-BLR config routing-instances a-Control-VR protocols bgp 1 routing-peer-policy EXPORT-Controllers term 2ACCEPT-L-CPE-ROUTES action accept
delete devices device NV-WC02-N2-BLR config routing-instances a--Control-VR routing-options static route 0.0.0.0/0 0.0.0.0 none
set devices device NV-WC02-N2-BLR config routing-instances a-Control-VR routing-options static route 0.0.0.0/0 0.0.0.0 tvi-0/3.0
delete devices device NV-WC02-N2-BLR config orgs org-services a ipsec vpn-profile a-PostStaging psk-auth-clients
set devices device NV-WC02-N2-BLR config orgs org-services a ipsec vpn-profile a-PostStaging psk-auth-clients



set devices device NV-WC02-N2-BLR config routing-instances a-Control-VR protocols bgp 1 routing-peer-policy EXPORT-Controllers term 3DENY-REST match family inet-vpn
set devices device NV-WC02-N2-BLR config routing-instances a-Control-VR protocols bgp 1 routing-peer-policy EXPORT-Controllers term 3DENY-REST action reject
set devices device NV-WC02-N2-BLR config routing-instances a-Control-VR protocols bgp 1 routing-peer-policy EXPORT-a-WC-TO-GW term 1ACCEPT-MGMT-VA-SB match ip nlri prefix-list MGMT-VA-SB
set devices device NV-WC02-N2-BLR config routing-instances a-Control-VR protocols bgp 1 routing-peer-policy EXPORT-a-WC-TO-GW term 1ACCEPT-MGMT-VA-SB action accept
set devices device NV-WC02-N2-BLR config routing-instances a-Control-VR protocols bgp 1 routing-peer-policy EXPORT-a-WC-TO-GW term 2REJECT-MGMT-ROUTES match community "(^|,)100:1($|,)"
set devices device NV-WC02-N2-BLR config routing-instances a-Control-VR protocols bgp 1 routing-peer-policy EXPORT-a-WC-TO-GW term 2REJECT-MGMT-ROUTES action reject
set devices device NV-WC02-N2-BLR config routing-instances a-Control-VR protocols bgp 1 routing-peer-policy EXPORT-a-WC-TO-GW term 3REJECT-L-PGW-ROUTES match community "(^|,)91:11($|,)"
set devices device NV-WC02-N2-BLR config routing-instances a-Control-VR protocols bgp 1 routing-peer-policy EXPORT-a-WC-TO-GW term 3REJECT-L-PGW-ROUTES match family inet-vpn
set devices device NV-WC02-N2-BLR config routing-instances a-Control-VR protocols bgp 1 routing-peer-policy EXPORT-a-WC-TO-GW term 3REJECT-L-PGW-ROUTES action reject
set devices device NV-WC02-N2-BLR config routing-instances a-Control-VR protocols bgp 1 routing-peer-policy EXPORT-a-WC-TO-GW term 4REJECT-L-SGW-ROUTES match community "(^|,)91:12($|,)"
set devices device NV-WC02-N2-BLR config routing-instances a-Control-VR protocols bgp 1 routing-peer-policy EXPORT-a-WC-TO-GW term 4REJECT-L-SGW-ROUTES match family inet-vpn
set devices device NV-WC02-N2-BLR config routing-instances a-Control-VR protocols bgp 1 routing-peer-policy EXPORT-a-WC-TO-GW term 4REJECT-L-SGW-ROUTES action reject
set devices device NV-WC02-N2-BLR config routing-instances a-Control-VR protocols bgp 1 routing-peer-policy EXPORT-a-WC-TO-GW term 5ACCEPT-L-CPE-ROUTES match family inet-vpn
set devices device NV-WC02-N2-BLR config routing-instances a-Control-VR protocols bgp 1 routing-peer-policy EXPORT-a-WC-TO-GW term 5ACCEPT-L-CPE-ROUTES match community "(^|,)91:10($|,)"
set devices device NV-WC02-N2-BLR config routing-instances a-Control-VR protocols bgp 1 routing-peer-policy EXPORT-a-WC-TO-GW term 5ACCEPT-L-CPE-ROUTES action accept
set devices device NV-WC02-N2-BLR config routing-instances a-Control-VR protocols bgp 1 routing-peer-policy EXPORT-a-WC-TO-GW term 6ACCEPT-R-CPE-ROUTES match community "(^|,)*:10($|,)"
set devices device NV-WC02-N2-BLR config routing-instances a-Control-VR protocols bgp 1 routing-peer-policy EXPORT-a-WC-TO-GW term 6ACCEPT-R-CPE-ROUTES action accept
set devices device NV-WC02-N2-BLR config routing-instances a-Control-VR protocols bgp 1 routing-peer-policy EXPORT-a-WC-TO-GW term 6ACCEPT-R-CPE-ROUTES action community 666:666
set devices device NV-WC02-N2-BLR config routing-instances a-Control-VR protocols bgp 1 routing-peer-policy EXPORT-a-WC-TO-GW term 6ACCEPT-R-CPE-ROUTES action community-action set-specific
set devices device NV-WC02-N2-BLR config routing-instances a-Control-VR protocols bgp 1 routing-peer-policy EXPORT-a-WC-TO-GW term 7DENY-REST match family inet-vpn
set devices device NV-WC02-N2-BLR config routing-instances a-Control-VR protocols bgp 1 routing-peer-policy EXPORT-a-WC-TO-GW term 7DENY-REST action reject
set devices device NV-WC02-N2-BLR config routing-instances a-Control-VR protocols bgp 1 routing-peer-policy IMPORT-a-GW-TO-WC term 1REJECT-R-CPE-ROUTES match community "(^|,)666:666($|,)"
set devices device NV-WC02-N2-BLR config routing-instances a-Control-VR protocols bgp 1 routing-peer-policy IMPORT-a-GW-TO-WC term 1REJECT-R-CPE-ROUTES action reject
set devices device NV-WC02-N2-BLR config routing-instances a-Control-VR protocols bgp 1 routing-peer-policy IMPORT-a-GW-TO-WC term 2ACCEPT-REST match family inet-vpn
set devices device NV-WC02-N2-BLR config routing-instances a-Control-VR protocols bgp 1 routing-peer-policy IMPORT-a-GW-TO-WC term 2ACCEPT-REST action accept
set devices device NV-WC02-N2-BLR config routing-instances a-Control-VR protocols bgp 1 group VNF-GW import IMPORT-a-GW-TO-WC
set devices device NV-WC02-N2-BLR config routing-instances a-Control-VR protocols bgp 1 group VNF-GW export IMPORT-a-WC-TO-GW
delete devices device NV-WC02-N2-BLR config routing-instances a-Control-VR protocols bgp 1 group Branches allow
set devices device NV-WC02-N2-BLR config routing-instances a-Control-VR protocols bgp 1 group Branches allow all
set devices device NV-WC02-N2-BLR config routing-instances a-Control-VR protocols bgp 1 group VNF-GW type internal
set devices device NV-WC02-N2-BLR config routing-instances a-Control-VR protocols bgp 1 group VNF-GW family inet unicast
set devices device NV-WC02-N2-BLR config routing-instances a-Control-VR protocols bgp 1 group VNF-GW family inet versa-private
set devices device NV-WC02-N2-BLR config routing-instances a-Control-VR protocols bgp 1 group VNF-GW family inet-vpn unicast
set devices device NV-WC02-N2-BLR config routing-instances a-Control-VR protocols bgp 1 group VNF-GW export EXPORT-a-WC-TO-GW
set devices device NV-WC02-N2-BLR config routing-instances a-Control-VR protocols bgp 1 group VNF-GW route-reflector-client
set devices device NV-WC02-N2-BLR config routing-instances a-Control-VR protocols bgp 1 group VNF-GW bfd-liveness-detection
set devices device NV-WC02-N2-BLR config routing-instances a-Control-VR protocols bgp 1 group VNF-GW bfd-liveness-detection minimum-receive-interval 1000
set devices device NV-WC02-N2-BLR config routing-instances a-Control-VR protocols bgp 1 group VNF-GW bfd-liveness-detection multiplier 3
set devices device NV-WC02-N2-BLR config routing-instances a-Control-VR protocols bgp 1 group VNF-GW bfd-liveness-detection transmit-interval minimum-interval 1000


set devices device NV-WC02-N2-BLR config routing-instances a-Control-VR protocols bgp 1 group VNF-GW neighbor 40.1.2.1
set devices device NV-WC02-N2-BLR config routing-instances a-Control-VR protocols bgp 1 group VNF-GW neighbor 40.1.2.1 peer-as 65505


set devices device NV-WC02-N2-BLR config routing-instances a-Control-VR protocols bgp 1 group VNF-GW neighbor 40.1.2.2
set devices device NV-WC02-N2-BLR config routing-instances a-Control-VR protocols bgp 1 group VNF-GW neighbor 40.1.2.2 peer-as 65505




set devices device NV-WC02-N2-BLR config orgs org-services a ipsec vpn-profile a-PostStaging local-auth-info key NV-WC02-N2-BLR
set devices device NV-WC02-N2-BLR config orgs org-services a ipsec vpn-profile a-PostStaging local-auth-info id-string NV-WC02-N2-BLR@a.com





set devices device NV-WC02-N2-BLR config orgs org-services a ipsec vpn-profile a-PostStaging psk-auth-clients remote-client NV-GW01-N2-BLR@a.com id-type email
set devices device NV-WC02-N2-BLR config orgs org-services a ipsec vpn-profile a-PostStaging psk-auth-clients remote-client NV-GW01-N2-BLR@a.com key NV-GW01-N2-BLR





set devices device NV-WC02-N2-BLR config orgs org-services a ipsec vpn-profile a-PostStaging psk-auth-clients remote-client NV-GW02-N2-BLR@a.com id-type email
set devices device NV-WC02-N2-BLR config orgs org-services a ipsec vpn-profile a-PostStaging psk-auth-clients remote-client NV-GW02-N2-BLR@a.com key NV-GW02-N2-BLR

2019-02-13 15:09:10,477 - VD1 - INFO - set devices device NV-GW01-N2-BLR config interfaces tvi-0/2 enable true
set devices device NV-GW01-N2-BLR config interfaces tvi-0/2 mode ipsec
set devices device NV-GW01-N2-BLR config interfaces tvi-0/2 type p2mp-vxlan
set devices device NV-GW01-N2-BLR config interfaces tvi-0/2 unit 0 enable true
set devices device NV-GW01-N2-BLR config interfaces tvi-0/2 description "VxLAN a Management"
set devices device NV-GW01-N2-BLR config interfaces tvi-0/2 unit 0 family
set devices device NV-GW01-N2-BLR config interfaces tvi-0/2 unit 0 family inet
set devices device NV-GW01-N2-BLR config interfaces tvi-0/2 unit 0 family inet address 30.1.2.1/32

set devices device NV-GW01-N2-BLR config interfaces tvi-0/3 enable true
set devices device NV-GW01-N2-BLR config interfaces tvi-0/3 mode ipsec
set devices device NV-GW01-N2-BLR config interfaces tvi-0/3 type p2mp-esp
set devices device NV-GW01-N2-BLR config interfaces tvi-0/3 unit 0 enable true
set devices device NV-GW01-N2-BLR config interfaces tvi-0/3 description "ESP a Management"
set devices device NV-GW01-N2-BLR config interfaces tvi-0/3 unit 0 enable true
set devices device NV-GW01-N2-BLR config interfaces tvi-0/3 unit 0 family
set devices device NV-GW01-N2-BLR config interfaces tvi-0/3 unit 0 family inet
set devices device NV-GW01-N2-BLR config interfaces tvi-0/3 unit 0 family inet address 40.1.2.1/32




set devices device NV-GW01-N2-BLR config interfaces ptvi2 parent-interface tvi-0/3.0 remote-address 10.1.64.23



set devices device NV-GW01-N2-BLR config interfaces ptvi3 parent-interface tvi-0/3.0 remote-address 10.1.64.24

set devices device NV-GW01-N2-BLR config interfaces vni-0/0 unit 130 vlan-id 130
set devices device NV-GW01-N2-BLR config interfaces vni-0/0 unit 130 enable true
set devices device NV-GW01-N2-BLR config interfaces vni-0/0 unit 130 family
set devices device NV-GW01-N2-BLR config interfaces vni-0/0 unit 130 family inet
set devices device NV-GW01-N2-BLR config interfaces vni-0/0 unit 130 family inet address 193.1.1.2/30





set devices device NV-GW01-N2-BLR config interfaces tvi-0/130 enable true
set devices device NV-GW01-N2-BLR config interfaces tvi-0/130 mode ipsec
set devices device NV-GW01-N2-BLR config interfaces tvi-0/130 type paired
set devices device NV-GW01-N2-BLR config interfaces tvi-0/130 paired-interface tvi-0/2030
set devices device NV-GW01-N2-BLR config interfaces tvi-0/130 unit 0 enable true
set devices device NV-GW01-N2-BLR config interfaces tvi-0/130 unit 0 family
set devices device NV-GW01-N2-BLR config interfaces tvi-0/130 unit 0 family inet
set devices device NV-GW01-N2-BLR config interfaces tvi-0/130 unit 0 family inet address 10.1.47.65/30

set devices device NV-GW01-N2-BLR config interfaces tvi-0/2030 mode ipsec
set devices device NV-GW01-N2-BLR config interfaces tvi-0/2030 type paired
set devices device NV-GW01-N2-BLR config interfaces tvi-0/2030 paired-interface tvi-0/130
set devices device NV-GW01-N2-BLR config interfaces tvi-0/2030 unit 0 enable true
set devices device NV-GW01-N2-BLR config interfaces tvi-0/2030 unit 0 family
set devices device NV-GW01-N2-BLR config interfaces tvi-0/2030 unit 0 family inet
set devices device NV-GW01-N2-BLR config interfaces tvi-0/2030 unit 0 family inet address 10.1.47.66/30

set devices device NV-GW01-N2-BLR config networks a-MPLS1 interfaces [ vni-0/0.130 ]





set devices device NV-GW01-N2-BLR config orgs org a available-routing-instances [ INT-TRANSP-VR MPLS-TRANSP-VR a-Control-VR a-EXPORT1-VRF a-LAN1-VRF ]
set devices device NV-GW01-N2-BLR config orgs org a traffic-identification using [ ptvi2 ptvi3 tvi-0/2.0 tvi-0/3.0 tvi-0/130.0 tvi-0/2030.0 ]
set devices device NV-GW01-N2-BLR config orgs org a owned-routing-instances [ INT-TRANSP-VR MPLS-TRANSP-VR a-Control-VR a-EXPORT1-VRF a-LAN1-VRF  ]
set devices device NV-GW01-N2-BLR config orgs org a traffic-identification using-networks [ a-MPLS1 ]

set devices device NV-GW01-N2-BLR config orgs org a available-provider-orgs [ a ]
set devices device NV-GW01-N2-BLR config orgs org a available-service-node-groups [ default-sng ]
set devices device NV-GW01-N2-BLR config orgs org a sd-wan site
set devices device NV-GW01-N2-BLR config orgs org a sd-wan site global-tenant-id 1
set devices device NV-GW01-N2-BLR config orgs org a sd-wan site site-name NV-GW01-N2-BLR
set devices device NV-GW01-N2-BLR config orgs org a sd-wan site management-routing-instance a-Control-VR
set devices device NV-GW01-N2-BLR config orgs org a sd-wan site wan-interfaces vni-0/1.454 sla-monitoring fc_be interval 1
set devices device NV-GW01-N2-BLR config orgs org a sd-wan site wan-interfaces vni-0/1.454 sla-monitoring fc_be logging-interval 5
set devices device NV-GW01-N2-BLR config orgs org a sd-wan site wan-interfaces vni-0/1.454 encryption optional
set devices device NV-GW01-N2-BLR config orgs org a sd-wan site wan-interfaces vni-0/1.464 sla-monitoring fc_be interval 1
set devices device NV-GW01-N2-BLR config orgs org a sd-wan site wan-interfaces vni-0/1.464 sla-monitoring fc_be logging-interval 5




set devices device NV-GW01-N2-BLR config orgs org a sd-wan controllers NV-WC01-N2-BLR management-addresses IKE ip-address 10.1.0.23 routing-instance a-Control-VR
set devices device NV-GW01-N2-BLR config orgs org a sd-wan controllers NV-WC01-N2-BLR management-addresses secure ip-address 10.1.64.23 routing-instance a-Control-VR




set devices device NV-GW01-N2-BLR config orgs org a sd-wan controllers NV-WC02-N2-BLR management-addresses IKE ip-address 10.1.0.24 routing-instance a-Control-VR
set devices device NV-GW01-N2-BLR config orgs org a sd-wan controllers NV-WC02-N2-BLR management-addresses secure ip-address 10.1.64.24 routing-instance a-Control-VR

set devices device NV-GW01-N2-BLR config orgs org-services a security access-policies Policy1 rules R1 set action allow
set devices device NV-GW01-N2-BLR config orgs org-services a security access-policies Policy1 rules R1 set lef profile Default-Logging-Profile
set devices device NV-GW01-N2-BLR config orgs org-services a security access-policies Policy1 rules R1 set lef event end
set devices device NV-GW01-N2-BLR config orgs org-services a security access-policies Policy1 rules R1 set lef options send-pcap-data enable false
set devices device NV-GW01-N2-BLR config orgs org-services a objects zones trust
set devices device NV-GW01-N2-BLR config orgs org-services a objects zones untrust
set devices device NV-GW01-N2-BLR config orgs org-services a objects zones host
set devices device NV-GW01-N2-BLR config orgs org-services a traffic-monitoring logging-control Default-Logging-Control profile Default-Logging-Profile
set devices device NV-GW01-N2-BLR config orgs org-services a traffic-monitoring logging-control Default-Logging-Control options
set devices device NV-GW01-N2-BLR config orgs org-services a traffic-monitoring logging-control Default-Logging-Control options stats
set devices device NV-GW01-N2-BLR config orgs org-services a traffic-monitoring logging-control Default-Logging-Control options stats all
set devices device NV-GW01-N2-BLR config orgs org-services a traffic-monitoring policies Analytics-policy rules rule1 set lef profile Default-Logging-Profile
set devices device NV-GW01-N2-BLR config orgs org-services a lef collectors LEF-Collector-log_collector1 destination-address 10.91.116.71 destination-port 5140
set devices device NV-GW01-N2-BLR config orgs org-services a lef collectors LEF-Collector-log_collector1 routing-instance a-Control-VR
set devices device NV-GW01-N2-BLR config orgs org-services a lef collectors LEF-Collector-log_collector1 transport tcp
set devices device NV-GW01-N2-BLR config orgs org-services a lef collectors LEF-Collector-log_collector1 template Default-LEF-Template
set devices device NV-GW01-N2-BLR config orgs org-services a lef collectors LEF-Collector-log_collector2 destination-address 10.91.116.72 destination-port 5140
set devices device NV-GW01-N2-BLR config orgs org-services a lef collectors LEF-Collector-log_collector2 routing-instance a-Control-VR
set devices device NV-GW01-N2-BLR config orgs org-services a lef collectors LEF-Collector-log_collector2 transport tcp
set devices device NV-GW01-N2-BLR config orgs org-services a lef collectors LEF-Collector-log_collector2 template Default-LEF-Template
set devices device NV-GW01-N2-BLR config orgs org-services a lef collector-groups Default-Collector-Group collectors [ LEF-Collector-log_collector1 LEF-Collector-log_collector2 ]
set devices device NV-GW01-N2-BLR config orgs org-services a lef templates Default-LEF-Template type ipfix
set devices device NV-GW01-N2-BLR config orgs org-services a lef profiles Default-Logging-Profile collector-group Default-Collector-Group
set devices device NV-GW01-N2-BLR config orgs org-services a lef default-profile Default-Logging-Profile









set devices device NV-GW01-N2-BLR config orgs org-services a ipsec vpn-profile GW-CTRL1 vpn-type branch-sdwan
set devices device NV-GW01-N2-BLR config orgs org-services a ipsec vpn-profile GW-CTRL1 local-auth-info
set devices device NV-GW01-N2-BLR config orgs org-services a ipsec vpn-profile GW-CTRL1 local-auth-info auth-type psk
set devices device NV-GW01-N2-BLR config orgs org-services a ipsec vpn-profile GW-CTRL1 local-auth-info id-type email
set devices device NV-GW01-N2-BLR config orgs org-services a ipsec vpn-profile GW-CTRL1 local-auth-info key NV-GW01-N2-BLR
set devices device NV-GW01-N2-BLR config orgs org-services a ipsec vpn-profile GW-CTRL1 local-auth-info id-string NV-GW01-N2-BLR@a.com
set devices device NV-GW01-N2-BLR config orgs org-services a ipsec vpn-profile GW-CTRL1 local
set devices device NV-GW01-N2-BLR config orgs org-services a ipsec vpn-profile GW-CTRL1 local address 30.1.2.1
set devices device NV-GW01-N2-BLR config orgs org-services a ipsec vpn-profile GW-CTRL1 routing-instance a-Control-VR
set devices device NV-GW01-N2-BLR config orgs org-services a ipsec vpn-profile GW-CTRL1 tunnel-routing-instance a-Control-VR
set devices device NV-GW01-N2-BLR config orgs org-services a ipsec vpn-profile GW-CTRL1 tunnel-initiate automatic
set devices device NV-GW01-N2-BLR config orgs org-services a ipsec vpn-profile GW-CTRL1 ipsec fragmentation pre-fragmentation
set devices device NV-GW01-N2-BLR config orgs org-services a ipsec vpn-profile GW-CTRL1 ipsec transform esp-aes128-sha1
set devices device NV-GW01-N2-BLR config orgs org-services a ipsec vpn-profile GW-CTRL1 ipsec mode tunnel
set devices device NV-GW01-N2-BLR config orgs org-services a ipsec vpn-profile GW-CTRL1 ipsec pfs-group mod-none
set devices device NV-GW01-N2-BLR config orgs org-services a ipsec vpn-profile GW-CTRL1 ipsec anti-replay enable
set devices device NV-GW01-N2-BLR config orgs org-services a ipsec vpn-profile GW-CTRL1 ipsec life duration 25000
set devices device NV-GW01-N2-BLR config orgs org-services a ipsec vpn-profile GW-CTRL1 ike version v2
set devices device NV-GW01-N2-BLR config orgs org-services a ipsec vpn-profile GW-CTRL1 ike group mod19
set devices device NV-GW01-N2-BLR config orgs org-services a ipsec vpn-profile GW-CTRL1 ike transform aes128-sha1
set devices device NV-GW01-N2-BLR config orgs org-services a ipsec vpn-profile GW-CTRL1 ike lifetime 27000
set devices device NV-GW01-N2-BLR config orgs org-services a ipsec vpn-profile GW-CTRL1 ike dpd-timeout 10
set devices device NV-GW01-N2-BLR config orgs org-services a ipsec vpn-profile GW-CTRL1 peer-auth-info
set devices device NV-GW01-N2-BLR config orgs org-services a ipsec vpn-profile GW-CTRL1 peer-auth-info auth-type psk
set devices device NV-GW01-N2-BLR config orgs org-services a ipsec vpn-profile GW-CTRL1 peer-auth-info id-type email
set devices device NV-GW01-N2-BLR config orgs org-services a ipsec vpn-profile GW-CTRL1 peer-auth-info key NV-WC01-N2-BLR
set devices device NV-GW01-N2-BLR config orgs org-services a ipsec vpn-profile GW-CTRL1 peer-auth-info id-string NV-WC01-N2-BLR@a.com
set devices device NV-GW01-N2-BLR config orgs org-services a ipsec vpn-profile GW-CTRL1 peer
set devices device NV-GW01-N2-BLR config orgs org-services a ipsec vpn-profile GW-CTRL1 peer address 10.1.0.23
set devices device NV-GW01-N2-BLR config orgs org-services a ipsec vpn-profile GW-CTRL1 tunnel-interface ptvi2









set devices device NV-GW01-N2-BLR config orgs org-services a ipsec vpn-profile GW-CTRL2 vpn-type branch-sdwan
set devices device NV-GW01-N2-BLR config orgs org-services a ipsec vpn-profile GW-CTRL2 local-auth-info
set devices device NV-GW01-N2-BLR config orgs org-services a ipsec vpn-profile GW-CTRL2 local-auth-info auth-type psk
set devices device NV-GW01-N2-BLR config orgs org-services a ipsec vpn-profile GW-CTRL2 local-auth-info id-type email
set devices device NV-GW01-N2-BLR config orgs org-services a ipsec vpn-profile GW-CTRL2 local-auth-info key NV-GW01-N2-BLR
set devices device NV-GW01-N2-BLR config orgs org-services a ipsec vpn-profile GW-CTRL2 local-auth-info id-string NV-GW01-N2-BLR@a.com
set devices device NV-GW01-N2-BLR config orgs org-services a ipsec vpn-profile GW-CTRL2 local
set devices device NV-GW01-N2-BLR config orgs org-services a ipsec vpn-profile GW-CTRL2 local address 30.1.2.1
set devices device NV-GW01-N2-BLR config orgs org-services a ipsec vpn-profile GW-CTRL2 routing-instance a-Control-VR
set devices device NV-GW01-N2-BLR config orgs org-services a ipsec vpn-profile GW-CTRL2 tunnel-routing-instance a-Control-VR
set devices device NV-GW01-N2-BLR config orgs org-services a ipsec vpn-profile GW-CTRL2 tunnel-initiate automatic
set devices device NV-GW01-N2-BLR config orgs org-services a ipsec vpn-profile GW-CTRL2 ipsec fragmentation pre-fragmentation
set devices device NV-GW01-N2-BLR config orgs org-services a ipsec vpn-profile GW-CTRL2 ipsec transform esp-aes128-sha1
set devices device NV-GW01-N2-BLR config orgs org-services a ipsec vpn-profile GW-CTRL2 ipsec mode tunnel
set devices device NV-GW01-N2-BLR config orgs org-services a ipsec vpn-profile GW-CTRL2 ipsec pfs-group mod-none
set devices device NV-GW01-N2-BLR config orgs org-services a ipsec vpn-profile GW-CTRL2 ipsec anti-replay enable
set devices device NV-GW01-N2-BLR config orgs org-services a ipsec vpn-profile GW-CTRL2 ipsec life duration 25000
set devices device NV-GW01-N2-BLR config orgs org-services a ipsec vpn-profile GW-CTRL2 ike version v2
set devices device NV-GW01-N2-BLR config orgs org-services a ipsec vpn-profile GW-CTRL2 ike group mod19
set devices device NV-GW01-N2-BLR config orgs org-services a ipsec vpn-profile GW-CTRL2 ike transform aes128-sha1
set devices device NV-GW01-N2-BLR config orgs org-services a ipsec vpn-profile GW-CTRL2 ike lifetime 27000
set devices device NV-GW01-N2-BLR config orgs org-services a ipsec vpn-profile GW-CTRL2 ike dpd-timeout 10
set devices device NV-GW01-N2-BLR config orgs org-services a ipsec vpn-profile GW-CTRL2 peer-auth-info
set devices device NV-GW01-N2-BLR config orgs org-services a ipsec vpn-profile GW-CTRL2 peer-auth-info auth-type psk
set devices device NV-GW01-N2-BLR config orgs org-services a ipsec vpn-profile GW-CTRL2 peer-auth-info id-type email
set devices device NV-GW01-N2-BLR config orgs org-services a ipsec vpn-profile GW-CTRL2 peer-auth-info key NV-WC02-N2-BLR
set devices device NV-GW01-N2-BLR config orgs org-services a ipsec vpn-profile GW-CTRL2 peer-auth-info id-string NV-WC02-N2-BLR@a.com
set devices device NV-GW01-N2-BLR config orgs org-services a ipsec vpn-profile GW-CTRL2 peer
set devices device NV-GW01-N2-BLR config orgs org-services a ipsec vpn-profile GW-CTRL2 peer address 10.1.0.24
set devices device NV-GW01-N2-BLR config orgs org-services a ipsec vpn-profile GW-CTRL2 tunnel-interface ptvi3

set devices device NV-GW01-N2-BLR config routing-instances a-Control-VR instance-type virtual-router
set devices device NV-GW01-N2-BLR config routing-instances a-Control-VR mpls-vpn-core
set devices device NV-GW01-N2-BLR config routing-instances a-Control-VR interfaces [ ptvi2 ptvi3 tvi-0/2.0 tvi-0/3.0 ]
set devices device NV-GW01-N2-BLR config routing-instances a-Control-VR routing-options mpls-vpn-local-router-address 40.1.2.1
set devices device NV-GW01-N2-BLR config routing-instances a-Control-VR routing-options static route 0.0.0.0/0 40.1.2.1 tvi-0/3.0 preference 1
set devices device NV-GW01-N2-BLR config routing-instances a-Control-VR routing-options static route 0.0.0.0/0 40.1.2.1 tvi-0/3.0 tag 0
set devices device NV-GW01-N2-BLR config routing-instances a-Control-VR protocols bgp 1 router-id 40.1.2.1 local-as as-number 65505

set devices device NV-GW01-N2-BLR config routing-instances a-Control-VR protocols bgp 1 hold-time 90
set devices device NV-GW01-N2-BLR config routing-instances a-Control-VR protocols bgp 1 peer-as 65505
set devices device NV-GW01-N2-BLR config routing-instances a-Control-VR protocols bgp 1 route-flap free-max-time 180
set devices device NV-GW01-N2-BLR config routing-instances a-Control-VR protocols bgp 1 route-flap reuse-max-time 60
set devices device NV-GW01-N2-BLR config routing-instances a-Control-VR protocols bgp 1 route-flap reuse-size 256
set devices device NV-GW01-N2-BLR config routing-instances a-Control-VR protocols bgp 1 route-flap reuse-array-size 1024
set devices device NV-GW01-N2-BLR config routing-instances a-Control-VR protocols bgp 1 graceful-restart enable
set devices device NV-GW01-N2-BLR config routing-instances a-Control-VR protocols bgp 1 graceful-restart maximum-restart-time 120
set devices device NV-GW01-N2-BLR config routing-instances a-Control-VR protocols bgp 1 graceful-restart recovery-time 120
set devices device NV-GW01-N2-BLR config routing-instances a-Control-VR protocols bgp 1 graceful-restart select-defer-time 120
set devices device NV-GW01-N2-BLR config routing-instances a-Control-VR protocols bgp 1 graceful-restart stalepath-time 120
set devices device NV-GW01-N2-BLR config routing-instances a-Control-VR protocols bgp 1 graceful-restart dynamic-peer-restart-time 0

set devices device NV-GW01-N2-BLR config routing-instances a-Control-VR protocols bgp 1 ibgp-preference 200
set devices device NV-GW01-N2-BLR config routing-instances a-Control-VR protocols bgp 1 ebgp-preference 20
set devices device NV-GW01-N2-BLR config routing-instances a-Control-VR protocols bgp 1 group GW-WC type internal
set devices device NV-GW01-N2-BLR config routing-instances a-Control-VR protocols bgp 1 group GW-WC family inet unicast
set devices device NV-GW01-N2-BLR config routing-instances a-Control-VR protocols bgp 1 group GW-WC family inet versa-private
set devices device NV-GW01-N2-BLR config routing-instances a-Control-VR protocols bgp 1 group GW-WC family inet-vpn unicast
set devices device NV-GW01-N2-BLR config routing-instances a-Control-VR protocols bgp 1 group GW-WC bfd-liveness-detection
set devices device NV-GW01-N2-BLR config routing-instances a-Control-VR protocols bgp 1 group GW-WC bfd-liveness-detection minimum-receive-interval 1000
set devices device NV-GW01-N2-BLR config routing-instances a-Control-VR protocols bgp 1 group GW-WC bfd-liveness-detection multiplier 3
set devices device NV-GW01-N2-BLR config routing-instances a-Control-VR protocols bgp 1 group GW-WC bfd-liveness-detection transmit-interval minimum-interval 1000









set devices device NV-GW01-N2-BLR config routing-instances a-Control-VR protocols bgp 1 group GW-WC neighbor 10.1.64.23
set devices device NV-GW01-N2-BLR config routing-instances a-Control-VR protocols bgp 1 group GW-WC neighbor 10.1.64.23 peer-as 65505
set devices device NV-GW01-N2-BLR config routing-instances a-Control-VR protocols bgp 1 debug level debug









set devices device NV-GW01-N2-BLR config routing-instances a-Control-VR protocols bgp 1 group GW-WC neighbor 10.1.64.24
set devices device NV-GW01-N2-BLR config routing-instances a-Control-VR protocols bgp 1 group GW-WC neighbor 10.1.64.24 peer-as 65505
set devices device NV-GW01-N2-BLR config routing-instances a-Control-VR protocols bgp 1 debug level debug





set devices device NV-GW01-N2-BLR config routing-instances a-EXPORT1-VRF policy-options redistribution-policy REDIS-TO-BGP term ACCEPT-BGP match protocol bgp
set devices device NV-GW01-N2-BLR config routing-instances a-EXPORT1-VRF policy-options redistribution-policy REDIS-TO-BGP term ACCEPT-BGP action accept
set devices device NV-GW01-N2-BLR config routing-instances a-EXPORT1-VRF policy-options redistribute-to-bgp REDIS-TO-BGP
set devices device NV-GW01-N2-BLR config routing-instances a-EXPORT1-VRF instance-type vrf
set devices device NV-GW01-N2-BLR config routing-instances a-EXPORT1-VRF global-vrf-id 1302
set devices device NV-GW01-N2-BLR config routing-instances a-EXPORT1-VRF mpls-vpn-core-instance a-Control-VR
set devices device NV-GW01-N2-BLR config routing-instances a-EXPORT1-VRF interfaces [ tvi-0/2030.0 ]
set devices device NV-GW01-N2-BLR config routing-instances a-EXPORT1-VRF route-distinguisher 130L:1302
set devices device NV-GW01-N2-BLR config routing-instances a-EXPORT1-VRF vrf-export-target target:130L:1302
set devices device NV-GW01-N2-BLR config routing-instances a-EXPORT1-VRF protocols bgp 102 router-id 10.1.47.66 local-as as-number 65506
set devices device NV-GW01-N2-BLR config routing-instances a-EXPORT1-VRF protocols bgp 102 route-flap free-max-time 180
set devices device NV-GW01-N2-BLR config routing-instances a-EXPORT1-VRF protocols bgp 102 route-flap reuse-max-time 60
set devices device NV-GW01-N2-BLR config routing-instances a-EXPORT1-VRF protocols bgp 102 route-flap reuse-size 256
set devices device NV-GW01-N2-BLR config routing-instances a-EXPORT1-VRF protocols bgp 102 route-flap reuse-array-size 1024
set devices device NV-GW01-N2-BLR config routing-instances a-EXPORT1-VRF protocols bgp 102 graceful-restart maximum-restart-time 120
set devices device NV-GW01-N2-BLR config routing-instances a-EXPORT1-VRF protocols bgp 102 graceful-restart recovery-time 120
set devices device NV-GW01-N2-BLR config routing-instances a-EXPORT1-VRF protocols bgp 102 graceful-restart select-defer-time 120
set devices device NV-GW01-N2-BLR config routing-instances a-EXPORT1-VRF protocols bgp 102 graceful-restart stalepath-time 120
set devices device NV-GW01-N2-BLR config routing-instances a-EXPORT1-VRF protocols bgp 102 graceful-restart dynamic-peer-restart-time 0
set devices device NV-GW01-N2-BLR config routing-instances a-EXPORT1-VRF protocols bgp 102 prefix-list NNI1-INT seq 10 permit
set devices device NV-GW01-N2-BLR config routing-instances a-EXPORT1-VRF protocols bgp 102 prefix-list NNI1-INT seq 10 address-family ipv4 unicast address-mask 193.1.1.0/30
set devices device NV-GW01-N2-BLR config routing-instances a-EXPORT1-VRF protocols bgp 102 prefix-list NNI1-INT seq 10 address-family ipv4 unicast ge_le ge 30
set devices device NV-GW01-N2-BLR config routing-instances a-EXPORT1-VRF protocols bgp 102 prefix-list NNI1-INT seq 10 address-family ipv4 unicast ge_le le 32

set devices device NV-GW01-N2-BLR config routing-instances a-EXPORT1-VRF protocols bgp 102 routing-peer-policy IMPORT-POLICY-FROM-LAN-VRF term 1REJECT-NNI-INT match ip nlri prefix-list NNI1-INT
set devices device NV-GW01-N2-BLR config routing-instances a-EXPORT1-VRF protocols bgp 102 routing-peer-policy IMPORT-POLICY-FROM-LAN-VRF term 1REJECT-NNI-INT action reject
set devices device NV-GW01-N2-BLR config routing-instances a-EXPORT1-VRF protocols bgp 102 routing-peer-policy IMPORT-POLICY-FROM-LAN-VRF term 2REJECT-NNI-ROUTES match community "(^|,)91:20($|,)"
set devices device NV-GW01-N2-BLR config routing-instances a-EXPORT1-VRF protocols bgp 102 routing-peer-policy IMPORT-POLICY-FROM-LAN-VRF term 2REJECT-NNI-ROUTES action reject
set devices device NV-GW01-N2-BLR config routing-instances a-EXPORT1-VRF protocols bgp 102 routing-peer-policy IMPORT-POLICY-FROM-LAN-VRF term 3ACCEPT-REST action accept
set devices device NV-GW01-N2-BLR config routing-instances a-EXPORT1-VRF protocols bgp 102 routing-peer-policy IMPORT-POLICY-FROM-LAN-VRF term 3ACCEPT-REST action community 91:11
set devices device NV-GW01-N2-BLR config routing-instances a-EXPORT1-VRF protocols bgp 102 routing-peer-policy IMPORT-POLICY-FROM-LAN-VRF term 3ACCEPT-REST action community-action set-specific

set devices device NV-GW01-N2-BLR config routing-instances a-EXPORT1-VRF protocols bgp 102 ibgp-preference 200
set devices device NV-GW01-N2-BLR config routing-instances a-EXPORT1-VRF protocols bgp 102 ebgp-preference 20
set devices device NV-GW01-N2-BLR config routing-instances a-EXPORT1-VRF protocols bgp 102 group EBGP-With-LAN_VRF type external
set devices device NV-GW01-N2-BLR config routing-instances a-EXPORT1-VRF protocols bgp 102 group EBGP-With-LAN_VRF import IMPORT-POLICY-FROM-LAN-VRF
set devices device NV-GW01-N2-BLR config routing-instances a-EXPORT1-VRF protocols bgp 102 group EBGP-With-LAN_VRF neighbor 10.1.47.65 local-address 10.1.47.66
set devices device NV-GW01-N2-BLR config routing-instances a-EXPORT1-VRF protocols bgp 102 group EBGP-With-LAN_VRF neighbor 10.1.47.65 peer-as 15404
set devices device NV-GW01-N2-BLR config routing-instances a-EXPORT1-VRF protocols bgp 102 debug level debug



set devices device NV-GW01-N2-BLR config routing-instances a-LAN1-VRF policy-options redistribution-policy REDIS-TO-BGP term ACCEPT-BGP match protocol bgp
set devices device NV-GW01-N2-BLR config routing-instances a-LAN1-VRF policy-options redistribution-policy REDIS-TO-BGP term ACCEPT-BGP action accept
set devices device NV-GW01-N2-BLR config routing-instances a-LAN1-VRF policy-options redistribution-policy REDIS-TO-BGP term ACCEPT-BGP action set-origin igp
set devices device NV-GW01-N2-BLR config routing-instances a-LAN1-VRF policy-options redistribution-policy REDIS-TO-BGP term ACCEPT-DIRECT match protocol direct
set devices device NV-GW01-N2-BLR config routing-instances a-LAN1-VRF policy-options redistribution-policy REDIS-TO-BGP term ACCEPT-DIRECT action accept
set devices device NV-GW01-N2-BLR config routing-instances a-LAN1-VRF policy-options redistribution-policy REDIS-TO-BGP term ACCEPT-DIRECT action set-origin igp
set devices device NV-GW01-N2-BLR config routing-instances a-LAN1-VRF policy-options redistribution-policy REDIS-TO-BGP term ACCEPT-STATIC match protocol static
set devices device NV-GW01-N2-BLR config routing-instances a-LAN1-VRF policy-options redistribution-policy REDIS-TO-BGP term ACCEPT-STATIC action accept
set devices device NV-GW01-N2-BLR config routing-instances a-LAN1-VRF policy-options redistribution-policy REDIS-TO-BGP term ACCEPT-STATIC action set-origin igp
set devices device NV-GW01-N2-BLR config routing-instances a-LAN1-VRF policy-options redistribute-to-bgp REDIS-TO-BGP
set devices device NV-GW01-N2-BLR config routing-instances a-LAN1-VRF instance-type vrf
set devices device NV-GW01-N2-BLR config routing-instances a-LAN1-VRF global-vrf-id 130
set devices device NV-GW01-N2-BLR config routing-instances a-LAN1-VRF networks [ a-MPLS1 ]
set devices device NV-GW01-N2-BLR config routing-instances a-LAN1-VRF mpls-vpn-core-instance a-Control-VR
set devices device NV-GW01-N2-BLR config routing-instances a-LAN1-VRF interfaces [ tvi-0/130.0 ]
set devices device NV-GW01-N2-BLR config routing-instances a-LAN1-VRF route-distinguisher 130L:130
set devices device NV-GW01-N2-BLR config routing-instances a-LAN1-VRF vrf-import-target target:130L:130
set devices device NV-GW01-N2-BLR config routing-instances a-LAN1-VRF vrf-export-target target:130L:1302
set devices device NV-GW01-N2-BLR config routing-instances a-LAN1-VRF protocols bgp 101 router-id 193.1.1.2 local-as as-number 15404
set devices device NV-GW01-N2-BLR config routing-instances a-LAN1-VRF protocols bgp 101 route-flap free-max-time 180
set devices device NV-GW01-N2-BLR config routing-instances a-LAN1-VRF protocols bgp 101 route-flap reuse-max-time 60
set devices device NV-GW01-N2-BLR config routing-instances a-LAN1-VRF protocols bgp 101 route-flap reuse-size 256
set devices device NV-GW01-N2-BLR config routing-instances a-LAN1-VRF protocols bgp 101 route-flap reuse-array-size 1024
set devices device NV-GW01-N2-BLR config routing-instances a-LAN1-VRF protocols bgp 101 graceful-restart maximum-restart-time 120
set devices device NV-GW01-N2-BLR config routing-instances a-LAN1-VRF protocols bgp 101 graceful-restart recovery-time 120
set devices device NV-GW01-N2-BLR config routing-instances a-LAN1-VRF protocols bgp 101 graceful-restart select-defer-time 120
set devices device NV-GW01-N2-BLR config routing-instances a-LAN1-VRF protocols bgp 101 graceful-restart stalepath-time 120
set devices device NV-GW01-N2-BLR config routing-instances a-LAN1-VRF protocols bgp 101 graceful-restart dynamic-peer-restart-time 0
set devices device NV-GW01-N2-BLR config routing-instances a-LAN1-VRF protocols bgp 101 prefix-list PTVI-INT seq 10 permit
set devices device NV-GW01-N2-BLR config routing-instances a-LAN1-VRF protocols bgp 101 prefix-list PTVI-INT seq 10 address-family ipv4 unicast address-mask 10.1.47.64/30
set devices device NV-GW01-N2-BLR config routing-instances a-LAN1-VRF protocols bgp 101 prefix-list PTVI-INT seq 10 address-family ipv4 unicast ge_le ge 30
set devices device NV-GW01-N2-BLR config routing-instances a-LAN1-VRF protocols bgp 101 prefix-list PTVI-INT seq 10 address-family ipv4 unicast ge_le le 32

set devices device NV-GW01-N2-BLR config routing-instances a-LAN1-VRF protocols bgp 101 routing-peer-policy EXPORT-POLICY-NNI term 1REJECT-PTVI-INT match ip nlri prefix-list PTVI-INT
set devices device NV-GW01-N2-BLR config routing-instances a-LAN1-VRF protocols bgp 101 routing-peer-policy EXPORT-POLICY-NNI term 1REJECT-PTVI-INT action reject
set devices device NV-GW01-N2-BLR config routing-instances a-LAN1-VRF protocols bgp 101 routing-peer-policy EXPORT-POLICY-NNI term 2REJECT-LOOP match community "(^|,)91:11($|,)"
set devices device NV-GW01-N2-BLR config routing-instances a-LAN1-VRF protocols bgp 101 routing-peer-policy EXPORT-POLICY-NNI term 2REJECT-LOOP action reject
set devices device NV-GW01-N2-BLR config routing-instances a-LAN1-VRF protocols bgp 101 routing-peer-policy EXPORT-POLICY-NNI term 3ADD-SDWAN-COMM match community "(^|,)91:10($|,)"
set devices device NV-GW01-N2-BLR config routing-instances a-LAN1-VRF protocols bgp 101 routing-peer-policy EXPORT-POLICY-NNI term 3ADD-SDWAN-COMM action accept
set devices device NV-GW01-N2-BLR config routing-instances a-LAN1-VRF protocols bgp 101 routing-peer-policy EXPORT-POLICY-NNI term 3ADD-SDWAN-COMM action community 100:10
set devices device NV-GW01-N2-BLR config routing-instances a-LAN1-VRF protocols bgp 101 routing-peer-policy EXPORT-POLICY-NNI term 3ADD-SDWAN-COMM action community-action set-specific
set devices device NV-GW01-N2-BLR config routing-instances a-LAN1-VRF protocols bgp 101 routing-peer-policy EXPORT-POLICY-NNI term 4DENY-REST action reject
set devices device NV-GW01-N2-BLR config routing-instances a-LAN1-VRF protocols bgp 101 routing-peer-policy EXPORT-PAIR-TVI-LOOP-PREV term 1DENY-LOOP match community "(^|,)91:11($|,)"
set devices device NV-GW01-N2-BLR config routing-instances a-LAN1-VRF protocols bgp 101 routing-peer-policy EXPORT-PAIR-TVI-LOOP-PREV term 1DENY-LOOP action reject
set devices device NV-GW01-N2-BLR config routing-instances a-LAN1-VRF protocols bgp 101 routing-peer-policy EXPORT-PAIR-TVI-LOOP-PREV term 2ALLOW-REST action accept
set devices device NV-GW01-N2-BLR config routing-instances a-LAN1-VRF protocols bgp 101 routing-peer-policy IMPORT-POLICY-NNI term 1REJECT-SDWAN-ROUTES match community "(^|,)100:10($|,)"
set devices device NV-GW01-N2-BLR config routing-instances a-LAN1-VRF protocols bgp 101 routing-peer-policy IMPORT-POLICY-NNI term 1REJECT-SDWAN-ROUTES action reject
set devices device NV-GW01-N2-BLR config routing-instances a-LAN1-VRF protocols bgp 101 routing-peer-policy IMPORT-POLICY-NNI term 2ACCEPT-REST action accept
set devices device NV-GW01-N2-BLR config routing-instances a-LAN1-VRF protocols bgp 101 routing-peer-policy IMPORT-POLICY-NNI term 2ACCEPT-REST action community 91:20
set devices device NV-GW01-N2-BLR config routing-instances a-LAN1-VRF protocols bgp 101 routing-peer-policy IMPORT-POLICY-NNI term 2ACCEPT-REST action community-action set-specific
set devices device NV-GW01-N2-BLR config routing-instances a-LAN1-VRF protocols bgp 101 ibgp-preference 200
set devices device NV-GW01-N2-BLR config routing-instances a-LAN1-VRF protocols bgp 101 ebgp-preference 20
set devices device NV-GW01-N2-BLR config routing-instances a-LAN1-VRF protocols bgp 101 group EBGP-WITH-EXPORT_VRF type external
set devices device NV-GW01-N2-BLR config routing-instances a-LAN1-VRF protocols bgp 101 group EBGP-WITH-EXPORT_VRF export EXPORT-PAIR-TVI-LOOP-PREV
set devices device NV-GW01-N2-BLR config routing-instances a-LAN1-VRF protocols bgp 101 group EBGP-WITH-EXPORT_VRF neighbor 10.1.47.66 local-address 10.1.47.65
set devices device NV-GW01-N2-BLR config routing-instances a-LAN1-VRF protocols bgp 101 group EBGP-WITH-EXPORT_VRF neighbor 10.1.47.66 peer-as 65506
set devices device NV-GW01-N2-BLR config routing-instances a-LAN1-VRF protocols bgp 101 group EBGP-With-SAR-TypeA-NNI type external
set devices device NV-GW01-N2-BLR config routing-instances a-LAN1-VRF protocols bgp 101 group EBGP-With-SAR-TypeA-NNI import IMPORT-POLICY-NNI
set devices device NV-GW01-N2-BLR config routing-instances a-LAN1-VRF protocols bgp 101 group EBGP-With-SAR-TypeA-NNI export EXPORT-POLICY-NNI
set devices device NV-GW01-N2-BLR config routing-instances a-LAN1-VRF protocols bgp 101 group EBGP-With-SAR-TypeA-NNI neighbor 193.1.1.1 local-address 193.1.1.2
set devices device NV-GW01-N2-BLR config routing-instances a-LAN1-VRF protocols bgp 101 group EBGP-With-SAR-TypeA-NNI neighbor 193.1.1.1 peer-as 8220
set devices device NV-GW01-N2-BLR config routing-instances a-LAN1-VRF protocols bgp 101 debug level debug


2019-02-13 15:09:10,804 - VD1 - INFO - set devices device NV-GW02-N2-BLR config interfaces tvi-0/2 enable true
set devices device NV-GW02-N2-BLR config interfaces tvi-0/2 mode ipsec
set devices device NV-GW02-N2-BLR config interfaces tvi-0/2 type p2mp-vxlan
set devices device NV-GW02-N2-BLR config interfaces tvi-0/2 unit 0 enable true
set devices device NV-GW02-N2-BLR config interfaces tvi-0/2 description "VxLAN a Management"
set devices device NV-GW02-N2-BLR config interfaces tvi-0/2 unit 0 family
set devices device NV-GW02-N2-BLR config interfaces tvi-0/2 unit 0 family inet
set devices device NV-GW02-N2-BLR config interfaces tvi-0/2 unit 0 family inet address 30.1.2.2/32

set devices device NV-GW02-N2-BLR config interfaces tvi-0/3 enable true
set devices device NV-GW02-N2-BLR config interfaces tvi-0/3 mode ipsec
set devices device NV-GW02-N2-BLR config interfaces tvi-0/3 type p2mp-esp
set devices device NV-GW02-N2-BLR config interfaces tvi-0/3 unit 0 enable true
set devices device NV-GW02-N2-BLR config interfaces tvi-0/3 description "ESP a Management"
set devices device NV-GW02-N2-BLR config interfaces tvi-0/3 unit 0 enable true
set devices device NV-GW02-N2-BLR config interfaces tvi-0/3 unit 0 family
set devices device NV-GW02-N2-BLR config interfaces tvi-0/3 unit 0 family inet
set devices device NV-GW02-N2-BLR config interfaces tvi-0/3 unit 0 family inet address 40.1.2.2/32




set devices device NV-GW02-N2-BLR config interfaces ptvi2 parent-interface tvi-0/3.0 remote-address 10.1.64.23



set devices device NV-GW02-N2-BLR config interfaces ptvi3 parent-interface tvi-0/3.0 remote-address 10.1.64.24

set devices device NV-GW02-N2-BLR config interfaces vni-0/0 unit 1030 vlan-id 1030
set devices device NV-GW02-N2-BLR config interfaces vni-0/0 unit 1030 enable true
set devices device NV-GW02-N2-BLR config interfaces vni-0/0 unit 1030 family
set devices device NV-GW02-N2-BLR config interfaces vni-0/0 unit 1030 family inet
set devices device NV-GW02-N2-BLR config interfaces vni-0/0 unit 1030 family inet address 193.1.2.2/30





set devices device NV-GW02-N2-BLR config interfaces tvi-0/130 enable true
set devices device NV-GW02-N2-BLR config interfaces tvi-0/130 mode ipsec
set devices device NV-GW02-N2-BLR config interfaces tvi-0/130 type paired
set devices device NV-GW02-N2-BLR config interfaces tvi-0/130 paired-interface tvi-0/2030
set devices device NV-GW02-N2-BLR config interfaces tvi-0/130 unit 0 enable true
set devices device NV-GW02-N2-BLR config interfaces tvi-0/130 unit 0 family
set devices device NV-GW02-N2-BLR config interfaces tvi-0/130 unit 0 family inet
set devices device NV-GW02-N2-BLR config interfaces tvi-0/130 unit 0 family inet address 10.1.47.65/30

set devices device NV-GW02-N2-BLR config interfaces tvi-0/2030 mode ipsec
set devices device NV-GW02-N2-BLR config interfaces tvi-0/2030 type paired
set devices device NV-GW02-N2-BLR config interfaces tvi-0/2030 paired-interface tvi-0/130
set devices device NV-GW02-N2-BLR config interfaces tvi-0/2030 unit 0 enable true
set devices device NV-GW02-N2-BLR config interfaces tvi-0/2030 unit 0 family
set devices device NV-GW02-N2-BLR config interfaces tvi-0/2030 unit 0 family inet
set devices device NV-GW02-N2-BLR config interfaces tvi-0/2030 unit 0 family inet address 10.1.47.66/30

set devices device NV-GW02-N2-BLR config networks a-MPLS1 interfaces [ vni-0/0.1030 ]





set devices device NV-GW02-N2-BLR config orgs org a available-routing-instances [ INT-TRANSP-VR MPLS-TRANSP-VR a-Control-VR a-EXPORT1-VRF a-LAN1-VRF ]
set devices device NV-GW02-N2-BLR config orgs org a traffic-identification using [ ptvi2 ptvi3 tvi-0/2.0 tvi-0/3.0 tvi-0/130.0 tvi-0/2030.0 ]
set devices device NV-GW02-N2-BLR config orgs org a owned-routing-instances [ INT-TRANSP-VR MPLS-TRANSP-VR a-Control-VR a-EXPORT1-VRF a-LAN1-VRF  ]
set devices device NV-GW02-N2-BLR config orgs org a traffic-identification using-networks [ a-MPLS1 ]

set devices device NV-GW02-N2-BLR config orgs org a available-provider-orgs [ a ]
set devices device NV-GW02-N2-BLR config orgs org a available-service-node-groups [ default-sng ]
set devices device NV-GW02-N2-BLR config orgs org a sd-wan site
set devices device NV-GW02-N2-BLR config orgs org a sd-wan site global-tenant-id 1
set devices device NV-GW02-N2-BLR config orgs org a sd-wan site site-name NV-GW02-N2-BLR
set devices device NV-GW02-N2-BLR config orgs org a sd-wan site management-routing-instance a-Control-VR
set devices device NV-GW02-N2-BLR config orgs org a sd-wan site wan-interfaces vni-0/1.455 sla-monitoring fc_be interval 1
set devices device NV-GW02-N2-BLR config orgs org a sd-wan site wan-interfaces vni-0/1.455 sla-monitoring fc_be logging-interval 5
set devices device NV-GW02-N2-BLR config orgs org a sd-wan site wan-interfaces vni-0/1.455 encryption optional
set devices device NV-GW02-N2-BLR config orgs org a sd-wan site wan-interfaces vni-0/1.465 sla-monitoring fc_be interval 1
set devices device NV-GW02-N2-BLR config orgs org a sd-wan site wan-interfaces vni-0/1.465 sla-monitoring fc_be logging-interval 5




set devices device NV-GW02-N2-BLR config orgs org a sd-wan controllers NV-WC01-N2-BLR management-addresses IKE ip-address 10.1.0.23 routing-instance a-Control-VR
set devices device NV-GW02-N2-BLR config orgs org a sd-wan controllers NV-WC01-N2-BLR management-addresses secure ip-address 10.1.64.23 routing-instance a-Control-VR




set devices device NV-GW02-N2-BLR config orgs org a sd-wan controllers NV-WC02-N2-BLR management-addresses IKE ip-address 10.1.0.24 routing-instance a-Control-VR
set devices device NV-GW02-N2-BLR config orgs org a sd-wan controllers NV-WC02-N2-BLR management-addresses secure ip-address 10.1.64.24 routing-instance a-Control-VR

set devices device NV-GW02-N2-BLR config orgs org-services a security access-policies Policy1 rules R1 set action allow
set devices device NV-GW02-N2-BLR config orgs org-services a security access-policies Policy1 rules R1 set lef profile Default-Logging-Profile
set devices device NV-GW02-N2-BLR config orgs org-services a security access-policies Policy1 rules R1 set lef event end
set devices device NV-GW02-N2-BLR config orgs org-services a security access-policies Policy1 rules R1 set lef options send-pcap-data enable false
set devices device NV-GW02-N2-BLR config orgs org-services a objects zones trust
set devices device NV-GW02-N2-BLR config orgs org-services a objects zones untrust
set devices device NV-GW02-N2-BLR config orgs org-services a objects zones host
set devices device NV-GW02-N2-BLR config orgs org-services a traffic-monitoring logging-control Default-Logging-Control profile Default-Logging-Profile
set devices device NV-GW02-N2-BLR config orgs org-services a traffic-monitoring logging-control Default-Logging-Control options
set devices device NV-GW02-N2-BLR config orgs org-services a traffic-monitoring logging-control Default-Logging-Control options stats
set devices device NV-GW02-N2-BLR config orgs org-services a traffic-monitoring logging-control Default-Logging-Control options stats all
set devices device NV-GW02-N2-BLR config orgs org-services a traffic-monitoring policies Analytics-policy rules rule1 set lef profile Default-Logging-Profile
set devices device NV-GW02-N2-BLR config orgs org-services a lef collectors LEF-Collector-log_collector1 destination-address 10.91.116.71 destination-port 5140
set devices device NV-GW02-N2-BLR config orgs org-services a lef collectors LEF-Collector-log_collector1 routing-instance a-Control-VR
set devices device NV-GW02-N2-BLR config orgs org-services a lef collectors LEF-Collector-log_collector1 transport tcp
set devices device NV-GW02-N2-BLR config orgs org-services a lef collectors LEF-Collector-log_collector1 template Default-LEF-Template
set devices device NV-GW02-N2-BLR config orgs org-services a lef collectors LEF-Collector-log_collector2 destination-address 10.91.116.72 destination-port 5140
set devices device NV-GW02-N2-BLR config orgs org-services a lef collectors LEF-Collector-log_collector2 routing-instance a-Control-VR
set devices device NV-GW02-N2-BLR config orgs org-services a lef collectors LEF-Collector-log_collector2 transport tcp
set devices device NV-GW02-N2-BLR config orgs org-services a lef collectors LEF-Collector-log_collector2 template Default-LEF-Template
set devices device NV-GW02-N2-BLR config orgs org-services a lef collector-groups Default-Collector-Group collectors [ LEF-Collector-log_collector1 LEF-Collector-log_collector2 ]
set devices device NV-GW02-N2-BLR config orgs org-services a lef templates Default-LEF-Template type ipfix
set devices device NV-GW02-N2-BLR config orgs org-services a lef profiles Default-Logging-Profile collector-group Default-Collector-Group
set devices device NV-GW02-N2-BLR config orgs org-services a lef default-profile Default-Logging-Profile









set devices device NV-GW02-N2-BLR config orgs org-services a ipsec vpn-profile GW-CTRL1 vpn-type branch-sdwan
set devices device NV-GW02-N2-BLR config orgs org-services a ipsec vpn-profile GW-CTRL1 local-auth-info
set devices device NV-GW02-N2-BLR config orgs org-services a ipsec vpn-profile GW-CTRL1 local-auth-info auth-type psk
set devices device NV-GW02-N2-BLR config orgs org-services a ipsec vpn-profile GW-CTRL1 local-auth-info id-type email
set devices device NV-GW02-N2-BLR config orgs org-services a ipsec vpn-profile GW-CTRL1 local-auth-info key NV-GW02-N2-BLR
set devices device NV-GW02-N2-BLR config orgs org-services a ipsec vpn-profile GW-CTRL1 local-auth-info id-string NV-GW02-N2-BLR@a.com
set devices device NV-GW02-N2-BLR config orgs org-services a ipsec vpn-profile GW-CTRL1 local
set devices device NV-GW02-N2-BLR config orgs org-services a ipsec vpn-profile GW-CTRL1 local address 30.1.2.2
set devices device NV-GW02-N2-BLR config orgs org-services a ipsec vpn-profile GW-CTRL1 routing-instance a-Control-VR
set devices device NV-GW02-N2-BLR config orgs org-services a ipsec vpn-profile GW-CTRL1 tunnel-routing-instance a-Control-VR
set devices device NV-GW02-N2-BLR config orgs org-services a ipsec vpn-profile GW-CTRL1 tunnel-initiate automatic
set devices device NV-GW02-N2-BLR config orgs org-services a ipsec vpn-profile GW-CTRL1 ipsec fragmentation pre-fragmentation
set devices device NV-GW02-N2-BLR config orgs org-services a ipsec vpn-profile GW-CTRL1 ipsec transform esp-aes128-sha1
set devices device NV-GW02-N2-BLR config orgs org-services a ipsec vpn-profile GW-CTRL1 ipsec mode tunnel
set devices device NV-GW02-N2-BLR config orgs org-services a ipsec vpn-profile GW-CTRL1 ipsec pfs-group mod-none
set devices device NV-GW02-N2-BLR config orgs org-services a ipsec vpn-profile GW-CTRL1 ipsec anti-replay enable
set devices device NV-GW02-N2-BLR config orgs org-services a ipsec vpn-profile GW-CTRL1 ipsec life duration 25000
set devices device NV-GW02-N2-BLR config orgs org-services a ipsec vpn-profile GW-CTRL1 ike version v2
set devices device NV-GW02-N2-BLR config orgs org-services a ipsec vpn-profile GW-CTRL1 ike group mod19
set devices device NV-GW02-N2-BLR config orgs org-services a ipsec vpn-profile GW-CTRL1 ike transform aes128-sha1
set devices device NV-GW02-N2-BLR config orgs org-services a ipsec vpn-profile GW-CTRL1 ike lifetime 27000
set devices device NV-GW02-N2-BLR config orgs org-services a ipsec vpn-profile GW-CTRL1 ike dpd-timeout 10
set devices device NV-GW02-N2-BLR config orgs org-services a ipsec vpn-profile GW-CTRL1 peer-auth-info
set devices device NV-GW02-N2-BLR config orgs org-services a ipsec vpn-profile GW-CTRL1 peer-auth-info auth-type psk
set devices device NV-GW02-N2-BLR config orgs org-services a ipsec vpn-profile GW-CTRL1 peer-auth-info id-type email
set devices device NV-GW02-N2-BLR config orgs org-services a ipsec vpn-profile GW-CTRL1 peer-auth-info key NV-WC01-N2-BLR
set devices device NV-GW02-N2-BLR config orgs org-services a ipsec vpn-profile GW-CTRL1 peer-auth-info id-string NV-WC01-N2-BLR@a.com
set devices device NV-GW02-N2-BLR config orgs org-services a ipsec vpn-profile GW-CTRL1 peer
set devices device NV-GW02-N2-BLR config orgs org-services a ipsec vpn-profile GW-CTRL1 peer address 10.1.0.23
set devices device NV-GW02-N2-BLR config orgs org-services a ipsec vpn-profile GW-CTRL1 tunnel-interface ptvi2









set devices device NV-GW02-N2-BLR config orgs org-services a ipsec vpn-profile GW-CTRL2 vpn-type branch-sdwan
set devices device NV-GW02-N2-BLR config orgs org-services a ipsec vpn-profile GW-CTRL2 local-auth-info
set devices device NV-GW02-N2-BLR config orgs org-services a ipsec vpn-profile GW-CTRL2 local-auth-info auth-type psk
set devices device NV-GW02-N2-BLR config orgs org-services a ipsec vpn-profile GW-CTRL2 local-auth-info id-type email
set devices device NV-GW02-N2-BLR config orgs org-services a ipsec vpn-profile GW-CTRL2 local-auth-info key NV-GW02-N2-BLR
set devices device NV-GW02-N2-BLR config orgs org-services a ipsec vpn-profile GW-CTRL2 local-auth-info id-string NV-GW02-N2-BLR@a.com
set devices device NV-GW02-N2-BLR config orgs org-services a ipsec vpn-profile GW-CTRL2 local
set devices device NV-GW02-N2-BLR config orgs org-services a ipsec vpn-profile GW-CTRL2 local address 30.1.2.2
set devices device NV-GW02-N2-BLR config orgs org-services a ipsec vpn-profile GW-CTRL2 routing-instance a-Control-VR
set devices device NV-GW02-N2-BLR config orgs org-services a ipsec vpn-profile GW-CTRL2 tunnel-routing-instance a-Control-VR
set devices device NV-GW02-N2-BLR config orgs org-services a ipsec vpn-profile GW-CTRL2 tunnel-initiate automatic
set devices device NV-GW02-N2-BLR config orgs org-services a ipsec vpn-profile GW-CTRL2 ipsec fragmentation pre-fragmentation
set devices device NV-GW02-N2-BLR config orgs org-services a ipsec vpn-profile GW-CTRL2 ipsec transform esp-aes128-sha1
set devices device NV-GW02-N2-BLR config orgs org-services a ipsec vpn-profile GW-CTRL2 ipsec mode tunnel
set devices device NV-GW02-N2-BLR config orgs org-services a ipsec vpn-profile GW-CTRL2 ipsec pfs-group mod-none
set devices device NV-GW02-N2-BLR config orgs org-services a ipsec vpn-profile GW-CTRL2 ipsec anti-replay enable
set devices device NV-GW02-N2-BLR config orgs org-services a ipsec vpn-profile GW-CTRL2 ipsec life duration 25000
set devices device NV-GW02-N2-BLR config orgs org-services a ipsec vpn-profile GW-CTRL2 ike version v2
set devices device NV-GW02-N2-BLR config orgs org-services a ipsec vpn-profile GW-CTRL2 ike group mod19
set devices device NV-GW02-N2-BLR config orgs org-services a ipsec vpn-profile GW-CTRL2 ike transform aes128-sha1
set devices device NV-GW02-N2-BLR config orgs org-services a ipsec vpn-profile GW-CTRL2 ike lifetime 27000
set devices device NV-GW02-N2-BLR config orgs org-services a ipsec vpn-profile GW-CTRL2 ike dpd-timeout 10
set devices device NV-GW02-N2-BLR config orgs org-services a ipsec vpn-profile GW-CTRL2 peer-auth-info
set devices device NV-GW02-N2-BLR config orgs org-services a ipsec vpn-profile GW-CTRL2 peer-auth-info auth-type psk
set devices device NV-GW02-N2-BLR config orgs org-services a ipsec vpn-profile GW-CTRL2 peer-auth-info id-type email
set devices device NV-GW02-N2-BLR config orgs org-services a ipsec vpn-profile GW-CTRL2 peer-auth-info key NV-WC02-N2-BLR
set devices device NV-GW02-N2-BLR config orgs org-services a ipsec vpn-profile GW-CTRL2 peer-auth-info id-string NV-WC02-N2-BLR@a.com
set devices device NV-GW02-N2-BLR config orgs org-services a ipsec vpn-profile GW-CTRL2 peer
set devices device NV-GW02-N2-BLR config orgs org-services a ipsec vpn-profile GW-CTRL2 peer address 10.1.0.24
set devices device NV-GW02-N2-BLR config orgs org-services a ipsec vpn-profile GW-CTRL2 tunnel-interface ptvi3

set devices device NV-GW02-N2-BLR config routing-instances a-Control-VR instance-type virtual-router
set devices device NV-GW02-N2-BLR config routing-instances a-Control-VR mpls-vpn-core
set devices device NV-GW02-N2-BLR config routing-instances a-Control-VR interfaces [ ptvi2 ptvi3 tvi-0/2.0 tvi-0/3.0 ]
set devices device NV-GW02-N2-BLR config routing-instances a-Control-VR routing-options mpls-vpn-local-router-address 40.1.2.2
set devices device NV-GW02-N2-BLR config routing-instances a-Control-VR routing-options static route 0.0.0.0/0 40.1.2.2 tvi-0/3.0 preference 1
set devices device NV-GW02-N2-BLR config routing-instances a-Control-VR routing-options static route 0.0.0.0/0 40.1.2.2 tvi-0/3.0 tag 0
set devices device NV-GW02-N2-BLR config routing-instances a-Control-VR protocols bgp 1 router-id 40.1.2.2 local-as as-number 65505

set devices device NV-GW02-N2-BLR config routing-instances a-Control-VR protocols bgp 1 hold-time 90
set devices device NV-GW02-N2-BLR config routing-instances a-Control-VR protocols bgp 1 peer-as 65505
set devices device NV-GW02-N2-BLR config routing-instances a-Control-VR protocols bgp 1 route-flap free-max-time 180
set devices device NV-GW02-N2-BLR config routing-instances a-Control-VR protocols bgp 1 route-flap reuse-max-time 60
set devices device NV-GW02-N2-BLR config routing-instances a-Control-VR protocols bgp 1 route-flap reuse-size 256
set devices device NV-GW02-N2-BLR config routing-instances a-Control-VR protocols bgp 1 route-flap reuse-array-size 1024
set devices device NV-GW02-N2-BLR config routing-instances a-Control-VR protocols bgp 1 graceful-restart enable
set devices device NV-GW02-N2-BLR config routing-instances a-Control-VR protocols bgp 1 graceful-restart maximum-restart-time 120
set devices device NV-GW02-N2-BLR config routing-instances a-Control-VR protocols bgp 1 graceful-restart recovery-time 120
set devices device NV-GW02-N2-BLR config routing-instances a-Control-VR protocols bgp 1 graceful-restart select-defer-time 120
set devices device NV-GW02-N2-BLR config routing-instances a-Control-VR protocols bgp 1 graceful-restart stalepath-time 120
set devices device NV-GW02-N2-BLR config routing-instances a-Control-VR protocols bgp 1 graceful-restart dynamic-peer-restart-time 0

set devices device NV-GW02-N2-BLR config routing-instances a-Control-VR protocols bgp 1 ibgp-preference 200
set devices device NV-GW02-N2-BLR config routing-instances a-Control-VR protocols bgp 1 ebgp-preference 20
set devices device NV-GW02-N2-BLR config routing-instances a-Control-VR protocols bgp 1 group GW-WC type internal
set devices device NV-GW02-N2-BLR config routing-instances a-Control-VR protocols bgp 1 group GW-WC family inet unicast
set devices device NV-GW02-N2-BLR config routing-instances a-Control-VR protocols bgp 1 group GW-WC family inet versa-private
set devices device NV-GW02-N2-BLR config routing-instances a-Control-VR protocols bgp 1 group GW-WC family inet-vpn unicast
set devices device NV-GW02-N2-BLR config routing-instances a-Control-VR protocols bgp 1 group GW-WC bfd-liveness-detection
set devices device NV-GW02-N2-BLR config routing-instances a-Control-VR protocols bgp 1 group GW-WC bfd-liveness-detection minimum-receive-interval 1000
set devices device NV-GW02-N2-BLR config routing-instances a-Control-VR protocols bgp 1 group GW-WC bfd-liveness-detection multiplier 3
set devices device NV-GW02-N2-BLR config routing-instances a-Control-VR protocols bgp 1 group GW-WC bfd-liveness-detection transmit-interval minimum-interval 1000









set devices device NV-GW02-N2-BLR config routing-instances a-Control-VR protocols bgp 1 group GW-WC neighbor 10.1.64.23
set devices device NV-GW02-N2-BLR config routing-instances a-Control-VR protocols bgp 1 group GW-WC neighbor 10.1.64.23 peer-as 65505
set devices device NV-GW02-N2-BLR config routing-instances a-Control-VR protocols bgp 1 debug level debug









set devices device NV-GW02-N2-BLR config routing-instances a-Control-VR protocols bgp 1 group GW-WC neighbor 10.1.64.24
set devices device NV-GW02-N2-BLR config routing-instances a-Control-VR protocols bgp 1 group GW-WC neighbor 10.1.64.24 peer-as 65505
set devices device NV-GW02-N2-BLR config routing-instances a-Control-VR protocols bgp 1 debug level debug





set devices device NV-GW02-N2-BLR config routing-instances a-EXPORT1-VRF policy-options redistribution-policy REDIS-TO-BGP term ACCEPT-BGP match protocol bgp
set devices device NV-GW02-N2-BLR config routing-instances a-EXPORT1-VRF policy-options redistribution-policy REDIS-TO-BGP term ACCEPT-BGP action accept
set devices device NV-GW02-N2-BLR config routing-instances a-EXPORT1-VRF policy-options redistribute-to-bgp REDIS-TO-BGP
set devices device NV-GW02-N2-BLR config routing-instances a-EXPORT1-VRF instance-type vrf
set devices device NV-GW02-N2-BLR config routing-instances a-EXPORT1-VRF global-vrf-id 1302
set devices device NV-GW02-N2-BLR config routing-instances a-EXPORT1-VRF mpls-vpn-core-instance a-Control-VR
set devices device NV-GW02-N2-BLR config routing-instances a-EXPORT1-VRF interfaces [ tvi-0/2030.0 ]
set devices device NV-GW02-N2-BLR config routing-instances a-EXPORT1-VRF route-distinguisher 130L:1302
set devices device NV-GW02-N2-BLR config routing-instances a-EXPORT1-VRF vrf-export-target target:130L:1302
set devices device NV-GW02-N2-BLR config routing-instances a-EXPORT1-VRF protocols bgp 102 router-id 10.1.47.66 local-as as-number 65506
set devices device NV-GW02-N2-BLR config routing-instances a-EXPORT1-VRF protocols bgp 102 route-flap free-max-time 180
set devices device NV-GW02-N2-BLR config routing-instances a-EXPORT1-VRF protocols bgp 102 route-flap reuse-max-time 60
set devices device NV-GW02-N2-BLR config routing-instances a-EXPORT1-VRF protocols bgp 102 route-flap reuse-size 256
set devices device NV-GW02-N2-BLR config routing-instances a-EXPORT1-VRF protocols bgp 102 route-flap reuse-array-size 1024
set devices device NV-GW02-N2-BLR config routing-instances a-EXPORT1-VRF protocols bgp 102 graceful-restart maximum-restart-time 120
set devices device NV-GW02-N2-BLR config routing-instances a-EXPORT1-VRF protocols bgp 102 graceful-restart recovery-time 120
set devices device NV-GW02-N2-BLR config routing-instances a-EXPORT1-VRF protocols bgp 102 graceful-restart select-defer-time 120
set devices device NV-GW02-N2-BLR config routing-instances a-EXPORT1-VRF protocols bgp 102 graceful-restart stalepath-time 120
set devices device NV-GW02-N2-BLR config routing-instances a-EXPORT1-VRF protocols bgp 102 graceful-restart dynamic-peer-restart-time 0
set devices device NV-GW02-N2-BLR config routing-instances a-EXPORT1-VRF protocols bgp 102 prefix-list NNI1-INT seq 10 permit
set devices device NV-GW02-N2-BLR config routing-instances a-EXPORT1-VRF protocols bgp 102 prefix-list NNI1-INT seq 10 address-family ipv4 unicast address-mask 193.1.2.0/30
set devices device NV-GW02-N2-BLR config routing-instances a-EXPORT1-VRF protocols bgp 102 prefix-list NNI1-INT seq 10 address-family ipv4 unicast ge_le ge 30
set devices device NV-GW02-N2-BLR config routing-instances a-EXPORT1-VRF protocols bgp 102 prefix-list NNI1-INT seq 10 address-family ipv4 unicast ge_le le 32

set devices device NV-GW02-N2-BLR config routing-instances a-EXPORT1-VRF protocols bgp 102 routing-peer-policy IMPORT-POLICY-FROM-LAN-VRF term 1REJECT-NNI-INT match ip nlri prefix-list NNI1-INT
set devices device NV-GW02-N2-BLR config routing-instances a-EXPORT1-VRF protocols bgp 102 routing-peer-policy IMPORT-POLICY-FROM-LAN-VRF term 1REJECT-NNI-INT action reject
set devices device NV-GW02-N2-BLR config routing-instances a-EXPORT1-VRF protocols bgp 102 routing-peer-policy IMPORT-POLICY-FROM-LAN-VRF term 2REJECT-NNI-ROUTES match community "(^|,)91:20($|,)"
set devices device NV-GW02-N2-BLR config routing-instances a-EXPORT1-VRF protocols bgp 102 routing-peer-policy IMPORT-POLICY-FROM-LAN-VRF term 2REJECT-NNI-ROUTES action reject
set devices device NV-GW02-N2-BLR config routing-instances a-EXPORT1-VRF protocols bgp 102 routing-peer-policy IMPORT-POLICY-FROM-LAN-VRF term 3ACCEPT-REST action accept
set devices device NV-GW02-N2-BLR config routing-instances a-EXPORT1-VRF protocols bgp 102 routing-peer-policy IMPORT-POLICY-FROM-LAN-VRF term 3ACCEPT-REST action community 91:12
set devices device NV-GW02-N2-BLR config routing-instances a-EXPORT1-VRF protocols bgp 102 routing-peer-policy IMPORT-POLICY-FROM-LAN-VRF term 3ACCEPT-REST action community-action set-specific

set devices device NV-GW02-N2-BLR config routing-instances a-EXPORT1-VRF protocols bgp 102 ibgp-preference 200
set devices device NV-GW02-N2-BLR config routing-instances a-EXPORT1-VRF protocols bgp 102 ebgp-preference 20
set devices device NV-GW02-N2-BLR config routing-instances a-EXPORT1-VRF protocols bgp 102 group EBGP-With-LAN_VRF type external
set devices device NV-GW02-N2-BLR config routing-instances a-EXPORT1-VRF protocols bgp 102 group EBGP-With-LAN_VRF import IMPORT-POLICY-FROM-LAN-VRF
set devices device NV-GW02-N2-BLR config routing-instances a-EXPORT1-VRF protocols bgp 102 group EBGP-With-LAN_VRF neighbor 10.1.47.65 local-address 10.1.47.66
set devices device NV-GW02-N2-BLR config routing-instances a-EXPORT1-VRF protocols bgp 102 group EBGP-With-LAN_VRF neighbor 10.1.47.65 peer-as 15404
set devices device NV-GW02-N2-BLR config routing-instances a-EXPORT1-VRF protocols bgp 102 debug level debug



set devices device NV-GW02-N2-BLR config routing-instances a-LAN1-VRF policy-options redistribution-policy REDIS-TO-BGP term ACCEPT-BGP match protocol bgp
set devices device NV-GW02-N2-BLR config routing-instances a-LAN1-VRF policy-options redistribution-policy REDIS-TO-BGP term ACCEPT-BGP action accept
set devices device NV-GW02-N2-BLR config routing-instances a-LAN1-VRF policy-options redistribution-policy REDIS-TO-BGP term ACCEPT-BGP action set-origin igp
set devices device NV-GW02-N2-BLR config routing-instances a-LAN1-VRF policy-options redistribution-policy REDIS-TO-BGP term ACCEPT-DIRECT match protocol direct
set devices device NV-GW02-N2-BLR config routing-instances a-LAN1-VRF policy-options redistribution-policy REDIS-TO-BGP term ACCEPT-DIRECT action accept
set devices device NV-GW02-N2-BLR config routing-instances a-LAN1-VRF policy-options redistribution-policy REDIS-TO-BGP term ACCEPT-DIRECT action set-origin igp
set devices device NV-GW02-N2-BLR config routing-instances a-LAN1-VRF policy-options redistribution-policy REDIS-TO-BGP term ACCEPT-STATIC match protocol static
set devices device NV-GW02-N2-BLR config routing-instances a-LAN1-VRF policy-options redistribution-policy REDIS-TO-BGP term ACCEPT-STATIC action accept
set devices device NV-GW02-N2-BLR config routing-instances a-LAN1-VRF policy-options redistribution-policy REDIS-TO-BGP term ACCEPT-STATIC action set-origin igp
set devices device NV-GW02-N2-BLR config routing-instances a-LAN1-VRF policy-options redistribute-to-bgp REDIS-TO-BGP
set devices device NV-GW02-N2-BLR config routing-instances a-LAN1-VRF instance-type vrf
set devices device NV-GW02-N2-BLR config routing-instances a-LAN1-VRF global-vrf-id 130
set devices device NV-GW02-N2-BLR config routing-instances a-LAN1-VRF networks [ a-MPLS1 ]
set devices device NV-GW02-N2-BLR config routing-instances a-LAN1-VRF mpls-vpn-core-instance a-Control-VR
set devices device NV-GW02-N2-BLR config routing-instances a-LAN1-VRF interfaces [ tvi-0/130.0 ]
set devices device NV-GW02-N2-BLR config routing-instances a-LAN1-VRF route-distinguisher 130L:130
set devices device NV-GW02-N2-BLR config routing-instances a-LAN1-VRF vrf-import-target target:130L:130
set devices device NV-GW02-N2-BLR config routing-instances a-LAN1-VRF vrf-export-target target:130L:1302
set devices device NV-GW02-N2-BLR config routing-instances a-LAN1-VRF protocols bgp 101 router-id 193.1.2.2 local-as as-number 15404
set devices device NV-GW02-N2-BLR config routing-instances a-LAN1-VRF protocols bgp 101 route-flap free-max-time 180
set devices device NV-GW02-N2-BLR config routing-instances a-LAN1-VRF protocols bgp 101 route-flap reuse-max-time 60
set devices device NV-GW02-N2-BLR config routing-instances a-LAN1-VRF protocols bgp 101 route-flap reuse-size 256
set devices device NV-GW02-N2-BLR config routing-instances a-LAN1-VRF protocols bgp 101 route-flap reuse-array-size 1024
set devices device NV-GW02-N2-BLR config routing-instances a-LAN1-VRF protocols bgp 101 graceful-restart maximum-restart-time 120
set devices device NV-GW02-N2-BLR config routing-instances a-LAN1-VRF protocols bgp 101 graceful-restart recovery-time 120
set devices device NV-GW02-N2-BLR config routing-instances a-LAN1-VRF protocols bgp 101 graceful-restart select-defer-time 120
set devices device NV-GW02-N2-BLR config routing-instances a-LAN1-VRF protocols bgp 101 graceful-restart stalepath-time 120
set devices device NV-GW02-N2-BLR config routing-instances a-LAN1-VRF protocols bgp 101 graceful-restart dynamic-peer-restart-time 0
set devices device NV-GW02-N2-BLR config routing-instances a-LAN1-VRF protocols bgp 101 prefix-list PTVI-INT seq 10 permit
set devices device NV-GW02-N2-BLR config routing-instances a-LAN1-VRF protocols bgp 101 prefix-list PTVI-INT seq 10 address-family ipv4 unicast address-mask 10.1.47.64/30
set devices device NV-GW02-N2-BLR config routing-instances a-LAN1-VRF protocols bgp 101 prefix-list PTVI-INT seq 10 address-family ipv4 unicast ge_le ge 30
set devices device NV-GW02-N2-BLR config routing-instances a-LAN1-VRF protocols bgp 101 prefix-list PTVI-INT seq 10 address-family ipv4 unicast ge_le le 32

set devices device NV-GW02-N2-BLR config routing-instances a-LAN1-VRF protocols bgp 101 routing-peer-policy EXPORT-POLICY-NNI term 1REJECT-PTVI-INT match ip nlri prefix-list PTVI-INT
set devices device NV-GW02-N2-BLR config routing-instances a-LAN1-VRF protocols bgp 101 routing-peer-policy EXPORT-POLICY-NNI term 1REJECT-PTVI-INT action reject
set devices device NV-GW02-N2-BLR config routing-instances a-LAN1-VRF protocols bgp 101 routing-peer-policy EXPORT-POLICY-NNI term 2REJECT-LOOP match community "(^|,)91:12($|,)"
set devices device NV-GW02-N2-BLR config routing-instances a-LAN1-VRF protocols bgp 101 routing-peer-policy EXPORT-POLICY-NNI term 2REJECT-LOOP action reject
set devices device NV-GW02-N2-BLR config routing-instances a-LAN1-VRF protocols bgp 101 routing-peer-policy EXPORT-POLICY-NNI term 3ADD-SDWAN-COMM match community "(^|,)91:10($|,)"
set devices device NV-GW02-N2-BLR config routing-instances a-LAN1-VRF protocols bgp 101 routing-peer-policy EXPORT-POLICY-NNI term 3ADD-SDWAN-COMM action accept
set devices device NV-GW02-N2-BLR config routing-instances a-LAN1-VRF protocols bgp 101 routing-peer-policy EXPORT-POLICY-NNI term 3ADD-SDWAN-COMM action community 100:10
set devices device NV-GW02-N2-BLR config routing-instances a-LAN1-VRF protocols bgp 101 routing-peer-policy EXPORT-POLICY-NNI term 3ADD-SDWAN-COMM action community-action set-specific
set devices device NV-GW02-N2-BLR config routing-instances a-LAN1-VRF protocols bgp 101 routing-peer-policy EXPORT-POLICY-NNI term 4DENY-REST action reject
set devices device NV-GW02-N2-BLR config routing-instances a-LAN1-VRF protocols bgp 101 routing-peer-policy EXPORT-PAIR-TVI-LOOP-PREV term 1DENY-LOOP match community "(^|,)91:12($|,)"
set devices device NV-GW02-N2-BLR config routing-instances a-LAN1-VRF protocols bgp 101 routing-peer-policy EXPORT-PAIR-TVI-LOOP-PREV term 1DENY-LOOP action reject
set devices device NV-GW02-N2-BLR config routing-instances a-LAN1-VRF protocols bgp 101 routing-peer-policy EXPORT-PAIR-TVI-LOOP-PREV term 2ALLOW-REST action accept
set devices device NV-GW02-N2-BLR config routing-instances a-LAN1-VRF protocols bgp 101 routing-peer-policy IMPORT-POLICY-NNI term 1REJECT-SDWAN-ROUTES match community "(^|,)100:10($|,)"
set devices device NV-GW02-N2-BLR config routing-instances a-LAN1-VRF protocols bgp 101 routing-peer-policy IMPORT-POLICY-NNI term 1REJECT-SDWAN-ROUTES action reject
set devices device NV-GW02-N2-BLR config routing-instances a-LAN1-VRF protocols bgp 101 routing-peer-policy IMPORT-POLICY-NNI term 2ACCEPT-REST action accept
set devices device NV-GW02-N2-BLR config routing-instances a-LAN1-VRF protocols bgp 101 routing-peer-policy IMPORT-POLICY-NNI term 2ACCEPT-REST action community 91:20
set devices device NV-GW02-N2-BLR config routing-instances a-LAN1-VRF protocols bgp 101 routing-peer-policy IMPORT-POLICY-NNI term 2ACCEPT-REST action community-action set-specific
set devices device NV-GW02-N2-BLR config routing-instances a-LAN1-VRF protocols bgp 101 ibgp-preference 200
set devices device NV-GW02-N2-BLR config routing-instances a-LAN1-VRF protocols bgp 101 ebgp-preference 20
set devices device NV-GW02-N2-BLR config routing-instances a-LAN1-VRF protocols bgp 101 group EBGP-WITH-EXPORT_VRF type external
set devices device NV-GW02-N2-BLR config routing-instances a-LAN1-VRF protocols bgp 101 group EBGP-WITH-EXPORT_VRF export EXPORT-PAIR-TVI-LOOP-PREV
set devices device NV-GW02-N2-BLR config routing-instances a-LAN1-VRF protocols bgp 101 group EBGP-WITH-EXPORT_VRF neighbor 10.1.47.66 local-address 10.1.47.65
set devices device NV-GW02-N2-BLR config routing-instances a-LAN1-VRF protocols bgp 101 group EBGP-WITH-EXPORT_VRF neighbor 10.1.47.66 peer-as 65506
set devices device NV-GW02-N2-BLR config routing-instances a-LAN1-VRF protocols bgp 101 group EBGP-With-SAR-TypeA-NNI type external
set devices device NV-GW02-N2-BLR config routing-instances a-LAN1-VRF protocols bgp 101 group EBGP-With-SAR-TypeA-NNI import IMPORT-POLICY-NNI
set devices device NV-GW02-N2-BLR config routing-instances a-LAN1-VRF protocols bgp 101 group EBGP-With-SAR-TypeA-NNI export EXPORT-POLICY-NNI
set devices device NV-GW02-N2-BLR config routing-instances a-LAN1-VRF protocols bgp 101 group EBGP-With-SAR-TypeA-NNI neighbor 193.1.2.1 local-address 193.1.2.2
set devices device NV-GW02-N2-BLR config routing-instances a-LAN1-VRF protocols bgp 101 group EBGP-With-SAR-TypeA-NNI neighbor 193.1.2.1 peer-as 8220
set devices device NV-GW02-N2-BLR config routing-instances a-LAN1-VRF protocols bgp 101 debug level debug


2019-02-13 15:09:10,805 - VD1 - INFO - 
********************
RESULT:
ORG DEPLOYMENT : PASS
NV-WC01-N2-BLR: PASS
NV-WC02-N4-MUM: PASS
NV-WC02-N2-BLR: PASS
NV-GW01-N2-BLR: PASS
NV-GW02-N2-BLR: PASS

********************

2019-02-13 15:09:10,805 - VD1 - INFO - LOG FILE PATH : /home/sathish123/PycharmProjects/NV_LATEST_COPY/csit/LOGS/2019_02_13_15_09_04_701732/MAIN.log
