2020-05-20 14:54:01,960 - CPE27-SIN-DUAL-CPE-DUAL-MPLS-IPC00190-S - INFO - LOG FILE PATH : C:\Softwares_mine\stefano\NV_REPOSITORY\csit/LOGS/2020_05_20_14_53_58_678000/MAIN.log
2020-05-20 14:54:01,960 - CPE27-SIN-DUAL-CPE-DUAL-MPLS-IPC00190-S - INFO - CPE NAME:CPE27-SIN-DUAL-CPE-DUAL-MPLS-IPC00190-S
2020-05-20 14:54:02,963 - CPE27-SIN-DUAL-CPE-DUAL-MPLS-IPC00190-S - INFO - SOLUTION SELECTED:DUAL-CPE-DUAL-MPLS
2020-05-20 14:54:04,625 - CPE27-SIN-DUAL-CPE-DUAL-MPLS-IPC00190-S - DEBUG - {u'versanms.sdwan-org-workflow': {u'ikeAuthType': u'psk', u'globalId': 90, u'orgName': u'IPC00190', u'controllers': [u'NV-WC01-N1-HKG', u'NV-WC01-N6-SIN', u'NV-WC02-N1-HKG', u'NV-WC02-N6-SIN'], u'bandwidth': 10, u'parentOrg': u'Colt', u'vrfs': [{u'name': u'LAN1-VRF', u'enableVPN': True, u'id': 1020}, {u'name': u'LAN2-VRF', u'enableVPN': True, u'id': 1021}, {u'name': u'LAN3-VRF', u'enableVPN': True, u'id': 1022}, {u'name': u'LAN4-VRF', u'enableVPN': True, u'id': 1023}, {u'name': u'LAN5-VRF', u'enableVPN': True, u'id': 1024}, {u'name': u'LAN6-VRF', u'enableVPN': True, u'id': 1025}, {u'name': u'LAN7-VRF', u'enableVPN': True, u'id': 1026}, {u'name': u'LAN8-VRF', u'enableVPN': True, u'id': 1027}, {u'name': u'LAN9-VRF', u'enableVPN': True, u'id': 1028}, {u'name': u'LAN10-VRF', u'enableVPN': True, u'id': 1029}], u'solutionTier': u'base-sdwan', u'sharedControlPlane': False}}
2020-05-20 14:54:04,631 - CPE27-SIN-DUAL-CPE-DUAL-MPLS-IPC00190-S - INFO - 
STEP :CHECK ORG is available in Controller NV-WC01-N1-HKG
2020-05-20 14:54:04,631 - CPE27-SIN-DUAL-CPE-DUAL-MPLS-IPC00190-S - INFO - PASS
2020-05-20 14:54:05,033 - CPE27-SIN-DUAL-CPE-DUAL-MPLS-IPC00190-S - DEBUG - {u'versanms.sdwan-org-workflow': {u'ikeAuthType': u'psk', u'globalId': 90, u'orgName': u'IPC00190', u'controllers': [u'NV-WC01-N1-HKG', u'NV-WC01-N6-SIN', u'NV-WC02-N1-HKG', u'NV-WC02-N6-SIN'], u'bandwidth': 10, u'parentOrg': u'Colt', u'vrfs': [{u'name': u'LAN1-VRF', u'enableVPN': True, u'id': 1020}, {u'name': u'LAN2-VRF', u'enableVPN': True, u'id': 1021}, {u'name': u'LAN3-VRF', u'enableVPN': True, u'id': 1022}, {u'name': u'LAN4-VRF', u'enableVPN': True, u'id': 1023}, {u'name': u'LAN5-VRF', u'enableVPN': True, u'id': 1024}, {u'name': u'LAN6-VRF', u'enableVPN': True, u'id': 1025}, {u'name': u'LAN7-VRF', u'enableVPN': True, u'id': 1026}, {u'name': u'LAN8-VRF', u'enableVPN': True, u'id': 1027}, {u'name': u'LAN9-VRF', u'enableVPN': True, u'id': 1028}, {u'name': u'LAN10-VRF', u'enableVPN': True, u'id': 1029}], u'solutionTier': u'base-sdwan', u'sharedControlPlane': False}}
2020-05-20 14:54:05,035 - CPE27-SIN-DUAL-CPE-DUAL-MPLS-IPC00190-S - INFO - 
STEP :CHECK ORG is available in Controller NV-WC02-N6-SIN
2020-05-20 14:54:05,035 - CPE27-SIN-DUAL-CPE-DUAL-MPLS-IPC00190-S - INFO - PASS
2020-05-20 14:54:05,444 - CPE27-SIN-DUAL-CPE-DUAL-MPLS-IPC00190-S - DEBUG - {u'versanms.sdwan-org-workflow': {u'ikeAuthType': u'psk', u'globalId': 90, u'orgName': u'IPC00190', u'controllers': [u'NV-WC01-N1-HKG', u'NV-WC01-N6-SIN', u'NV-WC02-N1-HKG', u'NV-WC02-N6-SIN'], u'bandwidth': 10, u'parentOrg': u'Colt', u'vrfs': [{u'name': u'LAN1-VRF', u'enableVPN': True, u'id': 1020}, {u'name': u'LAN2-VRF', u'enableVPN': True, u'id': 1021}, {u'name': u'LAN3-VRF', u'enableVPN': True, u'id': 1022}, {u'name': u'LAN4-VRF', u'enableVPN': True, u'id': 1023}, {u'name': u'LAN5-VRF', u'enableVPN': True, u'id': 1024}, {u'name': u'LAN6-VRF', u'enableVPN': True, u'id': 1025}, {u'name': u'LAN7-VRF', u'enableVPN': True, u'id': 1026}, {u'name': u'LAN8-VRF', u'enableVPN': True, u'id': 1027}, {u'name': u'LAN9-VRF', u'enableVPN': True, u'id': 1028}, {u'name': u'LAN10-VRF', u'enableVPN': True, u'id': 1029}], u'solutionTier': u'base-sdwan', u'sharedControlPlane': False}}
2020-05-20 14:54:05,446 - CPE27-SIN-DUAL-CPE-DUAL-MPLS-IPC00190-S - INFO - 
STEP :CHECK ORG is available in Controller NV-WC01-N6-SIN
2020-05-20 14:54:05,446 - CPE27-SIN-DUAL-CPE-DUAL-MPLS-IPC00190-S - INFO - PASS
2020-05-20 14:54:05,446 - CPE27-SIN-DUAL-CPE-DUAL-MPLS-IPC00190-S - INFO - 

STEP :CONFIG VRRP TRACK ROUTE & QOS RULE MATCH WAN in Secondary CPE

2020-05-20 14:54:05,503 - CPE27-SIN-DUAL-CPE-DUAL-MPLS-IPC00190-S - INFO - 




set devices device CPE27-SIN-DUAL-CPE-DUAL-MPLS-IPC00190-S config interfaces vni-0/4 unit 750 family inet address 192.170.1.3/24 vrrp-group 1 priority 100
set devices device CPE27-SIN-DUAL-CPE-DUAL-MPLS-IPC00190-S config interfaces vni-0/4 unit 750 family inet address 192.170.1.3/24 vrrp-group 1 track route 10.91.113.58/32 routing-instance IPC00190-Control-VR
set devices device CPE27-SIN-DUAL-CPE-DUAL-MPLS-IPC00190-S config interfaces vni-0/4 unit 750 family inet address 192.170.1.3/24 vrrp-group 1 track route 10.91.113.58/32 priority-cost 10
set devices device CPE27-SIN-DUAL-CPE-DUAL-MPLS-IPC00190-S config interfaces vni-0/4 unit 750 family inet address 192.170.1.3/24 vrrp-group 1 warmup-interval 1

2020-05-20 14:54:10,365 - CPE27-SIN-DUAL-CPE-DUAL-MPLS-IPC00190-S - DEBUG - <netmiko.versa.versa_ssh.VersaSSH object at 0x000000000E0E4EB8>
2020-05-20 14:54:15,572 - CPE27-SIN-DUAL-CPE-DUAL-MPLS-IPC00190-S - DEBUG - versa: Automated@VDir-BLR-NEW-01>
2020-05-20 14:54:15,720 - CPE27-SIN-DUAL-CPE-DUAL-MPLS-IPC00190-S - DEBUG - configure private
Entering configuration mode private
[ok][2020-05-20 09:26:28]

[edit]
Automated@VDir-BLR-NEW-01% 
2020-05-20 14:54:15,734 - CPE27-SIN-DUAL-CPE-DUAL-MPLS-IPC00190-S - DEBUG - True
2020-05-20 14:54:16,140 - CPE27-SIN-DUAL-CPE-DUAL-MPLS-IPC00190-S - DEBUG - 

[edit]
Automated@VDir-BLR-NEW-01% 
2020-05-20 14:54:16,543 - CPE27-SIN-DUAL-CPE-DUAL-MPLS-IPC00190-S - DEBUG - 

[edit]
Automated@VDir-BLR-NEW-01% 
2020-05-20 14:54:16,950 - CPE27-SIN-DUAL-CPE-DUAL-MPLS-IPC00190-S - DEBUG - 

[edit]
Automated@VDir-BLR-NEW-01% 
2020-05-20 14:54:17,354 - CPE27-SIN-DUAL-CPE-DUAL-MPLS-IPC00190-S - DEBUG - 

[edit]
Automated@VDir-BLR-NEW-01% 
2020-05-20 14:54:17,756 - CPE27-SIN-DUAL-CPE-DUAL-MPLS-IPC00190-S - DEBUG - 

[edit]
Automated@VDir-BLR-NEW-01% 
2020-05-20 14:54:18,769 - CPE27-SIN-DUAL-CPE-DUAL-MPLS-IPC00190-S - DEBUG - set devices device CPE27-SIN-DUAL-CPE-DUAL-MPLS-IPC00190-S config interfaces vni-0/4 unit 750 family inet address 192.170.1.3/24 vrrp-group 1 priority 100
[ok][2020-05-20 09:26:31]

[edit]
Automated@VDir-BLR-NEW-01% 
2020-05-20 14:54:19,779 - CPE27-SIN-DUAL-CPE-DUAL-MPLS-IPC00190-S - DEBUG - set devices device CPE27-SIN-DUAL-CPE-DUAL-MPLS-IPC00190-S config interfaces vni-0/4 unit 750 family inet address 192.170.1.3/24 vrrp-group 1 track route 10.91.113.58/32 routing-instance IPC00190-Control-VR
[ok][2020-05-20 09:26:32]

[edit]
Automated@VDir-BLR-NEW-01% 
2020-05-20 14:54:20,591 - CPE27-SIN-DUAL-CPE-DUAL-MPLS-IPC00190-S - DEBUG - set devices device CPE27-SIN-DUAL-CPE-DUAL-MPLS-IPC00190-S config interfaces vni-0/4 unit 750 family inet address 192.170.1.3/24 vrrp-group 1 track route 10.91.113.58/32 priority-cost 10
[ok][2020-05-20 09:26:33]

[edit]
Automated@VDir-BLR-NEW-01% 
2020-05-20 14:54:21,401 - CPE27-SIN-DUAL-CPE-DUAL-MPLS-IPC00190-S - DEBUG - set devices device CPE27-SIN-DUAL-CPE-DUAL-MPLS-IPC00190-S config interfaces vni-0/4 unit 750 family inet address 192.170.1.3/24 vrrp-group 1 warmup-interval 1
[ok][2020-05-20 09:26:33]

[edit]
Automated@VDir-BLR-NEW-01% 
2020-05-20 14:54:21,805 - CPE27-SIN-DUAL-CPE-DUAL-MPLS-IPC00190-S - DEBUG - 

[edit]
Automated@VDir-BLR-NEW-01% 
2020-05-20 14:54:23,012 - CPE27-SIN-DUAL-CPE-DUAL-MPLS-IPC00190-S - DEBUG - commit and-quit
Commit complete.
[ok][2020-05-20 09:26:35]
Automated@VDir-BLR-NEW-01> 
2020-05-20 14:54:23,144 - CPE27-SIN-DUAL-CPE-DUAL-MPLS-IPC00190-S - DEBUG - <netmiko.versa.versa_ssh.VersaSSH object at 0x000000000E0E4EB8> connection closed
2020-05-20 14:54:23,144 - CPE27-SIN-DUAL-CPE-DUAL-MPLS-IPC00190-S - INFO - >>>>>>>>>> CONFIG VRRP TRACK ROUTE passed. <<<<<<<<<<<
2020-05-20 14:54:23,144 - CPE27-SIN-DUAL-CPE-DUAL-MPLS-IPC00190-S - INFO - CPE ONBOARDINIG SCRIPT COMPLETED
2020-05-20 14:54:23,145 - CPE27-SIN-DUAL-CPE-DUAL-MPLS-IPC00190-S - INFO - Time elapsed: 0:00:24.465000

2020-05-20 14:54:23,145 - CPE27-SIN-DUAL-CPE-DUAL-MPLS-IPC00190-S - INFO - LOG FILE PATH : C:\Softwares_mine\stefano\NV_REPOSITORY\csit/LOGS/2020_05_20_14_53_58_678000/MAIN.log
