2019-03-12 14:49:03,503 - CPE11-MPLS - DEBUG - CPE NAME:CPE11-MPLS
2019-03-12 14:49:03,565 - CPE11-MPLS - INFO - 
sudo /opt/versa/scripts/staging.py -w 1 -c 10.63.151.90 -s 172.16.7.42/30 -g 172.16.7.41 -l JAPAN-CPE11-MPLS@colt.net -lk CPE11-MPLS  -r NV-WC02-N2-BLR@colt.net -rk NV-WC02-N2-BLR

2019-03-12 14:49:03,565 - CPE11-MPLS - INFO - {
	"versanms.sdwan-device-workflow": {
		"deviceName": "CPE11-MPLS",
		"siteId": "1628",
		"orgName": "JAPAN",
		"serialNumber": "AUTOmplsKSA1811011",
		"deviceGroup": "JAPAN-BLR-PS-M-DG",
		"locationInfo": {
			"state": "karnataka",
			"country": "india",
			"longitude": "77.594563",
			"latitude": "12.971599",
			"city": "bangalore"
		},
		"postStagingTemplateInfo": {
			"templateName": "JAPAN-BLR-PS-M",
			"templateData": {
				"device-template-variable": {
					"template": "JAPAN-BLR-PS-M",
					"variable-binding": {
						"attrs": [
						
						    
						    
						    
						{ "name": "{$v_vni-0-4_LAN1_Unit-0__unit}", "value": "600", "isAutogeneratable": false},
						{ "name": "{$v_vni-0-4_LAN1_Unit-0__vlanId}", "value": "600", "isAutogeneratable": false },
						
						    
						    
						    
						{ "name": "{$v_vni-0-4_LAN2_Unit-1__unit}", "value": "601", "isAutogeneratable": false},
						{ "name": "{$v_vni-0-4_LAN2_Unit-1__vlanId}", "value": "601", "isAutogeneratable": false },
						
						    
						    
						    
						{ "name": "{$v_vni-0-4_LAN3_Unit-2__unit}", "value": "602", "isAutogeneratable": false},
						{ "name": "{$v_vni-0-4_LAN3_Unit-2__vlanId}", "value": "602", "isAutogeneratable": false },
						
						    
						    
						    
						{ "name": "{$v_vni-0-4_LAN4_Unit-3__unit}", "value": "603", "isAutogeneratable": false},
						{ "name": "{$v_vni-0-4_LAN4_Unit-3__vlanId}", "value": "603", "isAutogeneratable": false },
						
						    
						    
						    
						{ "name": "{$v_vni-0-4_LAN5_Unit-4__unit}", "value": "604", "isAutogeneratable": false},
						{ "name": "{$v_vni-0-4_LAN5_Unit-4__vlanId}", "value": "604", "isAutogeneratable": false },
						
						{
							"name": "{$v_JAPAN-Control-VR_16_Router_ID__vrRouteId}",
							"value": "20.20.125.11",
							"isAutogeneratable": true,
							"isOverwritten": false
						}, {
							"name": "{$v_JAPAN_NV-WC01-N2-BLR_Local_auth_email_key__IKELKey}",
							"value": "CPE11-MPLS",
							"isAutogeneratable": true
						}, {
							"name": "{$v_JAPAN_NV-WC02-N2-BLR_Local_auth_email_key__IKELKey}",
							"value": "CPE11-MPLS",
							"isAutogeneratable": true
						},
						
						
						
						{ "name": "{$v_LAN1_IPv4__staticaddress}", "value": "192.169.101.1/24", "isAutogeneratable": false},
						
						
						
						{ "name": "{$v_LAN2_IPv4__staticaddress}", "value": "192.169.102.1/24", "isAutogeneratable": false},
						
						
						
						{ "name": "{$v_LAN3_IPv4__staticaddress}", "value": "192.169.103.1/24", "isAutogeneratable": false},
						
						
						
						{ "name": "{$v_LAN4_IPv4__staticaddress}", "value": "192.169.104.1/24", "isAutogeneratable": false},
						
						
						
						{ "name": "{$v_LAN5_IPv4__staticaddress}", "value": "192.169.105.1/24", "isAutogeneratable": false},
						
						{
							"name": "{$v_JAPAN_NV-WC02-N2-BLR_Local_auth_email_identifier__IKELIdentifier}",
							"value": "CPE11-MPLS@colt.net",
							"isAutogeneratable": true
						}, {
							"name": "{$v_Site_Id__siteSiteID}",
							"value": "1628",
							"isAutogeneratable": true
						}, {
							"name": "{$v_JAPAN_NV-WC01-N2-BLR_Local_auth_email_identifier__IKELIdentifier}",
							"value": "CPE11-MPLS@colt.net",
							"isAutogeneratable": true
						}, {
							"name": "{$v_JAPAN_Site_Name__sitesSiteName}",
							"value": "CPE11-MPLS",
							"isAutogeneratable": true
						}, {
							"name": "{$v_latitude__IdLatitude}",
							"value": "12.971599",
							"isAutogeneratable": true
						}, {
							"name": "{$v_identification__IdName}",
							"value": "CPE11-MPLS",
							"isAutogeneratable": true
						}, {
						    "name": "{$v_tvi-0-250_-_Unit_0_Static_address__tunnelStaticAddress}",
							"value": "10.10.125.11/32",
							"isAutogeneratable": true,
							"isOverwritten": false
						}, {
							"name": "{$v_Chassis_Id__sitesChassisId}",
							"value": "AUTOmplsKSA1811011",
							"isAutogeneratable": true
						}, {
							"name": "{$v_longitude__Idlongitude}",
							"value": "77.594563",
							"isAutogeneratable": true
						}, {
							"name": "{$v_location__IdLocation}",
							"value": "bangalore,karnataka, india",
							"isAutogeneratable": true
						}, {
							"name": "{$v_JAPAN-Control-VR_125_Local_address__vrRouterAddress}",
							"value": "20.20.125.11",
							"isAutogeneratable": true,
							"isOverwritten": false
						}, {
							"name": "{$v_MPLS-WAN-Transport-VR_IPv4__vrHopAddress}",
							"value": "172.16.7.41",
							"isAutogeneratable": false
						}, {
							"name": "{$v_MPLS-WAN_IPv4__staticaddress}",
							"value": "172.16.7.42/30",
							"isAutogeneratable": false
						}, {
							"name": "{$v_tvi-0-251_-_Unit_0_Static_address__tunnelStaticAddress}",
							"value": "20.20.125.11/32",
							"isAutogeneratable": true,
							"isOverwritten": false
						}]
					}
				},
				"variableMetadata": [
                
                
                
				{"variable": "{$v_vni-0-4_LAN1_Unit-0__vlanId}", "group": "Vlan Info", "overlay": false, "type": "INTEGER"},
                
                
                
				{"variable": "{$v_vni-0-4_LAN2_Unit-1__vlanId}", "group": "Vlan Info", "overlay": false, "type": "INTEGER"},
                
                
                
				{"variable": "{$v_vni-0-4_LAN3_Unit-2__vlanId}", "group": "Vlan Info", "overlay": false, "type": "INTEGER"},
                
                
                
				{"variable": "{$v_vni-0-4_LAN4_Unit-3__vlanId}", "group": "Vlan Info", "overlay": false, "type": "INTEGER"},
                
                
                
				{"variable": "{$v_vni-0-4_LAN5_Unit-4__vlanId}", "group": "Vlan Info", "overlay": false, "type": "INTEGER"},
                
				{
					"variable": "{$v_JAPAN-Control-VR_125_Router_ID__vrRouteId}",
					"group": "Virtual Routers",
					"overlay": true,
					"type": "IPV4"
				}, {
					"variable": "{$v_JAPAN_NV-WC01-N2-BLR_Local_auth_email_key__IKELKey}",
					"group": "IPSEC",
					"overlay": false
				}, {
					"variable": "{$v_JAPAN_NV-WC02-N2-BLR_Local_auth_email_key__IKELKey}",
					"group": "IPSEC",
					"overlay": false
				},
			{
					"variable": "{$v_LAN1_IPv4__staticaddress}", "group": "Interfaces", "overlay": false, "type": "IPV4_MASK"
				},
            {
					"variable": "{$v_LAN2_IPv4__staticaddress}", "group": "Interfaces", "overlay": false, "type": "IPV4_MASK"
				},
            {
					"variable": "{$v_LAN3_IPv4__staticaddress}", "group": "Interfaces", "overlay": false, "type": "IPV4_MASK"
				},
            {
					"variable": "{$v_LAN4_IPv4__staticaddress}", "group": "Interfaces", "overlay": false, "type": "IPV4_MASK"
				},
            {
					"variable": "{$v_LAN5_IPv4__staticaddress}", "group": "Interfaces", "overlay": false, "type": "IPV4_MASK"
				},
            
				 {
					"variable": "{$v_JAPAN_NV-WC02-N2-BLR_Local_auth_email_identifier__IKELIdentifier}",
					"group": "IPSEC",
					"overlay": false
				}, {
					"variable": "{$v_Site_Id__siteSiteID}",
					"group": "SDWAN",
					"overlay": false
				}, {
					"variable": "{$v_JAPAN_NV-WC01-N2-BLR_Local_auth_email_identifier__IKELIdentifier}",
					"group": "IPSEC",
					"overlay": false
				}, {
					"variable": "{$v_JAPAN_Site_Name__sitesSiteName}",
					"group": "SDWAN",
					"overlay": false
				}, {
					"variable": "{$v_latitude__IdLatitude}",
					"group": "SDWAN",
					"overlay": false
				}, {
					"variable": "{$v_identification__IdName}",
					"group": "SDWAN",
					"overlay": false
				}, {
					"variable": "{$v_tvi-0-250_-_Unit_0_Static_address__tunnelStaticAddress}",
					"group": "Interfaces",
					"overlay": true,
					"type": "IPV4_IPV6_MASK"
				}, {
					"variable": "{$v_Chassis_Id__sitesChassisId}",
					"group": "SDWAN",
					"overlay": false
				}, {
					"variable": "{$v_longitude__Idlongitude}",
					"group": "SDWAN",
					"overlay": false
				}, {
					"variable": "{$v_location__IdLocation}",
					"group": "SDWAN",
					"overlay": false
				}, {
					"variable": "{$v_JAPAN-Control-VR_125_Local_address__vrRouterAddress}",
					"group": "Virtual Routers",
					"overlay": true,
					"type": "IPV4"
				}, {
					"variable": "{$v_MPLS-WAN-Transport-VR_IPv4__vrHopAddress}",
					"group": "Virtual Routers",
					"overlay": false,
					"type": "IPV4_IPV6"
				}, {
					"variable": "{$v_tvi-0-251_-_Unit_0_Static_address__tunnelStaticAddress}",
					"group": "Interfaces",
					"overlay": true,
					"type": "IPV4_IPV6_MASK"
				}]
			}
		}
	}
}
2019-03-12 14:49:05,707 - CPE11-MPLS - INFO - <Response [200]>
2019-03-12 14:49:05,707 - CPE11-MPLS - INFO - PASS
2019-03-12 14:49:15,930 - CPE11-MPLS - INFO - 15636
2019-03-12 14:49:26,362 - CPE11-MPLS - INFO - Device deployed
2019-03-12 14:49:27,256 - CPE11-MPLS - INFO - {u'versanms.sdwan-device-workflow': {u'postStagingTemplateInfo': {u'templateData': {u'device-template-variable': {u'variable-binding': {u'attrs': [{u'isAutogeneratable': False, u'name': u'{$v_vni-0-4_LAN1_Unit-0__vlanId}', u'value': 600}, {u'isAutogeneratable': True, u'isOverwritten': True, u'name': u'{$v_JAPAN-Control-VR_125_Local_address__vrRouterAddress}', u'value': u'20.20.125.11'}, {u'isAutogeneratable': False, u'name': u'{$v_LAN2_IPv4__staticaddress}', u'value': u'192.169.102.1/24'}, {u'isAutogeneratable': True, u'isOverwritten': True, u'name': u'{$v_tvi-0-251_-_Unit_0_Static_address__tunnelStaticAddress}', u'value': u'20.20.125.11/32'}, {u'isAutogeneratable': True, u'name': u'{$v_JAPAN_NV-WC01-N2-BLR_Local_auth_email_identifier__IKELIdentifier}', u'value': u'CPE11-MPLS@colt.net'}, {u'isAutogeneratable': False, u'name': u'{$v_vni-0-4_LAN5_Unit-4__unit}', u'value': 604}, {u'isAutogeneratable': False, u'name': u'{$v_vni-0-4_LAN2_Unit-1__unit}', u'value': 601}, {u'isAutogeneratable': True, u'isOverwritten': False, u'name': u'{$v_JAPAN-Control-VR_125_Router_ID__vrRouteId}', u'value': u'10.125.70.92'}, {u'isAutogeneratable': False, u'name': u'{$v_LAN4_IPv4__staticaddress}', u'value': u'192.169.104.1/24'}, {u'isAutogeneratable': False, u'name': u'{$v_vni-0-4_LAN2_Unit-1__vlanId}', u'value': 601}, {u'isAutogeneratable': False, u'name': u'{$v_LAN5_IPv4__staticaddress}', u'value': u'192.169.105.1/24'}, {u'isAutogeneratable': False, u'name': u'{$v_LAN1_IPv4__staticaddress}', u'value': u'192.169.101.1/24'}, {u'isAutogeneratable': False, u'name': u'{$v_vni-0-4_LAN3_Unit-2__vlanId}', u'value': 602}, {u'isAutogeneratable': True, u'name': u'{$v_latitude__IdLatitude}', u'value': 12.971599}, {u'isAutogeneratable': True, u'name': u'{$v_identification__IdName}', u'value': u'CPE11-MPLS'}, {u'isAutogeneratable': False, u'name': u'{$v_vni-0-4_LAN4_Unit-3__vlanId}', u'value': 603}, {u'isAutogeneratable': True, u'isOverwritten': True, u'name': u'{$v_tvi-0-250_-_Unit_0_Static_address__tunnelStaticAddress}', u'value': u'10.10.125.11/32'}, {u'isAutogeneratable': False, u'name': u'{$v_LAN3_IPv4__staticaddress}', u'value': u'192.169.103.1/24'}, {u'isAutogeneratable': False, u'name': u'{$v_vni-0-4_LAN4_Unit-3__unit}', u'value': 603}, {u'isAutogeneratable': True, u'name': u'{$v_Chassis_Id__sitesChassisId}', u'value': u'AUTOmplsKSA1811011'}, {u'isAutogeneratable': True, u'name': u'{$v_JAPAN_Site_Name__sitesSiteName}', u'value': u'CPE11-MPLS'}, {u'isAutogeneratable': True, u'name': u'{$v_longitude__Idlongitude}', u'value': 77.594563}, {u'isAutogeneratable': True, u'name': u'{$v_JAPAN_NV-WC02-N2-BLR_Local_auth_email_identifier__IKELIdentifier}', u'value': u'CPE11-MPLS@colt.net'}, {u'isAutogeneratable': True, u'name': u'{$v_location__IdLocation}', u'value': u'bangalore,karnataka, india'}, {u'isAutogeneratable': False, u'name': u'{$v_vni-0-4_LAN5_Unit-4__vlanId}', u'value': 604}, {u'isAutogeneratable': False, u'name': u'{$v_MPLS-WAN-Transport-VR_IPv4__vrHopAddress}', u'value': u'172.16.7.41'}, {u'isAutogeneratable': False, u'name': u'{$v_vni-0-4_LAN1_Unit-0__unit}', u'value': 600}, {u'isAutogeneratable': False, u'name': u'{$v_vni-0-4_LAN3_Unit-2__unit}', u'value': 602}, {u'isAutogeneratable': True, u'name': u'{$v_Site_Id__siteSiteID}', u'value': 1628}, {u'isAutogeneratable': False, u'name': u'{$v_MPLS-WAN_IPv4__staticaddress}', u'value': u'172.16.7.42/30'}, {u'isAutogeneratable': True, u'name': u'{$v_JAPAN_NV-WC01-N2-BLR_Local_auth_email_key__IKELKey}', u'value': u'CPE11-MPLS'}, {u'isAutogeneratable': True, u'name': u'{$v_JAPAN_NV-WC02-N2-BLR_Local_auth_email_key__IKELKey}', u'value': u'CPE11-MPLS'}]}, u'template': u'JAPAN-BLR-PS-M'}, u'variableMetadata': [{u'variable': u'{$v_vni-0-4_LAN1_Unit-0__vlanId}', u'type': u'INTEGER', u'group': u'Vlan Info', u'overlay': False}, {u'variable': u'{$v_JAPAN-Control-VR_125_Local_address__vrRouterAddress}', u'type': u'IPV4', u'group': u'Virtual routers', u'overlay': True}, {u'variable': u'{$v_LAN2_IPv4__staticaddress}', u'type': u'IPV4_MASK', u'group': u'Interfaces', u'overlay': False}, {u'variable': u'{$v_tvi-0-251_-_Unit_0_Static_address__tunnelStaticAddress}', u'type': u'IPV4_IPV6_MASK', u'group': u'Interfaces', u'overlay': True}, {u'variable': u'{$v_JAPAN_NV-WC01-N2-BLR_Local_auth_email_identifier__IKELIdentifier}', u'group': u'IPSEC', u'overlay': False}, {u'variable': u'{$v_vni-0-4_LAN5_Unit-4__unit}', u'type': u'INTEGER', u'group': u'Vlan Info', u'overlay': False}, {u'variable': u'{$v_vni-0-4_LAN2_Unit-1__unit}', u'type': u'INTEGER', u'group': u'Vlan Info', u'overlay': False}, {u'variable': u'{$v_JAPAN-Control-VR_125_Router_ID__vrRouteId}', u'type': u'IPV4', u'group': u'Virtual routers', u'overlay': True}, {u'variable': u'{$v_LAN4_IPv4__staticaddress}', u'type': u'IPV4_MASK', u'group': u'Interfaces', u'overlay': False}, {u'variable': u'{$v_vni-0-4_LAN2_Unit-1__vlanId}', u'type': u'INTEGER', u'group': u'Vlan Info', u'overlay': False}, {u'variable': u'{$v_LAN5_IPv4__staticaddress}', u'type': u'IPV4_MASK', u'group': u'Interfaces', u'overlay': False}, {u'variable': u'{$v_LAN1_IPv4__staticaddress}', u'type': u'IPV4_MASK', u'group': u'Interfaces', u'overlay': False}, {u'variable': u'{$v_vni-0-4_LAN3_Unit-2__vlanId}', u'type': u'INTEGER', u'group': u'Vlan Info', u'overlay': False}, {u'variable': u'{$v_latitude__IdLatitude}', u'group': u'SDWAN', u'overlay': False}, {u'variable': u'{$v_identification__IdName}', u'group': u'SDWAN', u'overlay': False}, {u'variable': u'{$v_vni-0-4_LAN4_Unit-3__vlanId}', u'type': u'INTEGER', u'group': u'Vlan Info', u'overlay': False}, {u'variable': u'{$v_tvi-0-250_-_Unit_0_Static_address__tunnelStaticAddress}', u'type': u'IPV4_IPV6_MASK', u'group': u'Interfaces', u'overlay': True}, {u'variable': u'{$v_LAN3_IPv4__staticaddress}', u'type': u'IPV4_MASK', u'group': u'Interfaces', u'overlay': False}, {u'variable': u'{$v_vni-0-4_LAN4_Unit-3__unit}', u'type': u'INTEGER', u'group': u'Vlan Info', u'overlay': False}, {u'variable': u'{$v_Chassis_Id__sitesChassisId}', u'group': u'SDWAN', u'overlay': False}, {u'variable': u'{$v_JAPAN_Site_Name__sitesSiteName}', u'group': u'SDWAN', u'overlay': False}, {u'variable': u'{$v_longitude__Idlongitude}', u'group': u'SDWAN', u'overlay': False}, {u'variable': u'{$v_JAPAN_NV-WC02-N2-BLR_Local_auth_email_identifier__IKELIdentifier}', u'group': u'IPSEC', u'overlay': False}, {u'variable': u'{$v_location__IdLocation}', u'group': u'SDWAN', u'overlay': False}, {u'variable': u'{$v_vni-0-4_LAN5_Unit-4__vlanId}', u'type': u'INTEGER', u'group': u'Vlan Info', u'overlay': False}, {u'variable': u'{$v_MPLS-WAN-Transport-VR_IPv4__vrHopAddress}', u'type': u'IPV4_IPV6', u'group': u'Virtual routers', u'overlay': False}, {u'variable': u'{$v_vni-0-4_LAN1_Unit-0__unit}', u'type': u'INTEGER', u'group': u'Vlan Info', u'overlay': False}, {u'variable': u'{$v_vni-0-4_LAN3_Unit-2__unit}', u'type': u'INTEGER', u'group': u'Vlan Info', u'overlay': False}, {u'variable': u'{$v_Site_Id__siteSiteID}', u'group': u'SDWAN', u'overlay': False}, {u'variable': u'{$v_MPLS-WAN_IPv4__staticaddress}', u'type': u'IPV4_MASK', u'group': u'Interfaces', u'overlay': False}, {u'variable': u'{$v_JAPAN_NV-WC01-N2-BLR_Local_auth_email_key__IKELKey}', u'group': u'IPSEC', u'overlay': False}, {u'variable': u'{$v_JAPAN_NV-WC02-N2-BLR_Local_auth_email_key__IKELKey}', u'group': u'IPSEC', u'overlay': False}]}, u'templateName': u'JAPAN-BLR-PS-M'}, u'deviceName': u'CPE11-MPLS', u'deviceGroup': u'JAPAN-BLR-PS-M-DG', u'orgName': u'JAPAN', u'serialNumber': u'AUTOmplsKSA1811011', u'locationInfo': {u'latitude': 12.971599, u'country': u'india', u'state': u'karnataka', u'longitude': 77.594563, u'city': u'bangalore'}, u'siteId': 1628, u'instanceInfo': u'', u'stagingTemplateInfo': u'', u'urlztpBasedInfo': {u'authType': u'psk', u'enableIpv4Dhcp': False, u'branchKey': u'MMnCUvKt3MTCbOvg', u'branchId': u'CPE11-MPLS@JAPAN.com', u'enableIpv6': False, u'enableIpv4': False, u'enableIpv6Dhcp': False}}}
2019-03-12 14:49:42,581 - CPE11-MPLS - INFO - configure private
Entering configuration mode private
[ok][2019-03-12 09:19:42]

[edit]
Administrator@Versa-Dir-BLR-1% 
2019-03-12 14:49:42,589 - CPE11-MPLS - INFO - True
2019-03-12 14:49:43,394 - CPE11-MPLS - INFO - set devices device NV-WC02-N2-BLR config orgs org-services Colt ipsec vpn-profile STAGING-MPLS psk-auth-clients remote-client JAPAN-CPE11-MPLS@colt.net id-type email
[ok][2019-03-12 09:19:43]

[edit]
Administrator@Versa-Dir-BLR-1% 
2019-03-12 14:49:43,996 - CPE11-MPLS - INFO - set devices device NV-WC02-N2-BLR config orgs org-services Colt ipsec vpn-profile STAGING-MPLS psk-auth-clients remote-client JAPAN-CPE11-MPLS@colt.net key CPE11-MPLS
[ok][2019-03-12 09:19:43]

[edit]
Administrator@Versa-Dir-BLR-1% 
2019-03-12 14:49:49,009 - CPE11-MPLS - INFO - commit and-quit
Commit complete.
[ok][2019-03-12 09:19:49]
Administrator@Versa-Dir-BLR-1> 
2019-03-12 14:49:49,144 - CPE11-MPLS - INFO - sudo /opt/versa/scripts/staging.py -w 1 -c 10.63.151.90 -s 172.16.7.42/30 -g 172.16.7.41 -l JAPAN-CPE11-MPLS@colt.net -lk CPE11-MPLS  -r NV-WC02-N2-BLR@colt.net -rk NV-WC02-N2-BLR
