2019-06-13 17:11:00,217 - CPE100-SIN-INTONLY - INFO - CPE NAME:CPE100-SIN-INTONLY
2019-06-13 17:11:01,219 - CPE100-SIN-INTONLY - INFO - SOLUTION SELECTED:SINGLE-CPE-INTERNET-ONLY
2019-06-13 17:11:02,283 - CPE100-SIN-INTONLY - INFO - {u'versanms.sdwan-org-workflow': {u'ikeAuthType': u'psk', u'globalId': 74, u'orgName': u'IPC00174', u'controllers': [u'NV-WC01-N1-HKG', u'NV-WC01-N6-SIN', u'NV-WC02-N1-HKG', u'NV-WC02-N6-SIN'], u'bandwidth': 10, u'parentOrg': u'Colt', u'vrfs': [{u'name': u'LAN1-VRF', u'enableVPN': True, u'id': 860}, {u'name': u'LAN2-VRF', u'enableVPN': True, u'id': 861}], u'solutionTier': u'base-sdwan', u'sharedControlPlane': False}}
2019-06-13 17:11:02,490 - CPE100-SIN-INTONLY - INFO - {u'versanms.sdwan-org-workflow': {u'ikeAuthType': u'psk', u'globalId': 74, u'orgName': u'IPC00174', u'controllers': [u'NV-WC01-N1-HKG', u'NV-WC01-N6-SIN', u'NV-WC02-N1-HKG', u'NV-WC02-N6-SIN'], u'bandwidth': 10, u'parentOrg': u'Colt', u'vrfs': [{u'name': u'LAN1-VRF', u'enableVPN': True, u'id': 860}, {u'name': u'LAN2-VRF', u'enableVPN': True, u'id': 861}], u'solutionTier': u'base-sdwan', u'sharedControlPlane': False}}
2019-06-13 17:11:02,691 - CPE100-SIN-INTONLY - INFO - {u'versanms.sdwan-org-workflow': {u'ikeAuthType': u'psk', u'globalId': 74, u'orgName': u'IPC00174', u'controllers': [u'NV-WC01-N1-HKG', u'NV-WC01-N6-SIN', u'NV-WC02-N1-HKG', u'NV-WC02-N6-SIN'], u'bandwidth': 10, u'parentOrg': u'Colt', u'vrfs': [{u'name': u'LAN1-VRF', u'enableVPN': True, u'id': 860}, {u'name': u'LAN2-VRF', u'enableVPN': True, u'id': 861}], u'solutionTier': u'base-sdwan', u'sharedControlPlane': False}}
2019-06-13 17:11:02,691 - CPE100-SIN-INTONLY - INFO - 
STEP : PRE-ONBOARD WORK

2019-06-13 17:11:02,734 - CPE100-SIN-INTONLY - INFO - 
sudo /opt/versa/scripts/staging.py -w 0 -c 10.83.77.10 -s 172.16.100.54/30 -g 172.16.100.53 -l IPC00174-CPE100-SIN-INTONLY@colt.net -lk CPE100-SIN-INTONLY  -r NV-WC01-N6-SIN@colt.net -rk 1234

2019-06-13 17:11:02,734 - CPE100-SIN-INTONLY - INFO - {
	"versanms.sdwan-device-workflow": {
		"deviceName": "CPE100-SIN-INTONLY",
		"siteId": "1100",
		"orgName": "IPC00174",
		"serialNumber": "CPE100KSA",
		"deviceGroup": "IPC00174-SIN-PS-IS-LIB-DG",
		"locationInfo": {
			"state": "karnataka",
			"country": "india",
			"longitude": "77.594563",
			"latitude": "12.971599",
			"city": "bangalore"
		},
		"postStagingTemplateInfo": {
			"templateName": "IPC00174-SIN-PS-IS-LIB",
			"templateData": {
				"device-template-variable": {
					"template": "IPC00174-SIN-PS-IS-LIB",
					"variable-binding": {
						"attrs": [{
							"name": "{$v_INT-WAN_IPv4__staticaddress}",
							"value": "172.16.100.54/30",
							"isAutogeneratable": false
						},
						
						    
						    
						    
						{ "name": "{$v_vni-0-4_LAN1_Unit-0__unit}", "value": "1100", "isAutogeneratable": false},
						{ "name": "{$v_vni-0-4_LAN1_Unit-0__vlanId}", "value": "1100", "isAutogeneratable": false },
						
						{
							"name": "{$v_IPC00174-Control-VR_16_Router_ID__vrRouteId}",
							"value": "20.20.74.100",
							"isAutogeneratable": true,
							"isOverwritten": false
						}, {
							"name": "{$v_IPC00174_NV-WC01-N6-SIN_Local_auth_email_key__IKELKey}",
							"value": "CPE100-SIN-INTONLY",
							"isAutogeneratable": true
						}, {
							"name": "{$v_IPC00174_NV-WC02-N6-SIN_Local_auth_email_key__IKELKey}",
							"value": "CPE100-SIN-INTONLY",
							"isAutogeneratable": true
						},
						
						
						
						{ "name": "{$v_LAN1_IPv4__staticaddress}", "value": "192.100.131.1/24", "isAutogeneratable": false},
						
						{
							"name": "{$v_IPC00174_NV-WC02-N6-SIN_Local_auth_email_identifier__IKELIdentifier}",
							"value": "CPE100-SIN-INTONLY@colt.net",
							"isAutogeneratable": true
						}, {
							"name": "{$v_Site_Id__siteSiteID}",
							"value": "1100",
							"isAutogeneratable": true
						}, {
							"name": "{$v_IPC00174_NV-WC01-N6-SIN_Local_auth_email_identifier__IKELIdentifier}",
							"value": "CPE100-SIN-INTONLY@colt.net",
							"isAutogeneratable": true
						}, {
							"name": "{$v_IPC00174_Site_Name__sitesSiteName}",
							"value": "CPE100-SIN-INTONLY",
							"isAutogeneratable": true
						}, {
							"name": "{$v_latitude__IdLatitude}",
							"value": "12.971599",
							"isAutogeneratable": true
						}, {
							"name": "{$v_identification__IdName}",
							"value": "CPE100-SIN-INTONLY",
							"isAutogeneratable": true
						}, {
							"name": "{$v_INT-WAN-Transport-VR_IPv4__vrHopAddress}",
							"value": "172.16.100.53",
							"isAutogeneratable": false
						},	{
						    "name": "{$v_tvi-0-148_-_Unit_0_Static_address__tunnelStaticAddress}",
							"value": "10.10.74.100/32",
							"isAutogeneratable": true,
							"isOverwritten": false
						}, {
							"name": "{$v_Chassis_Id__sitesChassisId}",
							"value": "CPE100KSA",
							"isAutogeneratable": true
						}, {
							"name": "{$v_longitude__Idlongitude}",
							"value": "77.594563",
							"isAutogeneratable": true
						}, {
							"name": "{$v_location__IdLocation}",
							"value": "bangalore,karnataka, india",
							"isAutogeneratable": true
						}, {
							"name": "{$v_IPC00174-Control-VR_74_Local_address__vrRouterAddress}",
							"value": "20.20.74.100",
							"isAutogeneratable": true,
							"isOverwritten": false
						}, {
							"name": "{$v_tvi-0-149_-_Unit_0_Static_address__tunnelStaticAddress}",
							"value": "20.20.74.100/32",
							"isAutogeneratable": true,
							"isOverwritten": false
						}]
					}
				},
				"variableMetadata": [{
					"variable": "{$v_INT-WAN_IPv4__staticaddress}",
					"group": "Interfaces",
					"overlay": false,
					"type": "IPV4_MASK"
				},
                
                
                
				{"variable": "{$v_vni-0-4_LAN1_Unit-0__vlanId}", "group": "Vlan Info", "overlay": false, "type": "INTEGER"},
                
				{
					"variable": "{$v_IPC00174-Control-VR_74_Router_ID__vrRouteId}",
					"group": "Virtual Routers",
					"overlay": true,
					"type": "IPV4"
				}, {
					"variable": "{$v_IPC00174_NV-WC01-N6-SIN_Local_auth_email_key__IKELKey}",
					"group": "IPSEC",
					"overlay": false
				}, {
					"variable": "{$v_IPC00174_NV-WC02-N6-SIN_Local_auth_email_key__IKELKey}",
					"group": "IPSEC",
					"overlay": false
				},
			{
					"variable": "{$v_LAN1_IPv4__staticaddress}", "group": "Interfaces", "overlay": false, "type": "IPV4_MASK"
				},
            
				 {
					"variable": "{$v_IPC00174_NV-WC02-N6-SIN_Local_auth_email_identifier__IKELIdentifier}",
					"group": "IPSEC",
					"overlay": false
				}, {
					"variable": "{$v_Site_Id__siteSiteID}",
					"group": "SDWAN",
					"overlay": false
				}, {
					"variable": "{$v_IPC00174_NV-WC01-N6-SIN_Local_auth_email_identifier__IKELIdentifier}",
					"group": "IPSEC",
					"overlay": false
				}, {
					"variable": "{$v_IPC00174_Site_Name__sitesSiteName}",
					"group": "SDWAN",
					"overlay": false
				}, {
					"variable": "{$v_latitude__IdLatitude}",
					"group": "SDWAN",
					"overlay": false
				}, {
					"variable": "{$v_identification__IdName}",
					"group": "SDWAN",
					"overlay": false
				}, {
					"variable": "{$v_INT-WAN-Transport-VR_IPv4__vrHopAddress}",
					"group": "Virtual Routers",
					"overlay": false,
					"type": "IPV4_IPV6"
				}, {
					"variable": "{$v_tvi-0-148_-_Unit_0_Static_address__tunnelStaticAddress}",
					"group": "Interfaces",
					"overlay": true,
					"type": "IPV4_IPV6_MASK"
				}, {
					"variable": "{$v_Chassis_Id__sitesChassisId}",
					"group": "SDWAN",
					"overlay": false
				}, {
					"variable": "{$v_longitude__Idlongitude}",
					"group": "SDWAN",
					"overlay": false
				}, {
					"variable": "{$v_location__IdLocation}",
					"group": "SDWAN",
					"overlay": false
				}, {
					"variable": "{$v_IPC00174-Control-VR_74_Local_address__vrRouterAddress}",
					"group": "Virtual Routers",
					"overlay": true,
					"type": "IPV4"
				}, {
					"variable": "{$v_tvi-0-149_-_Unit_0_Static_address__tunnelStaticAddress}",
					"group": "Interfaces",
					"overlay": true,
					"type": "IPV4_IPV6_MASK"
				}]
			}
		}
	}
}
2019-06-13 17:11:11,073 - CPE100-SIN-INTONLY - INFO - <Response [200]>
2019-06-13 17:11:11,073 - CPE100-SIN-INTONLY - INFO - PASS
2019-06-13 17:11:21,263 - CPE100-SIN-INTONLY - INFO - 20677
2019-06-13 17:11:31,713 - CPE100-SIN-INTONLY - INFO - Device deployed
2019-06-13 17:11:32,332 - CPE100-SIN-INTONLY - INFO - {u'versanms.sdwan-device-workflow': {u'postStagingTemplateInfo': {u'templateData': {u'device-template-variable': {u'variable-binding': {u'attrs': [{u'isAutogeneratable': True, u'isOverwritten': False, u'name': u'{$v_IPC00174-Control-VR_74_Router_ID__vrRouteId}', u'value': u'10.74.68.76'}, {u'isAutogeneratable': False, u'name': u'{$v_INT-WAN-Transport-VR_IPv4__vrHopAddress}', u'value': u'172.16.100.53'}, {u'isAutogeneratable': False, u'name': u'{$v_vni-0-4_LAN1_Unit-0__vlanId}', u'value': 1100}, {u'isAutogeneratable': True, u'isOverwritten': True, u'name': u'{$v_tvi-0-148_-_Unit_0_Static_address__tunnelStaticAddress}', u'value': u'10.10.74.100/32'}, {u'isAutogeneratable': True, u'name': u'{$v_Chassis_Id__sitesChassisId}', u'value': u'CPE100KSA'}, {u'isAutogeneratable': False, u'name': u'{$v_INT-WAN_IPv4__staticaddress}', u'value': u'172.16.100.54/30'}, {u'isAutogeneratable': True, u'name': u'{$v_IPC00174_NV-WC01-N6-SIN_Local_auth_email_key__IKELKey}', u'value': u'CPE100-SIN-INTONLY'}, {u'isAutogeneratable': True, u'name': u'{$v_longitude__Idlongitude}', u'value': 77.594563}, {u'isAutogeneratable': True, u'isOverwritten': True, u'name': u'{$v_IPC00174-Control-VR_74_Local_address__vrRouterAddress}', u'value': u'20.20.74.100'}, {u'isAutogeneratable': True, u'name': u'{$v_IPC00174_NV-WC02-N6-SIN_Local_auth_email_key__IKELKey}', u'value': u'CPE100-SIN-INTONLY'}, {u'isAutogeneratable': True, u'name': u'{$v_location__IdLocation}', u'value': u'bangalore,karnataka, india'}, {u'isAutogeneratable': True, u'isOverwritten': True, u'name': u'{$v_tvi-0-149_-_Unit_0_Static_address__tunnelStaticAddress}', u'value': u'20.20.74.100/32'}, {u'isAutogeneratable': True, u'name': u'{$v_IPC00174_Site_Name__sitesSiteName}', u'value': u'CPE100-SIN-INTONLY'}, {u'isAutogeneratable': True, u'name': u'{$v_IPC00174_NV-WC02-N6-SIN_Local_auth_email_identifier__IKELIdentifier}', u'value': u'CPE100-SIN-INTONLY@colt.net'}, {u'isAutogeneratable': True, u'name': u'{$v_IPC00174_NV-WC01-N6-SIN_Local_auth_email_identifier__IKELIdentifier}', u'value': u'CPE100-SIN-INTONLY@colt.net'}, {u'isAutogeneratable': False, u'name': u'{$v_vni-0-4_LAN1_Unit-0__unit}', u'value': 1100}, {u'isAutogeneratable': True, u'name': u'{$v_Site_Id__siteSiteID}', u'value': 1100}, {u'isAutogeneratable': False, u'name': u'{$v_LAN1_IPv4__staticaddress}', u'value': u'192.100.131.1/24'}, {u'isAutogeneratable': True, u'name': u'{$v_latitude__IdLatitude}', u'value': 12.971599}, {u'isAutogeneratable': True, u'name': u'{$v_identification__IdName}', u'value': u'CPE100-SIN-INTONLY'}]}, u'template': u'IPC00174-SIN-PS-IS-LIB'}, u'variableMetadata': [{u'variable': u'{$v_IPC00174-Control-VR_74_Router_ID__vrRouteId}', u'type': u'IPV4', u'group': u'Virtual routers', u'overlay': True}, {u'variable': u'{$v_INT-WAN-Transport-VR_IPv4__vrHopAddress}', u'type': u'IPV4_IPV6', u'group': u'Virtual routers', u'overlay': False}, {u'variable': u'{$v_vni-0-4_LAN1_Unit-0__vlanId}', u'type': u'INTEGER', u'group': u'Vlan Info', u'overlay': False}, {u'variable': u'{$v_tvi-0-148_-_Unit_0_Static_address__tunnelStaticAddress}', u'type': u'IPV4_IPV6_MASK', u'group': u'Interfaces', u'overlay': True}, {u'variable': u'{$v_Chassis_Id__sitesChassisId}', u'group': u'SDWAN', u'overlay': False}, {u'variable': u'{$v_INT-WAN_IPv4__staticaddress}', u'type': u'IPV4_MASK', u'group': u'Interfaces', u'overlay': False}, {u'variable': u'{$v_IPC00174_NV-WC01-N6-SIN_Local_auth_email_key__IKELKey}', u'group': u'IPSEC', u'overlay': False}, {u'variable': u'{$v_longitude__Idlongitude}', u'group': u'SDWAN', u'overlay': False}, {u'variable': u'{$v_IPC00174-Control-VR_74_Local_address__vrRouterAddress}', u'type': u'IPV4', u'group': u'Virtual routers', u'overlay': True}, {u'variable': u'{$v_IPC00174_NV-WC02-N6-SIN_Local_auth_email_key__IKELKey}', u'group': u'IPSEC', u'overlay': False}, {u'variable': u'{$v_location__IdLocation}', u'group': u'SDWAN', u'overlay': False}, {u'variable': u'{$v_tvi-0-149_-_Unit_0_Static_address__tunnelStaticAddress}', u'type': u'IPV4_IPV6_MASK', u'group': u'Interfaces', u'overlay': True}, {u'variable': u'{$v_IPC00174_Site_Name__sitesSiteName}', u'group': u'SDWAN', u'overlay': False}, {u'variable': u'{$v_IPC00174_NV-WC02-N6-SIN_Local_auth_email_identifier__IKELIdentifier}', u'group': u'IPSEC', u'overlay': False}, {u'variable': u'{$v_IPC00174_NV-WC01-N6-SIN_Local_auth_email_identifier__IKELIdentifier}', u'group': u'IPSEC', u'overlay': False}, {u'variable': u'{$v_vni-0-4_LAN1_Unit-0__unit}', u'type': u'INTEGER', u'group': u'Vlan Info', u'overlay': False}, {u'variable': u'{$v_Site_Id__siteSiteID}', u'group': u'SDWAN', u'overlay': False}, {u'variable': u'{$v_LAN1_IPv4__staticaddress}', u'type': u'IPV4_MASK', u'group': u'Interfaces', u'overlay': False}, {u'variable': u'{$v_latitude__IdLatitude}', u'group': u'SDWAN', u'overlay': False}, {u'variable': u'{$v_identification__IdName}', u'group': u'SDWAN', u'overlay': False}]}, u'templateName': u'IPC00174-SIN-PS-IS-LIB'}, u'deviceName': u'CPE100-SIN-INTONLY', u'deviceGroup': u'IPC00174-SIN-PS-IS-LIB-DG', u'orgName': u'IPC00174', u'serialNumber': u'CPE100KSA', u'locationInfo': {u'latitude': 12.971599, u'country': u'india', u'state': u'karnataka', u'longitude': 77.594563, u'city': u'bangalore'}, u'siteId': 1100, u'instanceInfo': u'', u'stagingTemplateInfo': u'', u'urlztpBasedInfo': {u'authType': u'psk', u'enableIpv4Dhcp': False, u'branchKey': u'SO6ufi0GZMv8iyxt', u'branchId': u'CPE100-SIN-INTONLY@IPC00174.com', u'enableIpv6': False, u'enableIpv4': False, u'enableIpv6Dhcp': False}}}
2019-06-13 17:11:51,720 - CPE100-SIN-INTONLY - INFO - configure private
Entering configuration mode private
[ok][2019-06-13 08:25:49]

[edit]
Administrator@VDir-BLR-NEW-01% 
2019-06-13 17:11:53,924 - CPE100-SIN-INTONLY - INFO - True
2019-06-13 17:11:54,523 - CPE100-SIN-INTONLY - INFO - set devices device NV-WC01-N6-SIN config orgs org-services Colt ipsec vpn-profile INT-WAN-NV-WC01-N6-SIN-StagingIpsec psk-auth-clients remote-client IPC00174-CPE100-SIN-INTONLY@colt.net id-type email
[ok][2019-06-13 08:25:54]

[edit]
Administrator@VDir-BLR-NEW-01% 
2019-06-13 17:11:55,125 - CPE100-SIN-INTONLY - INFO - set devices device NV-WC01-N6-SIN config orgs org-services Colt ipsec vpn-profile INT-WAN-NV-WC01-N6-SIN-StagingIpsec psk-auth-clients remote-client IPC00174-CPE100-SIN-INTONLY@colt.net key CPE100-SIN-INTONLY
[ok][2019-06-13 08:25:55]

[edit]
Administrator@VDir-BLR-NEW-01% 
2019-06-13 17:11:57,934 - CPE100-SIN-INTONLY - INFO - commit and-quit
Commit complete.
[ok][2019-06-13 08:25:58]
Administrator@VDir-BLR-NEW-01> 
2019-06-13 17:11:57,999 - CPE100-SIN-INTONLY - INFO - 
STEP : ONBOARD CALL

2019-06-13 17:11:58,009 - CPE100-SIN-INTONLY - INFO - 
sudo /opt/versa/scripts/staging.py -w 0 -c 10.83.77.10 -s 172.16.100.54/30 -g 172.16.100.53 -l IPC00174-CPE100-SIN-INTONLY@colt.net -lk CPE100-SIN-INTONLY  -r NV-WC01-N6-SIN@colt.net -rk 1234

