2020-02-27 14:07:10,448 - VD1 - DEBUG - <netmiko.versa.versa_ssh.VersaSSH object at 0x000000000DA042B0>
2020-02-27 14:07:15,651 - VD1 - DEBUG - versa: Automated@VDir-BLR-NEW-01>
2020-02-27 14:07:20,446 - CPE11-HKG-HYBRD-IPC00190 - DEBUG - <netmiko.versa.versa_ssh.VersaSSH object at 0x000000000DA41358>
2020-02-27 14:07:25,667 - CPE11-HKG-HYBRD-IPC00190 - DEBUG - versa: Automated@VDir-BLR-NEW-01>
2020-02-27 14:07:49,770 - CPE12-HKG-HYBRD-IPC00190 - DEBUG - <netmiko.versa.versa_ssh.VersaSSH object at 0x000000000DA50208>
2020-02-27 14:07:54,974 - CPE12-HKG-HYBRD-IPC00190 - DEBUG - versa: Automated@VDir-BLR-NEW-01>
2020-02-27 14:09:07,875 - CPE11-HKG-HYBRD-IPC00190 - INFO - 
CREATE SLA profile

2020-02-27 14:09:09,930 - CPE11-HKG-HYBRD-IPC00190 - DEBUG - <Response [201]>
2020-02-27 14:09:09,937 - CPE11-HKG-HYBRD-IPC00190 - INFO - 
PASS
2020-02-27 14:09:09,937 - CPE11-HKG-HYBRD-IPC00190 - INFO - >>>>>>>>>> CREATE SLA Profile PASSED. <<<<<<<<<<<
2020-02-27 14:09:09,940 - CPE11-HKG-HYBRD-IPC00190 - INFO - 
CREATE FWD PROFILE

2020-02-27 14:09:11,796 - CPE11-HKG-HYBRD-IPC00190 - DEBUG - <Response [201]>
2020-02-27 14:09:11,798 - CPE11-HKG-HYBRD-IPC00190 - INFO - 
PASS
2020-02-27 14:09:11,799 - CPE11-HKG-HYBRD-IPC00190 - INFO - >>>>>>>>>> FORWARDING PROFILE CREATION PASSED. <<<<<<<<<<<
2020-02-27 14:09:11,802 - CPE11-HKG-HYBRD-IPC00190 - INFO - 
CREATE IPaddress Object

2020-02-27 14:09:13,516 - CPE11-HKG-HYBRD-IPC00190 - DEBUG - <Response [201]>
2020-02-27 14:09:13,516 - CPE11-HKG-HYBRD-IPC00190 - INFO - 
PASS
2020-02-27 14:09:13,516 - CPE11-HKG-HYBRD-IPC00190 - INFO - >>>>>>>>>> ADDRESS OBJECT CREATION PASSED. <<<<<<<<<<<
2020-02-27 14:09:13,520 - CPE11-HKG-HYBRD-IPC00190 - INFO - 
CREATE Policy rule

2020-02-27 14:09:16,648 - CPE11-HKG-HYBRD-IPC00190 - DEBUG - <Response [201]>
2020-02-27 14:09:16,648 - CPE11-HKG-HYBRD-IPC00190 - INFO - 
PASS
2020-02-27 14:09:16,650 - CPE11-HKG-HYBRD-IPC00190 - INFO - >>>>>>>>>> CREATE POLICY RULE PASSED. <<<<<<<<<<<
2020-02-27 14:12:09,368 - CPE11-HKG-HYBRD-IPC00190 - INFO - 
DELETE IPaddress Object

2020-02-27 14:12:13,632 - CPE11-HKG-HYBRD-IPC00190 - INFO - 
PASS
2020-02-27 14:12:13,634 - CPE11-HKG-HYBRD-IPC00190 - INFO - >>>>>>>>>> Policy rule DELETION PASSED. <<<<<<<<<<<
2020-02-27 14:12:13,638 - CPE11-HKG-HYBRD-IPC00190 - INFO - 
DELETE IPaddress Object

2020-02-27 14:12:16,180 - CPE11-HKG-HYBRD-IPC00190 - INFO - 
PASS
2020-02-27 14:12:16,181 - CPE11-HKG-HYBRD-IPC00190 - INFO - >>>>>>>>>> ADDRESS OBJECT DELETION PASSED. <<<<<<<<<<<
2020-02-27 14:12:16,186 - CPE11-HKG-HYBRD-IPC00190 - INFO - 
DELETE FWD PROFILE

2020-02-27 14:12:18,729 - CPE11-HKG-HYBRD-IPC00190 - INFO - 
PASS
2020-02-27 14:12:18,730 - CPE11-HKG-HYBRD-IPC00190 - INFO - >>>>>>>>>> FORWARDING PROFILE DELETION PASSED. <<<<<<<<<<<
2020-02-27 14:12:18,733 - CPE11-HKG-HYBRD-IPC00190 - INFO - 
DELETE SLA profile

2020-02-27 14:12:21,420 - CPE11-HKG-HYBRD-IPC00190 - INFO - 
PASS
2020-02-27 14:12:21,421 - CPE11-HKG-HYBRD-IPC00190 - INFO - >>>>>>>>>> DELETE SLA Profile PASSED. <<<<<<<<<<<
