2020-02-27 13:57:57,999 - VD1 - DEBUG - <netmiko.versa.versa_ssh.VersaSSH object at 0x000000000E4C7198>
2020-02-27 13:58:03,200 - VD1 - DEBUG - versa: Automated@VDir-BLR-NEW-01>
2020-02-27 13:58:07,979 - CPE11-HKG-HYBRD-IPC00190 - DEBUG - <netmiko.versa.versa_ssh.VersaSSH object at 0x000000000E548240>
2020-02-27 13:58:13,180 - CPE11-HKG-HYBRD-IPC00190 - DEBUG - versa: Automated@VDir-BLR-NEW-01>
2020-02-27 13:58:37,233 - CPE12-HKG-HYBRD-IPC00190 - DEBUG - <netmiko.versa.versa_ssh.VersaSSH object at 0x000000000E5520F0>
2020-02-27 13:58:42,436 - CPE12-HKG-HYBRD-IPC00190 - DEBUG - versa: Automated@VDir-BLR-NEW-01>
2020-02-27 13:59:44,835 - CPE11-HKG-HYBRD-IPC00190 - INFO - 
CREATE SLA profile

2020-02-27 13:59:46,851 - CPE11-HKG-HYBRD-IPC00190 - DEBUG - <Response [201]>
2020-02-27 13:59:46,858 - CPE11-HKG-HYBRD-IPC00190 - INFO - 
PASS
2020-02-27 13:59:46,859 - CPE11-HKG-HYBRD-IPC00190 - INFO - >>>>>>>>>> CREATE SLA Profile PASSED. <<<<<<<<<<<
2020-02-27 13:59:46,864 - CPE11-HKG-HYBRD-IPC00190 - INFO - 
CREATE FWD PROFILE

2020-02-27 13:59:48,703 - CPE11-HKG-HYBRD-IPC00190 - DEBUG - <Response [201]>
2020-02-27 13:59:48,704 - CPE11-HKG-HYBRD-IPC00190 - INFO - 
PASS
2020-02-27 13:59:48,704 - CPE11-HKG-HYBRD-IPC00190 - INFO - >>>>>>>>>> FORWARDING PROFILE CREATION PASSED. <<<<<<<<<<<
2020-02-27 13:59:48,706 - CPE11-HKG-HYBRD-IPC00190 - INFO - 
CREATE IPaddress Object

2020-02-27 13:59:50,341 - CPE11-HKG-HYBRD-IPC00190 - DEBUG - <Response [201]>
2020-02-27 13:59:50,341 - CPE11-HKG-HYBRD-IPC00190 - INFO - 
PASS
2020-02-27 13:59:50,342 - CPE11-HKG-HYBRD-IPC00190 - INFO - >>>>>>>>>> ADDRESS OBJECT CREATION PASSED. <<<<<<<<<<<
2020-02-27 13:59:50,345 - CPE11-HKG-HYBRD-IPC00190 - INFO - 
CREATE Policy rule

2020-02-27 13:59:53,335 - CPE11-HKG-HYBRD-IPC00190 - DEBUG - <Response [201]>
2020-02-27 13:59:53,335 - CPE11-HKG-HYBRD-IPC00190 - INFO - 
PASS
2020-02-27 13:59:53,335 - CPE11-HKG-HYBRD-IPC00190 - INFO - >>>>>>>>>> CREATE POLICY RULE PASSED. <<<<<<<<<<<
2020-02-27 14:03:02,305 - CPE11-HKG-HYBRD-IPC00190 - INFO - 
DELETE IPaddress Object

2020-02-27 14:03:05,713 - CPE11-HKG-HYBRD-IPC00190 - INFO - 
PASS
2020-02-27 14:03:05,713 - CPE11-HKG-HYBRD-IPC00190 - INFO - >>>>>>>>>> Policy rule DELETION PASSED. <<<<<<<<<<<
2020-02-27 14:03:05,717 - CPE11-HKG-HYBRD-IPC00190 - INFO - 
DELETE IPaddress Object

2020-02-27 14:03:08,599 - CPE11-HKG-HYBRD-IPC00190 - INFO - 
PASS
2020-02-27 14:03:08,599 - CPE11-HKG-HYBRD-IPC00190 - INFO - >>>>>>>>>> ADDRESS OBJECT DELETION PASSED. <<<<<<<<<<<
2020-02-27 14:03:08,601 - CPE11-HKG-HYBRD-IPC00190 - INFO - 
DELETE FWD PROFILE

2020-02-27 14:03:11,167 - CPE11-HKG-HYBRD-IPC00190 - INFO - 
PASS
2020-02-27 14:03:11,167 - CPE11-HKG-HYBRD-IPC00190 - INFO - >>>>>>>>>> FORWARDING PROFILE DELETION PASSED. <<<<<<<<<<<
2020-02-27 14:03:11,171 - CPE11-HKG-HYBRD-IPC00190 - INFO - 
DELETE SLA profile

2020-02-27 14:03:13,523 - CPE11-HKG-HYBRD-IPC00190 - INFO - 
PASS
2020-02-27 14:03:13,525 - CPE11-HKG-HYBRD-IPC00190 - INFO - >>>>>>>>>> DELETE SLA Profile PASSED. <<<<<<<<<<<
