2020-03-03 16:45:34,549 - VD1 - DEBUG - <netmiko.versa.versa_ssh.VersaSSH object at 0x000000000E42B240>
2020-03-03 16:45:39,766 - VD1 - DEBUG - versa: Automated@VDir-BLR-NEW-01>
2020-03-03 16:45:44,484 - CPE11-HKG-HYBRD-IPC00190 - DEBUG - <netmiko.versa.versa_ssh.VersaSSH object at 0x000000000E46B080>
2020-03-03 16:45:49,688 - CPE11-HKG-HYBRD-IPC00190 - DEBUG - versa: Automated@VDir-BLR-NEW-01>
2020-03-03 16:46:14,331 - CPE12-HKG-HYBRD-IPC00190 - DEBUG - <netmiko.versa.versa_ssh.VersaSSH object at 0x000000000E46B048>
2020-03-03 16:46:19,536 - CPE12-HKG-HYBRD-IPC00190 - DEBUG - versa: Automated@VDir-BLR-NEW-01>
2020-03-03 16:47:32,286 - CPE11-HKG-HYBRD-IPC00190 - INFO - 
CREATE SLA profile

2020-03-03 16:47:33,875 - CPE11-HKG-HYBRD-IPC00190 - DEBUG - <Response [201]>
2020-03-03 16:47:33,884 - CPE11-HKG-HYBRD-IPC00190 - INFO - 
PASS
2020-03-03 16:47:33,884 - CPE11-HKG-HYBRD-IPC00190 - INFO - >>>>>>>>>> CREATE SLA Profile PASSED. <<<<<<<<<<<
2020-03-03 16:47:33,888 - CPE11-HKG-HYBRD-IPC00190 - INFO - 
CREATE FWD PROFILE

2020-03-03 16:47:35,532 - CPE11-HKG-HYBRD-IPC00190 - DEBUG - <Response [201]>
2020-03-03 16:47:35,532 - CPE11-HKG-HYBRD-IPC00190 - INFO - 
PASS
2020-03-03 16:47:35,532 - CPE11-HKG-HYBRD-IPC00190 - INFO - >>>>>>>>>> FORWARDING PROFILE CREATION PASSED. <<<<<<<<<<<
2020-03-03 16:47:35,536 - CPE11-HKG-HYBRD-IPC00190 - INFO - 
CREATE IPaddress Object

2020-03-03 16:47:37,605 - CPE11-HKG-HYBRD-IPC00190 - DEBUG - <Response [201]>
2020-03-03 16:47:37,605 - CPE11-HKG-HYBRD-IPC00190 - INFO - 
PASS
2020-03-03 16:47:37,605 - CPE11-HKG-HYBRD-IPC00190 - INFO - >>>>>>>>>> ADDRESS OBJECT CREATION PASSED. <<<<<<<<<<<
2020-03-03 16:47:37,608 - CPE11-HKG-HYBRD-IPC00190 - INFO - 
CREATE IPaddress Object

2020-03-03 16:47:39,224 - CPE11-HKG-HYBRD-IPC00190 - DEBUG - <Response [201]>
2020-03-03 16:47:39,226 - CPE11-HKG-HYBRD-IPC00190 - INFO - 
PASS
2020-03-03 16:47:39,226 - CPE11-HKG-HYBRD-IPC00190 - INFO - >>>>>>>>>> ADDRESS OBJECT CREATION PASSED. <<<<<<<<<<<
2020-03-03 16:47:39,230 - CPE11-HKG-HYBRD-IPC00190 - INFO - 
CREATE Service Object

2020-03-03 16:47:41,582 - CPE11-HKG-HYBRD-IPC00190 - DEBUG - <Response [201]>
2020-03-03 16:47:41,584 - CPE11-HKG-HYBRD-IPC00190 - INFO - 
PASS
2020-03-03 16:47:41,584 - CPE11-HKG-HYBRD-IPC00190 - INFO - >>>>>>>>>> Service OBJECT CREATION PASSED. <<<<<<<<<<<
2020-03-03 16:48:40,286 - CPE11-HKG-HYBRD-IPC00190 - INFO - 
CREATE Policy rule

2020-03-03 16:48:42,880 - CPE11-HKG-HYBRD-IPC00190 - DEBUG - <Response [201]>
2020-03-03 16:48:42,881 - CPE11-HKG-HYBRD-IPC00190 - INFO - 
PASS
2020-03-03 16:48:42,881 - CPE11-HKG-HYBRD-IPC00190 - INFO - >>>>>>>>>> CREATE POLICY RULE PASSED. <<<<<<<<<<<
2020-03-03 16:51:38,056 - CPE11-HKG-HYBRD-IPC00190 - INFO - 
DELETE IPaddress Object

2020-03-03 16:51:41,247 - CPE11-HKG-HYBRD-IPC00190 - INFO - 
PASS
2020-03-03 16:51:41,247 - CPE11-HKG-HYBRD-IPC00190 - INFO - >>>>>>>>>> Policy rule DELETION PASSED. <<<<<<<<<<<
2020-03-03 16:51:41,278 - CPE11-HKG-HYBRD-IPC00190 - INFO - 
CREATE Policy rule

2020-03-03 16:51:43,361 - CPE11-HKG-HYBRD-IPC00190 - DEBUG - <Response [201]>
2020-03-03 16:51:43,362 - CPE11-HKG-HYBRD-IPC00190 - INFO - 
PASS
2020-03-03 16:51:43,364 - CPE11-HKG-HYBRD-IPC00190 - INFO - >>>>>>>>>> CREATE POLICY RULE PASSED. <<<<<<<<<<<
2020-03-03 16:54:35,529 - CPE11-HKG-HYBRD-IPC00190 - INFO - 
DELETE IPaddress Object

2020-03-03 16:54:38,732 - CPE11-HKG-HYBRD-IPC00190 - INFO - 
PASS
2020-03-03 16:54:38,733 - CPE11-HKG-HYBRD-IPC00190 - INFO - >>>>>>>>>> Policy rule DELETION PASSED. <<<<<<<<<<<
2020-03-03 16:54:38,744 - CPE11-HKG-HYBRD-IPC00190 - INFO - 
CREATE Policy rule

2020-03-03 16:54:40,739 - CPE11-HKG-HYBRD-IPC00190 - DEBUG - <Response [201]>
2020-03-03 16:54:40,740 - CPE11-HKG-HYBRD-IPC00190 - INFO - 
PASS
2020-03-03 16:54:40,740 - CPE11-HKG-HYBRD-IPC00190 - INFO - >>>>>>>>>> CREATE POLICY RULE PASSED. <<<<<<<<<<<
2020-03-03 16:55:45,887 - CPE11-HKG-HYBRD-IPC00190 - INFO - 
DELETE IPaddress Object

2020-03-03 16:55:49,217 - CPE11-HKG-HYBRD-IPC00190 - INFO - 
PASS
2020-03-03 16:55:49,217 - CPE11-HKG-HYBRD-IPC00190 - INFO - >>>>>>>>>> Policy rule DELETION PASSED. <<<<<<<<<<<
2020-03-03 16:55:49,229 - CPE11-HKG-HYBRD-IPC00190 - INFO - 
CREATE Policy rule

2020-03-03 16:55:51,078 - CPE11-HKG-HYBRD-IPC00190 - DEBUG - <Response [201]>
2020-03-03 16:55:51,078 - CPE11-HKG-HYBRD-IPC00190 - INFO - 
PASS
2020-03-03 16:55:51,079 - CPE11-HKG-HYBRD-IPC00190 - INFO - >>>>>>>>>> CREATE POLICY RULE PASSED. <<<<<<<<<<<
2020-03-03 16:56:26,437 - CPE11-HKG-HYBRD-IPC00190 - INFO - 
DELETE IPaddress Object

2020-03-03 16:56:29,371 - CPE11-HKG-HYBRD-IPC00190 - INFO - 
PASS
2020-03-03 16:56:29,372 - CPE11-HKG-HYBRD-IPC00190 - INFO - >>>>>>>>>> Policy rule DELETION PASSED. <<<<<<<<<<<
2020-03-03 16:56:29,388 - CPE11-HKG-HYBRD-IPC00190 - INFO - 
DELETE Service Object

2020-03-03 16:56:31,578 - CPE11-HKG-HYBRD-IPC00190 - INFO - 
PASS
2020-03-03 16:56:31,579 - CPE11-HKG-HYBRD-IPC00190 - INFO - >>>>>>>>>> ADDRESS OBJECT DELETION PASSED. <<<<<<<<<<<
2020-03-03 16:56:31,582 - CPE11-HKG-HYBRD-IPC00190 - INFO - 
DELETE IPaddress Object

2020-03-03 16:56:33,706 - CPE11-HKG-HYBRD-IPC00190 - INFO - 
PASS
2020-03-03 16:56:33,707 - CPE11-HKG-HYBRD-IPC00190 - INFO - >>>>>>>>>> ADDRESS OBJECT DELETION PASSED. <<<<<<<<<<<
2020-03-03 16:56:33,710 - CPE11-HKG-HYBRD-IPC00190 - INFO - 
DELETE IPaddress Object

2020-03-03 16:56:35,720 - CPE11-HKG-HYBRD-IPC00190 - INFO - 
PASS
2020-03-03 16:56:35,720 - CPE11-HKG-HYBRD-IPC00190 - INFO - >>>>>>>>>> ADDRESS OBJECT DELETION PASSED. <<<<<<<<<<<
2020-03-03 16:56:35,723 - CPE11-HKG-HYBRD-IPC00190 - INFO - 
DELETE FWD PROFILE

2020-03-03 16:56:37,970 - CPE11-HKG-HYBRD-IPC00190 - INFO - 
PASS
2020-03-03 16:56:37,971 - CPE11-HKG-HYBRD-IPC00190 - INFO - >>>>>>>>>> FORWARDING PROFILE DELETION PASSED. <<<<<<<<<<<
2020-03-03 16:56:37,974 - CPE11-HKG-HYBRD-IPC00190 - INFO - 
DELETE SLA profile

2020-03-03 16:56:40,760 - CPE11-HKG-HYBRD-IPC00190 - INFO - 
PASS
2020-03-03 16:56:40,762 - CPE11-HKG-HYBRD-IPC00190 - INFO - >>>>>>>>>> DELETE SLA Profile PASSED. <<<<<<<<<<<
