2019-02-11 16:40:46,742 - VD1 - INFO - ORG NAME:LONBIS
2019-02-11 16:40:53,206 - VD1 - DEBUG - {
  "versanms.sdwan-org-workflow": {
    "orgName": "LONBIS",
    "globalId": "36",
    "parentOrg": "Colt",
    "ikeAuthType": "psk",
    "sharedControlPlane": false,
    "controllers": ["NV-WC01-N2-BLR", "NV-WC02-N4-MUM", "NV-WC01-N5-LON", "NV-WC02-N5-LON"],
    "vrfs": [{ "name": "LAN1-VRF", "id": "480", "enableVPN": "true", "tooltip": "" },{ "name": "LAN2-VRF", "id": "481", "enableVPN": "true", "tooltip": "" }],
    "supportedRoles": []
  }
}
2019-02-11 16:40:53,731 - VD1 - INFO - <Response [200]>
2019-02-11 16:40:53,731 - VD1 - INFO - PASS
2019-02-11 16:41:03,861 - VD1 - INFO - 15069
2019-02-11 16:41:34,663 - VD1 - INFO - FAILED : com.versa.vnms.cdbadaptor.common.exception.ProcessingFailureException: Failed to fetch org-id for org: ServiceProvider
2019-02-11 16:41:34,663 - VD1 - INFO - 
********************
RESULT:
ORG DEPLOYMENT : FAILED : com.versa.vnms.cdbadaptor.common.exception.ProcessingFailureException: Failed to fetch org-id for org: ServiceProvider

********************

