2019-09-05 18:45:39,911 - CPE27-HKG-DDI-SEC - INFO - CPE NAME:CPE27-HKG-DDI-SEC
2019-09-05 18:45:40,913 - CPE27-HKG-DDI-SEC - INFO - SOLUTION SELECTED:DUAL-CPE-DUAL-INTERNET
2019-09-05 18:45:42,174 - CPE27-HKG-DDI-SEC - INFO - {u'versanms.sdwan-org-workflow': {u'ikeAuthType': u'psk', u'globalId': 90, u'orgName': u'IPC00190', u'controllers': [u'NV-WC01-N1-HKG', u'NV-WC01-N6-SIN', u'NV-WC02-N1-HKG', u'NV-WC02-N6-SIN'], u'bandwidth': 10, u'parentOrg': u'Colt', u'vrfs': [{u'name': u'LAN1-VRF', u'enableVPN': True, u'id': 1020}, {u'name': u'LAN2-VRF', u'enableVPN': True, u'id': 1021}, {u'name': u'LAN3-VRF', u'enableVPN': True, u'id': 1022}, {u'name': u'LAN4-VRF', u'enableVPN': True, u'id': 1023}, {u'name': u'LAN5-VRF', u'enableVPN': True, u'id': 1024}, {u'name': u'LAN6-VRF', u'enableVPN': True, u'id': 1025}, {u'name': u'LAN7-VRF', u'enableVPN': True, u'id': 1026}, {u'name': u'LAN8-VRF', u'enableVPN': True, u'id': 1027}, {u'name': u'LAN9-VRF', u'enableVPN': True, u'id': 1028}, {u'name': u'LAN10-VRF', u'enableVPN': True, u'id': 1029}], u'solutionTier': u'base-sdwan', u'sharedControlPlane': False}}
2019-09-05 18:45:42,457 - CPE27-HKG-DDI-SEC - INFO - {u'versanms.sdwan-org-workflow': {u'ikeAuthType': u'psk', u'globalId': 90, u'orgName': u'IPC00190', u'controllers': [u'NV-WC01-N1-HKG', u'NV-WC01-N6-SIN', u'NV-WC02-N1-HKG', u'NV-WC02-N6-SIN'], u'bandwidth': 10, u'parentOrg': u'Colt', u'vrfs': [{u'name': u'LAN1-VRF', u'enableVPN': True, u'id': 1020}, {u'name': u'LAN2-VRF', u'enableVPN': True, u'id': 1021}, {u'name': u'LAN3-VRF', u'enableVPN': True, u'id': 1022}, {u'name': u'LAN4-VRF', u'enableVPN': True, u'id': 1023}, {u'name': u'LAN5-VRF', u'enableVPN': True, u'id': 1024}, {u'name': u'LAN6-VRF', u'enableVPN': True, u'id': 1025}, {u'name': u'LAN7-VRF', u'enableVPN': True, u'id': 1026}, {u'name': u'LAN8-VRF', u'enableVPN': True, u'id': 1027}, {u'name': u'LAN9-VRF', u'enableVPN': True, u'id': 1028}, {u'name': u'LAN10-VRF', u'enableVPN': True, u'id': 1029}], u'solutionTier': u'base-sdwan', u'sharedControlPlane': False}}
2019-09-05 18:45:42,746 - CPE27-HKG-DDI-SEC - INFO - {u'versanms.sdwan-org-workflow': {u'ikeAuthType': u'psk', u'globalId': 90, u'orgName': u'IPC00190', u'controllers': [u'NV-WC01-N1-HKG', u'NV-WC01-N6-SIN', u'NV-WC02-N1-HKG', u'NV-WC02-N6-SIN'], u'bandwidth': 10, u'parentOrg': u'Colt', u'vrfs': [{u'name': u'LAN1-VRF', u'enableVPN': True, u'id': 1020}, {u'name': u'LAN2-VRF', u'enableVPN': True, u'id': 1021}, {u'name': u'LAN3-VRF', u'enableVPN': True, u'id': 1022}, {u'name': u'LAN4-VRF', u'enableVPN': True, u'id': 1023}, {u'name': u'LAN5-VRF', u'enableVPN': True, u'id': 1024}, {u'name': u'LAN6-VRF', u'enableVPN': True, u'id': 1025}, {u'name': u'LAN7-VRF', u'enableVPN': True, u'id': 1026}, {u'name': u'LAN8-VRF', u'enableVPN': True, u'id': 1027}, {u'name': u'LAN9-VRF', u'enableVPN': True, u'id': 1028}, {u'name': u'LAN10-VRF', u'enableVPN': True, u'id': 1029}], u'solutionTier': u'base-sdwan', u'sharedControlPlane': False}}
2019-09-05 18:45:42,746 - CPE27-HKG-DDI-SEC - INFO - 
STEP : CONFIG VRRP TRACK ROUTE & QOS RULE MATCH WAN in Secondary CPE

2019-09-05 18:45:57,187 - CPE27-HKG-DDI-SEC - INFO - configure private
Entering configuration mode private
[ok][2019-09-05 12:01:45]

[edit]
Automated@VDir-BLR-NEW-01% 
2019-09-05 18:45:59,388 - CPE27-HKG-DDI-SEC - INFO - True
2019-09-05 18:45:59,789 - CPE27-HKG-DDI-SEC - INFO - 

[edit]
Automated@VDir-BLR-NEW-01% 
2019-09-05 18:46:00,993 - CPE27-HKG-DDI-SEC - INFO - set devices device CPE27-HKG-DDI-SEC config orgs org-services IPC00190 class-of-service qos-policies Default-Policy rules WAN_IN match source zone zone-list [ Intf-INT-WAN2-Zone Intf-INT-WAN2-Failover-Zone Intf-INT-WAN1-Zone ]
[ok][2019-09-05 12:01:50]

[edit]
Automated@VDir-BLR-NEW-01% 
2019-09-05 18:46:01,796 - CPE27-HKG-DDI-SEC - INFO - set devices device CPE27-HKG-DDI-SEC config orgs org-services IPC00190 class-of-service qos-policies Default-Policy rules WAN_IN set  action allow
[ok][2019-09-05 12:01:51]

[edit]
Automated@VDir-BLR-NEW-01% 
2019-09-05 18:46:02,999 - CPE27-HKG-DDI-SEC - INFO - set devices device CPE27-HKG-DDI-SEC config orgs org-services IPC00190 class-of-service qos-policies Default-Policy rules WAN_OUT match destination zone zone-list [ Intf-INT-WAN2-Zone Intf-INT-WAN2-Failover-Zone Intf-INT-WAN1-Zone ]
[ok][2019-09-05 12:01:52]

[edit]
Automated@VDir-BLR-NEW-01% 
2019-09-05 18:46:03,802 - CPE27-HKG-DDI-SEC - INFO - set devices device CPE27-HKG-DDI-SEC config orgs org-services IPC00190 class-of-service qos-policies Default-Policy rules WAN_OUT set  action allow
[ok][2019-09-05 12:01:53]

[edit]
Automated@VDir-BLR-NEW-01% 
2019-09-05 18:46:04,204 - CPE27-HKG-DDI-SEC - INFO - 

[edit]
Automated@VDir-BLR-NEW-01% 
2019-09-05 18:46:04,605 - CPE27-HKG-DDI-SEC - INFO - 

[edit]
Automated@VDir-BLR-NEW-01% 
2019-09-05 18:46:05,006 - CPE27-HKG-DDI-SEC - INFO - 

[edit]
Automated@VDir-BLR-NEW-01% 
2019-09-05 18:46:05,407 - CPE27-HKG-DDI-SEC - INFO - 

[edit]
Automated@VDir-BLR-NEW-01% 
2019-09-05 18:46:05,808 - CPE27-HKG-DDI-SEC - INFO - 

[edit]
Automated@VDir-BLR-NEW-01% 
2019-09-05 18:46:06,207 - CPE27-HKG-DDI-SEC - INFO - 

[edit]
Automated@VDir-BLR-NEW-01% 
2019-09-05 18:46:07,010 - CPE27-HKG-DDI-SEC - INFO - set devices device CPE27-HKG-DDI-SEC config interfaces vni-0/4 unit 750 family inet address 192.170.1.3/24 vrrp-group 1 track route 0.0.0.0/0 priority-cost 10
[ok][2019-09-05 12:01:57]

[edit]
Automated@VDir-BLR-NEW-01% 
2019-09-05 18:46:08,013 - CPE27-HKG-DDI-SEC - INFO - set devices device CPE27-HKG-DDI-SEC config interfaces vni-0/4 unit 750 family inet address 192.170.1.3/24 vrrp-group 1 track route 0.0.0.0/0 routing-instance LAN1-VRF
[ok][2019-09-05 12:01:57]

[edit]
Automated@VDir-BLR-NEW-01% 
2019-09-05 18:46:08,417 - CPE27-HKG-DDI-SEC - INFO - 

[edit]
Automated@VDir-BLR-NEW-01% 
2019-09-05 18:46:17,438 - CPE27-HKG-DDI-SEC - INFO - commit and-quit
Commit complete.
[ok][2019-09-05 12:02:07]
Automated@VDir-BLR-NEW-01> 
2019-09-05 18:46:17,555 - CPE27-HKG-DDI-SEC - INFO - 
 >>>>>>>>>> CONFIG VRRP TRACK ROUTE passed. <<<<<<<<<<<

2019-09-05 18:46:17,555 - CPE27-HKG-DDI-SEC - INFO - CPE ONBOARDINIG SCRIPT COMPLETED
2019-09-05 18:46:17,555 - CPE27-HKG-DDI-SEC - INFO - Time elapsed: 0:00:37.666000

