2019-06-25 15:49:36,204 - VD1 - INFO - ORG NAME:IPC00180
2019-06-25 15:49:43,408 - VD1 - DEBUG - {
  "versanms.sdwan-org-workflow": {
    "orgName": "IPC00180",
    "globalId": "80",
    "parentOrg": "Colt",
    "ikeAuthType": "psk",
    "sharedControlPlane": false,
    "controllers": ["NV-WC01-N1-HKG", "NV-WC02-N6-SIN", "NV-WC02-N1-HKG", "NV-WC01-N6-SIN"],
    "vrfs": [{ "name": "LAN1-VRF", "id": "920", "enableVPN": "true", "tooltip": "" },{ "name": "LAN2-VRF", "id": "921", "enableVPN": "true", "tooltip": "" },{ "name": "LAN3-VRF", "id": "922", "enableVPN": "true", "tooltip": "" },{ "name": "LAN4-VRF", "id": "923", "enableVPN": "true", "tooltip": "" },{ "name": "LAN5-VRF", "id": "924", "enableVPN": "true", "tooltip": "" },{ "name": "LAN6-VRF", "id": "925", "enableVPN": "true", "tooltip": "" },{ "name": "LAN7-VRF", "id": "926", "enableVPN": "true", "tooltip": "" },{ "name": "LAN8-VRF", "id": "927", "enableVPN": "true", "tooltip": "" },{ "name": "LAN9-VRF", "id": "928", "enableVPN": "true", "tooltip": "" },{ "name": "LAN10-VRF", "id": "929", "enableVPN": "true", "tooltip": "" }],
    "supportedRoles": []
  }
}
2019-06-25 15:49:49,923 - VD1 - INFO - <Response [200]>
2019-06-25 15:49:49,923 - VD1 - INFO - PASS
2019-06-25 15:50:00,898 - VD1 - INFO - 20914
2019-06-25 15:50:38,901 - VD1 - INFO - FAILED : Connection to NV-WC02-N6-SIN timed out
2019-06-25 15:50:38,901 - VD1 - INFO - 
********************
RESULT:
ORG DEPLOYMENT : FAILED : Connection to NV-WC02-N6-SIN timed out

********************

