2019-03-14 14:54:16,558 - CPE4 - DEBUG - CPE NAME:CPE4
2019-03-14 14:54:17,506 - CPE4 - INFO - <Response [400]>
2019-03-14 14:54:17,506 - CPE4 - INFO - {"timestamp":1552555457531,"status":400,"error":"Bad Request","exception":"java.lang.IllegalArgumentException","message":" A device group with name  IPC00012-BLR-PS-HS-LIB-DG already exists ","path":"/nextgen/deviceGroup"}
2019-03-14 14:54:17,506 - CPE4 - INFO - FAIL : {"timestamp":1552555457531,"status":400,"error":"Bad Request","exception":"java.lang.IllegalArgumentException","message":" A device group with name  IPC00012-BLR-PS-HS-LIB-DG already exists ","path":"/nextgen/deviceGroup"}
2019-03-14 14:54:22,569 - CPE4 - INFO - 
sudo /opt/versa/scripts/staging.py -w 1 -c 10.63.151.90 -s 172.16.7.14/30 -g 172.16.7.13 -l IPC00012-CPE4@colt.net -lk CPE4  -r NV-WC02-N2-BLR@colt.net -rk NV-WC02-N2-BLR

2019-03-14 14:54:22,569 - CPE4 - INFO - {
	"versanms.sdwan-device-workflow": {
		"deviceName": "CPE4",
		"siteId": "1630",
		"orgName": "IPC00012",
		"serialNumber": "AUTOCPE4",
		"deviceGroup": "IPC00012-BLR-PS-HS-LIB-DG",
		"locationInfo": {
			"state": "karnataka",
			"country": "india",
			"longitude": "77.594563",
			"latitude": "12.971599",
			"city": "bangalore"
		},
		"postStagingTemplateInfo": {
			"templateName": "IPC00012-BLR-PS-HS-LIB",
			"templateData": {
				"device-template-variable": {
					"template": "IPC00012-BLR-PS-HS-LIB",
					"variable-binding": {
						"attrs": [{
							"name": "{$v_INT-WAN_IPv4__staticaddress}",
							"value": "172.16.6.14/30",
							"isAutogeneratable": false
						},
						
						    
						    
						    
						{ "name": "{$v_vni-0-4_LAN1_Unit-0__unit}", "value": "530", "isAutogeneratable": false},
						{ "name": "{$v_vni-0-4_LAN1_Unit-0__vlanId}", "value": "530", "isAutogeneratable": false },
						
						    
						    
						    
						{ "name": "{$v_vni-0-4_LAN2_Unit-1__unit}", "value": "531", "isAutogeneratable": false},
						{ "name": "{$v_vni-0-4_LAN2_Unit-1__vlanId}", "value": "531", "isAutogeneratable": false },
						
						    
						    
						    
						{ "name": "{$v_vni-0-4_LAN3_Unit-2__unit}", "value": "532", "isAutogeneratable": false},
						{ "name": "{$v_vni-0-4_LAN3_Unit-2__vlanId}", "value": "532", "isAutogeneratable": false },
						
						    
						    
						    
						{ "name": "{$v_vni-0-4_LAN4_Unit-3__unit}", "value": "533", "isAutogeneratable": false},
						{ "name": "{$v_vni-0-4_LAN4_Unit-3__vlanId}", "value": "533", "isAutogeneratable": false },
						
						    
						    
						    
						{ "name": "{$v_vni-0-4_LAN5_Unit-4__unit}", "value": "534", "isAutogeneratable": false},
						{ "name": "{$v_vni-0-4_LAN5_Unit-4__vlanId}", "value": "534", "isAutogeneratable": false },
						
						{
							"name": "{$v_IPC00012-Control-VR_16_Router_ID__vrRouteId}",
							"value": "20.20.16.11",
							"isAutogeneratable": true,
							"isOverwritten": false
						}, {
							"name": "{$v_IPC00012_NV-WC01-N2-BLR_Local_auth_email_key__IKELKey}",
							"value": "CPE4",
							"isAutogeneratable": true
						}, {
							"name": "{$v_IPC00012_NV-WC02-N2-BLR_Local_auth_email_key__IKELKey}",
							"value": "CPE4",
							"isAutogeneratable": true
						},
						
						
						
						{ "name": "{$v_LAN1_IPv4__staticaddress}", "value": "192.169.31.1/24", "isAutogeneratable": false},
						
						
						
						{ "name": "{$v_LAN2_IPv4__staticaddress}", "value": "192.169.32.1/24", "isAutogeneratable": false},
						
						
						
						{ "name": "{$v_LAN3_IPv4__staticaddress}", "value": "192.169.33.1/24", "isAutogeneratable": false},
						
						
						
						{ "name": "{$v_LAN4_IPv4__staticaddress}", "value": "192.169.34.1/24", "isAutogeneratable": false},
						
						
						
						{ "name": "{$v_LAN5_IPv4__staticaddress}", "value": "192.169.35.1/24", "isAutogeneratable": false},
						
						{
							"name": "{$v_IPC00012_NV-WC02-N2-BLR_Local_auth_email_identifier__IKELIdentifier}",
							"value": "CPE4@colt.net",
							"isAutogeneratable": true
						}, {
							"name": "{$v_Site_Id__siteSiteID}",
							"value": "1630",
							"isAutogeneratable": true
						}, {
							"name": "{$v_IPC00012_NV-WC01-N2-BLR_Local_auth_email_identifier__IKELIdentifier}",
							"value": "CPE4@colt.net",
							"isAutogeneratable": true
						}, {
							"name": "{$v_IPC00012_Site_Name__sitesSiteName}",
							"value": "CPE4",
							"isAutogeneratable": true
						}, {
							"name": "{$v_latitude__IdLatitude}",
							"value": "12.971599",
							"isAutogeneratable": true
						}, {
							"name": "{$v_identification__IdName}",
							"value": "CPE4",
							"isAutogeneratable": true
						}, {
							"name": "{$v_INT-WAN-Transport-VR_IPv4__vrHopAddress}",
							"value": "172.16.6.13",
							"isAutogeneratable": false
						},	{
						    "name": "{$v_tvi-0-32_-_Unit_0_Static_address__tunnelStaticAddress}",
							"value": "10.10.16.11/32",
							"isAutogeneratable": true,
							"isOverwritten": false
						}, {
							"name": "{$v_Chassis_Id__sitesChassisId}",
							"value": "AUTOCPE4",
							"isAutogeneratable": true
						}, {
							"name": "{$v_longitude__Idlongitude}",
							"value": "77.594563",
							"isAutogeneratable": true
						}, {
							"name": "{$v_location__IdLocation}",
							"value": "bangalore,karnataka, india",
							"isAutogeneratable": true
						}, {
							"name": "{$v_IPC00012-Control-VR_16_Local_address__vrRouterAddress}",
							"value": "20.20.16.11",
							"isAutogeneratable": true,
							"isOverwritten": false
						}, {
							"name": "{$v_MPLS-WAN-Transport-VR_IPv4__vrHopAddress}",
							"value": "172.16.7.13",
							"isAutogeneratable": false
						}, {
							"name": "{$v_MPLS-WAN_IPv4__staticaddress}",
							"value": "172.16.7.14/30",
							"isAutogeneratable": false
						}, {
							"name": "{$v_tvi-0-33_-_Unit_0_Static_address__tunnelStaticAddress}",
							"value": "20.20.16.11/32",
							"isAutogeneratable": true,
							"isOverwritten": false
						}]
					}
				},
				"variableMetadata": [{
					"variable": "{$v_INT-WAN_IPv4__staticaddress}",
					"group": "Interfaces",
					"overlay": false,
					"type": "IPV4_MASK"
				},
                
                
                
				{"variable": "{$v_vni-0-4_LAN1_Unit-0__vlanId}", "group": "Vlan Info", "overlay": false, "type": "INTEGER"},
                
                
                
				{"variable": "{$v_vni-0-4_LAN2_Unit-1__vlanId}", "group": "Vlan Info", "overlay": false, "type": "INTEGER"},
                
                
                
				{"variable": "{$v_vni-0-4_LAN3_Unit-2__vlanId}", "group": "Vlan Info", "overlay": false, "type": "INTEGER"},
                
                
                
				{"variable": "{$v_vni-0-4_LAN4_Unit-3__vlanId}", "group": "Vlan Info", "overlay": false, "type": "INTEGER"},
                
                
                
				{"variable": "{$v_vni-0-4_LAN5_Unit-4__vlanId}", "group": "Vlan Info", "overlay": false, "type": "INTEGER"},
                
				{
					"variable": "{$v_IPC00012-Control-VR_16_Router_ID__vrRouteId}",
					"group": "Virtual Routers",
					"overlay": true,
					"type": "IPV4"
				}, {
					"variable": "{$v_IPC00012_NV-WC01-N2-BLR_Local_auth_email_key__IKELKey}",
					"group": "IPSEC",
					"overlay": false
				}, {
					"variable": "{$v_IPC00012_NV-WC02-N2-BLR_Local_auth_email_key__IKELKey}",
					"group": "IPSEC",
					"overlay": false
				},
			{
					"variable": "{$v_LAN1_IPv4__staticaddress}", "group": "Interfaces", "overlay": false, "type": "IPV4_MASK"
				},
            {
					"variable": "{$v_LAN2_IPv4__staticaddress}", "group": "Interfaces", "overlay": false, "type": "IPV4_MASK"
				},
            {
					"variable": "{$v_LAN3_IPv4__staticaddress}", "group": "Interfaces", "overlay": false, "type": "IPV4_MASK"
				},
            {
					"variable": "{$v_LAN4_IPv4__staticaddress}", "group": "Interfaces", "overlay": false, "type": "IPV4_MASK"
				},
            {
					"variable": "{$v_LAN5_IPv4__staticaddress}", "group": "Interfaces", "overlay": false, "type": "IPV4_MASK"
				},
            
				 {
					"variable": "{$v_IPC00012_NV-WC02-N2-BLR_Local_auth_email_identifier__IKELIdentifier}",
					"group": "IPSEC",
					"overlay": false
				}, {
					"variable": "{$v_Site_Id__siteSiteID}",
					"group": "SDWAN",
					"overlay": false
				}, {
					"variable": "{$v_IPC00012_NV-WC01-N2-BLR_Local_auth_email_identifier__IKELIdentifier}",
					"group": "IPSEC",
					"overlay": false
				}, {
					"variable": "{$v_IPC00012_Site_Name__sitesSiteName}",
					"group": "SDWAN",
					"overlay": false
				}, {
					"variable": "{$v_latitude__IdLatitude}",
					"group": "SDWAN",
					"overlay": false
				}, {
					"variable": "{$v_identification__IdName}",
					"group": "SDWAN",
					"overlay": false
				}, {
					"variable": "{$v_INT-WAN-Transport-VR_IPv4__vrHopAddress}",
					"group": "Virtual Routers",
					"overlay": false,
					"type": "IPV4_IPV6"
				}, {
					"variable": "{$v_tvi-0-32_-_Unit_0_Static_address__tunnelStaticAddress}",
					"group": "Interfaces",
					"overlay": true,
					"type": "IPV4_IPV6_MASK"
				}, {
					"variable": "{$v_Chassis_Id__sitesChassisId}",
					"group": "SDWAN",
					"overlay": false
				}, {
					"variable": "{$v_longitude__Idlongitude}",
					"group": "SDWAN",
					"overlay": false
				}, {
					"variable": "{$v_location__IdLocation}",
					"group": "SDWAN",
					"overlay": false
				}, {
					"variable": "{$v_IPC00012-Control-VR_16_Local_address__vrRouterAddress}",
					"group": "Virtual Routers",
					"overlay": true,
					"type": "IPV4"
				}, {
					"variable": "{$v_MPLS-WAN-Transport-VR_IPv4__vrHopAddress}",
					"group": "Virtual Routers",
					"overlay": false,
					"type": "IPV4_IPV6"
				}, {
					"variable": "{$v_tvi-0-33_-_Unit_0_Static_address__tunnelStaticAddress}",
					"group": "Interfaces",
					"overlay": true,
					"type": "IPV4_IPV6_MASK"
				}]
			}
		}
	}
}
2019-03-14 14:54:24,117 - CPE4 - INFO - <Response [200]>
2019-03-14 14:54:24,117 - CPE4 - INFO - PASS
2019-03-14 14:54:34,352 - CPE4 - INFO - 15683
2019-03-14 14:54:39,697 - CPE4 - INFO - Device deployment failed
