2019-08-21 11:26:11,448 - CPE27-HKG-DUALMPLSONLY-SEC-AUTO - INFO - CPE NAME:CPE27-HKG-DUALMPLSONLY-SEC-AUTO
2019-08-21 11:26:12,450 - CPE27-HKG-DUALMPLSONLY-SEC-AUTO - INFO - SOLUTION SELECTED:DUAL-CPE-DUAL-MPLS
2019-08-21 11:26:13,563 - CPE27-HKG-DUALMPLSONLY-SEC-AUTO - INFO - {u'versanms.sdwan-org-workflow': {u'ikeAuthType': u'psk', u'globalId': 72, u'orgName': u'IPC00172', u'controllers': [u'NV-WC01-N1-HKG', u'NV-WC01-N6-SIN', u'NV-WC02-N1-HKG', u'NV-WC02-N6-SIN'], u'bandwidth': 10, u'parentOrg': u'Colt', u'vrfs': [{u'name': u'LAN1-VRF', u'enableVPN': True, u'id': 840}, {u'name': u'LAN2-VRF', u'enableVPN': True, u'id': 841}], u'solutionTier': u'base-sdwan', u'sharedControlPlane': False}}
2019-08-21 11:26:13,767 - CPE27-HKG-DUALMPLSONLY-SEC-AUTO - INFO - {u'versanms.sdwan-org-workflow': {u'ikeAuthType': u'psk', u'globalId': 72, u'orgName': u'IPC00172', u'controllers': [u'NV-WC01-N1-HKG', u'NV-WC01-N6-SIN', u'NV-WC02-N1-HKG', u'NV-WC02-N6-SIN'], u'bandwidth': 10, u'parentOrg': u'Colt', u'vrfs': [{u'name': u'LAN1-VRF', u'enableVPN': True, u'id': 840}, {u'name': u'LAN2-VRF', u'enableVPN': True, u'id': 841}], u'solutionTier': u'base-sdwan', u'sharedControlPlane': False}}
2019-08-21 11:26:13,970 - CPE27-HKG-DUALMPLSONLY-SEC-AUTO - INFO - {u'versanms.sdwan-org-workflow': {u'ikeAuthType': u'psk', u'globalId': 72, u'orgName': u'IPC00172', u'controllers': [u'NV-WC01-N1-HKG', u'NV-WC01-N6-SIN', u'NV-WC02-N1-HKG', u'NV-WC02-N6-SIN'], u'bandwidth': 10, u'parentOrg': u'Colt', u'vrfs': [{u'name': u'LAN1-VRF', u'enableVPN': True, u'id': 840}, {u'name': u'LAN2-VRF', u'enableVPN': True, u'id': 841}], u'solutionTier': u'base-sdwan', u'sharedControlPlane': False}}
2019-08-21 11:26:13,970 - CPE27-HKG-DUALMPLSONLY-SEC-AUTO - INFO - 
STEP : PRE-ONBOARD WORK

2019-08-21 11:26:14,029 - CPE27-HKG-DUALMPLSONLY-SEC-AUTO - INFO - 
sudo /opt/versa/scripts/staging.py -w 1 -c 10.63.77.14 -s 172.16.7.106/30 -g 172.16.7.105 -l IPC00172-CPE27-HKG-DUALMPLSONLY-SEC-AUTO@colt.net -lk CPE27-HKG-DUALMPLSONLY-SEC-AUTO  -r NV-WC02-N6-SIN@colt.net -rk 1234

2019-08-21 11:26:14,029 - CPE27-HKG-DUALMPLSONLY-SEC-AUTO - INFO - {
  "versanms.sdwan-device-workflow": {
	"deviceName": "CPE27-HKG-DUALMPLSONLY-SEC-AUTO",
	"siteId": "2427",
	"orgName": "IPC00172",
	"serialNumber": "CPE27KSAB2",
	"deviceGroup": "IPC00172-HKG-PS-MOS-DG",
    "locationInfo": {
      "country": "singapore",
      "longitude": "103.819836",
      "latitude": "1.352083"
    },
    "postStagingTemplateInfo": {
      "templateName": "IPC00172-HKG-PS-MOS",
      "templateData": {
        "device-template-variable": {
          "template": "IPC00172-HKG-PS-MOS",
          "variable-binding": {
            "attrs": [
              {
                "name": "{$v_IPC00172_NV-WC01-N1-HKG_Local_auth_email_identifier__IKELIdentifier}",
                "value": "CPE27-HKG-DUALMPLSONLY-SEC-AUTO@colt.net",
                "isAutogeneratable": true
              },
              {
                "name": "{$v_IPC00172_NV-WC01-N1-HKG_Local_auth_email_key__IKELKey}",
                "value": "CPE27-HKG-DUALMPLSONLY-SEC-AUTO",
                "isAutogeneratable": true
              },
              {
                "name": "{$v_IPC00172-Control-VR_72_Router_ID__vrRouteId}",
                "value": "20.20.72.27",
                "isAutogeneratable": true,
                "isOverwritten": true
              },
              {
                "name": "{$v_Paired_Site__locationID}",
                "value": "2426",
                "isAutogeneratable": false
              },
              {
                "name": "{$v_IPC00172_NV-WC02-N1-HKG_Local_auth_email_key__IKELKey}",
                "value": "CPE27-HKG-DUALMPLSONLY-SEC-AUTO",
                "isAutogeneratable": true
              },
              {
				"name": "{$v_MPLS-WAN2_IPv4__staticaddress}",
				"value": "172.16.7.106/30",
				"isAutogeneratable": false
              },
              {
                "name": "{$v_IPC00172_Site_Name__sitesSiteName}",
                "value": "CPE27-HKG-DUALMPLSONLY-SEC-AUTO",
                "isAutogeneratable": true
              },
			  
			  
			  
			  
			  { "name": "{$v_LAN1_vrrp__vrrpVirtualAddress}", "value": "192.170.1.1", "isAutogeneratable": false},
			  { "name": "{$v_LAN1_IPv4__staticaddress}", "value": "192.170.1.3/24", "isAutogeneratable": false},
			  
              {
                "name": "{$v_tvi-0-145_-_Unit_0_Static_address__tunnelStaticAddress}",
                "value": "20.20.72.27/32",
                "isAutogeneratable": true,
                "isOverwritten": true
              },
              {
                "name": "{$v_latitude__IdLatitude}",
                "value": 1.352083,
                "isAutogeneratable": true
              },
              {
                "name": "{$v_MPLS-WAN2-Transport-VR_IPv4__vrHopAddress}",
                "value": "172.16.7.105",
                "isAutogeneratable": false
              },
              {
                "name": "{$v_identification__IdName}",
                "value": "CPE27-HKG-DUALMPLSONLY-SEC-AUTO",
                "isAutogeneratable": true
              },
              {
                "name": "{$v_tvi-0-144_-_Unit_0_Static_address__tunnelStaticAddress}",
                "value": "10.10.72.27/32",
                "isAutogeneratable": true,
                "isOverwritten": true
              },
              {
                "name": "{$v_IPC00172_NV-WC02-N1-HKG_Local_auth_email_identifier__IKELIdentifier}",
                "value": "CPE27-HKG-DUALMPLSONLY-SEC-AUTO@colt.net",
                "isAutogeneratable": true
              },
              {
                "name": "{$v_Chassis_Id__sitesChassisId}",
                "value": "2427",
                "isAutogeneratable": true
              },
              {
                "name": "{$v_longitude__Idlongitude}",
                "value": 103.819836,
                "isAutogeneratable": true
              },
              {
                "name": "{$v_IPC00172-Control-VR_72_Local_address__vrRouterAddress}",
                "value": "20.20.72.27",
                "isAutogeneratable": true,
                "isOverwritten": true
              },
              {
                "name": "{$v_location__IdLocation}",
                "value": "singapore",
                "isAutogeneratable": true
              },
			
				
				
				
			{ "name": "{$v_vni-0-4_LAN1_Unit-0__unit}", "value": "750", "isAutogeneratable": false},
			{ "name": "{$v_vni-0-4_LAN1_Unit-0__vlanId}", "value": "750", "isAutogeneratable": false },
			
              {
                "name": "{$v_Site_Id__siteSiteID}",
                "value": "2427",
                "isAutogeneratable": true
              }
            ]
          }
        },
        "variableMetadata": [
          {
            "variable": "{$v_IPC00172_NV-WC01-N1-HKG_Local_auth_email_identifier__IKELIdentifier}",
            "group": "IPSEC",
            "overlay": false
          },
          {
            "variable": "{$v_IPC00172_NV-WC01-N1-HKG_Local_auth_email_key__IKELKey}",
            "group": "IPSEC",
            "overlay": false
          },
          {
            "variable": "{$v_vni-0-4_LAN1_Unit-0__vlanId}",
            "group": "Vlan Info",
            "overlay": false,
            "type": "INTEGER"
          },
          {
            "variable": "{$v_IPC00172-Control-VR_72_Router_ID__vrRouteId}",
            "group": "Virtual routers",
            "overlay": true,
            "type": "IPV4"
          },
          {
            "variable": "{$v_Paired_Site__locationID}",
            "group": "SDWAN",
            "overlay": false
          },
          {
            "variable": "{$v_IPC00172_NV-WC02-N1-HKG_Local_auth_email_key__IKELKey}",
            "group": "IPSEC",
            "overlay": false
          },
          {
            "variable": "{$v_MPLS-WAN2_IPv4__staticaddress}",
            "group": "Interfaces",
            "overlay": false,
            "type": "IPV4_MASK"
          },
          {
            "variable": "{$v_IPC00172_Site_Name__sitesSiteName}",
            "group": "SDWAN",
            "overlay": false
          },
		{ "variable": "{$v_LAN1_vrrp__vrrpVirtualAddress}", "group": "Others", "overlay": false, "type": "IPV4" },
		{ "variable": "{$v_LAN1_IPv4__staticaddress}", "group": "Interfaces", "overlay": false, "type": "IPV4_MASK" },
		
          {
            "variable": "{$v_tvi-0-145_-_Unit_0_Static_address__tunnelStaticAddress}",
            "group": "Interfaces",
            "overlay": true,
            "type": "IPV4_IPV6_MASK"
          },
          {
            "variable": "{$v_latitude__IdLatitude}",
            "group": "SDWAN",
            "overlay": false
          },
          {
            "variable": "{$v_MPLS-WAN2-Transport-VR_IPv4__vrHopAddress}",
            "group": "Virtual Routers",
            "overlay": false,
            "type": "IPV4"
          },
          {
            "variable": "{$v_identification__IdName}",
            "group": "SDWAN",
            "overlay": false
          },
          {
            "variable": "{$v_LAN1_vrrp__vrrpVirtualAddress}",
            "group": "Others",
            "overlay": false,
            "type": "IPV4"
          },
          {
            "variable": "{$v_tvi-0-144_-_Unit_0_Static_address__tunnelStaticAddress}",
            "group": "Interfaces",
            "overlay": true,
            "type": "IPV4_IPV6_MASK"
          },
          {
            "variable": "{$v_IPC00172_NV-WC02-N1-HKG_Local_auth_email_identifier__IKELIdentifier}",
            "group": "IPSEC",
            "overlay": false
          },
          {
            "variable": "{$v_Chassis_Id__sitesChassisId}",
            "group": "SDWAN",
            "overlay": false
          },
          {
            "variable": "{$v_longitude__Idlongitude}",
            "group": "SDWAN",
            "overlay": false
          },
          {
            "variable": "{$v_IPC00172-Control-VR_72_Local_address__vrRouterAddress}",
            "group": "Virtual routers",
            "overlay": true,
            "type": "IPV4"
          },
          {
            "variable": "{$v_location__IdLocation}",
            "group": "SDWAN",
            "overlay": false
          },
		 
		 
		 
		 {"variable": "{$v_vni-0-4_LAN1_Unit-0__vlanId}", "group": "Vlan Info", "overlay": false, "type": "INTEGER"},
		 
          {
            "variable": "{$v_Site_Id__siteSiteID}",
            "group": "SDWAN",
            "overlay": false
          }
        ]
      }
    }
  }
}
2019-08-21 11:26:14,816 - CPE27-HKG-DUALMPLSONLY-SEC-AUTO - INFO - <Response [200]>
2019-08-21 11:26:14,818 - CPE27-HKG-DUALMPLSONLY-SEC-AUTO - INFO - PASS
2019-08-21 11:26:24,986 - CPE27-HKG-DUALMPLSONLY-SEC-AUTO - INFO - 21053
2019-08-21 11:26:30,299 - CPE27-HKG-DUALMPLSONLY-SEC-AUTO - INFO - Device deployed
2019-08-21 11:26:31,157 - CPE27-HKG-DUALMPLSONLY-SEC-AUTO - INFO - {u'versanms.sdwan-device-workflow': {u'postStagingTemplateInfo': {u'templateData': {u'device-template-variable': {u'variable-binding': {u'attrs': [{u'isAutogeneratable': False, u'name': u'{$v_LAN1_vrrp__vrrpVirtualAddress}', u'value': u'192.170.1.1'}, {u'isAutogeneratable': True, u'isOverwritten': True, u'name': u'{$v_tvi-0-144_-_Unit_0_Static_address__tunnelStaticAddress}', u'value': u'10.10.72.27/32'}, {u'isAutogeneratable': False, u'name': u'{$v_vni-0-4_LAN1_Unit-0__vlanId}', u'value': 750}, {u'isAutogeneratable': False, u'name': u'{$v_Paired_Site__locationID}', u'value': 2426}, {u'isAutogeneratable': True, u'isOverwritten': True, u'name': u'{$v_IPC00172-Control-VR_72_Router_ID__vrRouteId}', u'value': u'20.20.72.27'}, {u'isAutogeneratable': True, u'name': u'{$v_IPC00172_NV-WC02-N1-HKG_Local_auth_email_key__IKELKey}', u'value': u'CPE27-HKG-DUALMPLSONLY-SEC-AUTO'}, {u'isAutogeneratable': True, u'name': u'{$v_Chassis_Id__sitesChassisId}', u'value': u'CPE27KSAB2'}, {u'isAutogeneratable': True, u'name': u'{$v_longitude__Idlongitude}', u'value': 103.819836}, {u'isAutogeneratable': True, u'isOverwritten': True, u'name': u'{$v_IPC00172-Control-VR_72_Local_address__vrRouterAddress}', u'value': u'20.20.72.27'}, {u'isAutogeneratable': True, u'name': u'{$v_IPC00172_NV-WC01-N1-HKG_Local_auth_email_key__IKELKey}', u'value': u'CPE27-HKG-DUALMPLSONLY-SEC-AUTO'}, {u'isAutogeneratable': True, u'name': u'{$v_location__IdLocation}', u'value': u'singapore'}, {u'isAutogeneratable': True, u'name': u'{$v_IPC00172_NV-WC02-N1-HKG_Local_auth_email_identifier__IKELIdentifier}', u'value': u'CPE27-HKG-DUALMPLSONLY-SEC-AUTO@colt.net'}, {u'isAutogeneratable': False, u'name': u'{$v_vni-0-4_LAN1_Unit-0__unit}', u'value': 750}, {u'isAutogeneratable': True, u'name': u'{$v_IPC00172_Site_Name__sitesSiteName}', u'value': u'CPE27-HKG-DUALMPLSONLY-SEC-AUTO'}, {u'isAutogeneratable': False, u'name': u'{$v_MPLS-WAN2-Transport-VR_IPv4__vrHopAddress}', u'value': u'172.16.7.105'}, {u'isAutogeneratable': True, u'name': u'{$v_Site_Id__siteSiteID}', u'value': 2427}, {u'isAutogeneratable': True, u'isOverwritten': True, u'name': u'{$v_tvi-0-145_-_Unit_0_Static_address__tunnelStaticAddress}', u'value': u'20.20.72.27/32'}, {u'isAutogeneratable': False, u'name': u'{$v_LAN1_IPv4__staticaddress}', u'value': u'192.170.1.3/24'}, {u'isAutogeneratable': False, u'name': u'{$v_MPLS-WAN2_IPv4__staticaddress}', u'value': u'172.16.7.106/30'}, {u'isAutogeneratable': True, u'name': u'{$v_latitude__IdLatitude}', u'value': 1.352083}, {u'isAutogeneratable': True, u'name': u'{$v_IPC00172_NV-WC01-N1-HKG_Local_auth_email_identifier__IKELIdentifier}', u'value': u'CPE27-HKG-DUALMPLSONLY-SEC-AUTO@colt.net'}, {u'isAutogeneratable': True, u'name': u'{$v_identification__IdName}', u'value': u'CPE27-HKG-DUALMPLSONLY-SEC-AUTO'}]}, u'template': u'IPC00172-HKG-PS-MOS'}, u'variableMetadata': [{u'variable': u'{$v_LAN1_vrrp__vrrpVirtualAddress}', u'type': u'IPV4', u'group': u'Others', u'overlay': False}, {u'variable': u'{$v_tvi-0-144_-_Unit_0_Static_address__tunnelStaticAddress}', u'type': u'IPV4_IPV6_MASK', u'group': u'Interfaces', u'overlay': True}, {u'variable': u'{$v_vni-0-4_LAN1_Unit-0__vlanId}', u'type': u'INTEGER', u'group': u'Vlan Info', u'overlay': False}, {u'variable': u'{$v_Paired_Site__locationID}', u'group': u'SDWAN', u'overlay': False}, {u'variable': u'{$v_IPC00172-Control-VR_72_Router_ID__vrRouteId}', u'type': u'IPV4', u'group': u'Virtual routers', u'overlay': True}, {u'variable': u'{$v_IPC00172_NV-WC02-N1-HKG_Local_auth_email_key__IKELKey}', u'group': u'IPSEC', u'overlay': False}, {u'variable': u'{$v_Chassis_Id__sitesChassisId}', u'group': u'SDWAN', u'overlay': False}, {u'variable': u'{$v_longitude__Idlongitude}', u'group': u'SDWAN', u'overlay': False}, {u'variable': u'{$v_IPC00172-Control-VR_72_Local_address__vrRouterAddress}', u'type': u'IPV4', u'group': u'Virtual routers', u'overlay': True}, {u'variable': u'{$v_IPC00172_NV-WC01-N1-HKG_Local_auth_email_key__IKELKey}', u'group': u'IPSEC', u'overlay': False}, {u'variable': u'{$v_location__IdLocation}', u'group': u'SDWAN', u'overlay': False}, {u'variable': u'{$v_IPC00172_NV-WC02-N1-HKG_Local_auth_email_identifier__IKELIdentifier}', u'group': u'IPSEC', u'overlay': False}, {u'variable': u'{$v_vni-0-4_LAN1_Unit-0__unit}', u'type': u'INTEGER', u'group': u'Vlan Info', u'overlay': False}, {u'variable': u'{$v_IPC00172_Site_Name__sitesSiteName}', u'group': u'SDWAN', u'overlay': False}, {u'variable': u'{$v_MPLS-WAN2-Transport-VR_IPv4__vrHopAddress}', u'type': u'IPV4', u'group': u'Virtual routers', u'overlay': False}, {u'variable': u'{$v_Site_Id__siteSiteID}', u'group': u'SDWAN', u'overlay': False}, {u'variable': u'{$v_tvi-0-145_-_Unit_0_Static_address__tunnelStaticAddress}', u'type': u'IPV4_IPV6_MASK', u'group': u'Interfaces', u'overlay': True}, {u'variable': u'{$v_LAN1_IPv4__staticaddress}', u'type': u'IPV4_MASK', u'group': u'Interfaces', u'overlay': False}, {u'variable': u'{$v_MPLS-WAN2_IPv4__staticaddress}', u'type': u'IPV4_MASK', u'group': u'Interfaces', u'overlay': False}, {u'variable': u'{$v_latitude__IdLatitude}', u'group': u'SDWAN', u'overlay': False}, {u'variable': u'{$v_IPC00172_NV-WC01-N1-HKG_Local_auth_email_identifier__IKELIdentifier}', u'group': u'IPSEC', u'overlay': False}, {u'variable': u'{$v_identification__IdName}', u'group': u'SDWAN', u'overlay': False}]}, u'templateName': u'IPC00172-HKG-PS-MOS'}, u'deviceName': u'CPE27-HKG-DUALMPLSONLY-SEC-AUTO', u'workflowStatus': u'Deployed', u'deviceGroup': u'IPC00172-HKG-PS-MOS-DG', u'orgName': u'IPC00172', u'serialNumber': u'CPE27KSAB2', u'locationInfo': {u'latitude': 1.352083, u'country': u'singapore', u'longitude': 103.819836}, u'bandwidth': 0, u'lastUpdatedBy': u'Automated', u'siteId': 2427, u'instanceInfo': u'', u'stagingTemplateInfo': u'', u'lastModifiedTime': u'2019-08-21T05:56:20.677000+00:00', u'urlztpBasedInfo': {u'authType': u'psk', u'enableIpv4Dhcp': False, u'branchKey': u'vnvZsQoOE2WueGn3', u'branchId': u'CPE27-HKG-DUALMPLSONLY-SEC-AUTO@IPC00172.com', u'enableIpv6': False, u'enableIpv4': False, u'enableIpv6Dhcp': False}}}
2019-08-21 11:26:50,572 - CPE27-HKG-DUALMPLSONLY-SEC-AUTO - INFO - configure private

Entering configuration mode private

Current configuration users:

admin tcp (maapi from 127.0.0.1) on since 2019-08-21 05:56:20 private mode

admin tcp (maapi from 127.0.0.1) on since 2019-08-21 05:42:50 private mode

admin tcp (maapi from 127.0.0.1) on since 2019-08-06 04:51:46 private mode

admin tcp (maapi from 127.0.0.1) on since 2019-08-06 04:51:46 private mode

[ok][2019-08-21 05:56:47]



[edit]

Automated@VDir-BLR-NEW-01% 
2019-08-21 11:26:52,776 - CPE27-HKG-DUALMPLSONLY-SEC-AUTO - INFO - True
2019-08-21 11:26:53,576 - CPE27-HKG-DUALMPLSONLY-SEC-AUTO - INFO - set devices device NV-WC02-N6-SIN config orgs org-services Colt ipsec vpn-profile MPLS-WAN-NV-WC02-N6-SIN-StagingIpsec psk-auth-clients remote-client IPC00172-CPE27-HKG-DUALMPLSONLY-SEC-AUTO@colt.net id-type email 
[ok][2019-08-21 05:56:52]

[edit]
Automated@VDir-BLR-NEW-01% 
2019-08-21 11:26:54,378 - CPE27-HKG-DUALMPLSONLY-SEC-AUTO - INFO - set devices device NV-WC02-N6-SIN config orgs org-services Colt ipsec vpn-profile MPLS-WAN-NV-WC02-N6-SIN-StagingIpsec psk-auth-clients remote-client IPC00172-CPE27-HKG-DUALMPLSONLY-SEC-AUTO@colt.net key CPE27-HKG-DUALMPLSONLY-SEC-AUTO
[ok][2019-08-21 05:56:53]

[edit]
Automated@VDir-BLR-NEW-01% 
2019-08-21 11:26:54,779 - CPE27-HKG-DUALMPLSONLY-SEC-AUTO - INFO - commit and-quit
No modifications to commit.
[ok][2019-08-21 05:56:53]
Automated@VDir-BLR-NEW-01> 
2019-08-21 11:26:54,846 - CPE27-HKG-DUALMPLSONLY-SEC-AUTO - INFO - 
STEP : ONBOARD CALL

2019-08-21 11:26:54,849 - CPE27-HKG-DUALMPLSONLY-SEC-AUTO - INFO - 
sudo /opt/versa/scripts/staging.py -w 1 -c 10.63.77.14 -s 172.16.7.106/30 -g 172.16.7.105 -l IPC00172-CPE27-HKG-DUALMPLSONLY-SEC-AUTO@colt.net -lk CPE27-HKG-DUALMPLSONLY-SEC-AUTO  -r NV-WC02-N6-SIN@colt.net -rk 1234

