2020-03-02 17:51:31,743 - VD1 - DEBUG - <netmiko.versa.versa_ssh.VersaSSH object at 0x000000000E0FC5F8>
2020-03-02 17:51:36,948 - VD1 - DEBUG - versa: Automated@VDir-BLR-NEW-01>
2020-03-02 17:51:41,673 - CPE11-HKG-HYBRD-IPC00190 - DEBUG - <netmiko.versa.versa_ssh.VersaSSH object at 0x000000000E16F588>
2020-03-02 17:51:46,878 - CPE11-HKG-HYBRD-IPC00190 - DEBUG - versa: Automated@VDir-BLR-NEW-01>
2020-03-02 17:52:11,401 - CPE12-HKG-HYBRD-IPC00190 - DEBUG - <netmiko.versa.versa_ssh.VersaSSH object at 0x000000000E1CE1D0>
2020-03-02 17:52:16,632 - CPE12-HKG-HYBRD-IPC00190 - DEBUG - versa: Automated@VDir-BLR-NEW-01>
2020-03-02 17:53:30,819 - CPE11-HKG-HYBRD-IPC00190 - INFO - 
CREATE SLA profile

2020-03-02 17:53:32,562 - CPE11-HKG-HYBRD-IPC00190 - DEBUG - <Response [201]>
2020-03-02 17:53:32,569 - CPE11-HKG-HYBRD-IPC00190 - INFO - 
PASS
2020-03-02 17:53:32,569 - CPE11-HKG-HYBRD-IPC00190 - INFO - >>>>>>>>>> CREATE SLA Profile PASSED. <<<<<<<<<<<
2020-03-02 17:53:32,572 - CPE11-HKG-HYBRD-IPC00190 - INFO - 
CREATE FWD PROFILE

2020-03-02 17:53:34,543 - CPE11-HKG-HYBRD-IPC00190 - DEBUG - <Response [201]>
2020-03-02 17:53:34,543 - CPE11-HKG-HYBRD-IPC00190 - INFO - 
PASS
2020-03-02 17:53:34,545 - CPE11-HKG-HYBRD-IPC00190 - INFO - >>>>>>>>>> FORWARDING PROFILE CREATION PASSED. <<<<<<<<<<<
2020-03-02 17:53:34,549 - CPE11-HKG-HYBRD-IPC00190 - INFO - 
CREATE IPaddress Object

2020-03-02 17:53:36,118 - CPE11-HKG-HYBRD-IPC00190 - DEBUG - <Response [201]>
2020-03-02 17:53:36,119 - CPE11-HKG-HYBRD-IPC00190 - INFO - 
PASS
2020-03-02 17:53:36,119 - CPE11-HKG-HYBRD-IPC00190 - INFO - >>>>>>>>>> ADDRESS OBJECT CREATION PASSED. <<<<<<<<<<<
2020-03-02 17:53:36,121 - CPE11-HKG-HYBRD-IPC00190 - INFO - 
CREATE IPaddress Object

2020-03-02 17:53:38,598 - CPE11-HKG-HYBRD-IPC00190 - DEBUG - <Response [201]>
2020-03-02 17:53:38,598 - CPE11-HKG-HYBRD-IPC00190 - INFO - 
PASS
2020-03-02 17:53:38,598 - CPE11-HKG-HYBRD-IPC00190 - INFO - >>>>>>>>>> ADDRESS OBJECT CREATION PASSED. <<<<<<<<<<<
2020-03-02 17:53:38,601 - CPE11-HKG-HYBRD-IPC00190 - INFO - 
CREATE Service Object

2020-03-02 17:53:40,312 - CPE11-HKG-HYBRD-IPC00190 - DEBUG - <Response [201]>
2020-03-02 17:53:40,312 - CPE11-HKG-HYBRD-IPC00190 - INFO - 
PASS
2020-03-02 17:53:40,313 - CPE11-HKG-HYBRD-IPC00190 - INFO - >>>>>>>>>> Service OBJECT CREATION PASSED. <<<<<<<<<<<
2020-03-02 17:53:40,321 - CPE11-HKG-HYBRD-IPC00190 - INFO - 
CREATE Policy rule

2020-03-02 17:53:42,586 - CPE11-HKG-HYBRD-IPC00190 - DEBUG - <Response [201]>
2020-03-02 17:53:42,588 - CPE11-HKG-HYBRD-IPC00190 - INFO - 
PASS
2020-03-02 17:53:42,588 - CPE11-HKG-HYBRD-IPC00190 - INFO - >>>>>>>>>> CREATE POLICY RULE PASSED. <<<<<<<<<<<
2020-03-02 17:58:58,740 - CPE11-HKG-HYBRD-IPC00190 - INFO - 
DELETE IPaddress Object

2020-03-02 17:59:02,009 - CPE11-HKG-HYBRD-IPC00190 - INFO - 
PASS
2020-03-02 17:59:02,009 - CPE11-HKG-HYBRD-IPC00190 - INFO - >>>>>>>>>> Policy rule DELETION PASSED. <<<<<<<<<<<
2020-03-02 17:59:11,519 - CPE11-HKG-HYBRD-IPC00190 - INFO - 
DELETE Service Object

2020-03-02 17:59:14,631 - CPE11-HKG-HYBRD-IPC00190 - INFO - 
PASS
2020-03-02 17:59:14,631 - CPE11-HKG-HYBRD-IPC00190 - INFO - >>>>>>>>>> ADDRESS OBJECT DELETION PASSED. <<<<<<<<<<<
2020-03-02 17:59:14,634 - CPE11-HKG-HYBRD-IPC00190 - INFO - 
DELETE IPaddress Object

2020-03-02 17:59:17,025 - CPE11-HKG-HYBRD-IPC00190 - INFO - 
PASS
2020-03-02 17:59:17,026 - CPE11-HKG-HYBRD-IPC00190 - INFO - >>>>>>>>>> ADDRESS OBJECT DELETION PASSED. <<<<<<<<<<<
2020-03-02 17:59:17,029 - CPE11-HKG-HYBRD-IPC00190 - INFO - 
DELETE IPaddress Object

2020-03-02 17:59:19,336 - CPE11-HKG-HYBRD-IPC00190 - INFO - 
PASS
2020-03-02 17:59:19,338 - CPE11-HKG-HYBRD-IPC00190 - INFO - >>>>>>>>>> ADDRESS OBJECT DELETION PASSED. <<<<<<<<<<<
2020-03-02 17:59:19,342 - CPE11-HKG-HYBRD-IPC00190 - INFO - 
DELETE FWD PROFILE

2020-03-02 17:59:21,519 - CPE11-HKG-HYBRD-IPC00190 - INFO - 
PASS
2020-03-02 17:59:21,519 - CPE11-HKG-HYBRD-IPC00190 - INFO - >>>>>>>>>> FORWARDING PROFILE DELETION PASSED. <<<<<<<<<<<
2020-03-02 17:59:21,523 - CPE11-HKG-HYBRD-IPC00190 - INFO - 
DELETE SLA profile

2020-03-02 17:59:23,900 - CPE11-HKG-HYBRD-IPC00190 - INFO - 
PASS
2020-03-02 17:59:23,901 - CPE11-HKG-HYBRD-IPC00190 - INFO - >>>>>>>>>> DELETE SLA Profile PASSED. <<<<<<<<<<<
2020-03-02 18:01:20,775 - CPE11-HKG-HYBRD-IPC00190 - INFO - 
DELETE IPaddress Object

2020-03-02 18:01:22,673 - CPE11-HKG-HYBRD-IPC00190 - ERROR - 
2020-03-02 18:01:22,676 - CPE11-HKG-HYBRD-IPC00190 - INFO - 
FAIL : 
2020-03-02 18:01:22,676 - CPE11-HKG-HYBRD-IPC00190 - INFO - >>>>>>>>>> Policy rule DELETION FAILED. <<<<<<<<<<<
2020-03-02 18:01:22,690 - CPE11-HKG-HYBRD-IPC00190 - INFO - 
DELETE Service Object

2020-03-02 18:01:23,618 - CPE11-HKG-HYBRD-IPC00190 - ERROR - 
2020-03-02 18:01:23,621 - CPE11-HKG-HYBRD-IPC00190 - INFO - 
FAIL : 
2020-03-02 18:01:23,621 - CPE11-HKG-HYBRD-IPC00190 - INFO - >>>>>>>>>> ADDRESS OBJECT DELETION FAILED. <<<<<<<<<<<
2020-03-02 18:01:23,625 - CPE11-HKG-HYBRD-IPC00190 - INFO - 
DELETE IPaddress Object

2020-03-02 18:01:24,752 - CPE11-HKG-HYBRD-IPC00190 - ERROR - 
2020-03-02 18:01:24,753 - CPE11-HKG-HYBRD-IPC00190 - INFO - 
FAIL : 
2020-03-02 18:01:24,753 - CPE11-HKG-HYBRD-IPC00190 - INFO - >>>>>>>>>> ADDRESS OBJECT DELETION FAILED. <<<<<<<<<<<
2020-03-02 18:01:24,756 - CPE11-HKG-HYBRD-IPC00190 - INFO - 
DELETE IPaddress Object

2020-03-02 18:01:25,793 - CPE11-HKG-HYBRD-IPC00190 - ERROR - 
2020-03-02 18:01:25,795 - CPE11-HKG-HYBRD-IPC00190 - INFO - 
FAIL : 
2020-03-02 18:01:25,795 - CPE11-HKG-HYBRD-IPC00190 - INFO - >>>>>>>>>> ADDRESS OBJECT DELETION FAILED. <<<<<<<<<<<
2020-03-02 18:01:25,796 - CPE11-HKG-HYBRD-IPC00190 - INFO - 
DELETE FWD PROFILE

2020-03-02 18:01:26,802 - CPE11-HKG-HYBRD-IPC00190 - ERROR - 
2020-03-02 18:01:26,805 - CPE11-HKG-HYBRD-IPC00190 - INFO - 
FAIL : 
2020-03-02 18:01:26,805 - CPE11-HKG-HYBRD-IPC00190 - INFO - >>>>>>>>>> FORWARDING PROFILE DELETION FAILED. <<<<<<<<<<<
2020-03-02 18:01:26,811 - CPE11-HKG-HYBRD-IPC00190 - INFO - 
DELETE SLA profile

2020-03-02 18:01:27,898 - CPE11-HKG-HYBRD-IPC00190 - ERROR - 
2020-03-02 18:01:27,901 - CPE11-HKG-HYBRD-IPC00190 - INFO - 
FAIL : 
2020-03-02 18:01:27,904 - CPE11-HKG-HYBRD-IPC00190 - INFO - >>>>>>>>>> DELETE SLA Profile FAILED. <<<<<<<<<<<
