2020-02-28 16:02:02,691 - VD1 - DEBUG - <netmiko.versa.versa_ssh.VersaSSH object at 0x000000000DA64630>
2020-02-28 16:02:07,894 - VD1 - DEBUG - versa: Automated@VDir-BLR-NEW-01>
2020-02-28 16:02:12,667 - CPE11-HKG-HYBRD-IPC00190 - DEBUG - <netmiko.versa.versa_ssh.VersaSSH object at 0x000000000DA986D8>
2020-02-28 16:02:17,869 - CPE11-HKG-HYBRD-IPC00190 - DEBUG - versa: Automated@VDir-BLR-NEW-01>
2020-02-28 16:02:41,786 - CPE12-HKG-HYBRD-IPC00190 - DEBUG - <netmiko.versa.versa_ssh.VersaSSH object at 0x000000000DAB2240>
2020-02-28 16:02:46,987 - CPE12-HKG-HYBRD-IPC00190 - DEBUG - versa: Automated@VDir-BLR-NEW-01>
2020-02-28 16:05:01,223 - CPE11-HKG-HYBRD-IPC00190 - INFO - 
CREATE SLA profile

2020-02-28 16:05:03,180 - CPE11-HKG-HYBRD-IPC00190 - DEBUG - <Response [201]>
2020-02-28 16:05:03,187 - CPE11-HKG-HYBRD-IPC00190 - INFO - 
PASS
2020-02-28 16:05:03,187 - CPE11-HKG-HYBRD-IPC00190 - INFO - >>>>>>>>>> CREATE SLA Profile PASSED. <<<<<<<<<<<
2020-02-28 16:05:03,190 - CPE11-HKG-HYBRD-IPC00190 - INFO - 
CREATE FWD PROFILE

2020-02-28 16:05:05,055 - CPE11-HKG-HYBRD-IPC00190 - DEBUG - <Response [201]>
2020-02-28 16:05:05,055 - CPE11-HKG-HYBRD-IPC00190 - INFO - 
PASS
2020-02-28 16:05:05,056 - CPE11-HKG-HYBRD-IPC00190 - INFO - >>>>>>>>>> FORWARDING PROFILE CREATION PASSED. <<<<<<<<<<<
2020-02-28 16:05:05,061 - CPE11-HKG-HYBRD-IPC00190 - INFO - 
CREATE IPaddress Object

2020-02-28 16:05:08,599 - CPE11-HKG-HYBRD-IPC00190 - DEBUG - <Response [201]>
2020-02-28 16:05:08,601 - CPE11-HKG-HYBRD-IPC00190 - INFO - 
PASS
2020-02-28 16:05:08,601 - CPE11-HKG-HYBRD-IPC00190 - INFO - >>>>>>>>>> ADDRESS OBJECT CREATION PASSED. <<<<<<<<<<<
2020-02-28 16:05:08,605 - CPE11-HKG-HYBRD-IPC00190 - INFO - 
CREATE Policy rule

2020-02-28 16:05:11,586 - CPE11-HKG-HYBRD-IPC00190 - DEBUG - <Response [201]>
2020-02-28 16:05:11,586 - CPE11-HKG-HYBRD-IPC00190 - INFO - 
PASS
2020-02-28 16:05:11,588 - CPE11-HKG-HYBRD-IPC00190 - INFO - >>>>>>>>>> CREATE POLICY RULE PASSED. <<<<<<<<<<<
2020-02-28 16:08:00,894 - CPE11-HKG-HYBRD-IPC00190 - INFO - 
DELETE IPaddress Object

2020-02-28 16:08:04,605 - CPE11-HKG-HYBRD-IPC00190 - INFO - 
PASS
2020-02-28 16:08:04,607 - CPE11-HKG-HYBRD-IPC00190 - INFO - >>>>>>>>>> Policy rule DELETION PASSED. <<<<<<<<<<<
2020-02-28 16:08:04,611 - CPE11-HKG-HYBRD-IPC00190 - INFO - 
DELETE IPaddress Object

2020-02-28 16:08:07,125 - CPE11-HKG-HYBRD-IPC00190 - INFO - 
PASS
2020-02-28 16:08:07,127 - CPE11-HKG-HYBRD-IPC00190 - INFO - >>>>>>>>>> ADDRESS OBJECT DELETION PASSED. <<<<<<<<<<<
2020-02-28 16:08:07,131 - CPE11-HKG-HYBRD-IPC00190 - INFO - 
DELETE FWD PROFILE

2020-02-28 16:08:09,627 - CPE11-HKG-HYBRD-IPC00190 - INFO - 
PASS
2020-02-28 16:08:09,628 - CPE11-HKG-HYBRD-IPC00190 - INFO - >>>>>>>>>> FORWARDING PROFILE DELETION PASSED. <<<<<<<<<<<
2020-02-28 16:08:09,631 - CPE11-HKG-HYBRD-IPC00190 - INFO - 
DELETE SLA profile

2020-02-28 16:08:11,894 - CPE11-HKG-HYBRD-IPC00190 - INFO - 
PASS
2020-02-28 16:08:11,894 - CPE11-HKG-HYBRD-IPC00190 - INFO - >>>>>>>>>> DELETE SLA Profile PASSED. <<<<<<<<<<<
2020-02-28 16:08:20,763 - CPE11-HKG-HYBRD-IPC00190 - INFO - 
CREATE SLA profile

2020-02-28 16:08:22,328 - CPE11-HKG-HYBRD-IPC00190 - DEBUG - <Response [201]>
2020-02-28 16:08:22,328 - CPE11-HKG-HYBRD-IPC00190 - INFO - 
PASS
2020-02-28 16:08:22,328 - CPE11-HKG-HYBRD-IPC00190 - INFO - >>>>>>>>>> CREATE SLA Profile PASSED. <<<<<<<<<<<
2020-02-28 16:08:22,342 - CPE11-HKG-HYBRD-IPC00190 - INFO - 
CREATE FWD PROFILE

2020-02-28 16:08:24,226 - CPE11-HKG-HYBRD-IPC00190 - DEBUG - <Response [201]>
2020-02-28 16:08:24,226 - CPE11-HKG-HYBRD-IPC00190 - INFO - 
PASS
2020-02-28 16:08:24,226 - CPE11-HKG-HYBRD-IPC00190 - INFO - >>>>>>>>>> FORWARDING PROFILE CREATION PASSED. <<<<<<<<<<<
2020-02-28 16:08:24,230 - CPE11-HKG-HYBRD-IPC00190 - INFO - 
CREATE IPaddress Object

2020-02-28 16:08:25,905 - CPE11-HKG-HYBRD-IPC00190 - DEBUG - <Response [409]>
2020-02-28 16:08:25,907 - CPE11-HKG-HYBRD-IPC00190 - ERROR - {  "errors": {    "error": [      {        "error-message": "object already exists: /ncs:devices/ncs:device[ncs:name='CPE11-HKG-HYBRD-IPC00190']/ncs:config/org:orgs/org:org-services[org:name='IPC00190']/security:objects/security:addresses/security:address[security:name='dst_ip_add_obj1']",        "error-urlpath": "/api/config/devices/device/CPE11-HKG-HYBRD-IPC00190/config/org:orgs/org-services/IPC00190/security:objects/addresses",        "error-tag": "data-exists"      }    ]  }}
2020-02-28 16:08:25,914 - CPE11-HKG-HYBRD-IPC00190 - INFO - 
FAIL : {  "errors": {    "error": [      {        "error-message": "object already exists: /ncs:devices/ncs:device[ncs:name='CPE11-HKG-HYBRD-IPC00190']/ncs:config/org:orgs/org:org-services[org:name='IPC00190']/security:objects/security:addresses/security:address[security:name='dst_ip_add_obj1']",        "error-urlpath": "/api/config/devices/device/CPE11-HKG-HYBRD-IPC00190/config/org:orgs/org-services/IPC00190/security:objects/addresses",        "error-tag": "data-exists"      }    ]  }}
2020-02-28 16:08:25,914 - CPE11-HKG-HYBRD-IPC00190 - INFO - >>>>>>>>>> ADDRESS OBJECT CREATION FAILED. <<<<<<<<<<<
2020-02-28 16:08:25,920 - CPE11-HKG-HYBRD-IPC00190 - INFO - 
CREATE Policy rule

2020-02-28 16:08:28,025 - CPE11-HKG-HYBRD-IPC00190 - DEBUG - <Response [201]>
2020-02-28 16:08:28,026 - CPE11-HKG-HYBRD-IPC00190 - INFO - 
PASS
2020-02-28 16:08:28,026 - CPE11-HKG-HYBRD-IPC00190 - INFO - >>>>>>>>>> CREATE POLICY RULE PASSED. <<<<<<<<<<<
2020-02-28 16:11:14,075 - CPE11-HKG-HYBRD-IPC00190 - INFO - 
DELETE IPaddress Object

2020-02-28 16:11:17,648 - CPE11-HKG-HYBRD-IPC00190 - INFO - 
PASS
2020-02-28 16:11:17,648 - CPE11-HKG-HYBRD-IPC00190 - INFO - >>>>>>>>>> Policy rule DELETION PASSED. <<<<<<<<<<<
2020-02-28 16:11:17,651 - CPE11-HKG-HYBRD-IPC00190 - INFO - 
DELETE IPaddress Object

2020-02-28 16:11:18,721 - CPE11-HKG-HYBRD-IPC00190 - ERROR - 
2020-02-28 16:11:18,730 - CPE11-HKG-HYBRD-IPC00190 - INFO - 
FAIL : 
2020-02-28 16:11:18,730 - CPE11-HKG-HYBRD-IPC00190 - INFO - >>>>>>>>>> ADDRESS OBJECT DELETION FAILED. <<<<<<<<<<<
2020-02-28 16:11:18,733 - CPE11-HKG-HYBRD-IPC00190 - INFO - 
DELETE FWD PROFILE

2020-02-28 16:11:21,141 - CPE11-HKG-HYBRD-IPC00190 - INFO - 
PASS
2020-02-28 16:11:21,141 - CPE11-HKG-HYBRD-IPC00190 - INFO - >>>>>>>>>> FORWARDING PROFILE DELETION PASSED. <<<<<<<<<<<
2020-02-28 16:11:21,145 - CPE11-HKG-HYBRD-IPC00190 - INFO - 
DELETE SLA profile

2020-02-28 16:11:23,792 - CPE11-HKG-HYBRD-IPC00190 - INFO - 
PASS
2020-02-28 16:11:23,792 - CPE11-HKG-HYBRD-IPC00190 - INFO - >>>>>>>>>> DELETE SLA Profile PASSED. <<<<<<<<<<<
