2019-03-12 16:27:13,644 - CPE12-INT - DEBUG - CPE NAME:CPE12-INT
2019-03-12 16:27:15,933 - CPE12-INT - INFO - <Response [200]>
2019-03-12 16:27:15,933 - CPE12-INT - INFO - PASS
2019-03-12 16:27:21,131 - CPE12-INT - INFO - <Response [200]>
2019-03-12 16:27:21,132 - CPE12-INT - INFO - PASS
2019-03-12 16:27:33,983 - CPE12-INT - INFO - <Response [200]>
2019-03-12 16:27:33,983 - CPE12-INT - INFO - PASS
2019-03-12 16:27:39,559 - CPE12-INT - INFO - {u'versanms.sdwan-template-workflow': {u'providerOrg': {u'nextGenFW': False, u'name': u'JAPAN', u'statefulFW': True}, u'snmp': {u'snmpV1': False, u'snmpV2': False, u'snmpV3': False}, u'minimumImageVersion': u'16.1R2-S2.2', u'wanInterfaces': [{u'unitInfo': [{u'ipv6Dhcp': False, u'monitor': {u'monitorNexthop': False}, u'allowSSH': False, u'ipv4Static': True, u'DIA': False, u'vlanId': 0, u'transportDomains': [u'INTERNET-TD'], u'ipv4Dhcp': False, u'ipv6rs': False, u'subUnit': 0, u'networkName': u'INT-WAN', u'ipv6Static': False}], u'interfaceName': u'vni-0/2', u'pppoe': False}], u'diaConfig': {u'loadBalance': False, u'dia': False}, u'templateName': u'JAPAN-BLR-PS-IS-LIB', u'isPrimary': True, u'isAnalyticsEnabled': True, u'lanInterfaces': [{u'unitInfo': [{u'ipv6Dhcp': False, u'ipv4DhcpServer': False, u'vrfName': u'LAN1-VRF', u'ipv6ra': False, u'ipv4Static': True, u'DIA': False, u'vlanId': u'{$v_vni-0-4_LAN1_Unit-0__vlanId}', u'ip6Static': False, u'ipv4Dhcp': False, u'subOrganization': u'JAPAN', u'subUnit': u'{$v_vni-0-4_LAN1_Unit-0__unit}', u'networkName': u'LAN1', u'dhcpV4Relay': False}, {u'ipv6Dhcp': False, u'ipv4DhcpServer': False, u'vrfName': u'LAN2-VRF', u'ipv6ra': False, u'ipv4Static': True, u'DIA': False, u'vlanId': u'{$v_vni-0-4_LAN2_Unit-1__vlanId}', u'ip6Static': False, u'ipv4Dhcp': False, u'subOrganization': u'JAPAN', u'subUnit': u'{$v_vni-0-4_LAN2_Unit-1__unit}', u'networkName': u'LAN2', u'dhcpV4Relay': False}, {u'ipv6Dhcp': False, u'ipv4DhcpServer': False, u'vrfName': u'LAN3-VRF', u'ipv6ra': False, u'ipv4Static': True, u'DIA': False, u'vlanId': u'{$v_vni-0-4_LAN3_Unit-2__vlanId}', u'ip6Static': False, u'ipv4Dhcp': False, u'subOrganization': u'JAPAN', u'subUnit': u'{$v_vni-0-4_LAN3_Unit-2__unit}', u'networkName': u'LAN3', u'dhcpV4Relay': False}, {u'ipv6Dhcp': False, u'ipv4DhcpServer': False, u'vrfName': u'LAN4-VRF', u'ipv6ra': False, u'ipv4Static': True, u'DIA': False, u'vlanId': u'{$v_vni-0-4_LAN4_Unit-3__vlanId}', u'ip6Static': False, u'ipv4Dhcp': False, u'subOrganization': u'JAPAN', u'subUnit': u'{$v_vni-0-4_LAN4_Unit-3__unit}', u'networkName': u'LAN4', u'dhcpV4Relay': False}, {u'ipv6Dhcp': False, u'ipv4DhcpServer': False, u'vrfName': u'LAN5-VRF', u'ipv6ra': False, u'ipv4Static': True, u'DIA': False, u'vlanId': u'{$v_vni-0-4_LAN5_Unit-4__vlanId}', u'ip6Static': False, u'ipv4Dhcp': False, u'subOrganization': u'JAPAN', u'subUnit': u'{$v_vni-0-4_LAN5_Unit-4__unit}', u'networkName': u'LAN5', u'dhcpV4Relay': False}], u'interfaceName': u'vni-0/4'}], u'bandwidth': 1000, u'controllers': [u'NV-WC01-N2-BLR', u'NV-WC02-N2-BLR'], u'templateType': u'sdwan-post-staging', u'deviceType': u'full-mesh', u'redundantPair': {u'vrrp': True, u'enable': False, u'cloudCPE': False}, u'solutionTier': u'standard-sdwan-plus-ngfw', u'deviceFirmfactor': 6, u'analyticsCluster': u'LogCollectors', u'splitTunnels': [{u'wanNetworkName': u'INT-WAN', u'vrfName': u'LAN1-VRF', u'dia': True, u'gateway': False}, {u'wanNetworkName': u'INT-WAN', u'vrfName': u'LAN2-VRF', u'dia': True, u'gateway': False}, {u'wanNetworkName': u'INT-WAN', u'vrfName': u'LAN3-VRF', u'dia': True, u'gateway': False}, {u'wanNetworkName': u'INT-WAN', u'vrfName': u'LAN4-VRF', u'dia': True, u'gateway': False}, {u'wanNetworkName': u'INT-WAN', u'vrfName': u'LAN5-VRF', u'dia': True, u'gateway': False}]}}
2019-03-12 16:27:39,730 - CPE12-INT - INFO - [{u'category': u'stateful-firewall', u'organization': u'JAPAN', u'serviceTemplate': u'COMMON-SFW-TEMPLATE5', u'id': 513, u'templateName': u'JAPAN-BLR-PS-IS-LIB'}]
2019-03-12 16:27:54,723 - CPE12-INT - INFO - set devices template JAPAN-BLR-PS-IS-LIB config interfaces vni vni-0/2 description "INT-WAN"

set devices template JAPAN-BLR-PS-IS-LIB config system vnf-manager ip-addresses [ 10.91.116.67/32 10.91.116.68/32 ]
delete devices template JAPAN-BLR-PS-IS-LIB config routing-instances routing-instance INT-WAN-Transport-VR routing-options static route rti-static-route-list 0.0.0.0/0 "{$v_INT-WAN-Transport-VR_IPv4__vrHopAddress}" none icmp
set devices template JAPAN-BLR-PS-IS-LIB config routing-instances routing-instance JAPAN-Control-VR protocols bgp bgp 125 hold-time 90
set devices template JAPAN-BLR-PS-IS-LIB config routing-instances routing-instance JAPAN-Control-VR protocols bgp bgp 125 graceful-restart enable
set devices template JAPAN-BLR-PS-IS-LIB config routing-instances routing-instance JAPAN-Control-VR protocols bgp bgp 125 graceful-restart maximum-restart-time 15
set devices template JAPAN-BLR-PS-IS-LIB config routing-instances routing-instance JAPAN-Control-VR protocols bgp bgp 125 graceful-restart recovery-time 15
set devices template JAPAN-BLR-PS-IS-LIB config routing-instances routing-instance JAPAN-Control-VR protocols bgp bgp 125 graceful-restart select-defer-time 15
set devices template JAPAN-BLR-PS-IS-LIB config routing-instances routing-instance JAPAN-Control-VR protocols bgp bgp 125 graceful-restart stalepath-time 15
set devices template JAPAN-BLR-PS-IS-LIB config routing-instances routing-instance JAPAN-Control-VR protocols bgp bgp 125 graceful-restart dynamic-peer-restart-time 0

set devices template JAPAN-BLR-PS-IS-LIB config routing-instances routing-instance JAPAN-Control-VR protocols bgp bgp 125 routing-peer-policy Import-From-SDWAN-Policy term 1GW1 match family inet-vpn
set devices template JAPAN-BLR-PS-IS-LIB config routing-instances routing-instance JAPAN-Control-VR protocols bgp bgp 125 routing-peer-policy Import-From-SDWAN-Policy term 1GW1 match community "(^|,)([0-9]*:11)($|,)"
set devices template JAPAN-BLR-PS-IS-LIB config routing-instances routing-instance JAPAN-Control-VR protocols bgp bgp 125 routing-peer-policy Import-From-SDWAN-Policy term 1GW1 action filter accept
set devices template JAPAN-BLR-PS-IS-LIB config routing-instances routing-instance JAPAN-Control-VR protocols bgp bgp 125 routing-peer-policy Import-From-SDWAN-Policy term 1GW1 action community 8009:8009
set devices template JAPAN-BLR-PS-IS-LIB config routing-instances routing-instance JAPAN-Control-VR protocols bgp bgp 125 routing-peer-policy Import-From-SDWAN-Policy term 1GW1 action community-action set-specific
set devices template JAPAN-BLR-PS-IS-LIB config routing-instances routing-instance JAPAN-Control-VR protocols bgp bgp 125 routing-peer-policy Import-From-SDWAN-Policy term 1GW1 action set-local-preference 80
set devices template JAPAN-BLR-PS-IS-LIB config routing-instances routing-instance JAPAN-Control-VR protocols bgp bgp 125 routing-peer-policy Import-From-SDWAN-Policy term 2GW2 match family inet-vpn
set devices template JAPAN-BLR-PS-IS-LIB config routing-instances routing-instance JAPAN-Control-VR protocols bgp bgp 125 routing-peer-policy Import-From-SDWAN-Policy term 2GW2 match community "(^|,)([0-9]*:12)($|,)"
set devices template JAPAN-BLR-PS-IS-LIB config routing-instances routing-instance JAPAN-Control-VR protocols bgp bgp 125 routing-peer-policy Import-From-SDWAN-Policy term 2GW2 action filter accept
set devices template JAPAN-BLR-PS-IS-LIB config routing-instances routing-instance JAPAN-Control-VR protocols bgp bgp 125 routing-peer-policy Import-From-SDWAN-Policy term 2GW2 action community 8009:8009
set devices template JAPAN-BLR-PS-IS-LIB config routing-instances routing-instance JAPAN-Control-VR protocols bgp bgp 125 routing-peer-policy Import-From-SDWAN-Policy term 2GW2 action community-action set-specific
set devices template JAPAN-BLR-PS-IS-LIB config routing-instances routing-instance JAPAN-Control-VR protocols bgp bgp 125 routing-peer-policy Import-From-SDWAN-Policy term 2GW2 action set-local-preference 60
move devices template JAPAN-BLR-PS-IS-LIB config routing-instances routing-instance JAPAN-Control-VR protocols bgp bgp 125 routing-peer-policy Import-From-SDWAN-Policy term 2GW2 first
move devices template JAPAN-BLR-PS-IS-LIB config routing-instances routing-instance JAPAN-Control-VR protocols bgp bgp 125 routing-peer-policy Import-From-SDWAN-Policy term 1GW1 first

set devices template JAPAN-BLR-PS-IS-LIB config routing-instances routing-instance JAPAN-Control-VR protocols bgp bgp 125 routing-peer-policy TO_SDWAN term Wildcard match family inet-vpn
set devices template JAPAN-BLR-PS-IS-LIB config routing-instances routing-instance JAPAN-Control-VR protocols bgp bgp 125 routing-peer-policy TO_SDWAN term Wildcard action filter accept
set devices template JAPAN-BLR-PS-IS-LIB config routing-instances routing-instance JAPAN-Control-VR protocols bgp bgp 125 routing-peer-policy TO_SDWAN term Wildcard action community 91:10
set devices template JAPAN-BLR-PS-IS-LIB config routing-instances routing-instance JAPAN-Control-VR protocols bgp bgp 125 routing-peer-policy TO_SDWAN term Wildcard action community-action set-specific
set devices template JAPAN-BLR-PS-IS-LIB config routing-instances routing-instance JAPAN-Control-VR protocols bgp bgp 125 routing-peer-policy TO_SDWAN term VersaPvt-Wildcard match family versa-private
set devices template JAPAN-BLR-PS-IS-LIB config routing-instances routing-instance JAPAN-Control-VR protocols bgp bgp 125 routing-peer-policy TO_SDWAN term VersaPvt-Wildcard action filter accept
set devices template JAPAN-BLR-PS-IS-LIB config routing-instances routing-instance JAPAN-Control-VR protocols bgp bgp 125 routing-peer-policy TO_SDWAN term VersaPvt-Wildcard action community 91:10
set devices template JAPAN-BLR-PS-IS-LIB config routing-instances routing-instance JAPAN-Control-VR protocols bgp bgp 125 routing-peer-policy TO_SDWAN term VersaPvt-Wildcard action community-action set-specific
set devices template JAPAN-BLR-PS-IS-LIB config routing-instances routing-instance JAPAN-Control-VR protocols bgp bgp 125 group Controllers-Group family inet unicast
set devices template JAPAN-BLR-PS-IS-LIB config routing-instances routing-instance JAPAN-Control-VR protocols bgp bgp 125 group Controllers-Group export TO_SDWAN

set devices template JAPAN-BLR-PS-IS-LIB config orgs org JAPAN sd-wan site wan-interfaces vni <INT_WAN_INTF }}.0 sla-monitoring fc fc_nc interval 10
set devices template JAPAN-BLR-PS-IS-LIB config orgs org JAPAN sd-wan site wan-interfaces vni <INT_WAN_INTF }}.0 sla-monitoring fc fc_nc logging-interval 30
set devices template JAPAN-BLR-PS-IS-LIB config orgs org JAPAN sd-wan site wan-interfaces vni <INT_WAN_INTF }}.0 sla-monitoring fc fc_nc send-to controller
set devices template JAPAN-BLR-PS-IS-LIB config orgs org JAPAN sd-wan site wan-interfaces vni <INT_WAN_INTF }}.0 sla-monitoring fc fc_be interval 10
set devices template JAPAN-BLR-PS-IS-LIB config orgs org JAPAN sd-wan site wan-interfaces vni <INT_WAN_INTF }}.0 sla-monitoring fc fc_be logging-interval 30
set devices template JAPAN-BLR-PS-IS-LIB config orgs org JAPAN sd-wan site wan-interfaces vni <INT_WAN_INTF }}.0 sla-monitoring fc fc_be send-to branches
set devices template JAPAN-BLR-PS-IS-LIB config orgs org JAPAN sd-wan site wan-interfaces vni <INT_WAN_INTF }}.0 management-traffic priority 0

set devices template JAPAN-BLR-PS-IS-LIB config orgs org-services JAPAN class-of-service qos-policies qos-policy-group Default-Policy rules qos-policy IPSEC_IN match source zone zone-list [ Intf-INT-WAN-Zone ]
set devices template JAPAN-BLR-PS-IS-LIB config orgs org-services JAPAN class-of-service qos-policies qos-policy-group Default-Policy rules qos-policy IPSEC_IN match services predefined-services-list [ ESP ICMP ]
set devices template JAPAN-BLR-PS-IS-LIB config orgs org-services JAPAN class-of-service qos-policies qos-policy-group Default-Policy rules qos-policy IPSEC_IN match services services-list [ IPSEC IPSecAH ]
set devices template JAPAN-BLR-PS-IS-LIB config orgs org-services JAPAN class-of-service qos-policies qos-policy-group Default-Policy rules qos-policy IPSEC_IN set action allow
set devices template JAPAN-BLR-PS-IS-LIB config orgs org-services JAPAN class-of-service qos-policies qos-policy-group Default-Policy rules qos-policy IPSEC_OUT match destination zone zone-list [ Intf-INT-WAN-Zone ]
set devices template JAPAN-BLR-PS-IS-LIB config orgs org-services JAPAN class-of-service qos-policies qos-policy-group Default-Policy rules qos-policy IPSEC_OUT match services predefined-services-list [ ESP ICMP ]
set devices template JAPAN-BLR-PS-IS-LIB config orgs org-services JAPAN class-of-service qos-policies qos-policy-group Default-Policy rules qos-policy IPSEC_OUT match services services-list [ IPSEC IPSIPSecAH ]
set devices template JAPAN-BLR-PS-IS-LIB config orgs org-services JAPAN class-of-service qos-policies qos-policy-group Default-Policy rules qos-policy IPSEC_OUT set action allow
set devices template JAPAN-BLR-PS-IS-LIB config orgs org-services JAPAN class-of-service qos-policies qos-policy-group Default-Policy rules qos-policy ARP_IN match source zone zone-list [ Intf-INT-WAN-Zone ]
set devices template JAPAN-BLR-PS-IS-LIB config orgs org-services JAPAN class-of-service qos-policies qos-policy-group Default-Policy rules qos-policy ARP_IN match ether-type ARP
set devices template JAPAN-BLR-PS-IS-LIB config orgs org-services JAPAN class-of-service qos-policies qos-policy-group Default-Policy rules qos-policy ARP_IN set action allow
set devices template JAPAN-BLR-PS-IS-LIB config orgs org-services JAPAN class-of-service qos-policies qos-policy-group Default-Policy rules qos-policy ARP_OUT match destination zone zone-list [ Intf-INT-WAN-Zone ]
set devices template JAPAN-BLR-PS-IS-LIB config orgs org-services JAPAN class-of-service qos-policies qos-policy-group Default-Policy rules qos-policy ARP_OUT match ether-type ARP
set devices template JAPAN-BLR-PS-IS-LIB config orgs org-services JAPAN class-of-service qos-policies qos-policy-group Default-Policy rules qos-policy ARP_OUT set action allow
set devices template JAPAN-BLR-PS-IS-LIB config orgs org-services JAPAN class-of-service qos-policies qos-policy-group Default-Policy rules qos-policy DHCP_IN match source zone zone-list [ Intf-INT-WAN-Zone ]
set devices template JAPAN-BLR-PS-IS-LIB config orgs org-services JAPAN class-of-service qos-policies qos-policy-group Default-Policy rules qos-policy DHCP_IN match services services-list [ DHCP-67 DHCP-68 ]
set devices template JAPAN-BLR-PS-IS-LIB config orgs org-services JAPAN class-of-service qos-policies qos-policy-group Default-Policy rules qos-policy DHCP_IN set action allow
set devices template JAPAN-BLR-PS-IS-LIB config orgs org-services JAPAN class-of-service qos-policies qos-policy-group Default-Policy rules qos-policy DHCP_OUT match destination zone zone-list [ Intf-INT-WAN-Zone ]
set devices template JAPAN-BLR-PS-IS-LIB config orgs org-services JAPAN class-of-service qos-policies qos-policy-group Default-Policy rules qos-policy DHCP_OUT match services services-list [ DHCP-67 DHCP-68 ]
set devices template JAPAN-BLR-PS-IS-LIB config orgs org-services JAPAN class-of-service qos-policies qos-policy-group Default-Policy rules qos-policy DHCP_OUT set action allow

set devices template JAPAN-BLR-PS-IS-LIB config orgs org-services JAPAN class-of-service qos-policies qos-policy-group Default-Policy rules qos-policy INT_OUT match source zone zone-list [ Intf-LAN1-Zone Intf-LAN2-Zone Intf-LAN3-Zone Intf-LAN4-Zone Intf-LAN5-Zone W-ST-LAN1-VRF-INT-WAN W-ST-LAN2-VRF-INT-WAN W-ST-LAN3-VRF-INT-WAN W-ST-LAN4-VRF-INT-WAN W-ST-LAN5-VRF-INT-WAN ]
set devices template JAPAN-BLR-PS-IS-LIB config orgs org-services JAPAN class-of-service qos-policies qos-policy-group Default-Policy rules qos-policy INT_OUT match destination zone zone-list [ Intf-INT-WAN-Zone L-ST-LAN1-VRF-INT-WAN L-ST-LAN2-VRF-INT-WAN L-ST-LAN3-VRF-INT-WAN L-ST-LAN4-VRF-INT-WAN L-ST-LAN5-VRF-INT-WAN ]
set devices template JAPAN-BLR-PS-IS-LIB config orgs org-services JAPAN class-of-service qos-policies qos-policy-group Default-Policy rules qos-policy INT_OUT set action allow
set devices template JAPAN-BLR-PS-IS-LIB config orgs org-services JAPAN class-of-service qos-policies qos-policy-group Default-Policy rules qos-policy INT_IN match source zone zone-list [ Intf-INT-WAN-Zone L-ST-LAN1-VRF-INT-WAN L-ST-LAN2-VRF-INT-WAN L-ST-LAN3-VRF-INT-WAN L-ST-LAN4-VRF-INT-WAN L-ST-LAN5-VRF-INT-WAN ]
set devices template JAPAN-BLR-PS-IS-LIB config orgs org-services JAPAN class-of-service qos-policies qos-policy-group Default-Policy rules qos-policy INT_IN set action allow



set devices template JAPAN-BLR-PS-IS-LIB config orgs org-services JAPAN class-of-service qos-policies qos-policy-group Default-Policy rules qos-policy WAN_IN match source zone zone-list [ Intf-INT-WAN-Zone ]
set devices template JAPAN-BLR-PS-IS-LIB config orgs org-services JAPAN class-of-service qos-policies qos-policy-group Default-Policy rules qos-policy WAN_IN set action deny
set devices template JAPAN-BLR-PS-IS-LIB config orgs org-services JAPAN class-of-service qos-policies qos-policy-group Default-Policy rules qos-policy WAN_OUT match destination zone zone-list [ Intf-INT-WAN-Zone ]
set devices template JAPAN-BLR-PS-IS-LIB config orgs org-services JAPAN class-of-service qos-policies qos-policy-group Default-Policy rules qos-policy WAN_OUT set action deny

delete devices template JAPAN-BLR-PS-IS-LIB config orgs org-services JAPAN cgnat rules rule RFC_1918_NoTranslate
delete devices template JAPAN-BLR-PS-IS-LIB config orgs org-services JAPAN cgnat rules rule DIA-Rule-LAN5-VRF-INT-WAN from
set devices template JAPAN-BLR-PS-IS-LIB config orgs org-services JAPAN cgnat rules rule DIA-Rule-LAN5-VRF-INT-WAN match source-zone [ W-ST-LAN5-VRF-INT-WAN ]
set devices template JAPAN-BLR-PS-IS-LIB config orgs org-services JAPAN cgnat rules rule DIA-Rule-LAN5-VRF-INT-WAN match destination-zone [ Intf-INT-WAN-Zone ]


delete device template JAPAN-BLR-PS-IS-LIB config org org-services JAPAN sd-wan policies sdwan-policy-group Default-Policy rules rule Default-Rule
set devices template JAPAN-BLR-PS-IS-LIB config org org-services JAPAN sd-wan forwarding-profiles forwarding-profile DEFAULT-TRAFFIC-PROFILE circuit-priorities priority 1 circuit-names local [ INT-WAN ]
set devices template JAPAN-BLR-PS-IS-LIB config org org-services JAPAN sd-wan forwarding-profiles forwarding-profile DEFAULT-TRAFFIC-PROFILE circuit-priorities priority 1 circuit-names remote [ INT-WAN INT-WAN1 INT-WAN2 ]
set devices template JAPAN-BLR-PS-IS-LIB config org org-services JAPAN sd-wan forwarding-profiles forwarding-profile DEFAULT-TRAFFIC-PROFILE circuit-priorities priority 2 circuit-names local [ INT-WAN ]
set devices template JAPAN-BLR-PS-IS-LIB config org org-services JAPAN sd-wan forwarding-profiles forwarding-profile DEFAULT-TRAFFIC-PROFILE circuit-priorities priority 2 circuit-names remote [ LTE-WAN ]
set devices template JAPAN-BLR-PS-IS-LIB config org org-services JAPAN sd-wan forwarding-profiles forwarding-profile DEFAULT-TRAFFIC-PROFILE connection-selection-method weighted-round-robin
set devices template JAPAN-BLR-PS-IS-LIB config org org-services JAPAN sd-wan forwarding-profiles forwarding-profile DEFAULT-TRAFFIC-PROFILE recompute-timer 40
set devices template JAPAN-BLR-PS-IS-LIB config org org-services JAPAN sd-wan forwarding-profiles forwarding-profile DEFAULT-TRAFFIC-PROFILE encryption optional
set devices template JAPAN-BLR-PS-IS-LIB config org org-services JAPAN sd-wan forwarding-profiles forwarding-profile DEFAULT-TRAFFIC-PROFILE symmetric-forwarding enable
set devices template JAPAN-BLR-PS-IS-LIB config org org-services JAPAN sd-wan policies sdwan-policy-group Default-Policy rules rule DEFAULT-TRAFFIC-RULE description DEFAULT-TRAFFIC-RULE
set devices template JAPAN-BLR-PS-IS-LIB config org org-services JAPAN sd-wan policies sdwan-policy-group Default-Policy rules rule DEFAULT-TRAFFIC-RULE set action allow
set devices template JAPAN-BLR-PS-IS-LIB config org org-services JAPAN sd-wan policies sdwan-policy-group Default-Policy rules rule DEFAULT-TRAFFIC-RULE set forwarding-profile DEFAULT-TRAFFIC-PROFILE
set devices template JAPAN-BLR-PS-IS-LIB config orgs org-services JAPAN objects services service IPSEC protocol UDP
set devices template JAPAN-BLR-PS-IS-LIB config orgs org-services JAPAN objects services service IPSEC destination-port 4790,4500,500
set devices template JAPAN-BLR-PS-IS-LIB config orgs org-services JAPAN objects services service IPSecAH protocol AH
set devices template JAPAN-BLR-PS-IS-LIB config orgs org-services JAPAN objects services service IPSIPSecAH protocol AH
set devices template JAPAN-BLR-PS-IS-LIB config orgs org-services JAPAN objects services service DHCP-67 protocol UDP
set devices template JAPAN-BLR-PS-IS-LIB config orgs org-services JAPAN objects services service DHCP-67 port 67
set devices template JAPAN-BLR-PS-IS-LIB config orgs org-services JAPAN objects services service DHCP-68 protocol UDP
set devices template JAPAN-BLR-PS-IS-LIB config orgs org-services JAPAN objects services service DHCP-68 port 68

delete devices template JAPAN-BLR-PS-IS-LIB config routing-instances routing-instance JAPAN-Control-VR routing-options static route
delete devices template JAPAN-BLR-PS-IS-LIB config orgs org-services JAPAN security access-policies access-policy-group Default-Policy

set devices template JAPAN-BLR-PS-IS-LIB config routing-instances routing-instance LAN1-VRF vrf-import-target target:1370L:13702
set devices template JAPAN-BLR-PS-IS-LIB config routing-instances routing-instance LAN1-VRF policy-options redistribution-policy Default-Policy-To-BGP term T3-STATIC match protocol static
set devices template JAPAN-BLR-PS-IS-LIB config routing-instances routing-instance LAN1-VRF policy-options redistribution-policy Default-Policy-To-BGP term T3-STATIC action filter accept
set devices template JAPAN-BLR-PS-IS-LIB config routing-instances routing-instance LAN1-VRF policy-options redistribution-policy Default-Policy-To-BGP term T3-STATIC action set-origin igp
set devices template JAPAN-BLR-PS-IS-LIB config routing-instances routing-instance LAN1-VRF policy-options redistribution-policy Default-Policy-To-BGP term T3-STATIC action set-local-preference 110
set devices template JAPAN-BLR-PS-IS-LIB config routing-instances routing-instance LAN2-VRF vrf-import-target target:1371L:13712
set devices template JAPAN-BLR-PS-IS-LIB config routing-instances routing-instance LAN2-VRF policy-options redistribution-policy Default-Policy-To-BGP term T3-STATIC match protocol static
set devices template JAPAN-BLR-PS-IS-LIB config routing-instances routing-instance LAN2-VRF policy-options redistribution-policy Default-Policy-To-BGP term T3-STATIC action filter accept
set devices template JAPAN-BLR-PS-IS-LIB config routing-instances routing-instance LAN2-VRF policy-options redistribution-policy Default-Policy-To-BGP term T3-STATIC action set-origin igp
set devices template JAPAN-BLR-PS-IS-LIB config routing-instances routing-instance LAN2-VRF policy-options redistribution-policy Default-Policy-To-BGP term T3-STATIC action set-local-preference 110
set devices template JAPAN-BLR-PS-IS-LIB config routing-instances routing-instance LAN3-VRF vrf-import-target target:1372L:13722
set devices template JAPAN-BLR-PS-IS-LIB config routing-instances routing-instance LAN3-VRF policy-options redistribution-policy Default-Policy-To-BGP term T3-STATIC match protocol static
set devices template JAPAN-BLR-PS-IS-LIB config routing-instances routing-instance LAN3-VRF policy-options redistribution-policy Default-Policy-To-BGP term T3-STATIC action filter accept
set devices template JAPAN-BLR-PS-IS-LIB config routing-instances routing-instance LAN3-VRF policy-options redistribution-policy Default-Policy-To-BGP term T3-STATIC action set-origin igp
set devices template JAPAN-BLR-PS-IS-LIB config routing-instances routing-instance LAN3-VRF policy-options redistribution-policy Default-Policy-To-BGP term T3-STATIC action set-local-preference 110
set devices template JAPAN-BLR-PS-IS-LIB config routing-instances routing-instance LAN4-VRF vrf-import-target target:1373L:13732
set devices template JAPAN-BLR-PS-IS-LIB config routing-instances routing-instance LAN4-VRF policy-options redistribution-policy Default-Policy-To-BGP term T3-STATIC match protocol static
set devices template JAPAN-BLR-PS-IS-LIB config routing-instances routing-instance LAN4-VRF policy-options redistribution-policy Default-Policy-To-BGP term T3-STATIC action filter accept
set devices template JAPAN-BLR-PS-IS-LIB config routing-instances routing-instance LAN4-VRF policy-options redistribution-policy Default-Policy-To-BGP term T3-STATIC action set-origin igp
set devices template JAPAN-BLR-PS-IS-LIB config routing-instances routing-instance LAN4-VRF policy-options redistribution-policy Default-Policy-To-BGP term T3-STATIC action set-local-preference 110
set devices template JAPAN-BLR-PS-IS-LIB config routing-instances routing-instance LAN5-VRF vrf-import-target target:1374L:13742
set devices template JAPAN-BLR-PS-IS-LIB config routing-instances routing-instance LAN5-VRF policy-options redistribution-policy Default-Policy-To-BGP term T3-STATIC match protocol static
set devices template JAPAN-BLR-PS-IS-LIB config routing-instances routing-instance LAN5-VRF policy-options redistribution-policy Default-Policy-To-BGP term T3-STATIC action filter accept
set devices template JAPAN-BLR-PS-IS-LIB config routing-instances routing-instance LAN5-VRF policy-options redistribution-policy Default-Policy-To-BGP term T3-STATIC action set-origin igp
set devices template JAPAN-BLR-PS-IS-LIB config routing-instances routing-instance LAN5-VRF policy-options redistribution-policy Default-Policy-To-BGP term T3-STATIC action set-local-preference 110
set devices template JAPAN-BLR-PS-IS-LIB config snmp usm local user coltuser auth sha password Colt1234

set devices template JAPAN-BLR-PS-IS-LIB config system time-zone Greenwich
set devices template JAPAN-BLR-PS-IS-LIB config confdConfig cli banner "Access to this network/system is limited to users authorised by Colt for its legitimate business purposes. Unauthorised access, use, installation of files or modification of any data is prohibited. Use of this system/network will be audited"
set devices template JAPAN-BLR-PS-IS-LIB config system users portal login shell role admin password yA:D#{}Vn9JE-?Qa
set devices template JAPAN-BLR-PS-IS-LIB config system users portal ssh-public-key portal contents "ssh-rsa AAAAB3NzaC1yc2EAAAADAQABAAABAQDo+WWU8BDyqZCYadUGElffuy1pkOo4nrg/yfOqV84G+ukVGf+SF48h+543zMxMmKTauHEqmSp+74IbSpN9buBom/BFpBTm3c66BErMmLNariqvfItG7CO9UBPqoXpUBAXnF/muohwe145jEyRRI4Lof2wK6F6qYjzTQHK+zp5IpV6D+VurfQ6fIQB2oUIj9c8OG3Zfyp33l9utdLCzR7Uo4OGt9GidMrO2mXSBWXb+L5o6MAiOB4EhKvVyG9O8+So7zHEcUI65bq3JWzLzM7w705ySVwitEeqCx2wS7v/2KNuHmI8kSQVOuXQ539V3PJThvlVPY7ABmrY5+4MZT+Fv novitas@colt.net"
2019-03-12 16:28:49,384 - CPE12-INT - INFO - configure
Entering configuration mode private
[ok][2019-03-12 10:57:54]

[edit]
Administrator@Versa-Dir-BLR-1% set devices template JAPAN-BLR-PS-IS-LIB config interfaces vni vni-0/2 description "INT-WAN"
[ok][2019-03-12 10:57:55]

[edit]
Administrator@Versa-Dir-BLR-1% 

[edit]
Administrator@Versa-Dir-BLR-1% set devices template JAPAN-BLR-PS-IS-LIB config system vnf-manager ip-addresses [ 10.91.116.67/32 10.91.116.68/32 ]
[ok][2019-03-12 10:57:55]

[edit]
Administrator@Versa-Dir-BLR-1% delete devices template JAPAN-BLR-PS-IS-LIB config routing-instances routing-instance INT-WAN-Transport-VR routing-options static  route rti-static-route-list 0.0.0.0/0 "{$v_INT-WAN-Transport-VR_IPv4__vrHopAddress}"[1A[34C{$v_INT-WAN-Transport-VR_IPv4__vrHopAddress}  [1Dnone icmp
Error: element not found
[error][2019-03-12 10:57:56]

[edit]
Administrator@Versa-Dir-BLR-1% set devices template JAPAN-BLR-PS-IS-LIB config routing-instances routing-instance JAPAN-Control-VR protocols bgp bgp 125 hold-time 90
[ok][2019-03-12 10:57:56]

[edit]
Administrator@Versa-Dir-BLR-1% set devices template JAPAN-BLR-PS-IS-LIB config routing-instances routing-instance JAPAN-Control-VR protocols bgp bgp 125 graceful-restart enable
[ok][2019-03-12 10:57:56]

[edit]
Administrator@Versa-Dir-BLR-1% set devices template JAPAN-BLR-PS-IS-LIB config routing-instances routing-instance JAPAN-Control-VR protocols bgp bgp 125 graceful-restart maximum-restart-time 15
[ok][2019-03-12 10:57:57]

[edit]
Administrator@Versa-Dir-BLR-1% set devices template JAPAN-BLR-PS-IS-LIB config routing-instances routing-instance JAPAN-Control-VR protocols bgp bgp 125 graceful-restart recovery-time 15
[ok][2019-03-12 10:57:57]

[edit]
Administrator@Versa-Dir-BLR-1% set devices template JAPAN-BLR-PS-IS-LIB config routing-instances routing-instance JAPAN-Control-VR protocols bgp bgp 125 graceful-restart select-defer-time 15
[ok][2019-03-12 10:57:57]

[edit]
Administrator@Versa-Dir-BLR-1% set devices template JAPAN-BLR-PS-IS-LIB config routing-instances routing-instance JAPAN-Control-VR protocols bgp bgp 125 graceful-restart stalepath-time 15
[ok][2019-03-12 10:57:57]

[edit]
Administrator@Versa-Dir-BLR-1% set devices template JAPAN-BLR-PS-IS-LIB config routing-instances routing-instance JAPAN-Control-VR protocols bgp bgp 125 graceful-restart dynamic-peer-restart-time 0
[ok][2019-03-12 10:57:58]

[edit]
Administrator@Versa-Dir-BLR-1% 

[edit]
Administrator@Versa-Dir-BLR-1% set devices template JAPAN-BLR-PS-IS-LIB config routing-instances routing-instance JAPAN-Control-VR protocols bgp bgp 125 routing-peer-policy Import-From-SDWAN-Policy term 1GW1 match family inet-vpn
[ok][2019-03-12 10:57:58]

[edit]
Administrator@Versa-Dir-BLR-1% set devices template JAPAN-BLR-PS-IS-LIB config routing-instances routing-instance JAPAN-Control-VR protocols bgp bgp 125 routing-peer-policy Import-From-SDWAN-Policy term 1GW1 match community "(^|,)([0-9]*:11)($|,)"
[ok][2019-03-12 10:57:59]

[edit]
Administrator@Versa-Dir-BLR-1% set devices template JAPAN-BLR-PS-IS-LIB config routing-instances routing-instance JAPAN-Control-VR protocols bgp bgp 125 routing-peer-policy Import-From-SDWAN-Policy term 1GW1 action filter accept
[ok][2019-03-12 10:57:59]

[edit]
Administrator@Versa-Dir-BLR-1% set devices template JAPAN-BLR-PS-IS-LIB config routing-instances routing-instance JAPAN-Control-VR protocols bgp bgp 125 routing-peer-policy Import-From-SDWAN-Policy term 1GW1 action community 8009:8009
[ok][2019-03-12 10:58:00]

[edit]
Administrator@Versa-Dir-BLR-1% set devices template JAPAN-BLR-PS-IS-LIB config routing-instances routing-instance JAPAN-Control-VR protocols bgp bgp 125 routing-peer-policy Import-From-SDWAN-Policy term 1GW1 action community-action set-specific
[ok][2019-03-12 10:58:00]

[edit]
Administrator@Versa-Dir-BLR-1% set devices template JAPAN-BLR-PS-IS-LIB config routing-instances routing-instance JAPAN-Control-VR protocols bgp bgp 125 routing-peer-policy Import-From-SDWAN-Policy term 1GW1 action set-local-preference 80
[ok][2019-03-12 10:58:01]

[edit]
Administrator@Versa-Dir-BLR-1% set devices template JAPAN-BLR-PS-IS-LIB config routing-instances routing-instance JAPAN-Control-VR protocols bgp bgp 125 routing-peer-policy Import-From-SDWAN-Policy term 2GW2 match family inet-vpn
[ok][2019-03-12 10:58:02]

[edit]
Administrator@Versa-Dir-BLR-1% set devices template JAPAN-BLR-PS-IS-LIB config routing-instances routing-instance JAPAN-Control-VR protocols bgp bgp 125 routing-peer-policy Import-From-SDWAN-Policy term 2GW2 match community "(^|,)([0-9]*:12)($|,)"
[ok][2019-03-12 10:58:02]

[edit]
Administrator@Versa-Dir-BLR-1% set devices template JAPAN-BLR-PS-IS-LIB config routing-instances routing-instance JAPAN-Control-VR protocols bgp bgp 125 routing-peer-policy Import-From-SDWAN-Policy term 2GW2 action filter accept
[ok][2019-03-12 10:58:02]

[edit]
Administrator@Versa-Dir-BLR-1% set devices template JAPAN-BLR-PS-IS-LIB config routing-instances routing-instance JAPAN-Control-VR protocols bgp bgp 125 routing-peer-policy Import-From-SDWAN-Policy term 2GW2 action community 8009:8009
[ok][2019-03-12 10:58:03]

[edit]
Administrator@Versa-Dir-BLR-1% set devices template JAPAN-BLR-PS-IS-LIB config routing-instances routing-instance JAPAN-Control-VR protocols bgp bgp 125 routing-peer-policy Import-From-SDWAN-Policy term 2GW2 action community-action set-specific
[ok][2019-03-12 10:58:03]

[edit]
Administrator@Versa-Dir-BLR-1% set devices template JAPAN-BLR-PS-IS-LIB config routing-instances routing-instance JAPAN-Control-VR protocols bgp bgp 125 routing-peer-policy Import-From-SDWAN-Policy term 2GW2 action set-local-preference 60
[ok][2019-03-12 10:58:04]

[edit]
Administrator@Versa-Dir-BLR-1% move devices template JAPAN-BLR-PS-IS-LIB config  routing-instances routing-instance JAPAN-Control-VR protocols bgp bgp 125 routing-peer-policy Import-From-SDWAN-Policy term 2GW2 first
[ok][2019-03-12 10:58:05]

[edit]
Administrator@Versa-Dir-BLR-1% move devices template JAPAN-BLR-PS-IS-LIB config  routing-instances routing-instance JAPAN-Control-VR protocols bgp bgp 125 routing-peer-policy Import-From-SDWAN-Policy term 1GW1 first
[ok][2019-03-12 10:58:05]

[edit]
Administrator@Versa-Dir-BLR-1% 

[edit]
Administrator@Versa-Dir-BLR-1% set devices template JAPAN-BLR-PS-IS-LIB config routing-instances routing-instance JAPAN-Control-VR protocols bgp bgp 125 routing-peer-policy TO_SDWAN term Wildcard match family inet-vpn
[ok][2019-03-12 10:58:06]

[edit]
Administrator@Versa-Dir-BLR-1% set devices template JAPAN-BLR-PS-IS-LIB config routing-instances routing-instance JAPAN-Control-VR protocols bgp bgp 125 routing-peer-policy TO_SDWAN term Wildcard action filter accept
[ok][2019-03-12 10:58:06]

[edit]
Administrator@Versa-Dir-BLR-1% set devices template JAPAN-BLR-PS-IS-LIB config routing-instances routing-instance JAPAN-Control-VR protocols bgp bgp 125 routing-peer-policy TO_SDWAN term Wildcard action community 91:10
[ok][2019-03-12 10:58:07]

[edit]
Administrator@Versa-Dir-BLR-1% set devices template JAPAN-BLR-PS-IS-LIB config routing-instances routing-instance JAPAN-Control-VR protocols bgp bgp 125 routing-peer-policy TO_SDWAN term Wildcard action community-action set-specific
[ok][2019-03-12 10:58:07]

[edit]
Administrator@Versa-Dir-BLR-1% set devices template JAPAN-BLR-PS-IS-LIB config routing-instances routing-instance JAPAN-Control-VR protocols bgp bgp 125 routing-peer-policy TO_SDWAN term VersaPvt-Wildcard match family versa-private
[ok][2019-03-12 10:58:07]

[edit]
Administrator@Versa-Dir-BLR-1% set devices template JAPAN-BLR-PS-IS-LIB config routing-instances routing-instance JAPAN-Control-VR protocols bgp bgp 125 routing-peer-policy TO_SDWAN term VersaPvt-Wildcard action filter accept
[ok][2019-03-12 10:58:08]

[edit]
Administrator@Versa-Dir-BLR-1% set devices template JAPAN-BLR-PS-IS-LIB config routing-instances routing-instance JAPAN-Control-VR protocols bgp bgp 125 routing-peer-policy TO_SDWAN term VersaPvt-Wildcard action community 91:10
[ok][2019-03-12 10:58:08]

[edit]
Administrator@Versa-Dir-BLR-1% set devices template JAPAN-BLR-PS-IS-LIB config routing-instances routing-instance JAPAN-Control-VR protocols bgp bgp 125 routing-peer-policy TO_SDWAN term VersaPvt-Wildcard action community-action set-specific
[ok][2019-03-12 10:58:09]

[edit]
Administrator@Versa-Dir-BLR-1% set devices template JAPAN-BLR-PS-IS-LIB config routing-instances routing-instance JAPAN-Control-VR protocols bgp bgp 125 group Controllers-Group family inet unicast
[ok][2019-03-12 10:58:09]

[edit]
Administrator@Versa-Dir-BLR-1% set devices template JAPAN-BLR-PS-IS-LIB config routing-instances routing-instance JAPAN-Control-VR protocols bgp bgp 125 group Controllers-Group export TO_SDWAN
[ok][2019-03-12 10:58:10]

[edit]
Administrator@Versa-Dir-BLR-1% 

[edit]
Administrator@Versa-Dir-BLR-1% set devices template JAPAN-BLR-PS-IS-LIB config orgs org JAPAN sd-wan site wan-interfaces vni <INT_WAN_INTF }}.0 sla-monitoring fc fc_nc interval 10
-------------------------------------------------------------------------------------------------------------------------------------------^
syntax error: element does not exist
[error][2019-03-12 10:58:10]

[edit]
Administrator@Versa-Dir-BLR-1% set devices template JAPAN-BLR-PS-IS-LIB config orgs org JAPAN sd-wan site wan-interfaces vni <INT_WAN_INTF }}.0 sla-monitoring fc fc_nc logging-interval 30
-------------------------------------------------------------------------------------------------------------------------------------------^
syntax error: element does not exist
[error][2019-03-12 10:58:11]

[edit]
Administrator@Versa-Dir-BLR-1% set devices template JAPAN-BLR-PS-IS-LIB config orgs org JAPAN sd-wan site wan-interfaces vni <INT_WAN_INTF }}.0 sla-monitoring fc fc_nc send-to controller
-------------------------------------------------------------------------------------------------------------------------------------------^
syntax error: element does not exist
[error][2019-03-12 10:58:11]

[edit]
Administrator@Versa-Dir-BLR-1% set devices template JAPAN-BLR-PS-IS-LIB config orgs org JAPAN sd-wan site wan-interfaces vni <INT_WAN_INTF }}.0 sla-monitoring fc fc_be interval 10
-------------------------------------------------------------------------------------------------------------------------------------------^
syntax error: element does not exist
[error][2019-03-12 10:58:12]

[edit]
Administrator@Versa-Dir-BLR-1% set devices template JAPAN-BLR-PS-IS-LIB config orgs org JAPAN sd-wan site wan-interfaces vni <INT_WAN_INTF }}.0 sla-monitoring fc fc_be logging-interval 30
-------------------------------------------------------------------------------------------------------------------------------------------^
syntax error: element does not exist
[error][2019-03-12 10:58:12]

[edit]
Administrator@Versa-Dir-BLR-1% set devices template JAPAN-BLR-PS-IS-LIB config orgs org JAPAN sd-wan site wan-interfaces vni <INT_WAN_INTF }}.0 sla-monitoring fc fc_be send-to branches
-------------------------------------------------------------------------------------------------------------------------------------------^
syntax error: element does not exist
[error][2019-03-12 10:58:12]

[edit]
Administrator@Versa-Dir-BLR-1% set devices template JAPAN-BLR-PS-IS-LIB config orgs org JAPAN sd-wan site wan-interfaces vni <INT_WAN_INTF }}.0 management-traffic priority 0
-------------------------------------------------------------------------------------------------------------------------------------------^
syntax error: element does not exist
[error][2019-03-12 10:58:13]

[edit]
Administrator@Versa-Dir-BLR-1% 

[edit]
Administrator@Versa-Dir-BLR-1% set devices template JAPAN-BLR-PS-IS-LIB config orgs org-services JAPAN class-of-service qos-policies qos-policy-group Default-Policy rules qos-policy IPSEC_IN match source zone zone-list [ Intf-INT-WAN-Zone ] 
[ok][2019-03-12 10:58:13]

[edit]
Administrator@Versa-Dir-BLR-1% set devices template JAPAN-BLR-PS-IS-LIB config orgs org-services JAPAN class-of-service qos-policies qos-policy-group Default-Policy rules qos-policy IPSEC_IN match services predefined-services-list [ ESP ICMP ]
[ok][2019-03-12 10:58:14]

[edit]
Administrator@Versa-Dir-BLR-1% set devices template JAPAN-BLR-PS-IS-LIB config orgs org-services JAPAN class-of-service qos-policies qos-policy-group Default-Policy rules qos-policy IPSEC_IN match services services-list [ IPSEC IPSecAH ]
[ok][2019-03-12 10:58:14]

[edit]
Administrator@Versa-Dir-BLR-1% set devices template JAPAN-BLR-PS-IS-LIB config orgs org-services JAPAN class-of-service qos-policies qos-policy-group Default-Policy rules qos-policy IPSEC_IN set action allow
[ok][2019-03-12 10:58:14]

[edit]
Administrator@Versa-Dir-BLR-1% set devices template JAPAN-BLR-PS-IS-LIB config orgs org-services JAPAN class-of-service qos-policies qos-policy-group Default-Policy rules qos-policy IPSEC_OUT match destination zone zone-list [ Intf-INT-WAN-Zone ]
[ok][2019-03-12 10:58:15]

[edit]
Administrator@Versa-Dir-BLR-1% set devices template JAPAN-BLR-PS-IS-LIB config orgs org-services JAPAN class-of-service qos-policies qos-policy-group Default-Policy rules qos-policy IPSEC_OUT match services predefined-services-list [ ESP ICMP ]
[ok][2019-03-12 10:58:16]

[edit]
Administrator@Versa-Dir-BLR-1% set devices template JAPAN-BLR-PS-IS-LIB config orgs org-services JAPAN class-of-service qos-policies qos-policy-group Default-Policy rules qos-policy IPSEC_OUT match services services-list [ IPSEC IPSIPSecAH  ]
[ok][2019-03-12 10:58:16]

[edit]
Administrator@Versa-Dir-BLR-1% set devices template JAPAN-BLR-PS-IS-LIB config orgs org-services JAPAN class-of-service qos-policies qos-policy-group Default-Policy rules qos-policy IPSEC_OUT set action allow
[ok][2019-03-12 10:58:17]

[edit]
Administrator@Versa-Dir-BLR-1% set devices template JAPAN-BLR-PS-IS-LIB config orgs org-services JAPAN class-of-service qos-policies qos-policy-group Default-Policy rules qos-policy ARP_IN match source zone zone-list [ Intf-INT-WAN-Zone ]
[ok][2019-03-12 10:58:17]

[edit]
Administrator@Versa-Dir-BLR-1% set devices template JAPAN-BLR-PS-IS-LIB config orgs org-services JAPAN class-of-service qos-policies qos-policy-group Default-Policy rules qos-policy ARP_IN match ether-type ARP
[ok][2019-03-12 10:58:17]

[edit]
Administrator@Versa-Dir-BLR-1% set devices template JAPAN-BLR-PS-IS-LIB config orgs org-services JAPAN class-of-service qos-policies qos-policy-group Default-Policy rules qos-policy ARP_IN set action allow
[ok][2019-03-12 10:58:18]

[edit]
Administrator@Versa-Dir-BLR-1% set devices template JAPAN-BLR-PS-IS-LIB config orgs org-services JAPAN class-of-service qos-policies qos-policy-group Default-Policy rules qos-policy ARP_OUT match destination zone zone-list [ Intf-INT-WAN-Zone ]
[ok][2019-03-12 10:58:18]

[edit]
Administrator@Versa-Dir-BLR-1% set devices template JAPAN-BLR-PS-IS-LIB config orgs org-services JAPAN class-of-service qos-policies qos-policy-group Default-Policy rules qos-policy ARP_OUT match ether-type ARP
[ok][2019-03-12 10:58:19]

[edit]
Administrator@Versa-Dir-BLR-1% set devices template JAPAN-BLR-PS-IS-LIB config orgs org-services JAPAN class-of-service qos-policies qos-policy-group Default-Policy rules qos-policy ARP_OUT set action allow
[ok][2019-03-12 10:58:19]

[edit]
Administrator@Versa-Dir-BLR-1% set devices template JAPAN-BLR-PS-IS-LIB config orgs org-services JAPAN class-of-service qos-policies qos-policy-group Default-Policy rules qos-policy DHCP_IN match source zone zone-list [ Intf-INT-WAN-Zone ]
[ok][2019-03-12 10:58:19]

[edit]
Administrator@Versa-Dir-BLR-1% set devices template JAPAN-BLR-PS-IS-LIB config orgs org-services JAPAN class-of-service qos-policies qos-policy-group Default-Policy rules qos-policy DHCP_IN match services services-list [ DHCP-67 DHCP-68 ]
[ok][2019-03-12 10:58:20]

[edit]
Administrator@Versa-Dir-BLR-1% set devices template JAPAN-BLR-PS-IS-LIB config orgs org-services JAPAN class-of-service qos-policies qos-policy-group Default-Policy rules qos-policy DHCP_IN set action allow
[ok][2019-03-12 10:58:20]

[edit]
Administrator@Versa-Dir-BLR-1% set devices template JAPAN-BLR-PS-IS-LIB config orgs org-services JAPAN class-of-service qos-policies qos-policy-group Default-Policy rules qos-policy DHCP_OUT match destination zone zone-list [ Intf-INT-WAN-Zone ]
[ok][2019-03-12 10:58:21]

[edit]
Administrator@Versa-Dir-BLR-1% set devices template JAPAN-BLR-PS-IS-LIB config orgs org-services JAPAN class-of-service qos-policies qos-policy-group Default-Policy rules qos-policy DHCP_OUT match services services-list [ DHCP-67 DHCP-68 ]
[ok][2019-03-12 10:58:21]

[edit]
Administrator@Versa-Dir-BLR-1% set devices template JAPAN-BLR-PS-IS-LIB config orgs org-services JAPAN class-of-service qos-policies qos-policy-group Default-Policy rules qos-policy DHCP_OUT set action allow
[ok][2019-03-12 10:58:22]

[edit]
Administrator@Versa-Dir-BLR-1% 

[edit]
Administrator@Versa-Dir-BLR-1% set devices template JAPAN-BLR-PS-IS-LIB config orgs org-services JAPAN class-of-service qos-policies qos-policy-group Default-Policy rules qos-policy INT_OUT match source zone zone-list [ Intf-LAN1-Zone Intf-LAN2-Zone Intf-LAN3-Zone Intf-LAN4-Zone Intf-LAN5-Zone W-ST-LAN1-VRF-INT-WAN W-ST-LAN2-VRF-INT-WAN W-ST-LAN3-VRF-INT-WAN W-ST-LAN4-VRF-INT-WAN W-ST-LAN5-VRF-INT-WAN ]
[ok][2019-03-12 10:58:22]

[edit]
Administrator@Versa-Dir-BLR-1% set devices template JAPAN-BLR-PS-IS-LIB config orgs org-services JAPAN class-of-service qos-policies qos-policy-group Default-Policy rules qos-policy INT_OUT match destination zone zone-list [ Intf-INT-WAN-Zone L-ST-LAN1-VRF-INT-WAN L-ST-LAN2-VRF-INT-WAN L-ST-LAN3-VRF-INT-WAN L-ST-LAN4-VRF-INT-WAN L-ST-LAN5-VRF-INT-WAN ]
[ok][2019-03-12 10:58:23]

[edit]
Administrator@Versa-Dir-BLR-1% set devices template JAPAN-BLR-PS-IS-LIB config orgs org-services JAPAN class-of-service qos-policies qos-policy-group Default-Policy rules qos-policy INT_OUT set action allow
[ok][2019-03-12 10:58:24]

[edit]
Administrator@Versa-Dir-BLR-1% set devices template JAPAN-BLR-PS-IS-LIB config orgs org-services JAPAN class-of-service qos-policies qos-policy-group Default-Policy rules qos-policy INT_IN match source zone zone-list [ Intf-INT-WAN-Zone L-ST-LAN1-VRF-INT-WAN L-ST-LAN2-VRF-INT-WAN L-ST-LAN3-VRF-INT-WAN L-ST-LAN4-VRF-INT-WAN L-ST-LAN5-VRF-INT-WAN ]
[ok][2019-03-12 10:58:24]

[edit]
Administrator@Versa-Dir-BLR-1% set devices template JAPAN-BLR-PS-IS-LIB config orgs org-services JAPAN class-of-service qos-policies qos-policy-group Default-Policy rules qos-policy INT_IN set action allow
[ok][2019-03-12 10:58:25]

[edit]
Administrator@Versa-Dir-BLR-1% 

[edit]
Administrator@Versa-Dir-BLR-1% 

[edit]
Administrator@Versa-Dir-BLR-1% 

[edit]
Administrator@Versa-Dir-BLR-1% set devices template JAPAN-BLR-PS-IS-LIB config orgs org-services JAPAN class-of-service qos-policies qos-policy-group Default-Policy rules qos-policy WAN_IN match source zone zone-list [ Intf-INT-WAN-Zone ]
[ok][2019-03-12 10:58:25]

[edit]
Administrator@Versa-Dir-BLR-1% set devices template JAPAN-BLR-PS-IS-LIB config orgs org-services JAPAN class-of-service qos-policies qos-policy-group Default-Policy rules qos-policy WAN_IN set action deny
[ok][2019-03-12 10:58:25]

[edit]
Administrator@Versa-Dir-BLR-1% set devices template JAPAN-BLR-PS-IS-LIB config orgs org-services JAPAN class-of-service qos-policies qos-policy-group Default-Policy rules qos-policy WAN_OUT match destination zone zone-list [ Intf-INT-WAN-Zone ]
[ok][2019-03-12 10:58:26]

[edit]
Administrator@Versa-Dir-BLR-1% set devices template JAPAN-BLR-PS-IS-LIB config orgs org-services JAPAN class-of-service qos-policies qos-policy-group Default-Policy rules qos-policy WAN_OUT set action deny
[ok][2019-03-12 10:58:26]

[edit]
Administrator@Versa-Dir-BLR-1% 

[edit]
Administrator@Versa-Dir-BLR-1% delete devices template JAPAN-BLR-PS-IS-LIB config orgs org-services JAPAN cgnat rules rule RFC_1918_NoTranslate
[ok][2019-03-12 10:58:27]

[edit]
Administrator@Versa-Dir-BLR-1% delete devices template JAPAN-BLR-PS-IS-LIB config orgs org-services JAPAN cgnat rules rule DIA-Rule-LAN5-VRF-INT-WAN from
[ok][2019-03-12 10:58:27]

[edit]
Administrator@Versa-Dir-BLR-1% set devices template JAPAN-BLR-PS-IS-LIB config orgs org-services JAPAN cgnat rules rule DIA-Rule-LAN5-VRF-INT-WAN match source-zone [ W-ST-LAN5-VRF-INT-WAN ]
[ok][2019-03-12 10:58:28]

[edit]
Administrator@Versa-Dir-BLR-1% set devices template JAPAN-BLR-PS-IS-LIB config orgs org-services JAPAN cgnat rules rule DIA-Rule-LAN5-VRF-INT-WAN match destination-zone [ Intf-INT-WAN-Zone ]
[ok][2019-03-12 10:58:28]

[edit]
Administrator@Versa-Dir-BLR-1% 

[edit]
Administrator@Versa-Dir-BLR-1% 

[edit]
Administrator@Versa-Dir-BLR-1% delete devices template JAPAN-BLR-PS-IS-LIB config orgs org-services JAPAN sd-wan policies sdwan-policy-group Default-Policy rules rule Default-Rule
[ok][2019-03-12 10:58:28]

[edit]
Administrator@Versa-Dir-BLR-1% set devices template JAPAN-BLR-PS-IS-LIB config orgs org-services JAPAN sd-wan forwarding-profiles forwarding-profile DEFAULT-TRAFFIC-PROFILE circuit-priorities priority 1 circuit-names local [ INT-WAN ]
[ok][2019-03-12 10:58:29]

[edit]
Administrator@Versa-Dir-BLR-1% set devices template JAPAN-BLR-PS-IS-LIB config orgs org-services JAPAN sd-wan forwarding-profiles forwarding-profile DEFAULT-TRAFFIC-PROFILE circuit-priorities priority 1 circuit-names remote [ INT-WAN INT-WAN1 INT-WAN2 ]
[ok][2019-03-12 10:58:30]

[edit]
Administrator@Versa-Dir-BLR-1% set devices template JAPAN-BLR-PS-IS-LIB config orgs org-services JAPAN sd-wan forwarding-profiles forwarding-profile DEFAULT-TRAFFIC-PROFILE circuit-priorities priority 2 circuit-names local [ INT-WAN ]
[ok][2019-03-12 10:58:30]

[edit]
Administrator@Versa-Dir-BLR-1% set devices template JAPAN-BLR-PS-IS-LIB config orgs org-services JAPAN sd-wan forwarding-profiles forwarding-profile DEFAULT-TRAFFIC-PROFILE circuit-priorities priority 2 circuit-names remote [ LTE-WAN ]
[ok][2019-03-12 10:58:31]

[edit]
Administrator@Versa-Dir-BLR-1% set devices template JAPAN-BLR-PS-IS-LIB config orgs org-services JAPAN sd-wan forwarding-profiles forwarding-profile DEFAULT-TRAFFIC-PROFILE connection-selection-method weighted-round-robin
[ok][2019-03-12 10:58:31]

[edit]
Administrator@Versa-Dir-BLR-1% set devices template JAPAN-BLR-PS-IS-LIB config orgs org-services JAPAN sd-wan forwarding-profiles forwarding-profile DEFAULT-TRAFFIC-PROFILE recompute-timer 40
[ok][2019-03-12 10:58:31]

[edit]
Administrator@Versa-Dir-BLR-1% set devices template JAPAN-BLR-PS-IS-LIB config orgs org-services JAPAN sd-wan forwarding-profiles forwarding-profile DEFAULT-TRAFFIC-PROFILE encryption optional
[ok][2019-03-12 10:58:32]

[edit]
Administrator@Versa-Dir-BLR-1% set devices template JAPAN-BLR-PS-IS-LIB config orgs org-services JAPAN sd-wan forwarding-profiles forwarding-profile DEFAULT-TRAFFIC-PROFILE symmetric-forwarding enable
[ok][2019-03-12 10:58:32]

[edit]
Administrator@Versa-Dir-BLR-1% set devices template JAPAN-BLR-PS-IS-LIB config orgs org-services JAPAN sd-wan policies sdwan-policy-group Default-Policy rules rule DEFAULT-TRAFFIC-RULE description DEFAULT-TRAFFIC-RULE
[ok][2019-03-12 10:58:32]

[edit]
Administrator@Versa-Dir-BLR-1% set devices template JAPAN-BLR-PS-IS-LIB config orgs org-services JAPAN sd-wan policies sdwan-policy-group Default-Policy rules rule DEFAULT-TRAFFIC-RULE set action allow
[ok][2019-03-12 10:58:33]

[edit]
Administrator@Versa-Dir-BLR-1% set devices template JAPAN-BLR-PS-IS-LIB config orgs org-services JAPAN sd-wan policies sdwan-policy-group Default-Policy rules rule DEFAULT-TRAFFIC-RULE set forwarding-profile DEFAULT-TRAFFIC-PROFILE
[ok][2019-03-12 10:58:33]

[edit]
Administrator@Versa-Dir-BLR-1% set devices template JAPAN-BLR-PS-IS-LIB config orgs org-services JAPAN objects services service IPSEC protocol UDP
[ok][2019-03-12 10:58:34]

[edit]
Administrator@Versa-Dir-BLR-1% set devices template JAPAN-BLR-PS-IS-LIB config orgs org-services JAPAN objects services service IPSEC destination-port 4790,4500,500
[ok][2019-03-12 10:58:34]

[edit]
Administrator@Versa-Dir-BLR-1% set devices template JAPAN-BLR-PS-IS-LIB config orgs org-services JAPAN objects services service IPSecAH protocol AH
[ok][2019-03-12 10:58:34]

[edit]
Administrator@Versa-Dir-BLR-1% set devices template JAPAN-BLR-PS-IS-LIB config orgs org-services JAPAN objects services service IPSIPSecAH protocol AH
[ok][2019-03-12 10:58:35]

[edit]
Administrator@Versa-Dir-BLR-1% set devices template JAPAN-BLR-PS-IS-LIB config orgs org-services JAPAN objects services service DHCP-67 protocol UDP
[ok][2019-03-12 10:58:35]

[edit]
Administrator@Versa-Dir-BLR-1% set devices template JAPAN-BLR-PS-IS-LIB config orgs org-services JAPAN objects services service DHCP-67 port 67
[ok][2019-03-12 10:58:35]

[edit]
Administrator@Versa-Dir-BLR-1% set devices template JAPAN-BLR-PS-IS-LIB config orgs org-services JAPAN objects services service DHCP-68 protocol UDP
[ok][2019-03-12 10:58:36]

[edit]
Administrator@Versa-Dir-BLR-1% set devices template JAPAN-BLR-PS-IS-LIB config orgs org-services JAPAN objects services service DHCP-68 port 68
[ok][2019-03-12 10:58:36]

[edit]
Administrator@Versa-Dir-BLR-1% 

[edit]
Administrator@Versa-Dir-BLR-1% delete devices template JAPAN-BLR-PS-IS-LIB config routing-instances routing-instance JAPAN-Control-VR routing-options static route
[ok][2019-03-12 10:58:36]

[edit]
Administrator@Versa-Dir-BLR-1% delete devices template JAPAN-BLR-PS-IS-LIB config orgs org-services JAPAN security access-policies access-policy-group Default-Policy
[ok][2019-03-12 10:58:37]

[edit]
Administrator@Versa-Dir-BLR-1% 

[edit]
Administrator@Versa-Dir-BLR-1% set devices template JAPAN-BLR-PS-IS-LIB config routing-instances routing-instance LAN1-VRF vrf-import-target target:1370L:13702
[ok][2019-03-12 10:58:37]

[edit]
Administrator@Versa-Dir-BLR-1% set devices template JAPAN-BLR-PS-IS-LIB config routing-instances routing-instance LAN1-VRF policy-options redistribution-policy  Default-Policy-To-BGP term T3-STATIC match protocol static
[ok][2019-03-12 10:58:37]

[edit]
Administrator@Versa-Dir-BLR-1% set devices template JAPAN-BLR-PS-IS-LIB config routing-instances routing-instance LAN1-VRF policy-options redistribution-policy  Default-Policy-To-BGP term T3-STATIC action filter accept
[ok][2019-03-12 10:58:38]

[edit]
Administrator@Versa-Dir-BLR-1% set devices template JAPAN-BLR-PS-IS-LIB config routing-instances routing-instance LAN1-VRF policy-options redistribution-policy  Default-Policy-To-BGP term T3-STATIC action set-origin igp
[ok][2019-03-12 10:58:38]

[edit]
Administrator@Versa-Dir-BLR-1% set devices template JAPAN-BLR-PS-IS-LIB config routing-instances routing-instance LAN1-VRF policy-options redistribution-policy  Default-Policy-To-BGP term T3-STATIC action set-local-preference 110
[ok][2019-03-12 10:58:38]

[edit]
Administrator@Versa-Dir-BLR-1% set devices template JAPAN-BLR-PS-IS-LIB config routing-instances routing-instance LAN2-VRF vrf-import-target target:1371L:13712
[ok][2019-03-12 10:58:38]

[edit]
Administrator@Versa-Dir-BLR-1% set devices template JAPAN-BLR-PS-IS-LIB config routing-instances routing-instance LAN2-VRF policy-options redistribution-policy  Default-Policy-To-BGP term T3-STATIC match protocol static
[ok][2019-03-12 10:58:39]

[edit]
Administrator@Versa-Dir-BLR-1% set devices template JAPAN-BLR-PS-IS-LIB config routing-instances routing-instance LAN2-VRF policy-options redistribution-policy  Default-Policy-To-BGP term T3-STATIC action filter accept
[ok][2019-03-12 10:58:39]

[edit]
Administrator@Versa-Dir-BLR-1% set devices template JAPAN-BLR-PS-IS-LIB config routing-instances routing-instance LAN2-VRF policy-options redistribution-policy  Default-Policy-To-BGP term T3-STATIC action set-origin igp
[ok][2019-03-12 10:58:40]

[edit]
Administrator@Versa-Dir-BLR-1% set devices template JAPAN-BLR-PS-IS-LIB config routing-instances routing-instance LAN2-VRF policy-options redistribution-policy  Default-Policy-To-BGP term T3-STATIC action set-local-preference 110
[ok][2019-03-12 10:58:40]

[edit]
Administrator@Versa-Dir-BLR-1% set devices template JAPAN-BLR-PS-IS-LIB config routing-instances routing-instance LAN3-VRF vrf-import-target target:1372L:13722
[ok][2019-03-12 10:58:40]

[edit]
Administrator@Versa-Dir-BLR-1% set devices template JAPAN-BLR-PS-IS-LIB config routing-instances routing-instance LAN3-VRF policy-options redistribution-policy  Default-Policy-To-BGP term T3-STATIC match protocol static
[ok][2019-03-12 10:58:41]

[edit]
Administrator@Versa-Dir-BLR-1% set devices template JAPAN-BLR-PS-IS-LIB config routing-instances routing-instance LAN3-VRF policy-options redistribution-policy  Default-Policy-To-BGP term T3-STATIC action filter accept
[ok][2019-03-12 10:58:41]

[edit]
Administrator@Versa-Dir-BLR-1% set devices template JAPAN-BLR-PS-IS-LIB config routing-instances routing-instance LAN3-VRF policy-options redistribution-policy  Default-Policy-To-BGP term T3-STATIC action set-origin igp
[ok][2019-03-12 10:58:41]

[edit]
Administrator@Versa-Dir-BLR-1% set devices template JAPAN-BLR-PS-IS-LIB config routing-instances routing-instance LAN3-VRF policy-options redistribution-policy  Default-Policy-To-BGP term T3-STATIC action set-local-preference 110
[ok][2019-03-12 10:58:42]

[edit]
Administrator@Versa-Dir-BLR-1% set devices template JAPAN-BLR-PS-IS-LIB config routing-instances routing-instance LAN4-VRF vrf-import-target target:1373L:13732
[ok][2019-03-12 10:58:42]

[edit]
Administrator@Versa-Dir-BLR-1% set devices template JAPAN-BLR-PS-IS-LIB config routing-instances routing-instance LAN4-VRF policy-options redistribution-policy  Default-Policy-To-BGP term T3-STATIC match protocol static
[ok][2019-03-12 10:58:42]

[edit]
Administrator@Versa-Dir-BLR-1% set devices template JAPAN-BLR-PS-IS-LIB config routing-instances routing-instance LAN4-VRF policy-options redistribution-policy  Default-Policy-To-BGP term T3-STATIC action filter accept
[ok][2019-03-12 10:58:43]

[edit]
Administrator@Versa-Dir-BLR-1% set devices template JAPAN-BLR-PS-IS-LIB config routing-instances routing-instance LAN4-VRF policy-options redistribution-policy  Default-Policy-To-BGP term T3-STATIC action set-origin igp
[ok][2019-03-12 10:58:43]

[edit]
Administrator@Versa-Dir-BLR-1% set devices template JAPAN-BLR-PS-IS-LIB config routing-instances routing-instance LAN4-VRF policy-options redistribution-policy  Default-Policy-To-BGP term T3-STATIC action set-local-preference 110
[ok][2019-03-12 10:58:43]

[edit]
Administrator@Versa-Dir-BLR-1% set devices template JAPAN-BLR-PS-IS-LIB config routing-instances routing-instance LAN5-VRF vrf-import-target target:1374L:13742
[ok][2019-03-12 10:58:44]

[edit]
Administrator@Versa-Dir-BLR-1% set devices template JAPAN-BLR-PS-IS-LIB config routing-instances routing-instance LAN5-VRF policy-options redistribution-policy  Default-Policy-To-BGP term T3-STATIC match protocol static
[ok][2019-03-12 10:58:44]

[edit]
Administrator@Versa-Dir-BLR-1% set devices template JAPAN-BLR-PS-IS-LIB config routing-instances routing-instance LAN5-VRF policy-options redistribution-policy  Default-Policy-To-BGP term T3-STATIC action filter accept
[ok][2019-03-12 10:58:45]

[edit]
Administrator@Versa-Dir-BLR-1% set devices template JAPAN-BLR-PS-IS-LIB config routing-instances routing-instance LAN5-VRF policy-options redistribution-policy  Default-Policy-To-BGP term T3-STATIC action set-origin igp
[ok][2019-03-12 10:58:45]

[edit]
Administrator@Versa-Dir-BLR-1% set devices template JAPAN-BLR-PS-IS-LIB config routing-instances routing-instance LAN5-VRF policy-options redistribution-policy  Default-Policy-To-BGP term T3-STATIC action set-local-preference 110
[ok][2019-03-12 10:58:45]

[edit]
Administrator@Versa-Dir-BLR-1% set devices template JAPAN-BLR-PS-IS-LIB config snmp usm local user coltuser auth sha password Colt1234
[ok][2019-03-12 10:58:46]

[edit]
Administrator@Versa-Dir-BLR-1% 

[edit]
Administrator@Versa-Dir-BLR-1% set devices template JAPAN-BLR-PS-IS-LIB config system time-zone Greenwich
[ok][2019-03-12 10:58:46]

[edit]
Administrator@Versa-Dir-BLR-1% set devices template JAPAN-BLR-PS-IS-LIB config confdConfig cli banner "Access to this network/system is limited to users authorised by Colt for its legitimate business purposes. Unauthorised access, use, installation of files or modification of any data is prohibited. Use of this system/network will be audited"
[ok][2019-03-12 10:58:46]

[edit]
Administrator@Versa-Dir-BLR-1% set devices template JAPAN-BLR-PS-IS-LIB config system users portal login shell role admin password yA:D#{}Vn9JE-?Qa
[ok][2019-03-12 10:58:46]

[edit]
Administrator@Versa-Dir-BLR-1% set devices template JAPAN-BLR-PS-IS-LIB config system users portal ssh-public-key portal contents "ssh-rsa AAAAB3NzaC1yc2EAAAADAQABAAABAQDo+WWU8BDyqZCYadUGElffuy1pkOo4nrg/yfOqV84G+ukVGf+SF48h+543zMxMmKTauHEqmSp+74IbSpN9buBom/BFpBTm3c66BErMmLNariqvfItG7CO9UBPqoXpUBAXnF/muohwe145jEyRRI4Lof2wK6F6qYjzTQHK+zp5IpV6D+VurfQ6fIQB2oUIj9c8OG3Zfyp33l9utdLCzR7Uo4OGt9GidMrO2mXSBWXb+L5o6MAiOB4EhKvVyG9O8+So7zHEcUI65bq3JWzLzM7w705ySVwitEeqCx2wS7v/2KNuHmI8kSQVOuXQ539V3PJThvlVPY7ABmrY5+4MZT+Fv novitas@colt.net"
[ok][2019-03-12 10:58:47]

[edit]
Administrator@Versa-Dir-BLR-1% 
2019-03-12 16:28:50,203 - CPE12-INT - INFO - commit
Commit complete.
[ok][2019-03-12 10:58:50]

[edit]
Administrator@Versa-Dir-BLR-1% 
2019-03-12 16:28:50,236 - CPE12-INT - INFO - CPE12-INT : syntax error found.Commit success.
2019-03-12 16:28:55,430 - CPE12-INT - INFO - <Response [201]>
2019-03-12 16:28:55,430 - CPE12-INT - INFO - {"createDate":"2019-03-12 10:58:55","modifyDate":"2019-03-12 10:58:55","lastUpdatedBy":"Sathish","name":"JAPAN-BLR-PS-IS-LIB-DG","organization":"JAPAN","oneTimePassword":false,"poststaging-template":"JAPAN-BLR-PS-IS-LIB","enable-2factor-auth":false,"enable-staging-url":false,"inventory-name":[]}
2019-03-12 16:28:55,430 - CPE12-INT - INFO - FAIL : {"createDate":"2019-03-12 10:58:55","modifyDate":"2019-03-12 10:58:55","lastUpdatedBy":"Sathish","name":"JAPAN-BLR-PS-IS-LIB-DG","organization":"JAPAN","oneTimePassword":false,"poststaging-template":"JAPAN-BLR-PS-IS-LIB","enable-2factor-auth":false,"enable-staging-url":false,"inventory-name":[]}
2019-03-12 16:29:00,460 - CPE12-INT - INFO - 
sudo /opt/versa/scripts/staging.py -w 1 -c 10.63.151.90 -s 172.16.7.46/30 -g 172.16.7.45 -l JAPAN-CPE12-INT@colt.net -lk CPE12-INT  -r NV-WC02-N2-BLR@colt.net -rk NV-WC02-N2-BLR

2019-03-12 16:29:00,460 - CPE12-INT - INFO - {
	"versanms.sdwan-device-workflow": {
		"deviceName": "CPE12-INT",
		"siteId": "1629",
		"orgName": "JAPAN",
		"serialNumber": "AUTOINTOKSA1812012",
		"deviceGroup": "JAPAN-BLR-PS-IS-LIB-DG",
		"locationInfo": {
			"state": "karnataka",
			"country": "india",
			"longitude": "77.594563",
			"latitude": "12.971599",
			"city": "bangalore"
		},
		"postStagingTemplateInfo": {
			"templateName": "JAPAN-BLR-PS-IS-LIB",
			"templateData": {
				"device-template-variable": {
					"template": "JAPAN-BLR-PS-IS-LIB",
					"variable-binding": {
						"attrs": [{
							"name": "{$v_INT-WAN_IPv4__staticaddress}",
							"value": "172.16.6.46/30",
							"isAutogeneratable": false
						},
						
						    
						    
						    
						{ "name": "{$v_vni-0-4_LAN1_Unit-0__unit}", "value": "610", "isAutogeneratable": false},
						{ "name": "{$v_vni-0-4_LAN1_Unit-0__vlanId}", "value": "610", "isAutogeneratable": false },
						
						    
						    
						    
						{ "name": "{$v_vni-0-4_LAN2_Unit-1__unit}", "value": "611", "isAutogeneratable": false},
						{ "name": "{$v_vni-0-4_LAN2_Unit-1__vlanId}", "value": "611", "isAutogeneratable": false },
						
						    
						    
						    
						{ "name": "{$v_vni-0-4_LAN3_Unit-2__unit}", "value": "612", "isAutogeneratable": false},
						{ "name": "{$v_vni-0-4_LAN3_Unit-2__vlanId}", "value": "612", "isAutogeneratable": false },
						
						    
						    
						    
						{ "name": "{$v_vni-0-4_LAN4_Unit-3__unit}", "value": "613", "isAutogeneratable": false},
						{ "name": "{$v_vni-0-4_LAN4_Unit-3__vlanId}", "value": "613", "isAutogeneratable": false },
						
						    
						    
						    
						{ "name": "{$v_vni-0-4_LAN5_Unit-4__unit}", "value": "614", "isAutogeneratable": false},
						{ "name": "{$v_vni-0-4_LAN5_Unit-4__vlanId}", "value": "614", "isAutogeneratable": false },
						
						{
							"name": "{$v_JAPAN-Control-VR_16_Router_ID__vrRouteId}",
							"value": "20.20.125.12",
							"isAutogeneratable": true,
							"isOverwritten": false
						}, {
							"name": "{$v_JAPAN_NV-WC01-N2-BLR_Local_auth_email_key__IKELKey}",
							"value": "CPE12-INT",
							"isAutogeneratable": true
						}, {
							"name": "{$v_JAPAN_NV-WC02-N2-BLR_Local_auth_email_key__IKELKey}",
							"value": "CPE12-INT",
							"isAutogeneratable": true
						},
						
						
						
						{ "name": "{$v_LAN1_IPv4__staticaddress}", "value": "192.169.111.1/24", "isAutogeneratable": false},
						
						
						
						{ "name": "{$v_LAN2_IPv4__staticaddress}", "value": "192.169.112.1/24", "isAutogeneratable": false},
						
						
						
						{ "name": "{$v_LAN3_IPv4__staticaddress}", "value": "192.169.113.1/24", "isAutogeneratable": false},
						
						
						
						{ "name": "{$v_LAN4_IPv4__staticaddress}", "value": "192.169.114.1/24", "isAutogeneratable": false},
						
						
						
						{ "name": "{$v_LAN5_IPv4__staticaddress}", "value": "192.169.115.1/24", "isAutogeneratable": false},
						
						{
							"name": "{$v_JAPAN_NV-WC02-N2-BLR_Local_auth_email_identifier__IKELIdentifier}",
							"value": "CPE12-INT@colt.net",
							"isAutogeneratable": true
						}, {
							"name": "{$v_Site_Id__siteSiteID}",
							"value": "1629",
							"isAutogeneratable": true
						}, {
							"name": "{$v_JAPAN_NV-WC01-N2-BLR_Local_auth_email_identifier__IKELIdentifier}",
							"value": "CPE12-INT@colt.net",
							"isAutogeneratable": true
						}, {
							"name": "{$v_JAPAN_Site_Name__sitesSiteName}",
							"value": "CPE12-INT",
							"isAutogeneratable": true
						}, {
							"name": "{$v_latitude__IdLatitude}",
							"value": "12.971599",
							"isAutogeneratable": true
						}, {
							"name": "{$v_identification__IdName}",
							"value": "CPE12-INT",
							"isAutogeneratable": true
						}, {
							"name": "{$v_INT-WAN-Transport-VR_IPv4__vrHopAddress}",
							"value": "172.16.6.45",
							"isAutogeneratable": false
						},	{
						    "name": "{$v_tvi-0-250_-_Unit_0_Static_address__tunnelStaticAddress}",
							"value": "10.10.125.12/32",
							"isAutogeneratable": true,
							"isOverwritten": false
						}, {
							"name": "{$v_Chassis_Id__sitesChassisId}",
							"value": "AUTOINTOKSA1812012",
							"isAutogeneratable": true
						}, {
							"name": "{$v_longitude__Idlongitude}",
							"value": "77.594563",
							"isAutogeneratable": true
						}, {
							"name": "{$v_location__IdLocation}",
							"value": "bangalore,karnataka, india",
							"isAutogeneratable": true
						}, {
							"name": "{$v_JAPAN-Control-VR_125_Local_address__vrRouterAddress}",
							"value": "20.20.125.12",
							"isAutogeneratable": true,
							"isOverwritten": false
						}, {
							"name": "{$v_tvi-0-251_-_Unit_0_Static_address__tunnelStaticAddress}",
							"value": "20.20.125.12/32",
							"isAutogeneratable": true,
							"isOverwritten": false
						}]
					}
				},
				"variableMetadata": [{
					"variable": "{$v_INT-WAN_IPv4__staticaddress}",
					"group": "Interfaces",
					"overlay": false,
					"type": "IPV4_MASK"
				},
                
                
                
				{"variable": "{$v_vni-0-4_LAN1_Unit-0__vlanId}", "group": "Vlan Info", "overlay": false, "type": "INTEGER"},
                
                
                
				{"variable": "{$v_vni-0-4_LAN2_Unit-1__vlanId}", "group": "Vlan Info", "overlay": false, "type": "INTEGER"},
                
                
                
				{"variable": "{$v_vni-0-4_LAN3_Unit-2__vlanId}", "group": "Vlan Info", "overlay": false, "type": "INTEGER"},
                
                
                
				{"variable": "{$v_vni-0-4_LAN4_Unit-3__vlanId}", "group": "Vlan Info", "overlay": false, "type": "INTEGER"},
                
                
                
				{"variable": "{$v_vni-0-4_LAN5_Unit-4__vlanId}", "group": "Vlan Info", "overlay": false, "type": "INTEGER"},
                
				{
					"variable": "{$v_JAPAN-Control-VR_125_Router_ID__vrRouteId}",
					"group": "Virtual Routers",
					"overlay": true,
					"type": "IPV4"
				}, {
					"variable": "{$v_JAPAN_NV-WC01-N2-BLR_Local_auth_email_key__IKELKey}",
					"group": "IPSEC",
					"overlay": false
				}, {
					"variable": "{$v_JAPAN_NV-WC02-N2-BLR_Local_auth_email_key__IKELKey}",
					"group": "IPSEC",
					"overlay": false
				},
			{
					"variable": "{$v_LAN1_IPv4__staticaddress}", "group": "Interfaces", "overlay": false, "type": "IPV4_MASK"
				},
            {
					"variable": "{$v_LAN2_IPv4__staticaddress}", "group": "Interfaces", "overlay": false, "type": "IPV4_MASK"
				},
            {
					"variable": "{$v_LAN3_IPv4__staticaddress}", "group": "Interfaces", "overlay": false, "type": "IPV4_MASK"
				},
            {
					"variable": "{$v_LAN4_IPv4__staticaddress}", "group": "Interfaces", "overlay": false, "type": "IPV4_MASK"
				},
            {
					"variable": "{$v_LAN5_IPv4__staticaddress}", "group": "Interfaces", "overlay": false, "type": "IPV4_MASK"
				},
            
				 {
					"variable": "{$v_JAPAN_NV-WC02-N2-BLR_Local_auth_email_identifier__IKELIdentifier}",
					"group": "IPSEC",
					"overlay": false
				}, {
					"variable": "{$v_Site_Id__siteSiteID}",
					"group": "SDWAN",
					"overlay": false
				}, {
					"variable": "{$v_JAPAN_NV-WC01-N2-BLR_Local_auth_email_identifier__IKELIdentifier}",
					"group": "IPSEC",
					"overlay": false
				}, {
					"variable": "{$v_JAPAN_Site_Name__sitesSiteName}",
					"group": "SDWAN",
					"overlay": false
				}, {
					"variable": "{$v_latitude__IdLatitude}",
					"group": "SDWAN",
					"overlay": false
				}, {
					"variable": "{$v_identification__IdName}",
					"group": "SDWAN",
					"overlay": false
				}, {
					"variable": "{$v_INT-WAN-Transport-VR_IPv4__vrHopAddress}",
					"group": "Virtual Routers",
					"overlay": false,
					"type": "IPV4_IPV6"
				}, {
					"variable": "{$v_tvi-0-250_-_Unit_0_Static_address__tunnelStaticAddress}",
					"group": "Interfaces",
					"overlay": true,
					"type": "IPV4_IPV6_MASK"
				}, {
					"variable": "{$v_Chassis_Id__sitesChassisId}",
					"group": "SDWAN",
					"overlay": false
				}, {
					"variable": "{$v_longitude__Idlongitude}",
					"group": "SDWAN",
					"overlay": false
				}, {
					"variable": "{$v_location__IdLocation}",
					"group": "SDWAN",
					"overlay": false
				}, {
					"variable": "{$v_JAPAN-Control-VR_125_Local_address__vrRouterAddress}",
					"group": "Virtual Routers",
					"overlay": true,
					"type": "IPV4"
				}, {
					"variable": "{$v_tvi-0-251_-_Unit_0_Static_address__tunnelStaticAddress}",
					"group": "Interfaces",
					"overlay": true,
					"type": "IPV4_IPV6_MASK"
				}]
			}
		}
	}
}
2019-03-12 16:29:01,907 - CPE12-INT - INFO - <Response [200]>
2019-03-12 16:29:01,907 - CPE12-INT - INFO - PASS
