2019-12-18 17:10:47,920 - CPE26-HKG4-DUAL-HYB-P - INFO - LOG FILE PATH : C:\Softwares_mine\stefano\NV_REPOSITORY\csit/LOGS/2019_12_18_17_10_38_491000/MAIN.log
2019-12-18 17:10:47,920 - CPE26-HKG4-DUAL-HYB-P - INFO - CPE NAME:CPE26-HKG4-DUAL-HYB-P
2019-12-18 17:10:48,921 - CPE26-HKG4-DUAL-HYB-P - INFO - SOLUTION SELECTED:DUAL-CPE-HYBRID
2019-12-18 17:10:50,177 - CPE26-HKG4-DUAL-HYB-P - DEBUG - {u'versanms.sdwan-org-workflow': {u'ikeAuthType': u'psk', u'globalId': 90, u'orgName': u'IPC00190', u'controllers': [u'NV-WC01-N1-HKG', u'NV-WC01-N6-SIN', u'NV-WC02-N1-HKG', u'NV-WC02-N6-SIN'], u'bandwidth': 10, u'parentOrg': u'Colt', u'vrfs': [{u'name': u'LAN1-VRF', u'enableVPN': True, u'id': 1020}, {u'name': u'LAN2-VRF', u'enableVPN': True, u'id': 1021}, {u'name': u'LAN3-VRF', u'enableVPN': True, u'id': 1022}, {u'name': u'LAN4-VRF', u'enableVPN': True, u'id': 1023}, {u'name': u'LAN5-VRF', u'enableVPN': True, u'id': 1024}, {u'name': u'LAN6-VRF', u'enableVPN': True, u'id': 1025}, {u'name': u'LAN7-VRF', u'enableVPN': True, u'id': 1026}, {u'name': u'LAN8-VRF', u'enableVPN': True, u'id': 1027}, {u'name': u'LAN9-VRF', u'enableVPN': True, u'id': 1028}, {u'name': u'LAN10-VRF', u'enableVPN': True, u'id': 1029}], u'solutionTier': u'base-sdwan', u'sharedControlPlane': False}}
2019-12-18 17:10:50,177 - CPE26-HKG4-DUAL-HYB-P - INFO - 
STEP :CHECK ORG is available in Controller NV-WC01-N1-HKG
2019-12-18 17:10:50,178 - CPE26-HKG4-DUAL-HYB-P - INFO - PASS
2019-12-18 17:10:50,467 - CPE26-HKG4-DUAL-HYB-P - DEBUG - {u'versanms.sdwan-org-workflow': {u'ikeAuthType': u'psk', u'globalId': 90, u'orgName': u'IPC00190', u'controllers': [u'NV-WC01-N1-HKG', u'NV-WC01-N6-SIN', u'NV-WC02-N1-HKG', u'NV-WC02-N6-SIN'], u'bandwidth': 10, u'parentOrg': u'Colt', u'vrfs': [{u'name': u'LAN1-VRF', u'enableVPN': True, u'id': 1020}, {u'name': u'LAN2-VRF', u'enableVPN': True, u'id': 1021}, {u'name': u'LAN3-VRF', u'enableVPN': True, u'id': 1022}, {u'name': u'LAN4-VRF', u'enableVPN': True, u'id': 1023}, {u'name': u'LAN5-VRF', u'enableVPN': True, u'id': 1024}, {u'name': u'LAN6-VRF', u'enableVPN': True, u'id': 1025}, {u'name': u'LAN7-VRF', u'enableVPN': True, u'id': 1026}, {u'name': u'LAN8-VRF', u'enableVPN': True, u'id': 1027}, {u'name': u'LAN9-VRF', u'enableVPN': True, u'id': 1028}, {u'name': u'LAN10-VRF', u'enableVPN': True, u'id': 1029}], u'solutionTier': u'base-sdwan', u'sharedControlPlane': False}}
2019-12-18 17:10:50,467 - CPE26-HKG4-DUAL-HYB-P - INFO - 
STEP :CHECK ORG is available in Controller NV-WC02-N6-SIN
2019-12-18 17:10:50,467 - CPE26-HKG4-DUAL-HYB-P - INFO - PASS
2019-12-18 17:10:50,756 - CPE26-HKG4-DUAL-HYB-P - DEBUG - {u'versanms.sdwan-org-workflow': {u'ikeAuthType': u'psk', u'globalId': 90, u'orgName': u'IPC00190', u'controllers': [u'NV-WC01-N1-HKG', u'NV-WC01-N6-SIN', u'NV-WC02-N1-HKG', u'NV-WC02-N6-SIN'], u'bandwidth': 10, u'parentOrg': u'Colt', u'vrfs': [{u'name': u'LAN1-VRF', u'enableVPN': True, u'id': 1020}, {u'name': u'LAN2-VRF', u'enableVPN': True, u'id': 1021}, {u'name': u'LAN3-VRF', u'enableVPN': True, u'id': 1022}, {u'name': u'LAN4-VRF', u'enableVPN': True, u'id': 1023}, {u'name': u'LAN5-VRF', u'enableVPN': True, u'id': 1024}, {u'name': u'LAN6-VRF', u'enableVPN': True, u'id': 1025}, {u'name': u'LAN7-VRF', u'enableVPN': True, u'id': 1026}, {u'name': u'LAN8-VRF', u'enableVPN': True, u'id': 1027}, {u'name': u'LAN9-VRF', u'enableVPN': True, u'id': 1028}, {u'name': u'LAN10-VRF', u'enableVPN': True, u'id': 1029}], u'solutionTier': u'base-sdwan', u'sharedControlPlane': False}}
2019-12-18 17:10:50,756 - CPE26-HKG4-DUAL-HYB-P - INFO - 
STEP :CHECK ORG is available in Controller NV-WC02-N1-HKG
2019-12-18 17:10:50,756 - CPE26-HKG4-DUAL-HYB-P - INFO - PASS
2019-12-18 17:10:50,757 - CPE26-HKG4-DUAL-HYB-P - INFO - 

STEP :CONFIG VRRP TRACK ROUTE & QOS RULE MATCH WAN in Secondary CPE

2019-12-18 17:10:55,486 - CPE26-HKG4-DUAL-HYB-P - DEBUG - <netmiko.versa.versa_ssh.VersaSSH object at 0x000000000D238EF0>
2019-12-18 17:11:00,688 - CPE26-HKG4-DUAL-HYB-P - DEBUG - versa: Automated@VDir-BLR-NEW-01>
2019-12-18 17:11:00,914 - CPE26-HKG4-DUAL-HYB-P - DEBUG - configure private
Entering configuration mode private
[ok][2019-12-18 11:41:00]

[edit]
Automated@VDir-BLR-NEW-01% 
2019-12-18 17:11:00,924 - CPE26-HKG4-DUAL-HYB-P - DEBUG - True
2019-12-18 17:11:01,323 - CPE26-HKG4-DUAL-HYB-P - DEBUG - 

[edit]
Automated@VDir-BLR-NEW-01% 
2019-12-18 17:11:01,724 - CPE26-HKG4-DUAL-HYB-P - DEBUG - 

[edit]
Automated@VDir-BLR-NEW-01% 
2019-12-18 17:11:02,125 - CPE26-HKG4-DUAL-HYB-P - DEBUG - 

[edit]
Automated@VDir-BLR-NEW-01% 
2019-12-18 17:11:02,528 - CPE26-HKG4-DUAL-HYB-P - DEBUG - 

[edit]
Automated@VDir-BLR-NEW-01% 
2019-12-18 17:11:02,928 - CPE26-HKG4-DUAL-HYB-P - DEBUG - 

[edit]
Automated@VDir-BLR-NEW-01% 
2019-12-18 17:11:03,930 - CPE26-HKG4-DUAL-HYB-P - DEBUG - set devices device CPE26-HKG4-DUAL-HYB-P config interfaces vni-0/4 unit 750 family inet address 192.170.1.2/24 vrrp-group 1 priority  105
[ok][2019-12-18 11:41:03]

[edit]
Automated@VDir-BLR-NEW-01% 
2019-12-18 17:11:04,762 - CPE26-HKG4-DUAL-HYB-P - DEBUG - set devices device CPE26-HKG4-DUAL-HYB-P config interfaces vni-0/4 unit 750 family inet address 192.170.1.2/24 vrrp-group 1 track route 10.91.113.58/32 routing-instance IPC00190-Control-VR
[ok][2019-12-18 11:41:04]

[edit]
Automated@VDir-BLR-NEW-01% 
2019-12-18 17:11:05,595 - CPE26-HKG4-DUAL-HYB-P - DEBUG - set devices device CPE26-HKG4-DUAL-HYB-P config interfaces vni-0/4 unit 750 family inet address 192.170.1.2/24 vrrp-group 1 track route 10.91.113.58/32 priority-cost 10
[ok][2019-12-18 11:41:05]

[edit]
Automated@VDir-BLR-NEW-01% 
2019-12-18 17:11:05,996 - CPE26-HKG4-DUAL-HYB-P - DEBUG - #Firewall
[ok][2019-12-18 11:41:05]

[edit]
Automated@VDir-BLR-NEW-01% 
2019-12-18 17:11:06,799 - CPE26-HKG4-DUAL-HYB-P - DEBUG - set devices device CPE26-HKG4-DUAL-HYB-P config orgs  org IPC00190 services [ cgnat stateful-firewall sdwan ]
[ok][2019-12-18 11:41:06]

[edit]
Automated@VDir-BLR-NEW-01% 
2019-12-18 17:11:07,401 - CPE26-HKG4-DUAL-HYB-P - DEBUG - set devices device CPE26-HKG4-DUAL-HYB-P config service-node-groups default-sng services [ cgnat stateful-firewall sdwan ]
[ok][2019-12-18 11:41:07]

[edit]
Automated@VDir-BLR-NEW-01% 
2019-12-18 17:11:08,404 - CPE26-HKG4-DUAL-HYB-P - DEBUG - delete devices device CPE26-HKG4-DUAL-HYB-P config orgs org-services IPC00190 security access-policies Default-Policyset devices device CPE26-HKG4-DUAL-HYB-P config orgs org-services IPC00190 security access-policies FW-ACCESS-POLICY rules CUST-LAN-INT-DENY set action deny
----------------------------------------------------------------------------------------------------------------------------------------------------^
syntax error: element does not exist
[error][2019-12-18 11:41:08]

[edit]
Automated@VDir-BLR-NEW-01% 
