2019-09-16 15:13:30,434 - CPE27-HKG2-SINGLE-CPE-DUAL-INTERNET14 - INFO - LOG FILE PATH : C:\Softwares_mine\stefano\NV_REPOSITORY\csit/LOGS/2019_09_16_15_13_26_675000/MAIN.log
2019-09-16 15:13:30,434 - CPE27-HKG2-SINGLE-CPE-DUAL-INTERNET14 - INFO - CPE NAME:CPE27-HKG2-SINGLE-CPE-DUAL-INTERNET14
2019-09-16 15:13:31,437 - CPE27-HKG2-SINGLE-CPE-DUAL-INTERNET14 - INFO - SOLUTION SELECTED:SINGLE-CPE-DUAL-INTERNET
2019-09-16 15:13:32,575 - CPE27-HKG2-SINGLE-CPE-DUAL-INTERNET14 - DEBUG - {u'versanms.sdwan-org-workflow': {u'ikeAuthType': u'psk', u'globalId': 90, u'orgName': u'IPC00190', u'controllers': [u'NV-WC01-N1-HKG', u'NV-WC01-N6-SIN', u'NV-WC02-N1-HKG', u'NV-WC02-N6-SIN'], u'bandwidth': 10, u'parentOrg': u'Colt', u'vrfs': [{u'name': u'LAN1-VRF', u'enableVPN': True, u'id': 1020}, {u'name': u'LAN2-VRF', u'enableVPN': True, u'id': 1021}, {u'name': u'LAN3-VRF', u'enableVPN': True, u'id': 1022}, {u'name': u'LAN4-VRF', u'enableVPN': True, u'id': 1023}, {u'name': u'LAN5-VRF', u'enableVPN': True, u'id': 1024}, {u'name': u'LAN6-VRF', u'enableVPN': True, u'id': 1025}, {u'name': u'LAN7-VRF', u'enableVPN': True, u'id': 1026}, {u'name': u'LAN8-VRF', u'enableVPN': True, u'id': 1027}, {u'name': u'LAN9-VRF', u'enableVPN': True, u'id': 1028}, {u'name': u'LAN10-VRF', u'enableVPN': True, u'id': 1029}], u'solutionTier': u'base-sdwan', u'sharedControlPlane': False}}
2019-09-16 15:13:32,582 - CPE27-HKG2-SINGLE-CPE-DUAL-INTERNET14 - INFO - STEP : CHECK ORG is available in Controller NV-WC01-N1-HKG
2019-09-16 15:13:32,582 - CPE27-HKG2-SINGLE-CPE-DUAL-INTERNET14 - INFO - PASS
2019-09-16 15:13:32,907 - CPE27-HKG2-SINGLE-CPE-DUAL-INTERNET14 - DEBUG - {u'versanms.sdwan-org-workflow': {u'ikeAuthType': u'psk', u'globalId': 90, u'orgName': u'IPC00190', u'controllers': [u'NV-WC01-N1-HKG', u'NV-WC01-N6-SIN', u'NV-WC02-N1-HKG', u'NV-WC02-N6-SIN'], u'bandwidth': 10, u'parentOrg': u'Colt', u'vrfs': [{u'name': u'LAN1-VRF', u'enableVPN': True, u'id': 1020}, {u'name': u'LAN2-VRF', u'enableVPN': True, u'id': 1021}, {u'name': u'LAN3-VRF', u'enableVPN': True, u'id': 1022}, {u'name': u'LAN4-VRF', u'enableVPN': True, u'id': 1023}, {u'name': u'LAN5-VRF', u'enableVPN': True, u'id': 1024}, {u'name': u'LAN6-VRF', u'enableVPN': True, u'id': 1025}, {u'name': u'LAN7-VRF', u'enableVPN': True, u'id': 1026}, {u'name': u'LAN8-VRF', u'enableVPN': True, u'id': 1027}, {u'name': u'LAN9-VRF', u'enableVPN': True, u'id': 1028}, {u'name': u'LAN10-VRF', u'enableVPN': True, u'id': 1029}], u'solutionTier': u'base-sdwan', u'sharedControlPlane': False}}
2019-09-16 15:13:32,907 - CPE27-HKG2-SINGLE-CPE-DUAL-INTERNET14 - INFO - STEP : CHECK ORG is available in Controller NV-WC02-N6-SIN
2019-09-16 15:13:32,907 - CPE27-HKG2-SINGLE-CPE-DUAL-INTERNET14 - INFO - PASS
2019-09-16 15:13:33,269 - CPE27-HKG2-SINGLE-CPE-DUAL-INTERNET14 - DEBUG - {u'versanms.sdwan-org-workflow': {u'ikeAuthType': u'psk', u'globalId': 90, u'orgName': u'IPC00190', u'controllers': [u'NV-WC01-N1-HKG', u'NV-WC01-N6-SIN', u'NV-WC02-N1-HKG', u'NV-WC02-N6-SIN'], u'bandwidth': 10, u'parentOrg': u'Colt', u'vrfs': [{u'name': u'LAN1-VRF', u'enableVPN': True, u'id': 1020}, {u'name': u'LAN2-VRF', u'enableVPN': True, u'id': 1021}, {u'name': u'LAN3-VRF', u'enableVPN': True, u'id': 1022}, {u'name': u'LAN4-VRF', u'enableVPN': True, u'id': 1023}, {u'name': u'LAN5-VRF', u'enableVPN': True, u'id': 1024}, {u'name': u'LAN6-VRF', u'enableVPN': True, u'id': 1025}, {u'name': u'LAN7-VRF', u'enableVPN': True, u'id': 1026}, {u'name': u'LAN8-VRF', u'enableVPN': True, u'id': 1027}, {u'name': u'LAN9-VRF', u'enableVPN': True, u'id': 1028}, {u'name': u'LAN10-VRF', u'enableVPN': True, u'id': 1029}], u'solutionTier': u'base-sdwan', u'sharedControlPlane': False}}
2019-09-16 15:13:33,269 - CPE27-HKG2-SINGLE-CPE-DUAL-INTERNET14 - INFO - STEP : CHECK ORG is available in Controller NV-WC01-N6-SIN
2019-09-16 15:13:33,269 - CPE27-HKG2-SINGLE-CPE-DUAL-INTERNET14 - INFO - PASS
2019-09-16 15:13:33,269 - CPE27-HKG2-SINGLE-CPE-DUAL-INTERNET14 - INFO - STEP : POST STAGING TEMPLATE CREATION AND DEPLOYMENT

2019-09-16 15:13:33,323 - CPE27-HKG2-SINGLE-CPE-DUAL-INTERNET14 - DEBUG - {
  "versanms.sdwan-template-workflow": {
    "templateName": "XYS1",
    "templateType": "sdwan-post-staging",
    "controllers": ["NV-WC01-N6-SIN", "NV-WC02-N6-SIN"],
    "providerOrg": {
      "name": "IPC00190",
      "statefulFW": true,
      "nextGenFW": false
    },
    "analyticsCluster": "LogCollectors-GGN",
    "deviceFirmfactor": "6",
    "wanInterfaces": [
      {
        "interfaceName": "vni-0/1",
        "pppoe": false,
        "unitInfo": [
          {
            "subUnit": 0,
            "vlanId": 0,
            "networkName": "INT-WAN1",
            "ipv4Static": true,
            "ipv4Dhcp": false,
            "ipv6Static": false,
            "ipv6Dhcp": false,
            "allowSSH": false,
            "monitor": {},
            "linkPriority": "",
            "transportDomains": [
              "INTERNET-TD"
            ]
          }
        ]
      },
      {
        "interfaceName": "vni-0/2",
        "pppoe": false,
        "unitInfo": [
          {
            "subUnit": 0,
            "vlanId": 0,
            "networkName": "INT-WAN2",
            "ipv4Static": true,
            "ipv4Dhcp": false,
            "ipv6Static": false,
            "ipv6Dhcp": false,
            "allowSSH": false,
            "monitor": {},
            "linkPriority": "",
            "transportDomains": [
              "INTERNET-TD"
            ]
          }
        ]
      }
    ],
    "deviceType": "full-mesh",
    "redundantPair": {
      "enable": false
    },
    "lanInterfaces": [
      {
		"interfaceName": "vni-0/4",
		"unitInfo": [
		{
			"subUnit": "{$v_vni-0-4_LAN1_Unit-0__unit}",
			"vlanId": "{$v_vni-0-4_LAN1_Unit-0__vlanId}",
			"networkName": "LAN1",
			"subOrganization": "IPC00190",
			"ipv4Static": true,
			"ipv4Dhcp": false,
			"ip6Static": false,
			"ipv6Dhcp": false,
			"vrfName": "LAN1-VRF",
			"zoneName": ""
		}
		
				,{
			"subUnit": "{$v_vni-0-4_LAN2_Unit-1__unit}",
			"vlanId": "{$v_vni-0-4_LAN2_Unit-1__vlanId}",
			"networkName": "LAN2",
			"subOrganization": "IPC00190",
			"ipv4Static": true,
			"ipv4Dhcp": false,
			"ip6Static": false,
			"ipv6Dhcp": false,
			"vrfName": "LAN2-VRF",
			"zoneName": ""
		}
		
	]
	}
    ],
    "solutionTier": "standard-sdwan",
    "bandwidth": 1000,
    "customParams": [],
    "minimumImageVersion": "16.1R2-S9",
    "isAnalyticsEnabled": true,
    "isPrimary": true,
    "diaConfig": {
      
      "loadBalance": false},
    "splitTunnels": [
    {
        "vrfName": "LAN1-VRF",
        "wanNetworkName": "INT-WAN1",
        "dia": true,
        "gateway": false
      },
      {
        "vrfName": "LAN1-VRF",
        "wanNetworkName": "INT-WAN2",
        "dia": true,
        "gateway": false
      }
    
    ,{
        "vrfName": "LAN2-VRF",
        "wanNetworkName": "INT-WAN1",
        "dia": true,
        "gateway": false
      },
      {
        "vrfName": "LAN2-VRF",
        "wanNetworkName": "INT-WAN2",
        "dia": true,
        "gateway": false
      }
    
    ],
    "inBoundNats": []
  }
}
2019-09-16 15:13:34,325 - CPE27-HKG2-SINGLE-CPE-DUAL-INTERNET14 - INFO - <Response [200]>
2019-09-16 15:13:34,325 - CPE27-HKG2-SINGLE-CPE-DUAL-INTERNET14 - DEBUG - 
PASS
2019-09-16 15:13:34,325 - CPE27-HKG2-SINGLE-CPE-DUAL-INTERNET14 - INFO - 
 >>>>>>>>>> POST STAGING TEMPLATE CREATION PASSED. <<<<<<<<<<<

2019-09-16 15:13:39,519 - CPE27-HKG2-SINGLE-CPE-DUAL-INTERNET14 - INFO - <Response [200]>
2019-09-16 15:13:39,519 - CPE27-HKG2-SINGLE-CPE-DUAL-INTERNET14 - INFO - 
PASS
2019-09-16 15:13:39,519 - CPE27-HKG2-SINGLE-CPE-DUAL-INTERNET14 - INFO - 
 >>>>>>>>>> FW ASSOCIATION WITH POST STAGING TEMPLATE PASSED. <<<<<<<<<<<

2019-09-16 15:13:58,194 - CPE27-HKG2-SINGLE-CPE-DUAL-INTERNET14 - INFO - <Response [200]>
2019-09-16 15:14:03,200 - CPE27-HKG2-SINGLE-CPE-DUAL-INTERNET14 - INFO - 
PASS
2019-09-16 15:14:03,200 - CPE27-HKG2-SINGLE-CPE-DUAL-INTERNET14 - INFO - 
 >>>>>>>>>> POST STAGING TEMPLATE DEPLOY PASSED. <<<<<<<<<<<

2019-09-16 15:14:08,707 - CPE27-HKG2-SINGLE-CPE-DUAL-INTERNET14 - INFO - {u'versanms.sdwan-template-workflow': {u'providerOrg': {u'nextGenFW': False, u'name': u'IPC00190', u'statefulFW': True}, u'snmp': {u'snmpV1': False, u'snmpV2': False, u'snmpV3': False}, u'minimumImageVersion': u'16.1R2-S9', u'wanInterfaces': [{u'unitInfo': [{u'ipv6Dhcp': False, u'monitor': {u'monitorNexthop': False}, u'allowSSH': False, u'ipv4Static': True, u'DIA': False, u'vlanId': 0, u'transportDomains': [u'INTERNET-TD'], u'ipv4Dhcp': False, u'ipv6rs': False, u'subUnit': 0, u'networkName': u'INT-WAN1', u'ipv6Static': False}], u'interfaceName': u'vni-0/1', u'pppoe': False}, {u'unitInfo': [{u'ipv6Dhcp': False, u'monitor': {u'monitorNexthop': False}, u'allowSSH': False, u'ipv4Static': True, u'DIA': False, u'vlanId': 0, u'transportDomains': [u'INTERNET-TD'], u'ipv4Dhcp': False, u'ipv6rs': False, u'subUnit': 0, u'networkName': u'INT-WAN2', u'ipv6Static': False}], u'interfaceName': u'vni-0/2', u'pppoe': False}], u'diaConfig': {u'loadBalance': False, u'dia': False}, u'templateName': u'XYS1', u'isPrimary': True, u'isAnalyticsEnabled': True, u'lanInterfaces': [{u'unitInfo': [{u'ipv6Dhcp': False, u'ipv4DhcpServer': False, u'vrfName': u'LAN1-VRF', u'ipv6ra': False, u'ipv4Static': True, u'DIA': False, u'vlanId': u'{$v_vni-0-4_LAN1_Unit-0__vlanId}', u'ip6Static': False, u'ipv4Dhcp': False, u'subOrganization': u'IPC00190', u'subUnit': u'{$v_vni-0-4_LAN1_Unit-0__unit}', u'networkName': u'LAN1', u'dhcpV4Relay': False}, {u'ipv6Dhcp': False, u'ipv4DhcpServer': False, u'vrfName': u'LAN2-VRF', u'ipv6ra': False, u'ipv4Static': True, u'DIA': False, u'vlanId': u'{$v_vni-0-4_LAN2_Unit-1__vlanId}', u'ip6Static': False, u'ipv4Dhcp': False, u'subOrganization': u'IPC00190', u'subUnit': u'{$v_vni-0-4_LAN2_Unit-1__unit}', u'networkName': u'LAN2', u'dhcpV4Relay': False}], u'interfaceName': u'vni-0/4'}], u'bandwidth': 1000, u'controllers': [u'NV-WC01-N6-SIN', u'NV-WC02-N6-SIN'], u'templateType': u'sdwan-post-staging', u'deviceType': u'full-mesh', u'redundantPair': {u'vrrp': True, u'enable': False, u'cloudCPE': False}, u'solutionTier': u'standard-sdwan', u'deviceFirmfactor': 6, u'analyticsCluster': u'LogCollectors-GGN', u'splitTunnels': [{u'wanNetworkName': u'INT-WAN1', u'vrfName': u'LAN1-VRF', u'dia': True, u'gateway': False}, {u'wanNetworkName': u'INT-WAN2', u'vrfName': u'LAN1-VRF', u'dia': True, u'gateway': False}, {u'wanNetworkName': u'INT-WAN1', u'vrfName': u'LAN2-VRF', u'dia': True, u'gateway': False}, {u'wanNetworkName': u'INT-WAN2', u'vrfName': u'LAN2-VRF', u'dia': True, u'gateway': False}]}}
2019-09-16 15:14:08,839 - CPE27-HKG2-SINGLE-CPE-DUAL-INTERNET14 - INFO - [{u'category': u'stateful-firewall', u'organization': u'IPC00190', u'serviceTemplate': u'COMMON-SFW-TEMPLATE2', u'id': 272, u'templateName': u'XYS1'}]
2019-09-16 15:14:18,703 - CPE27-HKG2-SINGLE-CPE-DUAL-INTERNET14 - DEBUG - <netmiko.versa.versa.VersaSSH object at 0x000000000D3FB438>
2019-09-16 15:14:23,927 - CPE27-HKG2-SINGLE-CPE-DUAL-INTERNET14 - DEBUG - versa: Automated@VDir-BLR-NEW-01>
2019-09-16 15:14:23,927 - CPE27-HKG2-SINGLE-CPE-DUAL-INTERNET14 - DEBUG - set devices template XYS1 config interfaces vni vni-0/1 description "INT-WAN1"
set devices template XYS1 config interfaces vni vni-0/2 description "INT-WAN2"

set devices template XYS1 config system vnf-manager ip-addresses [ 10.92.116.67/32 10.92.116.68/32 ]
set devices template XYS1 config routing-instances routing-instance IPC00190-Control-VR protocols bgp bgp 90 hold-time 90
set devices template XYS1 config routing-instances routing-instance IPC00190-Control-VR protocols bgp bgp 90 graceful-restart enable
set devices template XYS1 config routing-instances routing-instance IPC00190-Control-VR protocols bgp bgp 90 graceful-restart maximum-restart-time 120
set devices template XYS1 config routing-instances routing-instance IPC00190-Control-VR protocols bgp bgp 90 graceful-restart recovery-time 120
set devices template XYS1 config routing-instances routing-instance IPC00190-Control-VR protocols bgp bgp 90 graceful-restart select-defer-time 120
set devices template XYS1 config routing-instances routing-instance IPC00190-Control-VR protocols bgp bgp 90 graceful-restart stalepath-time 120
set devices template XYS1 config routing-instances routing-instance IPC00190-Control-VR protocols bgp bgp 90 graceful-restart dynamic-peer-restart-time 0

set devices template XYS1 config routing-instances routing-instance IPC00190-Control-VR protocols bgp bgp 90 routing-peer-policy Import-From-SDWAN-Policy term 1GW1 match family inet-vpn
set devices template XYS1 config routing-instances routing-instance IPC00190-Control-VR protocols bgp bgp 90 routing-peer-policy Import-From-SDWAN-Policy term 1GW1 match community "(^|,)([0-9]*:11)($|,)"
set devices template XYS1 config routing-instances routing-instance IPC00190-Control-VR protocols bgp bgp 90 routing-peer-policy Import-From-SDWAN-Policy term 1GW1 action filter accept
set devices template XYS1 config routing-instances routing-instance IPC00190-Control-VR protocols bgp bgp 90 routing-peer-policy Import-From-SDWAN-Policy term 1GW1 action community 8009:8009
set devices template XYS1 config routing-instances routing-instance IPC00190-Control-VR protocols bgp bgp 90 routing-peer-policy Import-From-SDWAN-Policy term 1GW1 action community-action set-specific
set devices template XYS1 config routing-instances routing-instance IPC00190-Control-VR protocols bgp bgp 90 routing-peer-policy Import-From-SDWAN-Policy term 1GW1 action set-local-preference 80
set devices template XYS1 config routing-instances routing-instance IPC00190-Control-VR protocols bgp bgp 90 routing-peer-policy Import-From-SDWAN-Policy term 2GW2 match family inet-vpn
set devices template XYS1 config routing-instances routing-instance IPC00190-Control-VR protocols bgp bgp 90 routing-peer-policy Import-From-SDWAN-Policy term 2GW2 match community "(^|,)([0-9]*:12)($|,)"
set devices template XYS1 config routing-instances routing-instance IPC00190-Control-VR protocols bgp bgp 90 routing-peer-policy Import-From-SDWAN-Policy term 2GW2 action filter accept
set devices template XYS1 config routing-instances routing-instance IPC00190-Control-VR protocols bgp bgp 90 routing-peer-policy Import-From-SDWAN-Policy term 2GW2 action community 8009:8009
set devices template XYS1 config routing-instances routing-instance IPC00190-Control-VR protocols bgp bgp 90 routing-peer-policy Import-From-SDWAN-Policy term 2GW2 action community-action set-specific
set devices template XYS1 config routing-instances routing-instance IPC00190-Control-VR protocols bgp bgp 90 routing-peer-policy Import-From-SDWAN-Policy term 2GW2 action set-local-preference 60
move devices template XYS1 config routing-instances routing-instance IPC00190-Control-VR protocols bgp bgp 90 routing-peer-policy Import-From-SDWAN-Policy term 2GW2 first
move devices template XYS1 config routing-instances routing-instance IPC00190-Control-VR protocols bgp bgp 90 routing-peer-policy Import-From-SDWAN-Policy term 1GW1 first

set devices template XYS1 config routing-instances routing-instance IPC00190-Control-VR protocols bgp bgp 90 routing-peer-policy TO_SDWAN term Wildcard match family inet-vpn
set devices template XYS1 config routing-instances routing-instance IPC00190-Control-VR protocols bgp bgp 90 routing-peer-policy TO_SDWAN term Wildcard action filter accept
set devices template XYS1 config routing-instances routing-instance IPC00190-Control-VR protocols bgp bgp 90 routing-peer-policy TO_SDWAN term Wildcard action community 65:10
set devices template XYS1 config routing-instances routing-instance IPC00190-Control-VR protocols bgp bgp 90 routing-peer-policy TO_SDWAN term Wildcard action community-action set-specific
set devices template XYS1 config routing-instances routing-instance IPC00190-Control-VR protocols bgp bgp 90 routing-peer-policy TO_SDWAN term VersaPvt-Wildcard match family versa-private
set devices template XYS1 config routing-instances routing-instance IPC00190-Control-VR protocols bgp bgp 90 routing-peer-policy TO_SDWAN term VersaPvt-Wildcard action filter accept
set devices template XYS1 config routing-instances routing-instance IPC00190-Control-VR protocols bgp bgp 90 routing-peer-policy TO_SDWAN term VersaPvt-Wildcard action community 65:10
set devices template XYS1 config routing-instances routing-instance IPC00190-Control-VR protocols bgp bgp 90 routing-peer-policy TO_SDWAN term VersaPvt-Wildcard action community-action set-specific
set devices template XYS1 config routing-instances routing-instance IPC00190-Control-VR protocols bgp bgp 90 group Controllers-Group family inet unicast
set devices template XYS1 config routing-instances routing-instance IPC00190-Control-VR protocols bgp bgp 90 group Controllers-Group export TO_SDWAN

set devices template XYS1 config orgs org-services IPC00190 class-of-service qos-policies qos-policy-group Default-Policy rules qos-policy IPSEC_IN match source zone zone-list [ Intf-INT-WAN1-Zone Intf-INT-WAN2-Zone ]
set devices template XYS1 config orgs org-services IPC00190 class-of-service qos-policies qos-policy-group Default-Policy rules qos-policy IPSEC_IN match services predefined-services-list [ ESP ICMP ]
set devices template XYS1 config orgs org-services IPC00190 class-of-service qos-policies qos-policy-group Default-Policy rules qos-policy IPSEC_IN match services services-list [ IPSEC IPSecAH ]
set devices template XYS1 config orgs org-services IPC00190 class-of-service qos-policies qos-policy-group Default-Policy rules qos-policy IPSEC_IN set action allow
set devices template XYS1 config orgs org-services IPC00190 class-of-service qos-policies qos-policy-group Default-Policy rules qos-policy IPSEC_OUT match destination zone zone-list [ Intf-INT-WAN1-Zone Intf-INT-WAN2-Zone ]
set devices template XYS1 config orgs org-services IPC00190 class-of-service qos-policies qos-policy-group Default-Policy rules qos-policy IPSEC_OUT match services predefined-services-list [ ESP ICMP ]
set devices template XYS1 config orgs org-services IPC00190 class-of-service qos-policies qos-policy-group Default-Policy rules qos-policy IPSEC_OUT match services services-list [ IPSEC IPSIPSecAH ]
set devices template XYS1 config orgs org-services IPC00190 class-of-service qos-policies qos-policy-group Default-Policy rules qos-policy IPSEC_OUT set action allow
set devices template XYS1 config orgs org-services IPC00190 class-of-service qos-policies qos-policy-group Default-Policy rules qos-policy ARP_IN match source zone zone-list [ Intf-INT-WAN1-Zone Intf-INT-WAN2-Zone ]
set devices template XYS1 config orgs org-services IPC00190 class-of-service qos-policies qos-policy-group Default-Policy rules qos-policy ARP_IN match ether-type ARP
set devices template XYS1 config orgs org-services IPC00190 class-of-service qos-policies qos-policy-group Default-Policy rules qos-policy ARP_IN set action allow
set devices template XYS1 config orgs org-services IPC00190 class-of-service qos-policies qos-policy-group Default-Policy rules qos-policy ARP_OUT match destination zone zone-list [ Intf-INT-WAN1-Zone Intf-INT-WAN2-Zone ]
set devices template XYS1 config orgs org-services IPC00190 class-of-service qos-policies qos-policy-group Default-Policy rules qos-policy ARP_OUT match ether-type ARP
set devices template XYS1 config orgs org-services IPC00190 class-of-service qos-policies qos-policy-group Default-Policy rules qos-policy ARP_OUT set action allow
set devices template XYS1 config orgs org-services IPC00190 class-of-service qos-policies qos-policy-group Default-Policy rules qos-policy DHCP_IN match source zone zone-list [ Intf-INT-WAN1-Zone Intf-INT-WAN2-Zone ]
set devices template XYS1 config orgs org-services IPC00190 class-of-service qos-policies qos-policy-group Default-Policy rules qos-policy DHCP_IN match services services-list [ DHCP-67 DHCP-68 ]
set devices template XYS1 config orgs org-services IPC00190 class-of-service qos-policies qos-policy-group Default-Policy rules qos-policy DHCP_IN set action allow
set devices template XYS1 config orgs org-services IPC00190 class-of-service qos-policies qos-policy-group Default-Policy rules qos-policy DHCP_OUT match destination zone zone-list [ Intf-INT-WAN1-Zone Intf-INT-WAN2-Zone ]
set devices template XYS1 config orgs org-services IPC00190 class-of-service qos-policies qos-policy-group Default-Policy rules qos-policy DHCP_OUT match services services-list [ DHCP-67 DHCP-68 ]
set devices template XYS1 config orgs org-services IPC00190 class-of-service qos-policies qos-policy-group Default-Policy rules qos-policy DHCP_OUT set action allow

set devices template XYS1 config orgs org-services IPC00190 class-of-service qos-policies qos-policy-group Default-Policy rules qos-policy INT_OUT match source zone zone-list [ Intf-LAN1-Zone W-ST-LAN1-VRF-INT-WAN1 W-ST-LAN1-VRF-INT-WAN2 ]
set devices template XYS1 config orgs org-services IPC00190 class-of-service qos-policies qos-policy-group Default-Policy rules qos-policy INT_OUT match destination zone zone-list [ Intf-INT-WAN1-Zone Intf-INT-WAN2-Zone L-ST-LAN1-VRF-INT-WAN1 L-ST-LAN1-VRF-INT-WAN2 ]
set devices template XYS1 config orgs org-services IPC00190 class-of-service qos-policies qos-policy-group Default-Policy rules qos-policy INT_OUT set action allow
set devices template XYS1 config orgs org-services IPC00190 class-of-service qos-policies qos-policy-group Default-Policy rules qos-policy INT_IN match source zone zone-list [ Intf-INT-WAN1-Zone Intf-INT-WAN2-Zone L-ST-LAN1-VRF-INT-WAN1 L-ST-LAN1-VRF-INT-WAN2 ]
set devices template XYS1 config orgs org-services IPC00190 class-of-service qos-policies qos-policy-group Default-Policy rules qos-policy INT_IN set action allow

####################################################
#Note: INT_OUT and INT_IN are only incase of LIB. Also we need to modify the INT-OUT and INT_IN rules based on the number of VRFs required for LIBs.
####################################################

set devices template XYS1 config orgs org-services IPC00190 class-of-service qos-policies qos-policy-group Default-Policy rules qos-policy WAN_IN match source zone zone-list [ Intf-INT-WAN1-Zone Intf-INT-WAN2-Zone ]
set devices template XYS1 config orgs org-services IPC00190 class-of-service qos-policies qos-policy-group Default-Policy rules qos-policy WAN_IN set action deny
set devices template XYS1 config orgs org-services IPC00190 class-of-service qos-policies qos-policy-group Default-Policy rules qos-policy WAN_OUT match destination zone zone-list [ Intf-INT-WAN1-Zone Intf-INT-WAN2-Zone ]
set devices template XYS1 config orgs org-services IPC00190 class-of-service qos-policies qos-policy-group Default-Policy rules qos-policy WAN_OUT set action deny

set devices template XYS1 config orgs org-services IPC00190 objects services service IPSEC protocol UDP
set devices template XYS1 config orgs org-services IPC00190 objects services service IPSEC destination-port 4790,4500,500
set devices template XYS1 config orgs org-services IPC00190 objects services service IPSecAH protocol AH
set devices template XYS1 config orgs org-services IPC00190 objects services service IPSIPSecAH protocol AH
set devices template XYS1 config orgs org-services IPC00190 objects services service DHCP-67 protocol UDP
set devices template XYS1 config orgs org-services IPC00190 objects services service DHCP-67 port 67
set devices template XYS1 config orgs org-services IPC00190 objects services service DHCP-68 protocol UDP
set devices template XYS1 config orgs org-services IPC00190 objects services service DHCP-68 port 68

delete device template XYS1 config org org-services IPC00190 sd-wan policies sdwan-policy-group Default-Policy rules rule Default-Rule
set devices template XYS1 config org org-services IPC00190 sd-wan forwarding-profiles forwarding-profile DEFAULT-TRAFFIC-PROFILE circuit-priorities priority 1 circuit-names local [ INT-WAN1 INT-WAN2 ]
set devices template XYS1 config org org-services IPC00190 sd-wan forwarding-profiles forwarding-profile DEFAULT-TRAFFIC-PROFILE circuit-priorities priority 1 circuit-names remote [ INT-WAN INT-WAN1 INT-WAN2 ]
set devices template XYS1 config org org-services IPC00190 sd-wan forwarding-profiles forwarding-profile DEFAULT-TRAFFIC-PROFILE circuit-priorities priority 2 circuit-names local [ INT-WAN1 INT-WAN2 ]
set devices template XYS1 config org org-services IPC00190 sd-wan forwarding-profiles forwarding-profile DEFAULT-TRAFFIC-PROFILE circuit-priorities priority 2 circuit-names remote [ LTE-WAN ]
set devices template XYS1 config org org-services IPC00190 sd-wan forwarding-profiles forwarding-profile DEFAULT-TRAFFIC-PROFILE connection-selection-method weighted-round-robin
set devices template XYS1 config org org-services IPC00190 sd-wan forwarding-profiles forwarding-profile DEFAULT-TRAFFIC-PROFILE recompute-timer 40
set devices template XYS1 config org org-services IPC00190 sd-wan forwarding-profiles forwarding-profile DEFAULT-TRAFFIC-PROFILE encryption optional
set devices template XYS1 config org org-services IPC00190 sd-wan forwarding-profiles forwarding-profile DEFAULT-TRAFFIC-PROFILE symmetric-forwarding enable
set devices template XYS1 config org org-services IPC00190 sd-wan policies sdwan-policy-group Default-Policy rules rule DEFAULT-TRAFFIC-RULE description DEFAULT-TRAFFIC-RULE
set devices template XYS1 config org org-services IPC00190 sd-wan policies sdwan-policy-group Default-Policy rules rule DEFAULT-TRAFFIC-RULE set action allow
set devices template XYS1 config org org-services IPC00190 sd-wan policies sdwan-policy-group Default-Policy rules rule DEFAULT-TRAFFIC-RULE set forwarding-profile DEFAULT-TRAFFIC-PROFILE
delete devices template XYS1 config routing-instances routing-instance IPC00190-Control-VR routing-options static route
delete devices template XYS1 config orgs org-services IPC00190 security access-policies access-policy-group Default-Policy


#Below Lines should be applied depending on the Number LAN VRFs available. Below is the example for 10VRFs.

set devices template XYS1 config routing-instances routing-instance LAN1-VRF vrf-import-target target:1020L:10202
set devices template XYS1 config routing-instances routing-instance LAN1-VRF policy-options redistribution-policy Default-Policy-To-BGP term T3-STATIC match protocol static
set devices template XYS1 config routing-instances routing-instance LAN1-VRF policy-options redistribution-policy Default-Policy-To-BGP term T3-STATIC action filter accept
set devices template XYS1 config routing-instances routing-instance LAN1-VRF policy-options redistribution-policy Default-Policy-To-BGP term T3-STATIC action set-origin igp
set devices template XYS1 config routing-instances routing-instance LAN1-VRF policy-options redistribution-policy Default-Policy-To-BGP term T3-STATIC action set-local-preference 110
set devices template XYS1 config routing-instances routing-instance LAN2-VRF vrf-import-target target:1021L:10212
set devices template XYS1 config routing-instances routing-instance LAN2-VRF policy-options redistribution-policy Default-Policy-To-BGP term T3-STATIC match protocol static
set devices template XYS1 config routing-instances routing-instance LAN2-VRF policy-options redistribution-policy Default-Policy-To-BGP term T3-STATIC action filter accept
set devices template XYS1 config routing-instances routing-instance LAN2-VRF policy-options redistribution-policy Default-Policy-To-BGP term T3-STATIC action set-origin igp
set devices template XYS1 config routing-instances routing-instance LAN2-VRF policy-options redistribution-policy Default-Policy-To-BGP term T3-STATIC action set-local-preference 110
set devices template XYS1 config snmp usm local user coltuser auth sha password Colt1234

set devices template XYS1 config system time-zone Greenwich
set devices template XYS1 config confdConfig cli banner "Access to this network/system is limited to users authorised by Colt for its legitimate business purposes. Unauthorised access, use, installation of files or modification of any data is prohibited. Use of this system/network will be audited"
set devices template XYS1 config system users portal login shell role admin password yA:D#{}Vn9JE-?Qa
set devices template XYS1 config system users portal ssh-public-key portal contents "ssh-rsa AAAAB3NzaC1yc2EAAAADAQABAAABAQDo+WWU8BDyqZCYadUGElffuy1pkOo4nrg/yfOqV84G+ukVGf+SF48h+543zMxMmKTauHEqmSp+74IbSpN9buBom/BFpBTm3c66BErMmLNariqvfItG7CO9UBPqoXpUBAXnF/muohwe145jEyRRI4Lof2wK6F6qYjzTQHK+zp5IpV6D+VurfQ6fIQB2oUIj9c8OG3Zfyp33l9utdLCzR7Uo4OGt9GidMrO2mXSBWXb+L5o6MAiOB4EhKvVyG9O8+So7zHEcUI65bq3JWzLzM7w705ySVwitEeqCx2wS7v/2KNuHmI8kSQVOuXQ539V3PJThvlVPY7ABmrY5+4MZT+Fv novitas@colt.net"

set devices template XYS1 config system external-aaa auth-order remote-then-local
#set devices template XYS1 config system external-aaa tacacs-plus server 10.5.22.116 key C:ifiiape.
#set devices template XYS1 config system external-aaa tacacs-plus server 10.5.22.117 key C:ifiiape.
#set devices template XYS1 config system external-aaa tacacs-plus action [ accounting authentication ]
2019-09-16 15:15:14,279 - CPE27-HKG2-SINGLE-CPE-DUAL-INTERNET14 - DEBUG - configure
Entering configuration mode private
[ok][2019-09-16 09:44:26]

[edit]
Automated@VDir-BLR-NEW-01% set devices template XYS1 config interfaces vni vni-0/1 description "INT-WAN1"
[ok][2019-09-16 09:44:28]

[edit]
Automated@VDir-BLR-NEW-01% set devices template XYS1 config interfaces vni vni-0/2 description "INT-WAN2"
[ok][2019-09-16 09:44:29]

[edit]
Automated@VDir-BLR-NEW-01% 

[edit]
Automated@VDir-BLR-NEW-01% set devices template XYS1 config system vnf-manager ip-addresses [ 10.92.116.67/32 10.92.116.68/32 ]
[ok][2019-09-16 09:44:29]

[edit]
Automated@VDir-BLR-NEW-01% set devices template XYS1 config routing-instances routing-instance IPC00190-Control-VR protocols bgp bgp 90 hold-time 90
[ok][2019-09-16 09:44:29]

[edit]
Automated@VDir-BLR-NEW-01% set devices template XYS1 config routing-instances routing-instance IPC00190-Control-VR protocols bgp bgp 90 graceful-restart enable
[ok][2019-09-16 09:44:29]

[edit]
Automated@VDir-BLR-NEW-01% set devices template XYS1 config routing-instances routing-instance IPC00190-Control-VR protocols bgp bgp 90 graceful-restart maximum-restart-time 120
[ok][2019-09-16 09:44:30]

[edit]
Automated@VDir-BLR-NEW-01% set devices template XYS1 config routing-instances routing-instance IPC00190-Control-VR protocols bgp bgp 90 graceful-restart recovery-time 120
[ok][2019-09-16 09:44:30]

[edit]
Automated@VDir-BLR-NEW-01% set devices template XYS1 config routing-instances routing-instance IPC00190-Control-VR protocols bgp bgp 90 graceful-restart select-defer-time 120
[ok][2019-09-16 09:44:30]

[edit]
Automated@VDir-BLR-NEW-01% set devices template XYS1 config routing-instances routing-instance IPC00190-Control-VR protocols bgp bgp 90 graceful-restart stalepath-time 120
[ok][2019-09-16 09:44:31]

[edit]
Automated@VDir-BLR-NEW-01% set devices template XYS1 config routing-instances routing-instance IPC00190-Control-VR protocols bgp bgp 90 graceful-restart dynamic-peer-restart-time 0
[ok][2019-09-16 09:44:31]

[edit]
Automated@VDir-BLR-NEW-01% 

[edit]
Automated@VDir-BLR-NEW-01% set devices template XYS1 config routing-instances routing-instance IPC00190-Control-VR protocols bgp bgp 90 routing-peer-policy Import-From-SDWAN-Policy term 1GW1 match family inet-vpn
[ok][2019-09-16 09:44:32]

[edit]
Automated@VDir-BLR-NEW-01% set devices template XYS1 config routing-instances routing-instance IPC00190-Control-VR protocols bgp bgp 90 routing-peer-policy Import-From-SDWAN-Policy term 1GW1 match community "(^|,)([0-9]*:11)($|,)"
[ok][2019-09-16 09:44:32]

[edit]
Automated@VDir-BLR-NEW-01% set devices template XYS1 config routing-instances routing-instance IPC00190-Control-VR protocols bgp bgp 90 routing-peer-policy Import-From-SDWAN-Policy term 1GW1 action filter accept
[ok][2019-09-16 09:44:33]

[edit]
Automated@VDir-BLR-NEW-01% set devices template XYS1 config routing-instances routing-instance IPC00190-Control-VR protocols bgp bgp 90 routing-peer-policy Import-From-SDWAN-Policy term 1GW1 action community 8009:8009
[ok][2019-09-16 09:44:33]

[edit]
Automated@VDir-BLR-NEW-01% set devices template XYS1 config routing-instances routing-instance IPC00190-Control-VR protocols bgp bgp 90 routing-peer-policy Import-From-SDWAN-Policy term 1GW1 action community-action set-specific
[ok][2019-09-16 09:44:34]

[edit]
Automated@VDir-BLR-NEW-01% set devices template XYS1 config routing-instances routing-instance IPC00190-Control-VR protocols bgp bgp 90 routing-peer-policy Import-From-SDWAN-Policy term 1GW1 action set-local-preference 80
[ok][2019-09-16 09:44:34]

[edit]
Automated@VDir-BLR-NEW-01% set devices template XYS1 config routing-instances routing-instance IPC00190-Control-VR protocols bgp bgp 90 routing-peer-policy Import-From-SDWAN-Policy term 2GW2 match family inet-vpn
[ok][2019-09-16 09:44:34]

[edit]
Automated@VDir-BLR-NEW-01% set devices template XYS1 config routing-instances routing-instance IPC00190-Control-VR protocols bgp bgp 90 routing-peer-policy Import-From-SDWAN-Policy term 2GW2 match community "(^|,)([0-9]*:12)($|,)"
[ok][2019-09-16 09:44:35]

[edit]
Automated@VDir-BLR-NEW-01% set devices template XYS1 config routing-instances routing-instance IPC00190-Control-VR protocols bgp bgp 90 routing-peer-policy Import-From-SDWAN-Policy term 2GW2 action filter accept
[ok][2019-09-16 09:44:35]

[edit]
Automated@VDir-BLR-NEW-01% set devices template XYS1 config routing-instances routing-instance IPC00190-Control-VR protocols bgp bgp 90 routing-peer-policy Import-From-SDWAN-Policy term 2GW2 action community 8009:8009
[ok][2019-09-16 09:44:36]

[edit]
Automated@VDir-BLR-NEW-01% set devices template XYS1 config routing-instances routing-instance IPC00190-Control-VR protocols bgp bgp 90 routing-peer-policy Import-From-SDWAN-Policy term 2GW2 action community-action set-specific
[ok][2019-09-16 09:44:36]

[edit]
Automated@VDir-BLR-NEW-01% set devices template XYS1 config routing-instances routing-instance IPC00190-Control-VR protocols bgp bgp 90 routing-peer-policy Import-From-SDWAN-Policy term 2GW2 action set-local-preference 60
[ok][2019-09-16 09:44:37]

[edit]
Automated@VDir-BLR-NEW-01% move devices template XYS1 config routing-instances routing-instance IPC00190-Control-VR protocols bgp bgp 90 routing-peer-policy Import-From-SDWAN-Policy term 2GW2 first
[ok][2019-09-16 09:44:37]

[edit]
Automated@VDir-BLR-NEW-01% move devices template XYS1 config routing-instances routing-instance IPC00190-Control-VR protocols bgp bgp 90 routing-peer-policy Import-From-SDWAN-Policy term 1GW1 first
[ok][2019-09-16 09:44:38]

[edit]
Automated@VDir-BLR-NEW-01% 

[edit]
Automated@VDir-BLR-NEW-01% set devices template XYS1 config routing-instances routing-instance IPC00190-Control-VR protocols bgp bgp 90 routing-peer-policy TO_SDWAN term Wildcard match family inet-vpn
[ok][2019-09-16 09:44:39]

[edit]
Automated@VDir-BLR-NEW-01% set devices template XYS1 config routing-instances routing-instance IPC00190-Control-VR protocols bgp bgp 90 routing-peer-policy TO_SDWAN term Wildcard action filter accept
[ok][2019-09-16 09:44:39]

[edit]
Automated@VDir-BLR-NEW-01% set devices template XYS1 config routing-instances routing-instance IPC00190-Control-VR protocols bgp bgp 90 routing-peer-policy TO_SDWAN term Wildcard action community 65:10
[ok][2019-09-16 09:44:40]

[edit]
Automated@VDir-BLR-NEW-01% set devices template XYS1 config routing-instances routing-instance IPC00190-Control-VR protocols bgp bgp 90 routing-peer-policy TO_SDWAN term Wildcard action community-action set-specific
[ok][2019-09-16 09:44:40]

[edit]
Automated@VDir-BLR-NEW-01% set devices template XYS1 config routing-instances routing-instance IPC00190-Control-VR protocols bgp bgp 90 routing-peer-policy TO_SDWAN term VersaPvt-Wildcard match family versa-private
[ok][2019-09-16 09:44:40]

[edit]
Automated@VDir-BLR-NEW-01% set devices template XYS1 config routing-instances routing-instance IPC00190-Control-VR protocols bgp bgp 90 routing-peer-policy TO_SDWAN term VersaPvt-Wildcard action filter accept
[ok][2019-09-16 09:44:41]

[edit]
Automated@VDir-BLR-NEW-01% set devices template XYS1 config routing-instances routing-instance IPC00190-Control-VR protocols bgp bgp 90 routing-peer-policy TO_SDWAN term VersaPvt-Wildcard action community 65:10
[ok][2019-09-16 09:44:41]

[edit]
Automated@VDir-BLR-NEW-01% set devices template XYS1 config routing-instances routing-instance IPC00190-Control-VR protocols bgp bgp 90 routing-peer-policy TO_SDWAN term VersaPvt-Wildcard action community-action set-specific
[ok][2019-09-16 09:44:42]

[edit]
Automated@VDir-BLR-NEW-01% set devices template XYS1 config routing-instances routing-instance IPC00190-Control-VR protocols bgp bgp 90 group Controllers-Group  family inet unicast
[ok][2019-09-16 09:44:42]

[edit]
Automated@VDir-BLR-NEW-01% set devices template XYS1 config routing-instances routing-instance IPC00190-Control-VR protocols bgp bgp 90 group Controllers-Group  export TO_SDWAN
[ok][2019-09-16 09:44:42]

[edit]
Automated@VDir-BLR-NEW-01% 

[edit]
Automated@VDir-BLR-NEW-01% set devices template XYS1 config orgs org-services IPC00190 class-of-service qos-policies qos-policy-group Default-Policy rules qos-policy IPSEC_IN match source zone zone-list [ Intf-INT-WAN1-Zone Intf-INT-WAN2-Zone ]
[ok][2019-09-16 09:44:43]

[edit]
Automated@VDir-BLR-NEW-01% set devices template XYS1 config orgs org-services IPC00190 class-of-service qos-policies qos-policy-group Default-Policy rules qos-policy IPSEC_IN match services predefined-services-list [ ESP ICMP ]
[ok][2019-09-16 09:44:44]

[edit]
Automated@VDir-BLR-NEW-01% set devices template XYS1 config orgs org-services IPC00190 class-of-service qos-policies qos-policy-group Default-Policy rules qos-policy IPSEC_IN match services services-list [ IPSEC IPSecAH ]
[ok][2019-09-16 09:44:44]

[edit]
Automated@VDir-BLR-NEW-01% set devices template XYS1 config orgs org-services IPC00190 class-of-service qos-policies qos-policy-group Default-Policy rules qos-policy IPSEC_IN set action allow
[ok][2019-09-16 09:44:45]

[edit]
Automated@VDir-BLR-NEW-01% set devices template XYS1 config orgs org-services IPC00190 class-of-service qos-policies qos-policy-group Default-Policy rules qos-policy IPSEC_OUT match destination zone zone-list [ Intf-INT-WAN1-Zone Intf-INT-WAN2-Zone ]
[ok][2019-09-16 09:44:45]

[edit]
Automated@VDir-BLR-NEW-01% set devices template XYS1 config orgs org-services IPC00190 class-of-service qos-policies qos-policy-group Default-Policy rules qos-policy IPSEC_OUT match services predefined-services-list [ ESP ICMP ]
[ok][2019-09-16 09:44:46]

[edit]
Automated@VDir-BLR-NEW-01% set devices template XYS1 config orgs org-services IPC00190 class-of-service qos-policies qos-policy-group Default-Policy rules qos-policy IPSEC_OUT match services services-list [ IPSEC IPSIPSecAH ]
[ok][2019-09-16 09:44:46]

[edit]
Automated@VDir-BLR-NEW-01% set devices template XYS1 config orgs org-services IPC00190 class-of-service qos-policies qos-policy-group Default-Policy rules qos-policy IPSEC_OUT set action allow
[ok][2019-09-16 09:44:47]

[edit]
Automated@VDir-BLR-NEW-01% set devices template XYS1 config orgs org-services IPC00190 class-of-service qos-policies qos-policy-group Default-Policy rules qos-policy ARP_IN match source zone zone-list [ Intf-INT-WAN1-Zone Intf-INT-WAN2-Zone  ]
[ok][2019-09-16 09:44:47]

[edit]
Automated@VDir-BLR-NEW-01% set devices template XYS1 config orgs org-services IPC00190 class-of-service qos-policies qos-policy-group Default-Policy rules qos-policy ARP_IN match ether-type ARP
[ok][2019-09-16 09:44:48]

[edit]
Automated@VDir-BLR-NEW-01% set devices template XYS1 config orgs org-services IPC00190 class-of-service qos-policies qos-policy-group Default-Policy rules qos-policy ARP_IN set action allow
[ok][2019-09-16 09:44:48]

[edit]
Automated@VDir-BLR-NEW-01% set devices template XYS1 config orgs org-services IPC00190 class-of-service qos-policies qos-policy-group Default-Policy rules qos-policy ARP_OUT match destination zone zone-list [ Intf-INT-WAN1-Zone Intf-INT-WAN2-Zone ]
[ok][2019-09-16 09:44:49]

[edit]
Automated@VDir-BLR-NEW-01% set devices template XYS1 config orgs org-services IPC00190 class-of-service qos-policies qos-policy-group Default-Policy rules qos-policy ARP_OUT match ether-type ARP
[ok][2019-09-16 09:44:50]

[edit]
Automated@VDir-BLR-NEW-01% set devices template XYS1 config orgs org-services IPC00190 class-of-service qos-policies qos-policy-group Default-Policy rules qos-policy ARP_OUT set action allow
[ok][2019-09-16 09:44:50]

[edit]
Automated@VDir-BLR-NEW-01% set devices template XYS1 config orgs org-services IPC00190 class-of-service qos-policies qos-policy-group Default-Policy rules qos-policy DHCP_IN match source zone zone-list [ Intf-INT-WAN1-Zone Intf-INT-WAN2-Zone ]
[ok][2019-09-16 09:44:51]

[edit]
Automated@VDir-BLR-NEW-01% set devices template XYS1 config orgs org-services IPC00190 class-of-service qos-policies qos-policy-group Default-Policy rules qos-policy DHCP_IN match services services-list [ DHCP-67 DHCP-68 ]
[ok][2019-09-16 09:44:51]

[edit]
Automated@VDir-BLR-NEW-01% set devices template XYS1 config orgs org-services IPC00190 class-of-service qos-policies qos-policy-group Default-Policy rules qos-policy DHCP_IN set action allow
[ok][2019-09-16 09:44:52]

[edit]
Automated@VDir-BLR-NEW-01% set devices template XYS1 config orgs org-services IPC00190 class-of-service qos-policies qos-policy-group Default-Policy rules qos-policy DHCP_OUT match destination zone zone-list [ Intf-INT-WAN1-Zone Intf-INT-WAN2-Zone ]
[ok][2019-09-16 09:44:52]

[edit]
Automated@VDir-BLR-NEW-01% set devices template XYS1 config orgs org-services IPC00190 class-of-service qos-policies qos-policy-group Default-Policy rules qos-policy DHCP_OUT match services services-list [ DHCP-67 DHCP-68 ]
[ok][2019-09-16 09:44:53]

[edit]
Automated@VDir-BLR-NEW-01% set devices template XYS1 config orgs org-services IPC00190 class-of-service qos-policies qos-policy-group Default-Policy rules qos-policy DHCP_OUT set action allow
[ok][2019-09-16 09:44:53]

[edit]
Automated@VDir-BLR-NEW-01% 

[edit]
Automated@VDir-BLR-NEW-01% set devices template XYS1 config orgs org-services IPC00190 class-of-service qos-policies qos-policy-group Default-Policy rules qos-policy INT_OUT match source zone zone-list [ Intf-LAN1-Zone W-ST-LAN1-VRF-INT-WAN1 W-ST-LAN1-VRF-INT-WAN2 ]
[ok][2019-09-16 09:44:54]

[edit]
Automated@VDir-BLR-NEW-01% set devices template XYS1 config orgs org-services IPC00190 class-of-service qos-policies qos-policy-group Default-Policy rules qos-policy INT_OUT match destination zone zone-list [ Intf-INT-WAN1-Zone Intf-INT-WAN2-Zone L-ST-LAN1-VRF-INT-WAN1 L-ST-LAN1-VRF-INT-WAN2 ]
[ok][2019-09-16 09:44:55]

[edit]
Automated@VDir-BLR-NEW-01% set devices template XYS1 config orgs org-services IPC00190 class-of-service qos-policies qos-policy-group Default-Policy rules qos-policy INT_OUT set action allow
[ok][2019-09-16 09:44:55]

[edit]
Automated@VDir-BLR-NEW-01% set devices template XYS1 config orgs org-services IPC00190 class-of-service qos-policies qos-policy-group Default-Policy rules qos-policy INT_IN match source zone zone-list [ Intf-INT-WAN1-Zone Intf-INT-WAN2-Zone  L-ST-LAN1-VRF-INT-WAN1 L-ST-LAN1-VRF-INT-WAN2 ]
[ok][2019-09-16 09:44:56]

[edit]
Automated@VDir-BLR-NEW-01% set devices template XYS1 config orgs org-services IPC00190 class-of-service qos-policies qos-policy-group Default-Policy rules qos-policy INT_IN set action allow
[ok][2019-09-16 09:44:57]

[edit]
Automated@VDir-BLR-NEW-01% 

[edit]
Automated@VDir-BLR-NEW-01% ####################################################
[ok][2019-09-16 09:44:57]

[edit]
Automated@VDir-BLR-NEW-01% #Note: INT_OUT and INT_IN are only incase of LIB. Also we need to modify the INT-OUT and INT_IN rules based on the number of VRFs required for LIBs.
[ok][2019-09-16 09:44:57]

[edit]
Automated@VDir-BLR-NEW-01% ####################################################
[ok][2019-09-16 09:44:57]

[edit]
Automated@VDir-BLR-NEW-01% 

[edit]
Automated@VDir-BLR-NEW-01% set devices template XYS1 config orgs org-services IPC00190 class-of-service qos-policies qos-policy-group Default-Policy rules qos-policy WAN_IN match source zone zone-list [ Intf-INT-WAN1-Zone Intf-INT-WAN2-Zone  ]
[ok][2019-09-16 09:44:57]

[edit]
Automated@VDir-BLR-NEW-01% set devices template XYS1 config orgs org-services IPC00190 class-of-service qos-policies qos-policy-group Default-Policy rules qos-policy WAN_IN set action deny
[ok][2019-09-16 09:44:58]

[edit]
Automated@VDir-BLR-NEW-01% set devices template XYS1 config orgs org-services IPC00190 class-of-service qos-policies qos-policy-group Default-Policy rules qos-policy WAN_OUT match destination zone zone-list [ Intf-INT-WAN1-Zone Intf-INT-WAN2-Zone ]
[ok][2019-09-16 09:44:58]

[edit]
Automated@VDir-BLR-NEW-01% set devices template XYS1 config orgs org-services IPC00190 class-of-service qos-policies qos-policy-group Default-Policy rules qos-policy WAN_OUT set action deny
[ok][2019-09-16 09:44:59]

[edit]
Automated@VDir-BLR-NEW-01% 

[edit]
Automated@VDir-BLR-NEW-01% set devices template XYS1 config orgs org-services IPC00190 objects services service IPSEC protocol UDP
[ok][2019-09-16 09:44:59]

[edit]
Automated@VDir-BLR-NEW-01% set devices template XYS1 config orgs org-services IPC00190 objects services service IPSEC destination-port 4790,4500,500
[ok][2019-09-16 09:44:59]

[edit]
Automated@VDir-BLR-NEW-01% set devices template XYS1 config orgs org-services IPC00190 objects services service IPSecAH protocol AH
[ok][2019-09-16 09:44:59]

[edit]
Automated@VDir-BLR-NEW-01% set devices template XYS1 config orgs org-services IPC00190 objects services service IPSIPSecAH protocol AH
[ok][2019-09-16 09:45:00]

[edit]
Automated@VDir-BLR-NEW-01% set devices template XYS1 config orgs org-services IPC00190 objects services service DHCP-67 protocol UDP
[ok][2019-09-16 09:45:00]

[edit]
Automated@VDir-BLR-NEW-01% set devices template XYS1 config orgs org-services IPC00190 objects services service DHCP-67 port 67
[ok][2019-09-16 09:45:00]

[edit]
Automated@VDir-BLR-NEW-01% set devices template XYS1 config orgs org-services IPC00190 objects services service DHCP-68 protocol UDP
[ok][2019-09-16 09:45:01]

[edit]
Automated@VDir-BLR-NEW-01% set devices template XYS1 config orgs org-services IPC00190 objects services service DHCP-68 port 68
[ok][2019-09-16 09:45:01]

[edit]
Automated@VDir-BLR-NEW-01% 

[edit]
Automated@VDir-BLR-NEW-01% delete devices template XYS1 config orgs org-services  IPC00190 sd-wan policies sdwan-policy-group Default-Policy rules rule Default-Rule
Error: element not found
[error][2019-09-16 09:45:02]

[edit]
Automated@VDir-BLR-NEW-01% set devices template XYS1 config orgs org-services IPC00190 sd-wan forwarding-profiles forwarding-profile DEFAULT-TRAFFIC-PROFILE circuit-priorities priority 1 circuit-names local [ INT-WAN1 INT-WAN2 ]
[ok][2019-09-16 09:45:02]

[edit]
Automated@VDir-BLR-NEW-01% set devices template XYS1 config orgs org-services IPC00190 sd-wan forwarding-profiles forwarding-profile DEFAULT-TRAFFIC-PROFILE circuit-priorities priority 1 circuit-names remote [ INT-WAN INT-WAN1 INT-WAN2 ]
[ok][2019-09-16 09:45:03]

[edit]
Automated@VDir-BLR-NEW-01% set devices template XYS1 config orgs org-services IPC00190 sd-wan forwarding-profiles forwarding-profile DEFAULT-TRAFFIC-PROFILE circuit-priorities priority 2 circuit-names local [ INT-WAN1 INT-WAN2 ]
[ok][2019-09-16 09:45:03]

[edit]
Automated@VDir-BLR-NEW-01% set devices template XYS1 config orgs org-services IPC00190 sd-wan forwarding-profiles forwarding-profile DEFAULT-TRAFFIC-PROFILE circuit-priorities priority 2 circuit-names remote [ LTE-WAN ]
[ok][2019-09-16 09:45:04]

[edit]
Automated@VDir-BLR-NEW-01% set devices template XYS1 config orgs org-services IPC00190 sd-wan forwarding-profiles forwarding-profile DEFAULT-TRAFFIC-PROFILE connection-selection-method weighted-round-robin
[ok][2019-09-16 09:45:04]

[edit]
Automated@VDir-BLR-NEW-01% set devices template XYS1 config orgs org-services IPC00190 sd-wan forwarding-profiles forwarding-profile DEFAULT-TRAFFIC-PROFILE recompute-timer 40
[ok][2019-09-16 09:45:04]

[edit]
Automated@VDir-BLR-NEW-01% set devices template XYS1 config orgs org-services IPC00190 sd-wan forwarding-profiles forwarding-profile DEFAULT-TRAFFIC-PROFILE encryption optional
[ok][2019-09-16 09:45:04]

[edit]
Automated@VDir-BLR-NEW-01% set devices template XYS1 config orgs org-services IPC00190 sd-wan forwarding-profiles forwarding-profile DEFAULT-TRAFFIC-PROFILE symmetric-forwarding enable
[ok][2019-09-16 09:45:05]

[edit]
Automated@VDir-BLR-NEW-01% set devices template XYS1 config orgs org-services IPC00190 sd-wan policies sdwan-policy-group Default-Policy rules rule DEFAULT-TRAFFIC-RULE description DEFAULT-TRAFFIC-RULE
[ok][2019-09-16 09:45:05]

[edit]
Automated@VDir-BLR-NEW-01% set devices template XYS1 config orgs org-services IPC00190 sd-wan policies sdwan-policy-group Default-Policy rules rule DEFAULT-TRAFFIC-RULE set action allow
[ok][2019-09-16 09:45:06]

[edit]
Automated@VDir-BLR-NEW-01% set devices template XYS1 config orgs org-services IPC00190 sd-wan policies sdwan-policy-group Default-Policy rules rule DEFAULT-TRAFFIC-RULE set forwarding-profile DEFAULT-TRAFFIC-PROFILE
[ok][2019-09-16 09:45:06]

[edit]
Automated@VDir-BLR-NEW-01% delete devices template XYS1 config routing-instances  routing-instance IPC00190-Control-VR routing-options static route
[ok][2019-09-16 09:45:06]

[edit]
Automated@VDir-BLR-NEW-01% delete devices template XYS1 config orgs org-services  IPC00190 security access-policies access-policy-group Default-Policy
[ok][2019-09-16 09:45:07]

[edit]
Automated@VDir-BLR-NEW-01% 

[edit]
Automated@VDir-BLR-NEW-01% 

[edit]
Automated@VDir-BLR-NEW-01% #Below Lines should be applied depending on the Number LAN VRFs available. Below is the example for 10VRFs.
[ok][2019-09-16 09:45:07]

[edit]
Automated@VDir-BLR-NEW-01% 

[edit]
Automated@VDir-BLR-NEW-01% set devices template XYS1 config routing-instances routing-instance LAN1-VRF vrf-import-target target:1020L:10202
[ok][2019-09-16 09:45:07]

[edit]
Automated@VDir-BLR-NEW-01% set devices template XYS1 config routing-instances routing-instance LAN1-VRF policy-options redistribution-policy Default-Policy-To-BGP term T3-STATIC match protocol static
[ok][2019-09-16 09:45:07]

[edit]
Automated@VDir-BLR-NEW-01% set devices template XYS1 config routing-instances routing-instance LAN1-VRF policy-options redistribution-policy Default-Policy-To-BGP term T3-STATIC action filter accept
[ok][2019-09-16 09:45:08]

[edit]
Automated@VDir-BLR-NEW-01% set devices template XYS1 config routing-instances routing-instance LAN1-VRF policy-options redistribution-policy Default-Policy-To-BGP term T3-STATIC action set-origin igp
[ok][2019-09-16 09:45:08]

[edit]
Automated@VDir-BLR-NEW-01% set devices template XYS1 config routing-instances routing-instance LAN1-VRF policy-options redistribution-policy Default-Policy-To-BGP term T3-STATIC action set-local-preference 110
[ok][2019-09-16 09:45:08]

[edit]
Automated@VDir-BLR-NEW-01% set devices template XYS1 config routing-instances routing-instance LAN2-VRF vrf-import-target target:1021L:10212
[ok][2019-09-16 09:45:09]

[edit]
Automated@VDir-BLR-NEW-01% set devices template XYS1 config routing-instances routing-instance LAN2-VRF policy-options redistribution-policy Default-Policy-To-BGP term T3-STATIC match protocol static
[ok][2019-09-16 09:45:09]

[edit]
Automated@VDir-BLR-NEW-01% set devices template XYS1 config routing-instances routing-instance LAN2-VRF policy-options redistribution-policy Default-Policy-To-BGP term T3-STATIC action filter accept
[ok][2019-09-16 09:45:09]

[edit]
Automated@VDir-BLR-NEW-01% set devices template XYS1 config routing-instances routing-instance LAN2-VRF policy-options redistribution-policy Default-Policy-To-BGP term T3-STATIC action set-origin igp
[ok][2019-09-16 09:45:10]

[edit]
Automated@VDir-BLR-NEW-01% set devices template XYS1 config routing-instances routing-instance LAN2-VRF policy-options redistribution-policy Default-Policy-To-BGP term T3-STATIC action set-local-preference 110
[ok][2019-09-16 09:45:10]

[edit]
Automated@VDir-BLR-NEW-01% set devices template XYS1 config snmp usm local user  coltuser auth sha password Colt1234
[ok][2019-09-16 09:45:10]

[edit]
Automated@VDir-BLR-NEW-01% 

[edit]
Automated@VDir-BLR-NEW-01% set devices template XYS1 config system time-zone Greenwich
[ok][2019-09-16 09:45:11]

[edit]
Automated@VDir-BLR-NEW-01% set devices template XYS1 config confdConfig cli banner "Access to this network/system is limited to users authorised by Colt for its  legitimate business purposes. Unauthorised access, use, installation of files or modification of any data is prohibited. Use of this system/network will be audited"
[ok][2019-09-16 09:45:11]

[edit]
Automated@VDir-BLR-NEW-01% set devices template XYS1 config system users portal  login shell role admin password yA:D#{}Vn9JE-?Qa
[ok][2019-09-16 09:45:11]

[edit]
Automated@VDir-BLR-NEW-01% set devices template XYS1 config system users portal  ssh-public-key portal contents "ssh-rsa AAAAB3NzaC1yc2EAAAADAQABAAABAQDo+WWU8BDyqZCYadUGElffuy1pkOo4nrg/yfOqV84G+ukVGf+SF48h+543zMxMmKTauHEqmSp+74IbSpN9buBom/BFpBTm3c66BErMmLNariqvfItG7CO9UBPqoXpUBAXnF/muohwe145jEyRRI4Lof2wK6F6qYjzTQHK+zp5IpV6D+VurfQ6fIQB2oUIj9c8OG3Zfyp33l9utdLCzR7Uo4OGt9GidMrO2mXSBWXb+L5o6MAiOB4EhKvVyG9O8+So7zHEcUI65bq3JWzLzM7w705ySVwitEeqCx2wS7v/2KNuHmI8kSQVOuXQ539V3PJThvlVPY7ABmrY5+4MZT+Fv novitas@colt.net"
[ok][2019-09-16 09:45:11]

[edit]
Automated@VDir-BLR-NEW-01% 

[edit]
Automated@VDir-BLR-NEW-01% set devices template XYS1 config system external-aaa  auth-order remote-then-local
[ok][2019-09-16 09:45:12]

[edit]
Automated@VDir-BLR-NEW-01% #set devices template XYS1 config system external-aaa  tacacs-plus server 10.5.22.116 key C:ifiiape.
[ok][2019-09-16 09:45:12]

[edit]
Automated@VDir-BLR-NEW-01% #set devices template XYS1 config system external-aaa  tacacs-plus server 10.5.22.117 key C:ifiiape.
[ok][2019-09-16 09:45:12]

[edit]
Automated@VDir-BLR-NEW-01% #set devices template XYS1 config system external-aaa  tacacs-plus action [ accounting authentication ]
[ok][2019-09-16 09:45:12]

[edit]
Automated@VDir-BLR-NEW-01% 
2019-09-16 15:15:15,098 - CPE27-HKG2-SINGLE-CPE-DUAL-INTERNET14 - INFO - commit
Commit complete.
[ok][2019-09-16 09:45:14]

[edit]
Automated@VDir-BLR-NEW-01% 
2019-09-16 15:15:15,177 - CPE27-HKG2-SINGLE-CPE-DUAL-INTERNET14 - DEBUG - <netmiko.versa.versa.VersaSSH object at 0x000000000D3FB438> connection closed
2019-09-16 15:15:15,177 - CPE27-HKG2-SINGLE-CPE-DUAL-INTERNET14 - INFO - 
CPE27-HKG2-SINGLE-CPE-DUAL-INTERNET14 : element not found error.Commit success.
2019-09-16 15:15:15,177 - CPE27-HKG2-SINGLE-CPE-DUAL-INTERNET14 - INFO - 
 >>>>>>>>>> PS MAIN TEMPLATE MODIFY PASSED. <<<<<<<<<<<

2019-09-16 15:15:20,193 - CPE27-HKG2-SINGLE-CPE-DUAL-INTERNET14 - INFO - STEP : DEVICE GROUP CREATION AND DEPLOYMENT
2019-09-16 15:15:20,193 - CPE27-HKG2-SINGLE-CPE-DUAL-INTERNET14 - DEBUG - {
	"device-group": {
		"name": "XYS1-DG",
		"dg:organization": "IPC00190",
		"dg:enable-2factor-auth": false,
		"dg:enable-staging-url": false,
		"dg:poststaging-template": "XYS1"
	}
}
2019-09-16 15:15:20,411 - CPE27-HKG2-SINGLE-CPE-DUAL-INTERNET14 - INFO - <Response [201]>
2019-09-16 15:15:20,411 - CPE27-HKG2-SINGLE-CPE-DUAL-INTERNET14 - DEBUG - 
PASS
2019-09-16 15:15:20,411 - CPE27-HKG2-SINGLE-CPE-DUAL-INTERNET14 - INFO -  >>>>>>>>>> DEVICE GROUP TEMPLATE CREATION PASSED. <<<<<<<<<<<
2019-09-16 15:15:25,413 - CPE27-HKG2-SINGLE-CPE-DUAL-INTERNET14 - INFO - STEP : PRE-ONBOARD WORK
2019-09-16 15:15:25,464 - CPE27-HKG2-SINGLE-CPE-DUAL-INTERNET14 - DEBUG - 
sudo /opt/versa/scripts/staging.py -w 2 -c 10.83.77.10 -s 172.16.6.106/30 -g 172.16.6.105 -l IPC00190-CPE27-HKG2-SINGLE-CPE-DUAL-INTERNET14@colt.net -lk CPE27-HKG2-SINGLE-CPE-DUAL-INTERNET14  -r NV-WC01-N6-SIN@colt.net -rk 1234

2019-09-16 15:15:25,464 - CPE27-HKG2-SINGLE-CPE-DUAL-INTERNET14 - DEBUG - {
	"versanms.sdwan-device-workflow": {
		"deviceName": "CPE27-HKG2-SINGLE-CPE-DUAL-INTERNET14",
		"siteId": "4258",
		"orgName": "IPC00190",
		"serialNumber": "CPE27sSAB9",
		"deviceGroup": "XYS1-DG",
		"locationInfo": {
			"state": "karnataka",
			"country": "india",
			"longitude": "77.594563",
			"latitude": "12.971599",
			"city": "bangalore"
		},
		"postStagingTemplateInfo": {
			"templateName": "XYS1",
			"templateData": {
				"device-template-variable": {
					"template": "XYS1",
					"variable-binding": {
						"attrs": [{
							"name": "{$v_INT-WAN2_IPv4__staticaddress}",
							"value": "172.16.6.106/30",
							"isAutogeneratable": false
						},
						
						    
						    
						    
						{ "name": "{$v_vni-0-4_LAN1_Unit-0__unit}", "value": "750", "isAutogeneratable": false},
						{ "name": "{$v_vni-0-4_LAN1_Unit-0__vlanId}", "value": "750", "isAutogeneratable": false },
						
						    
						    
						    
						{ "name": "{$v_vni-0-4_LAN2_Unit-1__unit}", "value": "751", "isAutogeneratable": false},
						{ "name": "{$v_vni-0-4_LAN2_Unit-1__vlanId}", "value": "751", "isAutogeneratable": false },
						
						{
							"name": "{$v_IPC00190-Control-VR_90_Router_ID__vrRouteId}",
							"value": "20.20.90.27",
							"isAutogeneratable": true,
							"isOverwritten": false
						}, {
							"name": "{$v_IPC00190_NV-WC01-N6-SIN_Local_auth_email_key__IKELKey}",
							"value": "CPE27-HKG2-SINGLE-CPE-DUAL-INTERNET14",
							"isAutogeneratable": true
						}, {
							"name": "{$v_IPC00190_NV-WC02-N6-SIN_Local_auth_email_key__IKELKey}",
							"value": "CPE27-HKG2-SINGLE-CPE-DUAL-INTERNET14",
							"isAutogeneratable": true
						},
						
						
						
						{ "name": "{$v_LAN1_IPv4__staticaddress}", "value": "192.170.1.1/24", "isAutogeneratable": false},
						
						
						
						{ "name": "{$v_LAN2_IPv4__staticaddress}", "value": "192.170.2.1/24", "isAutogeneratable": false},
						
						{
							"name": "{$v_IPC00190_NV-WC02-N6-SIN_Local_auth_email_identifier__IKELIdentifier}",
							"value": "CPE27-HKG2-SINGLE-CPE-DUAL-INTERNET14@colt.net",
							"isAutogeneratable": true
						}, {
							"name": "{$v_Site_Id__siteSiteID}",
							"value": "4258",
							"isAutogeneratable": true
						}, {
							"name": "{$v_IPC00190_NV-WC01-N6-SIN_Local_auth_email_identifier__IKELIdentifier}",
							"value": "CPE27-HKG2-SINGLE-CPE-DUAL-INTERNET14@colt.net",
							"isAutogeneratable": true
						}, {
							"name": "{$v_IPC00190_Site_Name__sitesSiteName}",
							"value": "CPE27-HKG2-SINGLE-CPE-DUAL-INTERNET14",
							"isAutogeneratable": true
						}, {
							"name": "{$v_latitude__IdLatitude}",
							"value": "12.971599",
							"isAutogeneratable": true
						}, {
							"name": "{$v_identification__IdName}",
							"value": "CPE27-HKG2-SINGLE-CPE-DUAL-INTERNET14",
							"isAutogeneratable": true
						}, {
							"name": "{$v_INT-WAN2-Transport-VR_IPv4__vrHopAddress}",
							"value": "172.16.6.105",
							"isAutogeneratable": false
						},	{
						    "name": "{$v_tvi-0-180_-_Unit_0_Static_address__tunnelStaticAddress}",
							"value": "10.10.90.27/32",
							"isAutogeneratable": true,
							"isOverwritten": false
						}, {
							"name": "{$v_Chassis_Id__sitesChassisId}",
							"value": "CPE27sSAB9",
							"isAutogeneratable": true
						}, {
							"name": "{$v_longitude__Idlongitude}",
							"value": "77.594563",
							"isAutogeneratable": true
						}, {
							"name": "{$v_location__IdLocation}",
							"value": "bangalore,karnataka, india",
							"isAutogeneratable": true
						}, {
							"name": "{$v_IPC00190-Control-VR_90_Local_address__vrRouterAddress}",
							"value": "20.20.90.27",
							"isAutogeneratable": true,
							"isOverwritten": false
						}, {
							"name": "{$v_INT-WAN1-Transport-VR_IPv4__vrHopAddress}",
							"value": "172.16.7.105",
							"isAutogeneratable": false
						}, {
							"name": "{$v_INT-WAN1_IPv4__staticaddress}",
							"value": "172.16.7.106/30",
							"isAutogeneratable": false
						}, {
							"name": "{$v_tvi-0-181_-_Unit_0_Static_address__tunnelStaticAddress}",
							"value": "20.20.90.27/32",
							"isAutogeneratable": true,
							"isOverwritten": false
						}]
					}
				},
				"variableMetadata": [{
					"variable": "{$v_INT-WAN2_IPv4__staticaddress}",
					"group": "Interfaces",
					"overlay": false,
					"type": "IPV4_MASK"
				},
                
                
                
				{"variable": "{$v_vni-0-4_LAN1_Unit-0__vlanId}", "group": "Vlan Info", "overlay": false, "type": "INTEGER"},
                
                
                
				{"variable": "{$v_vni-0-4_LAN2_Unit-1__vlanId}", "group": "Vlan Info", "overlay": false, "type": "INTEGER"},
                
				{
					"variable": "{$v_IPC00190-Control-VR_90_Router_ID__vrRouteId}",
					"group": "Virtual Routers",
					"overlay": true,
					"type": "IPV4"
				}, {
					"variable": "{$v_IPC00190_NV-WC01-N6-SIN_Local_auth_email_key__IKELKey}",
					"group": "IPSEC",
					"overlay": false
				}, {
					"variable": "{$v_IPC00190_NV-WC02-N6-SIN_Local_auth_email_key__IKELKey}",
					"group": "IPSEC",
					"overlay": false
				},
			{
					"variable": "{$v_LAN1_IPv4__staticaddress}", "group": "Interfaces", "overlay": false, "type": "IPV4_MASK"
				},
            {
					"variable": "{$v_LAN2_IPv4__staticaddress}", "group": "Interfaces", "overlay": false, "type": "IPV4_MASK"
				},
            
				 {
					"variable": "{$v_IPC00190_NV-WC02-N6-SIN_Local_auth_email_identifier__IKELIdentifier}",
					"group": "IPSEC",
					"overlay": false
				}, {
					"variable": "{$v_Site_Id__siteSiteID}",
					"group": "SDWAN",
					"overlay": false
				}, {
					"variable": "{$v_IPC00190_NV-WC01-N6-SIN_Local_auth_email_identifier__IKELIdentifier}",
					"group": "IPSEC",
					"overlay": false
				}, {
					"variable": "{$v_IPC00190_Site_Name__sitesSiteName}",
					"group": "SDWAN",
					"overlay": false
				}, {
					"variable": "{$v_latitude__IdLatitude}",
					"group": "SDWAN",
					"overlay": false
				}, {
					"variable": "{$v_identification__IdName}",
					"group": "SDWAN",
					"overlay": false
				}, {
					"variable": "{$v_INT-WAN2-Transport-VR_IPv4__vrHopAddress}",
					"group": "Virtual Routers",
					"overlay": false,
					"type": "IPV4_IPV6"
				}, {
					"variable": "{$v_tvi-0-180_-_Unit_0_Static_address__tunnelStaticAddress}",
					"group": "Interfaces",
					"overlay": true,
					"type": "IPV4_IPV6_MASK"
				}, {
					"variable": "{$v_Chassis_Id__sitesChassisId}",
					"group": "SDWAN",
					"overlay": false
				}, {
					"variable": "{$v_longitude__Idlongitude}",
					"group": "SDWAN",
					"overlay": false
				}, {
					"variable": "{$v_location__IdLocation}",
					"group": "SDWAN",
					"overlay": false
				}, {
					"variable": "{$v_IPC00190-Control-VR_90_Local_address__vrRouterAddress}",
					"group": "Virtual Routers",
					"overlay": true,
					"type": "IPV4"
				}, {
					"variable": "{$v_INT-WAN1-Transport-VR_IPv4__vrHopAddress}",
					"group": "Virtual Routers",
					"overlay": false,
					"type": "IPV4_IPV6"
				}, {
					"variable": "{$v_tvi-0-181_-_Unit_0_Static_address__tunnelStaticAddress}",
					"group": "Interfaces",
					"overlay": true,
					"type": "IPV4_IPV6_MASK"
				}]
			}
		}
	}
}
2019-09-16 15:15:26,819 - CPE27-HKG2-SINGLE-CPE-DUAL-INTERNET14 - INFO - <Response [200]>
2019-09-16 15:15:26,819 - CPE27-HKG2-SINGLE-CPE-DUAL-INTERNET14 - DEBUG - 
PASS
2019-09-16 15:15:26,819 - CPE27-HKG2-SINGLE-CPE-DUAL-INTERNET14 - INFO -  >>>>>>>>>> DEVICE TEMPLATE CREATION PASSED. <<<<<<<<<<<
2019-09-16 15:15:37,042 - CPE27-HKG2-SINGLE-CPE-DUAL-INTERNET14 - DEBUG - {"TaskResponse":{"task-id":21639,"link":{"@rel":"GET","@href":"vnms/tasks/task/21639"}}}
2019-09-16 15:15:42,058 - CPE27-HKG2-SINGLE-CPE-DUAL-INTERNET14 - DEBUG - 21639
2019-09-16 15:15:42,226 - CPE27-HKG2-SINGLE-CPE-DUAL-INTERNET14 - DEBUG - {u'versa-tasks.task': {u'versa-tasks.user': u'Automated', u'versa-tasks.percentage-completion': 100, u'versa-tasks.progressmessages': {u'versa-tasks.progressmessage': [{u'versa-tasks.time': u'2019-09-16 09:45:37.868', u'versa-tasks.message': u'Creating device in hardware inventory [CPE27-HKG2-SINGLE-CPE-DUAL-INTERNET14]'}, {u'versa-tasks.time': u'2019-09-16 09:45:37.89', u'versa-tasks.message': u'Add device [CPE27-HKG2-SINGLE-CPE-DUAL-INTERNET14] to device group [XYS1-DG]'}, {u'versa-tasks.time': u'2019-09-16 09:45:37.895', u'versa-tasks.message': u'Adding device [CPE27-HKG2-SINGLE-CPE-DUAL-INTERNET14] to template [ XYS1 ]'}, {u'versa-tasks.time': u'2019-09-16 09:45:37.916', u'versa-tasks.message': u'Binding device variables to template [ XYS1 ]'}, {u'versa-tasks.time': u'2019-09-16 09:45:38.061', u'versa-tasks.message': u'Adding post-staging configuration to controllers [NV-WC02-N6-SIN, NV-WC01-N6-SIN]'}, {u'versa-tasks.time': u'2019-09-16 09:45:38.734', u'versa-tasks.message': u'Successfully deployed device.'}]}, u'versa-tasks.object-name': u'Device Workflow', u'versa-tasks.task-status': u'COMPLETED', u'versa-tasks.task-description': u'Device workflow deployment: { CPE27-HKG2-SINGLE-CPE-DUAL-INTERNET14 }', u'versa-tasks.task-name': u'Deploy', u'versa-tasks.domain-name': u'PROVIDER', u'versa-tasks.id': 21639, u'versa-tasks.start-time': u'2019-09-16 09:45:37.002', u'versa-tasks.end-time': u'2019-09-16 09:45:38.734', u'versa-tasks.errormessages': u''}}
2019-09-16 15:15:42,226 - CPE27-HKG2-SINGLE-CPE-DUAL-INTERNET14 - DEBUG - 100
2019-09-16 15:15:42,226 - CPE27-HKG2-SINGLE-CPE-DUAL-INTERNET14 - INFO - Sleeping for 5 seconds
2019-09-16 15:15:47,463 - CPE27-HKG2-SINGLE-CPE-DUAL-INTERNET14 - DEBUG - {"versa-tasks.task":{"versa-tasks.id":21639,"versa-tasks.task-name":"Deploy","versa-tasks.object-name":"Device Workflow","versa-tasks.domain-name":"PROVIDER","versa-tasks.user":"Automated","versa-tasks.task-description":"Device workflow deployment: { CPE27-HKG2-SINGLE-CPE-DUAL-INTERNET14 }","versa-tasks.task-status":"COMPLETED","versa-tasks.percentage-completion":100,"versa-tasks.progressmessages":{"versa-tasks.progressmessage":[{"versa-tasks.message":"Creating device in hardware inventory [CPE27-HKG2-SINGLE-CPE-DUAL-INTERNET14]","versa-tasks.time":"2019-09-16 09:45:37.868"},{"versa-tasks.message":"Add device [CPE27-HKG2-SINGLE-CPE-DUAL-INTERNET14] to device group [XYS1-DG]","versa-tasks.time":"2019-09-16 09:45:37.89"},{"versa-tasks.message":"Adding device [CPE27-HKG2-SINGLE-CPE-DUAL-INTERNET14] to template [ XYS1 ]","versa-tasks.time":"2019-09-16 09:45:37.895"},{"versa-tasks.message":"Binding device variables to template [ XYS1 ]","versa-tasks.time":"2019-09-16 09:45:37.916"},{"versa-tasks.message":"Adding post-staging configuration to controllers [NV-WC02-N6-SIN, NV-WC01-N6-SIN]","versa-tasks.time":"2019-09-16 09:45:38.061"},{"versa-tasks.message":"Successfully deployed device.","versa-tasks.time":"2019-09-16 09:45:38.734"}]},"versa-tasks.errormessages":"","versa-tasks.start-time":"2019-09-16 09:45:37.002","versa-tasks.end-time":"2019-09-16 09:45:38.734"}}
2019-09-16 15:15:47,463 - CPE27-HKG2-SINGLE-CPE-DUAL-INTERNET14 - INFO - >>>>>>>>>> Device deployed  <<<<<<<<<<<
2019-09-16 15:15:48,407 - CPE27-HKG2-SINGLE-CPE-DUAL-INTERNET14 - DEBUG - {u'versanms.sdwan-device-workflow': {u'postStagingTemplateInfo': {u'templateData': {u'device-template-variable': {u'variable-binding': {u'attrs': [{u'isAutogeneratable': False, u'name': u'{$v_INT-WAN2_IPv4__staticaddress}', u'value': u'172.16.6.106/30'}, {u'isAutogeneratable': True, u'isOverwritten': True, u'name': u'{$v_tvi-0-181_-_Unit_0_Static_address__tunnelStaticAddress}', u'value': u'20.20.90.27/32'}, {u'isAutogeneratable': False, u'name': u'{$v_vni-0-4_LAN1_Unit-0__vlanId}', u'value': 750}, {u'isAutogeneratable': True, u'name': u'{$v_Chassis_Id__sitesChassisId}', u'value': u'CPE27sSAB9'}, {u'isAutogeneratable': True, u'isOverwritten': True, u'name': u'{$v_IPC00190-Control-VR_90_Router_ID__vrRouteId}', u'value': u'20.20.90.27'}, {u'isAutogeneratable': True, u'name': u'{$v_IPC00190_NV-WC01-N6-SIN_Local_auth_email_identifier__IKELIdentifier}', u'value': u'CPE27-HKG2-SINGLE-CPE-DUAL-INTERNET14@colt.net'}, {u'isAutogeneratable': True, u'name': u'{$v_longitude__Idlongitude}', u'value': 77.594563}, {u'isAutogeneratable': False, u'name': u'{$v_INT-WAN2-Transport-VR_IPv4__vrHopAddress}', u'value': u'172.16.6.105'}, {u'isAutogeneratable': True, u'name': u'{$v_IPC00190_NV-WC01-N6-SIN_Local_auth_email_key__IKELKey}', u'value': u'CPE27-HKG2-SINGLE-CPE-DUAL-INTERNET14'}, {u'isAutogeneratable': False, u'name': u'{$v_INT-WAN1-Transport-VR_IPv4__vrHopAddress}', u'value': u'172.16.7.105'}, {u'isAutogeneratable': False, u'name': u'{$v_INT-WAN1_IPv4__staticaddress}', u'value': u'172.16.7.106/30'}, {u'isAutogeneratable': False, u'name': u'{$v_LAN2_IPv4__staticaddress}', u'value': u'192.170.2.1/24'}, {u'isAutogeneratable': True, u'name': u'{$v_IPC00190_NV-WC02-N6-SIN_Local_auth_email_key__IKELKey}', u'value': u'CPE27-HKG2-SINGLE-CPE-DUAL-INTERNET14'}, {u'isAutogeneratable': True, u'name': u'{$v_location__IdLocation}', u'value': u'bangalore,karnataka, india'}, {u'isAutogeneratable': False, u'name': u'{$v_vni-0-4_LAN2_Unit-1__unit}', u'value': 751}, {u'isAutogeneratable': True, u'name': u'{$v_IPC00190_NV-WC02-N6-SIN_Local_auth_email_identifier__IKELIdentifier}', u'value': u'CPE27-HKG2-SINGLE-CPE-DUAL-INTERNET14@colt.net'}, {u'isAutogeneratable': True, u'isOverwritten': True, u'name': u'{$v_IPC00190-Control-VR_90_Local_address__vrRouterAddress}', u'value': u'20.20.90.27'}, {u'isAutogeneratable': True, u'isOverwritten': True, u'name': u'{$v_tvi-0-180_-_Unit_0_Static_address__tunnelStaticAddress}', u'value': u'10.10.90.27/32'}, {u'isAutogeneratable': False, u'name': u'{$v_vni-0-4_LAN2_Unit-1__vlanId}', u'value': 751}, {u'isAutogeneratable': False, u'name': u'{$v_vni-0-4_LAN1_Unit-0__unit}', u'value': 750}, {u'isAutogeneratable': True, u'name': u'{$v_Site_Id__siteSiteID}', u'value': 4258}, {u'isAutogeneratable': True, u'name': u'{$v_IPC00190_Site_Name__sitesSiteName}', u'value': u'CPE27-HKG2-SINGLE-CPE-DUAL-INTERNET14'}, {u'isAutogeneratable': False, u'name': u'{$v_LAN1_IPv4__staticaddress}', u'value': u'192.170.1.1/24'}, {u'isAutogeneratable': True, u'name': u'{$v_latitude__IdLatitude}', u'value': 12.971599}, {u'isAutogeneratable': True, u'name': u'{$v_identification__IdName}', u'value': u'CPE27-HKG2-SINGLE-CPE-DUAL-INTERNET14'}]}, u'template': u'XYS1'}, u'variableMetadata': [{u'variable': u'{$v_INT-WAN2_IPv4__staticaddress}', u'type': u'IPV4_MASK', u'group': u'Interfaces', u'overlay': False}, {u'variable': u'{$v_tvi-0-181_-_Unit_0_Static_address__tunnelStaticAddress}', u'type': u'IPV4_IPV6_MASK', u'group': u'Interfaces', u'overlay': True}, {u'variable': u'{$v_vni-0-4_LAN1_Unit-0__vlanId}', u'type': u'INTEGER', u'group': u'Vlan Info', u'overlay': False}, {u'variable': u'{$v_Chassis_Id__sitesChassisId}', u'group': u'SDWAN', u'overlay': False}, {u'variable': u'{$v_IPC00190-Control-VR_90_Router_ID__vrRouteId}', u'type': u'IPV4', u'group': u'Virtual routers', u'overlay': True}, {u'variable': u'{$v_IPC00190_NV-WC01-N6-SIN_Local_auth_email_identifier__IKELIdentifier}', u'group': u'IPSEC', u'overlay': False}, {u'variable': u'{$v_longitude__Idlongitude}', u'group': u'SDWAN', u'overlay': False}, {u'variable': u'{$v_INT-WAN2-Transport-VR_IPv4__vrHopAddress}', u'type': u'IPV4', u'group': u'Virtual routers', u'overlay': False}, {u'variable': u'{$v_IPC00190_NV-WC01-N6-SIN_Local_auth_email_key__IKELKey}', u'group': u'IPSEC', u'overlay': False}, {u'variable': u'{$v_INT-WAN1-Transport-VR_IPv4__vrHopAddress}', u'type': u'IPV4', u'group': u'Virtual routers', u'overlay': False}, {u'variable': u'{$v_INT-WAN1_IPv4__staticaddress}', u'type': u'IPV4_MASK', u'group': u'Interfaces', u'overlay': False}, {u'variable': u'{$v_LAN2_IPv4__staticaddress}', u'type': u'IPV4_MASK', u'group': u'Interfaces', u'overlay': False}, {u'variable': u'{$v_IPC00190_NV-WC02-N6-SIN_Local_auth_email_key__IKELKey}', u'group': u'IPSEC', u'overlay': False}, {u'variable': u'{$v_location__IdLocation}', u'group': u'SDWAN', u'overlay': False}, {u'variable': u'{$v_vni-0-4_LAN2_Unit-1__unit}', u'type': u'INTEGER', u'group': u'Vlan Info', u'overlay': False}, {u'variable': u'{$v_IPC00190_NV-WC02-N6-SIN_Local_auth_email_identifier__IKELIdentifier}', u'group': u'IPSEC', u'overlay': False}, {u'variable': u'{$v_IPC00190-Control-VR_90_Local_address__vrRouterAddress}', u'type': u'IPV4', u'group': u'Virtual routers', u'overlay': True}, {u'variable': u'{$v_tvi-0-180_-_Unit_0_Static_address__tunnelStaticAddress}', u'type': u'IPV4_IPV6_MASK', u'group': u'Interfaces', u'overlay': True}, {u'variable': u'{$v_vni-0-4_LAN2_Unit-1__vlanId}', u'type': u'INTEGER', u'group': u'Vlan Info', u'overlay': False}, {u'variable': u'{$v_vni-0-4_LAN1_Unit-0__unit}', u'type': u'INTEGER', u'group': u'Vlan Info', u'overlay': False}, {u'variable': u'{$v_Site_Id__siteSiteID}', u'group': u'SDWAN', u'overlay': False}, {u'variable': u'{$v_IPC00190_Site_Name__sitesSiteName}', u'group': u'SDWAN', u'overlay': False}, {u'variable': u'{$v_LAN1_IPv4__staticaddress}', u'type': u'IPV4_MASK', u'group': u'Interfaces', u'overlay': False}, {u'variable': u'{$v_latitude__IdLatitude}', u'group': u'SDWAN', u'overlay': False}, {u'variable': u'{$v_identification__IdName}', u'group': u'SDWAN', u'overlay': False}]}, u'templateName': u'XYS1'}, u'deviceName': u'CPE27-HKG2-SINGLE-CPE-DUAL-INTERNET14', u'workflowStatus': u'Deployed', u'deviceGroup': u'XYS1-DG', u'orgName': u'IPC00190', u'serialNumber': u'CPE27sSAB9', u'locationInfo': {u'latitude': 12.971599, u'country': u'india', u'state': u'karnataka', u'longitude': 77.594563, u'city': u'bangalore'}, u'bandwidth': 0, u'lastUpdatedBy': u'Automated', u'siteId': 4258, u'instanceInfo': u'', u'stagingTemplateInfo': u'', u'lastModifiedTime': u'2019-09-16T09:45:38.585000+00:00', u'urlztpBasedInfo': {u'authType': u'psk', u'enableIpv4Dhcp': False, u'branchKey': u'ESqKx40Z4v5085jt', u'branchId': u'CPE27-HKG2-SINGLE-CPE-DUAL-INTERNET14@IPC00190.com', u'enableIpv6': False, u'enableIpv4': False, u'enableIpv6Dhcp': False}}}
2019-09-16 15:15:58,559 - CPE27-HKG2-SINGLE-CPE-DUAL-INTERNET14 - DEBUG - <netmiko.versa.versa.VersaSSH object at 0x000000000D3FB978>
2019-09-16 15:16:03,773 - CPE27-HKG2-SINGLE-CPE-DUAL-INTERNET14 - DEBUG - versa: Automated@VDir-BLR-NEW-01>
2019-09-16 15:16:08,336 - CPE27-HKG2-SINGLE-CPE-DUAL-INTERNET14 - DEBUG - configure private
Entering configuration mode private
[ok][2019-09-16 09:46:06]

[edit]
Automated@VDir-BLR-NEW-01% 
2019-09-16 15:16:10,538 - CPE27-HKG2-SINGLE-CPE-DUAL-INTERNET14 - DEBUG - True
2019-09-16 15:16:11,345 - CPE27-HKG2-SINGLE-CPE-DUAL-INTERNET14 - DEBUG - set devices device NV-WC01-N6-SIN config orgs org-services Colt ipsec vpn-profile INT-WAN-NV-WC01-N6-SIN-StagingIpsec psk-auth-clients remote-client IPC00190-CPE27-HKG2-SINGLE-CPE-DUAL-INTERNET14@colt.net id-type  email
[ok][2019-09-16 09:46:11]

[edit]
Automated@VDir-BLR-NEW-01% 
2019-09-16 15:16:12,145 - CPE27-HKG2-SINGLE-CPE-DUAL-INTERNET14 - DEBUG - set devices device NV-WC01-N6-SIN config orgs org-services Colt ipsec vpn-profile INT-WAN-NV-WC01-N6-SIN-StagingIpsec psk-auth-clients remote-client IPC00190-CPE27-HKG2-SINGLE-CPE-DUAL-INTERNET14@colt.net key CPE27-HKG2-SINGLE-CPE-DUAL-INTERNET14
[ok][2019-09-16 09:46:11]

[edit]
Automated@VDir-BLR-NEW-01% 
2019-09-16 15:16:12,947 - CPE27-HKG2-SINGLE-CPE-DUAL-INTERNET14 - DEBUG - commit and-quit
Commit complete.
[ok][2019-09-16 09:46:12]
Automated@VDir-BLR-NEW-01> 
2019-09-16 15:16:12,947 - CPE27-HKG2-SINGLE-CPE-DUAL-INTERNET14 - INFO - >>>>>>>>>> Staging profile config done  <<<<<<<<<<<
2019-09-16 15:16:12,967 - CPE27-HKG2-SINGLE-CPE-DUAL-INTERNET14 - DEBUG - <netmiko.versa.versa.VersaSSH object at 0x000000000D3FB978> connection closed
2019-09-16 15:16:12,967 - CPE27-HKG2-SINGLE-CPE-DUAL-INTERNET14 - INFO - STEP : ONBOARD CALL
2019-09-16 15:16:12,967 - CPE27-HKG2-SINGLE-CPE-DUAL-INTERNET14 - DEBUG - 
sudo /opt/versa/scripts/staging.py -w 2 -c 10.83.77.10 -s 172.16.6.106/30 -g 172.16.6.105 -l IPC00190-CPE27-HKG2-SINGLE-CPE-DUAL-INTERNET14@colt.net -lk CPE27-HKG2-SINGLE-CPE-DUAL-INTERNET14  -r NV-WC01-N6-SIN@colt.net -rk 1234

2019-09-16 15:16:17,056 - CPE27-HKG2-SINGLE-CPE-DUAL-INTERNET14 - DEBUG - <netmiko.linux.linux_ssh.LinuxSSH object at 0x000000000D484C88>
2019-09-16 15:16:17,473 - CPE27-HKG2-SINGLE-CPE-DUAL-INTERNET14 - DEBUG - [sudo] password for admin: 
2019-09-16 15:16:17,904 - CPE27-HKG2-SINGLE-CPE-DUAL-INTERNET14 - DEBUG - E27-HKG2-SINGLE-CPE-DUAL-INTERNET13: ~] # 
2019-09-16 15:16:18,321 - CPE27-HKG2-SINGLE-CPE-DUAL-INTERNET14 - DEBUG - exit
2019-09-16 15:16:18,536 - CPE27-HKG2-SINGLE-CPE-DUAL-INTERNET14 - DEBUG - linux: [admin@CPE27-HKG2-SINGLE-CPE-DUAL-INTERNET13: ~] #
2019-09-16 15:16:18,953 - CPE27-HKG2-SINGLE-CPE-DUAL-INTERNET14 - DEBUG - vsh allow-cli
Enter password: 
2019-09-16 15:16:19,354 - CPE27-HKG2-SINGLE-CPE-DUAL-INTERNET14 - DEBUG - 

CLI now allowed
[admin@CPE27-HKG2-SINGLE-CPE-DUAL-INTERNET13: ~] # 
2019-09-16 15:16:19,759 - CPE27-HKG2-SINGLE-CPE-DUAL-INTERNET14 - DEBUG - cli
Access to this network/system is limited to users authorised by Colt for its legitimate business purposes. Unauthorised access, use, installation of files or modification of any data is prohibited. Use of this system/network will be audited

             .---.,
            (      ``.
       _     \        )    __      ________ _____   _____
      (  `.   \      /     \ \    / /  ____|  __ \ / ____|  /\
       \    `. )    /       \ \  / /| |__  | |__) | (___   /  \
        \     |    /         \ \/ / |  __| |  _  / \___ \ / /\ \
         \    |   /           \  /  | |____| | \ \ ____) / ____ \
          \   |  /             \/   |______|_|  \_\_____/_/    \_\
           \  | /
            \_|/                   _  _ ___ _______      _____  ___ _  _____
                                  | \| | __|_   _\ \    / / _ \| _ \ |/ / __|
                                  | .` | _|  | |  \ \/\/ / (_) |   / ' <\__ \
                                  |_|\_|___| |_|   \_/\_/ \___/|_|_\_|\_\___/



admin connected from 10.91.192.178 using ssh on CPE27-HKG2-SINGLE-CPE-DUAL-INTERNET13
[?7hadmin@CPE27-HKG2-SINGLE-CPE-DUAL-INTERNET13-cli> 
2019-09-16 15:16:20,167 - CPE27-HKG2-SINGLE-CPE-DUAL-INTERNET14 - DEBUG - request erase running-config
Will delete the running config and restart Versa
Services. Are you sure? [no,yes] 
2019-09-16 15:16:30,204 - CPE27-HKG2-SINGLE-CPE-DUAL-INTERNET14 - DEBUG - yes
status  Erasing config and restarting services 
[ok][2019-09-16 09:46:19]
admin@CPE27-HKG2-SINGLE-CPE-DUAL-INTERNET13-cli> 
System message at 2019-09-16 09:46:22...
    Subsystem stopped: eventd
admin@CPE27-HKG2-SINGLE-CPE-DUAL-INTERNET13-cli> 
System message at 2019-09-16 09:46:22...
    Subsystem stopped: acctmgrd
admin@CPE27-HKG2-SINGLE-CPE-DUAL-INTERNET13-cli> 
System message at 2019-09-16 09:46:22...
    Subsystem stopped: router-dcl

System message at 2019-09-16 09:46:22...
    Subsystem stopped: snmp-config-transform
admin@CPE27-HKG2-SINGLE-CPE-DUAL-INTERNET13-cli> admin@CPE27-HKG2-SINGLE-CPE-DUAL-INTERNET13-cli> 
System message at 2019-09-16 09:46:22...
    Subsystem stopped: snmp-config-hook
admin@CPE27-HKG2-SINGLE-CPE-DUAL-INTERNET13-cli> 
System message at 2019-09-16 09:46:22...
    Subsystem stopped: versa-vmod
admin@CPE27-HKG2-SINGLE-CPE-DUAL-INTERNET13-cli> 
System message at 2019-09-16 09:46:22...
    Subsystem stopped: infmgr
admin@CPE27-HKG2-SINGLE-CPE-DUAL-INTERNET13-cli> 
System message at 2019-09-16 09:46:22...
    Subsystem stopped: rtd-mgmt-thread
admin@CPE27-HKG2-SINGLE-CPE-DUAL-INTERNET13-cli> [admin@CPE27-HKG2-SINGLE-CPE-DUAL-INTERNET13: ~] # 
2019-09-16 15:16:30,805 - CPE27-HKG2-SINGLE-CPE-DUAL-INTERNET14 - DEBUG - process not up. Please wait for it to come up
2019-09-16 15:16:31,423 - CPE27-HKG2-SINGLE-CPE-DUAL-INTERNET14 - DEBUG - vsh status

~~~~~~~~~~~~~~~~~~~~~~~~~~~~~~~~~~~~~~~~~~~~~~~~~~~~~~~~~~~~~~~~~

The product evaluation period has expired.
 Please contact Versa Support (support@versa-networks.com) 

~~~~~~~~~~~~~~~~~~~~~~~~~~~~~~~~~~~~~~~~~~~~~~~~~~~~~~~~~~~~~~~~~

versa-service          is Stopped           
versa-infmgr           is Stopped           
versa-rfd              is Stopped           
versa-vmod             is Stopped           
versa-ip2user          is Stopped           
versa-imgr             is Stopped           
versa-acctmgrd         is Stopped           
versa-fltrmgr          is Stopped           
versa-vstated          is Stopped           
versa-spack            is Stopped           
versa-addrmgrd         is Stopped           
versa-rt-cli-xfm       is Stopped           
versa-rtd              is Stopped           
versa-dhcpd            is Stopped           
versa-eventd           is Stopped           
versa-vrrpd            is Stopped           
versa-dnsd             is Stopped           
versa-ppmd             is Stopped           
versa-snmp-xform       is Stopped           
versa-certd            is Stopped           
versa-ntpd             is Stopped           
versa-dhclient6        is Stopped           
versa-redis            is Stopped           
versa-av-redis         is Stopped           
versa-spackmgr         is Stopped           
versa-devmgr           is Stopped           
versa-monit            is Stopped           
versa-confd            is Running,          [-] process 1579
versa-fail2ban         is Stopped           
versa-auditd           is Stopped           
versa-nodejs           is Stopped           
[admin@CPE27-HKG2-SINGLE-CPE-DUAL-INTERNET13: ~] # 
2019-09-16 15:16:41,436 - CPE27-HKG2-SINGLE-CPE-DUAL-INTERNET14 - DEBUG - process not up. Please wait for it to come up
2019-09-16 15:16:42,053 - CPE27-HKG2-SINGLE-CPE-DUAL-INTERNET14 - DEBUG - vsh status

~~~~~~~~~~~~~~~~~~~~~~~~~~~~~~~~~~~~~~~~~~~~~~~~~~~~~~~~~~~~~~~~~

The product evaluation period has expired.
 Please contact Versa Support (support@versa-networks.com) 

~~~~~~~~~~~~~~~~~~~~~~~~~~~~~~~~~~~~~~~~~~~~~~~~~~~~~~~~~~~~~~~~~

versa-service          is Stopped           
versa-infmgr           is Stopped           
versa-rfd              is Stopped           
versa-vmod             is Stopped           
versa-ip2user          is Stopped           
versa-imgr             is Stopped           
versa-acctmgrd         is Stopped           
versa-fltrmgr          is Stopped           
versa-vstated          is Stopped           
versa-spack            is Stopped           
versa-addrmgrd         is Stopped           
versa-rt-cli-xfm       is Stopped           
versa-rtd              is Stopped           
versa-dhcpd            is Stopped           
versa-eventd           is Stopped           
versa-vrrpd            is Stopped           
versa-dnsd             is Stopped           
versa-ppmd             is Stopped           
versa-snmp-xform       is Stopped           
versa-certd            is Stopped           
versa-ntpd             is Stopped           
versa-dhclient6        is Stopped           
versa-redis            is Stopped           
versa-av-redis         is Stopped           
versa-spackmgr         is Stopped           
versa-devmgr           is Stopped           
versa-monit            is Stopped           
versa-confd            is Stopped           
versa-fail2ban         is Stopped           
versa-auditd           is Stopped           
versa-nodejs           is Stopped           
[admin@CPE27-HKG2-SINGLE-CPE-DUAL-INTERNET13: ~] # 
2019-09-16 15:16:52,053 - CPE27-HKG2-SINGLE-CPE-DUAL-INTERNET14 - DEBUG - process not up. Please wait for it to come up
2019-09-16 15:16:53,471 - CPE27-HKG2-SINGLE-CPE-DUAL-INTERNET14 - DEBUG - vsh status

~~~~~~~~~~~~~~~~~~~~~~~~~~~~~~~~~~~~~~~~~~~~~~~~~~~~~~~~~~~~~~~~~

The product evaluation period has expired.
 Please contact Versa Support (support@versa-networks.com) 

~~~~~~~~~~~~~~~~~~~~~~~~~~~~~~~~~~~~~~~~~~~~~~~~~~~~~~~~~~~~~~~~~


~~~~~~~~~~~~~~~~~~~~~~~~~~~~~~~~~~~~~~~~~~~~~~~~~~~~~~~~~~~~~~~~~

Netconf traffic yet to be allowed 

~~~~~~~~~~~~~~~~~~~~~~~~~~~~~~~~~~~~~~~~~~~~~~~~~~~~~~~~~~~~~~~~~

versa-service          is Stopped           
versa-infmgr           is Running,          [-] process 7342
versa-rfd              is Stopped           
versa-vmod             is Stopped           
versa-ip2user          is Stopped           
versa-imgr             is Stopped           
versa-acctmgrd         is Stopped           
versa-fltrmgr          is Running,          [-] process 7353
versa-vstated          is Running,          [-] process 7338
versa-spack            is Stopped           
versa-addrmgrd         is Stopped           
versa-rt-cli-xfm       is Stopped           
versa-rtd              is Stopped           
versa-dhcpd            is Running,          [-] process 7341
versa-eventd           is Stopped           
versa-vrrpd            is Running,          [-] process 7350
versa-dnsd             is Running,          [-] process 7351
versa-ppmd             is Stopped           
versa-snmp-xform       is Stopped           
versa-certd            is Stopped           
versa-ntpd             is Running,          [*] process 7325
versa-dhclient6        is Stopped           
versa-redis            is Running,          [-] process 7104
versa-av-redis         is Running,          [-] process 7105
versa-spackmgr         is Stopped           
versa-devmgr           is Stopped           
versa-monit            is Stopped           
versa-confd            is Running,          [*] process 7067
versa-fail2ban         is Stopped           
versa-auditd           is Stopped           
versa-nodejs           is Stopped           
[admin@CPE27-HKG2-SINGLE-CPE-DUAL-INTERNET13: ~] # 
2019-09-16 15:17:03,476 - CPE27-HKG2-SINGLE-CPE-DUAL-INTERNET14 - DEBUG - process not up. Please wait for it to come up
2019-09-16 15:17:05,927 - CPE27-HKG2-SINGLE-CPE-DUAL-INTERNET14 - DEBUG - vsh status

~~~~~~~~~~~~~~~~~~~~~~~~~~~~~~~~~~~~~~~~~~~~~~~~~~~~~~~~~~~~~~~~~

The product evaluation period has expired.
 Please contact Versa Support (support@versa-networks.com) 

~~~~~~~~~~~~~~~~~~~~~~~~~~~~~~~~~~~~~~~~~~~~~~~~~~~~~~~~~~~~~~~~~


~~~~~~~~~~~~~~~~~~~~~~~~~~~~~~~~~~~~~~~~~~~~~~~~~~~~~~~~~~~~~~~~~

Netconf traffic yet to be allowed 

~~~~~~~~~~~~~~~~~~~~~~~~~~~~~~~~~~~~~~~~~~~~~~~~~~~~~~~~~~~~~~~~~

versa-service          is Running,          [*] process 7585
versa-infmgr           is Running,          [-] process 7342
versa-rfd              is Running,          [-] process 7916
versa-vmod             is Running,          [-] process 7913
versa-ip2user          is Running,          [-] process 7920
versa-imgr             is Running,          [-] process 7929
versa-acctmgrd         is Running,          [-] process 7907
versa-fltrmgr          is Running,          [-] process 7353
versa-vstated          is Running,          [-] process 7338
versa-spack            is Running,          [-] process 8174
versa-addrmgrd         is Running,          [-] process 7922
versa-rt-cli-xfm       is Running,          [-] process 7871
versa-rtd              is Running,          [-] process 7899
versa-dhcpd            is Running,          [-] process 7341
versa-eventd           is Running,          [-] process 7908
versa-vrrpd            is Running,          [-] process 7350
versa-dnsd             is Running,          [-] process 7351
versa-ppmd             is Running,          [-] process 7864
versa-snmp-xform       is Running,          [-] process 7881
versa-certd            is Running,          [-] process 7926
versa-ntpd             is Running,          [*] process 7325
versa-dhclient6        is Running,          [-] process 7883
versa-redis            is Running,          [-] process 7104
versa-av-redis         is Running,          [-] process 7105
versa-spackmgr         is Running,          [-] process 7902
versa-devmgr           is Running,          [-] process 8058
versa-monit            is Running,          [*] process 8070
versa-confd            is Running,          [*] process 7067
versa-fail2ban         is Running,          [*] process 8098
versa-auditd           is Running,          [*] process 8113
versa-nodejs           is Running,          [-] process 7835
[admin@CPE27-HKG2-SINGLE-CPE-DUAL-INTERNET13: ~] # 
2019-09-16 15:17:15,928 - CPE27-HKG2-SINGLE-CPE-DUAL-INTERNET14 - DEBUG - process not up. Please wait for it to come up
2019-09-16 15:17:17,933 - CPE27-HKG2-SINGLE-CPE-DUAL-INTERNET14 - DEBUG - vsh status

~~~~~~~~~~~~~~~~~~~~~~~~~~~~~~~~~~~~~~~~~~~~~~~~~~~~~~~~~~~~~~~~~

The product evaluation period has expired.
 Please contact Versa Support (support@versa-networks.com) 

~~~~~~~~~~~~~~~~~~~~~~~~~~~~~~~~~~~~~~~~~~~~~~~~~~~~~~~~~~~~~~~~~

versa-service          is Running,          [*] process 7585
versa-infmgr           is Running,          [-] process 7342
versa-rfd              is Running,          [-] process 7916
versa-vmod             is Running,          [-] process 7913
versa-ip2user          is Running,          [-] process 7920
versa-imgr             is Running,          [-] process 7929
versa-acctmgrd         is Running,          [-] process 7907
versa-fltrmgr          is Running,          [-] process 7353
versa-vstated          is Running,          [-] process 7338
versa-spack            is Running,          [-] process 8174
versa-addrmgrd         is Running,          [-] process 7922
versa-rt-cli-xfm       is Running,          [-] process 7871
versa-rtd              is Running,          [-] process 7899
versa-dhcpd            is Running,          [-] process 7341
versa-eventd           is Running,          [-] process 7908
versa-vrrpd            is Running,          [-] process 7350
versa-dnsd             is Running,          [-] process 7351
versa-ppmd             is Running,          [-] process 7864
versa-snmp-xform       is Running,          [-] process 7881
versa-certd            is Running,          [-] process 7926
versa-ntpd             is Running,          [*] process 7325
versa-dhclient6        is Running,          [-] process 7883
versa-redis            is Running,          [-] process 8945
versa-av-redis         is Running,          [-] process 7105
versa-spackmgr         is Running,          [-] process 7902
versa-devmgr           is Running,          [-] process 8058
versa-monit            is Running,          [*] process 8070
versa-confd            is Running,          [*] process 7067
versa-fail2ban         is Running,          [*] process 8098
versa-auditd           is Running,          [*] process 8113
versa-nodejs           is Running,          [-] process 7835
[admin@CPE27-HKG2-SINGLE-CPE-DUAL-INTERNET13: ~] # 
2019-09-16 15:17:27,934 - CPE27-HKG2-SINGLE-CPE-DUAL-INTERNET14 - DEBUG - After breaking while
2019-09-16 15:17:29,552 - CPE27-HKG2-SINGLE-CPE-DUAL-INTERNET14 - DEBUG - 
~~~~~~~~~~~~~~~~~~~~~~~~~~~~~~~~~~~~~~~~~~~~~~~~~~~~~~~~~~~~~~~~~

The product evaluation period has expired.
 Please contact Versa Support (support@versa-networks.com) 

~~~~~~~~~~~~~~~~~~~~~~~~~~~~~~~~~~~~~~~~~~~~~~~~~~~~~~~~~~~~~~~~~

versa-service          is Running,          [*] process 7585
versa-infmgr           is Running,          [-] process 7342
versa-rfd              is Running,          [-] process 7916
versa-vmod             is Running,          [-] process 7913
versa-ip2user          is Running,          [-] process 7920
versa-imgr             is Running,          [-] process 7929
versa-acctmgrd         is Running,          [-] process 7907
versa-fltrmgr          is Running,          [-] process 7353
versa-vstated          is Running,          [-] process 7338
versa-spack            is Running,          [-] process 8174
versa-addrmgrd         is Running,          [-] process 7922
versa-rt-cli-xfm       is Running,          [-] process 7871
versa-rtd              is Running,          [-] process 7899
versa-dhcpd            is Running,          [-] process 7341
versa-eventd           is Running,          [-] process 7908
versa-vrrpd            is Running,          [-] process 7350
versa-dnsd             is Running,          [-] process 7351
versa-ppmd             is Running,          [-] process 7864
versa-snmp-xform       is Running,          [-] process 7881
versa-certd            is Running,          [-] process 7926
versa-ntpd             is Running,          [*] process 7325
versa-dhclient6        is Running,          [-] process 7883
versa-redis            is Running,          [-] process 8945
versa-av-redis         is Running,          [-] process 7105
versa-spackmgr         is Running,          [-] process 7902
versa-devmgr           is Running,          [-] process 8058
versa-monit            is Running,          [*] process 8070
versa-confd            is Running,          [*] process 7067
versa-fail2ban         is Running,          [*] process 8098
versa-auditd           is Running,          [*] process 8113
versa-nodejs           is Running,          [-] process 7835
2019-09-16 15:17:29,970 - CPE27-HKG2-SINGLE-CPE-DUAL-INTERNET14 - DEBUG - CPE27rSAB9
2019-09-16 15:17:30,371 - CPE27-HKG2-SINGLE-CPE-DUAL-INTERNET14 - DEBUG - CPE27sSAB9
2019-09-16 15:17:30,786 - CPE27-HKG2-SINGLE-CPE-DUAL-INTERNET14 - DEBUG - CPE27sSAB9
2019-09-16 15:17:31,188 - CPE27-HKG2-SINGLE-CPE-DUAL-INTERNET14 - DEBUG - E-DUAL-INTERNET1 
4  -r NV-WC01-N6-SIN@colt.net -rk 1234

2019-09-16 15:17:51,957 - CPE27-HKG2-SINGLE-CPE-DUAL-INTERNET14 - INFO - checking device info in VD.
2019-09-16 15:17:51,957 - CPE27-HKG2-SINGLE-CPE-DUAL-INTERNET14 - INFO - sleeping 50 secs
2019-09-16 15:18:42,713 - CPE27-HKG2-SINGLE-CPE-DUAL-INTERNET14 - INFO - checking device info in VD.
2019-09-16 15:18:42,713 - CPE27-HKG2-SINGLE-CPE-DUAL-INTERNET14 - INFO - sleeping 50 secs
2019-09-16 15:19:33,467 - CPE27-HKG2-SINGLE-CPE-DUAL-INTERNET14 - INFO - checking device info in VD.
2019-09-16 15:19:33,467 - CPE27-HKG2-SINGLE-CPE-DUAL-INTERNET14 - INFO - sleeping 50 secs
2019-09-16 15:20:24,197 - CPE27-HKG2-SINGLE-CPE-DUAL-INTERNET14 - INFO - checking device info in VD.
2019-09-16 15:20:24,197 - CPE27-HKG2-SINGLE-CPE-DUAL-INTERNET14 - INFO - sleeping 50 secs
2019-09-16 15:21:15,053 - CPE27-HKG2-SINGLE-CPE-DUAL-INTERNET14 - INFO - checking device info in VD.
2019-09-16 15:21:15,053 - CPE27-HKG2-SINGLE-CPE-DUAL-INTERNET14 - INFO - sleeping 50 secs
2019-09-16 15:22:05,864 - CPE27-HKG2-SINGLE-CPE-DUAL-INTERNET14 - INFO - checking device info in VD.
2019-09-16 15:22:05,864 - CPE27-HKG2-SINGLE-CPE-DUAL-INTERNET14 - INFO - sleeping 50 secs
2019-09-16 15:22:56,710 - CPE27-HKG2-SINGLE-CPE-DUAL-INTERNET14 - INFO - checking device info in VD.
2019-09-16 15:22:56,710 - CPE27-HKG2-SINGLE-CPE-DUAL-INTERNET14 - INFO - sleeping 50 secs
2019-09-16 15:23:47,473 - CPE27-HKG2-SINGLE-CPE-DUAL-INTERNET14 - INFO - checking device info in VD.
2019-09-16 15:23:47,473 - CPE27-HKG2-SINGLE-CPE-DUAL-INTERNET14 - INFO - sleeping 50 secs
2019-09-16 15:24:38,259 - CPE27-HKG2-SINGLE-CPE-DUAL-INTERNET14 - INFO - checking device info in VD.
2019-09-16 15:24:38,259 - CPE27-HKG2-SINGLE-CPE-DUAL-INTERNET14 - INFO - sleeping 50 secs
2019-09-16 15:25:29,223 - CPE27-HKG2-SINGLE-CPE-DUAL-INTERNET14 - INFO - checking device info in VD.
2019-09-16 15:25:29,223 - CPE27-HKG2-SINGLE-CPE-DUAL-INTERNET14 - INFO - sleeping 50 secs
2019-09-16 15:26:19,992 - CPE27-HKG2-SINGLE-CPE-DUAL-INTERNET14 - INFO - checking device info in VD.
2019-09-16 15:26:19,993 - CPE27-HKG2-SINGLE-CPE-DUAL-INTERNET14 - INFO - sleeping 50 secs
2019-09-16 15:27:10,851 - CPE27-HKG2-SINGLE-CPE-DUAL-INTERNET14 - INFO - checking device info in VD.
2019-09-16 15:27:10,851 - CPE27-HKG2-SINGLE-CPE-DUAL-INTERNET14 - INFO - sleeping 50 secs
2019-09-16 15:28:01,732 - CPE27-HKG2-SINGLE-CPE-DUAL-INTERNET14 - INFO - checking device info in VD.
2019-09-16 15:28:01,732 - CPE27-HKG2-SINGLE-CPE-DUAL-INTERNET14 - INFO - sleeping 50 secs
2019-09-16 15:28:52,680 - CPE27-HKG2-SINGLE-CPE-DUAL-INTERNET14 - INFO - checking device info in VD.
2019-09-16 15:28:52,680 - CPE27-HKG2-SINGLE-CPE-DUAL-INTERNET14 - INFO - sleeping 50 secs
2019-09-16 15:29:43,572 - CPE27-HKG2-SINGLE-CPE-DUAL-INTERNET14 - INFO - checking device info in VD.
2019-09-16 15:29:43,572 - CPE27-HKG2-SINGLE-CPE-DUAL-INTERNET14 - INFO - sleeping 50 secs
2019-09-16 15:30:34,473 - CPE27-HKG2-SINGLE-CPE-DUAL-INTERNET14 - INFO - checking device info in VD.
2019-09-16 15:30:34,473 - CPE27-HKG2-SINGLE-CPE-DUAL-INTERNET14 - INFO - sleeping 50 secs
2019-09-16 15:31:25,085 - CPE27-HKG2-SINGLE-CPE-DUAL-INTERNET14 - INFO - checking device info in VD.
2019-09-16 15:31:25,085 - CPE27-HKG2-SINGLE-CPE-DUAL-INTERNET14 - INFO - sleeping 50 secs
2019-09-16 15:32:15,976 - CPE27-HKG2-SINGLE-CPE-DUAL-INTERNET14 - INFO - 
 	 >>>>>>>>>>>> CPE ONBOARDING PASSED <<<<<<<<<<<<
 	 >>>>>>>>>>>>    CPE DETAILS        <<<<<<<<<<<<
2019-09-16 15:32:16,746 - CPE27-HKG2-SINGLE-CPE-DUAL-INTERNET14 - INFO - None
2019-09-16 15:32:16,763 - CPE27-HKG2-SINGLE-CPE-DUAL-INTERNET14 - INFO - CPE ONBOARDINIG SCRIPT COMPLETED
2019-09-16 15:32:16,763 - CPE27-HKG2-SINGLE-CPE-DUAL-INTERNET14 - INFO - Time elapsed: 0:18:50.087000

2019-09-16 15:32:16,763 - CPE27-HKG2-SINGLE-CPE-DUAL-INTERNET14 - INFO - LOG FILE PATH : C:\Softwares_mine\stefano\NV_REPOSITORY\csit/LOGS/2019_09_16_15_13_26_675000/MAIN.log
