2020-02-14 15:39:19,546 - CPE11-HKG-HYBRD-IPC00190 - DEBUG - <netmiko.versa.versa_ssh.VersaSSH object at 0x000000000E2B9208>
2020-02-14 15:39:24,750 - CPE11-HKG-HYBRD-IPC00190 - DEBUG - versa: Automated@VDir-BLR-NEW-01>
2020-02-14 15:39:48,723 - CPE12-HKG-HYBRD-IPC00190 - DEBUG - <netmiko.versa.versa_ssh.VersaSSH object at 0x000000000E2D9B70>
2020-02-14 15:39:53,926 - CPE12-HKG-HYBRD-IPC00190 - DEBUG - versa: Automated@VDir-BLR-NEW-01>
2020-02-14 15:41:04,644 - CPE11-HKG-HYBRD-IPC00190 - INFO - 
CREATE SLA profile

2020-02-14 15:41:06,108 - CPE11-HKG-HYBRD-IPC00190 - DEBUG - <Response [409]>
2020-02-14 15:41:06,108 - CPE11-HKG-HYBRD-IPC00190 - ERROR - {  "errors": {    "error": [      {        "error-message": "object already exists: /ncs:devices/ncs:device[ncs:name='CPE11-HKG-HYBRD-IPC00190']/ncs:config/org:orgs/org:org-services[org:name='IPC00190']/sdwan:sd-wan/sdwan:sla-profiles/sdwan:sla-profile[sdwan:name='sla_prf_1']",        "error-urlpath": "/api/config/devices/device/CPE11-HKG-HYBRD-IPC00190/config/org:orgs/org-services/IPC00190/sdwan:sd-wan/sla-profiles",        "error-tag": "data-exists"      }    ]  }}
2020-02-14 15:41:06,109 - CPE11-HKG-HYBRD-IPC00190 - INFO - 
FAIL : {  "errors": {    "error": [      {        "error-message": "object already exists: /ncs:devices/ncs:device[ncs:name='CPE11-HKG-HYBRD-IPC00190']/ncs:config/org:orgs/org:org-services[org:name='IPC00190']/sdwan:sd-wan/sdwan:sla-profiles/sdwan:sla-profile[sdwan:name='sla_prf_1']",        "error-urlpath": "/api/config/devices/device/CPE11-HKG-HYBRD-IPC00190/config/org:orgs/org-services/IPC00190/sdwan:sd-wan/sla-profiles",        "error-tag": "data-exists"      }    ]  }}
2020-02-14 15:41:06,111 - CPE11-HKG-HYBRD-IPC00190 - INFO - >>>>>>>>>> CREATE SLA Profile FAILED. <<<<<<<<<<<
2020-02-14 15:42:20,174 - CPE11-HKG-HYBRD-IPC00190 - INFO - 
CREATE SLA profile

2020-02-14 15:42:22,792 - CPE11-HKG-HYBRD-IPC00190 - DEBUG - <Response [409]>
2020-02-14 15:42:22,793 - CPE11-HKG-HYBRD-IPC00190 - ERROR - {  "errors": {    "error": [      {        "error-message": "object already exists: /ncs:devices/ncs:device[ncs:name='CPE11-HKG-HYBRD-IPC00190']/ncs:config/org:orgs/org:org-services[org:name='IPC00190']/sdwan:sd-wan/sdwan:sla-profiles/sdwan:sla-profile[sdwan:name='sla_prf_1']",        "error-urlpath": "/api/config/devices/device/CPE11-HKG-HYBRD-IPC00190/config/org:orgs/org-services/IPC00190/sdwan:sd-wan/sla-profiles",        "error-tag": "data-exists"      }    ]  }}
2020-02-14 15:42:22,795 - CPE11-HKG-HYBRD-IPC00190 - INFO - 
FAIL : {  "errors": {    "error": [      {        "error-message": "object already exists: /ncs:devices/ncs:device[ncs:name='CPE11-HKG-HYBRD-IPC00190']/ncs:config/org:orgs/org:org-services[org:name='IPC00190']/sdwan:sd-wan/sdwan:sla-profiles/sdwan:sla-profile[sdwan:name='sla_prf_1']",        "error-urlpath": "/api/config/devices/device/CPE11-HKG-HYBRD-IPC00190/config/org:orgs/org-services/IPC00190/sdwan:sd-wan/sla-profiles",        "error-tag": "data-exists"      }    ]  }}
2020-02-14 15:42:22,795 - CPE11-HKG-HYBRD-IPC00190 - INFO - >>>>>>>>>> CREATE SLA Profile FAILED. <<<<<<<<<<<
2020-02-14 15:42:45,134 - CPE11-HKG-HYBRD-IPC00190 - INFO - 
CREATE SLA profile

2020-02-14 15:42:46,937 - CPE11-HKG-HYBRD-IPC00190 - DEBUG - <Response [409]>
2020-02-14 15:42:46,937 - CPE11-HKG-HYBRD-IPC00190 - ERROR - {  "errors": {    "error": [      {        "error-message": "object already exists: /ncs:devices/ncs:device[ncs:name='CPE11-HKG-HYBRD-IPC00190']/ncs:config/org:orgs/org:org-services[org:name='IPC00190']/sdwan:sd-wan/sdwan:sla-profiles/sdwan:sla-profile[sdwan:name='SLA10']",        "error-urlpath": "/api/config/devices/device/CPE11-HKG-HYBRD-IPC00190/config/org:orgs/org-services/IPC00190/sdwan:sd-wan/sla-profiles",        "error-tag": "data-exists"      }    ]  }}
2020-02-14 15:42:46,941 - CPE11-HKG-HYBRD-IPC00190 - INFO - 
FAIL : {  "errors": {    "error": [      {        "error-message": "object already exists: /ncs:devices/ncs:device[ncs:name='CPE11-HKG-HYBRD-IPC00190']/ncs:config/org:orgs/org:org-services[org:name='IPC00190']/sdwan:sd-wan/sdwan:sla-profiles/sdwan:sla-profile[sdwan:name='SLA10']",        "error-urlpath": "/api/config/devices/device/CPE11-HKG-HYBRD-IPC00190/config/org:orgs/org-services/IPC00190/sdwan:sd-wan/sla-profiles",        "error-tag": "data-exists"      }    ]  }}
2020-02-14 15:42:46,943 - CPE11-HKG-HYBRD-IPC00190 - INFO - >>>>>>>>>> CREATE SLA Profile FAILED. <<<<<<<<<<<
2020-02-14 16:10:35,990 - CPE11-HKG-HYBRD-IPC00190 - INFO - 
CREATE FWD PROFILE

2020-02-14 16:10:43,207 - CPE11-HKG-HYBRD-IPC00190 - DEBUG - <Response [409]>
2020-02-14 16:10:43,207 - CPE11-HKG-HYBRD-IPC00190 - ERROR - {  "errors": {    "error": [      {        "error-message": "object already exists: /ncs:devices/ncs:device[ncs:name='CPE11-HKG-HYBRD-IPC00190']/ncs:config/org:orgs/org:org-services[org:name='IPC00190']/sdwan:sd-wan/sdwan:forwarding-profiles/sdwan:forwarding-profile[sdwan:name='FWP10']",        "error-urlpath": "/api/config/devices/device/CPE11-HKG-HYBRD-IPC00190/config/org:orgs/org-services/IPC00190/sdwan:sd-wan/forwarding-profiles",        "error-tag": "data-exists"      }    ]  }}
2020-02-14 16:10:43,207 - CPE11-HKG-HYBRD-IPC00190 - INFO - 
FAIL : {  "errors": {    "error": [      {        "error-message": "object already exists: /ncs:devices/ncs:device[ncs:name='CPE11-HKG-HYBRD-IPC00190']/ncs:config/org:orgs/org:org-services[org:name='IPC00190']/sdwan:sd-wan/sdwan:forwarding-profiles/sdwan:forwarding-profile[sdwan:name='FWP10']",        "error-urlpath": "/api/config/devices/device/CPE11-HKG-HYBRD-IPC00190/config/org:orgs/org-services/IPC00190/sdwan:sd-wan/forwarding-profiles",        "error-tag": "data-exists"      }    ]  }}
2020-02-14 16:10:43,207 - CPE11-HKG-HYBRD-IPC00190 - INFO - >>>>>>>>>> FORWARDING PROFILE CREATION FAILED. <<<<<<<<<<<
2020-02-14 16:14:04,141 - CPE11-HKG-HYBRD-IPC00190 - INFO - 
CREATE IPaddress Object

2020-02-14 16:14:05,734 - CPE11-HKG-HYBRD-IPC00190 - DEBUG - <Response [409]>
2020-02-14 16:14:05,734 - CPE11-HKG-HYBRD-IPC00190 - ERROR - {  "errors": {    "error": [      {        "error-message": "object already exists: /ncs:devices/ncs:device[ncs:name='CPE11-HKG-HYBRD-IPC00190']/ncs:config/org:orgs/org:org-services[org:name='IPC00190']/security:objects/security:addresses/security:address[security:name='Dest_ip_add10']",        "error-urlpath": "/api/config/devices/device/CPE11-HKG-HYBRD-IPC00190/config/org:orgs/org-services/IPC00190/security:objects/addresses",        "error-tag": "data-exists"      }    ]  }}
2020-02-14 16:14:05,750 - CPE11-HKG-HYBRD-IPC00190 - INFO - 
FAIL : {  "errors": {    "error": [      {        "error-message": "object already exists: /ncs:devices/ncs:device[ncs:name='CPE11-HKG-HYBRD-IPC00190']/ncs:config/org:orgs/org:org-services[org:name='IPC00190']/security:objects/security:addresses/security:address[security:name='Dest_ip_add10']",        "error-urlpath": "/api/config/devices/device/CPE11-HKG-HYBRD-IPC00190/config/org:orgs/org-services/IPC00190/security:objects/addresses",        "error-tag": "data-exists"      }    ]  }}
2020-02-14 16:14:05,750 - CPE11-HKG-HYBRD-IPC00190 - INFO - >>>>>>>>>> ADDRESS OBJECT CREATION FAILED. <<<<<<<<<<<
2020-02-14 16:15:59,677 - CPE11-HKG-HYBRD-IPC00190 - INFO - 
CREATE IPaddress Object

2020-02-14 16:16:02,631 - CPE11-HKG-HYBRD-IPC00190 - DEBUG - <Response [201]>
2020-02-14 16:16:02,631 - CPE11-HKG-HYBRD-IPC00190 - INFO - 
PASS
2020-02-14 16:16:02,631 - CPE11-HKG-HYBRD-IPC00190 - INFO - >>>>>>>>>> ADDRESS OBJECT CREATION PASSED. <<<<<<<<<<<
2020-02-14 16:17:25,252 - CPE11-HKG-HYBRD-IPC00190 - INFO - 
CREATE Policy rule

2020-02-14 16:17:26,986 - CPE11-HKG-HYBRD-IPC00190 - DEBUG - <Response [409]>
2020-02-14 16:17:26,986 - CPE11-HKG-HYBRD-IPC00190 - ERROR - {  "errors": {    "error": [      {        "error-message": "object already exists: /ncs:devices/ncs:device[ncs:name='CPE11-HKG-HYBRD-IPC00190']/ncs:config/org:orgs/org:org-services[org:name='IPC00190']/sdwan:sd-wan/sdwan:policies/sdwan:sdwan-policy-group[sdwan:name='Default-Policy']/sdwan:rules/sdwan:rule[sdwan:name='ts_Destipaddr10']",        "error-urlpath": "/api/config/devices/device/CPE11-HKG-HYBRD-IPC00190/config/org:orgs/org-services/IPC00190/sdwan:sd-wan/policies/sdwan-policy-group/Default-Policy/rules",        "error-tag": "data-exists"      }    ]  }}
2020-02-14 16:17:26,986 - CPE11-HKG-HYBRD-IPC00190 - INFO - 
FAIL : {  "errors": {    "error": [      {        "error-message": "object already exists: /ncs:devices/ncs:device[ncs:name='CPE11-HKG-HYBRD-IPC00190']/ncs:config/org:orgs/org:org-services[org:name='IPC00190']/sdwan:sd-wan/sdwan:policies/sdwan:sdwan-policy-group[sdwan:name='Default-Policy']/sdwan:rules/sdwan:rule[sdwan:name='ts_Destipaddr10']",        "error-urlpath": "/api/config/devices/device/CPE11-HKG-HYBRD-IPC00190/config/org:orgs/org-services/IPC00190/sdwan:sd-wan/policies/sdwan-policy-group/Default-Policy/rules",        "error-tag": "data-exists"      }    ]  }}
2020-02-14 16:17:26,986 - CPE11-HKG-HYBRD-IPC00190 - INFO - >>>>>>>>>> CREATE POLICY RULE FAILED. <<<<<<<<<<<
2020-02-14 16:20:40,523 - CPE11-HKG-HYBRD-IPC00190 - INFO - 
CREATE SLA profile

2020-02-14 16:20:41,914 - CPE11-HKG-HYBRD-IPC00190 - DEBUG - <Response [409]>
2020-02-14 16:20:41,914 - CPE11-HKG-HYBRD-IPC00190 - ERROR - {  "errors": {    "error": [      {        "error-message": "object already exists: /ncs:devices/ncs:device[ncs:name='CPE11-HKG-HYBRD-IPC00190']/ncs:config/org:orgs/org:org-services[org:name='IPC00190']/sdwan:sd-wan/sdwan:sla-profiles/sdwan:sla-profile[sdwan:name='sla_prf_1']",        "error-urlpath": "/api/config/devices/device/CPE11-HKG-HYBRD-IPC00190/config/org:orgs/org-services/IPC00190/sdwan:sd-wan/sla-profiles",        "error-tag": "data-exists"      }    ]  }}
2020-02-14 16:20:41,930 - CPE11-HKG-HYBRD-IPC00190 - INFO - 
FAIL : {  "errors": {    "error": [      {        "error-message": "object already exists: /ncs:devices/ncs:device[ncs:name='CPE11-HKG-HYBRD-IPC00190']/ncs:config/org:orgs/org:org-services[org:name='IPC00190']/sdwan:sd-wan/sdwan:sla-profiles/sdwan:sla-profile[sdwan:name='sla_prf_1']",        "error-urlpath": "/api/config/devices/device/CPE11-HKG-HYBRD-IPC00190/config/org:orgs/org-services/IPC00190/sdwan:sd-wan/sla-profiles",        "error-tag": "data-exists"      }    ]  }}
2020-02-14 16:20:41,930 - CPE11-HKG-HYBRD-IPC00190 - INFO - >>>>>>>>>> CREATE SLA Profile FAILED. <<<<<<<<<<<
