2020-05-20 12:16:08,631 - CPE27-SIN-DUAL-CPE-DUAL-MPLS-IPC00190-S - INFO - LOG FILE PATH : C:\Softwares_mine\stefano\NV_REPOSITORY\csit/LOGS/2020_05_20_12_15_49_170000/MAIN.log
2020-05-20 12:16:08,631 - CPE27-SIN-DUAL-CPE-DUAL-MPLS-IPC00190-S - INFO - CPE NAME:CPE27-SIN-DUAL-CPE-DUAL-MPLS-IPC00190-S
2020-05-20 12:16:09,631 - CPE27-SIN-DUAL-CPE-DUAL-MPLS-IPC00190-S - INFO - SOLUTION SELECTED:DUAL-CPE-DUAL-MPLS
2020-05-20 12:16:10,914 - CPE27-SIN-DUAL-CPE-DUAL-MPLS-IPC00190-S - DEBUG - {u'versanms.sdwan-org-workflow': {u'ikeAuthType': u'psk', u'globalId': 90, u'orgName': u'IPC00190', u'controllers': [u'NV-WC01-N1-HKG', u'NV-WC01-N6-SIN', u'NV-WC02-N1-HKG', u'NV-WC02-N6-SIN'], u'bandwidth': 10, u'parentOrg': u'Colt', u'vrfs': [{u'name': u'LAN1-VRF', u'enableVPN': True, u'id': 1020}, {u'name': u'LAN2-VRF', u'enableVPN': True, u'id': 1021}, {u'name': u'LAN3-VRF', u'enableVPN': True, u'id': 1022}, {u'name': u'LAN4-VRF', u'enableVPN': True, u'id': 1023}, {u'name': u'LAN5-VRF', u'enableVPN': True, u'id': 1024}, {u'name': u'LAN6-VRF', u'enableVPN': True, u'id': 1025}, {u'name': u'LAN7-VRF', u'enableVPN': True, u'id': 1026}, {u'name': u'LAN8-VRF', u'enableVPN': True, u'id': 1027}, {u'name': u'LAN9-VRF', u'enableVPN': True, u'id': 1028}, {u'name': u'LAN10-VRF', u'enableVPN': True, u'id': 1029}], u'solutionTier': u'base-sdwan', u'sharedControlPlane': False}}
2020-05-20 12:16:10,921 - CPE27-SIN-DUAL-CPE-DUAL-MPLS-IPC00190-S - INFO - 
STEP :CHECK ORG is available in Controller NV-WC01-N1-HKG
2020-05-20 12:16:10,921 - CPE27-SIN-DUAL-CPE-DUAL-MPLS-IPC00190-S - INFO - PASS
2020-05-20 12:16:11,315 - CPE27-SIN-DUAL-CPE-DUAL-MPLS-IPC00190-S - DEBUG - {u'versanms.sdwan-org-workflow': {u'ikeAuthType': u'psk', u'globalId': 90, u'orgName': u'IPC00190', u'controllers': [u'NV-WC01-N1-HKG', u'NV-WC01-N6-SIN', u'NV-WC02-N1-HKG', u'NV-WC02-N6-SIN'], u'bandwidth': 10, u'parentOrg': u'Colt', u'vrfs': [{u'name': u'LAN1-VRF', u'enableVPN': True, u'id': 1020}, {u'name': u'LAN2-VRF', u'enableVPN': True, u'id': 1021}, {u'name': u'LAN3-VRF', u'enableVPN': True, u'id': 1022}, {u'name': u'LAN4-VRF', u'enableVPN': True, u'id': 1023}, {u'name': u'LAN5-VRF', u'enableVPN': True, u'id': 1024}, {u'name': u'LAN6-VRF', u'enableVPN': True, u'id': 1025}, {u'name': u'LAN7-VRF', u'enableVPN': True, u'id': 1026}, {u'name': u'LAN8-VRF', u'enableVPN': True, u'id': 1027}, {u'name': u'LAN9-VRF', u'enableVPN': True, u'id': 1028}, {u'name': u'LAN10-VRF', u'enableVPN': True, u'id': 1029}], u'solutionTier': u'base-sdwan', u'sharedControlPlane': False}}
2020-05-20 12:16:11,316 - CPE27-SIN-DUAL-CPE-DUAL-MPLS-IPC00190-S - INFO - 
STEP :CHECK ORG is available in Controller NV-WC02-N6-SIN
2020-05-20 12:16:11,316 - CPE27-SIN-DUAL-CPE-DUAL-MPLS-IPC00190-S - INFO - PASS
2020-05-20 12:16:11,693 - CPE27-SIN-DUAL-CPE-DUAL-MPLS-IPC00190-S - DEBUG - {u'versanms.sdwan-org-workflow': {u'ikeAuthType': u'psk', u'globalId': 90, u'orgName': u'IPC00190', u'controllers': [u'NV-WC01-N1-HKG', u'NV-WC01-N6-SIN', u'NV-WC02-N1-HKG', u'NV-WC02-N6-SIN'], u'bandwidth': 10, u'parentOrg': u'Colt', u'vrfs': [{u'name': u'LAN1-VRF', u'enableVPN': True, u'id': 1020}, {u'name': u'LAN2-VRF', u'enableVPN': True, u'id': 1021}, {u'name': u'LAN3-VRF', u'enableVPN': True, u'id': 1022}, {u'name': u'LAN4-VRF', u'enableVPN': True, u'id': 1023}, {u'name': u'LAN5-VRF', u'enableVPN': True, u'id': 1024}, {u'name': u'LAN6-VRF', u'enableVPN': True, u'id': 1025}, {u'name': u'LAN7-VRF', u'enableVPN': True, u'id': 1026}, {u'name': u'LAN8-VRF', u'enableVPN': True, u'id': 1027}, {u'name': u'LAN9-VRF', u'enableVPN': True, u'id': 1028}, {u'name': u'LAN10-VRF', u'enableVPN': True, u'id': 1029}], u'solutionTier': u'base-sdwan', u'sharedControlPlane': False}}
2020-05-20 12:16:11,693 - CPE27-SIN-DUAL-CPE-DUAL-MPLS-IPC00190-S - INFO - 
STEP :CHECK ORG is available in Controller NV-WC01-N6-SIN
2020-05-20 12:16:11,694 - CPE27-SIN-DUAL-CPE-DUAL-MPLS-IPC00190-S - INFO - PASS
2020-05-20 12:16:11,694 - CPE27-SIN-DUAL-CPE-DUAL-MPLS-IPC00190-S - INFO - 
STEP :ONBOARD CALL
2020-05-20 12:16:11,719 - CPE27-SIN-DUAL-CPE-DUAL-MPLS-IPC00190-S - DEBUG - 
sudo /opt/versa/scripts/staging.py -w 1 -c 10.63.77.14 -s 172.16.7.106/30 -g 172.16.7.105 -l IPC00190-CPE27-SIN-DUAL-CPE-DUAL-MPLS-IPC00190-S@colt.net -lk CPE27-SIN-DUAL-CPE-DUAL-MPLS-IPC00190-S  -r NV-WC02-N6-SIN@colt.net -rk 1234

2020-05-20 12:16:15,890 - CPE27-SIN-DUAL-CPE-DUAL-MPLS-IPC00190-S - DEBUG - <netmiko.linux.linux_ssh.LinuxSSH object at 0x000000000D279978>
2020-05-20 12:16:16,292 - CPE27-SIN-DUAL-CPE-DUAL-MPLS-IPC00190-S - DEBUG - [sudo] password for admin: 
2020-05-20 12:16:16,697 - CPE27-SIN-DUAL-CPE-DUAL-MPLS-IPC00190-S - DEBUG - E27-SIN-DUAL-CPE-HYB-IPC00190-S: ~] # 
2020-05-20 12:16:17,099 - CPE27-SIN-DUAL-CPE-DUAL-MPLS-IPC00190-S - DEBUG - exit
2020-05-20 12:16:17,302 - CPE27-SIN-DUAL-CPE-DUAL-MPLS-IPC00190-S - DEBUG - linux: [admin@CPE27-SIN-DUAL-CPE-HYB-IPC00190-S: ~] #
2020-05-20 12:16:17,704 - CPE27-SIN-DUAL-CPE-DUAL-MPLS-IPC00190-S - DEBUG - vsh allow-cli
Enter password: 
2020-05-20 12:16:18,108 - CPE27-SIN-DUAL-CPE-DUAL-MPLS-IPC00190-S - DEBUG - 

CLI now allowed
[admin@CPE27-SIN-DUAL-CPE-HYB-IPC00190-S: ~] # 
2020-05-20 12:16:18,528 - CPE27-SIN-DUAL-CPE-DUAL-MPLS-IPC00190-S - DEBUG - cli
Access to this network/system is limited to users authorised by Colt for its legitimate business purposes. Unauthorised access, use, installation of files or modification of any data is prohibited. Use of this system/network will be audited

             .---.,
            (      ``.
       _     \        )    __      ________ _____   _____
      (  `.   \      /     \ \    / /  ____|  __ \ / ____|  /\
       \    `. )    /       \ \  / /| |__  | |__) | (___   /  \
        \     |    /         \ \/ / |  __| |  _  / \___ \ / /\ \
         \    |   /           \  /  | |____| | \ \ ____) / ____ \
          \   |  /             \/   |______|_|  \_\_____/_/    \_\
           \  | /
            \_|/                   _  _ ___ _______      _____  ___ _  _____
                                  | \| | __|_   _\ \    / / _ \| _ \ |/ / __|
                                  | .` | _|  | |  \ \/\/ / (_) |   / ' <\__ \
                                  |_|\_|___| |_|   \_/\_/ \___/|_|_\_|\_\___/



admin connected from 10.91.194.83 using ssh on CPE27-SIN-DUAL-CPE-HYB-IPC00190-S
[?7hadmin@CPE27-SIN-DUAL-CPE-HYB-IPC00190-S-cli> 
2020-05-20 12:16:18,930 - CPE27-SIN-DUAL-CPE-DUAL-MPLS-IPC00190-S - DEBUG - request erase running-config
Will delete the running config and restart Versa
Services. Are you sure? [no,yes] 
2020-05-20 12:16:28,760 - CPE27-SIN-DUAL-CPE-DUAL-MPLS-IPC00190-S - DEBUG - yes
status  Erasing config and restarting services 
[ok][2020-05-20 06:48:04]
admin@CPE27-SIN-DUAL-CPE-HYB-IPC00190-S-cli> 
System message at 2020-05-20 06:48:08...
    Subsystem stopped: eventd
admin@CPE27-SIN-DUAL-CPE-HYB-IPC00190-S-cli> 
System message at 2020-05-20 06:48:08...
    Subsystem stopped: acctmgrd
admin@CPE27-SIN-DUAL-CPE-HYB-IPC00190-S-cli> 
System message at 2020-05-20 06:48:08...
    Subsystem stopped: router-dcl
admin@CPE27-SIN-DUAL-CPE-HYB-IPC00190-S-cli> 
System message at 2020-05-20 06:48:08...
    Subsystem stopped: snmp-config-transform
admin@CPE27-SIN-DUAL-CPE-HYB-IPC00190-S-cli> 
System message at 2020-05-20 06:48:08...
    Subsystem stopped: snmp-config-hook
admin@CPE27-SIN-DUAL-CPE-HYB-IPC00190-S-cli> 
System message at 2020-05-20 06:48:08...
    Subsystem stopped: versa-vmod
admin@CPE27-SIN-DUAL-CPE-HYB-IPC00190-S-cli> 
System message at 2020-05-20 06:48:08...
    Subsystem stopped: rtd-mgmt-thread
admin@CPE27-SIN-DUAL-CPE-HYB-IPC00190-S-cli> 
System message at 2020-05-20 06:48:08...
    Subsystem stopped: infmgr
admin@CPE27-SIN-DUAL-CPE-HYB-IPC00190-S-cli> [admin@CPE27-SIN-DUAL-CPE-HYB-IPC00190-S: ~] # 
2020-05-20 12:16:29,364 - CPE27-SIN-DUAL-CPE-DUAL-MPLS-IPC00190-S - DEBUG - process not up. Please wait for it to come up
2020-05-20 12:16:29,980 - CPE27-SIN-DUAL-CPE-DUAL-MPLS-IPC00190-S - DEBUG - vsh status

~~~~~~~~~~~~~~~~~~~~~~~~~~~~~~~~~~~~~~~~~~~~~~~~~~~~~~~~~~~~~~~~~

The product evaluation period has expired.
 Please contact Versa Support (support@versa-networks.com) 

~~~~~~~~~~~~~~~~~~~~~~~~~~~~~~~~~~~~~~~~~~~~~~~~~~~~~~~~~~~~~~~~~

versa-service          is Stopped           
versa-infmgr           is Stopped           
versa-rfd              is Stopped           
versa-vmod             is Stopped           
versa-ip2user          is Stopped           
versa-imgr             is Stopped           
versa-acctmgrd         is Stopped           
versa-fltrmgr          is Stopped           
versa-vstated          is Stopped           
versa-spack            is Stopped           
versa-addrmgrd         is Stopped           
versa-rt-cli-xfm       is Stopped           
versa-rtd              is Stopped           
versa-dhcpd            is Stopped           
versa-eventd           is Stopped           
versa-vrrpd            is Stopped           
versa-dnsd             is Stopped           
versa-ppmd             is Stopped           
versa-snmp-xform       is Stopped           
versa-certd            is Stopped           
versa-ntpd             is Stopped           
versa-dhclient6        is Stopped           
versa-redis            is Stopped           
versa-av-redis         is Stopped           
versa-spackmgr         is Stopped           
versa-devmgr           is Stopped           
versa-monit            is Stopped           
versa-confd            is Running,          [-] process 1549
versa-fail2ban         is Stopped           
versa-auditd           is Stopped           
versa-nodejs           is Stopped           
[admin@CPE27-SIN-DUAL-CPE-HYB-IPC00190-S: ~] # 
2020-05-20 12:16:39,980 - CPE27-SIN-DUAL-CPE-DUAL-MPLS-IPC00190-S - DEBUG - process not up. Please wait for it to come up
2020-05-20 12:16:40,584 - CPE27-SIN-DUAL-CPE-DUAL-MPLS-IPC00190-S - DEBUG - vsh status

~~~~~~~~~~~~~~~~~~~~~~~~~~~~~~~~~~~~~~~~~~~~~~~~~~~~~~~~~~~~~~~~~

The product evaluation period has expired.
 Please contact Versa Support (support@versa-networks.com) 

~~~~~~~~~~~~~~~~~~~~~~~~~~~~~~~~~~~~~~~~~~~~~~~~~~~~~~~~~~~~~~~~~

versa-service          is Stopped           
versa-infmgr           is Stopped           
versa-rfd              is Stopped           
versa-vmod             is Stopped           
versa-ip2user          is Stopped           
versa-imgr             is Stopped           
versa-acctmgrd         is Stopped           
versa-fltrmgr          is Stopped           
versa-vstated          is Stopped           
versa-spack            is Stopped           
versa-addrmgrd         is Stopped           
versa-rt-cli-xfm       is Stopped           
versa-rtd              is Stopped           
versa-dhcpd            is Stopped           
versa-eventd           is Stopped           
versa-vrrpd            is Stopped           
versa-dnsd             is Stopped           
versa-ppmd             is Stopped           
versa-snmp-xform       is Stopped           
versa-certd            is Stopped           
versa-ntpd             is Stopped           
versa-dhclient6        is Stopped           
versa-redis            is Stopped           
versa-av-redis         is Stopped           
versa-spackmgr         is Stopped           
versa-devmgr           is Stopped           
versa-monit            is Stopped           
versa-confd            is Stopped           
versa-fail2ban         is Stopped           
versa-auditd           is Stopped           
versa-nodejs           is Stopped           
[admin@CPE27-SIN-DUAL-CPE-HYB-IPC00190-S: ~] # 
2020-05-20 12:16:50,585 - CPE27-SIN-DUAL-CPE-DUAL-MPLS-IPC00190-S - DEBUG - process not up. Please wait for it to come up
2020-05-20 12:16:51,993 - CPE27-SIN-DUAL-CPE-DUAL-MPLS-IPC00190-S - DEBUG - vsh status

~~~~~~~~~~~~~~~~~~~~~~~~~~~~~~~~~~~~~~~~~~~~~~~~~~~~~~~~~~~~~~~~~

The product evaluation period has expired.
 Please contact Versa Support (support@versa-networks.com) 

~~~~~~~~~~~~~~~~~~~~~~~~~~~~~~~~~~~~~~~~~~~~~~~~~~~~~~~~~~~~~~~~~


~~~~~~~~~~~~~~~~~~~~~~~~~~~~~~~~~~~~~~~~~~~~~~~~~~~~~~~~~~~~~~~~~

Netconf traffic yet to be allowed 

~~~~~~~~~~~~~~~~~~~~~~~~~~~~~~~~~~~~~~~~~~~~~~~~~~~~~~~~~~~~~~~~~

versa-service          is Running,          [*] process 10582
versa-infmgr           is Running,          [-] process 10431
versa-rfd              is Stopped           
versa-vmod             is Stopped           
versa-ip2user          is Stopped           
versa-imgr             is Stopped           
versa-acctmgrd         is Stopped           
versa-fltrmgr          is Running,          [-] process 10437
versa-vstated          is Running,          [-] process 10433
versa-spack            is Stopped           
versa-addrmgrd         is Stopped           
versa-rt-cli-xfm       is Stopped           
versa-rtd              is Stopped           
versa-dhcpd            is Running,          [-] process 10432
versa-eventd           is Stopped           
versa-vrrpd            is Running,          [-] process 10439
versa-dnsd             is Running,          [-] process 10436
versa-ppmd             is Stopped           
versa-snmp-xform       is Stopped           
versa-certd            is Stopped           
versa-ntpd             is Running,          [*] process 10416
versa-dhclient6        is Stopped           
versa-redis            is Running,          [-] process 10193
versa-av-redis         is Running,          [-] process 10194
versa-spackmgr         is Stopped           
versa-devmgr           is Stopped           
versa-monit            is Stopped           
versa-confd            is Running,          [*] process 10156
versa-fail2ban         is Stopped           
versa-auditd           is Stopped           
versa-nodejs           is Stopped           
[admin@CPE27-SIN-DUAL-CPE-HYB-IPC00190-S: ~] # 
2020-05-20 12:17:01,994 - CPE27-SIN-DUAL-CPE-DUAL-MPLS-IPC00190-S - DEBUG - process not up. Please wait for it to come up
2020-05-20 12:17:04,000 - CPE27-SIN-DUAL-CPE-DUAL-MPLS-IPC00190-S - DEBUG - vsh status

~~~~~~~~~~~~~~~~~~~~~~~~~~~~~~~~~~~~~~~~~~~~~~~~~~~~~~~~~~~~~~~~~

The product evaluation period has expired.
 Please contact Versa Support (support@versa-networks.com) 

~~~~~~~~~~~~~~~~~~~~~~~~~~~~~~~~~~~~~~~~~~~~~~~~~~~~~~~~~~~~~~~~~


~~~~~~~~~~~~~~~~~~~~~~~~~~~~~~~~~~~~~~~~~~~~~~~~~~~~~~~~~~~~~~~~~

Netconf traffic yet to be allowed 

~~~~~~~~~~~~~~~~~~~~~~~~~~~~~~~~~~~~~~~~~~~~~~~~~~~~~~~~~~~~~~~~~

versa-service          is Running,          [*] process 10582
versa-infmgr           is Running,          [-] process 10431
versa-rfd              is Running,          [-] process 10946
versa-vmod             is Running,          [-] process 10943
versa-ip2user          is Running,          [-] process 10959
versa-imgr             is Running,          [-] process 10950
versa-acctmgrd         is Running,          [-] process 10937
versa-fltrmgr          is Running,          [-] process 10437
versa-vstated          is Running,          [-] process 10433
versa-spack            is Running,          [-] process 11139
versa-addrmgrd         is Running,          [-] process 10957
versa-rt-cli-xfm       is Running,          [-] process 10902
versa-rtd              is Running,          [-] process 10928
versa-dhcpd            is Running,          [-] process 10432
versa-eventd           is Running,          [-] process 10954
versa-vrrpd            is Running,          [-] process 10439
versa-dnsd             is Running,          [-] process 10436
versa-ppmd             is Running,          [-] process 10894
versa-snmp-xform       is Running,          [-] process 10910
versa-certd            is Running,          [-] process 10951
versa-ntpd             is Running,          [*] process 10416
versa-dhclient6        is Running,          [-] process 10912
versa-redis            is Running,          [-] process 10193
versa-av-redis         is Running,          [-] process 10194
versa-spackmgr         is Running,          [-] process 10930
versa-devmgr           is Running,          [-] process 11063
versa-monit            is Running,          [*] process 11168
versa-confd            is Running,          [*] process 10156
versa-fail2ban         is Running,          [*] process 11183
versa-auditd           is Running,          [*] process 11196
versa-nodejs           is Running,          [-] process 10843
[admin@CPE27-SIN-DUAL-CPE-HYB-IPC00190-S: ~] # 
2020-05-20 12:17:14,002 - CPE27-SIN-DUAL-CPE-DUAL-MPLS-IPC00190-S - DEBUG - process not up. Please wait for it to come up
2020-05-20 12:17:15,809 - CPE27-SIN-DUAL-CPE-DUAL-MPLS-IPC00190-S - DEBUG - vsh status

~~~~~~~~~~~~~~~~~~~~~~~~~~~~~~~~~~~~~~~~~~~~~~~~~~~~~~~~~~~~~~~~~

The product evaluation period has expired.
 Please contact Versa Support (support@versa-networks.com) 

~~~~~~~~~~~~~~~~~~~~~~~~~~~~~~~~~~~~~~~~~~~~~~~~~~~~~~~~~~~~~~~~~

versa-service          is Running,          [*] process 10582
versa-infmgr           is Running,          [-] process 10431
versa-rfd              is Running,          [-] process 10946
versa-vmod             is Running,          [-] process 10943
versa-ip2user          is Running,          [-] process 10959
versa-imgr             is Running,          [-] process 10950
versa-acctmgrd         is Running,          [-] process 10937
versa-fltrmgr          is Running,          [-] process 10437
versa-vstated          is Running,          [-] process 10433
versa-spack            is Running,          [-] process 11139
versa-addrmgrd         is Running,          [-] process 10957
versa-rt-cli-xfm       is Running,          [-] process 10902
versa-rtd              is Running,          [-] process 10928
versa-dhcpd            is Running,          [-] process 10432
versa-eventd           is Running,          [-] process 10954
versa-vrrpd            is Running,          [-] process 10439
versa-dnsd             is Running,          [-] process 10436
versa-ppmd             is Running,          [-] process 10894
versa-snmp-xform       is Running,          [-] process 10910
versa-certd            is Running,          [-] process 10951
versa-ntpd             is Running,          [*] process 10416
versa-dhclient6        is Running,          [-] process 10912
versa-redis            is Running,          [-] process 11979
versa-av-redis         is Running,          [-] process 10194
versa-spackmgr         is Running,          [-] process 10930
versa-devmgr           is Running,          [-] process 11063
versa-monit            is Running,          [*] process 11168
versa-confd            is Running,          [*] process 10156
versa-fail2ban         is Running,          [*] process 11183
versa-auditd           is Running,          [*] process 11196
versa-nodejs           is Running,          [-] process 10843
[admin@CPE27-SIN-DUAL-CPE-HYB-IPC00190-S: ~] # 
2020-05-20 12:17:25,819 - CPE27-SIN-DUAL-CPE-DUAL-MPLS-IPC00190-S - DEBUG - After breaking while
2020-05-20 12:17:27,543 - CPE27-SIN-DUAL-CPE-DUAL-MPLS-IPC00190-S - DEBUG - 
~~~~~~~~~~~~~~~~~~~~~~~~~~~~~~~~~~~~~~~~~~~~~~~~~~~~~~~~~~~~~~~~~

The product evaluation period has expired.
 Please contact Versa Support (support@versa-networks.com) 

~~~~~~~~~~~~~~~~~~~~~~~~~~~~~~~~~~~~~~~~~~~~~~~~~~~~~~~~~~~~~~~~~

versa-service          is Running,          [*] process 10582
versa-infmgr           is Running,          [-] process 10431
versa-rfd              is Running,          [-] process 10946
versa-vmod             is Running,          [-] process 10943
versa-ip2user          is Running,          [-] process 10959
versa-imgr             is Running,          [-] process 10950
versa-acctmgrd         is Running,          [-] process 10937
versa-fltrmgr          is Running,          [-] process 10437
versa-vstated          is Running,          [-] process 10433
versa-spack            is Running,          [-] process 11139
versa-addrmgrd         is Running,          [-] process 10957
versa-rt-cli-xfm       is Running,          [-] process 10902
versa-rtd              is Running,          [-] process 10928
versa-dhcpd            is Running,          [-] process 10432
versa-eventd           is Running,          [-] process 10954
versa-vrrpd            is Running,          [-] process 10439
versa-dnsd             is Running,          [-] process 10436
versa-ppmd             is Running,          [-] process 10894
versa-snmp-xform       is Running,          [-] process 10910
versa-certd            is Running,          [-] process 10951
versa-ntpd             is Running,          [*] process 10416
versa-dhclient6        is Running,          [-] process 10912
versa-redis            is Running,          [-] process 11979
versa-av-redis         is Running,          [-] process 10194
versa-spackmgr         is Running,          [-] process 10930
versa-devmgr           is Running,          [-] process 11063
versa-monit            is Running,          [*] process 11168
versa-confd            is Running,          [*] process 10156
versa-fail2ban         is Running,          [*] process 11183
versa-auditd           is Running,          [*] process 11196
versa-nodejs           is Running,          [-] process 10843
2020-05-20 12:17:27,970 - CPE27-SIN-DUAL-CPE-DUAL-MPLS-IPC00190-S - DEBUG - CPE27april28
2020-05-20 12:17:28,401 - CPE27-SIN-DUAL-CPE-DUAL-MPLS-IPC00190-S - DEBUG - CPE27may8
2020-05-20 12:17:28,831 - CPE27-SIN-DUAL-CPE-DUAL-MPLS-IPC00190-S - DEBUG - CPE27may8
2020-05-20 12:17:29,249 - CPE27-SIN-DUAL-CPE-DUAL-MPLS-IPC00190-S - DEBUG - LS-IPC00190- 
S  -r NV-WC02-N6-SIN@colt.net -rk 1234

2020-05-20 12:17:50,282 - CPE27-SIN-DUAL-CPE-DUAL-MPLS-IPC00190-S - INFO - checking device info in VD.
2020-05-20 12:17:50,282 - CPE27-SIN-DUAL-CPE-DUAL-MPLS-IPC00190-S - INFO - sleeping 60 secs
2020-05-20 12:18:51,290 - CPE27-SIN-DUAL-CPE-DUAL-MPLS-IPC00190-S - INFO - checking device info in VD.
2020-05-20 12:18:51,290 - CPE27-SIN-DUAL-CPE-DUAL-MPLS-IPC00190-S - INFO - sleeping 60 secs
2020-05-20 12:19:52,470 - CPE27-SIN-DUAL-CPE-DUAL-MPLS-IPC00190-S - INFO - checking device info in VD.
2020-05-20 12:19:52,470 - CPE27-SIN-DUAL-CPE-DUAL-MPLS-IPC00190-S - INFO - sleeping 60 secs
2020-05-20 12:20:53,710 - CPE27-SIN-DUAL-CPE-DUAL-MPLS-IPC00190-S - INFO - checking device info in VD.
2020-05-20 12:20:53,710 - CPE27-SIN-DUAL-CPE-DUAL-MPLS-IPC00190-S - INFO - sleeping 60 secs
2020-05-20 12:21:54,746 - CPE27-SIN-DUAL-CPE-DUAL-MPLS-IPC00190-S - INFO - checking device info in VD.
2020-05-20 12:21:54,746 - CPE27-SIN-DUAL-CPE-DUAL-MPLS-IPC00190-S - INFO - sleeping 60 secs
2020-05-20 12:22:55,753 - CPE27-SIN-DUAL-CPE-DUAL-MPLS-IPC00190-S - INFO - checking device info in VD.
2020-05-20 12:22:55,753 - CPE27-SIN-DUAL-CPE-DUAL-MPLS-IPC00190-S - INFO - sleeping 60 secs
2020-05-20 12:23:56,760 - CPE27-SIN-DUAL-CPE-DUAL-MPLS-IPC00190-S - INFO - checking device info in VD.
2020-05-20 12:23:56,762 - CPE27-SIN-DUAL-CPE-DUAL-MPLS-IPC00190-S - INFO - sleeping 60 secs
2020-05-20 12:24:57,865 - CPE27-SIN-DUAL-CPE-DUAL-MPLS-IPC00190-S - INFO - checking device info in VD.
2020-05-20 12:24:57,865 - CPE27-SIN-DUAL-CPE-DUAL-MPLS-IPC00190-S - INFO - sleeping 60 secs
