2020-02-20 16:19:51,635 - VD1 - DEBUG - <netmiko.versa.versa_ssh.VersaSSH object at 0x000000000FE6BE48>
2020-02-20 16:19:56,841 - VD1 - DEBUG - versa: Automated@VDir-BLR-NEW-01>
2020-02-20 16:20:01,563 - CPE11-HKG-HYBRD-IPC00190 - DEBUG - <netmiko.versa.versa_ssh.VersaSSH object at 0x000000000FEEAE48>
2020-02-20 16:20:06,792 - CPE11-HKG-HYBRD-IPC00190 - DEBUG - versa: Automated@VDir-BLR-NEW-01>
2020-02-20 16:20:30,905 - CPE12-HKG-HYBRD-IPC00190 - DEBUG - <netmiko.versa.versa_ssh.VersaSSH object at 0x000000000FF0CC50>
2020-02-20 16:20:36,112 - CPE12-HKG-HYBRD-IPC00190 - DEBUG - versa: Automated@VDir-BLR-NEW-01>
2020-02-20 16:21:37,903 - CPE11-HKG-HYBRD-IPC00190 - INFO - 
CREATE SLA profile

2020-02-20 16:21:39,927 - CPE11-HKG-HYBRD-IPC00190 - DEBUG - <Response [201]>
2020-02-20 16:21:39,936 - CPE11-HKG-HYBRD-IPC00190 - INFO - 
PASS
2020-02-20 16:21:39,936 - CPE11-HKG-HYBRD-IPC00190 - INFO - >>>>>>>>>> CREATE SLA Profile PASSED. <<<<<<<<<<<
2020-02-20 16:21:39,938 - CPE11-HKG-HYBRD-IPC00190 - INFO - 
CREATE FWD PROFILE

2020-02-20 16:21:41,765 - CPE11-HKG-HYBRD-IPC00190 - DEBUG - <Response [201]>
2020-02-20 16:21:41,766 - CPE11-HKG-HYBRD-IPC00190 - INFO - 
PASS
2020-02-20 16:21:41,766 - CPE11-HKG-HYBRD-IPC00190 - INFO - >>>>>>>>>> FORWARDING PROFILE CREATION PASSED. <<<<<<<<<<<
2020-02-20 16:21:41,773 - CPE11-HKG-HYBRD-IPC00190 - INFO - 
CREATE IPaddress Object

2020-02-20 16:21:43,487 - CPE11-HKG-HYBRD-IPC00190 - DEBUG - <Response [201]>
2020-02-20 16:21:43,487 - CPE11-HKG-HYBRD-IPC00190 - INFO - 
PASS
2020-02-20 16:21:43,489 - CPE11-HKG-HYBRD-IPC00190 - INFO - >>>>>>>>>> ADDRESS OBJECT CREATION PASSED. <<<<<<<<<<<
2020-02-20 16:21:43,493 - CPE11-HKG-HYBRD-IPC00190 - INFO - 
CREATE Policy rule

2020-02-20 16:21:46,461 - CPE11-HKG-HYBRD-IPC00190 - DEBUG - <Response [201]>
2020-02-20 16:21:46,461 - CPE11-HKG-HYBRD-IPC00190 - INFO - 
PASS
2020-02-20 16:21:46,463 - CPE11-HKG-HYBRD-IPC00190 - INFO - >>>>>>>>>> CREATE POLICY RULE PASSED. <<<<<<<<<<<
2020-02-20 16:24:49,835 - CPE11-HKG-HYBRD-IPC00190 - INFO - 
DELETE IPaddress Object

2020-02-20 16:24:53,187 - CPE11-HKG-HYBRD-IPC00190 - INFO - 
PASS
2020-02-20 16:24:53,188 - CPE11-HKG-HYBRD-IPC00190 - INFO - >>>>>>>>>> Policy rule DELETION PASSED. <<<<<<<<<<<
2020-02-20 16:24:53,191 - CPE11-HKG-HYBRD-IPC00190 - INFO - 
DELETE IPaddress Object

2020-02-20 16:24:55,246 - CPE11-HKG-HYBRD-IPC00190 - INFO - 
PASS
2020-02-20 16:24:55,247 - CPE11-HKG-HYBRD-IPC00190 - INFO - >>>>>>>>>> ADDRESS OBJECT DELETION PASSED. <<<<<<<<<<<
2020-02-20 16:24:55,252 - CPE11-HKG-HYBRD-IPC00190 - INFO - 
DELETE FWD PROFILE

2020-02-20 16:24:57,323 - CPE11-HKG-HYBRD-IPC00190 - INFO - 
PASS
2020-02-20 16:24:57,325 - CPE11-HKG-HYBRD-IPC00190 - INFO - >>>>>>>>>> FORWARDING PROFILE DELETION PASSED. <<<<<<<<<<<
2020-02-20 16:24:57,328 - CPE11-HKG-HYBRD-IPC00190 - INFO - 
DELETE SLA profile

2020-02-20 16:24:59,282 - CPE11-HKG-HYBRD-IPC00190 - INFO - 
PASS
2020-02-20 16:24:59,282 - CPE11-HKG-HYBRD-IPC00190 - INFO - >>>>>>>>>> DELETE SLA Profile PASSED. <<<<<<<<<<<
