2019-09-16 14:07:49,651 - CPE27-HKG2-SINGLE-CPE-DUAL-INTERNET10 - INFO - LOG FILE PATH : C:\Softwares_mine\stefano\NV_REPOSITORY\csit/LOGS/2019_09_16_14_07_43_428000/MAIN.log
2019-09-16 14:07:49,651 - CPE27-HKG2-SINGLE-CPE-DUAL-INTERNET10 - INFO - CPE NAME:CPE27-HKG2-SINGLE-CPE-DUAL-INTERNET10
2019-09-16 14:07:50,657 - CPE27-HKG2-SINGLE-CPE-DUAL-INTERNET10 - INFO - SOLUTION SELECTED:SINGLE-CPE-DUAL-INTERNET
2019-09-16 14:07:51,706 - CPE27-HKG2-SINGLE-CPE-DUAL-INTERNET10 - DEBUG - {u'versanms.sdwan-org-workflow': {u'ikeAuthType': u'psk', u'globalId': 90, u'orgName': u'IPC00190', u'controllers': [u'NV-WC01-N1-HKG', u'NV-WC01-N6-SIN', u'NV-WC02-N1-HKG', u'NV-WC02-N6-SIN'], u'bandwidth': 10, u'parentOrg': u'Colt', u'vrfs': [{u'name': u'LAN1-VRF', u'enableVPN': True, u'id': 1020}, {u'name': u'LAN2-VRF', u'enableVPN': True, u'id': 1021}, {u'name': u'LAN3-VRF', u'enableVPN': True, u'id': 1022}, {u'name': u'LAN4-VRF', u'enableVPN': True, u'id': 1023}, {u'name': u'LAN5-VRF', u'enableVPN': True, u'id': 1024}, {u'name': u'LAN6-VRF', u'enableVPN': True, u'id': 1025}, {u'name': u'LAN7-VRF', u'enableVPN': True, u'id': 1026}, {u'name': u'LAN8-VRF', u'enableVPN': True, u'id': 1027}, {u'name': u'LAN9-VRF', u'enableVPN': True, u'id': 1028}, {u'name': u'LAN10-VRF', u'enableVPN': True, u'id': 1029}], u'solutionTier': u'base-sdwan', u'sharedControlPlane': False}}
2019-09-16 14:07:51,706 - CPE27-HKG2-SINGLE-CPE-DUAL-INTERNET10 - INFO - STEP : CHECK ORG is available in Controller NV-WC01-N1-HKG
2019-09-16 14:07:51,706 - CPE27-HKG2-SINGLE-CPE-DUAL-INTERNET10 - INFO - PASS
2019-09-16 14:07:51,990 - CPE27-HKG2-SINGLE-CPE-DUAL-INTERNET10 - DEBUG - {u'versanms.sdwan-org-workflow': {u'ikeAuthType': u'psk', u'globalId': 90, u'orgName': u'IPC00190', u'controllers': [u'NV-WC01-N1-HKG', u'NV-WC01-N6-SIN', u'NV-WC02-N1-HKG', u'NV-WC02-N6-SIN'], u'bandwidth': 10, u'parentOrg': u'Colt', u'vrfs': [{u'name': u'LAN1-VRF', u'enableVPN': True, u'id': 1020}, {u'name': u'LAN2-VRF', u'enableVPN': True, u'id': 1021}, {u'name': u'LAN3-VRF', u'enableVPN': True, u'id': 1022}, {u'name': u'LAN4-VRF', u'enableVPN': True, u'id': 1023}, {u'name': u'LAN5-VRF', u'enableVPN': True, u'id': 1024}, {u'name': u'LAN6-VRF', u'enableVPN': True, u'id': 1025}, {u'name': u'LAN7-VRF', u'enableVPN': True, u'id': 1026}, {u'name': u'LAN8-VRF', u'enableVPN': True, u'id': 1027}, {u'name': u'LAN9-VRF', u'enableVPN': True, u'id': 1028}, {u'name': u'LAN10-VRF', u'enableVPN': True, u'id': 1029}], u'solutionTier': u'base-sdwan', u'sharedControlPlane': False}}
2019-09-16 14:07:51,990 - CPE27-HKG2-SINGLE-CPE-DUAL-INTERNET10 - INFO - STEP : CHECK ORG is available in Controller NV-WC02-N6-SIN
2019-09-16 14:07:51,990 - CPE27-HKG2-SINGLE-CPE-DUAL-INTERNET10 - INFO - PASS
2019-09-16 14:07:52,292 - CPE27-HKG2-SINGLE-CPE-DUAL-INTERNET10 - DEBUG - {u'versanms.sdwan-org-workflow': {u'ikeAuthType': u'psk', u'globalId': 90, u'orgName': u'IPC00190', u'controllers': [u'NV-WC01-N1-HKG', u'NV-WC01-N6-SIN', u'NV-WC02-N1-HKG', u'NV-WC02-N6-SIN'], u'bandwidth': 10, u'parentOrg': u'Colt', u'vrfs': [{u'name': u'LAN1-VRF', u'enableVPN': True, u'id': 1020}, {u'name': u'LAN2-VRF', u'enableVPN': True, u'id': 1021}, {u'name': u'LAN3-VRF', u'enableVPN': True, u'id': 1022}, {u'name': u'LAN4-VRF', u'enableVPN': True, u'id': 1023}, {u'name': u'LAN5-VRF', u'enableVPN': True, u'id': 1024}, {u'name': u'LAN6-VRF', u'enableVPN': True, u'id': 1025}, {u'name': u'LAN7-VRF', u'enableVPN': True, u'id': 1026}, {u'name': u'LAN8-VRF', u'enableVPN': True, u'id': 1027}, {u'name': u'LAN9-VRF', u'enableVPN': True, u'id': 1028}, {u'name': u'LAN10-VRF', u'enableVPN': True, u'id': 1029}], u'solutionTier': u'base-sdwan', u'sharedControlPlane': False}}
2019-09-16 14:07:52,292 - CPE27-HKG2-SINGLE-CPE-DUAL-INTERNET10 - INFO - STEP : CHECK ORG is available in Controller NV-WC01-N6-SIN
2019-09-16 14:07:52,292 - CPE27-HKG2-SINGLE-CPE-DUAL-INTERNET10 - INFO - PASS
2019-09-16 14:07:52,292 - CPE27-HKG2-SINGLE-CPE-DUAL-INTERNET10 - INFO - STEP : PRE-ONBOARD WORK
2019-09-16 14:07:52,361 - CPE27-HKG2-SINGLE-CPE-DUAL-INTERNET10 - DEBUG - 
sudo /opt/versa/scripts/staging.py -w 2 -c 10.83.77.10 -s 172.16.6.106/30 -g 172.16.6.105 -l IPC00190-CPE27-HKG2-SINGLE-CPE-DUAL-INTERNET10@colt.net -lk CPE27-HKG2-SINGLE-CPE-DUAL-INTERNET10  -r NV-WC01-N6-SIN@colt.net -rk 1234

2019-09-16 14:07:52,361 - CPE27-HKG2-SINGLE-CPE-DUAL-INTERNET10 - DEBUG - {
	"versanms.sdwan-device-workflow": {
		"deviceName": "CPE27-HKG2-SINGLE-CPE-DUAL-INTERNET10",
		"siteId": "4254",
		"orgName": "IPC00190",
		"serialNumber": "CPE27oSAB9",
		"deviceGroup": "IPC00190-SIN-PS-DIS-LIB-DG",
		"locationInfo": {
			"state": "karnataka",
			"country": "india",
			"longitude": "77.594563",
			"latitude": "12.971599",
			"city": "bangalore"
		},
		"postStagingTemplateInfo": {
			"templateName": "IPC00190-SIN-PS-DIS-LIB",
			"templateData": {
				"device-template-variable": {
					"template": "IPC00190-SIN-PS-DIS-LIB",
					"variable-binding": {
						"attrs": [{
							"name": "{$v_INT-WAN2_IPv4__staticaddress}",
							"value": "172.16.6.106/30",
							"isAutogeneratable": false
						},
						
						    
						    
						    
						{ "name": "{$v_vni-0-4_LAN1_Unit-0__unit}", "value": "750", "isAutogeneratable": false},
						{ "name": "{$v_vni-0-4_LAN1_Unit-0__vlanId}", "value": "750", "isAutogeneratable": false },
						
						    
						    
						    
						{ "name": "{$v_vni-0-4_LAN2_Unit-1__unit}", "value": "751", "isAutogeneratable": false},
						{ "name": "{$v_vni-0-4_LAN2_Unit-1__vlanId}", "value": "751", "isAutogeneratable": false },
						
						{
							"name": "{$v_IPC00190-Control-VR_90_Router_ID__vrRouteId}",
							"value": "20.20.90.27",
							"isAutogeneratable": true,
							"isOverwritten": false
						}, {
							"name": "{$v_IPC00190_NV-WC01-N6-SIN_Local_auth_email_key__IKELKey}",
							"value": "CPE27-HKG2-SINGLE-CPE-DUAL-INTERNET10",
							"isAutogeneratable": true
						}, {
							"name": "{$v_IPC00190_NV-WC02-N6-SIN_Local_auth_email_key__IKELKey}",
							"value": "CPE27-HKG2-SINGLE-CPE-DUAL-INTERNET10",
							"isAutogeneratable": true
						},
						
						
						
						{ "name": "{$v_LAN1_IPv4__staticaddress}", "value": "192.170.1.1/24", "isAutogeneratable": false},
						
						
						
						{ "name": "{$v_LAN2_IPv4__staticaddress}", "value": "192.170.2.1/24", "isAutogeneratable": false},
						
						{
							"name": "{$v_IPC00190_NV-WC02-N6-SIN_Local_auth_email_identifier__IKELIdentifier}",
							"value": "CPE27-HKG2-SINGLE-CPE-DUAL-INTERNET10@colt.net",
							"isAutogeneratable": true
						}, {
							"name": "{$v_Site_Id__siteSiteID}",
							"value": "4254",
							"isAutogeneratable": true
						}, {
							"name": "{$v_IPC00190_NV-WC01-N6-SIN_Local_auth_email_identifier__IKELIdentifier}",
							"value": "CPE27-HKG2-SINGLE-CPE-DUAL-INTERNET10@colt.net",
							"isAutogeneratable": true
						}, {
							"name": "{$v_IPC00190_Site_Name__sitesSiteName}",
							"value": "CPE27-HKG2-SINGLE-CPE-DUAL-INTERNET10",
							"isAutogeneratable": true
						}, {
							"name": "{$v_latitude__IdLatitude}",
							"value": "12.971599",
							"isAutogeneratable": true
						}, {
							"name": "{$v_identification__IdName}",
							"value": "CPE27-HKG2-SINGLE-CPE-DUAL-INTERNET10",
							"isAutogeneratable": true
						}, {
							"name": "{$v_INT-WAN2-Transport-VR_IPv4__vrHopAddress}",
							"value": "172.16.6.105",
							"isAutogeneratable": false
						},	{
						    "name": "{$v_tvi-0-180_-_Unit_0_Static_address__tunnelStaticAddress}",
							"value": "10.10.90.27/32",
							"isAutogeneratable": true,
							"isOverwritten": false
						}, {
							"name": "{$v_Chassis_Id__sitesChassisId}",
							"value": "CPE27oSAB9",
							"isAutogeneratable": true
						}, {
							"name": "{$v_longitude__Idlongitude}",
							"value": "77.594563",
							"isAutogeneratable": true
						}, {
							"name": "{$v_location__IdLocation}",
							"value": "bangalore,karnataka, india",
							"isAutogeneratable": true
						}, {
							"name": "{$v_IPC00190-Control-VR_90_Local_address__vrRouterAddress}",
							"value": "20.20.90.27",
							"isAutogeneratable": true,
							"isOverwritten": false
						}, {
							"name": "{$v_INT-WAN1-Transport-VR_IPv4__vrHopAddress}",
							"value": "172.16.7.105",
							"isAutogeneratable": false
						}, {
							"name": "{$v_INT-WAN1_IPv4__staticaddress}",
							"value": "172.16.7.106/30",
							"isAutogeneratable": false
						}, {
							"name": "{$v_tvi-0-181_-_Unit_0_Static_address__tunnelStaticAddress}",
							"value": "20.20.90.27/32",
							"isAutogeneratable": true,
							"isOverwritten": false
						}]
					}
				},
				"variableMetadata": [{
					"variable": "{$v_INT-WAN2_IPv4__staticaddress}",
					"group": "Interfaces",
					"overlay": false,
					"type": "IPV4_MASK"
				},
                
                
                
				{"variable": "{$v_vni-0-4_LAN1_Unit-0__vlanId}", "group": "Vlan Info", "overlay": false, "type": "INTEGER"},
                
                
                
				{"variable": "{$v_vni-0-4_LAN2_Unit-1__vlanId}", "group": "Vlan Info", "overlay": false, "type": "INTEGER"},
                
				{
					"variable": "{$v_IPC00190-Control-VR_90_Router_ID__vrRouteId}",
					"group": "Virtual Routers",
					"overlay": true,
					"type": "IPV4"
				}, {
					"variable": "{$v_IPC00190_NV-WC01-N6-SIN_Local_auth_email_key__IKELKey}",
					"group": "IPSEC",
					"overlay": false
				}, {
					"variable": "{$v_IPC00190_NV-WC02-N6-SIN_Local_auth_email_key__IKELKey}",
					"group": "IPSEC",
					"overlay": false
				},
			{
					"variable": "{$v_LAN1_IPv4__staticaddress}", "group": "Interfaces", "overlay": false, "type": "IPV4_MASK"
				},
            {
					"variable": "{$v_LAN2_IPv4__staticaddress}", "group": "Interfaces", "overlay": false, "type": "IPV4_MASK"
				},
            
				 {
					"variable": "{$v_IPC00190_NV-WC02-N6-SIN_Local_auth_email_identifier__IKELIdentifier}",
					"group": "IPSEC",
					"overlay": false
				}, {
					"variable": "{$v_Site_Id__siteSiteID}",
					"group": "SDWAN",
					"overlay": false
				}, {
					"variable": "{$v_IPC00190_NV-WC01-N6-SIN_Local_auth_email_identifier__IKELIdentifier}",
					"group": "IPSEC",
					"overlay": false
				}, {
					"variable": "{$v_IPC00190_Site_Name__sitesSiteName}",
					"group": "SDWAN",
					"overlay": false
				}, {
					"variable": "{$v_latitude__IdLatitude}",
					"group": "SDWAN",
					"overlay": false
				}, {
					"variable": "{$v_identification__IdName}",
					"group": "SDWAN",
					"overlay": false
				}, {
					"variable": "{$v_INT-WAN2-Transport-VR_IPv4__vrHopAddress}",
					"group": "Virtual Routers",
					"overlay": false,
					"type": "IPV4_IPV6"
				}, {
					"variable": "{$v_tvi-0-180_-_Unit_0_Static_address__tunnelStaticAddress}",
					"group": "Interfaces",
					"overlay": true,
					"type": "IPV4_IPV6_MASK"
				}, {
					"variable": "{$v_Chassis_Id__sitesChassisId}",
					"group": "SDWAN",
					"overlay": false
				}, {
					"variable": "{$v_longitude__Idlongitude}",
					"group": "SDWAN",
					"overlay": false
				}, {
					"variable": "{$v_location__IdLocation}",
					"group": "SDWAN",
					"overlay": false
				}, {
					"variable": "{$v_IPC00190-Control-VR_90_Local_address__vrRouterAddress}",
					"group": "Virtual Routers",
					"overlay": true,
					"type": "IPV4"
				}, {
					"variable": "{$v_INT-WAN1-Transport-VR_IPv4__vrHopAddress}",
					"group": "Virtual Routers",
					"overlay": false,
					"type": "IPV4_IPV6"
				}, {
					"variable": "{$v_tvi-0-181_-_Unit_0_Static_address__tunnelStaticAddress}",
					"group": "Interfaces",
					"overlay": true,
					"type": "IPV4_IPV6_MASK"
				}]
			}
		}
	}
}
2019-09-16 14:07:53,509 - CPE27-HKG2-SINGLE-CPE-DUAL-INTERNET10 - INFO - <Response [200]>
2019-09-16 14:07:53,509 - CPE27-HKG2-SINGLE-CPE-DUAL-INTERNET10 - DEBUG - 
PASS
2019-09-16 14:07:53,509 - CPE27-HKG2-SINGLE-CPE-DUAL-INTERNET10 - INFO -  >>>>>>>>>> DEVICE TEMPLATE CREATION PASSED. <<<<<<<<<<<
2019-09-16 14:08:03,687 - CPE27-HKG2-SINGLE-CPE-DUAL-INTERNET10 - DEBUG - {"TaskResponse":{"task-id":21633,"link":{"@rel":"GET","@href":"vnms/tasks/task/21633"}}}
2019-09-16 14:08:08,694 - CPE27-HKG2-SINGLE-CPE-DUAL-INTERNET10 - DEBUG - 21633
2019-09-16 14:08:08,855 - CPE27-HKG2-SINGLE-CPE-DUAL-INTERNET10 - DEBUG - {u'versa-tasks.task': {u'versa-tasks.user': u'Automated', u'versa-tasks.percentage-completion': 100, u'versa-tasks.progressmessages': {u'versa-tasks.progressmessage': [{u'versa-tasks.time': u'2019-09-16 08:38:04.611', u'versa-tasks.message': u'Creating device in hardware inventory [CPE27-HKG2-SINGLE-CPE-DUAL-INTERNET10]'}, {u'versa-tasks.time': u'2019-09-16 08:38:04.627', u'versa-tasks.message': u'Add device [CPE27-HKG2-SINGLE-CPE-DUAL-INTERNET10] to device group [IPC00190-SIN-PS-DIS-LIB-DG]'}, {u'versa-tasks.time': u'2019-09-16 08:38:04.633', u'versa-tasks.message': u'Adding device [CPE27-HKG2-SINGLE-CPE-DUAL-INTERNET10] to template [ IPC00190-SIN-PS-DIS-LIB ]'}, {u'versa-tasks.time': u'2019-09-16 08:38:04.658', u'versa-tasks.message': u'Binding device variables to template [ IPC00190-SIN-PS-DIS-LIB ]'}, {u'versa-tasks.time': u'2019-09-16 08:38:04.834', u'versa-tasks.message': u'Adding post-staging configuration to controllers [NV-WC02-N6-SIN, NV-WC01-N6-SIN]'}, {u'versa-tasks.time': u'2019-09-16 08:38:05.491', u'versa-tasks.message': u'Successfully deployed device.'}]}, u'versa-tasks.object-name': u'Device Workflow', u'versa-tasks.task-status': u'COMPLETED', u'versa-tasks.task-description': u'Device workflow deployment: { CPE27-HKG2-SINGLE-CPE-DUAL-INTERNET10 }', u'versa-tasks.task-name': u'Deploy', u'versa-tasks.domain-name': u'PROVIDER', u'versa-tasks.id': 21633, u'versa-tasks.start-time': u'2019-09-16 08:38:03.689', u'versa-tasks.end-time': u'2019-09-16 08:38:05.491', u'versa-tasks.errormessages': u''}}
2019-09-16 14:08:08,855 - CPE27-HKG2-SINGLE-CPE-DUAL-INTERNET10 - DEBUG - 100
2019-09-16 14:08:08,855 - CPE27-HKG2-SINGLE-CPE-DUAL-INTERNET10 - INFO - Sleeping for 5 seconds
2019-09-16 14:08:14,020 - CPE27-HKG2-SINGLE-CPE-DUAL-INTERNET10 - DEBUG - {"versa-tasks.task":{"versa-tasks.id":21633,"versa-tasks.task-name":"Deploy","versa-tasks.object-name":"Device Workflow","versa-tasks.domain-name":"PROVIDER","versa-tasks.user":"Automated","versa-tasks.task-description":"Device workflow deployment: { CPE27-HKG2-SINGLE-CPE-DUAL-INTERNET10 }","versa-tasks.task-status":"COMPLETED","versa-tasks.percentage-completion":100,"versa-tasks.progressmessages":{"versa-tasks.progressmessage":[{"versa-tasks.message":"Creating device in hardware inventory [CPE27-HKG2-SINGLE-CPE-DUAL-INTERNET10]","versa-tasks.time":"2019-09-16 08:38:04.611"},{"versa-tasks.message":"Add device [CPE27-HKG2-SINGLE-CPE-DUAL-INTERNET10] to device group [IPC00190-SIN-PS-DIS-LIB-DG]","versa-tasks.time":"2019-09-16 08:38:04.627"},{"versa-tasks.message":"Adding device [CPE27-HKG2-SINGLE-CPE-DUAL-INTERNET10] to template [ IPC00190-SIN-PS-DIS-LIB ]","versa-tasks.time":"2019-09-16 08:38:04.633"},{"versa-tasks.message":"Binding device variables to template [ IPC00190-SIN-PS-DIS-LIB ]","versa-tasks.time":"2019-09-16 08:38:04.658"},{"versa-tasks.message":"Adding post-staging configuration to controllers [NV-WC02-N6-SIN, NV-WC01-N6-SIN]","versa-tasks.time":"2019-09-16 08:38:04.834"},{"versa-tasks.message":"Successfully deployed device.","versa-tasks.time":"2019-09-16 08:38:05.491"}]},"versa-tasks.errormessages":"","versa-tasks.start-time":"2019-09-16 08:38:03.689","versa-tasks.end-time":"2019-09-16 08:38:05.491"}}
2019-09-16 14:08:14,020 - CPE27-HKG2-SINGLE-CPE-DUAL-INTERNET10 - INFO - >>>>>>>>>> Device deployed  <<<<<<<<<<<
2019-09-16 14:08:14,887 - CPE27-HKG2-SINGLE-CPE-DUAL-INTERNET10 - DEBUG - {u'versanms.sdwan-device-workflow': {u'postStagingTemplateInfo': {u'templateData': {u'device-template-variable': {u'variable-binding': {u'attrs': [{u'isAutogeneratable': False, u'name': u'{$v_INT-WAN2_IPv4__staticaddress}', u'value': u'172.16.6.106/30'}, {u'isAutogeneratable': True, u'isOverwritten': True, u'name': u'{$v_tvi-0-181_-_Unit_0_Static_address__tunnelStaticAddress}', u'value': u'20.20.90.27/32'}, {u'isAutogeneratable': False, u'name': u'{$v_vni-0-4_LAN1_Unit-0__vlanId}', u'value': 750}, {u'isAutogeneratable': True, u'name': u'{$v_Chassis_Id__sitesChassisId}', u'value': u'CPE27oSAB9'}, {u'isAutogeneratable': True, u'isOverwritten': True, u'name': u'{$v_IPC00190-Control-VR_90_Router_ID__vrRouteId}', u'value': u'20.20.90.27'}, {u'isAutogeneratable': True, u'name': u'{$v_IPC00190_NV-WC01-N6-SIN_Local_auth_email_identifier__IKELIdentifier}', u'value': u'CPE27-HKG2-SINGLE-CPE-DUAL-INTERNET10@colt.net'}, {u'isAutogeneratable': True, u'name': u'{$v_longitude__Idlongitude}', u'value': 77.594563}, {u'isAutogeneratable': False, u'name': u'{$v_INT-WAN2-Transport-VR_IPv4__vrHopAddress}', u'value': u'172.16.6.105'}, {u'isAutogeneratable': True, u'name': u'{$v_IPC00190_NV-WC01-N6-SIN_Local_auth_email_key__IKELKey}', u'value': u'CPE27-HKG2-SINGLE-CPE-DUAL-INTERNET10'}, {u'isAutogeneratable': False, u'name': u'{$v_INT-WAN1-Transport-VR_IPv4__vrHopAddress}', u'value': u'172.16.7.105'}, {u'isAutogeneratable': False, u'name': u'{$v_INT-WAN1_IPv4__staticaddress}', u'value': u'172.16.7.106/30'}, {u'isAutogeneratable': False, u'name': u'{$v_LAN2_IPv4__staticaddress}', u'value': u'192.170.2.1/24'}, {u'isAutogeneratable': True, u'name': u'{$v_IPC00190_NV-WC02-N6-SIN_Local_auth_email_key__IKELKey}', u'value': u'CPE27-HKG2-SINGLE-CPE-DUAL-INTERNET10'}, {u'isAutogeneratable': True, u'name': u'{$v_location__IdLocation}', u'value': u'bangalore,karnataka, india'}, {u'isAutogeneratable': False, u'name': u'{$v_vni-0-4_LAN2_Unit-1__unit}', u'value': 751}, {u'isAutogeneratable': True, u'name': u'{$v_IPC00190_NV-WC02-N6-SIN_Local_auth_email_identifier__IKELIdentifier}', u'value': u'CPE27-HKG2-SINGLE-CPE-DUAL-INTERNET10@colt.net'}, {u'isAutogeneratable': True, u'isOverwritten': True, u'name': u'{$v_IPC00190-Control-VR_90_Local_address__vrRouterAddress}', u'value': u'20.20.90.27'}, {u'isAutogeneratable': True, u'isOverwritten': True, u'name': u'{$v_tvi-0-180_-_Unit_0_Static_address__tunnelStaticAddress}', u'value': u'10.10.90.27/32'}, {u'isAutogeneratable': False, u'name': u'{$v_vni-0-4_LAN2_Unit-1__vlanId}', u'value': 751}, {u'isAutogeneratable': False, u'name': u'{$v_vni-0-4_LAN1_Unit-0__unit}', u'value': 750}, {u'isAutogeneratable': True, u'name': u'{$v_Site_Id__siteSiteID}', u'value': 4254}, {u'isAutogeneratable': True, u'name': u'{$v_IPC00190_Site_Name__sitesSiteName}', u'value': u'CPE27-HKG2-SINGLE-CPE-DUAL-INTERNET10'}, {u'isAutogeneratable': False, u'name': u'{$v_LAN1_IPv4__staticaddress}', u'value': u'192.170.1.1/24'}, {u'isAutogeneratable': True, u'name': u'{$v_latitude__IdLatitude}', u'value': 12.971599}, {u'isAutogeneratable': True, u'name': u'{$v_identification__IdName}', u'value': u'CPE27-HKG2-SINGLE-CPE-DUAL-INTERNET10'}]}, u'template': u'IPC00190-SIN-PS-DIS-LIB'}, u'variableMetadata': [{u'variable': u'{$v_INT-WAN2_IPv4__staticaddress}', u'type': u'IPV4_MASK', u'group': u'Interfaces', u'overlay': False}, {u'variable': u'{$v_tvi-0-181_-_Unit_0_Static_address__tunnelStaticAddress}', u'type': u'IPV4_IPV6_MASK', u'group': u'Interfaces', u'overlay': True}, {u'variable': u'{$v_vni-0-4_LAN1_Unit-0__vlanId}', u'type': u'INTEGER', u'group': u'Vlan Info', u'overlay': False}, {u'variable': u'{$v_Chassis_Id__sitesChassisId}', u'group': u'SDWAN', u'overlay': False}, {u'variable': u'{$v_IPC00190-Control-VR_90_Router_ID__vrRouteId}', u'type': u'IPV4', u'group': u'Virtual routers', u'overlay': True}, {u'variable': u'{$v_IPC00190_NV-WC01-N6-SIN_Local_auth_email_identifier__IKELIdentifier}', u'group': u'IPSEC', u'overlay': False}, {u'variable': u'{$v_longitude__Idlongitude}', u'group': u'SDWAN', u'overlay': False}, {u'variable': u'{$v_INT-WAN2-Transport-VR_IPv4__vrHopAddress}', u'type': u'IPV4', u'group': u'Virtual routers', u'overlay': False}, {u'variable': u'{$v_IPC00190_NV-WC01-N6-SIN_Local_auth_email_key__IKELKey}', u'group': u'IPSEC', u'overlay': False}, {u'variable': u'{$v_INT-WAN1-Transport-VR_IPv4__vrHopAddress}', u'type': u'IPV4', u'group': u'Virtual routers', u'overlay': False}, {u'variable': u'{$v_INT-WAN1_IPv4__staticaddress}', u'type': u'IPV4_MASK', u'group': u'Interfaces', u'overlay': False}, {u'variable': u'{$v_LAN2_IPv4__staticaddress}', u'type': u'IPV4_MASK', u'group': u'Interfaces', u'overlay': False}, {u'variable': u'{$v_IPC00190_NV-WC02-N6-SIN_Local_auth_email_key__IKELKey}', u'group': u'IPSEC', u'overlay': False}, {u'variable': u'{$v_location__IdLocation}', u'group': u'SDWAN', u'overlay': False}, {u'variable': u'{$v_vni-0-4_LAN2_Unit-1__unit}', u'type': u'INTEGER', u'group': u'Vlan Info', u'overlay': False}, {u'variable': u'{$v_IPC00190_NV-WC02-N6-SIN_Local_auth_email_identifier__IKELIdentifier}', u'group': u'IPSEC', u'overlay': False}, {u'variable': u'{$v_IPC00190-Control-VR_90_Local_address__vrRouterAddress}', u'type': u'IPV4', u'group': u'Virtual routers', u'overlay': True}, {u'variable': u'{$v_tvi-0-180_-_Unit_0_Static_address__tunnelStaticAddress}', u'type': u'IPV4_IPV6_MASK', u'group': u'Interfaces', u'overlay': True}, {u'variable': u'{$v_vni-0-4_LAN2_Unit-1__vlanId}', u'type': u'INTEGER', u'group': u'Vlan Info', u'overlay': False}, {u'variable': u'{$v_vni-0-4_LAN1_Unit-0__unit}', u'type': u'INTEGER', u'group': u'Vlan Info', u'overlay': False}, {u'variable': u'{$v_Site_Id__siteSiteID}', u'group': u'SDWAN', u'overlay': False}, {u'variable': u'{$v_IPC00190_Site_Name__sitesSiteName}', u'group': u'SDWAN', u'overlay': False}, {u'variable': u'{$v_LAN1_IPv4__staticaddress}', u'type': u'IPV4_MASK', u'group': u'Interfaces', u'overlay': False}, {u'variable': u'{$v_latitude__IdLatitude}', u'group': u'SDWAN', u'overlay': False}, {u'variable': u'{$v_identification__IdName}', u'group': u'SDWAN', u'overlay': False}]}, u'templateName': u'IPC00190-SIN-PS-DIS-LIB'}, u'deviceName': u'CPE27-HKG2-SINGLE-CPE-DUAL-INTERNET10', u'workflowStatus': u'Deployed', u'deviceGroup': u'IPC00190-SIN-PS-DIS-LIB-DG', u'orgName': u'IPC00190', u'serialNumber': u'CPE27oSAB9', u'locationInfo': {u'latitude': 12.971599, u'country': u'india', u'state': u'karnataka', u'longitude': 77.594563, u'city': u'bangalore'}, u'bandwidth': 0, u'lastUpdatedBy': u'Automated', u'siteId': 4254, u'instanceInfo': u'', u'stagingTemplateInfo': u'', u'lastModifiedTime': u'2019-09-16T08:38:05.309000+00:00', u'urlztpBasedInfo': {u'authType': u'psk', u'enableIpv4Dhcp': False, u'branchKey': u'HAOErb3fjDfEvc3K', u'branchId': u'CPE27-HKG2-SINGLE-CPE-DUAL-INTERNET10@IPC00190.com', u'enableIpv6': False, u'enableIpv4': False, u'enableIpv6Dhcp': False}}}
2019-09-16 14:08:24,661 - CPE27-HKG2-SINGLE-CPE-DUAL-INTERNET10 - DEBUG - <netmiko.versa.versa.VersaSSH object at 0x000000000D22CEF0>
2019-09-16 14:08:29,872 - CPE27-HKG2-SINGLE-CPE-DUAL-INTERNET10 - DEBUG - versa: Automated@VDir-BLR-NEW-01>
2019-09-16 14:08:34,374 - CPE27-HKG2-SINGLE-CPE-DUAL-INTERNET10 - DEBUG - configure private
Entering configuration mode private
[ok][2019-09-16 08:38:32]

[edit]
Automated@VDir-BLR-NEW-01% 
2019-09-16 14:08:36,608 - CPE27-HKG2-SINGLE-CPE-DUAL-INTERNET10 - DEBUG - True
2019-09-16 14:08:37,621 - CPE27-HKG2-SINGLE-CPE-DUAL-INTERNET10 - DEBUG - set devices device NV-WC01-N6-SIN config orgs org-services Colt ipsec vpn-profile INT-WAN-NV-WC01-N6-SIN-StagingIpsec psk-auth-clients remote-client IPC00190-CPE27-HKG2-SINGLE-CPE-DUAL-INTERNET10@colt.net id-type  email
[ok][2019-09-16 08:38:37]

[edit]
Automated@VDir-BLR-NEW-01% 
2019-09-16 14:08:38,426 - CPE27-HKG2-SINGLE-CPE-DUAL-INTERNET10 - DEBUG - set devices device NV-WC01-N6-SIN config orgs org-services Colt ipsec vpn-profile INT-WAN-NV-WC01-N6-SIN-StagingIpsec psk-auth-clients remote-client IPC00190-CPE27-HKG2-SINGLE-CPE-DUAL-INTERNET10@colt.net key CPE27-HKG2-SINGLE-CPE-DUAL-INTERNET10
[ok][2019-09-16 08:38:38]

[edit]
Automated@VDir-BLR-NEW-01% 
2019-09-16 14:08:39,242 - CPE27-HKG2-SINGLE-CPE-DUAL-INTERNET10 - DEBUG - commit and-quit
Commit complete.
[ok][2019-09-16 08:38:39]
Automated@VDir-BLR-NEW-01> 
2019-09-16 14:08:39,242 - CPE27-HKG2-SINGLE-CPE-DUAL-INTERNET10 - INFO - >>>>>>>>>> Staging profile config done  <<<<<<<<<<<
2019-09-16 14:08:39,279 - CPE27-HKG2-SINGLE-CPE-DUAL-INTERNET10 - INFO - STEP : ONBOARD CALL
2019-09-16 14:08:39,279 - CPE27-HKG2-SINGLE-CPE-DUAL-INTERNET10 - DEBUG - 
sudo /opt/versa/scripts/staging.py -w 2 -c 10.83.77.10 -s 172.16.6.106/30 -g 172.16.6.105 -l IPC00190-CPE27-HKG2-SINGLE-CPE-DUAL-INTERNET10@colt.net -lk CPE27-HKG2-SINGLE-CPE-DUAL-INTERNET10  -r NV-WC01-N6-SIN@colt.net -rk 1234

2019-09-16 14:08:45,150 - CPE27-HKG2-SINGLE-CPE-DUAL-INTERNET10 - DEBUG - vsh allow-cli
Enter password: 
2019-09-16 14:08:45,553 - CPE27-HKG2-SINGLE-CPE-DUAL-INTERNET10 - DEBUG - 

CLI now allowed
[admin@CPE27-HKG2-SINGLE-CPE-DUAL-INTERNET9: ~] # 
2019-09-16 14:08:45,957 - CPE27-HKG2-SINGLE-CPE-DUAL-INTERNET10 - DEBUG - cli
Access to this network/system is limited to users authorised by Colt for its legitimate business purposes. Unauthorised access, use, installation of files or modification of any data is prohibited. Use of this system/network will be audited

             .---.,
            (      ``.
       _     \        )    __      ________ _____   _____
      (  `.   \      /     \ \    / /  ____|  __ \ / ____|  /\
       \    `. )    /       \ \  / /| |__  | |__) | (___   /  \
        \     |    /         \ \/ / |  __| |  _  / \___ \ / /\ \
         \    |   /           \  /  | |____| | \ \ ____) / ____ \
          \   |  /             \/   |______|_|  \_\_____/_/    \_\
           \  | /
            \_|/                   _  _ ___ _______      _____  ___ _  _____
                                  | \| | __|_   _\ \    / / _ \| _ \ |/ / __|
                                  | .` | _|  | |  \ \/\/ / (_) |   / ' <\__ \
                                  |_|\_|___| |_|   \_/\_/ \___/|_|_\_|\_\___/



admin connected from 10.91.192.178 using ssh on CPE27-HKG2-SINGLE-CPE-DUAL-INTERNET9
[?7hadmin@CPE27-HKG2-SINGLE-CPE-DUAL-INTERNET9-cli> 
2019-09-16 14:08:46,361 - CPE27-HKG2-SINGLE-CPE-DUAL-INTERNET10 - DEBUG - request erase running-config
Will delete the running config and restart Versa
Services. Are you sure? [no,yes] 
2019-09-16 14:08:56,451 - CPE27-HKG2-SINGLE-CPE-DUAL-INTERNET10 - DEBUG - yes
status  Erasing config and restarting services 
[ok][2019-09-16 08:38:45]
admin@CPE27-HKG2-SINGLE-CPE-DUAL-INTERNET9-cli> 
System message at 2019-09-16 08:38:48...
    Subsystem stopped: eventd
admin@CPE27-HKG2-SINGLE-CPE-DUAL-INTERNET9-cli> 
System message at 2019-09-16 08:38:48...
    Subsystem stopped: acctmgrd
admin@CPE27-HKG2-SINGLE-CPE-DUAL-INTERNET9-cli> 
System message at 2019-09-16 08:38:48...
    Subsystem stopped: versa-vmod
admin@CPE27-HKG2-SINGLE-CPE-DUAL-INTERNET9-cli> 
System message at 2019-09-16 08:38:48...
    Subsystem stopped: infmgr
admin@CPE27-HKG2-SINGLE-CPE-DUAL-INTERNET9-cli> 
System message at 2019-09-16 08:38:48...
    Subsystem stopped: router-dcl

System message at 2019-09-16 08:38:48...
    Subsystem stopped: snmp-config-transform
admin@CPE27-HKG2-SINGLE-CPE-DUAL-INTERNET9-cli> admin@CPE27-HKG2-SINGLE-CPE-DUAL-INTERNET9-cli> 
System message at 2019-09-16 08:38:48...
    Subsystem stopped: snmp-config-hook
admin@CPE27-HKG2-SINGLE-CPE-DUAL-INTERNET9-cli> 
System message at 2019-09-16 08:38:48...
    Subsystem stopped: rtd-mgmt-thread
admin@CPE27-HKG2-SINGLE-CPE-DUAL-INTERNET9-cli> [admin@CPE27-HKG2-SINGLE-CPE-DUAL-INTERNET9: ~] # 
2019-09-16 14:08:57,062 - CPE27-HKG2-SINGLE-CPE-DUAL-INTERNET10 - DEBUG - process not up. Please wait for it to come up
2019-09-16 14:08:57,665 - CPE27-HKG2-SINGLE-CPE-DUAL-INTERNET10 - DEBUG - vsh status

~~~~~~~~~~~~~~~~~~~~~~~~~~~~~~~~~~~~~~~~~~~~~~~~~~~~~~~~~~~~~~~~~

The product evaluation period has expired.
 Please contact Versa Support (support@versa-networks.com) 

~~~~~~~~~~~~~~~~~~~~~~~~~~~~~~~~~~~~~~~~~~~~~~~~~~~~~~~~~~~~~~~~~

versa-service          is Stopped           
versa-infmgr           is Stopped           
versa-rfd              is Stopped           
versa-vmod             is Stopped           
versa-ip2user          is Stopped           
versa-imgr             is Stopped           
versa-acctmgrd         is Stopped           
versa-fltrmgr          is Stopped           
versa-vstated          is Stopped           
versa-spack            is Stopped           
versa-addrmgrd         is Stopped           
versa-rt-cli-xfm       is Stopped           
versa-rtd              is Stopped           
versa-dhcpd            is Stopped           
versa-eventd           is Stopped           
versa-vrrpd            is Stopped           
versa-dnsd             is Stopped           
versa-ppmd             is Stopped           
versa-snmp-xform       is Stopped           
versa-certd            is Stopped           
versa-ntpd             is Stopped           
versa-dhclient6        is Stopped           
versa-redis            is Stopped           
versa-av-redis         is Stopped           
versa-spackmgr         is Stopped           
versa-devmgr           is Stopped           
versa-monit            is Stopped           
versa-confd            is Running,          [-] process 1561
versa-fail2ban         is Stopped           
versa-auditd           is Stopped           
versa-nodejs           is Stopped           
[admin@CPE27-HKG2-SINGLE-CPE-DUAL-INTERNET9: ~] # 
2019-09-16 14:09:07,665 - CPE27-HKG2-SINGLE-CPE-DUAL-INTERNET10 - DEBUG - process not up. Please wait for it to come up
2019-09-16 14:09:08,273 - CPE27-HKG2-SINGLE-CPE-DUAL-INTERNET10 - DEBUG - vsh status

~~~~~~~~~~~~~~~~~~~~~~~~~~~~~~~~~~~~~~~~~~~~~~~~~~~~~~~~~~~~~~~~~

The product evaluation period has expired.
 Please contact Versa Support (support@versa-networks.com) 

~~~~~~~~~~~~~~~~~~~~~~~~~~~~~~~~~~~~~~~~~~~~~~~~~~~~~~~~~~~~~~~~~

versa-service          is Stopped           
versa-infmgr           is Stopped           
versa-rfd              is Stopped           
versa-vmod             is Stopped           
versa-ip2user          is Stopped           
versa-imgr             is Stopped           
versa-acctmgrd         is Stopped           
versa-fltrmgr          is Stopped           
versa-vstated          is Stopped           
versa-spack            is Stopped           
versa-addrmgrd         is Stopped           
versa-rt-cli-xfm       is Stopped           
versa-rtd              is Stopped           
versa-dhcpd            is Stopped           
versa-eventd           is Stopped           
versa-vrrpd            is Stopped           
versa-dnsd             is Stopped           
versa-ppmd             is Stopped           
versa-snmp-xform       is Stopped           
versa-certd            is Stopped           
versa-ntpd             is Stopped           
versa-dhclient6        is Stopped           
versa-redis            is Stopped           
versa-av-redis         is Stopped           
versa-spackmgr         is Stopped           
versa-devmgr           is Stopped           
versa-monit            is Stopped           
versa-confd            is Stopped           
versa-fail2ban         is Stopped           
versa-auditd           is Stopped           
versa-nodejs           is Stopped           
[admin@CPE27-HKG2-SINGLE-CPE-DUAL-INTERNET9: ~] # 
2019-09-16 14:09:18,286 - CPE27-HKG2-SINGLE-CPE-DUAL-INTERNET10 - DEBUG - process not up. Please wait for it to come up
2019-09-16 14:09:19,717 - CPE27-HKG2-SINGLE-CPE-DUAL-INTERNET10 - DEBUG - vsh status

~~~~~~~~~~~~~~~~~~~~~~~~~~~~~~~~~~~~~~~~~~~~~~~~~~~~~~~~~~~~~~~~~

The product evaluation period has expired.
 Please contact Versa Support (support@versa-networks.com) 

~~~~~~~~~~~~~~~~~~~~~~~~~~~~~~~~~~~~~~~~~~~~~~~~~~~~~~~~~~~~~~~~~


~~~~~~~~~~~~~~~~~~~~~~~~~~~~~~~~~~~~~~~~~~~~~~~~~~~~~~~~~~~~~~~~~

Netconf traffic yet to be allowed 

~~~~~~~~~~~~~~~~~~~~~~~~~~~~~~~~~~~~~~~~~~~~~~~~~~~~~~~~~~~~~~~~~

versa-service          is Stopped           
versa-infmgr           is Running,          [-] process 27780
versa-rfd              is Stopped           
versa-vmod             is Stopped           
versa-ip2user          is Stopped           
versa-imgr             is Stopped           
versa-acctmgrd         is Stopped           
versa-fltrmgr          is Running,          [-] process 27782
versa-vstated          is Running,          [-] process 27776
versa-spack            is Stopped           
versa-addrmgrd         is Stopped           
versa-rt-cli-xfm       is Stopped           
versa-rtd              is Stopped           
versa-dhcpd            is Running,          [-] process 27778
versa-eventd           is Stopped           
versa-vrrpd            is Running,          [-] process 27790
versa-dnsd             is Running,          [-] process 27783
versa-ppmd             is Stopped           
versa-snmp-xform       is Stopped           
versa-certd            is Stopped           
versa-ntpd             is Running,          [*] process 27765
versa-dhclient6        is Stopped           
versa-redis            is Running,          [-] process 27545
versa-av-redis         is Running,          [-] process 27546
versa-spackmgr         is Stopped           
versa-devmgr           is Stopped           
versa-monit            is Stopped           
versa-confd            is Running,          [*] process 27508
versa-fail2ban         is Stopped           
versa-auditd           is Stopped           
versa-nodejs           is Stopped           
[admin@CPE27-HKG2-SINGLE-CPE-DUAL-INTERNET9: ~] # 
2019-09-16 14:09:29,721 - CPE27-HKG2-SINGLE-CPE-DUAL-INTERNET10 - DEBUG - process not up. Please wait for it to come up
2019-09-16 14:09:32,131 - CPE27-HKG2-SINGLE-CPE-DUAL-INTERNET10 - DEBUG - vsh status

~~~~~~~~~~~~~~~~~~~~~~~~~~~~~~~~~~~~~~~~~~~~~~~~~~~~~~~~~~~~~~~~~

The product evaluation period has expired.
 Please contact Versa Support (support@versa-networks.com) 

~~~~~~~~~~~~~~~~~~~~~~~~~~~~~~~~~~~~~~~~~~~~~~~~~~~~~~~~~~~~~~~~~


~~~~~~~~~~~~~~~~~~~~~~~~~~~~~~~~~~~~~~~~~~~~~~~~~~~~~~~~~~~~~~~~~

Netconf traffic yet to be allowed 

~~~~~~~~~~~~~~~~~~~~~~~~~~~~~~~~~~~~~~~~~~~~~~~~~~~~~~~~~~~~~~~~~

versa-service          is Running,          [*] process 28026
versa-infmgr           is Running,          [-] process 27780
versa-rfd              is Running,          [-] process 28362
versa-vmod             is Running,          [-] process 28357
versa-ip2user          is Running,          [-] process 28374
versa-imgr             is Running,          [-] process 28379
versa-acctmgrd         is Running,          [-] process 28347
versa-fltrmgr          is Running,          [-] process 27782
versa-vstated          is Running,          [-] process 27776
versa-spack            is Running,          [-] process 28624
versa-addrmgrd         is Running,          [-] process 28375
versa-rt-cli-xfm       is Running,          [-] process 28318
versa-rtd              is Running,          [-] process 28341
versa-dhcpd            is Running,          [-] process 27778
versa-eventd           is Running,          [-] process 28349
versa-vrrpd            is Running,          [-] process 27790
versa-dnsd             is Running,          [-] process 27783
versa-ppmd             is Running,          [-] process 28307
versa-snmp-xform       is Running,          [-] process 28322
versa-certd            is Running,          [-] process 28384
versa-ntpd             is Running,          [*] process 27765
versa-dhclient6        is Running,          [-] process 28324
versa-redis            is Running,          [-] process 27545
versa-av-redis         is Running,          [-] process 27546
versa-spackmgr         is Running,          [-] process 28343
versa-devmgr           is Running,          [-] process 28485
versa-monit            is Running,          [*] process 28509
versa-confd            is Running,          [*] process 27508
versa-fail2ban         is Running,          [*] process 28539
versa-auditd           is Running,          [*] process 28554
versa-nodejs           is Running,          [-] process 28283
[admin@CPE27-HKG2-SINGLE-CPE-DUAL-INTERNET9: ~] # 
2019-09-16 14:09:42,134 - CPE27-HKG2-SINGLE-CPE-DUAL-INTERNET10 - DEBUG - process not up. Please wait for it to come up
2019-09-16 14:09:44,147 - CPE27-HKG2-SINGLE-CPE-DUAL-INTERNET10 - DEBUG - vsh status

~~~~~~~~~~~~~~~~~~~~~~~~~~~~~~~~~~~~~~~~~~~~~~~~~~~~~~~~~~~~~~~~~

The product evaluation period has expired.
 Please contact Versa Support (support@versa-networks.com) 

~~~~~~~~~~~~~~~~~~~~~~~~~~~~~~~~~~~~~~~~~~~~~~~~~~~~~~~~~~~~~~~~~

versa-service          is Running,          [*] process 28026
versa-infmgr           is Running,          [-] process 27780
versa-rfd              is Running,          [-] process 28362
versa-vmod             is Running,          [-] process 28357
versa-ip2user          is Running,          [-] process 28374
versa-imgr             is Running,          [-] process 28379
versa-acctmgrd         is Running,          [-] process 28347
versa-fltrmgr          is Running,          [-] process 27782
versa-vstated          is Running,          [-] process 27776
versa-spack            is Running,          [-] process 28624
versa-addrmgrd         is Running,          [-] process 28375
versa-rt-cli-xfm       is Running,          [-] process 28318
versa-rtd              is Running,          [-] process 28341
versa-dhcpd            is Running,          [-] process 27778
versa-eventd           is Running,          [-] process 28349
versa-vrrpd            is Running,          [-] process 27790
versa-dnsd             is Running,          [-] process 27783
versa-ppmd             is Running,          [-] process 28307
versa-snmp-xform       is Running,          [-] process 28322
versa-certd            is Running,          [-] process 28384
versa-ntpd             is Running,          [*] process 27765
versa-dhclient6        is Running,          [-] process 28324
versa-redis            is Running,          [-] process 29390
versa-av-redis         is Running,          [-] process 27546
versa-spackmgr         is Running,          [-] process 28343
versa-devmgr           is Running,          [-] process 28485
versa-monit            is Running,          [*] process 28509
versa-confd            is Running,          [*] process 27508
versa-fail2ban         is Running,          [*] process 28539
versa-auditd           is Running,          [*] process 28554
versa-nodejs           is Running,          [-] process 28283
[admin@CPE27-HKG2-SINGLE-CPE-DUAL-INTERNET9: ~] # 
2019-09-16 14:09:54,157 - CPE27-HKG2-SINGLE-CPE-DUAL-INTERNET10 - DEBUG - After breaking while
2019-09-16 14:09:55,779 - CPE27-HKG2-SINGLE-CPE-DUAL-INTERNET10 - DEBUG - 
~~~~~~~~~~~~~~~~~~~~~~~~~~~~~~~~~~~~~~~~~~~~~~~~~~~~~~~~~~~~~~~~~

The product evaluation period has expired.
 Please contact Versa Support (support@versa-networks.com) 

~~~~~~~~~~~~~~~~~~~~~~~~~~~~~~~~~~~~~~~~~~~~~~~~~~~~~~~~~~~~~~~~~

versa-service          is Running,          [*] process 28026
versa-infmgr           is Running,          [-] process 27780
versa-rfd              is Running,          [-] process 28362
versa-vmod             is Running,          [-] process 28357
versa-ip2user          is Running,          [-] process 28374
versa-imgr             is Running,          [-] process 28379
versa-acctmgrd         is Running,          [-] process 28347
versa-fltrmgr          is Running,          [-] process 27782
versa-vstated          is Running,          [-] process 27776
versa-spack            is Running,          [-] process 28624
versa-addrmgrd         is Running,          [-] process 28375
versa-rt-cli-xfm       is Running,          [-] process 28318
versa-rtd              is Running,          [-] process 28341
versa-dhcpd            is Running,          [-] process 27778
versa-eventd           is Running,          [-] process 28349
versa-vrrpd            is Running,          [-] process 27790
versa-dnsd             is Running,          [-] process 27783
versa-ppmd             is Running,          [-] process 28307
versa-snmp-xform       is Running,          [-] process 28322
versa-certd            is Running,          [-] process 28384
versa-ntpd             is Running,          [*] process 27765
versa-dhclient6        is Running,          [-] process 28324
versa-redis            is Running,          [-] process 29390
versa-av-redis         is Running,          [-] process 27546
versa-spackmgr         is Running,          [-] process 28343
versa-devmgr           is Running,          [-] process 28485
versa-monit            is Running,          [*] process 28509
versa-confd            is Running,          [*] process 27508
versa-fail2ban         is Running,          [*] process 28539
versa-auditd           is Running,          [*] process 28554
versa-nodejs           is Running,          [-] process 28283
2019-09-16 14:09:56,180 - CPE27-HKG2-SINGLE-CPE-DUAL-INTERNET10 - DEBUG - CPE27nSAB9
2019-09-16 14:09:56,599 - CPE27-HKG2-SINGLE-CPE-DUAL-INTERNET10 - DEBUG - CPE27oSAB9
2019-09-16 14:09:57,015 - CPE27-HKG2-SINGLE-CPE-DUAL-INTERNET10 - DEBUG - CPE27oSAB9
2019-09-16 14:09:57,430 - CPE27-HKG2-SINGLE-CPE-DUAL-INTERNET10 - DEBUG - -DUAL-INTERNET10 
  -r NV-WC01-N6-SIN@colt.net -rk 1234

2019-09-16 14:17:04,388 - CPE27-HKG2-SINGLE-CPE-DUAL-INTERNET10 - INFO - 
 	 >>>>>>>>>>>> CPE ONBOARDING PASSED <<<<<<<<<<<<
 	 >>>>>>>>>>>>    CPE DETAILS        <<<<<<<<<<<<
2019-09-16 14:17:05,131 - CPE27-HKG2-SINGLE-CPE-DUAL-INTERNET10 - INFO - None
2019-09-16 14:17:05,131 - CPE27-HKG2-SINGLE-CPE-DUAL-INTERNET10 - INFO - CPE ONBOARDINIG SCRIPT COMPLETED
2019-09-16 14:17:05,131 - CPE27-HKG2-SINGLE-CPE-DUAL-INTERNET10 - INFO - Time elapsed: 0:09:21.704000

2019-09-16 14:17:05,131 - CPE27-HKG2-SINGLE-CPE-DUAL-INTERNET10 - INFO - LOG FILE PATH : C:\Softwares_mine\stefano\NV_REPOSITORY\csit/LOGS/2019_09_16_14_07_43_428000/MAIN.log
