2020-01-16 18:27:00,095 - VD1 - DEBUG - <netmiko.versa.versa_ssh.VersaSSH object at 0x000000000D1C8710>
2020-01-16 18:27:05,299 - VD1 - DEBUG - versa: Automated@VDir-BLR-NEW-01>
2020-01-16 18:27:05,299 - CPE11-HKG-HYBRD-IPC00190 - INFO - CPE NAME:CPE11-HKG-HYBRD-IPC00190
2020-01-16 18:27:06,301 - CPE11-HKG-HYBRD-IPC00190 - INFO - SOLUTION SELECTED:SINGLE-CPE-HYBRID
2020-01-16 18:27:06,661 - VD1 - DEBUG - configure private
Entering configuration mode private
[ok][2020-01-16 12:57:18]

[edit]
Automated@VDir-BLR-NEW-01% 
2020-01-16 18:27:06,671 - VD1 - DEBUG - True
2020-01-16 18:27:07,875 - VD1 - DEBUG - move devices device CPE11-HKG-HYBRD-IPC00190 config orgs org-services IPC00190 sd-wan policies Default-Policy rules DSTIP_MATCHfirst
-----------------------------------------------------------------------------------------------------------------------------------------------^
syntax error: unknown element
[error][2020-01-16 12:57:20]

[edit]
Automated@VDir-BLR-NEW-01% 
2020-01-16 18:27:08,285 - VD1 - DEBUG - commit and-quit
No modifications to commit.
[ok][2020-01-16 12:57:20]
Automated@VDir-BLR-NEW-01> 
2020-01-16 18:27:08,285 - VD1 - INFO - >>>>>>>>>> CREATE POLICY RULE PASSED. <<<<<<<<<<<
