2019-09-06 12:02:30,936 - CPE26-HKG2-DDI - INFO - CPE NAME:CPE26-HKG2-DDI
2019-09-06 12:02:31,937 - CPE26-HKG2-DDI - INFO - SOLUTION SELECTED:DUAL-CPE-DUAL-INTERNET
2019-09-06 12:02:33,134 - CPE26-HKG2-DDI - INFO - {u'versanms.sdwan-org-workflow': {u'ikeAuthType': u'psk', u'globalId': 90, u'orgName': u'IPC00190', u'controllers': [u'NV-WC01-N1-HKG', u'NV-WC01-N6-SIN', u'NV-WC02-N1-HKG', u'NV-WC02-N6-SIN'], u'bandwidth': 10, u'parentOrg': u'Colt', u'vrfs': [{u'name': u'LAN1-VRF', u'enableVPN': True, u'id': 1020}, {u'name': u'LAN2-VRF', u'enableVPN': True, u'id': 1021}, {u'name': u'LAN3-VRF', u'enableVPN': True, u'id': 1022}, {u'name': u'LAN4-VRF', u'enableVPN': True, u'id': 1023}, {u'name': u'LAN5-VRF', u'enableVPN': True, u'id': 1024}, {u'name': u'LAN6-VRF', u'enableVPN': True, u'id': 1025}, {u'name': u'LAN7-VRF', u'enableVPN': True, u'id': 1026}, {u'name': u'LAN8-VRF', u'enableVPN': True, u'id': 1027}, {u'name': u'LAN9-VRF', u'enableVPN': True, u'id': 1028}, {u'name': u'LAN10-VRF', u'enableVPN': True, u'id': 1029}], u'solutionTier': u'base-sdwan', u'sharedControlPlane': False}}
2019-09-06 12:02:33,420 - CPE26-HKG2-DDI - INFO - {u'versanms.sdwan-org-workflow': {u'ikeAuthType': u'psk', u'globalId': 90, u'orgName': u'IPC00190', u'controllers': [u'NV-WC01-N1-HKG', u'NV-WC01-N6-SIN', u'NV-WC02-N1-HKG', u'NV-WC02-N6-SIN'], u'bandwidth': 10, u'parentOrg': u'Colt', u'vrfs': [{u'name': u'LAN1-VRF', u'enableVPN': True, u'id': 1020}, {u'name': u'LAN2-VRF', u'enableVPN': True, u'id': 1021}, {u'name': u'LAN3-VRF', u'enableVPN': True, u'id': 1022}, {u'name': u'LAN4-VRF', u'enableVPN': True, u'id': 1023}, {u'name': u'LAN5-VRF', u'enableVPN': True, u'id': 1024}, {u'name': u'LAN6-VRF', u'enableVPN': True, u'id': 1025}, {u'name': u'LAN7-VRF', u'enableVPN': True, u'id': 1026}, {u'name': u'LAN8-VRF', u'enableVPN': True, u'id': 1027}, {u'name': u'LAN9-VRF', u'enableVPN': True, u'id': 1028}, {u'name': u'LAN10-VRF', u'enableVPN': True, u'id': 1029}], u'solutionTier': u'base-sdwan', u'sharedControlPlane': False}}
2019-09-06 12:02:33,694 - CPE26-HKG2-DDI - INFO - {u'versanms.sdwan-org-workflow': {u'ikeAuthType': u'psk', u'globalId': 90, u'orgName': u'IPC00190', u'controllers': [u'NV-WC01-N1-HKG', u'NV-WC01-N6-SIN', u'NV-WC02-N1-HKG', u'NV-WC02-N6-SIN'], u'bandwidth': 10, u'parentOrg': u'Colt', u'vrfs': [{u'name': u'LAN1-VRF', u'enableVPN': True, u'id': 1020}, {u'name': u'LAN2-VRF', u'enableVPN': True, u'id': 1021}, {u'name': u'LAN3-VRF', u'enableVPN': True, u'id': 1022}, {u'name': u'LAN4-VRF', u'enableVPN': True, u'id': 1023}, {u'name': u'LAN5-VRF', u'enableVPN': True, u'id': 1024}, {u'name': u'LAN6-VRF', u'enableVPN': True, u'id': 1025}, {u'name': u'LAN7-VRF', u'enableVPN': True, u'id': 1026}, {u'name': u'LAN8-VRF', u'enableVPN': True, u'id': 1027}, {u'name': u'LAN9-VRF', u'enableVPN': True, u'id': 1028}, {u'name': u'LAN10-VRF', u'enableVPN': True, u'id': 1029}], u'solutionTier': u'base-sdwan', u'sharedControlPlane': False}}
2019-09-06 12:02:33,694 - CPE26-HKG2-DDI - INFO - 
STEP : PRE-ONBOARD WORK

2019-09-06 12:02:33,752 - CPE26-HKG2-DDI - INFO - 
sudo /opt/versa/scripts/staging.py -w 2 -c 10.83.130.49 -s 172.16.6.102/30 -g 172.16.6.101 -l IPC00190-CPE26-HKG2-DDI@colt.net -lk CPE26-HKG2-DDI  -r NV-WC01-N1-HKG@colt.net -rk 1234

2019-09-06 12:02:33,753 - CPE26-HKG2-DDI - INFO - {
  "versanms.sdwan-device-workflow": {
	"deviceName": "CPE26-HKG2-DDI",
	"siteId": "4236",
	"orgName": "IPC00190",
	"serialNumber": "CPE26CSB01",
	"deviceGroup": "IPC00190-HKG-PS2-D-IOS-LIB-DG",
    "locationInfo": {
      "country": "singapore",
      "longitude": "103.819836",
      "latitude": "1.352083"
    },
    "postStagingTemplateInfo": {
      "templateName": "IPC00190-HKG-PS2-D-IOS-LIB",
      "templateData": {
        "device-template-variable": {
          "template": "IPC00190-HKG-PS2-D-IOS-LIB",
          "variable-binding": {
            "attrs": [
              {
                "name": "{$v_IPC00190_NV-WC01-N1-HKG_Local_auth_email_identifier__IKELIdentifier}",
                "value": "CPE26-HKG2-DDI@colt.net",
                "isAutogeneratable": true
              },
              {
                "name": "{$v_IPC00190_NV-WC01-N1-HKG_Local_auth_email_key__IKELKey}",
                "value": "CPE26-HKG2-DDI",
                "isAutogeneratable": true
              },
              {
                "name": "{$v_IPC00190-Control-VR_90_Router_ID__vrRouteId}",
                "value": "20.20.90.26",
                "isAutogeneratable": true,
                "isOverwritten": true
              },
              {
                "name": "{$v_Paired_Site__locationID}",
                "value": "4237",
                "isAutogeneratable": false
              },
              {
                "name": "{$v_IPC00190_NV-WC02-N1-HKG_Local_auth_email_key__IKELKey}",
                "value": "CPE26-HKG2-DDI",
                "isAutogeneratable": true
              },
              {
				"name": "{$v_INT-WAN1_IPv4__staticaddress}",
				"value": "172.16.6.102/30",
				"isAutogeneratable": false
              },
              {
                "name": "{$v_IPC00190_Site_Name__sitesSiteName}",
                "value": "CPE26-HKG2-DDI",
                "isAutogeneratable": true
              },
			  
			  
			  
			  
			  { "name": "{$v_LAN1_vrrp__vrrpVirtualAddress}", "value": "192.170.1.1", "isAutogeneratable": false},
			  { "name": "{$v_LAN1_IPv4__staticaddress}", "value": "192.170.1.2/24", "isAutogeneratable": false},
			  
              {
                "name": "{$v_tvi-0-181_-_Unit_0_Static_address__tunnelStaticAddress}",
                "value": "20.20.90.26/32",
                "isAutogeneratable": true,
                "isOverwritten": true
              },
              {
                "name": "{$v_latitude__IdLatitude}",
                "value": 1.352083,
                "isAutogeneratable": true
              },
              {
                "name": "{$v_INT-WAN1-Transport-VR_IPv4__vrHopAddress}",
                "value": "172.16.6.101",
                "isAutogeneratable": false
              },
              {
                "name": "{$v_identification__IdName}",
                "value": "CPE26-HKG2-DDI",
                "isAutogeneratable": true
              },
              {
                "name": "{$v_tvi-0-180_-_Unit_0_Static_address__tunnelStaticAddress}",
                "value": "10.10.90.26/32",
                "isAutogeneratable": true,
                "isOverwritten": true
              },
              {
                "name": "{$v_IPC00190_NV-WC02-N1-HKG_Local_auth_email_identifier__IKELIdentifier}",
                "value": "CPE26-HKG2-DDI@colt.net",
                "isAutogeneratable": true
              },
              {
                "name": "{$v_Chassis_Id__sitesChassisId}",
                "value": "4236",
                "isAutogeneratable": true
              },
              {
                "name": "{$v_longitude__Idlongitude}",
                "value": 103.819836,
                "isAutogeneratable": true
              },
              {
                "name": "{$v_IPC00190-Control-VR_90_Local_address__vrRouterAddress}",
                "value": "20.20.90.26",
                "isAutogeneratable": true,
                "isOverwritten": true
              },
              {
                "name": "{$v_location__IdLocation}",
                "value": "singapore",
                "isAutogeneratable": true
              },
			
				
				
				
			{ "name": "{$v_vni-0-4_LAN1_Unit-0__unit}", "value": "750", "isAutogeneratable": false},
			{ "name": "{$v_vni-0-4_LAN1_Unit-0__vlanId}", "value": "750", "isAutogeneratable": false },
			
              {
                "name": "{$v_Site_Id__siteSiteID}",
                "value": "4236",
                "isAutogeneratable": true
              }
            ]
          }
        },
        "variableMetadata": [
          {
            "variable": "{$v_IPC00190_NV-WC01-N1-HKG_Local_auth_email_identifier__IKELIdentifier}",
            "group": "IPSEC",
            "overlay": false
          },
          {
            "variable": "{$v_IPC00190_NV-WC01-N1-HKG_Local_auth_email_key__IKELKey}",
            "group": "IPSEC",
            "overlay": false
          },
          {
            "variable": "{$v_IPC00190-Control-VR_90_Router_ID__vrRouteId}",
            "group": "Virtual routers",
            "overlay": true,
            "type": "IPV4"
          },
          {
            "variable": "{$v_Paired_Site__locationID}",
            "group": "SDWAN",
            "overlay": false
          },
          {
            "variable": "{$v_IPC00190_NV-WC02-N1-HKG_Local_auth_email_key__IKELKey}",
            "group": "IPSEC",
            "overlay": false
          },
          {
            "variable": "{$v_INT-WAN1_IPv4__staticaddress}",
            "group": "Interfaces",
            "overlay": false,
            "type": "IPV4_MASK"
          },
          {
            "variable": "{$v_IPC00190_Site_Name__sitesSiteName}",
            "group": "SDWAN",
            "overlay": false
          },
		{ "variable": "{$v_LAN1_vrrp__vrrpVirtualAddress}", "group": "Others", "overlay": false, "type": "IPV4" },
		{ "variable": "{$v_LAN1_IPv4__staticaddress}", "group": "Interfaces", "overlay": false, "type": "IPV4_MASK" },
		
          {
            "variable": "{$v_tvi-0-181_-_Unit_0_Static_address__tunnelStaticAddress}",
            "group": "Interfaces",
            "overlay": true,
            "type": "IPV4_IPV6_MASK"
          },
          {
            "variable": "{$v_latitude__IdLatitude}",
            "group": "SDWAN",
            "overlay": false
          },
          {
            "variable": "{$v_INT-WAN1-Transport-VR_IPv4__vrHopAddress}",
            "group": "Virtual Routers",
            "overlay": false,
            "type": "IPV4"
          },
          {
            "variable": "{$v_identification__IdName}",
            "group": "SDWAN",
            "overlay": false
          },
          {
            "variable": "{$v_tvi-0-180_-_Unit_0_Static_address__tunnelStaticAddress}",
            "group": "Interfaces",
            "overlay": true,
            "type": "IPV4_IPV6_MASK"
          },
          {
            "variable": "{$v_IPC00190_NV-WC02-N1-HKG_Local_auth_email_identifier__IKELIdentifier}",
            "group": "IPSEC",
            "overlay": false
          },
          {
            "variable": "{$v_Chassis_Id__sitesChassisId}",
            "group": "SDWAN",
            "overlay": false
          },
          {
            "variable": "{$v_longitude__Idlongitude}",
            "group": "SDWAN",
            "overlay": false
          },
          {
            "variable": "{$v_IPC00190-Control-VR_90_Local_address__vrRouterAddress}",
            "group": "Virtual routers",
            "overlay": true,
            "type": "IPV4"
          },
          {
            "variable": "{$v_location__IdLocation}",
            "group": "SDWAN",
            "overlay": false
          },
		 
		 
		 
		 {"variable": "{$v_vni-0-4_LAN1_Unit-0__vlanId}", "group": "Vlan Info", "overlay": false, "type": "INTEGER"},
		 
          {
            "variable": "{$v_Site_Id__siteSiteID}",
            "group": "SDWAN",
            "overlay": false
          }
        ]
      }
    }
  }
}
2019-09-06 12:02:34,785 - CPE26-HKG2-DDI - INFO - <Response [200]>
2019-09-06 12:02:34,786 - CPE26-HKG2-DDI - INFO - PASS
2019-09-06 12:02:44,971 - CPE26-HKG2-DDI - INFO - 21477
2019-09-06 12:02:50,269 - CPE26-HKG2-DDI - INFO - Device deployed
2019-09-06 12:02:51,072 - CPE26-HKG2-DDI - INFO - {u'versanms.sdwan-device-workflow': {u'postStagingTemplateInfo': {u'templateData': {u'device-template-variable': {u'variable-binding': {u'attrs': [{u'isAutogeneratable': False, u'name': u'{$v_LAN1_vrrp__vrrpVirtualAddress}', u'value': u'192.170.1.1'}, {u'isAutogeneratable': True, u'isOverwritten': True, u'name': u'{$v_tvi-0-181_-_Unit_0_Static_address__tunnelStaticAddress}', u'value': u'20.20.90.26/32'}, {u'isAutogeneratable': False, u'name': u'{$v_vni-0-4_LAN1_Unit-0__vlanId}', u'value': 750}, {u'isAutogeneratable': False, u'name': u'{$v_Paired_Site__locationID}', u'value': 4237}, {u'isAutogeneratable': True, u'name': u'{$v_Chassis_Id__sitesChassisId}', u'value': u'CPE26CSB01'}, {u'isAutogeneratable': True, u'isOverwritten': True, u'name': u'{$v_IPC00190-Control-VR_90_Router_ID__vrRouteId}', u'value': u'20.20.90.26'}, {u'isAutogeneratable': True, u'name': u'{$v_IPC00190_NV-WC01-N1-HKG_Local_auth_email_key__IKELKey}', u'value': u'CPE26-HKG2-DDI'}, {u'isAutogeneratable': True, u'name': u'{$v_longitude__Idlongitude}', u'value': 103.819836}, {u'isAutogeneratable': False, u'name': u'{$v_INT-WAN1-Transport-VR_IPv4__vrHopAddress}', u'value': u'172.16.6.101'}, {u'isAutogeneratable': True, u'name': u'{$v_IPC00190_NV-WC02-N1-HKG_Local_auth_email_identifier__IKELIdentifier}', u'value': u'CPE26-HKG2-DDI@colt.net'}, {u'isAutogeneratable': False, u'name': u'{$v_INT-WAN1_IPv4__staticaddress}', u'value': u'172.16.6.102/30'}, {u'isAutogeneratable': True, u'name': u'{$v_location__IdLocation}', u'value': u'singapore'}, {u'isAutogeneratable': True, u'isOverwritten': True, u'name': u'{$v_IPC00190-Control-VR_90_Local_address__vrRouterAddress}', u'value': u'20.20.90.26'}, {u'isAutogeneratable': True, u'isOverwritten': True, u'name': u'{$v_tvi-0-180_-_Unit_0_Static_address__tunnelStaticAddress}', u'value': u'10.10.90.26/32'}, {u'isAutogeneratable': False, u'name': u'{$v_vni-0-4_LAN1_Unit-0__unit}', u'value': 750}, {u'isAutogeneratable': True, u'name': u'{$v_Site_Id__siteSiteID}', u'value': 4236}, {u'isAutogeneratable': True, u'name': u'{$v_IPC00190_NV-WC01-N1-HKG_Local_auth_email_identifier__IKELIdentifier}', u'value': u'CPE26-HKG2-DDI@colt.net'}, {u'isAutogeneratable': True, u'name': u'{$v_IPC00190_Site_Name__sitesSiteName}', u'value': u'CPE26-HKG2-DDI'}, {u'isAutogeneratable': False, u'name': u'{$v_LAN1_IPv4__staticaddress}', u'value': u'192.170.1.2/24'}, {u'isAutogeneratable': True, u'name': u'{$v_latitude__IdLatitude}', u'value': 1.352083}, {u'isAutogeneratable': True, u'name': u'{$v_IPC00190_NV-WC02-N1-HKG_Local_auth_email_key__IKELKey}', u'value': u'CPE26-HKG2-DDI'}, {u'isAutogeneratable': True, u'name': u'{$v_identification__IdName}', u'value': u'CPE26-HKG2-DDI'}]}, u'template': u'IPC00190-HKG-PS2-D-IOS-LIB'}, u'variableMetadata': [{u'variable': u'{$v_LAN1_vrrp__vrrpVirtualAddress}', u'type': u'IPV4', u'group': u'Others', u'overlay': False}, {u'variable': u'{$v_tvi-0-181_-_Unit_0_Static_address__tunnelStaticAddress}', u'type': u'IPV4_IPV6_MASK', u'group': u'Interfaces', u'overlay': True}, {u'variable': u'{$v_vni-0-4_LAN1_Unit-0__vlanId}', u'type': u'INTEGER', u'group': u'Vlan Info', u'overlay': False}, {u'variable': u'{$v_Paired_Site__locationID}', u'group': u'SDWAN', u'overlay': False}, {u'variable': u'{$v_Chassis_Id__sitesChassisId}', u'group': u'SDWAN', u'overlay': False}, {u'variable': u'{$v_IPC00190-Control-VR_90_Router_ID__vrRouteId}', u'type': u'IPV4', u'group': u'Virtual routers', u'overlay': True}, {u'variable': u'{$v_IPC00190_NV-WC01-N1-HKG_Local_auth_email_key__IKELKey}', u'group': u'IPSEC', u'overlay': False}, {u'variable': u'{$v_longitude__Idlongitude}', u'group': u'SDWAN', u'overlay': False}, {u'variable': u'{$v_INT-WAN1-Transport-VR_IPv4__vrHopAddress}', u'type': u'IPV4', u'group': u'Virtual routers', u'overlay': False}, {u'variable': u'{$v_IPC00190_NV-WC02-N1-HKG_Local_auth_email_identifier__IKELIdentifier}', u'group': u'IPSEC', u'overlay': False}, {u'variable': u'{$v_INT-WAN1_IPv4__staticaddress}', u'type': u'IPV4_MASK', u'group': u'Interfaces', u'overlay': False}, {u'variable': u'{$v_location__IdLocation}', u'group': u'SDWAN', u'overlay': False}, {u'variable': u'{$v_IPC00190-Control-VR_90_Local_address__vrRouterAddress}', u'type': u'IPV4', u'group': u'Virtual routers', u'overlay': True}, {u'variable': u'{$v_tvi-0-180_-_Unit_0_Static_address__tunnelStaticAddress}', u'type': u'IPV4_IPV6_MASK', u'group': u'Interfaces', u'overlay': True}, {u'variable': u'{$v_vni-0-4_LAN1_Unit-0__unit}', u'type': u'INTEGER', u'group': u'Vlan Info', u'overlay': False}, {u'variable': u'{$v_Site_Id__siteSiteID}', u'group': u'SDWAN', u'overlay': False}, {u'variable': u'{$v_IPC00190_NV-WC01-N1-HKG_Local_auth_email_identifier__IKELIdentifier}', u'group': u'IPSEC', u'overlay': False}, {u'variable': u'{$v_IPC00190_Site_Name__sitesSiteName}', u'group': u'SDWAN', u'overlay': False}, {u'variable': u'{$v_LAN1_IPv4__staticaddress}', u'type': u'IPV4_MASK', u'group': u'Interfaces', u'overlay': False}, {u'variable': u'{$v_latitude__IdLatitude}', u'group': u'SDWAN', u'overlay': False}, {u'variable': u'{$v_IPC00190_NV-WC02-N1-HKG_Local_auth_email_key__IKELKey}', u'group': u'IPSEC', u'overlay': False}, {u'variable': u'{$v_identification__IdName}', u'group': u'SDWAN', u'overlay': False}]}, u'templateName': u'IPC00190-HKG-PS2-D-IOS-LIB'}, u'deviceName': u'CPE26-HKG2-DDI', u'workflowStatus': u'Deployed', u'deviceGroup': u'IPC00190-HKG-PS2-D-IOS-LIB-DG', u'orgName': u'IPC00190', u'serialNumber': u'CPE26CSB01', u'locationInfo': {u'latitude': 1.352083, u'country': u'singapore', u'longitude': 103.819836}, u'bandwidth': 0, u'lastUpdatedBy': u'Automated', u'siteId': 4236, u'instanceInfo': u'', u'stagingTemplateInfo': u'', u'lastModifiedTime': u'2019-09-06T05:12:44.313000+00:00', u'urlztpBasedInfo': {u'authType': u'psk', u'enableIpv4Dhcp': False, u'branchKey': u'APKOL1QBieV7mAj0', u'branchId': u'CPE26-HKG2-DDI@IPC00190.com', u'enableIpv6': False, u'enableIpv4': False, u'enableIpv6Dhcp': False}}}
2019-09-06 12:03:10,490 - CPE26-HKG2-DDI - INFO - configure private
Entering configuration mode private
[ok][2019-09-06 05:13:10]

[edit]
Automated@VDir-BLR-NEW-01% 
2019-09-06 12:03:12,691 - CPE26-HKG2-DDI - INFO - True
2019-09-06 12:03:13,494 - CPE26-HKG2-DDI - INFO - set devices device NV-WC01-N1-HKG config orgs org-services Colt ipsec vpn-profile INT-WAN-NV-WC01-N1-HKG-StagingIpsec psk-auth-clients remote-client IPC00190-CPE26-HKG2-DDI@colt.net id-type email
[ok][2019-09-06 05:13:15]

[edit]
Automated@VDir-BLR-NEW-01% 
2019-09-06 12:03:14,298 - CPE26-HKG2-DDI - INFO - set devices device NV-WC01-N1-HKG config orgs org-services Colt ipsec vpn-profile INT-WAN-NV-WC01-N1-HKG-StagingIpsec psk-auth-clients remote-client IPC00190-CPE26-HKG2-DDI@colt.net key CPE26-HKG2-DDI
[ok][2019-09-06 05:13:16]

[edit]
Automated@VDir-BLR-NEW-01% 
2019-09-06 12:03:15,302 - CPE26-HKG2-DDI - INFO - commit and-quit
Commit complete.
[ok][2019-09-06 05:13:17]
Automated@VDir-BLR-NEW-01> 
2019-09-06 12:03:15,312 - CPE26-HKG2-DDI - INFO - 
STEP : ONBOARD CALL

2019-09-06 12:03:15,322 - CPE26-HKG2-DDI - INFO - 
sudo /opt/versa/scripts/staging.py -w 2 -c 10.83.130.49 -s 172.16.6.102/30 -g 172.16.6.101 -l IPC00190-CPE26-HKG2-DDI@colt.net -lk CPE26-HKG2-DDI  -r NV-WC01-N1-HKG@colt.net -rk 1234

2019-09-06 12:09:00,953 - CPE26-HKG2-DDI - INFO - 
 	 >>>>>>>>>>>> CPE ONBOARDING PASSED <<<<<<<<<<<<
 	 >>>>>>>>>>>>    CPE DETAILS        <<<<<<<<<<<<
2019-09-06 12:09:01,460 - CPE26-HKG2-DDI - INFO - None
2019-09-06 12:09:01,460 - CPE26-HKG2-DDI - INFO - 
STEP : CONFIG VRRP TRACK ROUTE & QOS RULE MATCH WAN in Secondary CPE

2019-09-06 12:09:15,849 - CPE26-HKG2-DDI - INFO - configure private
Entering configuration mode private
[ok][2019-09-06 05:19:14]

[edit]
Automated@VDir-BLR-NEW-01% 
2019-09-06 12:09:18,052 - CPE26-HKG2-DDI - INFO - True
2019-09-06 12:09:18,453 - CPE26-HKG2-DDI - INFO - 

[edit]
Automated@VDir-BLR-NEW-01% 
2019-09-06 12:09:18,855 - CPE26-HKG2-DDI - INFO - 

[edit]
Automated@VDir-BLR-NEW-01% 
2019-09-06 12:09:19,459 - CPE26-HKG2-DDI - INFO - set devices device CPE26-HKG2-DDI config orgs org-services IPC00190 class-of-service qos-policies Default-Policy rules WAN_IN set action allow
[ok][2019-09-06 05:19:19]

[edit]
Automated@VDir-BLR-NEW-01% 
2019-09-06 12:09:20,461 - CPE26-HKG2-DDI - INFO - set devices device CPE26-HKG2-DDI config orgs org-services IPC00190 class-of-service qos-policies Default-Policy rules WAN_IN match source zone zone-list [ Intf-INT-WAN1-Zone Intf-INT-WAN1-Failover-Zone Intf-INT-WAN2-Zone ]
[ok][2019-09-06 05:19:20]

[edit]
Automated@VDir-BLR-NEW-01% 
2019-09-06 12:09:21,263 - CPE26-HKG2-DDI - INFO - set devices device CPE26-HKG2-DDI config orgs org-services IPC00190 class-of-service qos-policies Default-Policy rules WAN_OUT set action allow
[ok][2019-09-06 05:19:21]

[edit]
Automated@VDir-BLR-NEW-01% 
2019-09-06 12:09:22,266 - CPE26-HKG2-DDI - INFO - set devices device CPE26-HKG2-DDI config orgs org-services IPC00190 class-of-service qos-policies Default-Policy rules WAN_OUT match  destination zone zone-list [ Intf-INT-WAN1-Zone Intf-INT-WAN1-Failover-Zone Intf-INT-WAN2-Zone ]
[ok][2019-09-06 05:19:22]

[edit]
Automated@VDir-BLR-NEW-01% 
2019-09-06 12:09:22,667 - CPE26-HKG2-DDI - INFO - #Repeat following lines of config for all LAN-VRFs provisioned
[ok][2019-09-06 05:19:22]

[edit]
Automated@VDir-BLR-NEW-01% 
2019-09-06 12:09:23,069 - CPE26-HKG2-DDI - INFO - 

[edit]
Automated@VDir-BLR-NEW-01% 
2019-09-06 12:09:23,471 - CPE26-HKG2-DDI - INFO - 

[edit]
Automated@VDir-BLR-NEW-01% 
2019-09-06 12:09:23,871 - CPE26-HKG2-DDI - INFO - 

[edit]
Automated@VDir-BLR-NEW-01% 
2019-09-06 12:09:24,273 - CPE26-HKG2-DDI - INFO - 

[edit]
Automated@VDir-BLR-NEW-01% 
2019-09-06 12:09:24,674 - CPE26-HKG2-DDI - INFO - 

[edit]
Automated@VDir-BLR-NEW-01% 
2019-09-06 12:09:25,075 - CPE26-HKG2-DDI - INFO - 

[edit]
Automated@VDir-BLR-NEW-01% 
2019-09-06 12:09:26,078 - CPE26-HKG2-DDI - INFO - set devices device CPE26-HKG2-DDI config interfaces vni-0/4 unit 750 family inet address 192.170.1.2/24 vrrp-group 1 track route 0.0.0.0/0 priority-cost 10
[ok][2019-09-06 05:19:26]

[edit]
Automated@VDir-BLR-NEW-01% 
2019-09-06 12:09:26,882 - CPE26-HKG2-DDI - INFO - set devices device CPE26-HKG2-DDI config interfaces vni-0/4 unit 750 family inet address 192.170.1.2/24 vrrp-group 1 track route 0.0.0.0/0 routing-instance LAN1-VRF
[ok][2019-09-06 05:19:27]

[edit]
Automated@VDir-BLR-NEW-01% 
2019-09-06 12:09:27,285 - CPE26-HKG2-DDI - INFO - 

[edit]
Automated@VDir-BLR-NEW-01% 
2019-09-06 12:09:27,686 - CPE26-HKG2-DDI - INFO - 

[edit]
Automated@VDir-BLR-NEW-01% 
2019-09-06 12:09:28,888 - CPE26-HKG2-DDI - INFO - commit and-quit
Commit complete.
[ok][2019-09-06 05:19:29]
Automated@VDir-BLR-NEW-01> 
2019-09-06 12:09:28,921 - CPE26-HKG2-DDI - INFO - 
 >>>>>>>>>> CONFIG VRRP TRACK ROUTE passed. <<<<<<<<<<<

2019-09-06 12:09:28,921 - CPE26-HKG2-DDI - INFO - CPE ONBOARDINIG SCRIPT COMPLETED
2019-09-06 12:09:28,921 - CPE26-HKG2-DDI - INFO - Time elapsed: 0:06:57.999000

