2019-02-15 17:06:04,652 - CPE11 - INFO - CPE NAME:CPE11
2019-02-15 17:06:04,719 - CPE11 - INFO - sudo /opt/versa/scripts/staging.py -w 1 -c 10.63.151.90 -s 172.16.7.42/30 -g 172.16.7.41 -l IPC00012-CPE11@colt.net  -r NV-WC02-N2-BLR@colt.net -rk NV-WC02-N2-BLR
2019-02-15 17:06:04,719 - CPE11 - INFO - {
	"versanms.sdwan-device-workflow": {
		"deviceName": "CPE11",
		"siteId": "1626",
		"orgName": "IPC00012",
		"serialNumber": "AUTOKSA1811011",
		"deviceGroup": "IPC00012-BLR-PS-HS-LIB-DG",
		"locationInfo": {
			"state": "karnataka",
			"country": "india",
			"longitude": "77.594563",
			"latitude": "12.971599",
			"city": "bangalore"
		},
		"postStagingTemplateInfo": {
			"templateName": "IPC00012-BLR-PS-HS-LIB",
			"templateData": {
				"device-template-variable": {
					"template": "IPC00012-BLR-PS-HS-LIB",
					"variable-binding": {
						"attrs": [{
							"name": "{$v_INT-WAN_IPv4__staticaddress}",
							"value": "172.16.6.42/30",
							"isAutogeneratable": false
						},
						
						    
						    
						{ "name": "{$v_vni-0-4_LAN1_Unit-0__unit}", "value": "600", "isAutogeneratable": false},
						{ "name": "{$v_vni-0-4_LAN1_Unit-0__vlanId}", "value": "600", "isAutogeneratable": false },
						
						    
						    
						{ "name": "{$v_vni-0-4_LAN2_Unit-1__unit}", "value": "601", "isAutogeneratable": false},
						{ "name": "{$v_vni-0-4_LAN2_Unit-1__vlanId}", "value": "601", "isAutogeneratable": false },
						
						    
						    
						{ "name": "{$v_vni-0-4_LAN3_Unit-2__unit}", "value": "602", "isAutogeneratable": false},
						{ "name": "{$v_vni-0-4_LAN3_Unit-2__vlanId}", "value": "602", "isAutogeneratable": false },
						
						    
						    
						{ "name": "{$v_vni-0-4_LAN4_Unit-3__unit}", "value": "603", "isAutogeneratable": false},
						{ "name": "{$v_vni-0-4_LAN4_Unit-3__vlanId}", "value": "603", "isAutogeneratable": false },
						
						    
						    
						{ "name": "{$v_vni-0-4_LAN5_Unit-4__unit}", "value": "604", "isAutogeneratable": false},
						{ "name": "{$v_vni-0-4_LAN5_Unit-4__vlanId}", "value": "604", "isAutogeneratable": false },
						
						    
						    
						{ "name": "{$v_vni-0-4_LAN6_Unit-5__unit}", "value": "605", "isAutogeneratable": false},
						{ "name": "{$v_vni-0-4_LAN6_Unit-5__vlanId}", "value": "605", "isAutogeneratable": false },
						
						    
						    
						{ "name": "{$v_vni-0-4_LAN7_Unit-6__unit}", "value": "606", "isAutogeneratable": false},
						{ "name": "{$v_vni-0-4_LAN7_Unit-6__vlanId}", "value": "606", "isAutogeneratable": false },
						
						    
						    
						{ "name": "{$v_vni-0-4_LAN8_Unit-7__unit}", "value": "607", "isAutogeneratable": false},
						{ "name": "{$v_vni-0-4_LAN8_Unit-7__vlanId}", "value": "607", "isAutogeneratable": false },
						
						    
						    
						{ "name": "{$v_vni-0-4_LAN9_Unit-8__unit}", "value": "608", "isAutogeneratable": false},
						{ "name": "{$v_vni-0-4_LAN9_Unit-8__vlanId}", "value": "608", "isAutogeneratable": false },
						
						    
						    
						{ "name": "{$v_vni-0-4_LAN10_Unit-9__unit}", "value": "609", "isAutogeneratable": false},
						{ "name": "{$v_vni-0-4_LAN10_Unit-9__vlanId}", "value": "609", "isAutogeneratable": false },
						
						    
						    
						{ "name": "{$v_vni-0-4_LAN11_Unit-10__unit}", "value": "610", "isAutogeneratable": false},
						{ "name": "{$v_vni-0-4_LAN11_Unit-10__vlanId}", "value": "610", "isAutogeneratable": false },
						
						{
							"name": "{$v_IPC00012-Control-VR_16_Router_ID__vrRouteId}",
							"value": "20.20.16.11",
							"isAutogeneratable": true,
							"isOverwritten": false
						}, {
							"name": "{$v_IPC00012_NV-WC01-N2-BLR_Local_auth_email_key__IKELKey}",
							"value": "1234",
							"isAutogeneratable": true
						}, {
							"name": "{$v_IPC00012_NV-WC02-N2-BLR_Local_auth_email_key__IKELKey}",
							"value": "1234",
							"isAutogeneratable": true
						},
						
						
						
						{ "name": "{$v_LAN1_IPv4__staticaddress}", "value": "192.169.101.1/24", "isAutogeneratable": false},
						
						
						
						{ "name": "{$v_LAN2_IPv4__staticaddress}", "value": "192.169.102.1/24", "isAutogeneratable": false},
						
						
						
						{ "name": "{$v_LAN3_IPv4__staticaddress}", "value": "192.169.103.1/24", "isAutogeneratable": false},
						
						
						
						{ "name": "{$v_LAN4_IPv4__staticaddress}", "value": "192.169.104.1/24", "isAutogeneratable": false},
						
						
						
						{ "name": "{$v_LAN5_IPv4__staticaddress}", "value": "192.169.105.1/24", "isAutogeneratable": false},
						
						
						
						{ "name": "{$v_LAN6_IPv4__staticaddress}", "value": "192.169.106.1/24", "isAutogeneratable": false},
						
						
						
						{ "name": "{$v_LAN7_IPv4__staticaddress}", "value": "192.169.107.1/24", "isAutogeneratable": false},
						
						
						
						{ "name": "{$v_LAN8_IPv4__staticaddress}", "value": "192.169.108.1/24", "isAutogeneratable": false},
						
						
						
						{ "name": "{$v_LAN9_IPv4__staticaddress}", "value": "192.169.109.1/24", "isAutogeneratable": false},
						
						
						
						{ "name": "{$v_LAN10_IPv4__staticaddress}", "value": "192.169.110.1/24", "isAutogeneratable": false},
						
						{
							"name": "{$v_IPC00012_NV-WC02-N2-BLR_Local_auth_email_identifier__IKELIdentifier}",
							"value": "IPC00012-CPE11@colt.net",
							"isAutogeneratable": true
						}, {
							"name": "{$v_Site_Id__siteSiteID}",
							"value": "1626",
							"isAutogeneratable": true
						}, {
							"name": "{$v_IPC00012_NV-WC01-N2-BLR_Local_auth_email_identifier__IKELIdentifier}",
							"value": "IPC00012-CPE11@colt.net",
							"isAutogeneratable": true
						}, {
							"name": "{$v_IPC00012_Site_Name__sitesSiteName}",
							"value": "CPE11",
							"isAutogeneratable": true
						}, {
							"name": "{$v_latitude__IdLatitude}",
							"value": "12.971599",
							"isAutogeneratable": true
						}, {
							"name": "{$v_identification__IdName}",
							"value": "CPE11",
							"isAutogeneratable": true
						}, {
							"name": "{$v_INT-WAN-Transport-VR_IPv4__vrHopAddress}",
							"value": "172.16.6.41",
							"isAutogeneratable": false
						},	{
						    "name": "{$v_tvi-0-32_-_Unit_0_Static_address__tunnelStaticAddress}",
							"value": "10.10.16.11/32",
							"isAutogeneratable": true,
							"isOverwritten": false
						}, {
							"name": "{$v_Chassis_Id__sitesChassisId}",
							"value": "AUTOKSA1811011",
							"isAutogeneratable": true
						}, {
							"name": "{$v_longitude__Idlongitude}",
							"value": "77.594563",
							"isAutogeneratable": true
						}, {
							"name": "{$v_location__IdLocation}",
							"value": "bangalore,karnataka, india",
							"isAutogeneratable": true
						}, {
							"name": "{$v_IPC00012-Control-VR_16_Local_address__vrRouterAddress}",
							"value": "20.20.16.11",
							"isAutogeneratable": true,
							"isOverwritten": false
						}, {
							"name": "{$v_MPLS-WAN-Transport-VR_IPv4__vrHopAddress}",
							"value": "172.16.7.41",
							"isAutogeneratable": false
						}, {
							"name": "{$v_MPLS-WAN_IPv4__staticaddress}",
							"value": "172.16.7.42/30",
							"isAutogeneratable": false
						}, {
							"name": "{$v_tvi-0-33_-_Unit_0_Static_address__tunnelStaticAddress}",
							"value": "20.20.16.11/32",
							"isAutogeneratable": true,
							"isOverwritten": false
						}]
					}
				},
				"variableMetadata": [{
					"variable": "{$v_INT-WAN_IPv4__staticaddress}",
					"group": "Interfaces",
					"overlay": false,
					"type": "IPV4_MASK"
				},
                
                
                
				{"variable": "{$v_vni-0-4_LAN1_Unit-0__vlanId}", "group": "Vlan Info", "overlay": false, "type": "INTEGER"},
                
                
                
				{"variable": "{$v_vni-0-4_LAN2_Unit-1__vlanId}", "group": "Vlan Info", "overlay": false, "type": "INTEGER"},
                
                
                
				{"variable": "{$v_vni-0-4_LAN3_Unit-2__vlanId}", "group": "Vlan Info", "overlay": false, "type": "INTEGER"},
                
                
                
				{"variable": "{$v_vni-0-4_LAN4_Unit-3__vlanId}", "group": "Vlan Info", "overlay": false, "type": "INTEGER"},
                
                
                
				{"variable": "{$v_vni-0-4_LAN5_Unit-4__vlanId}", "group": "Vlan Info", "overlay": false, "type": "INTEGER"},
                
                
                
				{"variable": "{$v_vni-0-4_LAN6_Unit-5__vlanId}", "group": "Vlan Info", "overlay": false, "type": "INTEGER"},
                
                
                
				{"variable": "{$v_vni-0-4_LAN7_Unit-6__vlanId}", "group": "Vlan Info", "overlay": false, "type": "INTEGER"},
                
                
                
				{"variable": "{$v_vni-0-4_LAN8_Unit-7__vlanId}", "group": "Vlan Info", "overlay": false, "type": "INTEGER"},
                
                
                
				{"variable": "{$v_vni-0-4_LAN9_Unit-8__vlanId}", "group": "Vlan Info", "overlay": false, "type": "INTEGER"},
                
                
                
				{"variable": "{$v_vni-0-4_LAN10_Unit-9__vlanId}", "group": "Vlan Info", "overlay": false, "type": "INTEGER"},
                
                
                
				{"variable": "{$v_vni-0-4_LAN11_Unit-10__vlanId}", "group": "Vlan Info", "overlay": false, "type": "INTEGER"},
                
				{
					"variable": "{$v_IPC00012-Control-VR_16_Router_ID__vrRouteId}",
					"group": "Virtual Routers",
					"overlay": true,
					"type": "IPV4"
				}, {
					"variable": "{$v_IPC00012_NV-WC01-N2-BLR_Local_auth_email_key__IKELKey}",
					"group": "IPSEC",
					"overlay": false
				}, {
					"variable": "{$v_IPC00012_NV-WC02-N2-BLR_Local_auth_email_key__IKELKey}",
					"group": "IPSEC",
					"overlay": false
				}, {
					"variable": "{$v_LAN10_IPv4__staticaddress}",
					"group": "Interfaces",
					"overlay": false,
					"type": "IPV4_MASK"
				}, {
					"variable": "{$v_LAN9_IPv4__staticaddress}",
					"group": "Interfaces",
					"overlay": false,
					"type": "IPV4_MASK"
				}, {
					"variable": "{$v_LAN5_IPv4__staticaddress}",
					"group": "Interfaces",
					"overlay": false,
					"type": "IPV4_MASK"
				}, {
					"variable": "{$v_LAN1_IPv4__staticaddress}",
					"group": "Interfaces",
					"overlay": false,
					"type": "IPV4_MASK"
				}, {
					"variable": "{$v_LAN7_IPv4__staticaddress}",
					"group": "Interfaces",
					"overlay": false,
					"type": "IPV4_MASK"
				}, {
					"variable": "{$v_IPC00012_NV-WC02-N2-BLR_Local_auth_email_identifier__IKELIdentifier}",
					"group": "IPSEC",
					"overlay": false
				}, {
					"variable": "{$v_vni-0-4_LAN10_Unit-9__unit}",
					"group": "Vlan Info",
					"overlay": false,
					"type": "INTEGER"
				}, {
					"variable": "{$v_Site_Id__siteSiteID}",
					"group": "SDWAN",
					"overlay": false
				}, {
					"variable": "{$v_LAN6_IPv4__staticaddress}",
					"group": "Interfaces",
					"overlay": false,
					"type": "IPV4_MASK"
				}, {
					"variable": "{$v_IPC00012_NV-WC01-N2-BLR_Local_auth_email_identifier__IKELIdentifier}",
					"group": "IPSEC",
					"overlay": false
				}, {
					"variable": "{$v_LAN2_IPv4__staticaddress}",
					"group": "Interfaces",
					"overlay": false,
					"type": "IPV4_MASK"
				}, {
					"variable": "{$v_LAN4_IPv4__staticaddress}",
					"group": "Interfaces",
					"overlay": false,
					"type": "IPV4_MASK"
				}, {
					"variable": "{$v_IPC00012_Site_Name__sitesSiteName}",
					"group": "SDWAN",
					"overlay": false
				}, {
					"variable": "{$v_latitude__IdLatitude}",
					"group": "SDWAN",
					"overlay": false
				}, {
					"variable": "{$v_identification__IdName}",
					"group": "SDWAN",
					"overlay": false
				}, {
					"variable": "{$v_LAN3_IPv4__staticaddress}",
					"group": "Interfaces",
					"overlay": false,
					"type": "IPV4_MASK"
				}, {
					"variable": "{$v_INT-WAN-Transport-VR_IPv4__vrHopAddress}",
					"group": "Virtual Routers",
					"overlay": false,
					"type": "IPV4_IPV6"
				}, {
					"variable": "{$v_tvi-0-32_-_Unit_0_Static_address__tunnelStaticAddress}",
					"group": "Interfaces",
					"overlay": true,
					"type": "IPV4_IPV6_MASK"
				}, {
					"variable": "{$v_Chassis_Id__sitesChassisId}",
					"group": "SDWAN",
					"overlay": false
				}, {
					"variable": "{$v_longitude__Idlongitude}",
					"group": "SDWAN",
					"overlay": false
				}, {
					"variable": "{$v_LAN8_IPv4__staticaddress}",
					"group": "Interfaces",
					"overlay": false,
					"type": "IPV4_MASK"
				}, {
					"variable": "{$v_location__IdLocation}",
					"group": "SDWAN",
					"overlay": false
				}, {
					"variable": "{$v_IPC00012-Control-VR_16_Local_address__vrRouterAddress}",
					"group": "Virtual Routers",
					"overlay": true,
					"type": "IPV4"
				}, {
					"variable": "{$v_MPLS-WAN-Transport-VR_IPv4__vrHopAddress}",
					"group": "Virtual Routers",
					"overlay": false,
					"type": "IPV4_IPV6"
				}, {
					"variable": "{$v_MPLS-WAN_IPv4__staticaddress}",
					"group": "Interfaces",
					"overlay": false,
					"type": "IPV4_MASK"
				}, {
					"variable": "{$v_tvi-0-33_-_Unit_0_Static_address__tunnelStaticAddress}",
					"group": "Interfaces",
					"overlay": true,
					"type": "IPV4_IPV6_MASK"
				}]
			}
		}
	}
}
2019-02-15 17:06:05,320 - CPE11 - INFO - <Response [500]>
2019-02-15 17:06:05,321 - CPE11 - INFO - {"error":{"http_status_code":500,"code":0,"message":"Device workflow [ CPE11] already exists in network (either your org or another org),  Please choose another name.","more_info":"http://nms.versa.com/errors/null"}}
2019-02-15 17:06:05,321 - CPE11 - INFO - FAIL : {"error":{"http_status_code":500,"code":0,"message":"Device workflow [ CPE11] already exists in network (either your org or another org),  Please choose another name.","more_info":"http://nms.versa.com/errors/null"}}
2019-02-15 17:06:15,473 - CPE11 - INFO - 15156
2019-02-15 17:06:20,816 - CPE11 - INFO - Device deployed
2019-02-15 17:06:22,050 - CPE11 - INFO - {u'versanms.sdwan-device-workflow': {u'postStagingTemplateInfo': {u'templateData': {u'device-template-variable': {u'variable-binding': {u'attrs': [{u'isAutogeneratable': False, u'name': u'{$v_INT-WAN_IPv4__staticaddress}', u'value': u'172.16.6.42/30'}, {u'isAutogeneratable': False, u'name': u'{$v_vni-0-4_LAN6_Unit-5__vlanId}', u'value': 605}, {u'isAutogeneratable': True, u'isOverwritten': True, u'name': u'{$v_IPC00012-Control-VR_16_Router_ID__vrRouteId}', u'value': u'20.20.16.11'}, {u'isAutogeneratable': True, u'name': u'{$v_IPC00012_NV-WC01-N2-BLR_Local_auth_email_key__IKELKey}', u'value': 1234}, {u'isAutogeneratable': True, u'name': u'{$v_IPC00012_NV-WC02-N2-BLR_Local_auth_email_key__IKELKey}', u'value': 1234}, {u'isAutogeneratable': False, u'name': u'{$v_LAN10_IPv4__staticaddress}', u'value': u'192.169.110.1/24'}, {u'isAutogeneratable': False, u'name': u'{$v_vni-0-4_LAN8_Unit-7__vlanId}', u'value': 607}, {u'isAutogeneratable': False, u'name': u'{$v_vni-0-4_LAN2_Unit-1__vlanId}', u'value': 601}, {u'isAutogeneratable': False, u'name': u'{$v_LAN9_IPv4__staticaddress}', u'value': u'192.169.109.1/24'}, {u'isAutogeneratable': False, u'name': u'{$v_LAN5_IPv4__staticaddress}', u'value': u'192.169.105.1/24'}, {u'isAutogeneratable': False, u'name': u'{$v_LAN1_IPv4__staticaddress}', u'value': u'192.169.101.1/24'}, {u'isAutogeneratable': False, u'name': u'{$v_vni-0-4_LAN4_Unit-3__vlanId}', u'value': 603}, {u'isAutogeneratable': False, u'name': u'{$v_LAN7_IPv4__staticaddress}', u'value': u'192.169.107.1/24'}, {u'isAutogeneratable': False, u'name': u'{$v_vni-0-4_LAN4_Unit-3__unit}', u'value': 603}, {u'isAutogeneratable': True, u'name': u'{$v_IPC00012_NV-WC02-N2-BLR_Local_auth_email_identifier__IKELIdentifier}', u'value': u'IPC00012-CPE11@colt.net'}, {u'isAutogeneratable': False, u'name': u'{$v_vni-0-4_LAN10_Unit-9__unit}', u'value': 609}, {u'isAutogeneratable': False, u'name': u'{$v_vni-0-4_LAN9_Unit-8__unit}', u'value': 608}, {u'isAutogeneratable': False, u'name': u'{$v_vni-0-4_LAN1_Unit-0__unit}', u'value': 600}, {u'isAutogeneratable': False, u'name': u'{$v_vni-0-4_LAN3_Unit-2__unit}', u'value': 602}, {u'isAutogeneratable': True, u'name': u'{$v_Site_Id__siteSiteID}', u'value': 1626}, {u'isAutogeneratable': False, u'name': u'{$v_vni-0-4_LAN6_Unit-5__unit}', u'value': 605}, {u'isAutogeneratable': False, u'name': u'{$v_vni-0-4_LAN7_Unit-6__vlanId}', u'value': 606}, {u'isAutogeneratable': False, u'name': u'{$v_LAN6_IPv4__staticaddress}', u'value': u'192.169.106.1/24'}, {u'isAutogeneratable': True, u'name': u'{$v_IPC00012_NV-WC01-N2-BLR_Local_auth_email_identifier__IKELIdentifier}', u'value': u'IPC00012-CPE11@colt.net'}, {u'isAutogeneratable': False, u'name': u'{$v_vni-0-4_LAN1_Unit-0__vlanId}', u'value': 600}, {u'isAutogeneratable': False, u'name': u'{$v_vni-0-4_LAN9_Unit-8__vlanId}', u'value': 608}, {u'isAutogeneratable': False, u'name': u'{$v_LAN2_IPv4__staticaddress}', u'value': u'192.169.102.1/24'}, {u'isAutogeneratable': False, u'name': u'{$v_vni-0-4_LAN10_Unit-9__vlanId}', u'value': 609}, {u'isAutogeneratable': False, u'name': u'{$v_vni-0-4_LAN5_Unit-4__unit}', u'value': 604}, {u'isAutogeneratable': False, u'name': u'{$v_vni-0-4_LAN2_Unit-1__unit}', u'value': 601}, {u'isAutogeneratable': False, u'name': u'{$v_LAN4_IPv4__staticaddress}', u'value': u'192.169.104.1/24'}, {u'isAutogeneratable': True, u'name': u'{$v_IPC00012_Site_Name__sitesSiteName}', u'value': u'CPE11'}, {u'isAutogeneratable': False, u'name': u'{$v_vni-0-4_LAN3_Unit-2__vlanId}', u'value': 602}, {u'isAutogeneratable': True, u'name': u'{$v_latitude__IdLatitude}', u'value': 12.971599}, {u'isAutogeneratable': True, u'name': u'{$v_identification__IdName}', u'value': u'CPE11'}, {u'isAutogeneratable': False, u'name': u'{$v_LAN3_IPv4__staticaddress}', u'value': u'192.169.103.1/24'}, {u'isAutogeneratable': False, u'name': u'{$v_INT-WAN-Transport-VR_IPv4__vrHopAddress}', u'value': u'172.16.6.41'}, {u'isAutogeneratable': False, u'name': u'{$v_vni-0-4_LAN7_Unit-6__unit}', u'value': 606}, {u'isAutogeneratable': True, u'isOverwritten': True, u'name': u'{$v_tvi-0-32_-_Unit_0_Static_address__tunnelStaticAddress}', u'value': u'10.10.16.11/32'}, {u'isAutogeneratable': True, u'name': u'{$v_Chassis_Id__sitesChassisId}', u'value': u'AUTOKSA1811011'}, {u'isAutogeneratable': True, u'name': u'{$v_longitude__Idlongitude}', u'value': 77.594563}, {u'isAutogeneratable': False, u'name': u'{$v_LAN8_IPv4__staticaddress}', u'value': u'192.169.108.1/24'}, {u'isAutogeneratable': True, u'name': u'{$v_location__IdLocation}', u'value': u'bangalore,karnataka, india'}, {u'isAutogeneratable': False, u'name': u'{$v_vni-0-4_LAN5_Unit-4__vlanId}', u'value': 604}, {u'isAutogeneratable': True, u'isOverwritten': True, u'name': u'{$v_IPC00012-Control-VR_16_Local_address__vrRouterAddress}', u'value': u'20.20.16.11'}, {u'isAutogeneratable': False, u'name': u'{$v_vni-0-4_LAN8_Unit-7__unit}', u'value': 607}, {u'isAutogeneratable': False, u'name': u'{$v_MPLS-WAN-Transport-VR_IPv4__vrHopAddress}', u'value': u'172.16.7.41'}, {u'isAutogeneratable': False, u'name': u'{$v_MPLS-WAN_IPv4__staticaddress}', u'value': u'172.16.7.42/30'}, {u'isAutogeneratable': True, u'isOverwritten': True, u'name': u'{$v_tvi-0-33_-_Unit_0_Static_address__tunnelStaticAddress}', u'value': u'20.20.16.11/32'}]}, u'template': u'IPC00012-BLR-PS-HS-LIB'}, u'variableMetadata': [{u'variable': u'{$v_INT-WAN_IPv4__staticaddress}', u'type': u'IPV4_MASK', u'group': u'Interfaces', u'overlay': False}, {u'variable': u'{$v_vni-0-4_LAN6_Unit-5__vlanId}', u'type': u'INTEGER', u'group': u'Vlan Info', u'overlay': False}, {u'variable': u'{$v_IPC00012-Control-VR_16_Router_ID__vrRouteId}', u'type': u'IPV4', u'group': u'Virtual routers', u'overlay': True}, {u'variable': u'{$v_IPC00012_NV-WC01-N2-BLR_Local_auth_email_key__IKELKey}', u'group': u'IPSEC', u'overlay': False}, {u'variable': u'{$v_IPC00012_NV-WC02-N2-BLR_Local_auth_email_key__IKELKey}', u'group': u'IPSEC', u'overlay': False}, {u'variable': u'{$v_LAN10_IPv4__staticaddress}', u'type': u'IPV4_MASK', u'group': u'Interfaces', u'overlay': False}, {u'variable': u'{$v_vni-0-4_LAN8_Unit-7__vlanId}', u'type': u'INTEGER', u'group': u'Vlan Info', u'overlay': False}, {u'variable': u'{$v_vni-0-4_LAN2_Unit-1__vlanId}', u'type': u'INTEGER', u'group': u'Vlan Info', u'overlay': False}, {u'variable': u'{$v_LAN9_IPv4__staticaddress}', u'type': u'IPV4_MASK', u'group': u'Interfaces', u'overlay': False}, {u'variable': u'{$v_LAN5_IPv4__staticaddress}', u'type': u'IPV4_MASK', u'group': u'Interfaces', u'overlay': False}, {u'variable': u'{$v_LAN1_IPv4__staticaddress}', u'type': u'IPV4_MASK', u'group': u'Interfaces', u'overlay': False}, {u'variable': u'{$v_vni-0-4_LAN4_Unit-3__vlanId}', u'type': u'INTEGER', u'group': u'Vlan Info', u'overlay': False}, {u'variable': u'{$v_LAN7_IPv4__staticaddress}', u'type': u'IPV4_MASK', u'group': u'Interfaces', u'overlay': False}, {u'variable': u'{$v_vni-0-4_LAN4_Unit-3__unit}', u'type': u'INTEGER', u'group': u'Vlan Info', u'overlay': False}, {u'variable': u'{$v_IPC00012_NV-WC02-N2-BLR_Local_auth_email_identifier__IKELIdentifier}', u'group': u'IPSEC', u'overlay': False}, {u'variable': u'{$v_vni-0-4_LAN10_Unit-9__unit}', u'type': u'INTEGER', u'group': u'Vlan Info', u'overlay': False}, {u'variable': u'{$v_vni-0-4_LAN9_Unit-8__unit}', u'type': u'INTEGER', u'group': u'Vlan Info', u'overlay': False}, {u'variable': u'{$v_vni-0-4_LAN1_Unit-0__unit}', u'type': u'INTEGER', u'group': u'Vlan Info', u'overlay': False}, {u'variable': u'{$v_vni-0-4_LAN3_Unit-2__unit}', u'type': u'INTEGER', u'group': u'Vlan Info', u'overlay': False}, {u'variable': u'{$v_Site_Id__siteSiteID}', u'group': u'SDWAN', u'overlay': False}, {u'variable': u'{$v_vni-0-4_LAN6_Unit-5__unit}', u'type': u'INTEGER', u'group': u'Vlan Info', u'overlay': False}, {u'variable': u'{$v_vni-0-4_LAN7_Unit-6__vlanId}', u'type': u'INTEGER', u'group': u'Vlan Info', u'overlay': False}, {u'variable': u'{$v_LAN6_IPv4__staticaddress}', u'type': u'IPV4_MASK', u'group': u'Interfaces', u'overlay': False}, {u'variable': u'{$v_IPC00012_NV-WC01-N2-BLR_Local_auth_email_identifier__IKELIdentifier}', u'group': u'IPSEC', u'overlay': False}, {u'variable': u'{$v_vni-0-4_LAN1_Unit-0__vlanId}', u'type': u'INTEGER', u'group': u'Vlan Info', u'overlay': False}, {u'variable': u'{$v_vni-0-4_LAN9_Unit-8__vlanId}', u'type': u'INTEGER', u'group': u'Vlan Info', u'overlay': False}, {u'variable': u'{$v_LAN2_IPv4__staticaddress}', u'type': u'IPV4_MASK', u'group': u'Interfaces', u'overlay': False}, {u'variable': u'{$v_vni-0-4_LAN10_Unit-9__vlanId}', u'type': u'INTEGER', u'group': u'Vlan Info', u'overlay': False}, {u'variable': u'{$v_vni-0-4_LAN5_Unit-4__unit}', u'type': u'INTEGER', u'group': u'Vlan Info', u'overlay': False}, {u'variable': u'{$v_vni-0-4_LAN2_Unit-1__unit}', u'type': u'INTEGER', u'group': u'Vlan Info', u'overlay': False}, {u'variable': u'{$v_LAN4_IPv4__staticaddress}', u'type': u'IPV4_MASK', u'group': u'Interfaces', u'overlay': False}, {u'variable': u'{$v_IPC00012_Site_Name__sitesSiteName}', u'group': u'SDWAN', u'overlay': False}, {u'variable': u'{$v_vni-0-4_LAN3_Unit-2__vlanId}', u'type': u'INTEGER', u'group': u'Vlan Info', u'overlay': False}, {u'variable': u'{$v_latitude__IdLatitude}', u'group': u'SDWAN', u'overlay': False}, {u'variable': u'{$v_identification__IdName}', u'group': u'SDWAN', u'overlay': False}, {u'variable': u'{$v_LAN3_IPv4__staticaddress}', u'type': u'IPV4_MASK', u'group': u'Interfaces', u'overlay': False}, {u'variable': u'{$v_INT-WAN-Transport-VR_IPv4__vrHopAddress}', u'type': u'IPV4_IPV6', u'group': u'Virtual routers', u'overlay': False}, {u'variable': u'{$v_vni-0-4_LAN7_Unit-6__unit}', u'type': u'INTEGER', u'group': u'Vlan Info', u'overlay': False}, {u'variable': u'{$v_tvi-0-32_-_Unit_0_Static_address__tunnelStaticAddress}', u'type': u'IPV4_IPV6_MASK', u'group': u'Interfaces', u'overlay': True}, {u'variable': u'{$v_Chassis_Id__sitesChassisId}', u'group': u'SDWAN', u'overlay': False}, {u'variable': u'{$v_longitude__Idlongitude}', u'group': u'SDWAN', u'overlay': False}, {u'variable': u'{$v_LAN8_IPv4__staticaddress}', u'type': u'IPV4_MASK', u'group': u'Interfaces', u'overlay': False}, {u'variable': u'{$v_location__IdLocation}', u'group': u'SDWAN', u'overlay': False}, {u'variable': u'{$v_vni-0-4_LAN5_Unit-4__vlanId}', u'type': u'INTEGER', u'group': u'Vlan Info', u'overlay': False}, {u'variable': u'{$v_IPC00012-Control-VR_16_Local_address__vrRouterAddress}', u'type': u'IPV4', u'group': u'Virtual routers', u'overlay': True}, {u'variable': u'{$v_vni-0-4_LAN8_Unit-7__unit}', u'type': u'INTEGER', u'group': u'Vlan Info', u'overlay': False}, {u'variable': u'{$v_MPLS-WAN-Transport-VR_IPv4__vrHopAddress}', u'type': u'IPV4_IPV6', u'group': u'Virtual routers', u'overlay': False}, {u'variable': u'{$v_MPLS-WAN_IPv4__staticaddress}', u'type': u'IPV4_MASK', u'group': u'Interfaces', u'overlay': False}, {u'variable': u'{$v_tvi-0-33_-_Unit_0_Static_address__tunnelStaticAddress}', u'type': u'IPV4_IPV6_MASK', u'group': u'Interfaces', u'overlay': True}]}, u'templateName': u'IPC00012-BLR-PS-HS-LIB'}, u'deviceName': u'CPE11', u'deviceGroup': u'IPC00012-BLR-PS-HS-LIB-DG', u'orgName': u'IPC00012', u'serialNumber': u'AUTOKSA1811011', u'locationInfo': {u'latitude': 12.971599, u'country': u'india', u'state': u'karnataka', u'longitude': 77.594563, u'city': u'bangalore'}, u'siteId': 1626, u'instanceInfo': u'', u'stagingTemplateInfo': u'', u'urlztpBasedInfo': {u'authType': u'psk', u'enableIpv4Dhcp': False, u'branchKey': u'hwj48yJFavlBQqDd', u'branchId': u'CPE11@IPC00012.com', u'enableIpv6': False, u'enableIpv4': False, u'enableIpv6Dhcp': False}}}
