2019-08-20 14:15:47,638 - CPE26-HKG-DUALMPLSONLY-PRIMAUTO - INFO - CPE NAME:CPE26-HKG-DUALMPLSONLY-PRIMAUTO
2019-08-20 14:15:48,638 - CPE26-HKG-DUALMPLSONLY-PRIMAUTO - INFO - SOLUTION SELECTED:DUAL-CPE-DUAL-MPLS
2019-08-20 14:15:49,793 - CPE26-HKG-DUALMPLSONLY-PRIMAUTO - INFO - {u'versanms.sdwan-org-workflow': {u'ikeAuthType': u'psk', u'globalId': 72, u'orgName': u'IPC00172', u'controllers': [u'NV-WC01-N1-HKG', u'NV-WC01-N6-SIN', u'NV-WC02-N1-HKG', u'NV-WC02-N6-SIN'], u'bandwidth': 10, u'parentOrg': u'Colt', u'vrfs': [{u'name': u'LAN1-VRF', u'enableVPN': True, u'id': 840}, {u'name': u'LAN2-VRF', u'enableVPN': True, u'id': 841}], u'solutionTier': u'base-sdwan', u'sharedControlPlane': False}}
2019-08-20 14:15:50,003 - CPE26-HKG-DUALMPLSONLY-PRIMAUTO - INFO - {u'versanms.sdwan-org-workflow': {u'ikeAuthType': u'psk', u'globalId': 72, u'orgName': u'IPC00172', u'controllers': [u'NV-WC01-N1-HKG', u'NV-WC01-N6-SIN', u'NV-WC02-N1-HKG', u'NV-WC02-N6-SIN'], u'bandwidth': 10, u'parentOrg': u'Colt', u'vrfs': [{u'name': u'LAN1-VRF', u'enableVPN': True, u'id': 840}, {u'name': u'LAN2-VRF', u'enableVPN': True, u'id': 841}], u'solutionTier': u'base-sdwan', u'sharedControlPlane': False}}
2019-08-20 14:15:50,203 - CPE26-HKG-DUALMPLSONLY-PRIMAUTO - INFO - {u'versanms.sdwan-org-workflow': {u'ikeAuthType': u'psk', u'globalId': 72, u'orgName': u'IPC00172', u'controllers': [u'NV-WC01-N1-HKG', u'NV-WC01-N6-SIN', u'NV-WC02-N1-HKG', u'NV-WC02-N6-SIN'], u'bandwidth': 10, u'parentOrg': u'Colt', u'vrfs': [{u'name': u'LAN1-VRF', u'enableVPN': True, u'id': 840}, {u'name': u'LAN2-VRF', u'enableVPN': True, u'id': 841}], u'solutionTier': u'base-sdwan', u'sharedControlPlane': False}}
2019-08-20 14:15:50,203 - CPE26-HKG-DUALMPLSONLY-PRIMAUTO - INFO - 
STEP : PRE-ONBOARD WORK

2019-08-20 14:15:50,279 - CPE26-HKG-DUALMPLSONLY-PRIMAUTO - INFO - 
sudo /opt/versa/scripts/staging.py -w 2 -c  -s  -g  -l  -lk   -r  -rk 

2019-08-20 14:15:50,279 - CPE26-HKG-DUALMPLSONLY-PRIMAUTO - INFO - {
  "versanms.sdwan-device-workflow": {
	"deviceName": "CPE26-HKG-DUALMPLSONLY-PRIMAUTO",
	"siteId": "2426",
	"orgName": "IPC00172",
	"serialNumber": "CPE26KSAB2",
	"deviceGroup": "IPC00172-HKG-PS-MOP-DG",
    "locationInfo": {
      "country": "singapore",
      "longitude": "103.819836",
      "latitude": "1.352083"
    },
    "postStagingTemplateInfo": {
      "templateName": "IPC00172-HKG-PS-MOP",
      "templateData": {
        "device-template-variable": {
          "template": "IPC00172-HKG-PS-MOP",
          "variable-binding": {
            "attrs": [
              {
                "name": "{$v_IPC00172_NV-WC01-N1-HKG_Local_auth_email_identifier__IKELIdentifier}",
                "value": "CPE26-HKG-DUALMPLSONLY-PRIMAUTO@colt.net",
                "isAutogeneratable": true
              },
              {
                "name": "{$v_IPC00172_NV-WC01-N1-HKG_Local_auth_email_key__IKELKey}",
                "value": "CPE26-HKG-DUALMPLSONLY-PRIMAUTO",
                "isAutogeneratable": true
              },
              {
                "name": "{$v_IPC00172-Control-VR_72_Router_ID__vrRouteId}",
                "value": "20.20.72.26",
                "isAutogeneratable": true,
                "isOverwritten": true
              },
              {
                "name": "{$v_Paired_Site__locationID}",
                "value": "2427",
                "isAutogeneratable": false
              },
              {
                "name": "{$v_IPC00172_NV-WC02-N1-HKG_Local_auth_email_key__IKELKey}",
                "value": "CPE26-HKG-DUALMPLSONLY-PRIMAUTO",
                "isAutogeneratable": true
              },
              {
				"name": "{$v__IPv4__staticaddress}",
				"value": "172.16.7.102/30",
				"isAutogeneratable": false
              },
              {
                "name": "{$v_IPC00172_Site_Name__sitesSiteName}",
                "value": "CPE26-HKG-DUALMPLSONLY-PRIMAUTO",
                "isAutogeneratable": true
              },
			  
			  
			  
			  
			  { "name": "{$v_LAN1_vrrp__vrrpVirtualAddress}", "value": "192.169.101.1", "isAutogeneratable": false},
			  { "name": "{$v_LAN1_IPv4__staticaddress}", "value": "192.169.101.2/24", "isAutogeneratable": false},
			  
              {
                "name": "{$v_tvi-0-145_-_Unit_0_Static_address__tunnelStaticAddress}",
                "value": "20.20.72.26/32",
                "isAutogeneratable": true,
                "isOverwritten": true
              },
              {
                "name": "{$v_latitude__IdLatitude}",
                "value": 1.352083,
                "isAutogeneratable": true
              },
              {
                "name": "{$v_-Transport-VR_IPv4__vrHopAddress}",
                "value": "172.16.7.101",
                "isAutogeneratable": false
              },
              {
                "name": "{$v_identification__IdName}",
                "value": "CPE26-HKG-DUALMPLSONLY-PRIMAUTO",
                "isAutogeneratable": true
              },
              {
                "name": "{$v_tvi-0-144_-_Unit_0_Static_address__tunnelStaticAddress}",
                "value": "10.10.72.26/32",
                "isAutogeneratable": true,
                "isOverwritten": true
              },
              {
                "name": "{$v_IPC00172_NV-WC02-N1-HKG_Local_auth_email_identifier__IKELIdentifier}",
                "value": "CPE26-HKG-DUALMPLSONLY-PRIMAUTO@colt.net",
                "isAutogeneratable": true
              },
              {
                "name": "{$v_Chassis_Id__sitesChassisId}",
                "value": "2426",
                "isAutogeneratable": true
              },
              {
                "name": "{$v_longitude__Idlongitude}",
                "value": 103.819836,
                "isAutogeneratable": true
              },
              {
                "name": "{$v_IPC00172-Control-VR_72_Local_address__vrRouterAddress}",
                "value": "20.20.72.26",
                "isAutogeneratable": true,
                "isOverwritten": true
              },
              {
                "name": "{$v_location__IdLocation}",
                "value": "singapore",
                "isAutogeneratable": true
              },
			
				
				
				
			{ "name": "{$v_vni-0-4_LAN1_Unit-0__unit}", "value": "750", "isAutogeneratable": false},
			{ "name": "{$v_vni-0-4_LAN1_Unit-0__vlanId}", "value": "750", "isAutogeneratable": false },
			
              {
                "name": "{$v_Site_Id__siteSiteID}",
                "value": "2426",
                "isAutogeneratable": true
              }
            ]
          }
        },
        "variableMetadata": [
          {
            "variable": "{$v_IPC00172_NV-WC01-N1-HKG_Local_auth_email_identifier__IKELIdentifier}",
            "group": "IPSEC",
            "overlay": false
          },
          {
            "variable": "{$v_IPC00172_NV-WC01-N1-HKG_Local_auth_email_key__IKELKey}",
            "group": "IPSEC",
            "overlay": false
          },
          {
            "variable": "{$v_vni-0-4_LAN1_Unit-0__vlanId}",
            "group": "Vlan Info",
            "overlay": false,
            "type": "INTEGER"
          },
          {
            "variable": "{$v_IPC00172-Control-VR_72_Router_ID__vrRouteId}",
            "group": "Virtual routers",
            "overlay": true,
            "type": "IPV4"
          },
          {
            "variable": "{$v_Paired_Site__locationID}",
            "group": "SDWAN",
            "overlay": false
          },
          {
            "variable": "{$v_IPC00172_NV-WC02-N1-HKG_Local_auth_email_key__IKELKey}",
            "group": "IPSEC",
            "overlay": false
          },
          {
            "variable": "{$v_MPLS-WAN1_IPv4__staticaddress}",
            "group": "Interfaces",
            "overlay": false,
            "type": "IPV4_MASK"
          },
          {
            "variable": "{$v_IPC00172_Site_Name__sitesSiteName}",
            "group": "SDWAN",
            "overlay": false
          },
		{ "variable": "{$v_LAN1_vrrp__vrrpVirtualAddress}", "group": "Others", "overlay": false, "type": "IPV4" },
		{ "variable": "{$v_LAN1_IPv4__staticaddress}", "group": "Interfaces", "overlay": false, "type": "IPV4_MASK" },
		
          {
            "variable": "{$v_tvi-0-145_-_Unit_0_Static_address__tunnelStaticAddress}",
            "group": "Interfaces",
            "overlay": true,
            "type": "IPV4_IPV6_MASK"
          },
          {
            "variable": "{$v_latitude__IdLatitude}",
            "group": "SDWAN",
            "overlay": false
          },
          {
            "variable": "{$v_-Transport-VR_IPv4__vrHopAddress}",
            "group": "Virtual Routers",
            "overlay": false,
            "type": "IPV4"
          },
          {
            "variable": "{$v_identification__IdName}",
            "group": "SDWAN",
            "overlay": false
          },
          {
            "variable": "{$v_LAN1_vrrp__vrrpVirtualAddress}",
            "group": "Others",
            "overlay": false,
            "type": "IPV4"
          },
          {
            "variable": "{$v_tvi-0-144_-_Unit_0_Static_address__tunnelStaticAddress}",
            "group": "Interfaces",
            "overlay": true,
            "type": "IPV4_IPV6_MASK"
          },
          {
            "variable": "{$v_IPC00172_NV-WC02-N1-HKG_Local_auth_email_identifier__IKELIdentifier}",
            "group": "IPSEC",
            "overlay": false
          },
          {
            "variable": "{$v_Chassis_Id__sitesChassisId}",
            "group": "SDWAN",
            "overlay": false
          },
          {
            "variable": "{$v_longitude__Idlongitude}",
            "group": "SDWAN",
            "overlay": false
          },
          {
            "variable": "{$v_IPC00172-Control-VR_72_Local_address__vrRouterAddress}",
            "group": "Virtual routers",
            "overlay": true,
            "type": "IPV4"
          },
          {
            "variable": "{$v_location__IdLocation}",
            "group": "SDWAN",
            "overlay": false
          },
		 
		 
		 
		 {"variable": "{$v_vni-0-4_LAN1_Unit-0__vlanId}", "group": "Vlan Info", "overlay": false, "type": "INTEGER"},
		 
          {
            "variable": "{$v_Site_Id__siteSiteID}",
            "group": "SDWAN",
            "overlay": false
          }
        ]
      }
    }
  }
}
2019-08-20 14:15:51,190 - CPE26-HKG-DUALMPLSONLY-PRIMAUTO - INFO - <Response [200]>
2019-08-20 14:15:51,191 - CPE26-HKG-DUALMPLSONLY-PRIMAUTO - INFO - PASS
2019-08-20 14:16:01,411 - CPE26-HKG-DUALMPLSONLY-PRIMAUTO - INFO - 21032
2019-08-20 14:16:06,733 - CPE26-HKG-DUALMPLSONLY-PRIMAUTO - INFO - Device deployment failed
2019-08-20 14:16:06,733 - CPE26-HKG-DUALMPLSONLY-PRIMAUTO - INFO - TASK RESULT : FAILED : com.versa.vnms.common.exception.VOAEException: Invalid value for the variables [{$v_MPLS-WAN1_IPv4__staticaddress}, {$v_MPLS-WAN1-Transport-VR_IPv4__vrHopAddress}]
