2019-05-29 12:07:31,375 - VD1 - INFO - ORG NAME:SAMPLE201
2019-05-29 12:07:34,354 - VD1 - DEBUG - {
  "versanms.sdwan-org-workflow": {
    "orgName": "SAMPLE201",
    "globalId": "201",
    "parentOrg": "Colt",
    "ikeAuthType": "psk",
    "sharedControlPlane": false,
    "controllers": ["NV-WC01-N3-GGN", "NV-WC02-N1-HKG", "NV-WC02-N3-GGN"],
    "vrfs": [{ "name": "LAN1-VRF", "id": "2130", "enableVPN": "true", "tooltip": "" }],
    "supportedRoles": []
  }
}
2019-05-29 12:07:35,740 - VD1 - INFO - <Response [200]>
2019-05-29 12:07:35,740 - VD1 - INFO - PASS
2019-05-29 12:07:45,915 - VD1 - INFO - 16587
2019-05-29 12:07:56,417 - VD1 - INFO - FAILED : com.versa.vnms.cdbadaptor.common.exception.ProcessingFailureException: Controller details not found for: NV-WC01-N3-GGN
2019-05-29 12:07:56,424 - VD1 - INFO - 
********************
RESULT:
ORG DEPLOYMENT : FAILED : com.versa.vnms.cdbadaptor.common.exception.ProcessingFailureException: Controller details not found for: NV-WC01-N3-GGN

********************

