2020-05-07 16:06:27,716 - VD1 - DEBUG - <netmiko.versa.versa_ssh.VersaSSH object at 0x000000001051D320>
2020-05-07 16:06:32,921 - VD1 - DEBUG - versa: Automated@VDir-BLR-NEW-01>
2020-05-07 16:06:37,857 - CPE26-SIN-DUAL-CPE-HYB-IPC00190-P - DEBUG - <netmiko.versa.versa_ssh.VersaSSH object at 0x00000000105533C8>
2020-05-07 16:06:43,059 - CPE26-SIN-DUAL-CPE-HYB-IPC00190-P - DEBUG - versa: Automated@VDir-BLR-NEW-01>
2020-05-07 16:07:02,332 - CPE26-SIN-DUAL-CPE-HYB-IPC00190-P - INFO - 
DELETE Service Object

2020-05-07 16:07:10,848 - CPE26-SIN-DUAL-CPE-HYB-IPC00190-P - ERROR - 
2020-05-07 16:07:10,849 - CPE26-SIN-DUAL-CPE-HYB-IPC00190-P - INFO - 
FAIL : 
2020-05-07 16:07:10,851 - CPE26-SIN-DUAL-CPE-HYB-IPC00190-P - INFO - >>>>>>>>>> ADDRESS OBJECT DELETION FAILED. <<<<<<<<<<<
2020-05-07 16:07:10,851 - CPE26-SIN-DUAL-CPE-HYB-IPC00190-P - INFO - 
DELETE IPaddress Object

2020-05-07 16:07:11,586 - CPE26-SIN-DUAL-CPE-HYB-IPC00190-P - ERROR - 
2020-05-07 16:07:11,588 - CPE26-SIN-DUAL-CPE-HYB-IPC00190-P - INFO - 
FAIL : 
2020-05-07 16:07:11,588 - CPE26-SIN-DUAL-CPE-HYB-IPC00190-P - INFO - >>>>>>>>>> ADDRESS OBJECT DELETION FAILED. <<<<<<<<<<<
2020-05-07 16:07:11,592 - CPE26-SIN-DUAL-CPE-HYB-IPC00190-P - INFO - 
DELETE IPaddress Object

2020-05-07 16:07:12,313 - CPE26-SIN-DUAL-CPE-HYB-IPC00190-P - ERROR - 
2020-05-07 16:07:12,315 - CPE26-SIN-DUAL-CPE-HYB-IPC00190-P - INFO - 
FAIL : 
2020-05-07 16:07:12,315 - CPE26-SIN-DUAL-CPE-HYB-IPC00190-P - INFO - >>>>>>>>>> ADDRESS OBJECT DELETION FAILED. <<<<<<<<<<<
2020-05-07 16:07:12,315 - CPE26-SIN-DUAL-CPE-HYB-IPC00190-P - INFO - 
DELETE FWD PROFILE

2020-05-07 16:07:12,841 - CPE26-SIN-DUAL-CPE-HYB-IPC00190-P - ERROR - 
2020-05-07 16:07:12,842 - CPE26-SIN-DUAL-CPE-HYB-IPC00190-P - INFO - 
FAIL : 
2020-05-07 16:07:12,844 - CPE26-SIN-DUAL-CPE-HYB-IPC00190-P - INFO - >>>>>>>>>> FORWARDING PROFILE DELETION FAILED. <<<<<<<<<<<
2020-05-07 16:07:12,845 - CPE26-SIN-DUAL-CPE-HYB-IPC00190-P - INFO - 
DELETE SLA profile

2020-05-07 16:07:13,578 - CPE26-SIN-DUAL-CPE-HYB-IPC00190-P - ERROR - 
2020-05-07 16:07:13,579 - CPE26-SIN-DUAL-CPE-HYB-IPC00190-P - INFO - 
FAIL : 
2020-05-07 16:07:13,581 - CPE26-SIN-DUAL-CPE-HYB-IPC00190-P - INFO - >>>>>>>>>> DELETE SLA Profile FAILED. <<<<<<<<<<<
