2020-03-19 17:51:32,628 - VD1 - DEBUG - <netmiko.versa.versa_ssh.VersaSSH object at 0x000000000DD2E7B8>
2020-03-19 17:51:37,828 - VD1 - DEBUG - versa: Automated@VDir-BLR-NEW-01>
2020-03-19 17:51:42,823 - CPE11-HKG-HYBRD-IPC00190 - DEBUG - <netmiko.versa.versa_ssh.VersaSSH object at 0x000000000DDA9860>
2020-03-19 17:51:48,023 - CPE11-HKG-HYBRD-IPC00190 - DEBUG - versa: Automated@VDir-BLR-NEW-01>
2020-03-19 17:52:12,854 - CPE12-HKG-HYBRD-IPC00190 - DEBUG - <netmiko.versa.versa_ssh.VersaSSH object at 0x000000000DDC83C8>
2020-03-19 17:52:18,055 - CPE12-HKG-HYBRD-IPC00190 - DEBUG - versa: Automated@VDir-BLR-NEW-01>
2020-03-19 17:53:32,923 - CPE11-HKG-HYBRD-IPC00190 - INFO - 
CREATE SLA profile

2020-03-19 17:53:34,285 - CPE11-HKG-HYBRD-IPC00190 - DEBUG - <Response [201]>
2020-03-19 17:53:34,292 - CPE11-HKG-HYBRD-IPC00190 - INFO - 
PASS
2020-03-19 17:53:34,292 - CPE11-HKG-HYBRD-IPC00190 - INFO - >>>>>>>>>> CREATE SLA Profile PASSED. <<<<<<<<<<<
2020-03-19 17:53:34,292 - CPE11-HKG-HYBRD-IPC00190 - INFO - 
CREATE FWD PROFILE

2020-03-19 17:53:36,305 - CPE11-HKG-HYBRD-IPC00190 - DEBUG - <Response [201]>
2020-03-19 17:53:36,305 - CPE11-HKG-HYBRD-IPC00190 - INFO - 
PASS
2020-03-19 17:53:36,306 - CPE11-HKG-HYBRD-IPC00190 - INFO - >>>>>>>>>> FORWARDING PROFILE CREATION PASSED. <<<<<<<<<<<
2020-03-19 17:53:36,308 - CPE11-HKG-HYBRD-IPC00190 - INFO - 
CREATE IPaddress Object

2020-03-19 17:53:37,433 - CPE11-HKG-HYBRD-IPC00190 - DEBUG - <Response [201]>
2020-03-19 17:53:37,434 - CPE11-HKG-HYBRD-IPC00190 - INFO - 
PASS
2020-03-19 17:53:37,434 - CPE11-HKG-HYBRD-IPC00190 - INFO - >>>>>>>>>> ADDRESS OBJECT CREATION PASSED. <<<<<<<<<<<
2020-03-19 17:53:37,434 - CPE11-HKG-HYBRD-IPC00190 - INFO - 
CREATE IPaddress Object

2020-03-19 17:53:38,568 - CPE11-HKG-HYBRD-IPC00190 - DEBUG - <Response [201]>
2020-03-19 17:53:38,568 - CPE11-HKG-HYBRD-IPC00190 - INFO - 
PASS
2020-03-19 17:53:38,568 - CPE11-HKG-HYBRD-IPC00190 - INFO - >>>>>>>>>> ADDRESS OBJECT CREATION PASSED. <<<<<<<<<<<
2020-03-19 17:53:38,569 - CPE11-HKG-HYBRD-IPC00190 - INFO - 
CREATE Service Object

2020-03-19 17:53:39,684 - CPE11-HKG-HYBRD-IPC00190 - DEBUG - <Response [201]>
2020-03-19 17:53:39,684 - CPE11-HKG-HYBRD-IPC00190 - INFO - 
PASS
2020-03-19 17:53:39,684 - CPE11-HKG-HYBRD-IPC00190 - INFO - >>>>>>>>>> Service OBJECT CREATION PASSED. <<<<<<<<<<<
2020-03-19 17:54:00,015 - CPE11-HKG-HYBRD-IPC00190 - INFO - 
DELETE Service Object

2020-03-19 17:54:02,237 - CPE11-HKG-HYBRD-IPC00190 - INFO - 
PASS
2020-03-19 17:54:02,239 - CPE11-HKG-HYBRD-IPC00190 - INFO - >>>>>>>>>> ADDRESS OBJECT DELETION PASSED. <<<<<<<<<<<
2020-03-19 17:54:02,240 - CPE11-HKG-HYBRD-IPC00190 - INFO - 
DELETE IPaddress Object

2020-03-19 17:54:04,309 - CPE11-HKG-HYBRD-IPC00190 - INFO - 
PASS
2020-03-19 17:54:04,309 - CPE11-HKG-HYBRD-IPC00190 - INFO - >>>>>>>>>> ADDRESS OBJECT DELETION PASSED. <<<<<<<<<<<
2020-03-19 17:54:04,309 - CPE11-HKG-HYBRD-IPC00190 - INFO - 
DELETE IPaddress Object

2020-03-19 17:54:05,805 - CPE11-HKG-HYBRD-IPC00190 - INFO - 
PASS
2020-03-19 17:54:05,805 - CPE11-HKG-HYBRD-IPC00190 - INFO - >>>>>>>>>> ADDRESS OBJECT DELETION PASSED. <<<<<<<<<<<
2020-03-19 17:54:05,805 - CPE11-HKG-HYBRD-IPC00190 - INFO - 
DELETE FWD PROFILE

2020-03-19 17:54:07,278 - CPE11-HKG-HYBRD-IPC00190 - INFO - 
PASS
2020-03-19 17:54:07,278 - CPE11-HKG-HYBRD-IPC00190 - INFO - >>>>>>>>>> FORWARDING PROFILE DELETION PASSED. <<<<<<<<<<<
2020-03-19 17:54:07,279 - CPE11-HKG-HYBRD-IPC00190 - INFO - 
DELETE SLA profile

2020-03-19 17:54:08,573 - CPE11-HKG-HYBRD-IPC00190 - INFO - 
PASS
2020-03-19 17:54:08,575 - CPE11-HKG-HYBRD-IPC00190 - INFO - >>>>>>>>>> DELETE SLA Profile PASSED. <<<<<<<<<<<
