2020-03-02 18:07:39,308 - VD1 - DEBUG - <netmiko.versa.versa_ssh.VersaSSH object at 0x000000000E198518>
2020-03-02 18:07:44,512 - VD1 - DEBUG - versa: Automated@VDir-BLR-NEW-01>
2020-03-02 18:07:49,293 - CPE11-HKG-HYBRD-IPC00190 - DEBUG - <netmiko.versa.versa_ssh.VersaSSH object at 0x000000000E20A4A8>
2020-03-02 18:07:54,500 - CPE11-HKG-HYBRD-IPC00190 - DEBUG - versa: Automated@VDir-BLR-NEW-01>
2020-03-02 18:08:19,117 - CPE12-HKG-HYBRD-IPC00190 - DEBUG - <netmiko.versa.versa_ssh.VersaSSH object at 0x000000000E20A358>
2020-03-02 18:08:24,319 - CPE12-HKG-HYBRD-IPC00190 - DEBUG - versa: Automated@VDir-BLR-NEW-01>
2020-03-02 18:09:37,786 - CPE11-HKG-HYBRD-IPC00190 - INFO - 
CREATE SLA profile

2020-03-02 18:09:39,855 - CPE11-HKG-HYBRD-IPC00190 - DEBUG - <Response [201]>
2020-03-02 18:09:39,862 - CPE11-HKG-HYBRD-IPC00190 - INFO - 
PASS
2020-03-02 18:09:39,865 - CPE11-HKG-HYBRD-IPC00190 - INFO - >>>>>>>>>> CREATE SLA Profile PASSED. <<<<<<<<<<<
2020-03-02 18:09:39,868 - CPE11-HKG-HYBRD-IPC00190 - INFO - 
CREATE FWD PROFILE

2020-03-02 18:09:41,854 - CPE11-HKG-HYBRD-IPC00190 - DEBUG - <Response [201]>
2020-03-02 18:09:41,855 - CPE11-HKG-HYBRD-IPC00190 - INFO - 
PASS
2020-03-02 18:09:41,855 - CPE11-HKG-HYBRD-IPC00190 - INFO - >>>>>>>>>> FORWARDING PROFILE CREATION PASSED. <<<<<<<<<<<
2020-03-02 18:09:41,858 - CPE11-HKG-HYBRD-IPC00190 - INFO - 
CREATE IPaddress Object

2020-03-02 18:09:43,766 - CPE11-HKG-HYBRD-IPC00190 - DEBUG - <Response [201]>
2020-03-02 18:09:43,766 - CPE11-HKG-HYBRD-IPC00190 - INFO - 
PASS
2020-03-02 18:09:43,766 - CPE11-HKG-HYBRD-IPC00190 - INFO - >>>>>>>>>> ADDRESS OBJECT CREATION PASSED. <<<<<<<<<<<
2020-03-02 18:09:43,769 - CPE11-HKG-HYBRD-IPC00190 - INFO - 
CREATE IPaddress Object

2020-03-02 18:09:46,721 - CPE11-HKG-HYBRD-IPC00190 - DEBUG - <Response [201]>
2020-03-02 18:09:46,723 - CPE11-HKG-HYBRD-IPC00190 - INFO - 
PASS
2020-03-02 18:09:46,723 - CPE11-HKG-HYBRD-IPC00190 - INFO - >>>>>>>>>> ADDRESS OBJECT CREATION PASSED. <<<<<<<<<<<
2020-03-02 18:09:46,724 - CPE11-HKG-HYBRD-IPC00190 - INFO - 
CREATE Service Object

2020-03-02 18:09:46,773 - CPE11-HKG-HYBRD-IPC00190 - INFO - 
DELETE Service Object

2020-03-02 18:09:48,015 - CPE11-HKG-HYBRD-IPC00190 - ERROR - 
2020-03-02 18:09:48,016 - CPE11-HKG-HYBRD-IPC00190 - INFO - 
FAIL : 
2020-03-02 18:09:48,017 - CPE11-HKG-HYBRD-IPC00190 - INFO - >>>>>>>>>> ADDRESS OBJECT DELETION FAILED. <<<<<<<<<<<
2020-03-02 18:09:48,019 - CPE11-HKG-HYBRD-IPC00190 - INFO - 
DELETE IPaddress Object

2020-03-02 18:09:51,063 - CPE11-HKG-HYBRD-IPC00190 - INFO - 
PASS
2020-03-02 18:09:51,065 - CPE11-HKG-HYBRD-IPC00190 - INFO - >>>>>>>>>> ADDRESS OBJECT DELETION PASSED. <<<<<<<<<<<
2020-03-02 18:09:51,066 - CPE11-HKG-HYBRD-IPC00190 - INFO - 
DELETE IPaddress Object

2020-03-02 18:09:53,796 - CPE11-HKG-HYBRD-IPC00190 - INFO - 
PASS
2020-03-02 18:09:53,798 - CPE11-HKG-HYBRD-IPC00190 - INFO - >>>>>>>>>> ADDRESS OBJECT DELETION PASSED. <<<<<<<<<<<
2020-03-02 18:09:53,801 - CPE11-HKG-HYBRD-IPC00190 - INFO - 
DELETE FWD PROFILE

2020-03-02 18:09:57,309 - CPE11-HKG-HYBRD-IPC00190 - INFO - 
PASS
2020-03-02 18:09:57,309 - CPE11-HKG-HYBRD-IPC00190 - INFO - >>>>>>>>>> FORWARDING PROFILE DELETION PASSED. <<<<<<<<<<<
2020-03-02 18:09:57,313 - CPE11-HKG-HYBRD-IPC00190 - INFO - 
DELETE SLA profile

2020-03-02 18:09:59,746 - CPE11-HKG-HYBRD-IPC00190 - INFO - 
PASS
2020-03-02 18:09:59,746 - CPE11-HKG-HYBRD-IPC00190 - INFO - >>>>>>>>>> DELETE SLA Profile PASSED. <<<<<<<<<<<
