2020-03-26 16:02:09,786 - VD1 - DEBUG - <netmiko.versa.versa_ssh.VersaSSH object at 0x000000000D677198>
2020-03-26 16:02:15,017 - VD1 - DEBUG - versa: Automated@VDir-BLR-NEW-01>
2020-03-26 16:02:15,017 - CPE11-HKG-HYBRD-IPC00190 - INFO - CPE NAME:CPE11-HKG-HYBRD-IPC00190
2020-03-26 16:02:16,020 - CPE11-HKG-HYBRD-IPC00190 - INFO - SOLUTION SELECTED:SINGLE-CPE-HYBRID
2020-03-26 16:02:21,052 - CPE11-HKG-HYBRD-IPC00190 - DEBUG - <netmiko.versa.versa_ssh.VersaSSH object at 0x000000000D6680F0>
2020-03-26 16:02:26,285 - CPE11-HKG-HYBRD-IPC00190 - DEBUG - versa: Automated@VDir-BLR-NEW-01>
2020-03-26 16:02:48,651 - VD1 - INFO - 

STEP :CONFIG QOS

2020-03-26 16:02:48,651 - VD1 - INFO - delete devices device CPE11-HKG-HYBRD-IPC00190 config orgs org-services IPC00190 class-of-service qos-policies Default-Policy rules LAN1-VRF-Premium match dscp [ 46 ]
set devices device CPE11-HKG-HYBRD-IPC00190 config orgs org-services IPC00190 class-of-service qos-policies Default-Policy rules LAN1-VRF-Premium match source address address-list srcip
move devices device CPE11-HKG-HYBRD-IPC00190 config orgs org-services IPC00190 class-of-service qos-policies Default-Policy rules LAN1-VRF-Premium first



2020-03-26 16:02:48,815 - VD1 - DEBUG - configure private
Entering configuration mode private
[ok][2020-03-26 10:34:08]

[edit]
Automated@VDir-BLR-NEW-01% 
2020-03-26 16:02:48,845 - VD1 - DEBUG - True
2020-03-26 16:02:49,697 - VD1 - DEBUG - delete devices device CPE11-HKG-HYBRD-IPC00190 config  orgs org-services IPC00190 class-of-service qos-policies Default-Policy rules LAN1-VRF-Premium match dscp [ 46 ]
[ok][2020-03-26 10:34:09]

[edit]
Automated@VDir-BLR-NEW-01% 
2020-03-26 16:02:50,539 - VD1 - DEBUG - set devices device CPE11-HKG-HYBRD-IPC00190 config orgs org-services IPC00190 class-of-service qos-policies Default-Policy rules LAN1-VRF-Premium match source address address-list srcip
[ok][2020-03-26 10:34:09]

[edit]
Automated@VDir-BLR-NEW-01% 
2020-03-26 16:02:52,217 - VD1 - DEBUG - move devices device CPE11-HKG-HYBRD-IPC00190 config orgs org-services IPC00190 class-of-service qos-policies Default-Policy rules LAN1-VRF-Premium first
[ok][2020-03-26 10:34:11]

[edit]
Automated@VDir-BLR-NEW-01% 
2020-03-26 16:02:52,634 - VD1 - DEBUG - 

[edit]
Automated@VDir-BLR-NEW-01% 
2020-03-26 16:02:53,068 - VD1 - DEBUG - 

[edit]
Automated@VDir-BLR-NEW-01% 
2020-03-26 16:02:53,499 - VD1 - DEBUG - 

[edit]
Automated@VDir-BLR-NEW-01% 
2020-03-26 16:02:54,532 - VD1 - DEBUG - commit and-quit
Commit complete.
[ok][2020-03-26 10:34:14]
Automated@VDir-BLR-NEW-01> 
2020-03-26 16:03:11,980 - VD1 - INFO - 

STEP :CONFIG QOS

2020-03-26 16:03:11,984 - VD1 - INFO - delete devices device CPE11-HKG-HYBRD-IPC00190 config orgs org-services IPC00190 class-of-service qos-policies Default-Policy rules LAN1-VRF-Premium match source address address-list srcip
set devices device CPE11-HKG-HYBRD-IPC00190 config orgs org-services IPC00190 class-of-service qos-policies Default-Policy rules LAN1-VRF-Premium match dscp [ 46 ]
move devices device CPE11-HKG-HYBRD-IPC00190 config orgs org-services IPC00190 class-of-service qos-policies Default-Policy rules LAN1-VRF-Premium first

2020-03-26 16:03:12,164 - VD1 - DEBUG - configure private
Entering configuration mode private
[ok][2020-03-26 10:34:31]

[edit]
Automated@VDir-BLR-NEW-01% 
2020-03-26 16:03:12,180 - VD1 - DEBUG - True
2020-03-26 16:03:13,030 - VD1 - DEBUG - delete devices device CPE11-HKG-HYBRD-IPC00190 config  orgs org-services IPC00190 class-of-service qos-policies Default-Policy rules LAN1-VRF-Premium match source address address-list srcip
[ok][2020-03-26 10:34:32]

[edit]
Automated@VDir-BLR-NEW-01% 
2020-03-26 16:03:13,848 - VD1 - DEBUG - set devices device CPE11-HKG-HYBRD-IPC00190 config orgs org-services IPC00190 class-of-service qos-policies Default-Policy rules LAN1-VRF-Premium match dscp [ 46 ]
[ok][2020-03-26 10:34:33]

[edit]
Automated@VDir-BLR-NEW-01% 
2020-03-26 16:03:15,098 - VD1 - DEBUG - move devices device CPE11-HKG-HYBRD-IPC00190 config orgs org-services IPC00190 class-of-service qos-policies Default-Policy rules LAN1-VRF-Premium first
[ok][2020-03-26 10:34:34]

[edit]
Automated@VDir-BLR-NEW-01% 
2020-03-26 16:03:15,513 - VD1 - DEBUG - 

[edit]
Automated@VDir-BLR-NEW-01% 
2020-03-26 16:03:16,581 - VD1 - DEBUG - commit and-quit
Commit complete.
[ok][2020-03-26 10:34:35]
Automated@VDir-BLR-NEW-01> 
