2020-02-11 18:12:50,392 - VD1 - DEBUG - <netmiko.versa.versa_ssh.VersaSSH object at 0x000000000D239F98>
2020-02-11 18:12:55,612 - VD1 - DEBUG - versa: Automated@VDir-BLR-NEW-01>
2020-02-11 18:12:55,612 - CPE11-HKG-HYBRD-IPC00190 - INFO - CPE NAME:CPE11-HKG-HYBRD-IPC00190
2020-02-11 18:12:56,614 - CPE11-HKG-HYBRD-IPC00190 - INFO - SOLUTION SELECTED:SINGLE-CPE-HYBRID
2020-02-11 18:13:14,694 - CPE11-HKG-HYBRD-IPC00190 - DEBUG - <netmiko.versa.versa_ssh.VersaSSH object at 0x000000000C6E4EF0>
2020-02-11 18:13:19,920 - CPE11-HKG-HYBRD-IPC00190 - DEBUG - versa: Automated@VDir-BLR-NEW-01>
2020-02-11 18:13:39,710 - CPE11-HKG-HYBRD-IPC00190 - INFO - 
CREATE SLA profile

2020-02-11 18:13:42,786 - CPE11-HKG-HYBRD-IPC00190 - DEBUG - <Response [201]>
2020-02-11 18:13:42,786 - CPE11-HKG-HYBRD-IPC00190 - INFO - 
PASS
2020-02-11 18:13:42,786 - CPE11-HKG-HYBRD-IPC00190 - INFO - >>>>>>>>>> CREATE SLA Profile PASSED. <<<<<<<<<<<
2020-02-11 18:13:43,799 - CPE11-HKG-HYBRD-IPC00190 - INFO - 
CREATE FWD PROFILE

2020-02-11 18:13:45,808 - CPE11-HKG-HYBRD-IPC00190 - DEBUG - <Response [201]>
2020-02-11 18:13:45,809 - CPE11-HKG-HYBRD-IPC00190 - INFO - 
PASS
2020-02-11 18:13:45,809 - CPE11-HKG-HYBRD-IPC00190 - INFO - >>>>>>>>>> FORWARDING PROFILE CREATION PASSED. <<<<<<<<<<<
2020-02-11 18:13:45,809 - CPE11-HKG-HYBRD-IPC00190 - INFO - 
CREATE IPaddress Object

2020-02-11 18:13:47,651 - CPE11-HKG-HYBRD-IPC00190 - DEBUG - <Response [201]>
2020-02-11 18:13:47,653 - CPE11-HKG-HYBRD-IPC00190 - INFO - 
PASS
2020-02-11 18:13:47,653 - CPE11-HKG-HYBRD-IPC00190 - INFO - >>>>>>>>>> ADDRESS OBJECT CREATION PASSED. <<<<<<<<<<<
2020-02-11 18:13:47,653 - CPE11-HKG-HYBRD-IPC00190 - INFO - 
CREATE Policy rule

2020-02-11 18:13:49,976 - CPE11-HKG-HYBRD-IPC00190 - DEBUG - <Response [201]>
2020-02-11 18:13:49,976 - CPE11-HKG-HYBRD-IPC00190 - INFO - 
PASS
2020-02-11 18:13:49,977 - CPE11-HKG-HYBRD-IPC00190 - INFO - >>>>>>>>>> CREATE POLICY RULE PASSED. <<<<<<<<<<<
2020-02-11 18:17:06,088 - CPE11-HKG-HYBRD-IPC00190 - INFO - 
DELETE IPaddress Object

2020-02-11 18:17:10,213 - CPE11-HKG-HYBRD-IPC00190 - INFO - 
PASS
2020-02-11 18:17:10,213 - CPE11-HKG-HYBRD-IPC00190 - INFO - >>>>>>>>>> Policy rule DELETION PASSED. <<<<<<<<<<<
2020-02-11 18:17:10,213 - CPE11-HKG-HYBRD-IPC00190 - INFO - 
DELETE IPaddress Object

2020-02-11 18:17:13,279 - CPE11-HKG-HYBRD-IPC00190 - INFO - 
PASS
2020-02-11 18:17:13,279 - CPE11-HKG-HYBRD-IPC00190 - INFO - >>>>>>>>>> ADDRESS OBJECT DELETION PASSED. <<<<<<<<<<<
2020-02-11 18:17:13,279 - CPE11-HKG-HYBRD-IPC00190 - INFO - 
DELETE FWD PROFILE

2020-02-11 18:17:16,086 - CPE11-HKG-HYBRD-IPC00190 - INFO - 
PASS
2020-02-11 18:17:16,088 - CPE11-HKG-HYBRD-IPC00190 - INFO - >>>>>>>>>> FORWARDING PROFILE DELETION PASSED. <<<<<<<<<<<
2020-02-11 18:17:16,088 - CPE11-HKG-HYBRD-IPC00190 - INFO - 
DELETE SLA profile

2020-02-11 18:17:18,502 - CPE11-HKG-HYBRD-IPC00190 - INFO - 
PASS
2020-02-11 18:17:18,502 - CPE11-HKG-HYBRD-IPC00190 - INFO - >>>>>>>>>> DELETE SLA Profile PASSED. <<<<<<<<<<<
