2020-03-19 18:22:29,269 - VD1 - DEBUG - <netmiko.versa.versa_ssh.VersaSSH object at 0x000000000E48BAC8>
2020-03-19 18:22:34,470 - VD1 - DEBUG - versa: Automated@VDir-BLR-NEW-01>
2020-03-19 18:22:39,203 - CPE11-HKG-HYBRD-IPC00190 - DEBUG - <netmiko.versa.versa_ssh.VersaSSH object at 0x000000000E4C5B70>
2020-03-19 18:22:44,407 - CPE11-HKG-HYBRD-IPC00190 - DEBUG - versa: Automated@VDir-BLR-NEW-01>
2020-03-19 18:23:09,061 - CPE12-HKG-HYBRD-IPC00190 - DEBUG - <netmiko.versa.versa_ssh.VersaSSH object at 0x000000000E52CA90>
2020-03-19 18:23:14,262 - CPE12-HKG-HYBRD-IPC00190 - DEBUG - versa: Automated@VDir-BLR-NEW-01>
2020-03-19 18:24:27,594 - CPE11-HKG-HYBRD-IPC00190 - INFO - 
CREATE SLA profile

2020-03-19 18:24:28,976 - CPE11-HKG-HYBRD-IPC00190 - DEBUG - <Response [201]>
2020-03-19 18:24:28,983 - CPE11-HKG-HYBRD-IPC00190 - INFO - 
PASS
2020-03-19 18:24:28,983 - CPE11-HKG-HYBRD-IPC00190 - INFO - >>>>>>>>>> CREATE SLA Profile PASSED. <<<<<<<<<<<
2020-03-19 18:24:28,984 - CPE11-HKG-HYBRD-IPC00190 - INFO - 
CREATE FWD PROFILE

2020-03-19 18:24:30,377 - CPE11-HKG-HYBRD-IPC00190 - DEBUG - <Response [201]>
2020-03-19 18:24:30,377 - CPE11-HKG-HYBRD-IPC00190 - INFO - 
PASS
2020-03-19 18:24:30,378 - CPE11-HKG-HYBRD-IPC00190 - INFO - >>>>>>>>>> FORWARDING PROFILE CREATION PASSED. <<<<<<<<<<<
2020-03-19 18:24:30,378 - CPE11-HKG-HYBRD-IPC00190 - INFO - 
CREATE IPaddress Object

2020-03-19 18:24:32,618 - CPE11-HKG-HYBRD-IPC00190 - DEBUG - <Response [201]>
2020-03-19 18:24:32,618 - CPE11-HKG-HYBRD-IPC00190 - INFO - 
PASS
2020-03-19 18:24:32,618 - CPE11-HKG-HYBRD-IPC00190 - INFO - >>>>>>>>>> ADDRESS OBJECT CREATION PASSED. <<<<<<<<<<<
2020-03-19 18:24:32,618 - CPE11-HKG-HYBRD-IPC00190 - INFO - 
CREATE IPaddress Object

2020-03-19 18:24:33,750 - CPE11-HKG-HYBRD-IPC00190 - DEBUG - <Response [201]>
2020-03-19 18:24:33,750 - CPE11-HKG-HYBRD-IPC00190 - INFO - 
PASS
2020-03-19 18:24:33,750 - CPE11-HKG-HYBRD-IPC00190 - INFO - >>>>>>>>>> ADDRESS OBJECT CREATION PASSED. <<<<<<<<<<<
2020-03-19 18:24:33,752 - CPE11-HKG-HYBRD-IPC00190 - INFO - 
CREATE Service Object

2020-03-19 18:24:34,894 - CPE11-HKG-HYBRD-IPC00190 - DEBUG - <Response [201]>
2020-03-19 18:24:34,894 - CPE11-HKG-HYBRD-IPC00190 - INFO - 
PASS
2020-03-19 18:24:34,894 - CPE11-HKG-HYBRD-IPC00190 - INFO - >>>>>>>>>> Service OBJECT CREATION PASSED. <<<<<<<<<<<
2020-03-19 18:27:29,786 - CPE11-HKG-HYBRD-IPC00190 - INFO - 
CREATE Policy rule

2020-03-19 18:27:32,410 - CPE11-HKG-HYBRD-IPC00190 - DEBUG - <Response [201]>
2020-03-19 18:27:32,411 - CPE11-HKG-HYBRD-IPC00190 - INFO - 
PASS
2020-03-19 18:27:32,411 - CPE11-HKG-HYBRD-IPC00190 - INFO - >>>>>>>>>> CREATE POLICY RULE PASSED. <<<<<<<<<<<
2020-03-19 18:30:47,520 - CPE11-HKG-HYBRD-IPC00190 - INFO - 
DELETE IPaddress Object

2020-03-19 18:30:50,088 - CPE11-HKG-HYBRD-IPC00190 - INFO - 
PASS
2020-03-19 18:30:50,088 - CPE11-HKG-HYBRD-IPC00190 - INFO - >>>>>>>>>> Policy rule DELETION PASSED. <<<<<<<<<<<
2020-03-19 18:30:50,092 - CPE11-HKG-HYBRD-IPC00190 - INFO - 
CREATE Policy rule

2020-03-19 18:30:51,562 - CPE11-HKG-HYBRD-IPC00190 - DEBUG - <Response [201]>
2020-03-19 18:30:51,562 - CPE11-HKG-HYBRD-IPC00190 - INFO - 
PASS
2020-03-19 18:30:51,562 - CPE11-HKG-HYBRD-IPC00190 - INFO - >>>>>>>>>> CREATE POLICY RULE PASSED. <<<<<<<<<<<
2020-03-19 18:34:00,966 - CPE11-HKG-HYBRD-IPC00190 - INFO - 
DELETE IPaddress Object

2020-03-19 18:34:02,563 - CPE11-HKG-HYBRD-IPC00190 - INFO - 
PASS
2020-03-19 18:34:02,563 - CPE11-HKG-HYBRD-IPC00190 - INFO - >>>>>>>>>> Policy rule DELETION PASSED. <<<<<<<<<<<
2020-03-19 18:34:02,568 - CPE11-HKG-HYBRD-IPC00190 - INFO - 
CREATE Policy rule

2020-03-19 18:34:06,831 - CPE11-HKG-HYBRD-IPC00190 - DEBUG - <Response [201]>
2020-03-19 18:34:06,832 - CPE11-HKG-HYBRD-IPC00190 - INFO - 
PASS
2020-03-19 18:34:06,832 - CPE11-HKG-HYBRD-IPC00190 - INFO - >>>>>>>>>> CREATE POLICY RULE PASSED. <<<<<<<<<<<
2020-03-19 18:35:31,118 - CPE11-HKG-HYBRD-IPC00190 - INFO - 
DELETE IPaddress Object

2020-03-19 18:35:32,522 - CPE11-HKG-HYBRD-IPC00190 - INFO - 
PASS
2020-03-19 18:35:32,522 - CPE11-HKG-HYBRD-IPC00190 - INFO - >>>>>>>>>> Policy rule DELETION PASSED. <<<<<<<<<<<
2020-03-19 18:35:32,526 - CPE11-HKG-HYBRD-IPC00190 - INFO - 
CREATE Policy rule

2020-03-19 18:35:34,005 - CPE11-HKG-HYBRD-IPC00190 - DEBUG - <Response [201]>
2020-03-19 18:35:34,005 - CPE11-HKG-HYBRD-IPC00190 - INFO - 
PASS
2020-03-19 18:35:34,005 - CPE11-HKG-HYBRD-IPC00190 - INFO - >>>>>>>>>> CREATE POLICY RULE PASSED. <<<<<<<<<<<
2020-03-19 18:36:27,042 - CPE11-HKG-HYBRD-IPC00190 - INFO - 
DELETE IPaddress Object

2020-03-19 18:36:29,368 - CPE11-HKG-HYBRD-IPC00190 - INFO - 
PASS
2020-03-19 18:36:29,369 - CPE11-HKG-HYBRD-IPC00190 - INFO - >>>>>>>>>> Policy rule DELETION PASSED. <<<<<<<<<<<
2020-03-19 18:36:29,374 - CPE11-HKG-HYBRD-IPC00190 - INFO - 
DELETE Service Object

2020-03-19 18:36:30,721 - CPE11-HKG-HYBRD-IPC00190 - INFO - 
PASS
2020-03-19 18:36:30,723 - CPE11-HKG-HYBRD-IPC00190 - INFO - >>>>>>>>>> ADDRESS OBJECT DELETION PASSED. <<<<<<<<<<<
2020-03-19 18:36:30,723 - CPE11-HKG-HYBRD-IPC00190 - INFO - 
DELETE IPaddress Object

2020-03-19 18:36:32,229 - CPE11-HKG-HYBRD-IPC00190 - INFO - 
PASS
2020-03-19 18:36:32,229 - CPE11-HKG-HYBRD-IPC00190 - INFO - >>>>>>>>>> ADDRESS OBJECT DELETION PASSED. <<<<<<<<<<<
2020-03-19 18:36:32,230 - CPE11-HKG-HYBRD-IPC00190 - INFO - 
DELETE IPaddress Object

2020-03-19 18:36:33,723 - CPE11-HKG-HYBRD-IPC00190 - INFO - 
PASS
2020-03-19 18:36:33,724 - CPE11-HKG-HYBRD-IPC00190 - INFO - >>>>>>>>>> ADDRESS OBJECT DELETION PASSED. <<<<<<<<<<<
2020-03-19 18:36:33,726 - CPE11-HKG-HYBRD-IPC00190 - INFO - 
DELETE FWD PROFILE

2020-03-19 18:36:36,477 - CPE11-HKG-HYBRD-IPC00190 - INFO - 
PASS
2020-03-19 18:36:36,477 - CPE11-HKG-HYBRD-IPC00190 - INFO - >>>>>>>>>> FORWARDING PROFILE DELETION PASSED. <<<<<<<<<<<
2020-03-19 18:36:36,479 - CPE11-HKG-HYBRD-IPC00190 - INFO - 
DELETE SLA profile

2020-03-19 18:36:37,688 - CPE11-HKG-HYBRD-IPC00190 - INFO - 
PASS
2020-03-19 18:36:37,690 - CPE11-HKG-HYBRD-IPC00190 - INFO - >>>>>>>>>> DELETE SLA Profile PASSED. <<<<<<<<<<<
