2019-09-05 18:44:18,703 - CPE27-HKG-DDI-SEC - INFO - CPE NAME:CPE27-HKG-DDI-SEC
2019-09-05 18:44:19,704 - CPE27-HKG-DDI-SEC - INFO - SOLUTION SELECTED:DUAL-CPE-DUAL-INTERNET
2019-09-05 18:44:20,911 - CPE27-HKG-DDI-SEC - INFO - {u'versanms.sdwan-org-workflow': {u'ikeAuthType': u'psk', u'globalId': 90, u'orgName': u'IPC00190', u'controllers': [u'NV-WC01-N1-HKG', u'NV-WC01-N6-SIN', u'NV-WC02-N1-HKG', u'NV-WC02-N6-SIN'], u'bandwidth': 10, u'parentOrg': u'Colt', u'vrfs': [{u'name': u'LAN1-VRF', u'enableVPN': True, u'id': 1020}, {u'name': u'LAN2-VRF', u'enableVPN': True, u'id': 1021}, {u'name': u'LAN3-VRF', u'enableVPN': True, u'id': 1022}, {u'name': u'LAN4-VRF', u'enableVPN': True, u'id': 1023}, {u'name': u'LAN5-VRF', u'enableVPN': True, u'id': 1024}, {u'name': u'LAN6-VRF', u'enableVPN': True, u'id': 1025}, {u'name': u'LAN7-VRF', u'enableVPN': True, u'id': 1026}, {u'name': u'LAN8-VRF', u'enableVPN': True, u'id': 1027}, {u'name': u'LAN9-VRF', u'enableVPN': True, u'id': 1028}, {u'name': u'LAN10-VRF', u'enableVPN': True, u'id': 1029}], u'solutionTier': u'base-sdwan', u'sharedControlPlane': False}}
2019-09-05 18:44:21,223 - CPE27-HKG-DDI-SEC - INFO - {u'versanms.sdwan-org-workflow': {u'ikeAuthType': u'psk', u'globalId': 90, u'orgName': u'IPC00190', u'controllers': [u'NV-WC01-N1-HKG', u'NV-WC01-N6-SIN', u'NV-WC02-N1-HKG', u'NV-WC02-N6-SIN'], u'bandwidth': 10, u'parentOrg': u'Colt', u'vrfs': [{u'name': u'LAN1-VRF', u'enableVPN': True, u'id': 1020}, {u'name': u'LAN2-VRF', u'enableVPN': True, u'id': 1021}, {u'name': u'LAN3-VRF', u'enableVPN': True, u'id': 1022}, {u'name': u'LAN4-VRF', u'enableVPN': True, u'id': 1023}, {u'name': u'LAN5-VRF', u'enableVPN': True, u'id': 1024}, {u'name': u'LAN6-VRF', u'enableVPN': True, u'id': 1025}, {u'name': u'LAN7-VRF', u'enableVPN': True, u'id': 1026}, {u'name': u'LAN8-VRF', u'enableVPN': True, u'id': 1027}, {u'name': u'LAN9-VRF', u'enableVPN': True, u'id': 1028}, {u'name': u'LAN10-VRF', u'enableVPN': True, u'id': 1029}], u'solutionTier': u'base-sdwan', u'sharedControlPlane': False}}
2019-09-05 18:44:21,536 - CPE27-HKG-DDI-SEC - INFO - {u'versanms.sdwan-org-workflow': {u'ikeAuthType': u'psk', u'globalId': 90, u'orgName': u'IPC00190', u'controllers': [u'NV-WC01-N1-HKG', u'NV-WC01-N6-SIN', u'NV-WC02-N1-HKG', u'NV-WC02-N6-SIN'], u'bandwidth': 10, u'parentOrg': u'Colt', u'vrfs': [{u'name': u'LAN1-VRF', u'enableVPN': True, u'id': 1020}, {u'name': u'LAN2-VRF', u'enableVPN': True, u'id': 1021}, {u'name': u'LAN3-VRF', u'enableVPN': True, u'id': 1022}, {u'name': u'LAN4-VRF', u'enableVPN': True, u'id': 1023}, {u'name': u'LAN5-VRF', u'enableVPN': True, u'id': 1024}, {u'name': u'LAN6-VRF', u'enableVPN': True, u'id': 1025}, {u'name': u'LAN7-VRF', u'enableVPN': True, u'id': 1026}, {u'name': u'LAN8-VRF', u'enableVPN': True, u'id': 1027}, {u'name': u'LAN9-VRF', u'enableVPN': True, u'id': 1028}, {u'name': u'LAN10-VRF', u'enableVPN': True, u'id': 1029}], u'solutionTier': u'base-sdwan', u'sharedControlPlane': False}}
2019-09-05 18:44:21,536 - CPE27-HKG-DDI-SEC - INFO - 
STEP : CONFIG VRRP TRACK ROUTE & QOS RULE MATCH WAN in Secondary CPE

2019-09-05 18:44:35,963 - CPE27-HKG-DDI-SEC - INFO - configure private
Entering configuration mode private
[ok][2019-09-05 12:00:24]

[edit]
Automated@VDir-BLR-NEW-01% 
2019-09-05 18:44:38,164 - CPE27-HKG-DDI-SEC - INFO - True
2019-09-05 18:44:38,565 - CPE27-HKG-DDI-SEC - INFO - 

[edit]
Automated@VDir-BLR-NEW-01% 
2019-09-05 18:44:38,969 - CPE27-HKG-DDI-SEC - INFO - 

[edit]
Automated@VDir-BLR-NEW-01% 
2019-09-05 18:44:39,369 - CPE27-HKG-DDI-SEC - INFO - 

[edit]
Automated@VDir-BLR-NEW-01% 
2019-09-05 18:44:40,372 - CPE27-HKG-DDI-SEC - INFO - set devices device CPE27-HKG-DDI-SEC config orgs org-services IPC00190 class-of-service qos-policies Default-Policy rules WAN_IN match source zone zone-list [ Intf-INT-WAN2-Zone Intf-INT-WAN2-Failover-Zone Intf-INT-WAN1-Zone ]
[ok][2019-09-05 12:00:30]

[edit]
Automated@VDir-BLR-NEW-01% 
2019-09-05 18:44:40,973 - CPE27-HKG-DDI-SEC - INFO - set devices device CPE27-HKG-DDI-SEC config orgs org-services IPC00190 class-of-service qos-policies Default-Policy rules WAN_IN set  action allow
[ok][2019-09-05 12:00:31]

[edit]
Automated@VDir-BLR-NEW-01% 
2019-09-05 18:44:41,976 - CPE27-HKG-DDI-SEC - INFO - set devices device CPE27-HKG-DDI-SEC config orgs org-services IPC00190 class-of-service qos-policies Default-Policy rules WAN_OUT match destination zone zone-list [ Intf-INT-WAN2-Zone Intf-INT-WAN2-Failover-Zone Intf-INT-WAN1-Zone ]
[ok][2019-09-05 12:00:32]

[edit]
Automated@VDir-BLR-NEW-01% 
2019-09-05 18:44:42,579 - CPE27-HKG-DDI-SEC - INFO - set devices device CPE27-HKG-DDI-SEC config orgs org-services IPC00190 class-of-service qos-policies Default-Policy rules WAN_OUT set  action allow
[ok][2019-09-05 12:00:33]

[edit]
Automated@VDir-BLR-NEW-01% 
2019-09-05 18:44:42,980 - CPE27-HKG-DDI-SEC - INFO - 

[edit]
Automated@VDir-BLR-NEW-01% 
2019-09-05 18:44:43,382 - CPE27-HKG-DDI-SEC - INFO - 

[edit]
Automated@VDir-BLR-NEW-01% 
2019-09-05 18:44:43,783 - CPE27-HKG-DDI-SEC - INFO - 

[edit]
Automated@VDir-BLR-NEW-01% 
2019-09-05 18:44:44,184 - CPE27-HKG-DDI-SEC - INFO - 

[edit]
Automated@VDir-BLR-NEW-01% 
2019-09-05 18:44:44,585 - CPE27-HKG-DDI-SEC - INFO - 

[edit]
Automated@VDir-BLR-NEW-01% 
2019-09-05 18:44:44,986 - CPE27-HKG-DDI-SEC - INFO - 

[edit]
Automated@VDir-BLR-NEW-01% 
2019-09-05 18:44:45,388 - CPE27-HKG-DDI-SEC - INFO - 

[edit]
Automated@VDir-BLR-NEW-01% 
2019-09-05 18:44:45,789 - CPE27-HKG-DDI-SEC - INFO - 

[edit]
Automated@VDir-BLR-NEW-01% 
