2020-03-02 18:13:46,815 - VD1 - DEBUG - <netmiko.versa.versa_ssh.VersaSSH object at 0x000000000E992F98>
2020-03-02 18:13:52,026 - VD1 - DEBUG - versa: Automated@VDir-BLR-NEW-01>
2020-03-02 18:13:52,028 - CPE11-HKG-HYBRD-IPC00190 - INFO - CPE NAME:CPE11-HKG-HYBRD-IPC00190
2020-03-02 18:13:53,029 - CPE11-HKG-HYBRD-IPC00190 - INFO - SOLUTION SELECTED:SINGLE-CPE-HYBRID
2020-03-02 18:14:04,107 - CPE11-HKG-HYBRD-IPC00190 - DEBUG - <netmiko.versa.versa_ssh.VersaSSH object at 0x000000000DF87400>
2020-03-02 18:14:09,309 - CPE11-HKG-HYBRD-IPC00190 - DEBUG - versa: Automated@VDir-BLR-NEW-01>
2020-03-02 18:14:29,183 - CPE11-HKG-HYBRD-IPC00190 - INFO - 
CREATE SLA profile

2020-03-02 18:14:30,723 - CPE11-HKG-HYBRD-IPC00190 - DEBUG - <Response [409]>
2020-03-02 18:14:30,724 - CPE11-HKG-HYBRD-IPC00190 - ERROR - {  "errors": {    "error": [      {        "error-message": "object already exists: /ncs:devices/ncs:device[ncs:name='CPE11-HKG-HYBRD-IPC00190']/ncs:config/org:orgs/org:org-services[org:name='IPC00190']/sdwan:sd-wan/sdwan:sla-profiles/sdwan:sla-profile[sdwan:name='SLA1000']",        "error-urlpath": "/api/config/devices/device/CPE11-HKG-HYBRD-IPC00190/config/org:orgs/org-services/IPC00190/sdwan:sd-wan/sla-profiles",        "error-tag": "data-exists"      }    ]  }}
2020-03-02 18:14:30,724 - CPE11-HKG-HYBRD-IPC00190 - INFO - 
FAIL : {  "errors": {    "error": [      {        "error-message": "object already exists: /ncs:devices/ncs:device[ncs:name='CPE11-HKG-HYBRD-IPC00190']/ncs:config/org:orgs/org:org-services[org:name='IPC00190']/sdwan:sd-wan/sdwan:sla-profiles/sdwan:sla-profile[sdwan:name='SLA1000']",        "error-urlpath": "/api/config/devices/device/CPE11-HKG-HYBRD-IPC00190/config/org:orgs/org-services/IPC00190/sdwan:sd-wan/sla-profiles",        "error-tag": "data-exists"      }    ]  }}
2020-03-02 18:14:30,726 - CPE11-HKG-HYBRD-IPC00190 - INFO - >>>>>>>>>> CREATE SLA Profile FAILED. <<<<<<<<<<<
2020-03-02 18:14:31,651 - CPE11-HKG-HYBRD-IPC00190 - INFO - 
CREATE FWD PROFILE

2020-03-02 18:14:32,450 - CPE11-HKG-HYBRD-IPC00190 - DEBUG - <Response [409]>
2020-03-02 18:14:32,451 - CPE11-HKG-HYBRD-IPC00190 - ERROR - {  "errors": {    "error": [      {        "error-message": "object already exists: /ncs:devices/ncs:device[ncs:name='CPE11-HKG-HYBRD-IPC00190']/ncs:config/org:orgs/org:org-services[org:name='IPC00190']/sdwan:sd-wan/sdwan:forwarding-profiles/sdwan:forwarding-profile[sdwan:name='FWP1000']",        "error-urlpath": "/api/config/devices/device/CPE11-HKG-HYBRD-IPC00190/config/org:orgs/org-services/IPC00190/sdwan:sd-wan/forwarding-profiles",        "error-tag": "data-exists"      }    ]  }}
2020-03-02 18:14:32,453 - CPE11-HKG-HYBRD-IPC00190 - INFO - 
FAIL : {  "errors": {    "error": [      {        "error-message": "object already exists: /ncs:devices/ncs:device[ncs:name='CPE11-HKG-HYBRD-IPC00190']/ncs:config/org:orgs/org:org-services[org:name='IPC00190']/sdwan:sd-wan/sdwan:forwarding-profiles/sdwan:forwarding-profile[sdwan:name='FWP1000']",        "error-urlpath": "/api/config/devices/device/CPE11-HKG-HYBRD-IPC00190/config/org:orgs/org-services/IPC00190/sdwan:sd-wan/forwarding-profiles",        "error-tag": "data-exists"      }    ]  }}
2020-03-02 18:14:32,454 - CPE11-HKG-HYBRD-IPC00190 - INFO - >>>>>>>>>> FORWARDING PROFILE CREATION FAILED. <<<<<<<<<<<
2020-03-02 18:14:32,457 - CPE11-HKG-HYBRD-IPC00190 - INFO - 
CREATE IPaddress Object

2020-03-02 18:14:33,161 - CPE11-HKG-HYBRD-IPC00190 - DEBUG - <Response [409]>
2020-03-02 18:14:33,161 - CPE11-HKG-HYBRD-IPC00190 - ERROR - {  "errors": {    "error": [      {        "error-message": "object already exists: /ncs:devices/ncs:device[ncs:name='CPE11-HKG-HYBRD-IPC00190']/ncs:config/org:orgs/org:org-services[org:name='IPC00190']/security:objects/security:addresses/security:address[security:name='Dest_ip_add1000']",        "error-urlpath": "/api/config/devices/device/CPE11-HKG-HYBRD-IPC00190/config/org:orgs/org-services/IPC00190/security:objects/addresses",        "error-tag": "data-exists"      }    ]  }}
2020-03-02 18:14:33,161 - CPE11-HKG-HYBRD-IPC00190 - INFO - 
FAIL : {  "errors": {    "error": [      {        "error-message": "object already exists: /ncs:devices/ncs:device[ncs:name='CPE11-HKG-HYBRD-IPC00190']/ncs:config/org:orgs/org:org-services[org:name='IPC00190']/security:objects/security:addresses/security:address[security:name='Dest_ip_add1000']",        "error-urlpath": "/api/config/devices/device/CPE11-HKG-HYBRD-IPC00190/config/org:orgs/org-services/IPC00190/security:objects/addresses",        "error-tag": "data-exists"      }    ]  }}
2020-03-02 18:14:33,163 - CPE11-HKG-HYBRD-IPC00190 - INFO - >>>>>>>>>> ADDRESS OBJECT CREATION FAILED. <<<<<<<<<<<
2020-03-02 18:14:33,164 - CPE11-HKG-HYBRD-IPC00190 - INFO - 
CREATE Service Object

2020-03-02 18:14:33,783 - CPE11-HKG-HYBRD-IPC00190 - DEBUG - <Response [409]>
2020-03-02 18:14:33,785 - CPE11-HKG-HYBRD-IPC00190 - ERROR - {  "errors": {    "error": [      {        "error-message": "object already exists: /ncs:devices/ncs:device[ncs:name='CPE11-HKG-HYBRD-IPC00190']/ncs:config/org:orgs/org:org-services[org:name='IPC00190']/security:objects/security:services/security:service[security:name='tcp_dst_port_2000_1']",        "error-urlpath": "/api/config/devices/device/CPE11-HKG-HYBRD-IPC00190/config/org:orgs/org-services/IPC00190/security:objects/services",        "error-tag": "data-exists"      }    ]  }}
2020-03-02 18:14:33,786 - CPE11-HKG-HYBRD-IPC00190 - INFO - 
FAIL : {  "errors": {    "error": [      {        "error-message": "object already exists: /ncs:devices/ncs:device[ncs:name='CPE11-HKG-HYBRD-IPC00190']/ncs:config/org:orgs/org:org-services[org:name='IPC00190']/security:objects/security:services/security:service[security:name='tcp_dst_port_2000_1']",        "error-urlpath": "/api/config/devices/device/CPE11-HKG-HYBRD-IPC00190/config/org:orgs/org-services/IPC00190/security:objects/services",        "error-tag": "data-exists"      }    ]  }}
2020-03-02 18:14:33,788 - CPE11-HKG-HYBRD-IPC00190 - INFO - >>>>>>>>>> Service OBJECT CREATION FAILED. <<<<<<<<<<<
2020-03-02 18:14:33,789 - CPE11-HKG-HYBRD-IPC00190 - INFO - 
CREATE Policy rule

2020-03-02 18:14:34,842 - CPE11-HKG-HYBRD-IPC00190 - DEBUG - <Response [409]>
2020-03-02 18:14:34,842 - CPE11-HKG-HYBRD-IPC00190 - ERROR - {  "errors": {    "error": [      {        "error-message": "object already exists: /ncs:devices/ncs:device[ncs:name='CPE11-HKG-HYBRD-IPC00190']/ncs:config/org:orgs/org:org-services[org:name='IPC00190']/sdwan:sd-wan/sdwan:policies/sdwan:sdwan-policy-group[sdwan:name='Default-Policy']/sdwan:rules/sdwan:rule[sdwan:name='ts_Destipaddr1000']",        "error-urlpath": "/api/config/devices/device/CPE11-HKG-HYBRD-IPC00190/config/org:orgs/org-services/IPC00190/sdwan:sd-wan/policies/sdwan-policy-group/Default-Policy/rules",        "error-tag": "data-exists"      }    ]  }}
2020-03-02 18:14:34,844 - CPE11-HKG-HYBRD-IPC00190 - INFO - 
FAIL : {  "errors": {    "error": [      {        "error-message": "object already exists: /ncs:devices/ncs:device[ncs:name='CPE11-HKG-HYBRD-IPC00190']/ncs:config/org:orgs/org:org-services[org:name='IPC00190']/sdwan:sd-wan/sdwan:policies/sdwan:sdwan-policy-group[sdwan:name='Default-Policy']/sdwan:rules/sdwan:rule[sdwan:name='ts_Destipaddr1000']",        "error-urlpath": "/api/config/devices/device/CPE11-HKG-HYBRD-IPC00190/config/org:orgs/org-services/IPC00190/sdwan:sd-wan/policies/sdwan-policy-group/Default-Policy/rules",        "error-tag": "data-exists"      }    ]  }}
2020-03-02 18:14:34,845 - CPE11-HKG-HYBRD-IPC00190 - INFO - >>>>>>>>>> CREATE POLICY RULE FAILED. <<<<<<<<<<<
