2020-03-03 15:02:49,776 - VD1 - DEBUG - <netmiko.versa.versa_ssh.VersaSSH object at 0x000000000E7D16A0>
2020-03-03 15:02:55,003 - VD1 - DEBUG - versa: Automated@VDir-BLR-NEW-01>
2020-03-03 15:02:59,711 - CPE11-HKG-HYBRD-IPC00190 - DEBUG - <netmiko.versa.versa_ssh.VersaSSH object at 0x000000000E80F7F0>
2020-03-03 15:03:04,917 - CPE11-HKG-HYBRD-IPC00190 - DEBUG - versa: Automated@VDir-BLR-NEW-01>
2020-03-03 15:03:29,678 - CPE12-HKG-HYBRD-IPC00190 - DEBUG - <netmiko.versa.versa_ssh.VersaSSH object at 0x000000000E82C748>
2020-03-03 15:03:34,882 - CPE12-HKG-HYBRD-IPC00190 - DEBUG - versa: Automated@VDir-BLR-NEW-01>
2020-03-03 15:04:47,632 - CPE11-HKG-HYBRD-IPC00190 - INFO - 
CREATE SLA profile

2020-03-03 15:04:49,411 - CPE11-HKG-HYBRD-IPC00190 - DEBUG - <Response [201]>
2020-03-03 15:04:49,418 - CPE11-HKG-HYBRD-IPC00190 - INFO - 
PASS
2020-03-03 15:04:49,418 - CPE11-HKG-HYBRD-IPC00190 - INFO - >>>>>>>>>> CREATE SLA Profile PASSED. <<<<<<<<<<<
2020-03-03 15:04:49,424 - CPE11-HKG-HYBRD-IPC00190 - INFO - 
CREATE FWD PROFILE

2020-03-03 15:04:51,049 - CPE11-HKG-HYBRD-IPC00190 - DEBUG - <Response [201]>
2020-03-03 15:04:51,049 - CPE11-HKG-HYBRD-IPC00190 - INFO - 
PASS
2020-03-03 15:04:51,049 - CPE11-HKG-HYBRD-IPC00190 - INFO - >>>>>>>>>> FORWARDING PROFILE CREATION PASSED. <<<<<<<<<<<
2020-03-03 15:04:51,052 - CPE11-HKG-HYBRD-IPC00190 - INFO - 
CREATE IPaddress Object

2020-03-03 15:04:52,417 - CPE11-HKG-HYBRD-IPC00190 - DEBUG - <Response [201]>
2020-03-03 15:04:52,417 - CPE11-HKG-HYBRD-IPC00190 - INFO - 
PASS
2020-03-03 15:04:52,418 - CPE11-HKG-HYBRD-IPC00190 - INFO - >>>>>>>>>> ADDRESS OBJECT CREATION PASSED. <<<<<<<<<<<
2020-03-03 15:04:52,421 - CPE11-HKG-HYBRD-IPC00190 - INFO - 
CREATE IPaddress Object

2020-03-03 15:04:53,887 - CPE11-HKG-HYBRD-IPC00190 - DEBUG - <Response [201]>
2020-03-03 15:04:53,887 - CPE11-HKG-HYBRD-IPC00190 - INFO - 
PASS
2020-03-03 15:04:53,888 - CPE11-HKG-HYBRD-IPC00190 - INFO - >>>>>>>>>> ADDRESS OBJECT CREATION PASSED. <<<<<<<<<<<
2020-03-03 15:04:53,891 - CPE11-HKG-HYBRD-IPC00190 - INFO - 
CREATE Service Object

2020-03-03 15:04:55,427 - CPE11-HKG-HYBRD-IPC00190 - DEBUG - <Response [201]>
2020-03-03 15:04:55,428 - CPE11-HKG-HYBRD-IPC00190 - INFO - 
PASS
2020-03-03 15:04:55,430 - CPE11-HKG-HYBRD-IPC00190 - INFO - >>>>>>>>>> Service OBJECT CREATION PASSED. <<<<<<<<<<<
2020-03-03 15:05:54,983 - CPE11-HKG-HYBRD-IPC00190 - INFO - 
CREATE Policy rule

2020-03-03 15:05:57,884 - CPE11-HKG-HYBRD-IPC00190 - DEBUG - <Response [201]>
2020-03-03 15:05:57,885 - CPE11-HKG-HYBRD-IPC00190 - INFO - 
PASS
2020-03-03 15:05:57,887 - CPE11-HKG-HYBRD-IPC00190 - INFO - >>>>>>>>>> CREATE POLICY RULE PASSED. <<<<<<<<<<<
2020-03-03 15:08:47,664 - CPE11-HKG-HYBRD-IPC00190 - INFO - 
DELETE IPaddress Object

2020-03-03 15:08:51,102 - CPE11-HKG-HYBRD-IPC00190 - INFO - 
PASS
2020-03-03 15:08:51,104 - CPE11-HKG-HYBRD-IPC00190 - INFO - >>>>>>>>>> Policy rule DELETION PASSED. <<<<<<<<<<<
2020-03-03 15:08:51,137 - CPE11-HKG-HYBRD-IPC00190 - INFO - 
CREATE Policy rule

2020-03-03 15:08:53,394 - CPE11-HKG-HYBRD-IPC00190 - DEBUG - <Response [201]>
2020-03-03 15:08:53,395 - CPE11-HKG-HYBRD-IPC00190 - INFO - 
PASS
2020-03-03 15:08:53,397 - CPE11-HKG-HYBRD-IPC00190 - INFO - >>>>>>>>>> CREATE POLICY RULE PASSED. <<<<<<<<<<<
2020-03-03 15:11:42,944 - CPE11-HKG-HYBRD-IPC00190 - INFO - 
DELETE IPaddress Object

2020-03-03 15:11:46,233 - CPE11-HKG-HYBRD-IPC00190 - INFO - 
PASS
2020-03-03 15:11:46,233 - CPE11-HKG-HYBRD-IPC00190 - INFO - >>>>>>>>>> Policy rule DELETION PASSED. <<<<<<<<<<<
2020-03-03 15:11:46,239 - CPE11-HKG-HYBRD-IPC00190 - INFO - 
CREATE Policy rule

2020-03-03 15:11:48,144 - CPE11-HKG-HYBRD-IPC00190 - DEBUG - <Response [201]>
2020-03-03 15:11:48,145 - CPE11-HKG-HYBRD-IPC00190 - INFO - 
PASS
2020-03-03 15:11:48,145 - CPE11-HKG-HYBRD-IPC00190 - INFO - >>>>>>>>>> CREATE POLICY RULE PASSED. <<<<<<<<<<<
2020-03-03 15:12:50,427 - CPE11-HKG-HYBRD-IPC00190 - INFO - 
DELETE IPaddress Object

2020-03-03 15:12:53,539 - CPE11-HKG-HYBRD-IPC00190 - INFO - 
PASS
2020-03-03 15:12:53,540 - CPE11-HKG-HYBRD-IPC00190 - INFO - >>>>>>>>>> Policy rule DELETION PASSED. <<<<<<<<<<<
2020-03-03 15:12:53,552 - CPE11-HKG-HYBRD-IPC00190 - INFO - 
CREATE Policy rule

2020-03-03 15:12:55,469 - CPE11-HKG-HYBRD-IPC00190 - DEBUG - <Response [201]>
2020-03-03 15:12:55,470 - CPE11-HKG-HYBRD-IPC00190 - INFO - 
PASS
2020-03-03 15:12:55,470 - CPE11-HKG-HYBRD-IPC00190 - INFO - >>>>>>>>>> CREATE POLICY RULE PASSED. <<<<<<<<<<<
2020-03-03 15:13:27,492 - CPE11-HKG-HYBRD-IPC00190 - INFO - 
DELETE IPaddress Object

2020-03-03 15:13:30,487 - CPE11-HKG-HYBRD-IPC00190 - INFO - 
PASS
2020-03-03 15:13:30,489 - CPE11-HKG-HYBRD-IPC00190 - INFO - >>>>>>>>>> Policy rule DELETION PASSED. <<<<<<<<<<<
2020-03-03 15:13:30,493 - CPE11-HKG-HYBRD-IPC00190 - INFO - 
DELETE Service Object

2020-03-03 15:13:32,431 - CPE11-HKG-HYBRD-IPC00190 - INFO - 
PASS
2020-03-03 15:13:32,431 - CPE11-HKG-HYBRD-IPC00190 - INFO - >>>>>>>>>> ADDRESS OBJECT DELETION PASSED. <<<<<<<<<<<
2020-03-03 15:13:32,433 - CPE11-HKG-HYBRD-IPC00190 - INFO - 
DELETE IPaddress Object

2020-03-03 15:13:34,552 - CPE11-HKG-HYBRD-IPC00190 - INFO - 
PASS
2020-03-03 15:13:34,552 - CPE11-HKG-HYBRD-IPC00190 - INFO - >>>>>>>>>> ADDRESS OBJECT DELETION PASSED. <<<<<<<<<<<
2020-03-03 15:13:34,555 - CPE11-HKG-HYBRD-IPC00190 - INFO - 
DELETE IPaddress Object

2020-03-03 15:13:36,654 - CPE11-HKG-HYBRD-IPC00190 - INFO - 
PASS
2020-03-03 15:13:36,654 - CPE11-HKG-HYBRD-IPC00190 - INFO - >>>>>>>>>> ADDRESS OBJECT DELETION PASSED. <<<<<<<<<<<
2020-03-03 15:13:36,655 - CPE11-HKG-HYBRD-IPC00190 - INFO - 
DELETE FWD PROFILE

2020-03-03 15:13:38,717 - CPE11-HKG-HYBRD-IPC00190 - INFO - 
PASS
2020-03-03 15:13:38,717 - CPE11-HKG-HYBRD-IPC00190 - INFO - >>>>>>>>>> FORWARDING PROFILE DELETION PASSED. <<<<<<<<<<<
2020-03-03 15:13:38,719 - CPE11-HKG-HYBRD-IPC00190 - INFO - 
DELETE SLA profile

2020-03-03 15:13:41,630 - CPE11-HKG-HYBRD-IPC00190 - INFO - 
PASS
2020-03-03 15:13:41,630 - CPE11-HKG-HYBRD-IPC00190 - INFO - >>>>>>>>>> DELETE SLA Profile PASSED. <<<<<<<<<<<
