2020-02-11 18:26:38,668 - VD1 - DEBUG - <netmiko.versa.versa_ssh.VersaSSH object at 0x000000000E169128>
2020-02-11 18:26:43,869 - VD1 - DEBUG - versa: Automated@VDir-BLR-NEW-01>
2020-02-11 18:26:43,869 - CPE11-HKG-HYBRD-IPC00190 - INFO - CPE NAME:CPE11-HKG-HYBRD-IPC00190
2020-02-11 18:26:44,871 - CPE11-HKG-HYBRD-IPC00190 - INFO - SOLUTION SELECTED:SINGLE-CPE-HYBRID
2020-02-11 18:26:57,351 - CPE11-HKG-HYBRD-IPC00190 - DEBUG - <netmiko.versa.versa_ssh.VersaSSH object at 0x000000000D60D080>
2020-02-11 18:27:02,589 - CPE11-HKG-HYBRD-IPC00190 - DEBUG - versa: Automated@VDir-BLR-NEW-01>
2020-02-11 18:27:22,654 - CPE11-HKG-HYBRD-IPC00190 - INFO - 
CREATE SLA profile

2020-02-11 18:27:25,479 - CPE11-HKG-HYBRD-IPC00190 - DEBUG - <Response [201]>
2020-02-11 18:27:25,486 - CPE11-HKG-HYBRD-IPC00190 - INFO - 
PASS
2020-02-11 18:27:25,486 - CPE11-HKG-HYBRD-IPC00190 - INFO - >>>>>>>>>> CREATE SLA Profile PASSED. <<<<<<<<<<<
2020-02-11 18:27:26,677 - CPE11-HKG-HYBRD-IPC00190 - INFO - 
CREATE FWD PROFILE

2020-02-11 18:27:28,765 - CPE11-HKG-HYBRD-IPC00190 - DEBUG - <Response [201]>
2020-02-11 18:27:28,765 - CPE11-HKG-HYBRD-IPC00190 - INFO - 
PASS
2020-02-11 18:27:28,766 - CPE11-HKG-HYBRD-IPC00190 - INFO - >>>>>>>>>> FORWARDING PROFILE CREATION PASSED. <<<<<<<<<<<
2020-02-11 18:27:28,766 - CPE11-HKG-HYBRD-IPC00190 - INFO - 
CREATE IPaddress Object

2020-02-11 18:27:30,874 - CPE11-HKG-HYBRD-IPC00190 - DEBUG - <Response [201]>
2020-02-11 18:27:30,875 - CPE11-HKG-HYBRD-IPC00190 - INFO - 
PASS
2020-02-11 18:27:30,875 - CPE11-HKG-HYBRD-IPC00190 - INFO - >>>>>>>>>> ADDRESS OBJECT CREATION PASSED. <<<<<<<<<<<
2020-02-11 18:27:30,875 - CPE11-HKG-HYBRD-IPC00190 - INFO - 
CREATE Policy rule

2020-02-11 18:27:33,181 - CPE11-HKG-HYBRD-IPC00190 - DEBUG - <Response [201]>
2020-02-11 18:27:33,181 - CPE11-HKG-HYBRD-IPC00190 - INFO - 
PASS
2020-02-11 18:27:33,183 - CPE11-HKG-HYBRD-IPC00190 - INFO - >>>>>>>>>> CREATE POLICY RULE PASSED. <<<<<<<<<<<
