2020-03-31 14:45:23,457 - CPE27-SING-SINGLE-CPE-INTONLY-IPC00190 - INFO - LOG FILE PATH : C:\Softwares_mine\stefano\NV_REPOSITORY\csit/LOGS/2020_03_31_14_45_18_760000/MAIN.log
2020-03-31 14:45:23,457 - CPE27-SING-SINGLE-CPE-INTONLY-IPC00190 - INFO - CPE NAME:CPE27-SING-SINGLE-CPE-INTONLY-IPC00190
2020-03-31 14:45:24,457 - CPE27-SING-SINGLE-CPE-INTONLY-IPC00190 - INFO - SOLUTION SELECTED:SINGLE-CPE-INTERNET-ONLY
2020-03-31 14:45:25,701 - CPE27-SING-SINGLE-CPE-INTONLY-IPC00190 - DEBUG - {u'versanms.sdwan-org-workflow': {u'ikeAuthType': u'psk', u'globalId': 90, u'orgName': u'IPC00190', u'controllers': [u'NV-WC01-N1-HKG', u'NV-WC01-N6-SIN', u'NV-WC02-N1-HKG', u'NV-WC02-N6-SIN'], u'bandwidth': 10, u'parentOrg': u'Colt', u'vrfs': [{u'name': u'LAN1-VRF', u'enableVPN': True, u'id': 1020}, {u'name': u'LAN2-VRF', u'enableVPN': True, u'id': 1021}, {u'name': u'LAN3-VRF', u'enableVPN': True, u'id': 1022}, {u'name': u'LAN4-VRF', u'enableVPN': True, u'id': 1023}, {u'name': u'LAN5-VRF', u'enableVPN': True, u'id': 1024}, {u'name': u'LAN6-VRF', u'enableVPN': True, u'id': 1025}, {u'name': u'LAN7-VRF', u'enableVPN': True, u'id': 1026}, {u'name': u'LAN8-VRF', u'enableVPN': True, u'id': 1027}, {u'name': u'LAN9-VRF', u'enableVPN': True, u'id': 1028}, {u'name': u'LAN10-VRF', u'enableVPN': True, u'id': 1029}], u'solutionTier': u'base-sdwan', u'sharedControlPlane': False}}
2020-03-31 14:45:25,707 - CPE27-SING-SINGLE-CPE-INTONLY-IPC00190 - INFO - 
STEP :CHECK ORG is available in Controller NV-WC01-N1-HKG
2020-03-31 14:45:25,709 - CPE27-SING-SINGLE-CPE-INTONLY-IPC00190 - INFO - PASS
2020-03-31 14:45:26,012 - CPE27-SING-SINGLE-CPE-INTONLY-IPC00190 - DEBUG - {u'versanms.sdwan-org-workflow': {u'ikeAuthType': u'psk', u'globalId': 90, u'orgName': u'IPC00190', u'controllers': [u'NV-WC01-N1-HKG', u'NV-WC01-N6-SIN', u'NV-WC02-N1-HKG', u'NV-WC02-N6-SIN'], u'bandwidth': 10, u'parentOrg': u'Colt', u'vrfs': [{u'name': u'LAN1-VRF', u'enableVPN': True, u'id': 1020}, {u'name': u'LAN2-VRF', u'enableVPN': True, u'id': 1021}, {u'name': u'LAN3-VRF', u'enableVPN': True, u'id': 1022}, {u'name': u'LAN4-VRF', u'enableVPN': True, u'id': 1023}, {u'name': u'LAN5-VRF', u'enableVPN': True, u'id': 1024}, {u'name': u'LAN6-VRF', u'enableVPN': True, u'id': 1025}, {u'name': u'LAN7-VRF', u'enableVPN': True, u'id': 1026}, {u'name': u'LAN8-VRF', u'enableVPN': True, u'id': 1027}, {u'name': u'LAN9-VRF', u'enableVPN': True, u'id': 1028}, {u'name': u'LAN10-VRF', u'enableVPN': True, u'id': 1029}], u'solutionTier': u'base-sdwan', u'sharedControlPlane': False}}
2020-03-31 14:45:26,012 - CPE27-SING-SINGLE-CPE-INTONLY-IPC00190 - INFO - 
STEP :CHECK ORG is available in Controller NV-WC02-N6-SIN
2020-03-31 14:45:26,012 - CPE27-SING-SINGLE-CPE-INTONLY-IPC00190 - INFO - PASS
2020-03-31 14:45:26,308 - CPE27-SING-SINGLE-CPE-INTONLY-IPC00190 - DEBUG - {u'versanms.sdwan-org-workflow': {u'ikeAuthType': u'psk', u'globalId': 90, u'orgName': u'IPC00190', u'controllers': [u'NV-WC01-N1-HKG', u'NV-WC01-N6-SIN', u'NV-WC02-N1-HKG', u'NV-WC02-N6-SIN'], u'bandwidth': 10, u'parentOrg': u'Colt', u'vrfs': [{u'name': u'LAN1-VRF', u'enableVPN': True, u'id': 1020}, {u'name': u'LAN2-VRF', u'enableVPN': True, u'id': 1021}, {u'name': u'LAN3-VRF', u'enableVPN': True, u'id': 1022}, {u'name': u'LAN4-VRF', u'enableVPN': True, u'id': 1023}, {u'name': u'LAN5-VRF', u'enableVPN': True, u'id': 1024}, {u'name': u'LAN6-VRF', u'enableVPN': True, u'id': 1025}, {u'name': u'LAN7-VRF', u'enableVPN': True, u'id': 1026}, {u'name': u'LAN8-VRF', u'enableVPN': True, u'id': 1027}, {u'name': u'LAN9-VRF', u'enableVPN': True, u'id': 1028}, {u'name': u'LAN10-VRF', u'enableVPN': True, u'id': 1029}], u'solutionTier': u'base-sdwan', u'sharedControlPlane': False}}
2020-03-31 14:45:26,309 - CPE27-SING-SINGLE-CPE-INTONLY-IPC00190 - INFO - 
STEP :CHECK ORG is available in Controller NV-WC01-N6-SIN
2020-03-31 14:45:26,309 - CPE27-SING-SINGLE-CPE-INTONLY-IPC00190 - INFO - PASS
2020-03-31 14:45:26,309 - CPE27-SING-SINGLE-CPE-INTONLY-IPC00190 - INFO - 
STEP :DEVICE GROUP CREATION AND DEPLOYMENT
2020-03-31 14:45:26,325 - CPE27-SING-SINGLE-CPE-INTONLY-IPC00190 - DEBUG - {
	"device-group": {
		"name": "IPC00190-SIN-NEW-PS-INT-DG",
		"dg:organization": "IPC00190",
		"dg:enable-2factor-auth": false,
		"dg:enable-staging-url": false,
		"dg:poststaging-template": "IPC00190-SIN-NEW-PS-INT"
	}
}
2020-03-31 14:45:26,502 - CPE27-SING-SINGLE-CPE-INTONLY-IPC00190 - DEBUG - <Response [201]>
2020-03-31 14:45:26,503 - CPE27-SING-SINGLE-CPE-INTONLY-IPC00190 - DEBUG - 
PASS
2020-03-31 14:45:26,503 - CPE27-SING-SINGLE-CPE-INTONLY-IPC00190 - INFO - >>>>>>>>>> DEVICE GROUP TEMPLATE CREATION PASSED. <<<<<<<<<<<
2020-03-31 14:45:31,503 - CPE27-SING-SINGLE-CPE-INTONLY-IPC00190 - INFO - 
STEP :PRE-ONBOARD WORK
2020-03-31 14:45:31,555 - CPE27-SING-SINGLE-CPE-INTONLY-IPC00190 - DEBUG - 
sudo /opt/versa/scripts/staging.py -w 2 -c 10.83.77.10 -s 172.16.6.106/30 -g 172.16.6.105 -l IPC00190-CPE27-SING-SINGLE-CPE-INTONLY-IPC00190@colt.net -lk CPE27-SING-SINGLE-CPE-INTONLY-IPC00190  -r NV-WC01-N6-SIN@colt.net -rk 1234

2020-03-31 14:45:31,556 - CPE27-SING-SINGLE-CPE-INTONLY-IPC00190 - DEBUG - {
	"versanms.sdwan-device-workflow": {
		"deviceName": "CPE27-SING-SINGLE-CPE-INTONLY-IPC00190",
		"siteId": "4296",
		"orgName": "IPC00190",
		"serialNumber": "CPE27MArch312",
		"deviceGroup": "IPC00190-SIN-NEW-PS-INT-DG",
		"locationInfo": {
			"state": "karnataka",
			"country": "india",
			"longitude": "77.594563",
			"latitude": "12.971599",
			"city": "bangalore"
		},
		"postStagingTemplateInfo": {
			"templateName": "IPC00190-SIN-NEW-PS-INT",
			"templateData": {
				"device-template-variable": {
					"template": "IPC00190-SIN-NEW-PS-INT",
					"variable-binding": {
						"attrs": [{
							"name": "{$v_INT-WAN_IPv4__staticaddress}",
							"value": "172.16.7.106/30",
							"isAutogeneratable": false
						},
						
						    
						    
						    
						{ "name": "{$v_vni-0-4_LAN1_Unit-0__unit}", "value": "760", "isAutogeneratable": false},
						{ "name": "{$v_vni-0-4_LAN1_Unit-0__vlanId}", "value": "760", "isAutogeneratable": false },
						
						    
						    
						    
						{ "name": "{$v_vni-0-4_LAN2_Unit-1__unit}", "value": "761", "isAutogeneratable": false},
						{ "name": "{$v_vni-0-4_LAN2_Unit-1__vlanId}", "value": "761", "isAutogeneratable": false },
						
						    
						    
						    
						{ "name": "{$v_vni-0-4_LAN3_Unit-2__unit}", "value": "762", "isAutogeneratable": false},
						{ "name": "{$v_vni-0-4_LAN3_Unit-2__vlanId}", "value": "762", "isAutogeneratable": false },
						
						    
						    
						    
						{ "name": "{$v_vni-0-4_LAN4_Unit-3__unit}", "value": "763", "isAutogeneratable": false},
						{ "name": "{$v_vni-0-4_LAN4_Unit-3__vlanId}", "value": "763", "isAutogeneratable": false },
						
						    
						    
						    
						{ "name": "{$v_vni-0-4_LAN5_Unit-4__unit}", "value": "764", "isAutogeneratable": false},
						{ "name": "{$v_vni-0-4_LAN5_Unit-4__vlanId}", "value": "764", "isAutogeneratable": false },
						
						{
							"name": "{$v_IPC00190-Control-VR_16_Router_ID__vrRouteId}",
							"value": "20.20.90.27",
							"isAutogeneratable": true,
							"isOverwritten": false
						}, {
							"name": "{$v_IPC00190_NV-WC01-N6-SIN_Local_auth_email_key__IKELKey}",
							"value": "CPE27-SING-SINGLE-CPE-INTONLY-IPC00190",
							"isAutogeneratable": true
						}, {
							"name": "{$v_IPC00190_NV-WC02-N6-SIN_Local_auth_email_key__IKELKey}",
							"value": "CPE27-SING-SINGLE-CPE-INTONLY-IPC00190",
							"isAutogeneratable": true
						},
						
						
						
						{ "name": "{$v_LAN1_IPv4__staticaddress}", "value": "192.170.11.1/24", "isAutogeneratable": false},
						
						
						
						{ "name": "{$v_LAN2_IPv4__staticaddress}", "value": "192.170.12.1/24", "isAutogeneratable": false},
						
						
						
						{ "name": "{$v_LAN3_IPv4__staticaddress}", "value": "192.170.13.1/24", "isAutogeneratable": false},
						
						
						
						{ "name": "{$v_LAN4_IPv4__staticaddress}", "value": "192.170.14.1/24", "isAutogeneratable": false},
						
						
						
						{ "name": "{$v_LAN5_IPv4__staticaddress}", "value": "192.170.15.1/24", "isAutogeneratable": false},
						
						{
							"name": "{$v_IPC00190_NV-WC02-N6-SIN_Local_auth_email_identifier__IKELIdentifier}",
							"value": "CPE27-SING-SINGLE-CPE-INTONLY-IPC00190@colt.net",
							"isAutogeneratable": true
						}, {
							"name": "{$v_Site_Id__siteSiteID}",
							"value": "4296",
							"isAutogeneratable": true
						}, {
							"name": "{$v_IPC00190_NV-WC01-N6-SIN_Local_auth_email_identifier__IKELIdentifier}",
							"value": "CPE27-SING-SINGLE-CPE-INTONLY-IPC00190@colt.net",
							"isAutogeneratable": true
						}, {
							"name": "{$v_IPC00190_Site_Name__sitesSiteName}",
							"value": "CPE27-SING-SINGLE-CPE-INTONLY-IPC00190",
							"isAutogeneratable": true
						}, {
							"name": "{$v_latitude__IdLatitude}",
							"value": "12.971599",
							"isAutogeneratable": true
						}, {
							"name": "{$v_identification__IdName}",
							"value": "CPE27-SING-SINGLE-CPE-INTONLY-IPC00190",
							"isAutogeneratable": true
						}, {
							"name": "{$v_INT-WAN-Transport-VR_IPv4__vrHopAddress}",
							"value": "172.16.7.105",
							"isAutogeneratable": false
						},	{
						    "name": "{$v_tvi-0-180_-_Unit_0_Static_address__tunnelStaticAddress}",
							"value": "10.10.90.27/32",
							"isAutogeneratable": true,
							"isOverwritten": false
						}, {
							"name": "{$v_Chassis_Id__sitesChassisId}",
							"value": "CPE27MArch312",
							"isAutogeneratable": true
						}, {
							"name": "{$v_longitude__Idlongitude}",
							"value": "77.594563",
							"isAutogeneratable": true
						}, {
							"name": "{$v_location__IdLocation}",
							"value": "bangalore,karnataka, india",
							"isAutogeneratable": true
						}, {
							"name": "{$v_IPC00190-Control-VR_90_Local_address__vrRouterAddress}",
							"value": "20.20.90.27",
							"isAutogeneratable": true,
							"isOverwritten": false
						}, {
							"name": "{$v_tvi-0-181_-_Unit_0_Static_address__tunnelStaticAddress}",
							"value": "20.20.90.27/32",
							"isAutogeneratable": true,
							"isOverwritten": false
						}]
					}
				},
				"variableMetadata": [{
					"variable": "{$v_INT-WAN_IPv4__staticaddress}",
					"group": "Interfaces",
					"overlay": false,
					"type": "IPV4_MASK"
				},
                
                
                
				{"variable": "{$v_vni-0-4_LAN1_Unit-0__vlanId}", "group": "Vlan Info", "overlay": false, "type": "INTEGER"},
                
                
                
				{"variable": "{$v_vni-0-4_LAN2_Unit-1__vlanId}", "group": "Vlan Info", "overlay": false, "type": "INTEGER"},
                
                
                
				{"variable": "{$v_vni-0-4_LAN3_Unit-2__vlanId}", "group": "Vlan Info", "overlay": false, "type": "INTEGER"},
                
                
                
				{"variable": "{$v_vni-0-4_LAN4_Unit-3__vlanId}", "group": "Vlan Info", "overlay": false, "type": "INTEGER"},
                
                
                
				{"variable": "{$v_vni-0-4_LAN5_Unit-4__vlanId}", "group": "Vlan Info", "overlay": false, "type": "INTEGER"},
                
				{
					"variable": "{$v_IPC00190-Control-VR_90_Router_ID__vrRouteId}",
					"group": "Virtual Routers",
					"overlay": true,
					"type": "IPV4"
				}, {
					"variable": "{$v_IPC00190_NV-WC01-N6-SIN_Local_auth_email_key__IKELKey}",
					"group": "IPSEC",
					"overlay": false
				}, {
					"variable": "{$v_IPC00190_NV-WC02-N6-SIN_Local_auth_email_key__IKELKey}",
					"group": "IPSEC",
					"overlay": false
				},
			{
					"variable": "{$v_LAN1_IPv4__staticaddress}", "group": "Interfaces", "overlay": false, "type": "IPV4_MASK"
				},
            {
					"variable": "{$v_LAN2_IPv4__staticaddress}", "group": "Interfaces", "overlay": false, "type": "IPV4_MASK"
				},
            {
					"variable": "{$v_LAN3_IPv4__staticaddress}", "group": "Interfaces", "overlay": false, "type": "IPV4_MASK"
				},
            {
					"variable": "{$v_LAN4_IPv4__staticaddress}", "group": "Interfaces", "overlay": false, "type": "IPV4_MASK"
				},
            {
					"variable": "{$v_LAN5_IPv4__staticaddress}", "group": "Interfaces", "overlay": false, "type": "IPV4_MASK"
				},
            
				 {
					"variable": "{$v_IPC00190_NV-WC02-N6-SIN_Local_auth_email_identifier__IKELIdentifier}",
					"group": "IPSEC",
					"overlay": false
				}, {
					"variable": "{$v_Site_Id__siteSiteID}",
					"group": "SDWAN",
					"overlay": false
				}, {
					"variable": "{$v_IPC00190_NV-WC01-N6-SIN_Local_auth_email_identifier__IKELIdentifier}",
					"group": "IPSEC",
					"overlay": false
				}, {
					"variable": "{$v_IPC00190_Site_Name__sitesSiteName}",
					"group": "SDWAN",
					"overlay": false
				}, {
					"variable": "{$v_latitude__IdLatitude}",
					"group": "SDWAN",
					"overlay": false
				}, {
					"variable": "{$v_identification__IdName}",
					"group": "SDWAN",
					"overlay": false
				}, {
					"variable": "{$v_INT-WAN-Transport-VR_IPv4__vrHopAddress}",
					"group": "Virtual Routers",
					"overlay": false,
					"type": "IPV4_IPV6"
				}, {
					"variable": "{$v_tvi-0-180_-_Unit_0_Static_address__tunnelStaticAddress}",
					"group": "Interfaces",
					"overlay": true,
					"type": "IPV4_IPV6_MASK"
				}, {
					"variable": "{$v_Chassis_Id__sitesChassisId}",
					"group": "SDWAN",
					"overlay": false
				}, {
					"variable": "{$v_longitude__Idlongitude}",
					"group": "SDWAN",
					"overlay": false
				}, {
					"variable": "{$v_location__IdLocation}",
					"group": "SDWAN",
					"overlay": false
				}, {
					"variable": "{$v_IPC00190-Control-VR_90_Local_address__vrRouterAddress}",
					"group": "Virtual Routers",
					"overlay": true,
					"type": "IPV4"
				}, {
					"variable": "{$v_tvi-0-181_-_Unit_0_Static_address__tunnelStaticAddress}",
					"group": "Interfaces",
					"overlay": true,
					"type": "IPV4_IPV6_MASK"
				}]
			}
		}
	}
}
2020-03-31 14:45:32,650 - CPE27-SING-SINGLE-CPE-INTONLY-IPC00190 - DEBUG - <Response [200]>
2020-03-31 14:45:32,651 - CPE27-SING-SINGLE-CPE-INTONLY-IPC00190 - DEBUG - 
PASS
2020-03-31 14:45:32,651 - CPE27-SING-SINGLE-CPE-INTONLY-IPC00190 - INFO - >>>>>>>>>> DEVICE TEMPLATE CREATION PASSED. <<<<<<<<<<<
2020-03-31 14:45:42,842 - CPE27-SING-SINGLE-CPE-INTONLY-IPC00190 - DEBUG - {"TaskResponse":{"task-id":24195,"link":{"@rel":"GET","@href":"vnms/tasks/task/24195"}}}
2020-03-31 14:45:47,844 - CPE27-SING-SINGLE-CPE-INTONLY-IPC00190 - DEBUG - 24195
2020-03-31 14:45:48,052 - CPE27-SING-SINGLE-CPE-INTONLY-IPC00190 - DEBUG - {u'versa-tasks.task': {u'versa-tasks.user': u'Automated', u'versa-tasks.percentage-completion': 100, u'versa-tasks.progressmessages': {u'versa-tasks.progressmessage': [{u'versa-tasks.time': u'2020-03-31 09:17:08.452', u'versa-tasks.message': u'Creating device in hardware inventory [CPE27-SING-SINGLE-CPE-INTONLY-IPC00190]'}, {u'versa-tasks.time': u'2020-03-31 09:17:08.467', u'versa-tasks.message': u'Add device [CPE27-SING-SINGLE-CPE-INTONLY-IPC00190] to device group [IPC00190-SIN-NEW-PS-INT-DG]'}, {u'versa-tasks.time': u'2020-03-31 09:17:08.472', u'versa-tasks.message': u'Adding device [CPE27-SING-SINGLE-CPE-INTONLY-IPC00190] to template [ IPC00190-SIN-NEW-PS-INT ]'}, {u'versa-tasks.time': u'2020-03-31 09:17:08.491', u'versa-tasks.message': u'Binding device variables to template [ IPC00190-SIN-NEW-PS-INT ]'}, {u'versa-tasks.time': u'2020-03-31 09:17:08.68', u'versa-tasks.message': u'Adding post-staging configuration to controllers [NV-WC02-N6-SIN, NV-WC01-N6-SIN]'}, {u'versa-tasks.time': u'2020-03-31 09:17:09.58', u'versa-tasks.message': u'Successfully deployed device.'}]}, u'versa-tasks.object-name': u'Device Workflow', u'versa-tasks.task-status': u'COMPLETED', u'versa-tasks.task-description': u'Device workflow deployment: { CPE27-SING-SINGLE-CPE-INTONLY-IPC00190 }', u'versa-tasks.task-name': u'Deploy', u'versa-tasks.domain-name': u'PROVIDER', u'versa-tasks.id': 24195, u'versa-tasks.start-time': u'2020-03-31 09:17:07.484', u'versa-tasks.end-time': u'2020-03-31 09:17:09.58', u'versa-tasks.errormessages': u''}}
2020-03-31 14:45:48,052 - CPE27-SING-SINGLE-CPE-INTONLY-IPC00190 - DEBUG - 100
2020-03-31 14:45:48,052 - CPE27-SING-SINGLE-CPE-INTONLY-IPC00190 - INFO - Sleeping for 5 seconds
2020-03-31 14:45:53,243 - CPE27-SING-SINGLE-CPE-INTONLY-IPC00190 - DEBUG - {"versa-tasks.task":{"versa-tasks.id":24195,"versa-tasks.task-name":"Deploy","versa-tasks.object-name":"Device Workflow","versa-tasks.domain-name":"PROVIDER","versa-tasks.user":"Automated","versa-tasks.task-description":"Device workflow deployment: { CPE27-SING-SINGLE-CPE-INTONLY-IPC00190 }","versa-tasks.task-status":"COMPLETED","versa-tasks.percentage-completion":100,"versa-tasks.progressmessages":{"versa-tasks.progressmessage":[{"versa-tasks.message":"Creating device in hardware inventory [CPE27-SING-SINGLE-CPE-INTONLY-IPC00190]","versa-tasks.time":"2020-03-31 09:17:08.452"},{"versa-tasks.message":"Add device [CPE27-SING-SINGLE-CPE-INTONLY-IPC00190] to device group [IPC00190-SIN-NEW-PS-INT-DG]","versa-tasks.time":"2020-03-31 09:17:08.467"},{"versa-tasks.message":"Adding device [CPE27-SING-SINGLE-CPE-INTONLY-IPC00190] to template [ IPC00190-SIN-NEW-PS-INT ]","versa-tasks.time":"2020-03-31 09:17:08.472"},{"versa-tasks.message":"Binding device variables to template [ IPC00190-SIN-NEW-PS-INT ]","versa-tasks.time":"2020-03-31 09:17:08.491"},{"versa-tasks.message":"Adding post-staging configuration to controllers [NV-WC02-N6-SIN, NV-WC01-N6-SIN]","versa-tasks.time":"2020-03-31 09:17:08.68"},{"versa-tasks.message":"Successfully deployed device.","versa-tasks.time":"2020-03-31 09:17:09.58"}]},"versa-tasks.errormessages":"","versa-tasks.start-time":"2020-03-31 09:17:07.484","versa-tasks.end-time":"2020-03-31 09:17:09.58"}}
2020-03-31 14:45:53,243 - CPE27-SING-SINGLE-CPE-INTONLY-IPC00190 - INFO - >>>>>>>>>> Device deployed  <<<<<<<<<<<
2020-03-31 14:45:54,161 - CPE27-SING-SINGLE-CPE-INTONLY-IPC00190 - DEBUG - {u'versanms.sdwan-device-workflow': {u'postStagingTemplateInfo': {u'templateData': {u'device-template-variable': {u'variable-binding': {u'attrs': [{u'isAutogeneratable': True, u'isOverwritten': True, u'name': u'{$v_tvi-0-181_-_Unit_0_Static_address__tunnelStaticAddress}', u'value': u'20.20.90.27/32'}, {u'isAutogeneratable': False, u'name': u'{$v_vni-0-4_LAN1_Unit-0__vlanId}', u'value': 760}, {u'isAutogeneratable': False, u'name': u'{$v_INT-WAN_IPv4__staticaddress}', u'value': u'172.16.7.106/30'}, {u'isAutogeneratable': True, u'isOverwritten': False, u'name': u'{$v_IPC00190-Control-VR_90_Router_ID__vrRouteId}', u'value': u'10.90.80.200'}, {u'isAutogeneratable': True, u'name': u'{$v_IPC00190_NV-WC02-N6-SIN_Local_auth_email_key__IKELKey}', u'value': u'CPE27-SING-SINGLE-CPE-INTONLY-IPC00190'}, {u'isAutogeneratable': False, u'name': u'{$v_LAN2_IPv4__staticaddress}', u'value': u'192.170.12.1/24'}, {u'isAutogeneratable': True, u'name': u'{$v_IPC00190_NV-WC02-N6-SIN_Local_auth_email_identifier__IKELIdentifier}', u'value': u'CPE27-SING-SINGLE-CPE-INTONLY-IPC00190@colt.net'}, {u'isAutogeneratable': False, u'name': u'{$v_vni-0-4_LAN5_Unit-4__unit}', u'value': 764}, {u'isAutogeneratable': False, u'name': u'{$v_vni-0-4_LAN2_Unit-1__unit}', u'value': 761}, {u'isAutogeneratable': True, u'isOverwritten': True, u'name': u'{$v_tvi-0-180_-_Unit_0_Static_address__tunnelStaticAddress}', u'value': u'10.10.90.27/32'}, {u'isAutogeneratable': False, u'name': u'{$v_LAN4_IPv4__staticaddress}', u'value': u'192.170.14.1/24'}, {u'isAutogeneratable': False, u'name': u'{$v_vni-0-4_LAN2_Unit-1__vlanId}', u'value': 761}, {u'isAutogeneratable': True, u'name': u'{$v_IPC00190_Site_Name__sitesSiteName}', u'value': u'CPE27-SING-SINGLE-CPE-INTONLY-IPC00190'}, {u'isAutogeneratable': False, u'name': u'{$v_LAN1_IPv4__staticaddress}', u'value': u'192.170.11.1/24'}, {u'isAutogeneratable': False, u'name': u'{$v_LAN5_IPv4__staticaddress}', u'value': u'192.170.15.1/24'}, {u'isAutogeneratable': False, u'name': u'{$v_vni-0-4_LAN3_Unit-2__vlanId}', u'value': 762}, {u'isAutogeneratable': True, u'name': u'{$v_latitude__IdLatitude}', u'value': 12.971599}, {u'isAutogeneratable': True, u'name': u'{$v_identification__IdName}', u'value': u'CPE27-SING-SINGLE-CPE-INTONLY-IPC00190'}, {u'isAutogeneratable': False, u'name': u'{$v_vni-0-4_LAN4_Unit-3__vlanId}', u'value': 763}, {u'isAutogeneratable': False, u'name': u'{$v_INT-WAN-Transport-VR_IPv4__vrHopAddress}', u'value': u'172.16.7.105'}, {u'isAutogeneratable': False, u'name': u'{$v_LAN3_IPv4__staticaddress}', u'value': u'192.170.13.1/24'}, {u'isAutogeneratable': False, u'name': u'{$v_vni-0-4_LAN4_Unit-3__unit}', u'value': 763}, {u'isAutogeneratable': True, u'name': u'{$v_Chassis_Id__sitesChassisId}', u'value': u'CPE27MArch312'}, {u'isAutogeneratable': True, u'name': u'{$v_IPC00190_NV-WC01-N6-SIN_Local_auth_email_identifier__IKELIdentifier}', u'value': u'CPE27-SING-SINGLE-CPE-INTONLY-IPC00190@colt.net'}, {u'isAutogeneratable': True, u'name': u'{$v_longitude__Idlongitude}', u'value': 77.594563}, {u'isAutogeneratable': True, u'name': u'{$v_IPC00190_NV-WC01-N6-SIN_Local_auth_email_key__IKELKey}', u'value': u'CPE27-SING-SINGLE-CPE-INTONLY-IPC00190'}, {u'isAutogeneratable': True, u'name': u'{$v_location__IdLocation}', u'value': u'bangalore,karnataka, india'}, {u'isAutogeneratable': False, u'name': u'{$v_vni-0-4_LAN5_Unit-4__vlanId}', u'value': 764}, {u'isAutogeneratable': True, u'isOverwritten': True, u'name': u'{$v_IPC00190-Control-VR_90_Local_address__vrRouterAddress}', u'value': u'20.20.90.27'}, {u'isAutogeneratable': False, u'name': u'{$v_vni-0-4_LAN1_Unit-0__unit}', u'value': 760}, {u'isAutogeneratable': False, u'name': u'{$v_vni-0-4_LAN3_Unit-2__unit}', u'value': 762}, {u'isAutogeneratable': True, u'name': u'{$v_Site_Id__siteSiteID}', u'value': 4296}]}, u'template': u'IPC00190-SIN-NEW-PS-INT'}, u'variableMetadata': [{u'variable': u'{$v_tvi-0-181_-_Unit_0_Static_address__tunnelStaticAddress}', u'type': u'IPV4_IPV6_MASK', u'group': u'Interfaces', u'overlay': True}, {u'variable': u'{$v_vni-0-4_LAN1_Unit-0__vlanId}', u'type': u'INTEGER', u'group': u'Vlan Info', u'overlay': False}, {u'variable': u'{$v_INT-WAN_IPv4__staticaddress}', u'type': u'IPV4_MASK', u'group': u'Interfaces', u'overlay': False}, {u'variable': u'{$v_IPC00190-Control-VR_90_Router_ID__vrRouteId}', u'type': u'IPV4', u'group': u'Virtual routers', u'overlay': True}, {u'variable': u'{$v_IPC00190_NV-WC02-N6-SIN_Local_auth_email_key__IKELKey}', u'group': u'IPSEC', u'overlay': False}, {u'variable': u'{$v_LAN2_IPv4__staticaddress}', u'type': u'IPV4_MASK', u'group': u'Interfaces', u'overlay': False}, {u'variable': u'{$v_IPC00190_NV-WC02-N6-SIN_Local_auth_email_identifier__IKELIdentifier}', u'group': u'IPSEC', u'overlay': False}, {u'variable': u'{$v_vni-0-4_LAN5_Unit-4__unit}', u'type': u'INTEGER', u'group': u'Vlan Info', u'overlay': False}, {u'variable': u'{$v_vni-0-4_LAN2_Unit-1__unit}', u'type': u'INTEGER', u'group': u'Vlan Info', u'overlay': False}, {u'variable': u'{$v_tvi-0-180_-_Unit_0_Static_address__tunnelStaticAddress}', u'type': u'IPV4_IPV6_MASK', u'group': u'Interfaces', u'overlay': True}, {u'variable': u'{$v_LAN4_IPv4__staticaddress}', u'type': u'IPV4_MASK', u'group': u'Interfaces', u'overlay': False}, {u'variable': u'{$v_vni-0-4_LAN2_Unit-1__vlanId}', u'type': u'INTEGER', u'group': u'Vlan Info', u'overlay': False}, {u'variable': u'{$v_IPC00190_Site_Name__sitesSiteName}', u'group': u'SDWAN', u'overlay': False}, {u'variable': u'{$v_LAN1_IPv4__staticaddress}', u'type': u'IPV4_MASK', u'group': u'Interfaces', u'overlay': False}, {u'variable': u'{$v_LAN5_IPv4__staticaddress}', u'type': u'IPV4_MASK', u'group': u'Interfaces', u'overlay': False}, {u'variable': u'{$v_vni-0-4_LAN3_Unit-2__vlanId}', u'type': u'INTEGER', u'group': u'Vlan Info', u'overlay': False}, {u'variable': u'{$v_latitude__IdLatitude}', u'group': u'SDWAN', u'overlay': False}, {u'variable': u'{$v_identification__IdName}', u'group': u'SDWAN', u'overlay': False}, {u'variable': u'{$v_vni-0-4_LAN4_Unit-3__vlanId}', u'type': u'INTEGER', u'group': u'Vlan Info', u'overlay': False}, {u'variable': u'{$v_INT-WAN-Transport-VR_IPv4__vrHopAddress}', u'type': u'IPV4', u'group': u'Virtual routers', u'overlay': False}, {u'variable': u'{$v_LAN3_IPv4__staticaddress}', u'type': u'IPV4_MASK', u'group': u'Interfaces', u'overlay': False}, {u'variable': u'{$v_vni-0-4_LAN4_Unit-3__unit}', u'type': u'INTEGER', u'group': u'Vlan Info', u'overlay': False}, {u'variable': u'{$v_Chassis_Id__sitesChassisId}', u'group': u'SDWAN', u'overlay': False}, {u'variable': u'{$v_IPC00190_NV-WC01-N6-SIN_Local_auth_email_identifier__IKELIdentifier}', u'group': u'IPSEC', u'overlay': False}, {u'variable': u'{$v_longitude__Idlongitude}', u'group': u'SDWAN', u'overlay': False}, {u'variable': u'{$v_IPC00190_NV-WC01-N6-SIN_Local_auth_email_key__IKELKey}', u'group': u'IPSEC', u'overlay': False}, {u'variable': u'{$v_location__IdLocation}', u'group': u'SDWAN', u'overlay': False}, {u'variable': u'{$v_vni-0-4_LAN5_Unit-4__vlanId}', u'type': u'INTEGER', u'group': u'Vlan Info', u'overlay': False}, {u'variable': u'{$v_IPC00190-Control-VR_90_Local_address__vrRouterAddress}', u'type': u'IPV4', u'group': u'Virtual routers', u'overlay': True}, {u'variable': u'{$v_vni-0-4_LAN1_Unit-0__unit}', u'type': u'INTEGER', u'group': u'Vlan Info', u'overlay': False}, {u'variable': u'{$v_vni-0-4_LAN3_Unit-2__unit}', u'type': u'INTEGER', u'group': u'Vlan Info', u'overlay': False}, {u'variable': u'{$v_Site_Id__siteSiteID}', u'group': u'SDWAN', u'overlay': False}]}, u'templateName': u'IPC00190-SIN-NEW-PS-INT'}, u'deviceName': u'CPE27-SING-SINGLE-CPE-INTONLY-IPC00190', u'workflowStatus': u'Deployed', u'deviceGroup': u'IPC00190-SIN-NEW-PS-INT-DG', u'orgName': u'IPC00190', u'serialNumber': u'CPE27MArch312', u'locationInfo': {u'latitude': 12.971599, u'country': u'india', u'state': u'karnataka', u'longitude': 77.594563, u'city': u'bangalore'}, u'bandwidth': 0, u'lastUpdatedBy': u'Automated', u'siteId': 4296, u'instanceInfo': u'', u'stagingTemplateInfo': u'', u'lastModifiedTime': u'2020-03-31T09:17:09.465000+00:00', u'urlztpBasedInfo': {u'authType': u'psk', u'enableIpv4Dhcp': False, u'branchKey': u'e2YIZ0qv8FkpLFNK', u'branchId': u'CPE27-SING-SINGLE-CPE-INTONLY-IPC00190@IPC00190.com', u'enableIpv6': False, u'enableIpv4': False, u'enableIpv6Dhcp': False}}}
2020-03-31 14:46:03,928 - CPE27-SING-SINGLE-CPE-INTONLY-IPC00190 - DEBUG - <netmiko.versa.versa_ssh.VersaSSH object at 0x000000000D979320>
2020-03-31 14:46:09,131 - CPE27-SING-SINGLE-CPE-INTONLY-IPC00190 - DEBUG - versa: Automated@VDir-BLR-NEW-01>
2020-03-31 14:46:09,283 - CPE27-SING-SINGLE-CPE-INTONLY-IPC00190 - DEBUG - configure private
Entering configuration mode private
[ok][2020-03-31 09:17:33]

[edit]
Automated@VDir-BLR-NEW-01% 
2020-03-31 14:46:09,303 - CPE27-SING-SINGLE-CPE-INTONLY-IPC00190 - DEBUG - True
2020-03-31 14:46:10,105 - CPE27-SING-SINGLE-CPE-INTONLY-IPC00190 - DEBUG - set devices device NV-WC01-N6-SIN config orgs org-services Colt ipsec vpn-profile INT-WAN-NV-WC01-N6-SIN-StagingIpsec psk-auth-clients remote-client IPC00190-CPE27-SING-SINGLE-CPE-INTONLY-IPC00190@colt.net id-type  email
[ok][2020-03-31 09:17:34]

[edit]
Automated@VDir-BLR-NEW-01% 
2020-03-31 14:46:10,908 - CPE27-SING-SINGLE-CPE-INTONLY-IPC00190 - DEBUG - set devices device NV-WC01-N6-SIN config orgs org-services Colt ipsec vpn-profile INT-WAN-NV-WC01-N6-SIN-StagingIpsec psk-auth-clients remote-client IPC00190-CPE27-SING-SINGLE-CPE-INTONLY-IPC00190@colt.net key CPE27-SING-SINGLE-CPE-INTONLY-IPC00190
[ok][2020-03-31 09:17:35]

[edit]
Automated@VDir-BLR-NEW-01% 
2020-03-31 14:46:11,510 - CPE27-SING-SINGLE-CPE-INTONLY-IPC00190 - DEBUG - commit and-quit
Commit complete.
[ok][2020-03-31 09:17:36]
Automated@VDir-BLR-NEW-01> 
2020-03-31 14:46:11,510 - CPE27-SING-SINGLE-CPE-INTONLY-IPC00190 - INFO - >>>>>>>>>> Staging profile config done  <<<<<<<<<<<
2020-03-31 14:46:11,628 - CPE27-SING-SINGLE-CPE-INTONLY-IPC00190 - DEBUG - <netmiko.versa.versa_ssh.VersaSSH object at 0x000000000D979320> connection closed
2020-03-31 14:46:11,628 - CPE27-SING-SINGLE-CPE-INTONLY-IPC00190 - INFO - 
STEP :ONBOARD CALL
2020-03-31 14:46:11,640 - CPE27-SING-SINGLE-CPE-INTONLY-IPC00190 - DEBUG - 
sudo /opt/versa/scripts/staging.py -w 2 -c 10.83.77.10 -s 172.16.6.106/30 -g 172.16.6.105 -l IPC00190-CPE27-SING-SINGLE-CPE-INTONLY-IPC00190@colt.net -lk CPE27-SING-SINGLE-CPE-INTONLY-IPC00190  -r NV-WC01-N6-SIN@colt.net -rk 1234

2020-03-31 14:46:15,667 - CPE27-SING-SINGLE-CPE-INTONLY-IPC00190 - DEBUG - <netmiko.linux.linux_ssh.LinuxSSH object at 0x000000000D979358>
2020-03-31 14:46:16,066 - CPE27-SING-SINGLE-CPE-INTONLY-IPC00190 - DEBUG - [sudo] password for admin: 
2020-03-31 14:46:16,469 - CPE27-SING-SINGLE-CPE-INTONLY-IPC00190 - DEBUG - E27-HKG2-D-MPLS-SS-72: ~] # 
2020-03-31 14:46:16,871 - CPE27-SING-SINGLE-CPE-INTONLY-IPC00190 - DEBUG - exit
2020-03-31 14:46:17,072 - CPE27-SING-SINGLE-CPE-INTONLY-IPC00190 - DEBUG - linux: [admin@CPE27-HKG2-D-MPLS-SS-72: ~] #
2020-03-31 14:46:17,476 - CPE27-SING-SINGLE-CPE-INTONLY-IPC00190 - DEBUG - vsh allow-cli
Enter password: 
2020-03-31 14:46:17,878 - CPE27-SING-SINGLE-CPE-INTONLY-IPC00190 - DEBUG - 

CLI now allowed
[admin@CPE27-HKG2-D-MPLS-SS-72: ~] # 
2020-03-31 14:46:18,279 - CPE27-SING-SINGLE-CPE-INTONLY-IPC00190 - DEBUG - cli
Access to this network/system is limited to users authorised by Colt for its legitimate business purposes. Unauthorised access, use, installation of files or modification of any data is prohibited. Use of this system/network will be audited

             .---.,
            (      ``.
       _     \        )    __      ________ _____   _____
      (  `.   \      /     \ \    / /  ____|  __ \ / ____|  /\
       \    `. )    /       \ \  / /| |__  | |__) | (___   /  \
        \     |    /         \ \/ / |  __| |  _  / \___ \ / /\ \
         \    |   /           \  /  | |____| | \ \ ____) / ____ \
          \   |  /             \/   |______|_|  \_\_____/_/    \_\
           \  | /
            \_|/                   _  _ ___ _______      _____  ___ _  _____
                                  | \| | __|_   _\ \    / / _ \| _ \ |/ / __|
                                  | .` | _|  | |  \ \/\/ / (_) |   / ' <\__ \
                                  |_|\_|___| |_|   \_/\_/ \___/|_|_\_|\_\___/



admin connected from 10.91.194.53 using ssh on CPE27-HKG2-D-MPLS-SS-72
[?7hadmin@CPE27-HKG2-D-MPLS-SS-72-cli> 
2020-03-31 14:46:18,681 - CPE27-SING-SINGLE-CPE-INTONLY-IPC00190 - DEBUG - request erase running-config
Will delete the running config and restart Versa
Services. Are you sure? [no,yes] 
2020-03-31 14:46:27,905 - CPE27-SING-SINGLE-CPE-INTONLY-IPC00190 - DEBUG - yes
status  Erasing config and restarting services 
[ok][2020-03-31 09:16:55]
admin@CPE27-HKG2-D-MPLS-SS-72-cli> 
System message at 2020-03-31 09:16:58...
    Subsystem stopped: eventd
admin@CPE27-HKG2-D-MPLS-SS-72-cli> 
System message at 2020-03-31 09:16:58...
    Subsystem stopped: acctmgrd
admin@CPE27-HKG2-D-MPLS-SS-72-cli> 
System message at 2020-03-31 09:16:58...
    Subsystem stopped: rtd-mgmt-thread

System message at 2020-03-31 09:16:58...
    Subsystem stopped: infmgr
admin@CPE27-HKG2-D-MPLS-SS-72-cli> admin@CPE27-HKG2-D-MPLS-SS-72-cli> 
System message at 2020-03-31 09:16:58...
    Subsystem stopped: router-dcl
admin@CPE27-HKG2-D-MPLS-SS-72-cli> 
System message at 2020-03-31 09:16:58...
    Subsystem stopped: snmp-config-transform

System message at 2020-03-31 09:16:58...
    Subsystem stopped: snmp-config-hook
admin@CPE27-HKG2-D-MPLS-SS-72-cli> admin@CPE27-HKG2-D-MPLS-SS-72-cli> 
System message at 2020-03-31 09:17:03...
    Subsystem stopped: versa-vmod
admin@CPE27-HKG2-D-MPLS-SS-72-cli> [admin@CPE27-HKG2-D-MPLS-SS-72: ~] # 
2020-03-31 14:46:28,507 - CPE27-SING-SINGLE-CPE-INTONLY-IPC00190 - DEBUG - process not up. Please wait for it to come up
2020-03-31 14:46:29,109 - CPE27-SING-SINGLE-CPE-INTONLY-IPC00190 - DEBUG - vsh status

~~~~~~~~~~~~~~~~~~~~~~~~~~~~~~~~~~~~~~~~~~~~~~~~~~~~~~~~~~~~~~~~~

The product evaluation period has expired.
 Please contact Versa Support (support@versa-networks.com) 

~~~~~~~~~~~~~~~~~~~~~~~~~~~~~~~~~~~~~~~~~~~~~~~~~~~~~~~~~~~~~~~~~

versa-service          is Stopped           
versa-infmgr           is Stopped           
versa-rfd              is Stopped           
versa-vmod             is Stopped           
versa-ip2user          is Stopped           
versa-imgr             is Stopped           
versa-acctmgrd         is Stopped           
versa-fltrmgr          is Stopped           
versa-vstated          is Stopped           
versa-spack            is Stopped           
versa-addrmgrd         is Stopped           
versa-rt-cli-xfm       is Stopped           
versa-rtd              is Stopped           
versa-dhcpd            is Stopped           
versa-eventd           is Stopped           
versa-vrrpd            is Stopped           
versa-dnsd             is Stopped           
versa-ppmd             is Stopped           
versa-snmp-xform       is Stopped           
versa-certd            is Stopped           
versa-ntpd             is Stopped           
versa-dhclient6        is Stopped           
versa-redis            is Stopped           
versa-av-redis         is Stopped           
versa-spackmgr         is Stopped           
versa-devmgr           is Stopped           
versa-monit            is Stopped           
versa-confd            is Running,          [-] process 1568
versa-fail2ban         is Stopped           
versa-auditd           is Stopped           
versa-nodejs           is Stopped           
[admin@CPE27-HKG2-D-MPLS-SS-72: ~] # 
2020-03-31 14:46:39,111 - CPE27-SING-SINGLE-CPE-INTONLY-IPC00190 - DEBUG - process not up. Please wait for it to come up
2020-03-31 14:46:39,713 - CPE27-SING-SINGLE-CPE-INTONLY-IPC00190 - DEBUG - vsh status

~~~~~~~~~~~~~~~~~~~~~~~~~~~~~~~~~~~~~~~~~~~~~~~~~~~~~~~~~~~~~~~~~

The product evaluation period has expired.
 Please contact Versa Support (support@versa-networks.com) 

~~~~~~~~~~~~~~~~~~~~~~~~~~~~~~~~~~~~~~~~~~~~~~~~~~~~~~~~~~~~~~~~~

versa-service          is Stopped           
versa-infmgr           is Stopped           
versa-rfd              is Stopped           
versa-vmod             is Stopped           
versa-ip2user          is Stopped           
versa-imgr             is Stopped           
versa-acctmgrd         is Stopped           
versa-fltrmgr          is Stopped           
versa-vstated          is Stopped           
versa-spack            is Stopped           
versa-addrmgrd         is Stopped           
versa-rt-cli-xfm       is Stopped           
versa-rtd              is Stopped           
versa-dhcpd            is Stopped           
versa-eventd           is Stopped           
versa-vrrpd            is Stopped           
versa-dnsd             is Stopped           
versa-ppmd             is Stopped           
versa-snmp-xform       is Stopped           
versa-certd            is Stopped           
versa-ntpd             is Stopped           
versa-dhclient6        is Stopped           
versa-redis            is Stopped           
versa-av-redis         is Stopped           
versa-spackmgr         is Stopped           
versa-devmgr           is Stopped           
versa-monit            is Stopped           
versa-confd            is Stopped           
versa-fail2ban         is Stopped           
versa-auditd           is Running,          [*] process 31206
versa-nodejs           is Stopped           
[admin@CPE27-HKG2-D-MPLS-SS-72: ~] # 
2020-03-31 14:46:49,714 - CPE27-SING-SINGLE-CPE-INTONLY-IPC00190 - DEBUG - process not up. Please wait for it to come up
2020-03-31 14:46:51,119 - CPE27-SING-SINGLE-CPE-INTONLY-IPC00190 - DEBUG - vsh status

~~~~~~~~~~~~~~~~~~~~~~~~~~~~~~~~~~~~~~~~~~~~~~~~~~~~~~~~~~~~~~~~~

The product evaluation period has expired.
 Please contact Versa Support (support@versa-networks.com) 

~~~~~~~~~~~~~~~~~~~~~~~~~~~~~~~~~~~~~~~~~~~~~~~~~~~~~~~~~~~~~~~~~


~~~~~~~~~~~~~~~~~~~~~~~~~~~~~~~~~~~~~~~~~~~~~~~~~~~~~~~~~~~~~~~~~

Netconf traffic yet to be allowed 

~~~~~~~~~~~~~~~~~~~~~~~~~~~~~~~~~~~~~~~~~~~~~~~~~~~~~~~~~~~~~~~~~

versa-service          is Running,          [*] process 32059
versa-infmgr           is Running,          [-] process 31904
versa-rfd              is Stopped           
versa-vmod             is Stopped           
versa-ip2user          is Stopped           
versa-imgr             is Stopped           
versa-acctmgrd         is Stopped           
versa-fltrmgr          is Running,          [-] process 31915
versa-vstated          is Running,          [-] process 31905
versa-spack            is Stopped           
versa-addrmgrd         is Stopped           
versa-rt-cli-xfm       is Stopped           
versa-rtd              is Stopped           
versa-dhcpd            is Running,          [-] process 31907
versa-eventd           is Stopped           
versa-vrrpd            is Running,          [-] process 31903
versa-dnsd             is Running,          [-] process 31910
versa-ppmd             is Stopped           
versa-snmp-xform       is Stopped           
versa-certd            is Stopped           
versa-ntpd             is Running,          [*] process 31893
versa-dhclient6        is Stopped           
versa-redis            is Running,          [-] process 31666
versa-av-redis         is Running,          [-] process 31668
versa-spackmgr         is Stopped           
versa-devmgr           is Stopped           
versa-monit            is Stopped           
versa-confd            is Running,          [*] process 31629
versa-fail2ban         is Stopped           
versa-auditd           is Running,          [*] process 31206
versa-nodejs           is Stopped           
[admin@CPE27-HKG2-D-MPLS-SS-72: ~] # 
2020-03-31 14:47:01,121 - CPE27-SING-SINGLE-CPE-INTONLY-IPC00190 - DEBUG - process not up. Please wait for it to come up
2020-03-31 14:47:03,125 - CPE27-SING-SINGLE-CPE-INTONLY-IPC00190 - DEBUG - vsh status

~~~~~~~~~~~~~~~~~~~~~~~~~~~~~~~~~~~~~~~~~~~~~~~~~~~~~~~~~~~~~~~~~

The product evaluation period has expired.
 Please contact Versa Support (support@versa-networks.com) 

~~~~~~~~~~~~~~~~~~~~~~~~~~~~~~~~~~~~~~~~~~~~~~~~~~~~~~~~~~~~~~~~~


~~~~~~~~~~~~~~~~~~~~~~~~~~~~~~~~~~~~~~~~~~~~~~~~~~~~~~~~~~~~~~~~~

Netconf traffic yet to be allowed 

~~~~~~~~~~~~~~~~~~~~~~~~~~~~~~~~~~~~~~~~~~~~~~~~~~~~~~~~~~~~~~~~~

versa-service          is Running,          [*] process 32059
versa-infmgr           is Running,          [-] process 31904
versa-rfd              is Running,          [-] process 32424
versa-vmod             is Running,          [-] process 32421
versa-ip2user          is Running,          [-] process 32429
versa-imgr             is Running,          [-] process 32431
versa-acctmgrd         is Running,          [-] process 32416
versa-fltrmgr          is Running,          [-] process 31915
versa-vstated          is Running,          [-] process 31905
versa-spack            is Running,          [-] process 32698
versa-addrmgrd         is Running,          [-] process 32439
versa-rt-cli-xfm       is Running,          [-] process 32379
versa-rtd              is Running,          [-] process 32409
versa-dhcpd            is Running,          [-] process 31907
versa-eventd           is Running,          [-] process 32418
versa-vrrpd            is Running,          [-] process 31903
versa-dnsd             is Running,          [-] process 31910
versa-ppmd             is Running,          [-] process 32372
versa-snmp-xform       is Running,          [-] process 32389
versa-certd            is Running,          [-] process 32434
versa-ntpd             is Running,          [*] process 31893
versa-dhclient6        is Running,          [-] process 32391
versa-redis            is Running,          [-] process 31666
versa-av-redis         is Running,          [-] process 31668
versa-spackmgr         is Running,          [-] process 32412
versa-devmgr           is Running,          [-] process 32539
versa-monit            is Running,          [*] process 32578
versa-confd            is Running,          [*] process 861
versa-fail2ban         is Running,          [*] process 32608
versa-auditd           is Running,          [*] process 31206
versa-nodejs           is Running,          [-] process 32351
[admin@CPE27-HKG2-D-MPLS-SS-72: ~] # 
2020-03-31 14:47:13,125 - CPE27-SING-SINGLE-CPE-INTONLY-IPC00190 - DEBUG - process not up. Please wait for it to come up
2020-03-31 14:47:14,730 - CPE27-SING-SINGLE-CPE-INTONLY-IPC00190 - DEBUG - vsh status

~~~~~~~~~~~~~~~~~~~~~~~~~~~~~~~~~~~~~~~~~~~~~~~~~~~~~~~~~~~~~~~~~

The product evaluation period has expired.
 Please contact Versa Support (support@versa-networks.com) 

~~~~~~~~~~~~~~~~~~~~~~~~~~~~~~~~~~~~~~~~~~~~~~~~~~~~~~~~~~~~~~~~~

versa-service          is Running,          [*] process 32059
versa-infmgr           is Running,          [-] process 31904
versa-rfd              is Running,          [-] process 32424
versa-vmod             is Running,          [-] process 32421
versa-ip2user          is Running,          [-] process 32429
versa-imgr             is Running,          [-] process 32431
versa-acctmgrd         is Running,          [-] process 32416
versa-fltrmgr          is Running,          [-] process 31915
versa-vstated          is Running,          [-] process 31905
versa-spack            is Running,          [-] process 32698
versa-addrmgrd         is Running,          [-] process 32439
versa-rt-cli-xfm       is Running,          [-] process 32379
versa-rtd              is Running,          [-] process 32409
versa-dhcpd            is Running,          [-] process 31907
versa-eventd           is Running,          [-] process 32418
versa-vrrpd            is Running,          [-] process 31903
versa-dnsd             is Running,          [-] process 31910
versa-ppmd             is Running,          [-] process 32372
versa-snmp-xform       is Running,          [-] process 32389
versa-certd            is Running,          [-] process 32434
versa-ntpd             is Running,          [*] process 31893
versa-dhclient6        is Running,          [-] process 32391
versa-redis            is Running,          [-] process 992
versa-av-redis         is Running,          [-] process 31668
versa-spackmgr         is Running,          [-] process 32412
versa-devmgr           is Running,          [-] process 32539
versa-monit            is Running,          [*] process 32578
versa-confd            is Running,          [*] process 31629
versa-fail2ban         is Running,          [*] process 32608
versa-auditd           is Running,          [*] process 31206
versa-nodejs           is Running,          [-] process 32351
[admin@CPE27-HKG2-D-MPLS-SS-72: ~] # 
2020-03-31 14:47:24,730 - CPE27-SING-SINGLE-CPE-INTONLY-IPC00190 - DEBUG - After breaking while
2020-03-31 14:47:26,335 - CPE27-SING-SINGLE-CPE-INTONLY-IPC00190 - DEBUG - 
~~~~~~~~~~~~~~~~~~~~~~~~~~~~~~~~~~~~~~~~~~~~~~~~~~~~~~~~~~~~~~~~~

The product evaluation period has expired.
 Please contact Versa Support (support@versa-networks.com) 

~~~~~~~~~~~~~~~~~~~~~~~~~~~~~~~~~~~~~~~~~~~~~~~~~~~~~~~~~~~~~~~~~

versa-service          is Running,          [*] process 32059
versa-infmgr           is Running,          [-] process 31904
versa-rfd              is Running,          [-] process 32424
versa-vmod             is Running,          [-] process 32421
versa-ip2user          is Running,          [-] process 32429
versa-imgr             is Running,          [-] process 32431
versa-acctmgrd         is Running,          [-] process 32416
versa-fltrmgr          is Running,          [-] process 31915
versa-vstated          is Running,          [-] process 31905
versa-spack            is Running,          [-] process 32698
versa-addrmgrd         is Running,          [-] process 32439
versa-rt-cli-xfm       is Running,          [-] process 32379
versa-rtd              is Running,          [-] process 32409
versa-dhcpd            is Running,          [-] process 31907
versa-eventd           is Running,          [-] process 32418
versa-vrrpd            is Running,          [-] process 31903
versa-dnsd             is Running,          [-] process 31910
versa-ppmd             is Running,          [-] process 32372
versa-snmp-xform       is Running,          [-] process 32389
versa-certd            is Running,          [-] process 32434
versa-ntpd             is Running,          [*] process 31893
versa-dhclient6        is Running,          [-] process 32391
versa-redis            is Running,          [-] process 992
versa-av-redis         is Running,          [-] process 31668
versa-spackmgr         is Running,          [-] process 32412
versa-devmgr           is Running,          [-] process 32539
versa-monit            is Running,          [*] process 32578
versa-confd            is Running,          [*] process 31629
versa-fail2ban         is Running,          [*] process 32608
versa-auditd           is Running,          [*] process 31206
versa-nodejs           is Running,          [-] process 32351
2020-03-31 14:47:26,737 - CPE27-SING-SINGLE-CPE-INTONLY-IPC00190 - DEBUG - CPE27ESAB9222
2020-03-31 14:47:27,138 - CPE27-SING-SINGLE-CPE-INTONLY-IPC00190 - DEBUG - CPE27MArch312
2020-03-31 14:47:27,540 - CPE27-SING-SINGLE-CPE-INTONLY-IPC00190 - DEBUG - CPE27MArch312
2020-03-31 14:47:27,943 - CPE27-SING-SINGLE-CPE-INTONLY-IPC00190 - DEBUG - 190  -r NV-WC0 
1-N6-SIN@colt.net -rk 1234

2020-03-31 14:47:48,963 - CPE27-SING-SINGLE-CPE-INTONLY-IPC00190 - INFO - checking device info in VD.
2020-03-31 14:47:48,963 - CPE27-SING-SINGLE-CPE-INTONLY-IPC00190 - INFO - sleeping 60 secs
2020-03-31 14:48:50,180 - CPE27-SING-SINGLE-CPE-INTONLY-IPC00190 - INFO - checking device info in VD.
2020-03-31 14:48:50,181 - CPE27-SING-SINGLE-CPE-INTONLY-IPC00190 - INFO - sleeping 60 secs
2020-03-31 14:49:51,236 - CPE27-SING-SINGLE-CPE-INTONLY-IPC00190 - INFO - checking device info in VD.
2020-03-31 14:49:51,236 - CPE27-SING-SINGLE-CPE-INTONLY-IPC00190 - INFO - sleeping 60 secs
2020-03-31 14:50:52,236 - CPE27-SING-SINGLE-CPE-INTONLY-IPC00190 - INFO - checking device info in VD.
2020-03-31 14:50:52,236 - CPE27-SING-SINGLE-CPE-INTONLY-IPC00190 - INFO - sleeping 60 secs
2020-03-31 14:51:53,290 - CPE27-SING-SINGLE-CPE-INTONLY-IPC00190 - INFO - checking device info in VD.
2020-03-31 14:51:53,290 - CPE27-SING-SINGLE-CPE-INTONLY-IPC00190 - INFO - sleeping 60 secs
2020-03-31 14:52:54,296 - CPE27-SING-SINGLE-CPE-INTONLY-IPC00190 - INFO - checking device info in VD.
2020-03-31 14:52:54,296 - CPE27-SING-SINGLE-CPE-INTONLY-IPC00190 - INFO - sleeping 60 secs
2020-03-31 14:53:55,385 - CPE27-SING-SINGLE-CPE-INTONLY-IPC00190 - INFO - checking device info in VD.
2020-03-31 14:53:55,387 - CPE27-SING-SINGLE-CPE-INTONLY-IPC00190 - INFO - sleeping 60 secs
2020-03-31 14:54:56,380 - CPE27-SING-SINGLE-CPE-INTONLY-IPC00190 - INFO - checking device info in VD.
2020-03-31 14:54:56,380 - CPE27-SING-SINGLE-CPE-INTONLY-IPC00190 - INFO - sleeping 60 secs
2020-03-31 14:55:57,391 - CPE27-SING-SINGLE-CPE-INTONLY-IPC00190 - INFO - checking device info in VD.
2020-03-31 14:55:57,391 - CPE27-SING-SINGLE-CPE-INTONLY-IPC00190 - INFO - sleeping 60 secs
2020-03-31 14:56:58,430 - CPE27-SING-SINGLE-CPE-INTONLY-IPC00190 - INFO - checking device info in VD.
2020-03-31 14:56:58,430 - CPE27-SING-SINGLE-CPE-INTONLY-IPC00190 - INFO - sleeping 60 secs
2020-03-31 14:58:00,444 - CPE27-SING-SINGLE-CPE-INTONLY-IPC00190 - INFO - checking device info in VD.
2020-03-31 14:58:00,444 - CPE27-SING-SINGLE-CPE-INTONLY-IPC00190 - INFO - sleeping 60 secs
2020-03-31 14:59:01,578 - CPE27-SING-SINGLE-CPE-INTONLY-IPC00190 - INFO - checking device info in VD.
2020-03-31 14:59:01,578 - CPE27-SING-SINGLE-CPE-INTONLY-IPC00190 - INFO - sleeping 60 secs
2020-03-31 15:00:02,625 - CPE27-SING-SINGLE-CPE-INTONLY-IPC00190 - INFO - checking device info in VD.
2020-03-31 15:00:02,627 - CPE27-SING-SINGLE-CPE-INTONLY-IPC00190 - INFO - sleeping 60 secs
2020-03-31 15:01:03,743 - CPE27-SING-SINGLE-CPE-INTONLY-IPC00190 - INFO - checking device info in VD.
2020-03-31 15:01:03,743 - CPE27-SING-SINGLE-CPE-INTONLY-IPC00190 - INFO - sleeping 60 secs
2020-03-31 15:02:04,826 - CPE27-SING-SINGLE-CPE-INTONLY-IPC00190 - INFO - checking device info in VD.
2020-03-31 15:02:04,826 - CPE27-SING-SINGLE-CPE-INTONLY-IPC00190 - INFO - sleeping 60 secs
2020-03-31 15:03:06,493 - CPE27-SING-SINGLE-CPE-INTONLY-IPC00190 - INFO - checking device info in VD.
2020-03-31 15:03:06,493 - CPE27-SING-SINGLE-CPE-INTONLY-IPC00190 - INFO - sleeping 60 secs
2020-03-31 15:04:07,825 - CPE27-SING-SINGLE-CPE-INTONLY-IPC00190 - INFO - checking device info in VD.
2020-03-31 15:04:07,825 - CPE27-SING-SINGLE-CPE-INTONLY-IPC00190 - INFO - sleeping 60 secs
2020-03-31 15:05:09,029 - CPE27-SING-SINGLE-CPE-INTONLY-IPC00190 - INFO - checking device info in VD.
2020-03-31 15:05:09,029 - CPE27-SING-SINGLE-CPE-INTONLY-IPC00190 - INFO - sleeping 60 secs
2020-03-31 15:06:10,486 - CPE27-SING-SINGLE-CPE-INTONLY-IPC00190 - INFO - checking device info in VD.
2020-03-31 15:06:10,486 - CPE27-SING-SINGLE-CPE-INTONLY-IPC00190 - INFO - sleeping 60 secs
2020-03-31 15:07:11,642 - CPE27-SING-SINGLE-CPE-INTONLY-IPC00190 - INFO - checking device info in VD.
2020-03-31 15:07:11,642 - CPE27-SING-SINGLE-CPE-INTONLY-IPC00190 - INFO - sleeping 60 secs
2020-03-31 15:08:14,029 - CPE27-SING-SINGLE-CPE-INTONLY-IPC00190 - INFO - checking device info in VD.
2020-03-31 15:08:14,029 - CPE27-SING-SINGLE-CPE-INTONLY-IPC00190 - INFO - sleeping 60 secs
2020-03-31 15:09:15,170 - CPE27-SING-SINGLE-CPE-INTONLY-IPC00190 - INFO - checking device info in VD.
2020-03-31 15:09:15,170 - CPE27-SING-SINGLE-CPE-INTONLY-IPC00190 - INFO - sleeping 60 secs
2020-03-31 15:10:16,385 - CPE27-SING-SINGLE-CPE-INTONLY-IPC00190 - INFO - checking device info in VD.
2020-03-31 15:10:16,387 - CPE27-SING-SINGLE-CPE-INTONLY-IPC00190 - INFO - sleeping 60 secs
2020-03-31 15:11:17,638 - CPE27-SING-SINGLE-CPE-INTONLY-IPC00190 - INFO - checking device info in VD.
2020-03-31 15:11:17,640 - CPE27-SING-SINGLE-CPE-INTONLY-IPC00190 - INFO - sleeping 60 secs
2020-03-31 15:12:18,992 - CPE27-SING-SINGLE-CPE-INTONLY-IPC00190 - INFO - checking device info in VD.
2020-03-31 15:12:18,992 - CPE27-SING-SINGLE-CPE-INTONLY-IPC00190 - INFO - sleeping 60 secs
2020-03-31 15:13:20,115 - CPE27-SING-SINGLE-CPE-INTONLY-IPC00190 - INFO - checking device info in VD.
2020-03-31 15:13:20,117 - CPE27-SING-SINGLE-CPE-INTONLY-IPC00190 - INFO - sleeping 60 secs
2020-03-31 15:14:21,171 - CPE27-SING-SINGLE-CPE-INTONLY-IPC00190 - INFO - checking device info in VD.
2020-03-31 15:14:21,171 - CPE27-SING-SINGLE-CPE-INTONLY-IPC00190 - INFO - sleeping 60 secs
2020-03-31 15:15:22,158 - CPE27-SING-SINGLE-CPE-INTONLY-IPC00190 - INFO - checking device info in VD.
2020-03-31 15:15:22,158 - CPE27-SING-SINGLE-CPE-INTONLY-IPC00190 - INFO - sleeping 60 secs
2020-03-31 15:16:23,292 - CPE27-SING-SINGLE-CPE-INTONLY-IPC00190 - INFO - checking device info in VD.
2020-03-31 15:16:23,292 - CPE27-SING-SINGLE-CPE-INTONLY-IPC00190 - INFO - sleeping 60 secs
2020-03-31 15:17:24,446 - CPE27-SING-SINGLE-CPE-INTONLY-IPC00190 - INFO - checking device info in VD.
2020-03-31 15:17:24,446 - CPE27-SING-SINGLE-CPE-INTONLY-IPC00190 - INFO - sleeping 60 secs
2020-03-31 15:18:25,615 - CPE27-SING-SINGLE-CPE-INTONLY-IPC00190 - INFO - checking device info in VD.
2020-03-31 15:18:25,615 - CPE27-SING-SINGLE-CPE-INTONLY-IPC00190 - INFO - sleeping 60 secs
2020-03-31 15:19:26,690 - CPE27-SING-SINGLE-CPE-INTONLY-IPC00190 - INFO - checking device info in VD.
2020-03-31 15:19:26,690 - CPE27-SING-SINGLE-CPE-INTONLY-IPC00190 - INFO - sleeping 60 secs
2020-03-31 15:20:27,736 - CPE27-SING-SINGLE-CPE-INTONLY-IPC00190 - INFO - checking device info in VD.
2020-03-31 15:20:27,736 - CPE27-SING-SINGLE-CPE-INTONLY-IPC00190 - INFO - sleeping 60 secs
2020-03-31 15:21:28,739 - CPE27-SING-SINGLE-CPE-INTONLY-IPC00190 - INFO - checking device info in VD.
2020-03-31 15:21:28,740 - CPE27-SING-SINGLE-CPE-INTONLY-IPC00190 - INFO - sleeping 60 secs
2020-03-31 15:22:29,868 - CPE27-SING-SINGLE-CPE-INTONLY-IPC00190 - INFO - checking device info in VD.
2020-03-31 15:22:29,868 - CPE27-SING-SINGLE-CPE-INTONLY-IPC00190 - INFO - sleeping 60 secs
2020-03-31 15:23:30,894 - CPE27-SING-SINGLE-CPE-INTONLY-IPC00190 - INFO - checking device info in VD.
2020-03-31 15:23:30,894 - CPE27-SING-SINGLE-CPE-INTONLY-IPC00190 - INFO - sleeping 60 secs
2020-03-31 15:24:31,846 - CPE27-SING-SINGLE-CPE-INTONLY-IPC00190 - INFO - checking device info in VD.
2020-03-31 15:24:31,846 - CPE27-SING-SINGLE-CPE-INTONLY-IPC00190 - INFO - sleeping 60 secs
2020-03-31 15:25:33,025 - CPE27-SING-SINGLE-CPE-INTONLY-IPC00190 - INFO - checking device info in VD.
2020-03-31 15:25:33,026 - CPE27-SING-SINGLE-CPE-INTONLY-IPC00190 - INFO - sleeping 60 secs
2020-03-31 15:26:34,234 - CPE27-SING-SINGLE-CPE-INTONLY-IPC00190 - INFO - checking device info in VD.
2020-03-31 15:26:34,234 - CPE27-SING-SINGLE-CPE-INTONLY-IPC00190 - INFO - sleeping 60 secs
2020-03-31 15:27:35,200 - CPE27-SING-SINGLE-CPE-INTONLY-IPC00190 - INFO - checking device info in VD.
2020-03-31 15:27:35,200 - CPE27-SING-SINGLE-CPE-INTONLY-IPC00190 - INFO - sleeping 60 secs
2020-03-31 15:28:36,503 - CPE27-SING-SINGLE-CPE-INTONLY-IPC00190 - INFO - checking device info in VD.
2020-03-31 15:28:36,503 - CPE27-SING-SINGLE-CPE-INTONLY-IPC00190 - INFO - sleeping 60 secs
2020-03-31 15:29:38,596 - CPE27-SING-SINGLE-CPE-INTONLY-IPC00190 - INFO - checking device info in VD.
2020-03-31 15:29:38,596 - CPE27-SING-SINGLE-CPE-INTONLY-IPC00190 - INFO - sleeping 60 secs
2020-03-31 15:30:39,986 - CPE27-SING-SINGLE-CPE-INTONLY-IPC00190 - INFO - checking device info in VD.
2020-03-31 15:30:39,986 - CPE27-SING-SINGLE-CPE-INTONLY-IPC00190 - INFO - sleeping 60 secs
2020-03-31 15:31:41,157 - CPE27-SING-SINGLE-CPE-INTONLY-IPC00190 - INFO - checking device info in VD.
2020-03-31 15:31:41,157 - CPE27-SING-SINGLE-CPE-INTONLY-IPC00190 - INFO - sleeping 60 secs
2020-03-31 15:32:42,480 - CPE27-SING-SINGLE-CPE-INTONLY-IPC00190 - INFO - checking device info in VD.
2020-03-31 15:32:42,480 - CPE27-SING-SINGLE-CPE-INTONLY-IPC00190 - INFO - sleeping 60 secs
2020-03-31 15:33:43,665 - CPE27-SING-SINGLE-CPE-INTONLY-IPC00190 - INFO - checking device info in VD.
2020-03-31 15:33:43,667 - CPE27-SING-SINGLE-CPE-INTONLY-IPC00190 - INFO - sleeping 60 secs
