2020-02-27 15:29:30,270 - VD1 - DEBUG - <netmiko.versa.versa_ssh.VersaSSH object at 0x000000000DD57668>
2020-02-27 15:29:35,473 - VD1 - DEBUG - versa: Automated@VDir-BLR-NEW-01>
2020-02-27 15:29:40,328 - CPE11-HKG-HYBRD-IPC00190 - DEBUG - <netmiko.versa.versa_ssh.VersaSSH object at 0x000000000DE18710>
2020-02-27 15:29:45,532 - CPE11-HKG-HYBRD-IPC00190 - DEBUG - versa: Automated@VDir-BLR-NEW-01>
2020-02-27 15:30:09,596 - CPE12-HKG-HYBRD-IPC00190 - DEBUG - <netmiko.versa.versa_ssh.VersaSSH object at 0x000000000DE34278>
2020-02-27 15:30:14,798 - CPE12-HKG-HYBRD-IPC00190 - DEBUG - versa: Automated@VDir-BLR-NEW-01>
2020-02-27 15:31:29,270 - CPE11-HKG-HYBRD-IPC00190 - INFO - 
CREATE SLA profile

2020-02-27 15:31:31,453 - CPE11-HKG-HYBRD-IPC00190 - DEBUG - <Response [201]>
2020-02-27 15:31:31,456 - CPE11-HKG-HYBRD-IPC00190 - INFO - 
PASS
2020-02-27 15:31:31,457 - CPE11-HKG-HYBRD-IPC00190 - INFO - >>>>>>>>>> CREATE SLA Profile PASSED. <<<<<<<<<<<
2020-02-27 15:31:31,460 - CPE11-HKG-HYBRD-IPC00190 - INFO - 
CREATE FWD PROFILE

2020-02-27 15:31:33,434 - CPE11-HKG-HYBRD-IPC00190 - DEBUG - <Response [201]>
2020-02-27 15:31:33,436 - CPE11-HKG-HYBRD-IPC00190 - INFO - 
PASS
2020-02-27 15:31:33,436 - CPE11-HKG-HYBRD-IPC00190 - INFO - >>>>>>>>>> FORWARDING PROFILE CREATION PASSED. <<<<<<<<<<<
2020-02-27 15:31:33,438 - CPE11-HKG-HYBRD-IPC00190 - INFO - 
CREATE IPaddress Object

2020-02-27 15:31:35,378 - CPE11-HKG-HYBRD-IPC00190 - DEBUG - <Response [201]>
2020-02-27 15:31:35,380 - CPE11-HKG-HYBRD-IPC00190 - INFO - 
PASS
2020-02-27 15:31:35,381 - CPE11-HKG-HYBRD-IPC00190 - INFO - >>>>>>>>>> ADDRESS OBJECT CREATION PASSED. <<<<<<<<<<<
2020-02-27 15:31:35,384 - CPE11-HKG-HYBRD-IPC00190 - INFO - 
CREATE IPaddress Object

2020-02-27 15:31:38,058 - CPE11-HKG-HYBRD-IPC00190 - DEBUG - <Response [201]>
2020-02-27 15:31:38,059 - CPE11-HKG-HYBRD-IPC00190 - INFO - 
PASS
2020-02-27 15:31:38,059 - CPE11-HKG-HYBRD-IPC00190 - INFO - >>>>>>>>>> ADDRESS OBJECT CREATION PASSED. <<<<<<<<<<<
2020-02-27 15:31:38,075 - CPE11-HKG-HYBRD-IPC00190 - INFO - 
CREATE Policy rule

2020-02-27 15:31:40,377 - CPE11-HKG-HYBRD-IPC00190 - DEBUG - <Response [201]>
2020-02-27 15:31:40,378 - CPE11-HKG-HYBRD-IPC00190 - INFO - 
PASS
2020-02-27 15:31:40,378 - CPE11-HKG-HYBRD-IPC00190 - INFO - >>>>>>>>>> CREATE POLICY RULE PASSED. <<<<<<<<<<<
2020-02-27 15:34:28,229 - CPE11-HKG-HYBRD-IPC00190 - INFO - 
DELETE IPaddress Object

2020-02-27 15:34:31,618 - CPE11-HKG-HYBRD-IPC00190 - INFO - 
PASS
2020-02-27 15:34:31,619 - CPE11-HKG-HYBRD-IPC00190 - INFO - >>>>>>>>>> Policy rule DELETION PASSED. <<<<<<<<<<<
2020-02-27 15:34:31,631 - CPE11-HKG-HYBRD-IPC00190 - INFO - 
DELETE IPaddress Object

2020-02-27 15:34:34,239 - CPE11-HKG-HYBRD-IPC00190 - INFO - 
PASS
2020-02-27 15:34:34,240 - CPE11-HKG-HYBRD-IPC00190 - INFO - >>>>>>>>>> ADDRESS OBJECT DELETION PASSED. <<<<<<<<<<<
2020-02-27 15:34:34,242 - CPE11-HKG-HYBRD-IPC00190 - INFO - 
DELETE IPaddress Object

2020-02-27 15:34:36,755 - CPE11-HKG-HYBRD-IPC00190 - INFO - 
PASS
2020-02-27 15:34:36,756 - CPE11-HKG-HYBRD-IPC00190 - INFO - >>>>>>>>>> ADDRESS OBJECT DELETION PASSED. <<<<<<<<<<<
2020-02-27 15:34:36,757 - CPE11-HKG-HYBRD-IPC00190 - INFO - 
DELETE FWD PROFILE

2020-02-27 15:34:39,292 - CPE11-HKG-HYBRD-IPC00190 - INFO - 
PASS
2020-02-27 15:34:39,292 - CPE11-HKG-HYBRD-IPC00190 - INFO - >>>>>>>>>> FORWARDING PROFILE DELETION PASSED. <<<<<<<<<<<
2020-02-27 15:34:39,295 - CPE11-HKG-HYBRD-IPC00190 - INFO - 
DELETE SLA profile

2020-02-27 15:34:42,371 - CPE11-HKG-HYBRD-IPC00190 - INFO - 
PASS
2020-02-27 15:34:42,371 - CPE11-HKG-HYBRD-IPC00190 - INFO - >>>>>>>>>> DELETE SLA Profile PASSED. <<<<<<<<<<<
