2019-02-12 14:04:38,961 - VD1 - INFO - ORG NAME:DEAL
2019-02-12 14:04:51,014 - VD1 - DEBUG - {
  "versanms.sdwan-org-workflow": {
    "orgName": "DEAL",
    "globalId": "154",
    "parentOrg": "Colt",
    "ikeAuthType": "psk",
    "sharedControlPlane": false,
    "controllers": ["NV-WC01-N2-BLR", "NV-WC02-N4-MUM", "NV-WC02-N2-BLR", "NV-WC01-N4-MUM"],
    "vrfs": [{ "name": "LAN1-VRF", "id": "1660", "enableVPN": "true", "tooltip": "" }],
    "supportedRoles": []
  }
}
2019-02-12 14:04:51,389 - VD1 - INFO - <Response [500]>
2019-02-12 14:04:51,390 - VD1 - INFO - {"error":{"http_status_code":500,"code":0,"message":" Global Id: 154 is already configured.","more_info":"http://nms.versa.com/errors/null"}}
2019-02-12 14:04:51,390 - VD1 - INFO - FAIL : {"error":{"http_status_code":500,"code":0,"message":" Global Id: 154 is already configured.","more_info":"http://nms.versa.com/errors/null"}}
2019-02-12 14:04:51,390 - VD1 - INFO - 
********************
RESULT:
ORG DEPLOYMENT : FAIL : {"error":{"http_status_code":500,"code":0,"message":" Global Id: 154 is already configured.","more_info":"http://nms.versa.com/errors/null"}}

********************

