2020-02-20 14:30:21,303 - VD1 - DEBUG - <netmiko.versa.versa_ssh.VersaSSH object at 0x0000000010A0BBE0>
2020-02-20 14:30:26,503 - VD1 - DEBUG - versa: Automated@VDir-BLR-NEW-01>
2020-02-20 14:30:31,186 - CPE11-HKG-HYBRD-IPC00190 - DEBUG - <netmiko.versa.versa_ssh.VersaSSH object at 0x0000000010A87BE0>
2020-02-20 14:30:36,388 - CPE11-HKG-HYBRD-IPC00190 - DEBUG - versa: Automated@VDir-BLR-NEW-01>
2020-02-20 14:31:00,607 - CPE12-HKG-HYBRD-IPC00190 - DEBUG - <netmiko.versa.versa_ssh.VersaSSH object at 0x0000000010AA79E8>
2020-02-20 14:31:05,808 - CPE12-HKG-HYBRD-IPC00190 - DEBUG - versa: Automated@VDir-BLR-NEW-01>
2020-02-20 14:32:03,332 - CPE11-HKG-HYBRD-IPC00190 - INFO - 
CREATE SLA profile

2020-02-20 14:32:05,805 - CPE11-HKG-HYBRD-IPC00190 - DEBUG - <Response [201]>
2020-02-20 14:32:05,812 - CPE11-HKG-HYBRD-IPC00190 - INFO - 
PASS
2020-02-20 14:32:05,812 - CPE11-HKG-HYBRD-IPC00190 - INFO - >>>>>>>>>> CREATE SLA Profile PASSED. <<<<<<<<<<<
2020-02-20 14:32:05,815 - CPE11-HKG-HYBRD-IPC00190 - INFO - 
CREATE FWD PROFILE

2020-02-20 14:32:08,026 - CPE11-HKG-HYBRD-IPC00190 - DEBUG - <Response [201]>
2020-02-20 14:32:08,026 - CPE11-HKG-HYBRD-IPC00190 - INFO - 
PASS
2020-02-20 14:32:08,026 - CPE11-HKG-HYBRD-IPC00190 - INFO - >>>>>>>>>> FORWARDING PROFILE CREATION PASSED. <<<<<<<<<<<
2020-02-20 14:32:08,032 - CPE11-HKG-HYBRD-IPC00190 - INFO - 
CREATE IPaddress Object

2020-02-20 14:32:09,621 - CPE11-HKG-HYBRD-IPC00190 - DEBUG - <Response [201]>
2020-02-20 14:32:09,621 - CPE11-HKG-HYBRD-IPC00190 - INFO - 
PASS
2020-02-20 14:32:09,621 - CPE11-HKG-HYBRD-IPC00190 - INFO - >>>>>>>>>> ADDRESS OBJECT CREATION PASSED. <<<<<<<<<<<
2020-02-20 14:32:09,625 - CPE11-HKG-HYBRD-IPC00190 - INFO - 
CREATE Policy rule

2020-02-20 14:32:11,628 - CPE11-HKG-HYBRD-IPC00190 - DEBUG - <Response [201]>
2020-02-20 14:32:11,628 - CPE11-HKG-HYBRD-IPC00190 - INFO - 
PASS
2020-02-20 14:32:11,628 - CPE11-HKG-HYBRD-IPC00190 - INFO - >>>>>>>>>> CREATE POLICY RULE PASSED. <<<<<<<<<<<
2020-02-20 14:35:12,278 - CPE11-HKG-HYBRD-IPC00190 - INFO - 
DELETE IPaddress Object

2020-02-20 14:35:15,451 - CPE11-HKG-HYBRD-IPC00190 - INFO - 
PASS
2020-02-20 14:35:15,453 - CPE11-HKG-HYBRD-IPC00190 - INFO - >>>>>>>>>> Policy rule DELETION PASSED. <<<<<<<<<<<
2020-02-20 14:35:15,456 - CPE11-HKG-HYBRD-IPC00190 - INFO - 
DELETE IPaddress Object

2020-02-20 14:35:17,661 - CPE11-HKG-HYBRD-IPC00190 - INFO - 
PASS
2020-02-20 14:35:17,661 - CPE11-HKG-HYBRD-IPC00190 - INFO - >>>>>>>>>> ADDRESS OBJECT DELETION PASSED. <<<<<<<<<<<
2020-02-20 14:35:17,667 - CPE11-HKG-HYBRD-IPC00190 - INFO - 
DELETE FWD PROFILE

2020-02-20 14:35:20,017 - CPE11-HKG-HYBRD-IPC00190 - INFO - 
PASS
2020-02-20 14:35:20,017 - CPE11-HKG-HYBRD-IPC00190 - INFO - >>>>>>>>>> FORWARDING PROFILE DELETION PASSED. <<<<<<<<<<<
2020-02-20 14:35:20,022 - CPE11-HKG-HYBRD-IPC00190 - INFO - 
DELETE SLA profile

2020-02-20 14:35:21,970 - CPE11-HKG-HYBRD-IPC00190 - INFO - 
PASS
2020-02-20 14:35:21,970 - CPE11-HKG-HYBRD-IPC00190 - INFO - >>>>>>>>>> DELETE SLA Profile PASSED. <<<<<<<<<<<
