2020-03-02 16:47:37,980 - VD1 - DEBUG - <netmiko.versa.versa_ssh.VersaSSH object at 0x000000000E0639B0>
2020-03-02 16:47:43,186 - VD1 - DEBUG - versa: Automated@VDir-BLR-NEW-01>
2020-03-02 16:47:47,897 - CPE11-HKG-HYBRD-IPC00190 - DEBUG - <netmiko.versa.versa_ssh.VersaSSH object at 0x000000000E0DAB00>
2020-03-02 16:47:53,101 - CPE11-HKG-HYBRD-IPC00190 - DEBUG - versa: Automated@VDir-BLR-NEW-01>
2020-03-02 16:48:17,736 - CPE12-HKG-HYBRD-IPC00190 - DEBUG - <netmiko.versa.versa_ssh.VersaSSH object at 0x000000000E063828>
2020-03-02 16:48:22,941 - CPE12-HKG-HYBRD-IPC00190 - DEBUG - versa: Automated@VDir-BLR-NEW-01>
2020-03-02 16:49:36,901 - CPE11-HKG-HYBRD-IPC00190 - INFO - 
CREATE SLA profile

2020-03-02 16:49:39,119 - CPE11-HKG-HYBRD-IPC00190 - DEBUG - <Response [201]>
2020-03-02 16:49:39,128 - CPE11-HKG-HYBRD-IPC00190 - INFO - 
PASS
2020-03-02 16:49:39,128 - CPE11-HKG-HYBRD-IPC00190 - INFO - >>>>>>>>>> CREATE SLA Profile PASSED. <<<<<<<<<<<
2020-03-02 16:49:39,134 - CPE11-HKG-HYBRD-IPC00190 - INFO - 
CREATE FWD PROFILE

2020-03-02 16:49:41,104 - CPE11-HKG-HYBRD-IPC00190 - DEBUG - <Response [201]>
2020-03-02 16:49:41,105 - CPE11-HKG-HYBRD-IPC00190 - INFO - 
PASS
2020-03-02 16:49:41,105 - CPE11-HKG-HYBRD-IPC00190 - INFO - >>>>>>>>>> FORWARDING PROFILE CREATION PASSED. <<<<<<<<<<<
2020-03-02 16:49:41,108 - CPE11-HKG-HYBRD-IPC00190 - INFO - 
CREATE IPaddress Object

2020-03-02 16:49:42,970 - CPE11-HKG-HYBRD-IPC00190 - DEBUG - <Response [201]>
2020-03-02 16:49:42,970 - CPE11-HKG-HYBRD-IPC00190 - INFO - 
PASS
2020-03-02 16:49:42,970 - CPE11-HKG-HYBRD-IPC00190 - INFO - >>>>>>>>>> ADDRESS OBJECT CREATION PASSED. <<<<<<<<<<<
2020-03-02 16:49:42,973 - CPE11-HKG-HYBRD-IPC00190 - INFO - 
CREATE IPaddress Object

2020-03-02 16:49:45,762 - CPE11-HKG-HYBRD-IPC00190 - DEBUG - <Response [201]>
2020-03-02 16:49:45,762 - CPE11-HKG-HYBRD-IPC00190 - INFO - 
PASS
2020-03-02 16:49:45,763 - CPE11-HKG-HYBRD-IPC00190 - INFO - >>>>>>>>>> ADDRESS OBJECT CREATION PASSED. <<<<<<<<<<<
2020-03-02 16:49:45,779 - CPE11-HKG-HYBRD-IPC00190 - INFO - 
DELETE IPaddress Object

2020-03-02 16:49:48,720 - CPE11-HKG-HYBRD-IPC00190 - INFO - 
PASS
2020-03-02 16:49:48,720 - CPE11-HKG-HYBRD-IPC00190 - INFO - >>>>>>>>>> ADDRESS OBJECT DELETION PASSED. <<<<<<<<<<<
2020-03-02 16:49:48,724 - CPE11-HKG-HYBRD-IPC00190 - INFO - 
DELETE IPaddress Object

2020-03-02 16:49:51,308 - CPE11-HKG-HYBRD-IPC00190 - INFO - 
PASS
2020-03-02 16:49:51,309 - CPE11-HKG-HYBRD-IPC00190 - INFO - >>>>>>>>>> ADDRESS OBJECT DELETION PASSED. <<<<<<<<<<<
2020-03-02 16:49:51,312 - CPE11-HKG-HYBRD-IPC00190 - INFO - 
DELETE FWD PROFILE

2020-03-02 16:49:53,881 - CPE11-HKG-HYBRD-IPC00190 - INFO - 
PASS
2020-03-02 16:49:53,882 - CPE11-HKG-HYBRD-IPC00190 - INFO - >>>>>>>>>> FORWARDING PROFILE DELETION PASSED. <<<<<<<<<<<
2020-03-02 16:49:53,884 - CPE11-HKG-HYBRD-IPC00190 - INFO - 
DELETE SLA profile

2020-03-02 16:49:57,157 - CPE11-HKG-HYBRD-IPC00190 - INFO - 
PASS
2020-03-02 16:49:57,158 - CPE11-HKG-HYBRD-IPC00190 - INFO - >>>>>>>>>> DELETE SLA Profile PASSED. <<<<<<<<<<<
