2019-02-07 16:56:41,919 - VD1 - INFO - ORG NAME:FEB8
2019-02-07 16:56:41,974 - VD1 - DEBUG - {
  "versanms.sdwan-org-workflow": {
    "orgName": "FEB8",
    "globalId": "237",
    "parentOrg": "Colt",
    "ikeAuthType": "psk",
    "sharedControlPlane": false,
    "controllers": ["NV-WC01-N2-BLR", "NV-WC02-N4-MUM", "NV-WC02-N2-BLR"],
    "vrfs": [{ "name": "LAN1-VRF", "id": "2490", "enableVPN": "true", "tooltip": "" },{ "name": "LAN2-VRF", "id": "2491", "enableVPN": "true", "tooltip": "" },{ "name": "LAN3-VRF", "id": "2492", "enableVPN": "true", "tooltip": "" }],
    "supportedRoles": []
  }
}
2019-02-07 16:56:42,969 - VD1 - INFO - <Response [200]>
2019-02-07 16:56:42,969 - VD1 - INFO - PASS
2019-02-07 16:56:53,101 - VD1 - INFO - 14994
2019-02-07 16:57:23,912 - VD1 - INFO - FAILED : Network Element Driver: device NV-WC02-N4-MUM: out of sync
2019-02-07 16:57:23,913 - VD1 - INFO - 
********************
RESULT:
ORG DEPLOYMENT : FAILED : Network Element Driver: device NV-WC02-N4-MUM: out of sync

********************

