2020-02-28 15:44:09,977 - VD1 - DEBUG - <netmiko.versa.versa_ssh.VersaSSH object at 0x000000000E01D630>
2020-02-28 15:44:15,180 - VD1 - DEBUG - versa: Automated@VDir-BLR-NEW-01>
2020-02-28 15:44:19,911 - CPE11-HKG-HYBRD-IPC00190 - DEBUG - <netmiko.versa.versa_ssh.VersaSSH object at 0x000000000E0D66D8>
2020-02-28 15:44:25,114 - CPE11-HKG-HYBRD-IPC00190 - DEBUG - versa: Automated@VDir-BLR-NEW-01>
2020-02-28 15:44:48,971 - CPE12-HKG-HYBRD-IPC00190 - DEBUG - <netmiko.versa.versa_ssh.VersaSSH object at 0x000000000E102240>
2020-02-28 15:44:54,174 - CPE12-HKG-HYBRD-IPC00190 - DEBUG - versa: Automated@VDir-BLR-NEW-01>
2020-02-28 15:46:09,249 - CPE11-HKG-HYBRD-IPC00190 - INFO - 
CREATE SLA profile

2020-02-28 15:46:11,144 - CPE11-HKG-HYBRD-IPC00190 - DEBUG - <Response [201]>
2020-02-28 15:46:11,151 - CPE11-HKG-HYBRD-IPC00190 - INFO - 
PASS
2020-02-28 15:46:11,151 - CPE11-HKG-HYBRD-IPC00190 - INFO - >>>>>>>>>> CREATE SLA Profile PASSED. <<<<<<<<<<<
2020-02-28 15:46:11,154 - CPE11-HKG-HYBRD-IPC00190 - INFO - 
CREATE FWD PROFILE

2020-02-28 15:46:13,069 - CPE11-HKG-HYBRD-IPC00190 - DEBUG - <Response [201]>
2020-02-28 15:46:13,069 - CPE11-HKG-HYBRD-IPC00190 - INFO - 
PASS
2020-02-28 15:46:13,069 - CPE11-HKG-HYBRD-IPC00190 - INFO - >>>>>>>>>> FORWARDING PROFILE CREATION PASSED. <<<<<<<<<<<
2020-02-28 15:46:13,072 - CPE11-HKG-HYBRD-IPC00190 - INFO - 
CREATE IPaddress Object

2020-02-28 15:46:14,897 - CPE11-HKG-HYBRD-IPC00190 - DEBUG - <Response [201]>
2020-02-28 15:46:14,898 - CPE11-HKG-HYBRD-IPC00190 - INFO - 
PASS
2020-02-28 15:46:14,898 - CPE11-HKG-HYBRD-IPC00190 - INFO - >>>>>>>>>> ADDRESS OBJECT CREATION PASSED. <<<<<<<<<<<
2020-02-28 15:46:14,900 - CPE11-HKG-HYBRD-IPC00190 - INFO - 
CREATE Policy rule

2020-02-28 15:46:17,851 - CPE11-HKG-HYBRD-IPC00190 - DEBUG - <Response [201]>
2020-02-28 15:46:17,851 - CPE11-HKG-HYBRD-IPC00190 - INFO - 
PASS
2020-02-28 15:46:17,851 - CPE11-HKG-HYBRD-IPC00190 - INFO - >>>>>>>>>> CREATE POLICY RULE PASSED. <<<<<<<<<<<
2020-02-28 15:49:08,055 - CPE11-HKG-HYBRD-IPC00190 - INFO - 
DELETE IPaddress Object

2020-02-28 15:49:12,177 - CPE11-HKG-HYBRD-IPC00190 - INFO - 
PASS
2020-02-28 15:49:12,177 - CPE11-HKG-HYBRD-IPC00190 - INFO - >>>>>>>>>> Policy rule DELETION PASSED. <<<<<<<<<<<
2020-02-28 15:49:12,181 - CPE11-HKG-HYBRD-IPC00190 - INFO - 
DELETE IPaddress Object

2020-02-28 15:49:15,115 - CPE11-HKG-HYBRD-IPC00190 - INFO - 
PASS
2020-02-28 15:49:15,115 - CPE11-HKG-HYBRD-IPC00190 - INFO - >>>>>>>>>> ADDRESS OBJECT DELETION PASSED. <<<<<<<<<<<
2020-02-28 15:49:15,118 - CPE11-HKG-HYBRD-IPC00190 - INFO - 
DELETE FWD PROFILE

2020-02-28 15:49:17,956 - CPE11-HKG-HYBRD-IPC00190 - INFO - 
PASS
2020-02-28 15:49:17,957 - CPE11-HKG-HYBRD-IPC00190 - INFO - >>>>>>>>>> FORWARDING PROFILE DELETION PASSED. <<<<<<<<<<<
2020-02-28 15:49:17,960 - CPE11-HKG-HYBRD-IPC00190 - INFO - 
DELETE SLA profile

2020-02-28 15:49:20,648 - CPE11-HKG-HYBRD-IPC00190 - INFO - 
PASS
2020-02-28 15:49:20,648 - CPE11-HKG-HYBRD-IPC00190 - INFO - >>>>>>>>>> DELETE SLA Profile PASSED. <<<<<<<<<<<
2020-02-28 15:49:30,581 - CPE11-HKG-HYBRD-IPC00190 - INFO - 
CREATE SLA profile

2020-02-28 15:49:32,349 - CPE11-HKG-HYBRD-IPC00190 - DEBUG - <Response [201]>
2020-02-28 15:49:32,351 - CPE11-HKG-HYBRD-IPC00190 - INFO - 
PASS
2020-02-28 15:49:32,351 - CPE11-HKG-HYBRD-IPC00190 - INFO - >>>>>>>>>> CREATE SLA Profile PASSED. <<<<<<<<<<<
2020-02-28 15:49:32,358 - CPE11-HKG-HYBRD-IPC00190 - INFO - 
CREATE FWD PROFILE

2020-02-28 15:49:35,250 - CPE11-HKG-HYBRD-IPC00190 - DEBUG - <Response [201]>
2020-02-28 15:49:35,250 - CPE11-HKG-HYBRD-IPC00190 - INFO - 
PASS
2020-02-28 15:49:35,252 - CPE11-HKG-HYBRD-IPC00190 - INFO - >>>>>>>>>> FORWARDING PROFILE CREATION PASSED. <<<<<<<<<<<
2020-02-28 15:49:35,255 - CPE11-HKG-HYBRD-IPC00190 - INFO - 
CREATE IPaddress Object

2020-02-28 15:49:35,948 - CPE11-HKG-HYBRD-IPC00190 - DEBUG - <Response [409]>
2020-02-28 15:49:35,948 - CPE11-HKG-HYBRD-IPC00190 - ERROR - {  "errors": {    "error": [      {        "error-message": "object already exists: /ncs:devices/ncs:device[ncs:name='CPE11-HKG-HYBRD-IPC00190']/ncs:config/org:orgs/org:org-services[org:name='IPC00190']/security:objects/security:addresses/security:address[security:name='dst_ip_add_obj1']",        "error-urlpath": "/api/config/devices/device/CPE11-HKG-HYBRD-IPC00190/config/org:orgs/org-services/IPC00190/security:objects/addresses",        "error-tag": "data-exists"      }    ]  }}
2020-02-28 15:49:35,953 - CPE11-HKG-HYBRD-IPC00190 - INFO - 
FAIL : {  "errors": {    "error": [      {        "error-message": "object already exists: /ncs:devices/ncs:device[ncs:name='CPE11-HKG-HYBRD-IPC00190']/ncs:config/org:orgs/org:org-services[org:name='IPC00190']/security:objects/security:addresses/security:address[security:name='dst_ip_add_obj1']",        "error-urlpath": "/api/config/devices/device/CPE11-HKG-HYBRD-IPC00190/config/org:orgs/org-services/IPC00190/security:objects/addresses",        "error-tag": "data-exists"      }    ]  }}
2020-02-28 15:49:35,953 - CPE11-HKG-HYBRD-IPC00190 - INFO - >>>>>>>>>> ADDRESS OBJECT CREATION FAILED. <<<<<<<<<<<
2020-02-28 15:49:35,957 - CPE11-HKG-HYBRD-IPC00190 - INFO - 
CREATE Policy rule

2020-02-28 15:49:38,193 - CPE11-HKG-HYBRD-IPC00190 - DEBUG - <Response [201]>
2020-02-28 15:49:38,194 - CPE11-HKG-HYBRD-IPC00190 - INFO - 
PASS
2020-02-28 15:49:38,194 - CPE11-HKG-HYBRD-IPC00190 - INFO - >>>>>>>>>> CREATE POLICY RULE PASSED. <<<<<<<<<<<
2020-02-28 15:52:25,421 - CPE11-HKG-HYBRD-IPC00190 - INFO - 
DELETE IPaddress Object

2020-02-28 15:52:28,944 - CPE11-HKG-HYBRD-IPC00190 - INFO - 
PASS
2020-02-28 15:52:28,944 - CPE11-HKG-HYBRD-IPC00190 - INFO - >>>>>>>>>> Policy rule DELETION PASSED. <<<<<<<<<<<
2020-02-28 15:52:28,944 - CPE11-HKG-HYBRD-IPC00190 - INFO - 
DELETE IPaddress Object

2020-02-28 15:52:30,055 - CPE11-HKG-HYBRD-IPC00190 - ERROR - 
2020-02-28 15:52:30,061 - CPE11-HKG-HYBRD-IPC00190 - INFO - 
FAIL : 
2020-02-28 15:52:30,062 - CPE11-HKG-HYBRD-IPC00190 - INFO - >>>>>>>>>> ADDRESS OBJECT DELETION FAILED. <<<<<<<<<<<
2020-02-28 15:52:30,066 - CPE11-HKG-HYBRD-IPC00190 - INFO - 
DELETE FWD PROFILE

2020-02-28 15:52:32,463 - CPE11-HKG-HYBRD-IPC00190 - INFO - 
PASS
2020-02-28 15:52:32,463 - CPE11-HKG-HYBRD-IPC00190 - INFO - >>>>>>>>>> FORWARDING PROFILE DELETION PASSED. <<<<<<<<<<<
2020-02-28 15:52:32,467 - CPE11-HKG-HYBRD-IPC00190 - INFO - 
DELETE SLA profile

2020-02-28 15:52:34,576 - CPE11-HKG-HYBRD-IPC00190 - INFO - 
PASS
2020-02-28 15:52:34,578 - CPE11-HKG-HYBRD-IPC00190 - INFO - >>>>>>>>>> DELETE SLA Profile PASSED. <<<<<<<<<<<
