2019-03-14 16:58:50,632 - CPE12 - DEBUG - CPE NAME:CPE12
2019-03-14 17:04:01,247 - CPE12 - INFO - <Response [500]>
2019-03-14 17:04:01,247 - CPE12 - INFO - 
2019-03-14 17:04:01,249 - CPE12 - INFO - FAIL : 
2019-03-14 17:04:06,355 - CPE12 - INFO - <Response [200]>
2019-03-14 17:04:06,355 - CPE12 - INFO - PASS
2019-03-14 17:04:11,596 - CPE12 - INFO - <Response [500]>
2019-03-14 17:04:11,596 - CPE12 - INFO - {"error":{"http_status_code":500,"code":0,"message":"Entity not found.","more_info":"http://nms.versa.com/errors/null"}}
2019-03-14 17:04:11,596 - CPE12 - INFO - FAIL : {"error":{"http_status_code":500,"code":0,"message":"Entity not found.","more_info":"http://nms.versa.com/errors/null"}}
2019-03-14 17:04:16,855 - CPE12 - INFO - {u'error': {u'more_info': u'http://nms.versa.com/errors/null', u'message': u'Entity not found', u'code': 0, u'http_status_code': 500}}
2019-03-14 17:04:16,954 - CPE12 - INFO - [{u'category': u'stateful-firewall', u'organization': u'JAPAN', u'serviceTemplate': u'COMMON-SFW-TEMPLATE5', u'id': 517, u'templateName': u'JAPAN-BLR-PS-IS-LIB'}]
2019-03-14 17:04:36,825 - CPE12 - INFO - set devices template JAPAN-BLR-PS-IS-LIB config interfaces vni vni-0/2 description "INT-WAN"

set devices template JAPAN-BLR-PS-IS-LIB config system vnf-manager ip-addresses [ 10.91.116.67/32 10.91.116.68/32 ]
delete devices template JAPAN-BLR-PS-IS-LIB config routing-instances routing-instance INT-WAN-Transport-VR routing-options static route rti-static-route-list 0.0.0.0/0 "{$v_INT-WAN-Transport-VR_IPv4__vrHopAddress}" none icmp
set devices template JAPAN-BLR-PS-IS-LIB config routing-instances routing-instance JAPAN-Control-VR protocols bgp bgp 125 hold-time 90
set devices template JAPAN-BLR-PS-IS-LIB config routing-instances routing-instance JAPAN-Control-VR protocols bgp bgp 125 graceful-restart enable
set devices template JAPAN-BLR-PS-IS-LIB config routing-instances routing-instance JAPAN-Control-VR protocols bgp bgp 125 graceful-restart maximum-restart-time 15
set devices template JAPAN-BLR-PS-IS-LIB config routing-instances routing-instance JAPAN-Control-VR protocols bgp bgp 125 graceful-restart recovery-time 15
set devices template JAPAN-BLR-PS-IS-LIB config routing-instances routing-instance JAPAN-Control-VR protocols bgp bgp 125 graceful-restart select-defer-time 15
set devices template JAPAN-BLR-PS-IS-LIB config routing-instances routing-instance JAPAN-Control-VR protocols bgp bgp 125 graceful-restart stalepath-time 15
set devices template JAPAN-BLR-PS-IS-LIB config routing-instances routing-instance JAPAN-Control-VR protocols bgp bgp 125 graceful-restart dynamic-peer-restart-time 0

set devices template JAPAN-BLR-PS-IS-LIB config routing-instances routing-instance JAPAN-Control-VR protocols bgp bgp 125 routing-peer-policy Import-From-SDWAN-Policy term 1GW1 match family inet-vpn
set devices template JAPAN-BLR-PS-IS-LIB config routing-instances routing-instance JAPAN-Control-VR protocols bgp bgp 125 routing-peer-policy Import-From-SDWAN-Policy term 1GW1 match community "(^|,)([0-9]*:11)($|,)"
set devices template JAPAN-BLR-PS-IS-LIB config routing-instances routing-instance JAPAN-Control-VR protocols bgp bgp 125 routing-peer-policy Import-From-SDWAN-Policy term 1GW1 action filter accept
set devices template JAPAN-BLR-PS-IS-LIB config routing-instances routing-instance JAPAN-Control-VR protocols bgp bgp 125 routing-peer-policy Import-From-SDWAN-Policy term 1GW1 action community 8009:8009
set devices template JAPAN-BLR-PS-IS-LIB config routing-instances routing-instance JAPAN-Control-VR protocols bgp bgp 125 routing-peer-policy Import-From-SDWAN-Policy term 1GW1 action community-action set-specific
set devices template JAPAN-BLR-PS-IS-LIB config routing-instances routing-instance JAPAN-Control-VR protocols bgp bgp 125 routing-peer-policy Import-From-SDWAN-Policy term 1GW1 action set-local-preference 80
set devices template JAPAN-BLR-PS-IS-LIB config routing-instances routing-instance JAPAN-Control-VR protocols bgp bgp 125 routing-peer-policy Import-From-SDWAN-Policy term 2GW2 match family inet-vpn
set devices template JAPAN-BLR-PS-IS-LIB config routing-instances routing-instance JAPAN-Control-VR protocols bgp bgp 125 routing-peer-policy Import-From-SDWAN-Policy term 2GW2 match community "(^|,)([0-9]*:12)($|,)"
set devices template JAPAN-BLR-PS-IS-LIB config routing-instances routing-instance JAPAN-Control-VR protocols bgp bgp 125 routing-peer-policy Import-From-SDWAN-Policy term 2GW2 action filter accept
set devices template JAPAN-BLR-PS-IS-LIB config routing-instances routing-instance JAPAN-Control-VR protocols bgp bgp 125 routing-peer-policy Import-From-SDWAN-Policy term 2GW2 action community 8009:8009
set devices template JAPAN-BLR-PS-IS-LIB config routing-instances routing-instance JAPAN-Control-VR protocols bgp bgp 125 routing-peer-policy Import-From-SDWAN-Policy term 2GW2 action community-action set-specific
set devices template JAPAN-BLR-PS-IS-LIB config routing-instances routing-instance JAPAN-Control-VR protocols bgp bgp 125 routing-peer-policy Import-From-SDWAN-Policy term 2GW2 action set-local-preference 60
move devices template JAPAN-BLR-PS-IS-LIB config routing-instances routing-instance JAPAN-Control-VR protocols bgp bgp 125 routing-peer-policy Import-From-SDWAN-Policy term 2GW2 first
move devices template JAPAN-BLR-PS-IS-LIB config routing-instances routing-instance JAPAN-Control-VR protocols bgp bgp 125 routing-peer-policy Import-From-SDWAN-Policy term 1GW1 first

set devices template JAPAN-BLR-PS-IS-LIB config routing-instances routing-instance JAPAN-Control-VR protocols bgp bgp 125 routing-peer-policy TO_SDWAN term Wildcard match family inet-vpn
set devices template JAPAN-BLR-PS-IS-LIB config routing-instances routing-instance JAPAN-Control-VR protocols bgp bgp 125 routing-peer-policy TO_SDWAN term Wildcard action filter accept
set devices template JAPAN-BLR-PS-IS-LIB config routing-instances routing-instance JAPAN-Control-VR protocols bgp bgp 125 routing-peer-policy TO_SDWAN term Wildcard action community 91:10
set devices template JAPAN-BLR-PS-IS-LIB config routing-instances routing-instance JAPAN-Control-VR protocols bgp bgp 125 routing-peer-policy TO_SDWAN term Wildcard action community-action set-specific
set devices template JAPAN-BLR-PS-IS-LIB config routing-instances routing-instance JAPAN-Control-VR protocols bgp bgp 125 routing-peer-policy TO_SDWAN term VersaPvt-Wildcard match family versa-private
set devices template JAPAN-BLR-PS-IS-LIB config routing-instances routing-instance JAPAN-Control-VR protocols bgp bgp 125 routing-peer-policy TO_SDWAN term VersaPvt-Wildcard action filter accept
set devices template JAPAN-BLR-PS-IS-LIB config routing-instances routing-instance JAPAN-Control-VR protocols bgp bgp 125 routing-peer-policy TO_SDWAN term VersaPvt-Wildcard action community 91:10
set devices template JAPAN-BLR-PS-IS-LIB config routing-instances routing-instance JAPAN-Control-VR protocols bgp bgp 125 routing-peer-policy TO_SDWAN term VersaPvt-Wildcard action community-action set-specific
set devices template JAPAN-BLR-PS-IS-LIB config routing-instances routing-instance JAPAN-Control-VR protocols bgp bgp 125 group Controllers-Group family inet unicast
set devices template JAPAN-BLR-PS-IS-LIB config routing-instances routing-instance JAPAN-Control-VR protocols bgp bgp 125 group Controllers-Group export TO_SDWAN

set devices template JAPAN-BLR-PS-IS-LIB config orgs org JAPAN sd-wan site wan-interfaces vni vni-0/2.0 sla-monitoring fc fc_nc interval 10
set devices template JAPAN-BLR-PS-IS-LIB config orgs org JAPAN sd-wan site wan-interfaces vni vni-0/2.0 sla-monitoring fc fc_nc logging-interval 30
set devices template JAPAN-BLR-PS-IS-LIB config orgs org JAPAN sd-wan site wan-interfaces vni vni-0/2.0 sla-monitoring fc fc_nc send-to controller
set devices template JAPAN-BLR-PS-IS-LIB config orgs org JAPAN sd-wan site wan-interfaces vni vni-0/2.0 sla-monitoring fc fc_be interval 10
set devices template JAPAN-BLR-PS-IS-LIB config orgs org JAPAN sd-wan site wan-interfaces vni vni-0/2.0 sla-monitoring fc fc_be logging-interval 30
set devices template JAPAN-BLR-PS-IS-LIB config orgs org JAPAN sd-wan site wan-interfaces vni vni-0/2.0 sla-monitoring fc fc_be send-to branches
set devices template JAPAN-BLR-PS-IS-LIB config orgs org JAPAN sd-wan site wan-interfaces vni vni-0/2.0 management-traffic priority 0

set devices template JAPAN-BLR-PS-IS-LIB config orgs org-services JAPAN class-of-service qos-policies qos-policy-group Default-Policy rules qos-policy IPSEC_IN match source zone zone-list [ Intf-INT-WAN-Zone ]
set devices template JAPAN-BLR-PS-IS-LIB config orgs org-services JAPAN class-of-service qos-policies qos-policy-group Default-Policy rules qos-policy IPSEC_IN match services predefined-services-list [ ESP ICMP ]
set devices template JAPAN-BLR-PS-IS-LIB config orgs org-services JAPAN class-of-service qos-policies qos-policy-group Default-Policy rules qos-policy IPSEC_IN match services services-list [ IPSEC IPSecAH ]
set devices template JAPAN-BLR-PS-IS-LIB config orgs org-services JAPAN class-of-service qos-policies qos-policy-group Default-Policy rules qos-policy IPSEC_IN set action allow
set devices template JAPAN-BLR-PS-IS-LIB config orgs org-services JAPAN class-of-service qos-policies qos-policy-group Default-Policy rules qos-policy IPSEC_OUT match destination zone zone-list [ Intf-INT-WAN-Zone ]
set devices template JAPAN-BLR-PS-IS-LIB config orgs org-services JAPAN class-of-service qos-policies qos-policy-group Default-Policy rules qos-policy IPSEC_OUT match services predefined-services-list [ ESP ICMP ]
set devices template JAPAN-BLR-PS-IS-LIB config orgs org-services JAPAN class-of-service qos-policies qos-policy-group Default-Policy rules qos-policy IPSEC_OUT match services services-list [ IPSEC IPSIPSecAH ]
set devices template JAPAN-BLR-PS-IS-LIB config orgs org-services JAPAN class-of-service qos-policies qos-policy-group Default-Policy rules qos-policy IPSEC_OUT set action allow
set devices template JAPAN-BLR-PS-IS-LIB config orgs org-services JAPAN class-of-service qos-policies qos-policy-group Default-Policy rules qos-policy ARP_IN match source zone zone-list [ Intf-INT-WAN-Zone ]
set devices template JAPAN-BLR-PS-IS-LIB config orgs org-services JAPAN class-of-service qos-policies qos-policy-group Default-Policy rules qos-policy ARP_IN match ether-type ARP
set devices template JAPAN-BLR-PS-IS-LIB config orgs org-services JAPAN class-of-service qos-policies qos-policy-group Default-Policy rules qos-policy ARP_IN set action allow
set devices template JAPAN-BLR-PS-IS-LIB config orgs org-services JAPAN class-of-service qos-policies qos-policy-group Default-Policy rules qos-policy ARP_OUT match destination zone zone-list [ Intf-INT-WAN-Zone ]
set devices template JAPAN-BLR-PS-IS-LIB config orgs org-services JAPAN class-of-service qos-policies qos-policy-group Default-Policy rules qos-policy ARP_OUT match ether-type ARP
set devices template JAPAN-BLR-PS-IS-LIB config orgs org-services JAPAN class-of-service qos-policies qos-policy-group Default-Policy rules qos-policy ARP_OUT set action allow
set devices template JAPAN-BLR-PS-IS-LIB config orgs org-services JAPAN class-of-service qos-policies qos-policy-group Default-Policy rules qos-policy DHCP_IN match source zone zone-list [ Intf-INT-WAN-Zone ]
set devices template JAPAN-BLR-PS-IS-LIB config orgs org-services JAPAN class-of-service qos-policies qos-policy-group Default-Policy rules qos-policy DHCP_IN match services services-list [ DHCP-67 DHCP-68 ]
set devices template JAPAN-BLR-PS-IS-LIB config orgs org-services JAPAN class-of-service qos-policies qos-policy-group Default-Policy rules qos-policy DHCP_IN set action allow
set devices template JAPAN-BLR-PS-IS-LIB config orgs org-services JAPAN class-of-service qos-policies qos-policy-group Default-Policy rules qos-policy DHCP_OUT match destination zone zone-list [ Intf-INT-WAN-Zone ]
set devices template JAPAN-BLR-PS-IS-LIB config orgs org-services JAPAN class-of-service qos-policies qos-policy-group Default-Policy rules qos-policy DHCP_OUT match services services-list [ DHCP-67 DHCP-68 ]
set devices template JAPAN-BLR-PS-IS-LIB config orgs org-services JAPAN class-of-service qos-policies qos-policy-group Default-Policy rules qos-policy DHCP_OUT set action allow

set devices template JAPAN-BLR-PS-IS-LIB config orgs org-services JAPAN class-of-service qos-policies qos-policy-group Default-Policy rules qos-policy INT_OUT match source zone zone-list [ Intf-LAN1-Zone Intf-LAN2-Zone Intf-LAN3-Zone Intf-LAN4-Zone Intf-LAN5-Zone W-ST-LAN1-VRF-INT-WAN W-ST-LAN2-VRF-INT-WAN W-ST-LAN3-VRF-INT-WAN W-ST-LAN4-VRF-INT-WAN W-ST-LAN5-VRF-INT-WAN ]
set devices template JAPAN-BLR-PS-IS-LIB config orgs org-services JAPAN class-of-service qos-policies qos-policy-group Default-Policy rules qos-policy INT_OUT match destination zone zone-list [ Intf-INT-WAN-Zone L-ST-LAN1-VRF-INT-WAN L-ST-LAN2-VRF-INT-WAN L-ST-LAN3-VRF-INT-WAN L-ST-LAN4-VRF-INT-WAN L-ST-LAN5-VRF-INT-WAN ]
set devices template JAPAN-BLR-PS-IS-LIB config orgs org-services JAPAN class-of-service qos-policies qos-policy-group Default-Policy rules qos-policy INT_OUT set action allow
set devices template JAPAN-BLR-PS-IS-LIB config orgs org-services JAPAN class-of-service qos-policies qos-policy-group Default-Policy rules qos-policy INT_IN match source zone zone-list [ Intf-INT-WAN-Zone L-ST-LAN1-VRF-INT-WAN L-ST-LAN2-VRF-INT-WAN L-ST-LAN3-VRF-INT-WAN L-ST-LAN4-VRF-INT-WAN L-ST-LAN5-VRF-INT-WAN ]
set devices template JAPAN-BLR-PS-IS-LIB config orgs org-services JAPAN class-of-service qos-policies qos-policy-group Default-Policy rules qos-policy INT_IN set action allow



set devices template JAPAN-BLR-PS-IS-LIB config orgs org-services JAPAN class-of-service qos-policies qos-policy-group Default-Policy rules qos-policy WAN_IN match source zone zone-list [ Intf-INT-WAN-Zone ]
set devices template JAPAN-BLR-PS-IS-LIB config orgs org-services JAPAN class-of-service qos-policies qos-policy-group Default-Policy rules qos-policy WAN_IN set action deny
set devices template JAPAN-BLR-PS-IS-LIB config orgs org-services JAPAN class-of-service qos-policies qos-policy-group Default-Policy rules qos-policy WAN_OUT match destination zone zone-list [ Intf-INT-WAN-Zone ]
set devices template JAPAN-BLR-PS-IS-LIB config orgs org-services JAPAN class-of-service qos-policies qos-policy-group Default-Policy rules qos-policy WAN_OUT set action deny

delete devices template JAPAN-BLR-PS-IS-LIB config orgs org-services JAPAN cgnat rules rule RFC_1918_NoTranslate
delete devices template JAPAN-BLR-PS-IS-LIB config orgs org-services JAPAN cgnat rules rule DIA-Rule-LAN5-VRF-INT-WAN from
set devices template JAPAN-BLR-PS-IS-LIB config orgs org-services JAPAN cgnat rules rule DIA-Rule-LAN5-VRF-INT-WAN match source-zone [ W-ST-LAN5-VRF-INT-WAN ]
set devices template JAPAN-BLR-PS-IS-LIB config orgs org-services JAPAN cgnat rules rule DIA-Rule-LAN5-VRF-INT-WAN match destination-zone [ Intf-INT-WAN-Zone ]


delete device template JAPAN-BLR-PS-IS-LIB config org org-services JAPAN sd-wan policies sdwan-policy-group Default-Policy rules rule Default-Rule
set devices template JAPAN-BLR-PS-IS-LIB config org org-services JAPAN sd-wan forwarding-profiles forwarding-profile DEFAULT-TRAFFIC-PROFILE circuit-priorities priority 1 circuit-names local [ INT-WAN ]
set devices template JAPAN-BLR-PS-IS-LIB config org org-services JAPAN sd-wan forwarding-profiles forwarding-profile DEFAULT-TRAFFIC-PROFILE circuit-priorities priority 1 circuit-names remote [ INT-WAN INT-WAN1 INT-WAN2 ]
set devices template JAPAN-BLR-PS-IS-LIB config org org-services JAPAN sd-wan forwarding-profiles forwarding-profile DEFAULT-TRAFFIC-PROFILE circuit-priorities priority 2 circuit-names local [ INT-WAN ]
set devices template JAPAN-BLR-PS-IS-LIB config org org-services JAPAN sd-wan forwarding-profiles forwarding-profile DEFAULT-TRAFFIC-PROFILE circuit-priorities priority 2 circuit-names remote [ LTE-WAN ]
set devices template JAPAN-BLR-PS-IS-LIB config org org-services JAPAN sd-wan forwarding-profiles forwarding-profile DEFAULT-TRAFFIC-PROFILE connection-selection-method weighted-round-robin
set devices template JAPAN-BLR-PS-IS-LIB config org org-services JAPAN sd-wan forwarding-profiles forwarding-profile DEFAULT-TRAFFIC-PROFILE recompute-timer 40
set devices template JAPAN-BLR-PS-IS-LIB config org org-services JAPAN sd-wan forwarding-profiles forwarding-profile DEFAULT-TRAFFIC-PROFILE encryption optional
set devices template JAPAN-BLR-PS-IS-LIB config org org-services JAPAN sd-wan forwarding-profiles forwarding-profile DEFAULT-TRAFFIC-PROFILE symmetric-forwarding enable
set devices template JAPAN-BLR-PS-IS-LIB config org org-services JAPAN sd-wan policies sdwan-policy-group Default-Policy rules rule DEFAULT-TRAFFIC-RULE description DEFAULT-TRAFFIC-RULE
set devices template JAPAN-BLR-PS-IS-LIB config org org-services JAPAN sd-wan policies sdwan-policy-group Default-Policy rules rule DEFAULT-TRAFFIC-RULE set action allow
set devices template JAPAN-BLR-PS-IS-LIB config org org-services JAPAN sd-wan policies sdwan-policy-group Default-Policy rules rule DEFAULT-TRAFFIC-RULE set forwarding-profile DEFAULT-TRAFFIC-PROFILE
set devices template JAPAN-BLR-PS-IS-LIB config orgs org-services JAPAN objects services service IPSEC protocol UDP
set devices template JAPAN-BLR-PS-IS-LIB config orgs org-services JAPAN objects services service IPSEC destination-port 4790,4500,500
set devices template JAPAN-BLR-PS-IS-LIB config orgs org-services JAPAN objects services service IPSecAH protocol AH
set devices template JAPAN-BLR-PS-IS-LIB config orgs org-services JAPAN objects services service IPSIPSecAH protocol AH
set devices template JAPAN-BLR-PS-IS-LIB config orgs org-services JAPAN objects services service DHCP-67 protocol UDP
set devices template JAPAN-BLR-PS-IS-LIB config orgs org-services JAPAN objects services service DHCP-67 port 67
set devices template JAPAN-BLR-PS-IS-LIB config orgs org-services JAPAN objects services service DHCP-68 protocol UDP
set devices template JAPAN-BLR-PS-IS-LIB config orgs org-services JAPAN objects services service DHCP-68 port 68

delete devices template JAPAN-BLR-PS-IS-LIB config routing-instances routing-instance JAPAN-Control-VR routing-options static route
delete devices template JAPAN-BLR-PS-IS-LIB config orgs org-services JAPAN security access-policies access-policy-group Default-Policy

set devices template JAPAN-BLR-PS-IS-LIB config routing-instances routing-instance LAN1-VRF vrf-import-target target:1370L:13702
set devices template JAPAN-BLR-PS-IS-LIB config routing-instances routing-instance LAN1-VRF policy-options redistribution-policy Default-Policy-To-BGP term T3-STATIC match protocol static
set devices template JAPAN-BLR-PS-IS-LIB config routing-instances routing-instance LAN1-VRF policy-options redistribution-policy Default-Policy-To-BGP term T3-STATIC action filter accept
set devices template JAPAN-BLR-PS-IS-LIB config routing-instances routing-instance LAN1-VRF policy-options redistribution-policy Default-Policy-To-BGP term T3-STATIC action set-origin igp
set devices template JAPAN-BLR-PS-IS-LIB config routing-instances routing-instance LAN1-VRF policy-options redistribution-policy Default-Policy-To-BGP term T3-STATIC action set-local-preference 110
set devices template JAPAN-BLR-PS-IS-LIB config routing-instances routing-instance LAN2-VRF vrf-import-target target:1371L:13712
set devices template JAPAN-BLR-PS-IS-LIB config routing-instances routing-instance LAN2-VRF policy-options redistribution-policy Default-Policy-To-BGP term T3-STATIC match protocol static
set devices template JAPAN-BLR-PS-IS-LIB config routing-instances routing-instance LAN2-VRF policy-options redistribution-policy Default-Policy-To-BGP term T3-STATIC action filter accept
set devices template JAPAN-BLR-PS-IS-LIB config routing-instances routing-instance LAN2-VRF policy-options redistribution-policy Default-Policy-To-BGP term T3-STATIC action set-origin igp
set devices template JAPAN-BLR-PS-IS-LIB config routing-instances routing-instance LAN2-VRF policy-options redistribution-policy Default-Policy-To-BGP term T3-STATIC action set-local-preference 110
set devices template JAPAN-BLR-PS-IS-LIB config routing-instances routing-instance LAN3-VRF vrf-import-target target:1372L:13722
set devices template JAPAN-BLR-PS-IS-LIB config routing-instances routing-instance LAN3-VRF policy-options redistribution-policy Default-Policy-To-BGP term T3-STATIC match protocol static
set devices template JAPAN-BLR-PS-IS-LIB config routing-instances routing-instance LAN3-VRF policy-options redistribution-policy Default-Policy-To-BGP term T3-STATIC action filter accept
set devices template JAPAN-BLR-PS-IS-LIB config routing-instances routing-instance LAN3-VRF policy-options redistribution-policy Default-Policy-To-BGP term T3-STATIC action set-origin igp
set devices template JAPAN-BLR-PS-IS-LIB config routing-instances routing-instance LAN3-VRF policy-options redistribution-policy Default-Policy-To-BGP term T3-STATIC action set-local-preference 110
set devices template JAPAN-BLR-PS-IS-LIB config routing-instances routing-instance LAN4-VRF vrf-import-target target:1373L:13732
set devices template JAPAN-BLR-PS-IS-LIB config routing-instances routing-instance LAN4-VRF policy-options redistribution-policy Default-Policy-To-BGP term T3-STATIC match protocol static
set devices template JAPAN-BLR-PS-IS-LIB config routing-instances routing-instance LAN4-VRF policy-options redistribution-policy Default-Policy-To-BGP term T3-STATIC action filter accept
set devices template JAPAN-BLR-PS-IS-LIB config routing-instances routing-instance LAN4-VRF policy-options redistribution-policy Default-Policy-To-BGP term T3-STATIC action set-origin igp
set devices template JAPAN-BLR-PS-IS-LIB config routing-instances routing-instance LAN4-VRF policy-options redistribution-policy Default-Policy-To-BGP term T3-STATIC action set-local-preference 110
set devices template JAPAN-BLR-PS-IS-LIB config routing-instances routing-instance LAN5-VRF vrf-import-target target:1374L:13742
set devices template JAPAN-BLR-PS-IS-LIB config routing-instances routing-instance LAN5-VRF policy-options redistribution-policy Default-Policy-To-BGP term T3-STATIC match protocol static
set devices template JAPAN-BLR-PS-IS-LIB config routing-instances routing-instance LAN5-VRF policy-options redistribution-policy Default-Policy-To-BGP term T3-STATIC action filter accept
set devices template JAPAN-BLR-PS-IS-LIB config routing-instances routing-instance LAN5-VRF policy-options redistribution-policy Default-Policy-To-BGP term T3-STATIC action set-origin igp
set devices template JAPAN-BLR-PS-IS-LIB config routing-instances routing-instance LAN5-VRF policy-options redistribution-policy Default-Policy-To-BGP term T3-STATIC action set-local-preference 110
set devices template JAPAN-BLR-PS-IS-LIB config snmp usm local user coltuser auth sha password Colt1234

set devices template JAPAN-BLR-PS-IS-LIB config system time-zone Greenwich
set devices template JAPAN-BLR-PS-IS-LIB config confdConfig cli banner "Access to this network/system is limited to users authorised by Colt for its legitimate business purposes. Unauthorised access, use, installation of files or modification of any data is prohibited. Use of this system/network will be audited"
set devices template JAPAN-BLR-PS-IS-LIB config system users portal login shell role admin password yA:D#{}Vn9JE-?Qa
set devices template JAPAN-BLR-PS-IS-LIB config system users portal ssh-public-key portal contents "ssh-rsa AAAAB3NzaC1yc2EAAAADAQABAAABAQDo+WWU8BDyqZCYadUGElffuy1pkOo4nrg/yfOqV84G+ukVGf+SF48h+543zMxMmKTauHEqmSp+74IbSpN9buBom/BFpBTm3c66BErMmLNariqvfItG7CO9UBPqoXpUBAXnF/muohwe145jEyRRI4Lof2wK6F6qYjzTQHK+zp5IpV6D+VurfQ6fIQB2oUIj9c8OG3Zfyp33l9utdLCzR7Uo4OGt9GidMrO2mXSBWXb+L5o6MAiOB4EhKvVyG9O8+So7zHEcUI65bq3JWzLzM7w705ySVwitEeqCx2wS7v/2KNuHmI8kSQVOuXQ539V3PJThvlVPY7ABmrY5+4MZT+Fv novitas@colt.net"
2019-03-14 17:05:34,138 - CPE12 - INFO - configure
Entering configuration mode private
Current configuration users:
Administrator ssh (cli from 10.91.192.179) on since 2019-03-14 11:33:26 private mode
admin tcp (maapi from 127.0.0.1) on since 2019-03-14 11:27:16 private mode
admin tcp (maapi from 127.0.0.1) on since 2019-03-14 11:23:18 private mode
admin tcp (maapi from 127.0.0.1) on since 2019-03-14 11:22:29 private mode
Administrator ssh (cli from 10.91.124.96) on since 2019-03-14 11:16:43 private mode
admin tcp (maapi from 127.0.0.1) on since 2019-03-14 11:12:16 private mode
Administrator ssh (cli from 10.91.124.96) on since 2019-03-14 10:59:48 private mode
admin tcp (maapi from 127.0.0.1) on since 2019-03-06 13:28:05 private mode
admin tcp (maapi from 127.0.0.1) on since 2019-02-12 09:49:29 private mode
admin tcp (maapi from 127.0.0.1) on since 2019-02-04 11:31:18 private mode
admin tcp (maapi from 127.0.0.1) on since 2019-02-04 11:31:18 private mode
admin tcp (maapi from 127.0.0.1) on since 2019-02-04 11:31:17 private mode
admin tcp (maapi from 127.0.0.1) on since 2019-02-04 11:31:17 private mode
admin tcp (maapi from 127.0.0.1) on since 2019-02-04 11:31:17 private mode
admin tcp (maapi from 127.0.0.1) on since 2019-02-04 11:31:17 private mode
admin tcp (maapi from 127.0.0.1) on since 2019-02-04 11:31:17 private mode
admin tcp (maapi from 127.0.0.1) on since 2019-02-04 11:31:17 private mode
[ok][2019-03-14 11:34:36]

[edit]
Administrator@Versa-Dir-BLR-1% set devices template JAPAN-BLR-PS-IS-LIB config interfaces vni vni-0/2 description "INT-WAN"
[ok][2019-03-14 11:34:37]

[edit]
Administrator@Versa-Dir-BLR-1% 

[edit]
Administrator@Versa-Dir-BLR-1% set devices template JAPAN-BLR-PS-IS-LIB config system vnf-manager ip-addresses [ 10.91.116.67/32 10.91.116.68/32 ]
[ok][2019-03-14 11:34:37]

[edit]
Administrator@Versa-Dir-BLR-1% delete devices template JAPAN-BLR-PS-IS-LIB config routing-instances routing-instance INT-WAN-Transport-VR routing-options static  route rti-static-route-list 0.0.0.0/0 "{$v_INT-WAN-Transport-VR_IPv4__vrHopAddress}" none icmp
Error: element not found
[error][2019-03-14 11:34:37]

[edit]
Administrator@Versa-Dir-BLR-1% set devices template JAPAN-BLR-PS-IS-LIB config routing-instances routing-instance JAPAN-Control-VR protocols bgp bgp 125 hold-time 90
[ok][2019-03-14 11:34:38]

[edit]
Administrator@Versa-Dir-BLR-1% set devices template JAPAN-BLR-PS-IS-LIB config routing-instances routing-instance JAPAN-Control-VR protocols bgp bgp 125 graceful-restart enable
[ok][2019-03-14 11:34:38]

[edit]
Administrator@Versa-Dir-BLR-1% set devices template JAPAN-BLR-PS-IS-LIB config routing-instances routing-instance JAPAN-Control-VR protocols bgp bgp 125 graceful-restart maximum-restart-time 15
[ok][2019-03-14 11:34:39]

[edit]
Administrator@Versa-Dir-BLR-1% set devices template JAPAN-BLR-PS-IS-LIB config routing-instances routing-instance JAPAN-Control-VR protocols bgp bgp 125 graceful-restart recovery-time 15
[ok][2019-03-14 11:34:39]

[edit]
Administrator@Versa-Dir-BLR-1% set devices template JAPAN-BLR-PS-IS-LIB config routing-instances routing-instance JAPAN-Control-VR protocols bgp bgp 125 graceful-restart select-defer-time 15
[ok][2019-03-14 11:34:40]

[edit]
Administrator@Versa-Dir-BLR-1% set devices template JAPAN-BLR-PS-IS-LIB config routing-instances routing-instance JAPAN-Control-VR protocols bgp bgp 125 graceful-restart stalepath-time 15
[ok][2019-03-14 11:34:40]

[edit]
Administrator@Versa-Dir-BLR-1% set devices template JAPAN-BLR-PS-IS-LIB config routing-instances routing-instance JAPAN-Control-VR protocols bgp bgp 125 graceful-restart dynamic-peer-restart-time 0
[ok][2019-03-14 11:34:40]

[edit]
Administrator@Versa-Dir-BLR-1% 

[edit]
Administrator@Versa-Dir-BLR-1% set devices template JAPAN-BLR-PS-IS-LIB config routing-instances routing-instance JAPAN-Control-VR protocols bgp bgp 125 routing-peer-policy Import-From-SDWAN-Policy term 1GW1 match family inet-vpn
[ok][2019-03-14 11:34:41]

[edit]
Administrator@Versa-Dir-BLR-1% set devices template JAPAN-BLR-PS-IS-LIB config routing-instances routing-instance JAPAN-Control-VR protocols bgp bgp 125 routing-peer-policy Import-From-SDWAN-Policy term 1GW1 match community "(^|,)([0-9]*:11)($|,)"
[ok][2019-03-14 11:34:41]

[edit]
Administrator@Versa-Dir-BLR-1% set devices template JAPAN-BLR-PS-IS-LIB config routing-instances routing-instance JAPAN-Control-VR protocols bgp bgp 125 routing-peer-policy Import-From-SDWAN-Policy term 1GW1 action filter accept
[ok][2019-03-14 11:34:42]

[edit]
Administrator@Versa-Dir-BLR-1% set devices template JAPAN-BLR-PS-IS-LIB config routing-instances routing-instance JAPAN-Control-VR protocols bgp bgp 125 routing-peer-policy Import-From-SDWAN-Policy term 1GW1 action community 8009:8009
[ok][2019-03-14 11:34:42]

[edit]
Administrator@Versa-Dir-BLR-1% set devices template JAPAN-BLR-PS-IS-LIB config routing-instances routing-instance JAPAN-Control-VR protocols bgp bgp 125 routing-peer-policy Import-From-SDWAN-Policy term 1GW1 action community-action set-specific
[ok][2019-03-14 11:34:43]

[edit]
Administrator@Versa-Dir-BLR-1% set devices template JAPAN-BLR-PS-IS-LIB config routing-instances routing-instance JAPAN-Control-VR protocols bgp bgp 125 routing-peer-policy Import-From-SDWAN-Policy term 1GW1 action set-local-preference 80
[ok][2019-03-14 11:34:43]

[edit]
Administrator@Versa-Dir-BLR-1% set devices template JAPAN-BLR-PS-IS-LIB config routing-instances routing-instance JAPAN-Control-VR protocols bgp bgp 125 routing-peer-policy Import-From-SDWAN-Policy term 2GW2 match family inet-vpn
[ok][2019-03-14 11:34:44]

[edit]
Administrator@Versa-Dir-BLR-1% set devices template JAPAN-BLR-PS-IS-LIB config routing-instances routing-instance JAPAN-Control-VR protocols bgp bgp 125 routing-peer-policy Import-From-SDWAN-Policy term 2GW2 match community "(^|,)([0-9]*:12)($|,)"
[ok][2019-03-14 11:34:44]

[edit]
Administrator@Versa-Dir-BLR-1% set devices template JAPAN-BLR-PS-IS-LIB config routing-instances routing-instance JAPAN-Control-VR protocols bgp bgp 125 routing-peer-policy Import-From-SDWAN-Policy term 2GW2 action filter accept
[ok][2019-03-14 11:34:45]

[edit]
Administrator@Versa-Dir-BLR-1% set devices template JAPAN-BLR-PS-IS-LIB config routing-instances routing-instance JAPAN-Control-VR protocols bgp bgp 125 routing-peer-policy Import-From-SDWAN-Policy term 2GW2 action community 8009:8009
[ok][2019-03-14 11:34:45]

[edit]
Administrator@Versa-Dir-BLR-1% set devices template JAPAN-BLR-PS-IS-LIB config routing-instances routing-instance JAPAN-Control-VR protocols bgp bgp 125 routing-peer-policy Import-From-SDWAN-Policy term 2GW2 action community-action set-specific
[ok][2019-03-14 11:34:46]

[edit]
Administrator@Versa-Dir-BLR-1% set devices template JAPAN-BLR-PS-IS-LIB config routing-instances routing-instance JAPAN-Control-VR protocols bgp bgp 125 routing-peer-policy Import-From-SDWAN-Policy term 2GW2 action set-local-preference 60
[ok][2019-03-14 11:34:46]

[edit]
Administrator@Versa-Dir-BLR-1% move devices template JAPAN-BLR-PS-IS-LIB config  routing-instances routing-instance JAPAN-Control-VR protocols bgp bgp 125 routing-peer-policy Import-From-SDWAN-Policy term 2GW2 first
[ok][2019-03-14 11:34:47]

[edit]
Administrator@Versa-Dir-BLR-1% move devices template JAPAN-BLR-PS-IS-LIB config  routing-instances routing-instance JAPAN-Control-VR protocols bgp bgp 125 routing-peer-policy Import-From-SDWAN-Policy term 1GW1 first
[ok][2019-03-14 11:34:47]

[edit]
Administrator@Versa-Dir-BLR-1% 

[edit]
Administrator@Versa-Dir-BLR-1% set devices template JAPAN-BLR-PS-IS-LIB config routing-instances routing-instance JAPAN-Control-VR protocols bgp bgp 125 routing-peer-policy TO_SDWAN term Wildcard match family inet-vpn
[ok][2019-03-14 11:34:48]

[edit]
Administrator@Versa-Dir-BLR-1% set devices template JAPAN-BLR-PS-IS-LIB config routing-instances routing-instance JAPAN-Control-VR protocols bgp bgp 125 routing-peer-policy TO_SDWAN term Wildcard action filter accept
[ok][2019-03-14 11:34:48]

[edit]
Administrator@Versa-Dir-BLR-1% set devices template JAPAN-BLR-PS-IS-LIB config routing-instances routing-instance JAPAN-Control-VR protocols bgp bgp 125 routing-peer-policy TO_SDWAN term Wildcard action community 91:10
[ok][2019-03-14 11:34:49]

[edit]
Administrator@Versa-Dir-BLR-1% set devices template JAPAN-BLR-PS-IS-LIB config routing-instances routing-instance JAPAN-Control-VR protocols bgp bgp 125 routing-peer-policy TO_SDWAN term Wildcard action community-action set-specific
[ok][2019-03-14 11:34:49]

[edit]
Administrator@Versa-Dir-BLR-1% set devices template JAPAN-BLR-PS-IS-LIB config routing-instances routing-instance JAPAN-Control-VR protocols bgp bgp 125 routing-peer-policy TO_SDWAN term VersaPvt-Wildcard match family versa-private
[ok][2019-03-14 11:34:50]

[edit]
Administrator@Versa-Dir-BLR-1% set devices template JAPAN-BLR-PS-IS-LIB config routing-instances routing-instance JAPAN-Control-VR protocols bgp bgp 125 routing-peer-policy TO_SDWAN term VersaPvt-Wildcard action filter accept
[ok][2019-03-14 11:34:50]

[edit]
Administrator@Versa-Dir-BLR-1% set devices template JAPAN-BLR-PS-IS-LIB config routing-instances routing-instance JAPAN-Control-VR protocols bgp bgp 125 routing-peer-policy TO_SDWAN term VersaPvt-Wildcard action community 91:10
[ok][2019-03-14 11:34:51]

[edit]
Administrator@Versa-Dir-BLR-1% set devices template JAPAN-BLR-PS-IS-LIB config routing-instances routing-instance JAPAN-Control-VR protocols bgp bgp 125 routing-peer-policy TO_SDWAN term VersaPvt-Wildcard action community-action set-specific
[ok][2019-03-14 11:34:51]

[edit]
Administrator@Versa-Dir-BLR-1% set devices template JAPAN-BLR-PS-IS-LIB config routing-instances routing-instance JAPAN-Control-VR protocols bgp bgp 125 group Controllers-Group family inet unicast
[ok][2019-03-14 11:34:51]

[edit]
Administrator@Versa-Dir-BLR-1% set devices template JAPAN-BLR-PS-IS-LIB config routing-instances routing-instance JAPAN-Control-VR protocols bgp bgp 125 group Controllers-Group export TO_SDWAN
[ok][2019-03-14 11:34:52]

[edit]
Administrator@Versa-Dir-BLR-1% 

[edit]
Administrator@Versa-Dir-BLR-1% set devices template JAPAN-BLR-PS-IS-LIB config orgs org JAPAN sd-wan site wan-interfaces vni vni-0/2.0 sla-monitoring fc fc_nc interval 10
[ok][2019-03-14 11:34:52]

[edit]
Administrator@Versa-Dir-BLR-1% set devices template JAPAN-BLR-PS-IS-LIB config orgs org JAPAN sd-wan site wan-interfaces vni vni-0/2.0 sla-monitoring fc fc_nc logging-interval 30
[ok][2019-03-14 11:34:53]

[edit]
Administrator@Versa-Dir-BLR-1% set devices template JAPAN-BLR-PS-IS-LIB config orgs org JAPAN sd-wan site wan-interfaces vni vni-0/2.0 sla-monitoring fc fc_nc send-to controller
[ok][2019-03-14 11:34:53]

[edit]
Administrator@Versa-Dir-BLR-1% set devices template JAPAN-BLR-PS-IS-LIB config orgs org JAPAN sd-wan site wan-interfaces vni vni-0/2.0 sla-monitoring fc fc_be interval 10
[ok][2019-03-14 11:34:53]

[edit]
Administrator@Versa-Dir-BLR-1% set devices template JAPAN-BLR-PS-IS-LIB config orgs org JAPAN sd-wan site wan-interfaces vni vni-0/2.0 sla-monitoring fc fc_be logging-interval 30
[ok][2019-03-14 11:34:54]

[edit]
Administrator@Versa-Dir-BLR-1% set devices template JAPAN-BLR-PS-IS-LIB config orgs org JAPAN sd-wan site wan-interfaces vni vni-0/2.0 sla-monitoring fc fc_be send-to branches
[ok][2019-03-14 11:34:54]

[edit]
Administrator@Versa-Dir-BLR-1% set devices template JAPAN-BLR-PS-IS-LIB config orgs org JAPAN sd-wan site wan-interfaces vni vni-0/2.0 management-traffic priority 0
[ok][2019-03-14 11:34:54]

[edit]
Administrator@Versa-Dir-BLR-1% 

[edit]
Administrator@Versa-Dir-BLR-1% set devices template JAPAN-BLR-PS-IS-LIB config orgs org-services JAPAN class-of-service qos-policies qos-policy-group Default-Policy rules qos-policy IPSEC_IN match source zone zone-list [ Intf-INT-WAN-Zone ] 
[ok][2019-03-14 11:34:55]

[edit]
Administrator@Versa-Dir-BLR-1% set devices template JAPAN-BLR-PS-IS-LIB config orgs org-services JAPAN class-of-service qos-policies qos-policy-group Default-Policy rules qos-policy IPSEC_IN match services predefined-services-list [ ESP ICMP ]
[ok][2019-03-14 11:34:55]

[edit]
Administrator@Versa-Dir-BLR-1% set devices template JAPAN-BLR-PS-IS-LIB config orgs org-services JAPAN class-of-service qos-policies qos-policy-group Default-Policy rules qos-policy IPSEC_IN match services services-list [ IPSEC IPSecAH ]
[ok][2019-03-14 11:34:56]

[edit]
Administrator@Versa-Dir-BLR-1% set devices template JAPAN-BLR-PS-IS-LIB config orgs org-services JAPAN class-of-service qos-policies qos-policy-group Default-Policy rules qos-policy IPSEC_IN set action allow
[ok][2019-03-14 11:34:56]

[edit]
Administrator@Versa-Dir-BLR-1% set devices template JAPAN-BLR-PS-IS-LIB config orgs org-services JAPAN class-of-service qos-policies qos-policy-group Default-Policy rules qos-policy IPSEC_OUT match destination zone zone-list [ Intf-INT-WAN-Zone ]
[ok][2019-03-14 11:34:57]

[edit]
Administrator@Versa-Dir-BLR-1% set devices template JAPAN-BLR-PS-IS-LIB config orgs org-services JAPAN class-of-service qos-policies qos-policy-group Default-Policy rules qos-policy IPSEC_OUT match services predefined-services-list [ ESP ICMP ]
[ok][2019-03-14 11:34:58]

[edit]
Administrator@Versa-Dir-BLR-1% set devices template JAPAN-BLR-PS-IS-LIB config orgs org-services JAPAN class-of-service qos-policies qos-policy-group Default-Policy rules qos-policy IPSEC_OUT match services services-list [ IPSEC IPSIPSecAH  ]
[ok][2019-03-14 11:34:58]

[edit]
Administrator@Versa-Dir-BLR-1% set devices template JAPAN-BLR-PS-IS-LIB config orgs org-services JAPAN class-of-service qos-policies qos-policy-group Default-Policy rules qos-policy IPSEC_OUT set action allow
[ok][2019-03-14 11:34:58]

[edit]
Administrator@Versa-Dir-BLR-1% set devices template JAPAN-BLR-PS-IS-LIB config orgs org-services JAPAN class-of-service qos-policies qos-policy-group Default-Policy rules qos-policy ARP_IN match source zone zone-list [ Intf-INT-WAN-Zone ]
[ok][2019-03-14 11:34:59]

[edit]
Administrator@Versa-Dir-BLR-1% set devices template JAPAN-BLR-PS-IS-LIB config orgs org-services JAPAN class-of-service qos-policies qos-policy-group Default-Policy rules qos-policy ARP_IN match ether-type ARP
[ok][2019-03-14 11:34:59]

[edit]
Administrator@Versa-Dir-BLR-1% set devices template JAPAN-BLR-PS-IS-LIB config orgs org-services JAPAN class-of-service qos-policies qos-policy-group Default-Policy rules qos-policy ARP_IN set action allow
[ok][2019-03-14 11:35:00]

[edit]
Administrator@Versa-Dir-BLR-1% set devices template JAPAN-BLR-PS-IS-LIB config orgs org-services JAPAN class-of-service qos-policies qos-policy-group Default-Policy rules qos-policy ARP_OUT match destination zone zone-list [ Intf-INT-WAN-Zone ]
[ok][2019-03-14 11:35:00]

[edit]
Administrator@Versa-Dir-BLR-1% set devices template JAPAN-BLR-PS-IS-LIB config orgs org-services JAPAN class-of-service qos-policies qos-policy-group Default-Policy rules qos-policy ARP_OUT match ether-type ARP
[ok][2019-03-14 11:35:01]

[edit]
Administrator@Versa-Dir-BLR-1% set devices template JAPAN-BLR-PS-IS-LIB config orgs org-services JAPAN class-of-service qos-policies qos-policy-group Default-Policy rules qos-policy ARP_OUT set action allow
[ok][2019-03-14 11:35:01]

[edit]
Administrator@Versa-Dir-BLR-1% set devices template JAPAN-BLR-PS-IS-LIB config orgs org-services JAPAN class-of-service qos-policies qos-policy-group Default-Policy rules qos-policy DHCP_IN match source zone zone-list [ Intf-INT-WAN-Zone ]
[ok][2019-03-14 11:35:02]

[edit]
Administrator@Versa-Dir-BLR-1% set devices template JAPAN-BLR-PS-IS-LIB config orgs org-services JAPAN class-of-service qos-policies qos-policy-group Default-Policy rules qos-policy DHCP_IN match services services-list [ DHCP-67 DHCP-68 ]
[ok][2019-03-14 11:35:03]

[edit]
Administrator@Versa-Dir-BLR-1% set devices template JAPAN-BLR-PS-IS-LIB config orgs org-services JAPAN class-of-service qos-policies qos-policy-group Default-Policy rules qos-policy DHCP_IN set action allow
[ok][2019-03-14 11:35:03]

[edit]
Administrator@Versa-Dir-BLR-1% set devices template JAPAN-BLR-PS-IS-LIB config orgs org-services JAPAN class-of-service qos-policies qos-policy-group Default-Policy rules qos-policy DHCP_OUT match destination zone zone-list [ Intf-INT-WAN-Zone ]
[ok][2019-03-14 11:35:04]

[edit]
Administrator@Versa-Dir-BLR-1% set devices template JAPAN-BLR-PS-IS-LIB config orgs org-services JAPAN class-of-service qos-policies qos-policy-group Default-Policy rules qos-policy DHCP_OUT match services services-list [ DHCP-67 DHCP-68 ]
[ok][2019-03-14 11:35:04]

[edit]
Administrator@Versa-Dir-BLR-1% set devices template JAPAN-BLR-PS-IS-LIB config orgs org-services JAPAN class-of-service qos-policies qos-policy-group Default-Policy rules qos-policy DHCP_OUT set action allow
[ok][2019-03-14 11:35:05]

[edit]
Administrator@Versa-Dir-BLR-1% 

[edit]
Administrator@Versa-Dir-BLR-1% set devices template JAPAN-BLR-PS-IS-LIB config orgs org-services JAPAN class-of-service qos-policies qos-policy-group Default-Policy rules qos-policy INT_OUT match source zone zone-list [ Intf-LAN1-Zone Intf-LAN2-Zone Intf-LAN3-Zone Intf-LAN4-Zone Intf-LAN5-Zone W-ST-LAN1-VRF-INT-WAN W-ST-LAN2-VRF-INT-WAN W-ST-LAN3-VRF-INT-WAN W-ST-LAN4-VRF-INT-WAN W-ST-LAN5-VRF-INT-WAN ]
[ok][2019-03-14 11:35:06]

[edit]
Administrator@Versa-Dir-BLR-1% set devices template JAPAN-BLR-PS-IS-LIB config orgs org-services JAPAN class-of-service qos-policies qos-policy-group Default-Policy rules qos-policy INT_OUT match destination zone zone-list [ Intf-INT-WAN-Zone L-ST-LAN1-VRF-INT-WAN L-ST-LAN2-VRF-INT-WAN L-ST-LAN3-VRF-INT-WAN L-ST-LAN4-VRF-INT-WAN L-ST-LAN5-VRF-INT-WAN ]
[ok][2019-03-14 11:35:06]

[edit]
Administrator@Versa-Dir-BLR-1% set devices template JAPAN-BLR-PS-IS-LIB config orgs org-services JAPAN class-of-service qos-policies qos-policy-group Default-Policy rules qos-policy INT_OUT set action allow
[ok][2019-03-14 11:35:07]

[edit]
Administrator@Versa-Dir-BLR-1% set devices template JAPAN-BLR-PS-IS-LIB config orgs org-services JAPAN class-of-service qos-policies qos-policy-group Default-Policy rules qos-policy INT_IN match source zone zone-list [ Intf-INT-WAN-Zone L-ST-LAN1-VRF-INT-WAN L-ST-LAN2-VRF-INT-WAN L-ST-LAN3-VRF-INT-WAN L-ST-LAN4-VRF-INT-WAN L-ST-LAN5-VRF-INT-WAN ]
[ok][2019-03-14 11:35:07]

[edit]
Administrator@Versa-Dir-BLR-1% set devices template JAPAN-BLR-PS-IS-LIB config orgs org-services JAPAN class-of-service qos-policies qos-policy-group Default-Policy rules qos-policy INT_IN set action allow
[ok][2019-03-14 11:35:08]

[edit]
Administrator@Versa-Dir-BLR-1% 

[edit]
Administrator@Versa-Dir-BLR-1% 

[edit]
Administrator@Versa-Dir-BLR-1% 

[edit]
Administrator@Versa-Dir-BLR-1% set devices template JAPAN-BLR-PS-IS-LIB config orgs org-services JAPAN class-of-service qos-policies qos-policy-group Default-Policy rules qos-policy WAN_IN match source zone zone-list [ Intf-INT-WAN-Zone ]
[ok][2019-03-14 11:35:08]

[edit]
Administrator@Versa-Dir-BLR-1% set devices template JAPAN-BLR-PS-IS-LIB config orgs org-services JAPAN class-of-service qos-policies qos-policy-group Default-Policy rules qos-policy WAN_IN set action deny
[ok][2019-03-14 11:35:09]

[edit]
Administrator@Versa-Dir-BLR-1% set devices template JAPAN-BLR-PS-IS-LIB config orgs org-services JAPAN class-of-service qos-policies qos-policy-group Default-Policy rules qos-policy WAN_OUT match destination zone zone-list [ Intf-INT-WAN-Zone ]
[ok][2019-03-14 11:35:09]

[edit]
Administrator@Versa-Dir-BLR-1% set devices template JAPAN-BLR-PS-IS-LIB config orgs org-services JAPAN class-of-service qos-policies qos-policy-group Default-Policy rules qos-policy WAN_OUT set action deny
[ok][2019-03-14 11:35:10]

[edit]
Administrator@Versa-Dir-BLR-1% 

[edit]
Administrator@Versa-Dir-BLR-1% delete devices template JAPAN-BLR-PS-IS-LIB config orgs org-services JAPAN cgnat rules rule RFC_1918_NoTranslate
Error: element not found
[error][2019-03-14 11:35:10]

[edit]
Administrator@Versa-Dir-BLR-1% delete devices template JAPAN-BLR-PS-IS-LIB config orgs org-services JAPAN cgnat rules rule DIA-Rule-LAN5-VRF-INT-WAN from
Error: element not found
[error][2019-03-14 11:35:11]

[edit]
Administrator@Versa-Dir-BLR-1% set devices template JAPAN-BLR-PS-IS-LIB config orgs org-services JAPAN cgnat rules rule DIA-Rule-LAN5-VRF-INT-WAN match source-zone [ W-ST-LAN5-VRF-INT-WAN ]
[ok][2019-03-14 11:35:11]

[edit]
Administrator@Versa-Dir-BLR-1% set devices template JAPAN-BLR-PS-IS-LIB config orgs org-services JAPAN cgnat rules rule DIA-Rule-LAN5-VRF-INT-WAN match destination-zone [ Intf-INT-WAN-Zone ]
[ok][2019-03-14 11:35:11]

[edit]
Administrator@Versa-Dir-BLR-1% 

[edit]
Administrator@Versa-Dir-BLR-1% 

[edit]
Administrator@Versa-Dir-BLR-1% delete devices template JAPAN-BLR-PS-IS-LIB config orgs org-services JAPAN sd-wan policies sdwan-policy-group Default-Policy rules rule Default-Rule
Error: element not found
[error][2019-03-14 11:35:12]

[edit]
Administrator@Versa-Dir-BLR-1% set devices template JAPAN-BLR-PS-IS-LIB config orgs org-services JAPAN sd-wan forwarding-profiles forwarding-profile DEFAULT-TRAFFIC-PROFILE circuit-priorities priority 1 circuit-names local [ INT-WAN ]
[ok][2019-03-14 11:35:12]

[edit]
Administrator@Versa-Dir-BLR-1% set devices template JAPAN-BLR-PS-IS-LIB config orgs org-services JAPAN sd-wan forwarding-profiles forwarding-profile DEFAULT-TRAFFIC-PROFILE circuit-priorities priority 1 circuit-names remote [ INT-WAN INT-WAN1 INT-WAN2 ]
[ok][2019-03-14 11:35:13]

[edit]
Administrator@Versa-Dir-BLR-1% set devices template JAPAN-BLR-PS-IS-LIB config orgs org-services JAPAN sd-wan forwarding-profiles forwarding-profile DEFAULT-TRAFFIC-PROFILE circuit-priorities priority 2 circuit-names local [ INT-WAN ]
[ok][2019-03-14 11:35:13]

[edit]
Administrator@Versa-Dir-BLR-1% set devices template JAPAN-BLR-PS-IS-LIB config orgs org-services JAPAN sd-wan forwarding-profiles forwarding-profile DEFAULT-TRAFFIC-PROFILE circuit-priorities priority 2 circuit-names remote [ LTE-WAN ]
[ok][2019-03-14 11:35:14]

[edit]
Administrator@Versa-Dir-BLR-1% set devices template JAPAN-BLR-PS-IS-LIB config orgs org-services JAPAN sd-wan forwarding-profiles forwarding-profile DEFAULT-TRAFFIC-PROFILE connection-selection-method weighted-round-robin
[ok][2019-03-14 11:35:14]

[edit]
Administrator@Versa-Dir-BLR-1% set devices template JAPAN-BLR-PS-IS-LIB config orgs org-services JAPAN sd-wan forwarding-profiles forwarding-profile DEFAULT-TRAFFIC-PROFILE recompute-timer 40
[ok][2019-03-14 11:35:14]

[edit]
Administrator@Versa-Dir-BLR-1% set devices template JAPAN-BLR-PS-IS-LIB config orgs org-services JAPAN sd-wan forwarding-profiles forwarding-profile DEFAULT-TRAFFIC-PROFILE encryption optional
[ok][2019-03-14 11:35:15]

[edit]
Administrator@Versa-Dir-BLR-1% set devices template JAPAN-BLR-PS-IS-LIB config orgs org-services JAPAN sd-wan forwarding-profiles forwarding-profile DEFAULT-TRAFFIC-PROFILE symmetric-forwarding enable
[ok][2019-03-14 11:35:15]

[edit]
Administrator@Versa-Dir-BLR-1% set devices template JAPAN-BLR-PS-IS-LIB config orgs org-services JAPAN sd-wan policies sdwan-policy-group Default-Policy rules rule DEFAULT-TRAFFIC-RULE description DEFAULT-TRAFFIC-RULE
[ok][2019-03-14 11:35:16]

[edit]
Administrator@Versa-Dir-BLR-1% set devices template JAPAN-BLR-PS-IS-LIB config orgs org-services JAPAN sd-wan policies sdwan-policy-group Default-Policy rules rule DEFAULT-TRAFFIC-RULE set action allow
[ok][2019-03-14 11:35:16]

[edit]
Administrator@Versa-Dir-BLR-1% set devices template JAPAN-BLR-PS-IS-LIB config orgs org-services JAPAN sd-wan policies sdwan-policy-group Default-Policy rules rule DEFAULT-TRAFFIC-RULE set forwarding-profile DEFAULT-TRAFFIC-PROFILE
[ok][2019-03-14 11:35:16]

[edit]
Administrator@Versa-Dir-BLR-1% set devices template JAPAN-BLR-PS-IS-LIB config orgs org-services JAPAN objects services service IPSEC protocol UDP
[ok][2019-03-14 11:35:17]

[edit]
Administrator@Versa-Dir-BLR-1% set devices template JAPAN-BLR-PS-IS-LIB config orgs org-services JAPAN objects services service IPSEC destination-port 4790,4500,500
[ok][2019-03-14 11:35:17]

[edit]
Administrator@Versa-Dir-BLR-1% set devices template JAPAN-BLR-PS-IS-LIB config orgs org-services JAPAN objects services service IPSecAH protocol AH
[ok][2019-03-14 11:35:17]

[edit]
Administrator@Versa-Dir-BLR-1% set devices template JAPAN-BLR-PS-IS-LIB config orgs org-services JAPAN objects services service IPSIPSecAH protocol AH
[ok][2019-03-14 11:35:18]

[edit]
Administrator@Versa-Dir-BLR-1% set devices template JAPAN-BLR-PS-IS-LIB config orgs org-services JAPAN objects services service DHCP-67 protocol UDP
[ok][2019-03-14 11:35:18]

[edit]
Administrator@Versa-Dir-BLR-1% set devices template JAPAN-BLR-PS-IS-LIB config orgs org-services JAPAN objects services service DHCP-67 port 67
[ok][2019-03-14 11:35:18]

[edit]
Administrator@Versa-Dir-BLR-1% set devices template JAPAN-BLR-PS-IS-LIB config orgs org-services JAPAN objects services service DHCP-68 protocol UDP
[ok][2019-03-14 11:35:19]

[edit]
Administrator@Versa-Dir-BLR-1% set devices template JAPAN-BLR-PS-IS-LIB config orgs org-services JAPAN objects services service DHCP-68 port 68
[ok][2019-03-14 11:35:19]

[edit]
Administrator@Versa-Dir-BLR-1% 

[edit]
Administrator@Versa-Dir-BLR-1% delete devices template JAPAN-BLR-PS-IS-LIB config routing-instances routing-instance JAPAN-Control-VR routing-options static route
[ok][2019-03-14 11:35:19]

[edit]
Administrator@Versa-Dir-BLR-1% delete devices template JAPAN-BLR-PS-IS-LIB config orgs org-services JAPAN security access-policies access-policy-group Default-Policy
Error: element not found
[error][2019-03-14 11:35:20]

[edit]
Administrator@Versa-Dir-BLR-1% 

[edit]
Administrator@Versa-Dir-BLR-1% set devices template JAPAN-BLR-PS-IS-LIB config routing-instances routing-instance LAN1-VRF vrf-import-target target:1370L:13702
[ok][2019-03-14 11:35:20]

[edit]
Administrator@Versa-Dir-BLR-1% set devices template JAPAN-BLR-PS-IS-LIB config routing-instances routing-instance LAN1-VRF policy-options redistribution-policy  Default-Policy-To-BGP term T3-STATIC match protocol static
[ok][2019-03-14 11:35:20]

[edit]
Administrator@Versa-Dir-BLR-1% set devices template JAPAN-BLR-PS-IS-LIB config routing-instances routing-instance LAN1-VRF policy-options redistribution-policy  Default-Policy-To-BGP term T3-STATIC action filter accept
[ok][2019-03-14 11:35:21]

[edit]
Administrator@Versa-Dir-BLR-1% set devices template JAPAN-BLR-PS-IS-LIB config routing-instances routing-instance LAN1-VRF policy-options redistribution-policy  Default-Policy-To-BGP term T3-STATIC action set-origin igp
[ok][2019-03-14 11:35:21]

[edit]
Administrator@Versa-Dir-BLR-1% set devices template JAPAN-BLR-PS-IS-LIB config routing-instances routing-instance LAN1-VRF policy-options redistribution-policy  Default-Policy-To-BGP term T3-STATIC action set-local-preference 110
[ok][2019-03-14 11:35:21]

[edit]
Administrator@Versa-Dir-BLR-1% set devices template JAPAN-BLR-PS-IS-LIB config routing-instances routing-instance LAN2-VRF vrf-import-target target:1371L:13712
[ok][2019-03-14 11:35:22]

[edit]
Administrator@Versa-Dir-BLR-1% set devices template JAPAN-BLR-PS-IS-LIB config routing-instances routing-instance LAN2-VRF policy-options redistribution-policy  Default-Policy-To-BGP term T3-STATIC match protocol static
[ok][2019-03-14 11:35:22]

[edit]
Administrator@Versa-Dir-BLR-1% set devices template JAPAN-BLR-PS-IS-LIB config routing-instances routing-instance LAN2-VRF policy-options redistribution-policy  Default-Policy-To-BGP term T3-STATIC action filter accept
[ok][2019-03-14 11:35:23]

[edit]
Administrator@Versa-Dir-BLR-1% set devices template JAPAN-BLR-PS-IS-LIB config routing-instances routing-instance LAN2-VRF policy-options redistribution-policy  Default-Policy-To-BGP term T3-STATIC action set-origin igp
[ok][2019-03-14 11:35:23]

[edit]
Administrator@Versa-Dir-BLR-1% set devices template JAPAN-BLR-PS-IS-LIB config routing-instances routing-instance LAN2-VRF policy-options redistribution-policy  Default-Policy-To-BGP term T3-STATIC action set-local-preference 110
[ok][2019-03-14 11:35:23]

[edit]
Administrator@Versa-Dir-BLR-1% set devices template JAPAN-BLR-PS-IS-LIB config routing-instances routing-instance LAN3-VRF vrf-import-target target:1372L:13722
[ok][2019-03-14 11:35:24]

[edit]
Administrator@Versa-Dir-BLR-1% set devices template JAPAN-BLR-PS-IS-LIB config routing-instances routing-instance LAN3-VRF policy-options redistribution-policy  Default-Policy-To-BGP term T3-STATIC match protocol static
[ok][2019-03-14 11:35:24]

[edit]
Administrator@Versa-Dir-BLR-1% set devices template JAPAN-BLR-PS-IS-LIB config routing-instances routing-instance LAN3-VRF policy-options redistribution-policy  Default-Policy-To-BGP term T3-STATIC action filter accept
[ok][2019-03-14 11:35:25]

[edit]
Administrator@Versa-Dir-BLR-1% set devices template JAPAN-BLR-PS-IS-LIB config routing-instances routing-instance LAN3-VRF policy-options redistribution-policy  Default-Policy-To-BGP term T3-STATIC action set-origin igp
[ok][2019-03-14 11:35:25]

[edit]
Administrator@Versa-Dir-BLR-1% set devices template JAPAN-BLR-PS-IS-LIB config routing-instances routing-instance LAN3-VRF policy-options redistribution-policy  Default-Policy-To-BGP term T3-STATIC action set-local-preference 110
[ok][2019-03-14 11:35:25]

[edit]
Administrator@Versa-Dir-BLR-1% set devices template JAPAN-BLR-PS-IS-LIB config routing-instances routing-instance LAN4-VRF vrf-import-target target:1373L:13732
[ok][2019-03-14 11:35:25]

[edit]
Administrator@Versa-Dir-BLR-1% set devices template JAPAN-BLR-PS-IS-LIB config routing-instances routing-instance LAN4-VRF policy-options redistribution-policy  Default-Policy-To-BGP term T3-STATIC match protocol static
[ok][2019-03-14 11:35:26]

[edit]
Administrator@Versa-Dir-BLR-1% set devices template JAPAN-BLR-PS-IS-LIB config routing-instances routing-instance LAN4-VRF policy-options redistribution-policy  Default-Policy-To-BGP term T3-STATIC action filter accept
[ok][2019-03-14 11:35:26]

[edit]
Administrator@Versa-Dir-BLR-1% set devices template JAPAN-BLR-PS-IS-LIB config routing-instances routing-instance LAN4-VRF policy-options redistribution-policy  Default-Policy-To-BGP term T3-STATIC action set-origin igp
[ok][2019-03-14 11:35:27]

[edit]
Administrator@Versa-Dir-BLR-1% set devices template JAPAN-BLR-PS-IS-LIB config routing-instances routing-instance LAN4-VRF policy-options redistribution-policy  Default-Policy-To-BGP term T3-STATIC action set-local-preference 110
[ok][2019-03-14 11:35:27]

[edit]
Administrator@Versa-Dir-BLR-1% set devices template JAPAN-BLR-PS-IS-LIB config routing-instances routing-instance LAN5-VRF vrf-import-target target:1374L:13742
[ok][2019-03-14 11:35:27]

[edit]
Administrator@Versa-Dir-BLR-1% set devices template JAPAN-BLR-PS-IS-LIB config routing-instances routing-instance LAN5-VRF policy-options redistribution-policy  Default-Policy-To-BGP term T3-STATIC match protocol static
[ok][2019-03-14 11:35:28]

[edit]
Administrator@Versa-Dir-BLR-1% set devices template JAPAN-BLR-PS-IS-LIB config routing-instances routing-instance LAN5-VRF policy-options redistribution-policy  Default-Policy-To-BGP term T3-STATIC action filter accept
[ok][2019-03-14 11:35:28]

[edit]
Administrator@Versa-Dir-BLR-1% set devices template JAPAN-BLR-PS-IS-LIB config routing-instances routing-instance LAN5-VRF policy-options redistribution-policy  Default-Policy-To-BGP term T3-STATIC action set-origin igp
[ok][2019-03-14 11:35:28]

[edit]
Administrator@Versa-Dir-BLR-1% set devices template JAPAN-BLR-PS-IS-LIB config routing-instances routing-instance LAN5-VRF policy-options redistribution-policy  Default-Policy-To-BGP term T3-STATIC action set-local-preference 110
[ok][2019-03-14 11:35:29]

[edit]
Administrator@Versa-Dir-BLR-1% set devices template JAPAN-BLR-PS-IS-LIB config snmp usm local user coltuser auth sha password Colt1234
[ok][2019-03-14 11:35:29]

[edit]
Administrator@Versa-Dir-BLR-1% 

[edit]
Administrator@Versa-Dir-BLR-1% set devices template JAPAN-BLR-PS-IS-LIB config system time-zone Greenwich
[ok][2019-03-14 11:35:29]

[edit]
Administrator@Versa-Dir-BLR-1% set devices template JAPAN-BLR-PS-IS-LIB config confdConfig cli banner "Access to this network/system is limited to users authorised by Colt for its legitimate business purposes. Unauthorised access, use, installation of files or modification of any data is prohibited. Use of this system/network will be audited"
[ok][2019-03-14 11:35:30]

[edit]
Administrator@Versa-Dir-BLR-1% set devices template JAPAN-BLR-PS-IS-LIB config system users portal login shell role admin password yA:D#{}Vn9JE-?Qa
[ok][2019-03-14 11:35:30]

[edit]
Administrator@Versa-Dir-BLR-1% set devices template JAPAN-BLR-PS-IS-LIB config system users portal ssh-public-key portal contents "ssh-rsa AAAAB3NzaC1yc2EAAAADAQABAAABAQDo+WWU8BDyqZCYadUGElffuy1pkOo4nrg/yfOqV84G+ukVGf+SF48h+543zMxMmKTauHEqmSp+74IbSpN9buBom/BFpBTm3c66BErMmLNariqvfItG7CO9UBPqoXpUBAXnF/muohwe145jEyRRI4Lof2wK6F6qYjzTQHK+zp5IpV6D+VurfQ6fIQB2oUIj9c8OG3Zfyp33l9utdLCzR7Uo4OGt9GidMrO2mXSBWXb+L5o6MAiOB4EhKvVyG9O8+So7zHEcUI65bq3JWzLzM7w705ySVwitEeqCx2wS7v/2KNuHmI8kSQVOuXQ539V3PJThvlVPY7ABmrY5+4MZT+Fv novitas@colt.net"
[ok][2019-03-14 11:35:30]

[edit]
Administrator@Versa-Dir-BLR-1% 
2019-03-14 17:07:17,391 - CPE12 - INFO - commit
Commit complete.
[ok][2019-03-14 11:37:17]

[edit]
Administrator@Versa-Dir-BLR-1% 
2019-03-14 17:07:17,506 - CPE12 - INFO - CPE12 : element not found error.Commit success.
2019-03-14 17:07:22,645 - CPE12 - INFO - <Response [400]>
2019-03-14 17:07:22,645 - CPE12 - INFO - {"timestamp":1552563442662,"status":400,"error":"Bad Request","exception":"java.lang.IllegalArgumentException","message":"The  post staging template    JAPAN-BLR-PS-IS-LIB is not valid for this org JAPAN or its parent ","path":"/nextgen/deviceGroup"}
2019-03-14 17:07:22,645 - CPE12 - INFO - FAIL : {"timestamp":1552563442662,"status":400,"error":"Bad Request","exception":"java.lang.IllegalArgumentException","message":"The  post staging template    JAPAN-BLR-PS-IS-LIB is not valid for this org JAPAN or its parent ","path":"/nextgen/deviceGroup"}
2019-03-14 17:07:27,700 - CPE12 - INFO - 
sudo /opt/versa/scripts/staging.py -w 1 -c 10.63.151.90 -s 172.16.7.46/30 -g 172.16.7.45 -l JAPAN-CPE12@colt.net -lk CPE12  -r NV-WC02-N2-BLR@colt.net -rk NV-WC02-N2-BLR

2019-03-14 17:07:27,700 - CPE12 - INFO - {
	"versanms.sdwan-device-workflow": {
		"deviceName": "CPE12",
		"siteId": "1627",
		"orgName": "JAPAN",
		"serialNumber": "AUTOMUMKSA1812012",
		"deviceGroup": "JAPAN-BLR-PS-IS-LIB-DG",
		"locationInfo": {
			"state": "karnataka",
			"country": "india",
			"longitude": "77.594563",
			"latitude": "12.971599",
			"city": "bangalore"
		},
		"postStagingTemplateInfo": {
			"templateName": "JAPAN-BLR-PS-IS-LIB",
			"templateData": {
				"device-template-variable": {
					"template": "JAPAN-BLR-PS-IS-LIB",
					"variable-binding": {
						"attrs": [{
							"name": "{$v_INT-WAN_IPv4__staticaddress}",
							"value": "172.16.6.46/30",
							"isAutogeneratable": false
						},
						
						    
						    
						    
						{ "name": "{$v_vni-0-4_LAN1_Unit-0__unit}", "value": "610", "isAutogeneratable": false},
						{ "name": "{$v_vni-0-4_LAN1_Unit-0__vlanId}", "value": "610", "isAutogeneratable": false },
						
						    
						    
						    
						{ "name": "{$v_vni-0-4_LAN2_Unit-1__unit}", "value": "611", "isAutogeneratable": false},
						{ "name": "{$v_vni-0-4_LAN2_Unit-1__vlanId}", "value": "611", "isAutogeneratable": false },
						
						    
						    
						    
						{ "name": "{$v_vni-0-4_LAN3_Unit-2__unit}", "value": "612", "isAutogeneratable": false},
						{ "name": "{$v_vni-0-4_LAN3_Unit-2__vlanId}", "value": "612", "isAutogeneratable": false },
						
						    
						    
						    
						{ "name": "{$v_vni-0-4_LAN4_Unit-3__unit}", "value": "613", "isAutogeneratable": false},
						{ "name": "{$v_vni-0-4_LAN4_Unit-3__vlanId}", "value": "613", "isAutogeneratable": false },
						
						    
						    
						    
						{ "name": "{$v_vni-0-4_LAN5_Unit-4__unit}", "value": "614", "isAutogeneratable": false},
						{ "name": "{$v_vni-0-4_LAN5_Unit-4__vlanId}", "value": "614", "isAutogeneratable": false },
						
						{
							"name": "{$v_JAPAN-Control-VR_16_Router_ID__vrRouteId}",
							"value": "20.20.125.12",
							"isAutogeneratable": true,
							"isOverwritten": false
						}, {
							"name": "{$v_JAPAN_NV-WC01-N2-BLR_Local_auth_email_key__IKELKey}",
							"value": "CPE12",
							"isAutogeneratable": true
						}, {
							"name": "{$v_JAPAN_NV-WC02-N2-BLR_Local_auth_email_key__IKELKey}",
							"value": "CPE12",
							"isAutogeneratable": true
						},
						
						
						
						{ "name": "{$v_LAN1_IPv4__staticaddress}", "value": "192.169.111.1/24", "isAutogeneratable": false},
						
						
						
						{ "name": "{$v_LAN2_IPv4__staticaddress}", "value": "192.169.112.1/24", "isAutogeneratable": false},
						
						
						
						{ "name": "{$v_LAN3_IPv4__staticaddress}", "value": "192.169.113.1/24", "isAutogeneratable": false},
						
						
						
						{ "name": "{$v_LAN4_IPv4__staticaddress}", "value": "192.169.114.1/24", "isAutogeneratable": false},
						
						
						
						{ "name": "{$v_LAN5_IPv4__staticaddress}", "value": "192.169.115.1/24", "isAutogeneratable": false},
						
						{
							"name": "{$v_JAPAN_NV-WC02-N2-BLR_Local_auth_email_identifier__IKELIdentifier}",
							"value": "CPE12@colt.net",
							"isAutogeneratable": true
						}, {
							"name": "{$v_Site_Id__siteSiteID}",
							"value": "1627",
							"isAutogeneratable": true
						}, {
							"name": "{$v_JAPAN_NV-WC01-N2-BLR_Local_auth_email_identifier__IKELIdentifier}",
							"value": "CPE12@colt.net",
							"isAutogeneratable": true
						}, {
							"name": "{$v_JAPAN_Site_Name__sitesSiteName}",
							"value": "CPE12",
							"isAutogeneratable": true
						}, {
							"name": "{$v_latitude__IdLatitude}",
							"value": "12.971599",
							"isAutogeneratable": true
						}, {
							"name": "{$v_identification__IdName}",
							"value": "CPE12",
							"isAutogeneratable": true
						}, {
							"name": "{$v_INT-WAN-Transport-VR_IPv4__vrHopAddress}",
							"value": "172.16.6.45",
							"isAutogeneratable": false
						},	{
						    "name": "{$v_tvi-0-250_-_Unit_0_Static_address__tunnelStaticAddress}",
							"value": "10.10.125.12/32",
							"isAutogeneratable": true,
							"isOverwritten": false
						}, {
							"name": "{$v_Chassis_Id__sitesChassisId}",
							"value": "AUTOMUMKSA1812012",
							"isAutogeneratable": true
						}, {
							"name": "{$v_longitude__Idlongitude}",
							"value": "77.594563",
							"isAutogeneratable": true
						}, {
							"name": "{$v_location__IdLocation}",
							"value": "bangalore,karnataka, india",
							"isAutogeneratable": true
						}, {
							"name": "{$v_JAPAN-Control-VR_125_Local_address__vrRouterAddress}",
							"value": "20.20.125.12",
							"isAutogeneratable": true,
							"isOverwritten": false
						}, {
							"name": "{$v_tvi-0-251_-_Unit_0_Static_address__tunnelStaticAddress}",
							"value": "20.20.125.12/32",
							"isAutogeneratable": true,
							"isOverwritten": false
						}]
					}
				},
				"variableMetadata": [{
					"variable": "{$v_INT-WAN_IPv4__staticaddress}",
					"group": "Interfaces",
					"overlay": false,
					"type": "IPV4_MASK"
				},
                
                
                
				{"variable": "{$v_vni-0-4_LAN1_Unit-0__vlanId}", "group": "Vlan Info", "overlay": false, "type": "INTEGER"},
                
                
                
				{"variable": "{$v_vni-0-4_LAN2_Unit-1__vlanId}", "group": "Vlan Info", "overlay": false, "type": "INTEGER"},
                
                
                
				{"variable": "{$v_vni-0-4_LAN3_Unit-2__vlanId}", "group": "Vlan Info", "overlay": false, "type": "INTEGER"},
                
                
                
				{"variable": "{$v_vni-0-4_LAN4_Unit-3__vlanId}", "group": "Vlan Info", "overlay": false, "type": "INTEGER"},
                
                
                
				{"variable": "{$v_vni-0-4_LAN5_Unit-4__vlanId}", "group": "Vlan Info", "overlay": false, "type": "INTEGER"},
                
				{
					"variable": "{$v_JAPAN-Control-VR_125_Router_ID__vrRouteId}",
					"group": "Virtual Routers",
					"overlay": true,
					"type": "IPV4"
				}, {
					"variable": "{$v_JAPAN_NV-WC01-N2-BLR_Local_auth_email_key__IKELKey}",
					"group": "IPSEC",
					"overlay": false
				}, {
					"variable": "{$v_JAPAN_NV-WC02-N2-BLR_Local_auth_email_key__IKELKey}",
					"group": "IPSEC",
					"overlay": false
				},
			{
					"variable": "{$v_LAN1_IPv4__staticaddress}", "group": "Interfaces", "overlay": false, "type": "IPV4_MASK"
				},
            {
					"variable": "{$v_LAN2_IPv4__staticaddress}", "group": "Interfaces", "overlay": false, "type": "IPV4_MASK"
				},
            {
					"variable": "{$v_LAN3_IPv4__staticaddress}", "group": "Interfaces", "overlay": false, "type": "IPV4_MASK"
				},
            {
					"variable": "{$v_LAN4_IPv4__staticaddress}", "group": "Interfaces", "overlay": false, "type": "IPV4_MASK"
				},
            {
					"variable": "{$v_LAN5_IPv4__staticaddress}", "group": "Interfaces", "overlay": false, "type": "IPV4_MASK"
				},
            
				 {
					"variable": "{$v_JAPAN_NV-WC02-N2-BLR_Local_auth_email_identifier__IKELIdentifier}",
					"group": "IPSEC",
					"overlay": false
				}, {
					"variable": "{$v_Site_Id__siteSiteID}",
					"group": "SDWAN",
					"overlay": false
				}, {
					"variable": "{$v_JAPAN_NV-WC01-N2-BLR_Local_auth_email_identifier__IKELIdentifier}",
					"group": "IPSEC",
					"overlay": false
				}, {
					"variable": "{$v_JAPAN_Site_Name__sitesSiteName}",
					"group": "SDWAN",
					"overlay": false
				}, {
					"variable": "{$v_latitude__IdLatitude}",
					"group": "SDWAN",
					"overlay": false
				}, {
					"variable": "{$v_identification__IdName}",
					"group": "SDWAN",
					"overlay": false
				}, {
					"variable": "{$v_INT-WAN-Transport-VR_IPv4__vrHopAddress}",
					"group": "Virtual Routers",
					"overlay": false,
					"type": "IPV4_IPV6"
				}, {
					"variable": "{$v_tvi-0-250_-_Unit_0_Static_address__tunnelStaticAddress}",
					"group": "Interfaces",
					"overlay": true,
					"type": "IPV4_IPV6_MASK"
				}, {
					"variable": "{$v_Chassis_Id__sitesChassisId}",
					"group": "SDWAN",
					"overlay": false
				}, {
					"variable": "{$v_longitude__Idlongitude}",
					"group": "SDWAN",
					"overlay": false
				}, {
					"variable": "{$v_location__IdLocation}",
					"group": "SDWAN",
					"overlay": false
				}, {
					"variable": "{$v_JAPAN-Control-VR_125_Local_address__vrRouterAddress}",
					"group": "Virtual Routers",
					"overlay": true,
					"type": "IPV4"
				}, {
					"variable": "{$v_tvi-0-251_-_Unit_0_Static_address__tunnelStaticAddress}",
					"group": "Interfaces",
					"overlay": true,
					"type": "IPV4_IPV6_MASK"
				}]
			}
		}
	}
}
2019-03-14 17:07:28,631 - CPE12 - INFO - <Response [200]>
2019-03-14 17:07:28,631 - CPE12 - INFO - PASS
2019-03-14 17:07:38,838 - CPE12 - INFO - 15702
2019-03-14 17:07:44,174 - CPE12 - INFO - Device deployment failed
