2020-04-01 16:45:58,282 - VD1 - DEBUG - <netmiko.versa.versa_ssh.VersaSSH object at 0x000000000E383CF8>
2020-04-01 16:46:03,493 - VD1 - DEBUG - versa: Automated@VDir-BLR-NEW-01>
2020-04-01 16:46:08,346 - CPE27-SIN-SINGLE-CPE-INTONLY-IPC00190 - DEBUG - <netmiko.versa.versa_ssh.VersaSSH object at 0x000000000E3BAD30>
2020-04-01 16:46:13,573 - CPE27-SIN-SINGLE-CPE-INTONLY-IPC00190 - DEBUG - versa: Automated@VDir-BLR-NEW-01>
2020-04-01 16:46:37,678 - CPE11-HKG-HYBRD-IPC00190 - DEBUG - <netmiko.versa.versa_ssh.VersaSSH object at 0x000000000E3E0518>
2020-04-01 16:46:42,880 - CPE11-HKG-HYBRD-IPC00190 - DEBUG - versa: Automated@VDir-BLR-NEW-01>
2020-04-01 16:47:20,825 - CPE27-SIN-SINGLE-CPE-INTONLY-IPC00190 - INFO - 
DELETE Service Object

2020-04-01 16:47:22,167 - CPE27-SIN-SINGLE-CPE-INTONLY-IPC00190 - ERROR - 
2020-04-01 16:47:22,167 - CPE27-SIN-SINGLE-CPE-INTONLY-IPC00190 - INFO - 
FAIL : 
2020-04-01 16:47:22,167 - CPE27-SIN-SINGLE-CPE-INTONLY-IPC00190 - INFO - >>>>>>>>>> ADDRESS OBJECT DELETION FAILED. <<<<<<<<<<<
2020-04-01 16:47:22,167 - CPE27-SIN-SINGLE-CPE-INTONLY-IPC00190 - INFO - 
DELETE IPaddress Object

2020-04-01 16:47:22,838 - CPE27-SIN-SINGLE-CPE-INTONLY-IPC00190 - ERROR - 
2020-04-01 16:47:22,852 - CPE27-SIN-SINGLE-CPE-INTONLY-IPC00190 - INFO - 
FAIL : 
2020-04-01 16:47:22,852 - CPE27-SIN-SINGLE-CPE-INTONLY-IPC00190 - INFO - >>>>>>>>>> ADDRESS OBJECT DELETION FAILED. <<<<<<<<<<<
2020-04-01 16:47:22,852 - CPE27-SIN-SINGLE-CPE-INTONLY-IPC00190 - INFO - 
DELETE IPaddress Object

2020-04-01 16:47:23,369 - CPE27-SIN-SINGLE-CPE-INTONLY-IPC00190 - ERROR - 
2020-04-01 16:47:23,369 - CPE27-SIN-SINGLE-CPE-INTONLY-IPC00190 - INFO - 
FAIL : 
2020-04-01 16:47:23,369 - CPE27-SIN-SINGLE-CPE-INTONLY-IPC00190 - INFO - >>>>>>>>>> ADDRESS OBJECT DELETION FAILED. <<<<<<<<<<<
2020-04-01 16:47:23,369 - CPE27-SIN-SINGLE-CPE-INTONLY-IPC00190 - INFO - 
DELETE FWD PROFILE

2020-04-01 16:47:23,808 - CPE27-SIN-SINGLE-CPE-INTONLY-IPC00190 - ERROR - 
2020-04-01 16:47:23,808 - CPE27-SIN-SINGLE-CPE-INTONLY-IPC00190 - INFO - 
FAIL : 
2020-04-01 16:47:23,808 - CPE27-SIN-SINGLE-CPE-INTONLY-IPC00190 - INFO - >>>>>>>>>> FORWARDING PROFILE DELETION FAILED. <<<<<<<<<<<
2020-04-01 16:47:23,808 - CPE27-SIN-SINGLE-CPE-INTONLY-IPC00190 - INFO - 
DELETE SLA profile

2020-04-01 16:47:24,309 - CPE27-SIN-SINGLE-CPE-INTONLY-IPC00190 - ERROR - 
2020-04-01 16:47:24,325 - CPE27-SIN-SINGLE-CPE-INTONLY-IPC00190 - INFO - 
FAIL : 
2020-04-01 16:47:24,325 - CPE27-SIN-SINGLE-CPE-INTONLY-IPC00190 - INFO - >>>>>>>>>> DELETE SLA Profile FAILED. <<<<<<<<<<<
