2020-03-03 14:38:08,124 - VD1 - DEBUG - <netmiko.versa.versa_ssh.VersaSSH object at 0x000000000DED0630>
2020-03-03 14:38:13,328 - VD1 - DEBUG - versa: Automated@VDir-BLR-NEW-01>
2020-03-03 14:38:18,045 - CPE11-HKG-HYBRD-IPC00190 - DEBUG - <netmiko.versa.versa_ssh.VersaSSH object at 0x000000000DF41780>
2020-03-03 14:38:23,250 - CPE11-HKG-HYBRD-IPC00190 - DEBUG - versa: Automated@VDir-BLR-NEW-01>
2020-03-03 14:38:47,845 - CPE12-HKG-HYBRD-IPC00190 - DEBUG - <netmiko.versa.versa_ssh.VersaSSH object at 0x000000000DF9E6D8>
2020-03-03 14:38:53,051 - CPE12-HKG-HYBRD-IPC00190 - DEBUG - versa: Automated@VDir-BLR-NEW-01>
2020-03-03 14:40:08,693 - CPE11-HKG-HYBRD-IPC00190 - INFO - 
CREATE SLA profile

2020-03-03 14:40:10,792 - CPE11-HKG-HYBRD-IPC00190 - DEBUG - <Response [201]>
2020-03-03 14:40:10,799 - CPE11-HKG-HYBRD-IPC00190 - INFO - 
PASS
2020-03-03 14:40:10,801 - CPE11-HKG-HYBRD-IPC00190 - INFO - >>>>>>>>>> CREATE SLA Profile PASSED. <<<<<<<<<<<
2020-03-03 14:40:10,805 - CPE11-HKG-HYBRD-IPC00190 - INFO - 
CREATE FWD PROFILE

2020-03-03 14:40:13,016 - CPE11-HKG-HYBRD-IPC00190 - DEBUG - <Response [201]>
2020-03-03 14:40:13,016 - CPE11-HKG-HYBRD-IPC00190 - INFO - 
PASS
2020-03-03 14:40:13,017 - CPE11-HKG-HYBRD-IPC00190 - INFO - >>>>>>>>>> FORWARDING PROFILE CREATION PASSED. <<<<<<<<<<<
2020-03-03 14:40:13,020 - CPE11-HKG-HYBRD-IPC00190 - INFO - 
CREATE IPaddress Object

2020-03-03 14:40:15,328 - CPE11-HKG-HYBRD-IPC00190 - DEBUG - <Response [201]>
2020-03-03 14:40:15,329 - CPE11-HKG-HYBRD-IPC00190 - INFO - 
PASS
2020-03-03 14:40:15,331 - CPE11-HKG-HYBRD-IPC00190 - INFO - >>>>>>>>>> ADDRESS OBJECT CREATION PASSED. <<<<<<<<<<<
2020-03-03 14:40:15,334 - CPE11-HKG-HYBRD-IPC00190 - INFO - 
CREATE IPaddress Object

2020-03-03 14:40:16,756 - CPE11-HKG-HYBRD-IPC00190 - DEBUG - <Response [201]>
2020-03-03 14:40:16,756 - CPE11-HKG-HYBRD-IPC00190 - INFO - 
PASS
2020-03-03 14:40:16,757 - CPE11-HKG-HYBRD-IPC00190 - INFO - >>>>>>>>>> ADDRESS OBJECT CREATION PASSED. <<<<<<<<<<<
2020-03-03 14:40:16,760 - CPE11-HKG-HYBRD-IPC00190 - INFO - 
CREATE Service Object

2020-03-03 14:40:19,178 - CPE11-HKG-HYBRD-IPC00190 - DEBUG - <Response [201]>
2020-03-03 14:40:19,180 - CPE11-HKG-HYBRD-IPC00190 - INFO - 
PASS
2020-03-03 14:40:19,180 - CPE11-HKG-HYBRD-IPC00190 - INFO - >>>>>>>>>> Service OBJECT CREATION PASSED. <<<<<<<<<<<
2020-03-03 14:40:19,191 - CPE11-HKG-HYBRD-IPC00190 - INFO - 
CREATE Policy rule

2020-03-03 14:40:21,177 - CPE11-HKG-HYBRD-IPC00190 - DEBUG - <Response [201]>
2020-03-03 14:40:21,178 - CPE11-HKG-HYBRD-IPC00190 - INFO - 
PASS
2020-03-03 14:40:21,180 - CPE11-HKG-HYBRD-IPC00190 - INFO - >>>>>>>>>> CREATE POLICY RULE PASSED. <<<<<<<<<<<
2020-03-03 14:40:48,059 - CPE11-HKG-HYBRD-IPC00190 - INFO - 
DELETE IPaddress Object

2020-03-03 14:40:51,319 - CPE11-HKG-HYBRD-IPC00190 - INFO - 
PASS
2020-03-03 14:40:51,319 - CPE11-HKG-HYBRD-IPC00190 - INFO - >>>>>>>>>> Policy rule DELETION PASSED. <<<<<<<<<<<
2020-03-03 14:40:51,332 - CPE11-HKG-HYBRD-IPC00190 - INFO - 
DELETE Service Object

2020-03-03 14:40:53,642 - CPE11-HKG-HYBRD-IPC00190 - INFO - 
PASS
2020-03-03 14:40:53,644 - CPE11-HKG-HYBRD-IPC00190 - INFO - >>>>>>>>>> ADDRESS OBJECT DELETION PASSED. <<<<<<<<<<<
2020-03-03 14:40:53,647 - CPE11-HKG-HYBRD-IPC00190 - INFO - 
DELETE IPaddress Object

2020-03-03 14:40:56,072 - CPE11-HKG-HYBRD-IPC00190 - INFO - 
PASS
2020-03-03 14:40:56,072 - CPE11-HKG-HYBRD-IPC00190 - INFO - >>>>>>>>>> ADDRESS OBJECT DELETION PASSED. <<<<<<<<<<<
2020-03-03 14:40:56,072 - CPE11-HKG-HYBRD-IPC00190 - INFO - 
DELETE IPaddress Object

2020-03-03 14:40:58,292 - CPE11-HKG-HYBRD-IPC00190 - INFO - 
PASS
2020-03-03 14:40:58,293 - CPE11-HKG-HYBRD-IPC00190 - INFO - >>>>>>>>>> ADDRESS OBJECT DELETION PASSED. <<<<<<<<<<<
2020-03-03 14:40:58,296 - CPE11-HKG-HYBRD-IPC00190 - INFO - 
DELETE FWD PROFILE

2020-03-03 14:41:01,460 - CPE11-HKG-HYBRD-IPC00190 - INFO - 
PASS
2020-03-03 14:41:01,460 - CPE11-HKG-HYBRD-IPC00190 - INFO - >>>>>>>>>> FORWARDING PROFILE DELETION PASSED. <<<<<<<<<<<
2020-03-03 14:41:01,460 - CPE11-HKG-HYBRD-IPC00190 - INFO - 
DELETE SLA profile

2020-03-03 14:41:03,762 - CPE11-HKG-HYBRD-IPC00190 - INFO - 
PASS
2020-03-03 14:41:03,763 - CPE11-HKG-HYBRD-IPC00190 - INFO - >>>>>>>>>> DELETE SLA Profile PASSED. <<<<<<<<<<<
