2020-04-01 16:51:32,043 - VD1 - DEBUG - <netmiko.versa.versa_ssh.VersaSSH object at 0x000000000DC34780>
2020-04-01 16:51:37,250 - VD1 - DEBUG - versa: Automated@VDir-BLR-NEW-01>
2020-04-01 16:51:42,025 - CPE27-SIN-SINGLE-CPE-INTONLY-IPC00190 - DEBUG - <netmiko.versa.versa_ssh.VersaSSH object at 0x000000000DC6F828>
2020-04-01 16:51:47,247 - CPE27-SIN-SINGLE-CPE-INTONLY-IPC00190 - DEBUG - versa: Automated@VDir-BLR-NEW-01>
2020-04-01 16:52:07,683 - CPE27-SIN-SINGLE-CPE-INTONLY-IPC00190 - INFO - 
DELETE Service Object

2020-04-01 16:52:09,772 - CPE27-SIN-SINGLE-CPE-INTONLY-IPC00190 - ERROR - 
2020-04-01 16:52:09,772 - CPE27-SIN-SINGLE-CPE-INTONLY-IPC00190 - INFO - 
FAIL : 
2020-04-01 16:52:09,772 - CPE27-SIN-SINGLE-CPE-INTONLY-IPC00190 - INFO - >>>>>>>>>> ADDRESS OBJECT DELETION FAILED. <<<<<<<<<<<
2020-04-01 16:52:09,788 - CPE27-SIN-SINGLE-CPE-INTONLY-IPC00190 - INFO - 
DELETE IPaddress Object

2020-04-01 16:52:10,243 - CPE27-SIN-SINGLE-CPE-INTONLY-IPC00190 - ERROR - 
2020-04-01 16:52:10,246 - CPE27-SIN-SINGLE-CPE-INTONLY-IPC00190 - INFO - 
FAIL : 
2020-04-01 16:52:10,247 - CPE27-SIN-SINGLE-CPE-INTONLY-IPC00190 - INFO - >>>>>>>>>> ADDRESS OBJECT DELETION FAILED. <<<<<<<<<<<
2020-04-01 16:52:10,250 - CPE27-SIN-SINGLE-CPE-INTONLY-IPC00190 - INFO - 
DELETE IPaddress Object

2020-04-01 16:52:10,732 - CPE27-SIN-SINGLE-CPE-INTONLY-IPC00190 - ERROR - 
2020-04-01 16:52:10,736 - CPE27-SIN-SINGLE-CPE-INTONLY-IPC00190 - INFO - 
FAIL : 
2020-04-01 16:52:10,736 - CPE27-SIN-SINGLE-CPE-INTONLY-IPC00190 - INFO - >>>>>>>>>> ADDRESS OBJECT DELETION FAILED. <<<<<<<<<<<
2020-04-01 16:52:10,739 - CPE27-SIN-SINGLE-CPE-INTONLY-IPC00190 - INFO - 
DELETE FWD PROFILE

2020-04-01 16:52:11,236 - CPE27-SIN-SINGLE-CPE-INTONLY-IPC00190 - ERROR - 
2020-04-01 16:52:11,240 - CPE27-SIN-SINGLE-CPE-INTONLY-IPC00190 - INFO - 
FAIL : 
2020-04-01 16:52:11,240 - CPE27-SIN-SINGLE-CPE-INTONLY-IPC00190 - INFO - >>>>>>>>>> FORWARDING PROFILE DELETION FAILED. <<<<<<<<<<<
2020-04-01 16:52:11,243 - CPE27-SIN-SINGLE-CPE-INTONLY-IPC00190 - INFO - 
DELETE SLA profile

2020-04-01 16:52:11,763 - CPE27-SIN-SINGLE-CPE-INTONLY-IPC00190 - ERROR - 
2020-04-01 16:52:11,766 - CPE27-SIN-SINGLE-CPE-INTONLY-IPC00190 - INFO - 
FAIL : 
2020-04-01 16:52:11,766 - CPE27-SIN-SINGLE-CPE-INTONLY-IPC00190 - INFO - >>>>>>>>>> DELETE SLA Profile FAILED. <<<<<<<<<<<
