2019-02-21 16:16:58,136 - VD1 - INFO - ORG NAME:BORS
2019-02-21 16:17:00,467 - VD1 - DEBUG - {
  "versanms.sdwan-org-workflow": {
    "orgName": "BORS",
    "globalId": "146",
    "parentOrg": "Colt",
    "ikeAuthType": "psk",
    "sharedControlPlane": false,
    "controllers": ["NV-WC01-N2-BLR", "NV-WC02-N4-MUM", "NV-WC02-N2-BLR"],
    "vrfs": [{ "name": "LAN1-VRF", "id": "1580", "enableVPN": "true", "tooltip": "" }],
    "supportedRoles": []
  }
}
2019-02-21 16:17:00,892 - VD1 - INFO - <Response [500]>
2019-02-21 16:17:00,893 - VD1 - INFO - {"error":{"http_status_code":500,"code":0,"message":" Global Id: 146 is already configured.","more_info":"http://nms.versa.com/errors/null"}}
2019-02-21 16:17:00,893 - VD1 - INFO - FAIL : {"error":{"http_status_code":500,"code":0,"message":" Global Id: 146 is already configured.","more_info":"http://nms.versa.com/errors/null"}}
2019-02-21 16:17:00,893 - VD1 - INFO - 
********************
RESULT:
ORG DEPLOYMENT : FAIL : {"error":{"http_status_code":500,"code":0,"message":" Global Id: 146 is already configured.","more_info":"http://nms.versa.com/errors/null"}}

********************

