2019-02-21 16:17:23,657 - VD1 - INFO - ORG NAME:NITIN
2019-02-21 16:17:25,694 - VD1 - DEBUG - {
  "versanms.sdwan-org-workflow": {
    "orgName": "NITIN",
    "globalId": "147",
    "parentOrg": "Colt",
    "ikeAuthType": "psk",
    "sharedControlPlane": false,
    "controllers": ["NV-WC01-N2-BLR", "NV-WC02-N4-MUM", "NV-WC02-N2-BLR"],
    "vrfs": [{ "name": "LAN1-VRF", "id": "1590", "enableVPN": "true", "tooltip": "" },{ "name": "LAN2-VRF", "id": "1591", "enableVPN": "true", "tooltip": "" },{ "name": "LAN3-VRF", "id": "1592", "enableVPN": "true", "tooltip": "" },{ "name": "LAN4-VRF", "id": "1593", "enableVPN": "true", "tooltip": "" },{ "name": "LAN5-VRF", "id": "1594", "enableVPN": "true", "tooltip": "" },{ "name": "LAN6-VRF", "id": "1595", "enableVPN": "true", "tooltip": "" },{ "name": "LAN7-VRF", "id": "1596", "enableVPN": "true", "tooltip": "" },{ "name": "LAN8-VRF", "id": "1597", "enableVPN": "true", "tooltip": "" },{ "name": "LAN9-VRF", "id": "1598", "enableVPN": "true", "tooltip": "" },{ "name": "LAN10-VRF", "id": "1599", "enableVPN": "true", "tooltip": "" }],
    "supportedRoles": []
  }
}
2019-02-21 16:17:26,068 - VD1 - INFO - <Response [500]>
2019-02-21 16:17:26,069 - VD1 - INFO - {"error":{"http_status_code":500,"code":0,"message":" Global Id: 147 is already configured.","more_info":"http://nms.versa.com/errors/null"}}
2019-02-21 16:17:26,069 - VD1 - INFO - FAIL : {"error":{"http_status_code":500,"code":0,"message":" Global Id: 147 is already configured.","more_info":"http://nms.versa.com/errors/null"}}
2019-02-21 16:17:26,069 - VD1 - INFO - 
********************
RESULT:
ORG DEPLOYMENT : FAIL : {"error":{"http_status_code":500,"code":0,"message":" Global Id: 147 is already configured.","more_info":"http://nms.versa.com/errors/null"}}

********************

