2020-05-06 19:11:16,247 - VD1 - DEBUG - <netmiko.versa.versa_ssh.VersaSSH object at 0x0000000010BFF320>
2020-05-06 19:11:21,457 - VD1 - DEBUG - versa: Automated@VDir-BLR-NEW-01>
2020-05-06 19:11:26,469 - CPE26-SIN-DUAL-CPE-HYB-IPC00190-P - DEBUG - <netmiko.versa.versa_ssh.VersaSSH object at 0x0000000010C3E320>
2020-05-06 19:11:31,670 - CPE26-SIN-DUAL-CPE-HYB-IPC00190-P - DEBUG - versa: Automated@VDir-BLR-NEW-01>
2020-05-06 19:11:36,687 - CPE26-SIN-DUAL-CPE-HYB-IPC00190-P - INFO - 
DELETE Service Object

2020-05-06 19:11:59,454 - CPE26-SIN-DUAL-CPE-HYB-IPC00190-P - ERROR - {
  "errors": {
    "error": [
      {
        "error-message": "Connection to CPE26-SIN-DUAL-CPE-HYB-IPC00190-P timed out",
        "error-tag": "malformed-message"
      }
    ]
  }
}
2020-05-06 19:11:59,464 - CPE26-SIN-DUAL-CPE-HYB-IPC00190-P - INFO - 
FAIL : {
  "errors": {
    "error": [
      {
        "error-message": "Connection to CPE26-SIN-DUAL-CPE-HYB-IPC00190-P timed out",
        "error-tag": "malformed-message"
      }
    ]
  }
}
2020-05-06 19:11:59,466 - CPE26-SIN-DUAL-CPE-HYB-IPC00190-P - INFO - >>>>>>>>>> ADDRESS OBJECT DELETION FAILED. <<<<<<<<<<<
2020-05-06 19:11:59,469 - CPE26-SIN-DUAL-CPE-HYB-IPC00190-P - INFO - 
DELETE IPaddress Object

2020-05-06 19:12:21,437 - CPE26-SIN-DUAL-CPE-HYB-IPC00190-P - ERROR - {
  "errors": {
    "error": [
      {
        "error-message": "Connection to CPE26-SIN-DUAL-CPE-HYB-IPC00190-P timed out",
        "error-tag": "malformed-message"
      }
    ]
  }
}
2020-05-06 19:12:21,437 - CPE26-SIN-DUAL-CPE-HYB-IPC00190-P - INFO - 
FAIL : {
  "errors": {
    "error": [
      {
        "error-message": "Connection to CPE26-SIN-DUAL-CPE-HYB-IPC00190-P timed out",
        "error-tag": "malformed-message"
      }
    ]
  }
}
2020-05-06 19:12:21,438 - CPE26-SIN-DUAL-CPE-HYB-IPC00190-P - INFO - >>>>>>>>>> ADDRESS OBJECT DELETION FAILED. <<<<<<<<<<<
2020-05-06 19:12:21,440 - CPE26-SIN-DUAL-CPE-HYB-IPC00190-P - INFO - 
DELETE IPaddress Object

2020-05-06 19:12:43,295 - CPE26-SIN-DUAL-CPE-HYB-IPC00190-P - ERROR - {
  "errors": {
    "error": [
      {
        "error-message": "Connection to CPE26-SIN-DUAL-CPE-HYB-IPC00190-P timed out",
        "error-tag": "malformed-message"
      }
    ]
  }
}
2020-05-06 19:12:43,295 - CPE26-SIN-DUAL-CPE-HYB-IPC00190-P - INFO - 
FAIL : {
  "errors": {
    "error": [
      {
        "error-message": "Connection to CPE26-SIN-DUAL-CPE-HYB-IPC00190-P timed out",
        "error-tag": "malformed-message"
      }
    ]
  }
}
2020-05-06 19:12:43,295 - CPE26-SIN-DUAL-CPE-HYB-IPC00190-P - INFO - >>>>>>>>>> ADDRESS OBJECT DELETION FAILED. <<<<<<<<<<<
2020-05-06 19:12:43,295 - CPE26-SIN-DUAL-CPE-HYB-IPC00190-P - INFO - 
DELETE FWD PROFILE

2020-05-06 19:13:05,459 - CPE26-SIN-DUAL-CPE-HYB-IPC00190-P - ERROR - {
  "errors": {
    "error": [
      {
        "error-message": "Connection to CPE26-SIN-DUAL-CPE-HYB-IPC00190-P timed out",
        "error-tag": "malformed-message"
      }
    ]
  }
}
2020-05-06 19:13:05,460 - CPE26-SIN-DUAL-CPE-HYB-IPC00190-P - INFO - 
FAIL : {
  "errors": {
    "error": [
      {
        "error-message": "Connection to CPE26-SIN-DUAL-CPE-HYB-IPC00190-P timed out",
        "error-tag": "malformed-message"
      }
    ]
  }
}
2020-05-06 19:13:05,460 - CPE26-SIN-DUAL-CPE-HYB-IPC00190-P - INFO - >>>>>>>>>> FORWARDING PROFILE DELETION FAILED. <<<<<<<<<<<
2020-05-06 19:13:05,463 - CPE26-SIN-DUAL-CPE-HYB-IPC00190-P - INFO - 
DELETE SLA profile

2020-05-06 19:13:07,339 - CPE26-SIN-DUAL-CPE-HYB-IPC00190-P - ERROR - {
  "errors": {
    "error": [
      {
        "error-message": "illegal reference /devices/device/config/org:orgs/org-services/sdwan:sd-wan/forwarding-profiles/forwarding-profile/sla-profile",
        "error-tag": "malformed-message"
      }
    ]
  }
}
2020-05-06 19:13:07,341 - CPE26-SIN-DUAL-CPE-HYB-IPC00190-P - INFO - 
FAIL : {
  "errors": {
    "error": [
      {
        "error-message": "illegal reference /devices/device/config/org:orgs/org-services/sdwan:sd-wan/forwarding-profiles/forwarding-profile/sla-profile",
        "error-tag": "malformed-message"
      }
    ]
  }
}
2020-05-06 19:13:07,341 - CPE26-SIN-DUAL-CPE-HYB-IPC00190-P - INFO - >>>>>>>>>> DELETE SLA Profile FAILED. <<<<<<<<<<<
