2020-01-21 18:28:11,088 - VD1 - DEBUG - <netmiko.versa.versa_ssh.VersaSSH object at 0x000000000EFEEEB8>
2020-01-21 18:28:16,292 - VD1 - DEBUG - versa: Automated@VDir-BLR-NEW-01>
2020-01-21 18:28:16,292 - CPE11-HKG-HYBRD-IPC00190 - INFO - CPE NAME:CPE11-HKG-HYBRD-IPC00190
2020-01-21 18:28:17,295 - CPE11-HKG-HYBRD-IPC00190 - INFO - SOLUTION SELECTED:SINGLE-CPE-HYBRID
2020-01-21 18:28:17,451 - CPE11-HKG-HYBRD-IPC00190 - INFO - 
CREATE FWD PROFILE

2020-01-21 18:28:20,075 - CPE11-HKG-HYBRD-IPC00190 - DEBUG - <Response [400]>
2020-01-21 18:28:20,075 - CPE11-HKG-HYBRD-IPC00190 - ERROR - {  "errors": {    "error": [      {        "error-message": "illegal reference /devices/device/config/org:orgs/org-services/sdwan:sd-wan/forwarding-profiles/forwarding-profile/sla-profile",        "error-urlpath": "/api/config/devices/device/CPE11-HKG-HYBRD-IPC00190/config/org:orgs/org-services/IPC00190/sdwan:sd-wan/forwarding-profiles/forwarding-profile/FWP2",        "error-tag": "malformed-message"      }    ]  }}
2020-01-21 18:28:20,082 - CPE11-HKG-HYBRD-IPC00190 - INFO - 
FAIL : {  "errors": {    "error": [      {        "error-message": "illegal reference /devices/device/config/org:orgs/org-services/sdwan:sd-wan/forwarding-profiles/forwarding-profile/sla-profile",        "error-urlpath": "/api/config/devices/device/CPE11-HKG-HYBRD-IPC00190/config/org:orgs/org-services/IPC00190/sdwan:sd-wan/forwarding-profiles/forwarding-profile/FWP2",        "error-tag": "malformed-message"      }    ]  }}
2020-01-21 18:28:20,084 - CPE11-HKG-HYBRD-IPC00190 - INFO - >>>>>>>>>> FORWARDING PROFILE CREATION FAILED. <<<<<<<<<<<
2020-01-21 18:28:20,084 - CPE11-HKG-HYBRD-IPC00190 - INFO - 
CREATE IPaddress Object

2020-01-21 18:28:21,980 - CPE11-HKG-HYBRD-IPC00190 - DEBUG - <Response [201]>
2020-01-21 18:28:21,980 - CPE11-HKG-HYBRD-IPC00190 - INFO - 
PASS
2020-01-21 18:28:21,980 - CPE11-HKG-HYBRD-IPC00190 - INFO - >>>>>>>>>> ADDRESS OBJECT CREATION PASSED. <<<<<<<<<<<
2020-01-21 18:28:21,980 - CPE11-HKG-HYBRD-IPC00190 - INFO - 
CREATE Policy rule

2020-01-21 18:28:22,832 - CPE11-HKG-HYBRD-IPC00190 - DEBUG - <Response [400]>
2020-01-21 18:28:22,832 - CPE11-HKG-HYBRD-IPC00190 - ERROR - {  "errors": {    "error": [      {        "error-message": "illegal reference /devices/device/config/org:orgs/org-services/sdwan:sd-wan/policies/sdwan-policy-group/rules/rule/set/forwarding-profile",        "error-urlpath": "/api/config/devices/device/CPE11-HKG-HYBRD-IPC00190/config/org:orgs/org-services/IPC00190/sdwan:sd-wan/policies/sdwan-policy-group/Default-Policy/rules/rule/ts_Destipaddr1",        "error-tag": "malformed-message"      }    ]  }}
2020-01-21 18:28:22,832 - CPE11-HKG-HYBRD-IPC00190 - INFO - 
FAIL : {  "errors": {    "error": [      {        "error-message": "illegal reference /devices/device/config/org:orgs/org-services/sdwan:sd-wan/policies/sdwan-policy-group/rules/rule/set/forwarding-profile",        "error-urlpath": "/api/config/devices/device/CPE11-HKG-HYBRD-IPC00190/config/org:orgs/org-services/IPC00190/sdwan:sd-wan/policies/sdwan-policy-group/Default-Policy/rules/rule/ts_Destipaddr1",        "error-tag": "malformed-message"      }    ]  }}
2020-01-21 18:28:22,832 - CPE11-HKG-HYBRD-IPC00190 - INFO - >>>>>>>>>> CREATE POLICY RULE FAILED. <<<<<<<<<<<
