2020-01-17 17:45:45,319 - VD1 - DEBUG - <netmiko.versa.versa_ssh.VersaSSH object at 0x000000000D4C05F8>
2020-01-17 17:45:50,522 - VD1 - DEBUG - versa: Automated@VDir-BLR-NEW-01>
2020-01-17 17:45:50,522 - CPE11-HKG-HYBRD-IPC00190 - INFO - CPE NAME:CPE11-HKG-HYBRD-IPC00190
2020-01-17 17:45:51,522 - CPE11-HKG-HYBRD-IPC00190 - INFO - SOLUTION SELECTED:SINGLE-CPE-HYBRID
2020-01-17 17:45:51,640 - CPE11-HKG-HYBRD-IPC00190 - INFO - 
CREATE FWD PROFILE

2020-01-17 17:45:55,250 - CPE11-HKG-HYBRD-IPC00190 - DEBUG - <Response [201]>
2020-01-17 17:45:55,250 - CPE11-HKG-HYBRD-IPC00190 - INFO - 
PASS
2020-01-17 17:45:55,250 - CPE11-HKG-HYBRD-IPC00190 - INFO - >>>>>>>>>> FORWARDING PROFILE CREATION PASSED. <<<<<<<<<<<
2020-01-17 17:45:55,250 - CPE11-HKG-HYBRD-IPC00190 - INFO - 
CREATE IPaddress Object

2020-01-17 17:45:56,867 - CPE11-HKG-HYBRD-IPC00190 - DEBUG - <Response [201]>
2020-01-17 17:45:56,867 - CPE11-HKG-HYBRD-IPC00190 - INFO - 
PASS
2020-01-17 17:45:56,867 - CPE11-HKG-HYBRD-IPC00190 - INFO - >>>>>>>>>> ADDRESS OBJECT CREATION PASSED. <<<<<<<<<<<
2020-01-17 17:45:56,867 - CPE11-HKG-HYBRD-IPC00190 - INFO - 
CREATE Policy rule

2020-01-17 17:45:59,072 - CPE11-HKG-HYBRD-IPC00190 - DEBUG - <Response [201]>
2020-01-17 17:45:59,072 - CPE11-HKG-HYBRD-IPC00190 - INFO - 
PASS
2020-01-17 17:45:59,072 - CPE11-HKG-HYBRD-IPC00190 - INFO - >>>>>>>>>> CREATE POLICY RULE PASSED. <<<<<<<<<<<
