2019-08-21 14:08:18,651 - CPE26-HKG-DUALMPLSONLY-PRIMAUTO - INFO - CPE NAME:CPE26-HKG-DUALMPLSONLY-PRIMAUTO
2019-08-21 14:08:19,653 - CPE26-HKG-DUALMPLSONLY-PRIMAUTO - INFO - SOLUTION SELECTED:DUAL-CPE-DUAL-MPLS
2019-08-21 14:08:20,911 - CPE26-HKG-DUALMPLSONLY-PRIMAUTO - INFO - {u'versanms.sdwan-org-workflow': {u'ikeAuthType': u'psk', u'globalId': 90, u'orgName': u'IPC00190', u'controllers': [u'NV-WC01-N1-HKG', u'NV-WC01-N6-SIN', u'NV-WC02-N1-HKG', u'NV-WC02-N6-SIN'], u'bandwidth': 10, u'parentOrg': u'Colt', u'vrfs': [{u'name': u'LAN1-VRF', u'enableVPN': True, u'id': 1020}, {u'name': u'LAN2-VRF', u'enableVPN': True, u'id': 1021}, {u'name': u'LAN3-VRF', u'enableVPN': True, u'id': 1022}, {u'name': u'LAN4-VRF', u'enableVPN': True, u'id': 1023}, {u'name': u'LAN5-VRF', u'enableVPN': True, u'id': 1024}, {u'name': u'LAN6-VRF', u'enableVPN': True, u'id': 1025}, {u'name': u'LAN7-VRF', u'enableVPN': True, u'id': 1026}, {u'name': u'LAN8-VRF', u'enableVPN': True, u'id': 1027}, {u'name': u'LAN9-VRF', u'enableVPN': True, u'id': 1028}, {u'name': u'LAN10-VRF', u'enableVPN': True, u'id': 1029}], u'solutionTier': u'base-sdwan', u'sharedControlPlane': False}}
2019-08-21 14:08:21,204 - CPE26-HKG-DUALMPLSONLY-PRIMAUTO - INFO - {u'versanms.sdwan-org-workflow': {u'ikeAuthType': u'psk', u'globalId': 90, u'orgName': u'IPC00190', u'controllers': [u'NV-WC01-N1-HKG', u'NV-WC01-N6-SIN', u'NV-WC02-N1-HKG', u'NV-WC02-N6-SIN'], u'bandwidth': 10, u'parentOrg': u'Colt', u'vrfs': [{u'name': u'LAN1-VRF', u'enableVPN': True, u'id': 1020}, {u'name': u'LAN2-VRF', u'enableVPN': True, u'id': 1021}, {u'name': u'LAN3-VRF', u'enableVPN': True, u'id': 1022}, {u'name': u'LAN4-VRF', u'enableVPN': True, u'id': 1023}, {u'name': u'LAN5-VRF', u'enableVPN': True, u'id': 1024}, {u'name': u'LAN6-VRF', u'enableVPN': True, u'id': 1025}, {u'name': u'LAN7-VRF', u'enableVPN': True, u'id': 1026}, {u'name': u'LAN8-VRF', u'enableVPN': True, u'id': 1027}, {u'name': u'LAN9-VRF', u'enableVPN': True, u'id': 1028}, {u'name': u'LAN10-VRF', u'enableVPN': True, u'id': 1029}], u'solutionTier': u'base-sdwan', u'sharedControlPlane': False}}
2019-08-21 14:08:21,522 - CPE26-HKG-DUALMPLSONLY-PRIMAUTO - INFO - {u'versanms.sdwan-org-workflow': {u'ikeAuthType': u'psk', u'globalId': 90, u'orgName': u'IPC00190', u'controllers': [u'NV-WC01-N1-HKG', u'NV-WC01-N6-SIN', u'NV-WC02-N1-HKG', u'NV-WC02-N6-SIN'], u'bandwidth': 10, u'parentOrg': u'Colt', u'vrfs': [{u'name': u'LAN1-VRF', u'enableVPN': True, u'id': 1020}, {u'name': u'LAN2-VRF', u'enableVPN': True, u'id': 1021}, {u'name': u'LAN3-VRF', u'enableVPN': True, u'id': 1022}, {u'name': u'LAN4-VRF', u'enableVPN': True, u'id': 1023}, {u'name': u'LAN5-VRF', u'enableVPN': True, u'id': 1024}, {u'name': u'LAN6-VRF', u'enableVPN': True, u'id': 1025}, {u'name': u'LAN7-VRF', u'enableVPN': True, u'id': 1026}, {u'name': u'LAN8-VRF', u'enableVPN': True, u'id': 1027}, {u'name': u'LAN9-VRF', u'enableVPN': True, u'id': 1028}, {u'name': u'LAN10-VRF', u'enableVPN': True, u'id': 1029}], u'solutionTier': u'base-sdwan', u'sharedControlPlane': False}}
2019-08-21 14:08:21,522 - CPE26-HKG-DUALMPLSONLY-PRIMAUTO - INFO - 
STEP : POST STAGING TEMPLATE CREATION AND DEPLOYMENT

2019-08-21 14:08:21,575 - CPE26-HKG-DUALMPLSONLY-PRIMAUTO - INFO - {
  "versanms.sdwan-template-workflow": {
    "templateName": "IPC00190-HKG-PS-MOP",
    "templateType": "sdwan-post-staging",
    "deviceType": "full-mesh",
    "controllers": ["NV-WC01-N1-HKG", "NV-WC02-N1-HKG"],
    "providerOrg": {
      "name": "IPC00190",
      "statefulFW": false,
      "nextGenFW": false
    },
    "analyticsCluster": "LogCollectors-GGN",
    "deviceFirmfactor": 6,
    "wanInterfaces": [
      {
        "interfaceName": "vni-0/1",
        "pppoe": false,
        "unitInfo": [
          {
            "subUnit": 0,
            "vlanId": 0,
            "networkName": "MPLS-WAN1",
            "ipv4Dhcp": false,
            "ipv4Static": true,
            "ipv6Static": false,
            "ipv6Dhcp": false,
            "ipv6rs": false,
            "DIA": false,
            "transportDomains": ["MPLS-TD"],
            "allowSSH": false,
            "monitor": {
              "monitorNexthop": false
            }
          }
        ]
      }
    ],
	"lanInterfaces": [{
		"interfaceName": "vni-0/4",
		"unitInfo": [
		{
			"subUnit": "{$v_vni-0-4_LAN1_Unit-0__unit}",
			"vlanId": "{$v_vni-0-4_LAN1_Unit-0__vlanId}",
			"networkName": "LAN1",
			"subOrganization": "IPC00190",
			"ipv4Static": true,
			"ipv4Dhcp": false,
			"ip6Static": false,
			"ipv6Dhcp": false,
			"vrfName": "LAN1-VRF",
			"zoneName": ""
		}
		
	]
	}],
    "solutionTier": "advanced-sdwan",
    "bandwidth": 1000,
    "isAnalyticsEnabled": true,
    "isPrimary": true,
    "diaConfig": {
      "dia": false,
      "loadBalance": false
    },
    "minimumImageVersion": "16.1R2-S9",
    "redundantWanInterfaces": [
      {
        "interfaceName": "vni-0/1",
        "pppoe": false,
        "unitInfo": [
          {
            "subUnit": 0,
            "vlanId": 0,
            "networkName": "MPLS-WAN2",
            "ipv4Dhcp": false,
            "ipv4Static": true,
            "ipv6Static": false,
            "ipv6Dhcp": false,
            "ipv6rs": false,
            "DIA": false,
            "transportDomains": [
              "MPLS-TD"
            ],
            "allowSSH": false,
            "monitor": {
              "monitorNexthop": false
            }
          }
        ]
      }
    ],
    "crossConnectport": "vni-0/3",
    "redundantPair": {
      "cloudCPE": false,
      "enable": true,
      "templateName": "IPC00190-HKG-PS-MOS",
      "vrrp": true
    },
    "snmp": {
      "snmpV1": false,
      "snmpV2": false,
      "snmpV3": false
    }
  }
}
2019-08-21 14:08:22,338 - CPE26-HKG-DUALMPLSONLY-PRIMAUTO - INFO - <Response [200]>
2019-08-21 14:08:22,338 - CPE26-HKG-DUALMPLSONLY-PRIMAUTO - INFO - 
PASS
2019-08-21 14:08:22,338 - CPE26-HKG-DUALMPLSONLY-PRIMAUTO - INFO - 
 >>>>>>>>>> POST STAGING TEMPLATE CREATION PASSED. <<<<<<<<<<<

