2020-02-27 15:59:48,242 - VD1 - DEBUG - <netmiko.versa.versa_ssh.VersaSSH object at 0x000000000E05AF60>
2020-02-27 15:59:53,444 - VD1 - DEBUG - versa: Automated@VDir-BLR-NEW-01>
2020-02-27 15:59:58,138 - CPE11-HKG-HYBRD-IPC00190 - DEBUG - <netmiko.versa.versa_ssh.VersaSSH object at 0x000000000E15C048>
2020-02-27 16:00:03,339 - CPE11-HKG-HYBRD-IPC00190 - DEBUG - versa: Automated@VDir-BLR-NEW-01>
2020-02-27 16:00:27,286 - CPE12-HKG-HYBRD-IPC00190 - DEBUG - <netmiko.versa.versa_ssh.VersaSSH object at 0x000000000E15CF28>
2020-02-27 16:00:32,489 - CPE12-HKG-HYBRD-IPC00190 - DEBUG - versa: Automated@VDir-BLR-NEW-01>
2020-02-27 16:01:45,776 - CPE11-HKG-HYBRD-IPC00190 - INFO - 
CREATE SLA profile

2020-02-27 16:01:47,940 - CPE11-HKG-HYBRD-IPC00190 - DEBUG - <Response [201]>
2020-02-27 16:01:47,947 - CPE11-HKG-HYBRD-IPC00190 - INFO - 
PASS
2020-02-27 16:01:47,947 - CPE11-HKG-HYBRD-IPC00190 - INFO - >>>>>>>>>> CREATE SLA Profile PASSED. <<<<<<<<<<<
2020-02-27 16:01:47,950 - CPE11-HKG-HYBRD-IPC00190 - INFO - 
CREATE FWD PROFILE

2020-02-27 16:01:49,983 - CPE11-HKG-HYBRD-IPC00190 - DEBUG - <Response [201]>
2020-02-27 16:01:49,983 - CPE11-HKG-HYBRD-IPC00190 - INFO - 
PASS
2020-02-27 16:01:49,984 - CPE11-HKG-HYBRD-IPC00190 - INFO - >>>>>>>>>> FORWARDING PROFILE CREATION PASSED. <<<<<<<<<<<
2020-02-27 16:01:49,986 - CPE11-HKG-HYBRD-IPC00190 - INFO - 
CREATE IPaddress Object

2020-02-27 16:01:51,828 - CPE11-HKG-HYBRD-IPC00190 - DEBUG - <Response [201]>
2020-02-27 16:01:51,828 - CPE11-HKG-HYBRD-IPC00190 - INFO - 
PASS
2020-02-27 16:01:51,828 - CPE11-HKG-HYBRD-IPC00190 - INFO - >>>>>>>>>> ADDRESS OBJECT CREATION PASSED. <<<<<<<<<<<
2020-02-27 16:01:51,834 - CPE11-HKG-HYBRD-IPC00190 - INFO - 
CREATE IPaddress Object

2020-02-27 16:01:54,476 - CPE11-HKG-HYBRD-IPC00190 - DEBUG - <Response [201]>
2020-02-27 16:01:54,476 - CPE11-HKG-HYBRD-IPC00190 - INFO - 
PASS
2020-02-27 16:01:54,476 - CPE11-HKG-HYBRD-IPC00190 - INFO - >>>>>>>>>> ADDRESS OBJECT CREATION PASSED. <<<<<<<<<<<
2020-02-27 16:01:54,483 - CPE11-HKG-HYBRD-IPC00190 - INFO - 
CREATE Policy rule

2020-02-27 16:01:58,663 - CPE11-HKG-HYBRD-IPC00190 - DEBUG - <Response [201]>
2020-02-27 16:01:58,664 - CPE11-HKG-HYBRD-IPC00190 - INFO - 
PASS
2020-02-27 16:01:58,664 - CPE11-HKG-HYBRD-IPC00190 - INFO - >>>>>>>>>> CREATE POLICY RULE PASSED. <<<<<<<<<<<
2020-02-27 16:04:44,450 - CPE11-HKG-HYBRD-IPC00190 - INFO - 
DELETE IPaddress Object

2020-02-27 16:04:47,647 - CPE11-HKG-HYBRD-IPC00190 - INFO - 
PASS
2020-02-27 16:04:47,648 - CPE11-HKG-HYBRD-IPC00190 - INFO - >>>>>>>>>> Policy rule DELETION PASSED. <<<<<<<<<<<
2020-02-27 16:04:47,657 - CPE11-HKG-HYBRD-IPC00190 - INFO - 
CREATE Policy rule

2020-02-27 16:04:49,992 - CPE11-HKG-HYBRD-IPC00190 - DEBUG - <Response [201]>
2020-02-27 16:04:49,992 - CPE11-HKG-HYBRD-IPC00190 - INFO - 
PASS
2020-02-27 16:04:49,992 - CPE11-HKG-HYBRD-IPC00190 - INFO - >>>>>>>>>> CREATE POLICY RULE PASSED. <<<<<<<<<<<
2020-02-27 16:07:37,828 - CPE11-HKG-HYBRD-IPC00190 - INFO - 
DELETE IPaddress Object

2020-02-27 16:07:41,348 - CPE11-HKG-HYBRD-IPC00190 - INFO - 
PASS
2020-02-27 16:07:41,348 - CPE11-HKG-HYBRD-IPC00190 - INFO - >>>>>>>>>> Policy rule DELETION PASSED. <<<<<<<<<<<
2020-02-27 16:07:41,355 - CPE11-HKG-HYBRD-IPC00190 - INFO - 
DELETE IPaddress Object

2020-02-27 16:07:44,058 - CPE11-HKG-HYBRD-IPC00190 - INFO - 
PASS
2020-02-27 16:07:44,059 - CPE11-HKG-HYBRD-IPC00190 - INFO - >>>>>>>>>> ADDRESS OBJECT DELETION PASSED. <<<<<<<<<<<
2020-02-27 16:07:44,059 - CPE11-HKG-HYBRD-IPC00190 - INFO - 
DELETE IPaddress Object

2020-02-27 16:07:46,621 - CPE11-HKG-HYBRD-IPC00190 - INFO - 
PASS
2020-02-27 16:07:46,621 - CPE11-HKG-HYBRD-IPC00190 - INFO - >>>>>>>>>> ADDRESS OBJECT DELETION PASSED. <<<<<<<<<<<
2020-02-27 16:07:46,621 - CPE11-HKG-HYBRD-IPC00190 - INFO - 
DELETE FWD PROFILE

2020-02-27 16:07:48,967 - CPE11-HKG-HYBRD-IPC00190 - INFO - 
PASS
2020-02-27 16:07:48,967 - CPE11-HKG-HYBRD-IPC00190 - INFO - >>>>>>>>>> FORWARDING PROFILE DELETION PASSED. <<<<<<<<<<<
2020-02-27 16:07:48,969 - CPE11-HKG-HYBRD-IPC00190 - INFO - 
DELETE SLA profile

2020-02-27 16:07:52,012 - CPE11-HKG-HYBRD-IPC00190 - INFO - 
PASS
2020-02-27 16:07:52,013 - CPE11-HKG-HYBRD-IPC00190 - INFO - >>>>>>>>>> DELETE SLA Profile PASSED. <<<<<<<<<<<
